proble size: m = 5 , n = 5 , seed = 6 
Benders' cuts separated to cut off: Integer and fractional infeasible solutions.
seed = 6
Version identifier: 20.1.0.0 | 2020-11-10 | 9bedb6d68
CPXPARAM_Threads                                 1
CPXPARAM_RandomSeed                              6
CPXPARAM_MIP_Strategy_CallbackReducedLP          0
CPXPARAM_MIP_Strategy_Search                     1
CPXPARAM_TimeLimit                               3600
CPXPARAM_MIP_Tolerances_AbsMIPGap                0
CPXPARAM_MIP_Tolerances_MIPGap                   0
Legacy callback                                  LU
Tried aggregator 1 time.
Reduced MIP has 30 rows, 930 columns, and 900 nonzeros.
Reduced MIP has 900 binaries, 0 generals, 0 SOSs, and 0 indicators.
Presolve time = 0.05 sec. (0.36 ticks)
Probing time = 0.00 sec. (1.06 ticks)
Clique table members: 30.
MIP emphasis: balance optimality and feasibility.
MIP search method: traditional branch-and-cut.
Parallel mode: none, using 1 thread.
Root relaxation solution time = 0.03 sec. (0.19 ticks)

        Nodes                                         Cuts/
   Node  Left     Objective  IInf  Best Integer    Best Bound    ItCnt     Gap         Variable B NodeID Parent  Depth

      0     0        0.0000    27                      0.0000        0         
*     0+    0                          903.9305        0.0000           100.00%
*     0+    0                          639.0580        0.0000           100.00%
      0     0      119.7418    40      639.0580     Fract: 18       83   81.26%
*     0+    0                          574.4938      119.7418            79.16%
*     0+    0                          468.0451      119.7418            74.42%
      0     0      194.8203    47      468.0451      Fract: 9      122   58.38%
*     0+    0                          420.9226      194.8203            53.72%
      0     0      224.5483    46      420.9226 UserPurge2: 16      167   46.65%
*     0+    0                          315.5966      224.5483            28.85%
      0     0      233.1552    49      315.5966 UserPurge2: 5      178   26.12%
*     0+    0                          248.5814      233.1552             6.21%
      0     0      233.5475    48      248.5814 UserPurge2: 1      181    6.05%
      0     2      233.5475    48      248.5814      233.8560      181    5.92%                        0             0
Elapsed time = 0.26 sec. (44.20 ticks, tree = 0.01 MB, solutions = 7)
     37    33      247.1177    26      248.5814      239.4773     2636    3.66%         x.13.18 N     37     36     26
     70    54      243.0180    49      248.5814      239.5999     4745    3.61%          x.5.19 N     70     69     10
    108    87      247.5175    37      248.5814      239.8266     6981    3.52%         x.24.19 N    108    107     21
    147   113      242.8317    44      248.5814      240.1987     9100    3.37%          x.5.25 N    147    145      6
    190   149      248.1106    41      248.5814      240.3345    11948    3.32%         x.19.20 N    190    188     23
    234   183      246.4252    41      248.5814      240.4107    14459    3.29%          x.6.19 N    234    233     13
    288   228      247.0627    38      248.5814      240.4838    17383    3.26%         x.27.22 N    288    287     18
    340   264      244.7059    46      248.5814      240.7697    19970    3.14%         x.25.21 D    340    339     14
    396   311      247.0192    35      248.5814      240.8811    22132    3.10%          x.14.0 N    396    395     45
*   440+  340                          248.3879      240.9798             2.98%
    560   434      244.3682    40      248.3879      241.3676    29482    2.83%         x.28.28 U    560    559     12
Elapsed time = 2.62 sec. (3237.37 ticks, tree = 5.22 MB, solutions = 8)
    725   554      247.6407    29      248.3879      241.5390    37701    2.76%          x.7.28 N    725    724     16
    939   711      246.7137    46      248.3879      241.9253    46482    2.60%         x.23.28 D    939    938     18
   1118   838      244.5403    42      248.3879      242.1875    55748    2.50%          x.6.19 D   1118   1117     15
   1306   976      246.0174    37      248.3879      242.3593    64139    2.43%         x.26.28 D   1306   1305     22
   1529  1146      244.9795    43      248.3879      242.5454    72591    2.35%          x.1.19 N   1529    246      9
   1756  1310      244.4209    48      248.3879      242.6393    81343    2.31%          x.8.10 N   1756   1169      7
   1974  1476      247.9206    40      248.3879      242.7723    89929    2.26%         x.13.18 N   1974   1973     22
   2159  1587      245.9284    44      248.3879      242.9136    98902    2.20%          x.6.19 D   2159   2158     12
   2369  1745      244.5532    42      248.3879      243.0041   107765    2.17%         x.28.28 U   2369   2368     13
   2574  1880      245.7984    44      248.3879      243.1160   116665    2.12%         x.28.28 N   2574   2573     13
Elapsed time = 9.23 sec. (12802.83 ticks, tree = 31.13 MB, solutions = 8)
   2768  1998        cutoff            248.3879      243.2727   125583    2.06%           x.7.0 U   2768   2766     29
   2954  2120      247.7527    43      248.3879      243.3443   134317    2.03%          x.2.17 N   2954   2953     27
   3166  2266      247.1902    41      248.3879      243.4381   142575    1.99%         x.27.19 N   3166   3165     17
   3356  2383      247.4188    45      248.3879      243.4968   151204    1.97%         x.14.10 N   3356   3355     18
   3561  2508      245.2714    43      248.3879      243.5793   159577    1.94%         x.14.10 N   3561    442      8
   3766  2649        cutoff            248.3879      243.6194   167598    1.92%         x.27.19 U   3766   3765     18
   3963  2780      246.3528    40      248.3879      243.7117   175896    1.88%          x.7.28 N   3963   3962     23
   4179  2918      244.7651    44      248.3879      243.7866   183860    1.85%         x.21.10 D   4179   4178     12
*  4210+ 2887                          248.2220      243.8056             1.78%
   4340  2958      245.1129    39      248.2220      243.8478   190413    1.76%         x.28.28 U   4340   4339     13
   4518  3075      247.1505    43      248.2220      243.8902   197859    1.75%           x.8.6 N   4518   4516     12
Elapsed time = 15.73 sec. (22374.25 ticks, tree = 56.17 MB, solutions = 9)
   4700  3160      244.8959    38      248.2220      243.9630   205405    1.72%         x.28.29 D   4700   4699     14
   4892  3278      245.2840    40      248.2220      244.0105   212153    1.70%         x.19.17 U   4892   4891     18
   5067  3370      247.8923    30      248.2220      244.0603   219880    1.68%         x.18.14 N   5067   5066     21
   5260  3473      245.0087    34      248.2220      244.1000   227542    1.66%         x.23.28 N   5260   3111     14
   5483  3619      245.1917    44      248.2220      244.1204   235203    1.65%         x.28.29 D   5483   5482     13
   5720  3764      246.1277    37      248.2220      244.1732   242139    1.63%         x.26.25 U   5720    676      7
   5956  3905      247.4143    23      248.2220      244.2362   249719    1.61%          x.6.24 N   5956   5955     32
   6198  4043      247.5436    33      248.2220      244.2932   257642    1.58%          x.7.17 N   6198   6197     19
   6455  4192      244.6447    45      248.2220      244.3334   265360    1.57%         x.28.16 D   6455   6454     17
   6709  4347      246.6889    38      248.2220      244.3691   273397    1.55%         x.19.17 D   6709   6708     19
Elapsed time = 22.06 sec. (31945.29 ticks, tree = 84.63 MB, solutions = 9)
   6949  4493      247.0367    38      248.2220      244.4096   281162    1.54%         x.28.29 N   6949   6948     17
   7153  4615      246.9243    47      248.2220      244.4392   289040    1.52%          x.4.19 D   7153   7152     16
   7353  4727      247.9247    47      248.2220      244.4707   296756    1.51%         x.21.10 N   7353   7352     20
   7584  4865      245.8465    36      248.2220      244.5000   304363    1.50%         x.19.17 N   7584   7583      8
   7819  5007      248.1845    45      248.2220      244.5335   311687    1.49%          x.7.28 N   7819   7818     14
   8034  5112      247.3972    43      248.2220      244.5673   319208    1.47%         x.25.19 N   8034   1081     14
   8250  5223        cutoff            248.2220      244.6041   326724    1.46%          x.9.27 U   8250   8248     30
   8438  5325      247.3359    44      248.2220      244.6329   333950    1.45%         x.28.28 N   8438   8437     18
   8677  5477      247.4556    37      248.2220      244.6703   341367    1.43%          x.3.28 N   8677   8676     24
   8885  5581      247.8957    29      248.2220      244.6959   348696    1.42%         x.18.14 N   8885   8884     22
Elapsed time = 28.36 sec. (41516.30 ticks, tree = 112.85 MB, solutions = 9)
   9096  5685      245.5679    38      248.2220      244.7251   356085    1.41%         x.19.17 N   9096   9095     15
   9348  5844      245.0897    40      248.2220      244.7588   362926    1.40%         x.21.10 N   9348    481      9
   9570  5955      246.5048    33      248.2220      244.7874   370227    1.38%         x.26.25 N   9570   2977     13
   9768  6056      245.5762    37      248.2220      244.8052   377143    1.38%          x.7.28 N   9768   9767     19
   9991  6159      247.0420    39      248.2220      244.8358   384500    1.36%          x.8.22 N   9991   9990     21
  10186  6247      247.8164    46      248.2220      244.8616   391808    1.35%          x.4.28 N  10186  10185     17
  10400  6338      245.5227    43      248.2220      244.8975   399074    1.34%         x.26.25 N  10400  10399     12
  10612  6418      247.9095    31      248.2220      244.9251   406496    1.33%          x.18.2 N  10612  10611     44
  10828  6523      245.6234    35      248.2220      244.9523   413317    1.32%          x.7.28 N  10828  10827     23
  11045  6624      245.7590    47      248.2220      244.9816   420356    1.31%         x.28.28 N  11045  11044     15
Elapsed time = 34.66 sec. (51107.30 ticks, tree = 137.71 MB, solutions = 9)
  11242  6707      247.8409    32      248.2220      244.9990   427437    1.30%         x.25.10 N  11242  11241     17
  11429  6779      247.9768    36      248.2220      245.0248   434936    1.29%         x.25.21 N  11429  11428     20
  11636  6875      246.9591    37      248.2220      245.0445   441823    1.28%         x.12.23 D  11636  11635     23
  11863  6960      247.6841    32      248.2220      245.0662   449209    1.27%           x.7.0 N  11863  11862     21
  12080  7050        cutoff            248.2220      245.0955   456373    1.26%         x.15.16 D  12080  12078     35
  12288  7147      245.1196    39      248.2220      245.1167   463435    1.25%         x.25.10 N  12288   2526     15
  12479  7233      246.9391    47      248.2220      245.1323   470718    1.24%          x.28.1 N  12479  12477     17
  12692  7303      246.6128    34      248.2220      245.1507   477924    1.24%          x.7.28 N  12692  12691     14
  12928  7387      246.3470    31      248.2220      245.1740   485329    1.23%          x.13.2 N  12928   1646     28
  13137  7464      245.8326    45      248.2220      245.1915   492243    1.22%          x.4.28 N  13137  13136     14
Elapsed time = 41.01 sec. (60671.53 ticks, tree = 158.67 MB, solutions = 9)
  13348  7562      246.3643    39      248.2220      245.2133   499465    1.21%         x.17.28 N  13348  13347     20
  13545  7638        cutoff            248.2220      245.2311   506479    1.20%         x.28.29 D  13545  13544     11
  13741  7705      246.6839    42      248.2220      245.2532   513410    1.20%          x.28.0 N  13741   5876     10
  13972  7774      247.4733    31      248.2220      245.2792   520226    1.19%          x.28.0 N  13972  13971     10
  14180  7852      247.1743    39      248.2220      245.2998   526597    1.18%         x.28.16 N  14180  14179     14
  14410  7947      246.8397    42      248.2220      245.3219   533005    1.17%          x.7.28 N  14410  14409     14
  14622  8008        cutoff            248.2220      245.3419   539753    1.16%          x.4.28 D  14622  14621     30
  14838  8074      246.3945    33      248.2220      245.3652   546639    1.15%          x.4.28 N  14838  14837     19
  15049  8147      247.1858    33      248.2220      245.3830   553089    1.14%         x.12.11 N  15049  15048     24
  15258  8216      245.9135    38      248.2220      245.4039   559486    1.14%         x.28.28 N  15258  15257     24
Elapsed time = 47.26 sec. (70229.04 ticks, tree = 178.69 MB, solutions = 9)
  15478  8309      246.8537    38      248.2220      245.4262   566226    1.13%          x.7.17 N  15478   3726     17
  15681  8365        cutoff            248.2220      245.4447   572678    1.12%          x.8.22 D  15681  15679     22
  15886  8413      248.0011    43      248.2220      245.4688   579469    1.11%         x.23.28 N  15886  15884     11
  16111  8486        cutoff            248.2220      245.4921   585999    1.10%         x.22.22 D  16111  16109     23
  16329  8565      247.2709    33      248.2220      245.5134   592574    1.09%          x.7.17 N  16329  16328     31
  16541  8622      247.9420    39      248.2220      245.5327   599345    1.08%         x.28.28 N  16541  16539     16
  16755  8709      246.1324    29      248.2220      245.5432   605633    1.08%         x.28.28 N  16755  16754     12
  16965  8760      246.6199    34      248.2220      245.5664   612096    1.07%          x.28.0 N  16965   7415     14
  17180  8811      246.1906    49      248.2220      245.5851   618489    1.06%         x.19.17 N  17180   5666     15
  17396  8877      247.5630    42      248.2220      245.6026   625031    1.06%         x.28.28 N  17396  17395     20
Elapsed time = 53.47 sec. (79794.87 ticks, tree = 196.67 MB, solutions = 9)
  17591  8907      248.1756    33      248.2220      245.6241   631897    1.05%         x.17.25 N  17591   4531     17
  17802  8971        cutoff            248.2220      245.6376   638069    1.04%         x.28.28 D  17802  17801     21
  18000  9003      246.5555    37      248.2220      245.6537   644457    1.03%           x.8.6 N  18000  17999     19
  18204  9033      247.7397    34      248.2220      245.6688   651268    1.03%           x.8.6 N  18204  18203     17
  18409  9085      247.7660    39      248.2220      245.6870   657822    1.02%           x.8.6 N  18409  18408     34
  18605  9121      246.3670    37      248.2220      245.7020   664323    1.02%          x.3.28 N  18605  18604     19
  18798  9169      247.6806    39      248.2220      245.7129   670569    1.01%         x.25.10 N  18798   9011     10
* 18870+ 8700                          248.0285      245.7196             0.93%
  18990  8715      246.3444    35      248.0285      245.7313   676328    0.93%         x.28.28 N  18990  18718     26
  19187  8724      247.2513    36      248.0285      245.7508   681894    0.92%         x.23.28 N  19187  19186     16
  19968  8773      247.9359    33      248.0285      245.8200   705710    0.89%         x.19.17 N  19968  12194     25
Elapsed time = 61.58 sec. (92281.21 ticks, tree = 197.72 MB, solutions = 10)
  20772  8830      246.4240    43      248.0285      245.8987   730077    0.86%          x.8.22 N  20772  20770     16
  21600  8924      247.4172    35      248.0285      245.9538   754727    0.84%           x.8.6 N  21600  21599     19
  22456  8882        cutoff            248.0285      246.0375   778978    0.80%          x.9.27 U  22456  22454     21
  23303  8832      246.4710    37      248.0285      246.1098   802835    0.77%         x.28.29 N  23303   3999     22
  24142  8772      246.6868    47      248.0285      246.1790   827099    0.75%         x.19.17 N  24142   4418     17
  25027  8722      246.6290    32      248.0285      246.2481   851266    0.72%         x.28.29 N  25027  16608     13
  25895  8657        cutoff            248.0285      246.3129   874905    0.69%          x.28.1 U  25895  13460     22
  26782  8566      246.5178    45      248.0285      246.3843   898371    0.66%         x.28.27 N  26782   6417     17
  27677  8399      247.8416    40      248.0285      246.4564   921446    0.63%         x.28.29 D  27677  27676     12
  28609  8215        cutoff            248.0285      246.5237   944158    0.61%         x.14.10 U  28609  24840     15
Elapsed time = 85.85 sec. (130466.02 ticks, tree = 193.00 MB, solutions = 10)
  29540  7991      247.8765    39      248.0285      246.5872   966627    0.58%         x.18.14 N  29540  29539     23
  30503  7745      247.8808    41      248.0285      246.6575   989324    0.55%          x.7.17 N  30503   5200     22
  31456  7464        cutoff            248.0285      246.7347  1011222    0.52%          x.7.17 U  31456  31455     27
  32389  7116        cutoff            248.0285      246.8100  1032958    0.49%         x.19.10 U  32389  32388     18
  33432  6710        cutoff            248.0285      246.8955  1055059    0.46%         x.21.10 D  33432  33431     19
  34523  6286      247.6847    34      248.0285      246.9804  1076783    0.42%         x.28.28 N  34523   7674     30
  35636  5742      247.8783    43      248.0285      247.0838  1097293    0.38%          x.7.10 N  35636  35634     15
  36777  5098        cutoff            248.0285      247.1994  1117824    0.33%          x.8.22 U  36777  29795     20
  37954  4367        cutoff            248.0285      247.3224  1136516    0.28%         x.19.10 D  37954  37952     15
  39170  3519        cutoff            248.0285      247.4432  1154179    0.24%         x.28.28 U  39170  15557     21
Elapsed time = 110.58 sec. (168634.04 ticks, tree = 85.25 MB, solutions = 10)
  40493  2488        cutoff            248.0285      247.6019  1169305    0.17%          x.8.22 U  40493  19771     25
  41936  1273        cutoff            248.0285      247.7870  1180955    0.10%           x.7.0 U  41936  14706     19

Gomory fractional cuts applied:  14
User cuts applied:  3469

Root node processing (before b&c):
  Real time             =    0.26 sec. (44.61 ticks)
Sequential b&c:
  Real time             =  117.22 sec. (179432.50 ticks)
                          ------------
Total (root+branch&cut) =  117.48 sec. (179477.10 ticks)

Solution status: 101
Objective value:  2.4802848158e+02
Solution status is CPX_STAT_OPTIMAL
Node: 43258
