proble size: m = 5 , n = 5 , seed = 7 
Benders' cuts separated to cut off: Only integer infeasible solutions.
seed = 7
Version identifier: 20.1.0.0 | 2020-11-10 | 9bedb6d68
CPXPARAM_Threads                                 1
CPXPARAM_RandomSeed                              7
CPXPARAM_MIP_Strategy_CallbackReducedLP          0
CPXPARAM_MIP_Strategy_Search                     1
CPXPARAM_TimeLimit                               3600
CPXPARAM_MIP_Tolerances_AbsMIPGap                0
CPXPARAM_MIP_Tolerances_MIPGap                   0
Legacy callback                                  L
Tried aggregator 1 time.
Reduced MIP has 30 rows, 930 columns, and 900 nonzeros.
Reduced MIP has 900 binaries, 0 generals, 0 SOSs, and 0 indicators.
Presolve time = 0.00 sec. (0.36 ticks)
Probing time = 0.00 sec. (1.06 ticks)
Clique table members: 30.
MIP emphasis: balance optimality and feasibility.
MIP search method: traditional branch-and-cut.
Parallel mode: none, using 1 thread.
Root relaxation solution time = 0.00 sec. (0.19 ticks)

        Nodes                                         Cuts/
   Node  Left     Objective  IInf  Best Integer    Best Bound    ItCnt     Gap         Variable B NodeID Parent  Depth

      0     0        0.0000    27                      0.0000        0         
*     0+    0                          903.9305        0.0000           100.00%
*     0+    0                          639.0580        0.0000           100.00%
      0     0      125.4524    39      639.0580     Fract: 19       77   80.37%
*     0+    0                          580.0627      125.4524            78.37%
*     0+    0                          528.4668      125.4524            76.26%
      0     0      198.5966    46      528.4668     Fract: 12      127   62.42%
*     0+    0                          369.0193      198.5966            46.18%
*     0+    0                          349.8184      198.5966            43.23%
*     0+    0                          255.8235      198.5966            22.37%
      0     2      227.8547    49      255.8235      227.8951      127   10.92%                        0             0
Elapsed time = 0.04 sec. (33.90 ticks, tree = 0.01 MB, solutions = 7)
*   100+   89                          254.3993      228.7232            10.09%
    410   369      237.1200    44      254.3993      229.7783     2322    9.68%           x.0.1 D    410    409     21
   1184  1054      239.1296    44      254.3993      230.1472     6080    9.53%          x.23.2 D   1184   1182     17
   2063  1832      251.0860    24      254.3993      230.5367    10144    9.38%          x.8.14 D   2063   2062     70
   3069  2724      241.0094    36      254.3993      230.8559    14571    9.25%           x.3.1 D   3069   3068     33
   4081  3623      254.2362    36      254.3993      231.0728    18995    9.17%          x.7.10 U   4081   4079     29
   5060  4504      248.2622    42      254.3993      231.2208    23260    9.11%          x.22.1 D   5060   5059     56
   6053  5403      234.5549    34      254.3993      231.3243    27675    9.07%           x.2.3 D   6053   6052     20
   7062  6326      239.4305    35      254.3993      231.4314    31655    9.03%           x.4.4 U   7062   7061     31
   8011  7179      251.1700    29      254.3993      231.5544    35969    8.98%         x.24.29 D   8011   8010     74
*  8400+ 6030                          250.5694      231.5755             7.58%
*  9210+ 5871                          248.5775      231.6998             6.79%
  11200  7581      241.7501    37      248.5775      231.9096    50129    6.71%          x.17.1 D  11200  11199     41
Elapsed time = 3.15 sec. (3137.44 ticks, tree = 14.11 MB, solutions = 10)
  15094 10831      241.8683    37      248.5775      232.3117    67813    6.54%          x.8.22 D  15094  15093     40
  19259 14274      233.6036    38      248.5775      232.6968    86737    6.39%         x.26.20 U  19259   6358     13
  23364 17675      245.5816    34      248.5775      233.0477   104918    6.25%           x.3.1 D  23364  23363     49
  27400 21049      239.8896    34      248.5775      233.3349   123810    6.13%           x.0.3 D  27400  27399     16
  31378 24314      234.5011    38      248.5775      233.5737   141979    6.04%          x.23.7 N  31378   7953     17
  35347 27527      237.2846    37      248.5775      233.7848   160400    5.95%          x.13.7 D  35347  35346     26
  39299 30733      237.7812    41      248.5775      233.9660   178638    5.88%          x.20.3 D  39299  39298     22
  43246 33855      236.1755    42      248.5775      234.1360   197079    5.81%         x.19.19 U  43246   1103     21
  47230 37073      243.6214    34      248.5775      234.2749   215147    5.75%          x.8.20 D  47230  47229     48
  51117 40090      235.6069    37      248.5775      234.4080   233083    5.70%          x.11.3 D  51117  51116     14
Elapsed time = 13.40 sec. (12676.35 ticks, tree = 77.41 MB, solutions = 10)
  54994 43182      238.9924    40      248.5775      234.5420   251205    5.65%          x.26.3 D  54994  54993     24
  58930 46206      240.9179    42      248.5775      234.6468   269613    5.60%          x.8.24 D  58930  58929     39
  62804 49115      235.4458    41      248.5775      234.7676   287909    5.56%          x.23.7 U  62804  32726     14
  66750 52133      245.1942    37      248.5775      234.8935   306842    5.50%         x.28.19 D  66750  66749     45
  70710 55198      242.9079    43      248.5775      235.0094   324860    5.46%         x.15.28 D  70710  70709     37
  74680 58208      244.2479    41      248.5775      235.1143   343302    5.42%          x.6.28 D  74680  74679     34
  78689 61294      242.9105    41      248.5775      235.2135   361368    5.38%          x.20.1 D  78689  78688     42
  82610 64272      240.5417    32      248.5775      235.3236   379420    5.33%           x.8.3 D  82610  82609     36
  86561 67239      244.7687    46      248.5775      235.4241   397553    5.29%          x.13.7 D  86561  86560     41
  90477 70096      237.8961    38      248.5775      235.5158   415579    5.25%           x.1.3 U  90477   8551     21
Elapsed time = 23.85 sec. (22215.66 ticks, tree = 136.46 MB, solutions = 10)
  94430 72933      245.2899    43      248.5775      235.5952   433917    5.22%           x.4.3 U  94430  13158     23
  98414 75868      238.7246    42      248.5775      235.6829   451792    5.19%           x.6.3 D  98414  98413     24
 102389 78772      241.9681    42      248.5775      235.7637   469863    5.15%          x.7.28 D 102389 102388     27
 106346 81566      242.1866    42      248.5775      235.8467   488168    5.12%           x.4.3 D 106346 106345     37
 110302 84393      241.9787    35      248.5775      235.9196   506648    5.09%          x.6.28 D 110302 110301     29
 114241 87245      242.2379    35      248.5775      235.9870   525010    5.07%          x.8.10 D 114241 114240     27
 118177 90016      245.1714    45      248.5775      236.0621   543467    5.03%           x.8.3 D 118177 118176     29
 122087 92753      243.2201    33      248.5775      236.1425   561572    5.00%          x.13.7 D 122087 122086     39
 126022 95493      237.1151    43      248.5775      236.2147   579651    4.97%          x.15.7 N 126022 126021     15
 130025 98367      247.1040    45      248.5775      236.2765   597432    4.95%           x.1.3 U 130025  25691     15
Elapsed time = 34.34 sec. (31754.61 ticks, tree = 189.44 MB, solutions = 10)
 133900 101121      244.8814    39      248.5775      236.3426   615778    4.92%          x.18.3 D 133900 133899     24
 137832 103796      242.1673    31      248.5775      236.4123   634071    4.89%          x.8.12 D 137832 137831     41
 141786 106457      241.8267    40      248.5775      236.4789   652530    4.87%           x.8.3 D 141786 141785     30
 145760 109068      245.3319    33      248.5775      236.5389   670441    4.84%          x.12.1 D 145760 145759     54
 149750 111508      241.5941    44      248.5775      236.6044   688714    4.82%         x.26.28 D 149750 149749     24
 153749 114127      241.7269    40      248.5775      236.6641   706797    4.79%          x.7.28 D 153749 153748     31
 157690 116617      240.3366    37      248.5775      236.7240   725037    4.77%           x.4.3 D 157690 157689     29
 161670 119162      247.4290    34      248.5775      236.7878   743270    4.74%         x.21.10 D 161670 161669     56
 165607 121501      247.4436    33      248.5775      236.8502   761630    4.72%           x.4.3 U 165607  62865     24
 169590 124017      244.7412    38      248.5775      236.9094   779755    4.69%          x.12.3 D 169590 169589     34
Elapsed time = 44.83 sec. (41293.94 ticks, tree = 237.51 MB, solutions = 10)
 173532 126478      244.1880    37      248.5775      236.9587   797589    4.67%          x.8.28 D 173532 173531     28
 177424 128766      239.7520    45      248.5775      237.0259   816180    4.65%         x.13.28 D 177424 177423     40
 181366 131235      246.6245    38      248.5775      237.0808   834383    4.62%           x.9.7 D 181366 181365     56
 185328 133590      247.7669    41      248.5775      237.1412   852708    4.60%           x.1.3 N 185328 110742     17
 189337 136104      240.3833    35      248.5775      237.1976   870813    4.58%          x.28.0 D 189337 189336     55
 193254 138407      244.8641    42      248.5775      237.2505   889083    4.56%          x.26.3 D 193254 193253     23
 197210 140708      244.5807    31      248.5775      237.3045   907539    4.54%          x.10.1 D 197210 197209     51
 201180 142997      241.3231    45      248.5775      237.3627   925926    4.51%           x.3.1 D 201180 201179     43
 205110 145222      242.0781    35      248.5775      237.4192   944659    4.49%         x.23.28 D 205110 205109     33
 209054 147565      244.5237    38      248.5775      237.4785   963218    4.46%          x.4.28 D 209054 209053     26
Elapsed time = 55.36 sec. (50833.00 ticks, tree = 284.62 MB, solutions = 10)
 212994 149795      244.4593    33      248.5775      237.5329   981820    4.44%          x.4.28 U 212994 178569     39
 217000 152105      239.7199    36      248.5775      237.5769  1000050    4.43%          x.8.28 D 217000 216999     35
 220994 154383      245.7151    43      248.5775      237.6217  1018515    4.41%         x.13.28 D 220994 220993     39
 224953 156601      248.4805    37      248.5775      237.6711  1037221    4.39%          x.15.1 D 224953 224952     44
 228920 158924      242.8708    44      248.5775      237.7156  1055433    4.37%          x.15.7 D 228920 228919     24
 232869 161245      243.7298    34      248.5775      237.7545  1073767    4.35%          x.28.0 D 232869 232868     60
 236769 163483      246.3878    41      248.5775      237.7942  1092110    4.34%          x.10.1 D 236769 236768     45
 240728 165834      240.6609    38      248.5775      237.8369  1110466    4.32%          x.29.3 D 240728 240727     30
 244687 168170      240.2868    35      248.5775      237.8751  1129026    4.31%          x.10.1 D 244687 244686     48
 248633 170470      242.7466    42      248.5775      237.9087  1147241    4.29%          x.7.28 D 248633 248632     32
Elapsed time = 65.95 sec. (60371.00 ticks, tree = 329.26 MB, solutions = 10)
 252609 172691      248.4042    30      248.5775      237.9473  1166056    4.28%         x.19.10 D 252609 252608     54
 256620 174928      241.5673    38      248.5775      237.9865  1184179    4.26%           x.8.3 U 256620 132755     33
 260666 177272      247.8166    38      248.5775      238.0280  1202492    4.24%           x.4.3 U 260666  49334     25
 264675 179482      239.7216    37      248.5775      238.0652  1221038    4.23%         x.23.28 D 264675 264674     36
 268674 181645      244.0034    34      248.5775      238.1028  1239072    4.21%          x.7.28 D 268674 268673     50
*271160+175178                          248.0285      238.1228             3.99%
 272446 175802      246.1573    39      248.0285      238.1383  1256384    3.99%          x.12.4 D 272446 272444     33
 276420 177861      246.3157    37      248.0285      238.1809  1274828    3.97%         x.16.27 U 276420 276419     43
 280400 179860      242.0744    33      248.0285      238.2221  1293060    3.95%          x.13.1 D 280400 280399     56
 284387 181911      241.6175    42      248.0285      238.2589  1311650    3.94%          x.15.3 D 284387 284386     22
 288440 183919      242.5908    35      248.0285      238.3010  1330400    3.92%          x.19.1 D 288440 288439     45
Elapsed time = 76.57 sec. (69910.11 ticks, tree = 354.48 MB, solutions = 11)
 292557 185952      245.8640    38      248.0285      238.3419  1348993    3.91%           x.6.3 D 292557 292556     37
 296781 188074        cutoff            248.0285      238.3847  1368636    3.89%          x.21.3 U 296781 245726     21
 300842 190143      242.4520    35      248.0285      238.4258  1387459    3.87%         x.26.28 D 300842 300841     32
 304864 192199      244.2086    32      248.0285      238.4610  1405810    3.86%          x.27.1 D 304864 304863     45
 309279 194286      238.7980    30      248.0285      238.5064  1426559    3.84%         x.28.29 U 309279  25095     32
 313969 196624      243.1041    35      248.0285      238.5475  1448074    3.82%         x.19.28 D 313969 313968     38
 318610 198899      247.1455    38      248.0285      238.5837  1468797    3.81%          x.6.13 D 318610 318609     44
 323250 201186      242.9142    35      248.0285      238.6261  1489340    3.79%          x.15.7 U 323250 323248     20
 327896 203368      240.2352    39      248.0285      238.6657  1511170    3.77%         x.27.28 D 327896 327895     37
 332624 205580        cutoff            248.0285      238.7035  1532572    3.76%          x.15.3 U 332624 176860     22
Elapsed time = 87.04 sec. (79447.87 ticks, tree = 397.14 MB, solutions = 11)
 337288 207832      242.6900    39      248.0285      238.7431  1554080    3.74%         x.28.28 U 337288 337286     22
 342012 209969      243.4393    41      248.0285      238.7842  1575445    3.73%         x.16.28 D 342012 342011     40
 346686 212114      238.8585    40      248.0285      238.8246  1597109    3.71%          x.8.28 U 346686 258236     25
 351429 214429      242.0045    45      248.0285      238.8624  1618574    3.70%         x.27.28 D 351429 351428     44
 356139 216553      238.9056    42      248.0285      238.9017  1640634    3.68%          x.4.28 U 356139 273051     31
 360857 218736        cutoff            248.0285      238.9405  1662274    3.66%         x.15.28 U 360857 360855     27
 365581 220986      245.3740    33      248.0285      238.9733  1684096    3.65%          x.13.1 D 365581 365580     43
 370312 223146      241.8645    43      248.0285      239.0080  1705488    3.64%           x.4.3 U 370312  26851     28
 375063 225324      244.5139    38      248.0285      239.0442  1727208    3.62%         x.28.25 D 375063 375062     45
 394138 233587      239.1908    41      248.0285      239.1899  1813947    3.56%          x.4.24 U 394138 252456     26
Elapsed time = 100.58 sec. (91846.42 ticks, tree = 452.09 MB, solutions = 11)
 413095 241855      244.1671    29      248.0285      239.3260  1900406    3.51%         x.28.29 D 413095 413094     34
 432000 249932      246.4089    33      248.0285      239.4548  1987359    3.46%         x.28.29 D 432000 431999     41
 450870 257756      247.0122    28      248.0285      239.5820  2073967    3.41%         x.26.15 D 450870 450869     29
 469843 265128      247.8252    38      248.0285      239.7069  2160936    3.36%          x.19.1 U 469843 469840     23
 488846 272494      245.6605    39      248.0285      239.8302  2247669    3.31%          x.7.28 D 488846 488845     26
 507923 279902      244.3752    46      248.0285      239.9440  2333510    3.26%         x.27.28 D 507923 507922     31
 527036 287395      244.6923    31      248.0285      240.0511  2420340    3.22%          x.3.28 D 527036 527035     30
 546035 294227      242.2059    46      248.0285      240.1605  2507270    3.17%          x.8.28 D 546035 546034     29
 565115 301271      245.1724    42      248.0285      240.2653  2594257    3.13%         x.16.28 D 565115 565114     36
 584357 308231      244.8728    45      248.0285      240.3669  2681003    3.09%         x.16.28 D 584357 584356     40
Elapsed time = 141.83 sec. (129994.52 ticks, tree = 595.03 MB, solutions = 11)
 603344 314841      241.3161    34      248.0285      240.4640  2766521    3.05%          x.8.28 D 603344 603343     34
 621485 321126        cutoff            248.0285      240.5557  2847282    3.01%         x.17.28 U 621485 251015     38
 639160 326973      247.9479    24      248.0285      240.6480  2926912    2.98%          x.6.13 D 639160 639159     59
 656800 332622      242.7524    29      248.0285      240.7330  3006878    2.94%          x.10.1 D 656800 656799     42
 674569 338191      246.6296    34      248.0285      240.8222  3087089    2.91%          x.13.1 D 674569 674568     52
 692210 343558      244.3636    34      248.0285      240.9093  3167045    2.87%          x.27.1 D 692210 692209     38
 709782 348352      242.7823    41      248.0285      241.0026  3247384    2.83%          x.3.28 D 709782 709781     31
 727469 353271      243.1696    36      248.0285      241.0920  3327182    2.80%          x.12.3 U 727469 717175     25
 745190 357860      243.8113    45      248.0285      241.1814  3406447    2.76%          x.19.1 D 745190 745189     51
 762820 362355      244.9683    32      248.0285      241.2678  3485764    2.73%          x.3.28 D 762820 762819     39
Elapsed time = 182.95 sec. (168144.25 ticks, tree = 700.10 MB, solutions = 11)
 780486 367038      241.9300    31      248.0285      241.3519  3565272    2.69%          x.8.28 D 780486 780485     31
 798310 371604      241.9573    29      248.0285      241.4338  3644730    2.66%          x.27.7 U 798310 264446     38
 815988 375807        cutoff            248.0285      241.5151  3723643    2.63%          x.8.28 D 815988 815987     29
 833777 379881      243.8861    37      248.0285      241.5969  3802484    2.59%           x.6.3 D 833777 833776     48
 851492 383976      242.1427    41      248.0285      241.6756  3881217    2.56%         x.28.29 D 851492 851491     42
 869115 387740      244.7558    34      248.0285      241.7582  3959903    2.53%          x.4.28 D 869115 869114     38
 886832 391428      242.0754    29      248.0285      241.8416  4038896    2.49%          x.4.24 U 886832 415000     33
 904484 395026      242.1104    36      248.0285      241.9200  4117417    2.46%           x.6.3 D 904484  65475     25
 922013 397879      244.7095    40      248.0285      242.0039  4196262    2.43%          x.4.28 D 922013 922012     33
 939510 400600      245.4729    39      248.0285      242.0834  4275024    2.40%          x.3.28 D 939510 939509     28
Elapsed time = 224.40 sec. (206292.19 ticks, tree = 776.13 MB, solutions = 11)
 956991 403127      244.6578    32      248.0285      242.1650  4353354    2.36%          x.27.1 D 956991 956990     41
 974459 405668      242.4659    30      248.0285      242.2444  4430927    2.33%          x.13.1 D 974459 974458     41
 991948 408034      242.9333    42      248.0285      242.3228  4509204    2.30%         x.13.28 U 991948 435990     36
 1009390 410071      244.3678    31      248.0285      242.4012  4587610    2.27%           x.3.1 D 1009390 1009388     46
 1026840 411763      243.0590    35      248.0285      242.4799  4665097    2.24%         x.26.28 D 1026840 1026839     41
 1044261 413215      244.3249    33      248.0285      242.5584  4743117    2.21%          x.27.1 D 1044261 1044260     45
 1061635 414538      245.4678    29      248.0285      242.6359  4821131    2.17%          x.27.1 D 1061635 1061634     46
 1078992 415859      244.3333    41      248.0285      242.7125  4898518    2.14%          x.15.3 N 1078992 1078991     36
 1096300 416916      244.6837    34      248.0285      242.7880  4976762    2.11%          x.27.1 D 1096300 1096299     49
 1113628 417451        cutoff            248.0285      242.8641  5053402    2.08%          x.17.3 D 1113628 1113627     28
Elapsed time = 266.51 sec. (244440.52 ticks, tree = 807.83 MB, solutions = 11)
 1130905 417936        cutoff            248.0285      242.9410  5130367    2.05%          x.6.28 U 1130905 282835     37
 1148091 418049      243.8884    40      248.0285      243.0181  5207276    2.02%          x.8.28 D 1148091 1148090     29
 1165240 418312      245.8188    34      248.0285      243.0945  5283315    1.99%           x.6.1 D 1165240 1165239     65
 1182382 418195        cutoff            248.0285      243.1710  5358757    1.96%          x.4.28 U 1182382 865203     28
 1199438 417449        cutoff            248.0285      243.2470  5435387    1.93%          x.12.1 U 1199438 1199436     51
 1216413 416219      243.8504    31      248.0285      243.3265  5511558    1.90%         x.13.28 D 1216413 1216412     44
 1233351 415288      245.0153    38      248.0285      243.3993  5588351    1.87%          x.23.3 D 1233351 1233350     27
 1250439 414322      244.8954    44      248.0285      243.4738  5664099    1.84%         x.23.28 D 1250439 1250438     25
 1267355 412339      243.6265    38      248.0285      243.5547  5739659    1.80%          x.4.28 U 1267355  57897     36
 1284292 410463        cutoff            248.0285      243.6314  5815024    1.77%          x.26.3 U 1284292 156715     24
Elapsed time = 309.72 sec. (282589.19 ticks, tree = 794.83 MB, solutions = 11)
 1301173 408244        cutoff            248.0285      243.7084  5890848    1.74%         x.15.28 D 1301173 1301172     43
 1317938 405912      245.2805    31      248.0285      243.7835  5965879    1.71%          x.6.28 D 1317938 1317937     36
 1334720 403465        cutoff            248.0285      243.8590  6040227    1.68%          x.27.1 U 1334720 241120     56
 1351540 400645      244.4814    35      248.0285      243.9381  6115292    1.65%          x.6.28 U 1351540 711135     34
 1368380 397681      244.1080    40      248.0285      244.0131  6190669    1.62%          x.3.28 U 1368380  36925     36
 1385491 394600      246.2708    35      248.0285      244.0891  6266401    1.59%         x.26.28 D 1385491 1385490     33
 1403657 391080      245.4329    33      248.0285      244.1695  6345930    1.56%          x.27.1 U 1403657  31569     41
 1422149 386945      246.4889    28      248.0285      244.2541  6428408    1.52%          x.6.19 D 1422149 1422148     63
 1440725 382971      245.8248    34      248.0285      244.3353  6510167    1.49%         x.28.25 U 1440725 380825     47
 1459279 378587      246.2645    44      248.0285      244.4182  6591618    1.46%          x.7.28 D 1459279 1459278     30
Elapsed time = 354.29 sec. (320737.42 ticks, tree = 735.17 MB, solutions = 11)
 1477834 374302      245.3422    32      248.0285      244.4970  6672485    1.42%          x.28.0 U 1477834 307320     52
 1496403 369964        cutoff            248.0285      244.5757  6753737    1.39%          x.6.28 U 1496403 506428     39
 1514909 365414      247.7823    26      248.0285      244.6545  6835003    1.36%         x.14.19 D 1514909 1514908     67
 1533379 360711      245.5482    30      248.0285      244.7303  6916317    1.33%         x.19.19 D 1533379 1533378     37
 1551843 355734        cutoff            248.0285      244.8057  6997941    1.30%          x.18.3 U 1551843 379894     33
 1570286 350618        cutoff            248.0285      244.8797  7078600    1.27%          x.5.24 U 1570286 1570284     20
 1588695 345242      246.1828    39      248.0285      244.9555  7158855    1.24%           x.2.3 D 1588695 1588694     28
 1607017 339943        cutoff            248.0285      245.0290  7238849    1.21%          x.13.1 U 1607017 1607015     53
 1625587 335012      245.6805    26      248.0285      245.0991  7318832    1.18%          x.10.1 D 1625587 1625586     50
 1644166 330202        cutoff            248.0285      245.1689  7398197    1.15%         x.19.28 U 1644166 422537     30
Elapsed time = 398.93 sec. (358885.30 ticks, tree = 644.54 MB, solutions = 11)
 1662709 325102      247.2616    20      248.0285      245.2383  7477600    1.12%          x.1.20 U 1662709 1662707     56
 1681256 319923      247.0821    35      248.0285      245.3073  7556692    1.10%          x.17.7 D 1681256 1681255     49
 1699720 314652        cutoff            248.0285      245.3740  7635971    1.07%         x.17.28 U 1699720 598551     30
 1718114 309255      247.9998    25      248.0285      245.4408  7715586    1.04%         x.18.28 D 1718114 1718113     77
 1736582 304053        cutoff            248.0285      245.5057  7794539    1.02%         x.16.28 U 1736582 379429     37
 1755000 298513      246.8505    39      248.0285      245.5720  7873643    0.99%         x.19.20 D 1755000 1754999     42
 1773368 292778      247.6647    33      248.0285      245.6388  7951738    0.96%         x.26.14 D 1773368 1773366     40
 1791709 287133      246.8935    39      248.0285      245.7040  8031010    0.94%          x.12.1 D 1791709 1791708     55
 1810048 281450        cutoff            248.0285      245.7684  8110555    0.91%          x.7.28 U 1810048 973720     38
 1828330 275748      247.5871    40      248.0285      245.8329  8189793    0.89%          x.10.1 U 1828330 980336     48
Elapsed time = 443.08 sec. (397033.49 ticks, tree = 542.51 MB, solutions = 11)
 1846587 270135      246.1337    36      248.0285      245.8960  8267796    0.86%           x.4.4 D 1846587 1273878     44
 1864930 264339      247.0734    34      248.0285      245.9591  8346895    0.83%          x.1.13 D 1864930 1864928     52
 1882996 258389        cutoff            248.0285      246.0209  8424315    0.81%         x.26.15 U 1882996 865680     44
 1901184 252531        cutoff            248.0285      246.0821  8502700    0.78%          x.3.28 U 1901184 1543617     42
 1919269 246279      247.9585    35      248.0285      246.1457  8580365    0.76%         x.26.15 U 1919269 1250749     42
 1937332 239655        cutoff            248.0285      246.2090  8659146    0.73%         x.21.10 D 1937332 1937331     73
 1955291 233195      247.5273    40      248.0285      246.2716  8736333    0.71%          x.12.4 N 1955291  34002     18
 1973408 226566      247.3025    38      248.0285      246.3342  8814247    0.68%          x.12.1 N 1973408 999958     43
 1991305 219849      247.5530    32      248.0285      246.3953  8891595    0.66%         x.26.21 D 1991305 1991304     49
 2009359 213154      247.1134    29      248.0285      246.4570  8968116    0.63%         x.26.14 N 2009359 966784     47
Elapsed time = 487.26 sec. (435182.17 ticks, tree = 425.19 MB, solutions = 11)
 2027340 205928      247.0804    33      248.0285      246.5210  9044670    0.61%          x.28.0 U 2027340 386195     45
 2045062 198312      247.3044    40      248.0285      246.5856  9119598    0.58%          x.8.28 D 2045062 2045061     17
 2062864 190394        cutoff            248.0285      246.6505  9195007    0.56%         x.26.28 U 2062864 1141416     48
 2080671 182211      246.7949    35      248.0285      246.7172  9269119    0.53%          x.19.1 D 2080671 2080670     36
 2098283 173748        cutoff            248.0285      246.7851  9342518    0.50%          x.15.1 U 2098283 423212     35
 2116039 164982        cutoff            248.0285      246.8539  9415896    0.47%         x.26.20 U 2116039 211119     39
 2133709 155973      247.6675    40      248.0285      246.9226  9487811    0.45%         x.26.20 U 2133709 864834     33
 2151260 146498      247.4235    20      248.0285      246.9922  9558739    0.42%          x.1.13 N 2151260 2151259     56
 2168893 136592        cutoff            248.0285      247.0633  9629091    0.39%         x.14.10 U 2168893 1739466     58
 2186218 126367        cutoff            248.0285      247.1361  9697938    0.36%         x.10.10 U 2186218 1260608     53
Elapsed time = 532.43 sec. (473330.00 ticks, tree = 262.46 MB, solutions = 11)
 2203675 115499      247.3237    33      248.0285      247.2109  9766125    0.33%          x.21.3 U 2203675  59235     25
 2220948 104138        cutoff            248.0285      247.2875  9833015    0.30%          x.13.1 D 2220948 2220947     40
 2238270 92244        cutoff            248.0285      247.3654  9897441    0.27%         x.26.20 U 2238270 1298182     37
 2255450 79983        cutoff            248.0285      247.4462  9960010    0.23%         x.15.28 U 2255450 144325     18
 2272512 66958      247.6723    37      248.0285      247.5331 10019314    0.20%          x.8.28 U 2272512 515589     32
 2289529 53450      247.6289    28      248.0285      247.6231 10076534    0.16%         x.26.13 D 2289529 2289528     56
 2306538 39003      247.8851    34      248.0285      247.7219 10129902    0.12%          x.12.1 D 2306538 2306536     32
 2323540 23955        cutoff            248.0285      247.8296 10178800    0.08%          x.7.28 U 2323540 414767     32
 2340530  8019        cutoff            248.0285      247.9567 10220096    0.03%          x.10.1 U 2340530 974025     34

Gomory fractional cuts applied:  15
User cuts applied:  123

Root node processing (before b&c):
  Real time             =    0.08 sec. (34.37 ticks)
Sequential b&c:
  Real time             =  580.24 sec. (512807.18 ticks)
                          ------------
Total (root+branch&cut) =  580.32 sec. (512841.55 ticks)

Solution status: 101
Objective value:  2.4802850000e+02
Solution status is CPX_STAT_OPTIMAL
Node: 2348646
