proble size: m = 5 , n = 5 , seed = 2 
Benders' cuts separated to cut off: Integer and fractional infeasible solutions.
seed = 2
Version identifier: 20.1.0.0 | 2020-11-10 | 9bedb6d68
CPXPARAM_Threads                                 1
CPXPARAM_RandomSeed                              2
CPXPARAM_MIP_Strategy_CallbackReducedLP          0
CPXPARAM_MIP_Strategy_Search                     1
CPXPARAM_TimeLimit                               3600
CPXPARAM_MIP_Tolerances_AbsMIPGap                0
CPXPARAM_MIP_Tolerances_MIPGap                   0
Legacy callback                                  LU
Tried aggregator 1 time.
Reduced MIP has 30 rows, 930 columns, and 900 nonzeros.
Reduced MIP has 900 binaries, 0 generals, 0 SOSs, and 0 indicators.
Presolve time = 0.00 sec. (0.36 ticks)
Probing time = 0.00 sec. (1.06 ticks)
Clique table members: 30.
MIP emphasis: balance optimality and feasibility.
MIP search method: traditional branch-and-cut.
Parallel mode: none, using 1 thread.
Root relaxation solution time = 0.00 sec. (0.19 ticks)

        Nodes                                         Cuts/
   Node  Left     Objective  IInf  Best Integer    Best Bound    ItCnt     Gap         Variable B NodeID Parent  Depth

      0     0        0.0000    27                      0.0000        0         
*     0+    0                          903.9305        0.0000           100.00%
*     0+    0                          639.0580        0.0000           100.00%
      0     0      119.7418    42      639.0580     Fract: 18       85   81.26%
*     0+    0                          619.0307      119.7418            80.66%
*     0+    0                          475.8666      119.7418            74.84%
      0     0      212.7630    44      475.8666     Fract: 13      144   55.29%
*     0+    0                          359.2710      212.7630            40.78%
      0     0      235.4151    47      359.2710 UserPurge2: 13      173   34.47%
*     0+    0                          308.2646      235.4151            23.63%
      0     0      236.1941    48      308.2646 UserPurge2: 3      178   23.38%
*     0+    0                          248.3879      236.1941             4.91%
      0     0      236.4880    47      248.3879 UserPurge2: 3      187    4.79%
      0     2      236.4880    47      248.3879      236.5799      187    4.75%                        0             0
Elapsed time = 0.05 sec. (46.07 ticks, tree = 0.01 MB, solutions = 7)
     39    33      246.6887    45      248.3879      242.0537     2687    2.55%         x.28.12 N     39     38     11
     89    72      248.1229    30      248.3879      242.0936     4999    2.53%          x.1.19 N     89     88     23
    130   103      245.0055    41      248.3879      242.5029     7227    2.37%         x.25.19 N    130    129     16
    189   148      246.1067    43      248.3879      242.5571     9460    2.35%         x.22.19 N    189    188     13
    253   195      246.2093    41      248.3879      242.7053    12441    2.29%         x.22.19 N    253    252     11
    320   242      244.4771    49      248.3879      242.9772    14978    2.18%          x.1.19 N    320    319     12
    383   287      245.2272    43      248.3879      243.1595    17057    2.10%          x.8.10 D    383    382      7
    436   327      244.1869    46      248.3879      243.3213    19339    2.04%         x.25.21 N    436    435     10
    489   371      246.4706    30      248.3879      243.3533    21533    2.03%         x.25.15 N    489    488     22
    746   566      246.8914    39      248.3879      243.5826    30461    1.93%         x.18.14 N    746    745     22
Elapsed time = 2.40 sec. (3213.08 ticks, tree = 6.57 MB, solutions = 7)
    988   737      247.3572    38      248.3879      243.8415    39998    1.83%          x.4.28 N    988    987     21
   1256   930      247.3161    33      248.3879      243.9931    49516    1.77%         x.25.23 D   1256   1255     21
   1519  1115        cutoff            248.3879      244.1661    58669    1.70%         x.19.18 U   1519   1517     22
   1780  1281      247.4092    33      248.3879      244.3047    67582    1.64%          x.7.25 N   1780   1779     24
   2029  1421      244.8367    43      248.3879      244.5622    76093    1.54%         x.25.23 U   2029   2027     13
   2298  1578      247.4157    36      248.3879      244.6581    84704    1.50%          x.23.2 U   2298   2297     22
*  2470+ 1668                          248.3312      244.6932             1.46%
   2516  1694      245.6708    50      248.3312      244.6963    92162    1.46%         x.23.19 D   2516   2515     14
   2683  1777      247.9650    45      248.3312      244.7589    98897    1.44%          x.14.6 N   2683   2682     20
   2892  1876      245.9842    44      248.3312      244.8803   106423    1.39%          x.7.10 N   2892   2891     12
   3120  1984      247.5059    43      248.3312      244.9438   114258    1.36%         x.25.21 N   3120   3118     10
Elapsed time = 9.06 sec. (12799.99 ticks, tree = 30.89 MB, solutions = 8)
   3369  2102        cutoff            248.3312      245.0102   122522    1.34%         x.28.12 D   3369   3367     20
   3626  2231      246.5051    48      248.3312      245.0912   129750    1.30%          x.1.19 D   3626   3625     13
   3870  2348      247.9754    19      248.3312      245.1393   137607    1.29%          x.3.20 N   3870   3869     18
   4092  2448      246.9126    41      248.3312      245.1960   145361    1.26%          x.19.5 N   4092   4091     18
   4323  2549      248.2390    30      248.3312      245.2920   153253    1.22%          x.12.1 N   4323   4322     14
   4558  2660      246.0811    46      248.3312      245.3630   161065    1.20%          x.4.19 N   4558   4557     13
   4790  2751      245.8008    42      248.3312      245.4115   169096    1.18%         x.25.23 N   4790   3234     13
   5007  2838        cutoff            248.3312      245.4546   176654    1.16%          x.7.16 D   5007   5005     14
   5243  2938      246.6678    29      248.3312      245.5260   184054    1.13%         x.25.15 D   5243   5242     16
   5472  3031      248.1918    31      248.3312      245.5967   191431    1.10%         x.19.20 N   5472   5471     12
Elapsed time = 15.51 sec. (22358.37 ticks, tree = 52.75 MB, solutions = 8)
   5717  3079      246.2930    46      248.3312      245.6734   198912    1.07%         x.28.12 N   5717   5716     12
   5948  3151      248.0518    35      248.3312      245.7191   206610    1.05%          x.6.19 N   5948   5947     31
   6175  3203      246.3148    38      248.3312      245.7722   213858    1.03%         x.28.12 N   6175   6174     19
   6398  3278      247.8514    40      248.3312      245.8257   221285    1.01%         x.28.12 N   6398   6397     18
   6625  3344      248.3273    21      248.3312      245.8785   228429    0.99%         x.25.21 D   6625   6624     16
   6849  3399      246.4807    42      248.3312      245.9221   235404    0.97%         x.19.20 N   6849   6848     22
   7078  3440      246.6885    46      248.3312      245.9716   242680    0.95%          x.6.19 N   7078   7077     12
   7311  3512      247.9731    43      248.3312      246.0058   249859    0.94%         x.25.23 N   7311   7310     15
   7549  3547      247.9736    43      248.3312      246.0447   257093    0.92%          x.4.19 N   7549   4871     20
   7784  3598      247.8832    28      248.3312      246.0873   264322    0.90%         x.23.22 D   7784   7783     15
Elapsed time = 21.87 sec. (31921.15 ticks, tree = 66.57 MB, solutions = 8)
*  7950+ 3342                          248.0285      246.1082             0.77%
   8011  3351      246.7291    40      248.0285      246.1169   270858    0.77%         x.21.10 N   8011   8010     15
   8237  3345      246.4131    34      248.0285      246.1718   277184    0.75%          x.7.10 N   8237   8236     16
   8480  3355      247.2961    44      248.0285      246.2181   283788    0.73%          x.10.5 N   8480   8479     17
   8711  3364      247.0525    44      248.0285      246.2673   290565    0.71%         x.19.20 N   8711   8710     17
   8957  3345      247.4286    31      248.0285      246.3267   297403    0.69%         x.25.15 N   8957   8956     17
   9194  3319      247.3182    38      248.0285      246.3727   303553    0.67%         x.23.19 N   9194    900     17
   9426  3305      247.5467    39      248.0285      246.4118   310165    0.65%          x.10.5 N   9426   9425     16
   9668  3284        cutoff            248.0285      246.4604   316659    0.63%          x.7.10 U   9668   9666     16
   9904  3259      247.8827    38      248.0285      246.5109   322881    0.61%          x.7.10 N   9904   6849     23
  10153  3225      247.7390    23      248.0285      246.5635   328974    0.59%         x.20.13 N  10153  10152     20
Elapsed time = 28.24 sec. (41501.51 ticks, tree = 62.05 MB, solutions = 9)
  10420  3181      247.8903    32      248.0285      246.6144   335285    0.57%          x.12.1 N  10420  10419      9
  10668  3130      246.7550    45      248.0285      246.6586   341621    0.55%          x.14.6 N  10668   1108     11
  10941  3074        cutoff            248.0285      246.7090   347827    0.53%         x.25.19 U  10941  10939     21
  11200  3016      247.4688    29      248.0285      246.7508   354007    0.52%          x.10.5 N  11200  11199     18
  11481  2933        cutoff            248.0285      246.8035   359755    0.49%         x.25.23 U  11481  11479     17
  11778  2832        cutoff            248.0285      246.8654   365575    0.47%         x.18.14 U  11778  11777     22
  12065  2752      247.1172    32      248.0285      246.9204   371421    0.45%         x.25.21 N  12065  12064     14
  12342  2671      247.1975    17      248.0285      246.9711   377615    0.43%         x.20.13 N  12342  12341     34
  12623  2569        cutoff            248.0285      247.0278   383469    0.40%         x.25.16 U  12623  12622     15
  12914  2444      247.7337    32      248.0285      247.0761   388982    0.38%         x.16.27 N  12914   9065     15
Elapsed time = 34.48 sec. (51074.24 ticks, tree = 48.38 MB, solutions = 9)
  13201  2320      247.1580    44      248.0285      247.1247   394440    0.36%         x.28.12 N  13201   8786     21
  13517  2151        cutoff            248.0285      247.1889   399893    0.34%         x.14.19 U  13517   2218     15
  13810  2002      247.9557    40      248.0285      247.2513   405032    0.31%         x.22.19 N  13810   6160     10
  14133  1807        cutoff            248.0285      247.3237   409906    0.28%          x.7.10 U  14133   6298     20
  14462  1605      247.7855    39      248.0285      247.3972   414667    0.25%         x.24.29 N  14462   5278     21
  14832  1331        cutoff            248.0285      247.4990   419008    0.21%          x.7.10 U  14832   7834     18
  15241  1021        cutoff            248.0285      247.6118   423224    0.17%         x.25.23 D  15241   5208     19
  15702   621        cutoff            248.0285      247.7544   426373    0.11%          x.9.17 D  15702   3610     11
  16215   144        cutoff            248.0285      247.9512   428440    0.03%          x.1.20 U  16215  12149     15

Gomory fractional cuts applied:  14
User cuts applied:  2903

Root node processing (before b&c):
  Real time             =    0.05 sec. (46.40 ticks)
Sequential b&c:
  Real time             =   40.18 sec. (59898.51 ticks)
                          ------------
Total (root+branch&cut) =   40.23 sec. (59944.92 ticks)

Solution status: 101
Objective value:  2.4802849298e+02
Solution status is CPX_STAT_OPTIMAL
Node: 16360
