proble size: m = 5 , n = 5 , seed = 10 
Benders' cuts separated to cut off: Only integer infeasible solutions.
seed = 10
Version identifier: 20.1.0.0 | 2020-11-10 | 9bedb6d68
CPXPARAM_Threads                                 1
CPXPARAM_RandomSeed                              10
CPXPARAM_MIP_Strategy_CallbackReducedLP          0
CPXPARAM_MIP_Strategy_Search                     1
CPXPARAM_TimeLimit                               3600
CPXPARAM_MIP_Tolerances_AbsMIPGap                0
CPXPARAM_MIP_Tolerances_MIPGap                   0
Legacy callback                                  L
Tried aggregator 1 time.
Reduced MIP has 30 rows, 930 columns, and 900 nonzeros.
Reduced MIP has 900 binaries, 0 generals, 0 SOSs, and 0 indicators.
Presolve time = 0.00 sec. (0.36 ticks)
Probing time = 0.00 sec. (1.06 ticks)
Clique table members: 30.
MIP emphasis: balance optimality and feasibility.
MIP search method: traditional branch-and-cut.
Parallel mode: none, using 1 thread.
Root relaxation solution time = 0.00 sec. (0.19 ticks)

        Nodes                                         Cuts/
   Node  Left     Objective  IInf  Best Integer    Best Bound    ItCnt     Gap         Variable B NodeID Parent  Depth

      0     0        0.0000    27                      0.0000        0         
*     0+    0                          903.9305        0.0000           100.00%
*     0+    0                          639.0580        0.0000           100.00%
      0     0      125.4524    40      639.0580     Fract: 19       86   80.37%
*     0+    0                          588.5190      125.4524            78.68%
*     0+    0                          544.3801      125.4524            76.96%
      0     0      198.3244    44      544.3801     Fract: 14      132   63.57%
*     0+    0                          450.7465      198.3244            56.00%
*     0+    0                          357.9634      198.3244            44.60%
*     0+    0                          309.1655      198.3244            35.85%
*     0+    0                          296.3415      198.3244            33.08%
*     0+    0                          293.0941      198.3244            32.33%
      0     2      234.4127    47      293.0941      234.4859      132   20.00%                        0             0
Elapsed time = 0.04 sec. (37.50 ticks, tree = 0.01 MB, solutions = 9)
*    10+   10                          251.9720      235.2388             6.64%
    463   407      243.6197    43      251.9720      236.5176     2811    6.13%          x.25.4 D    463    462     31
*   930+  784                          251.4370      237.3599             5.60%
   1090   906      243.6315    39      251.4370      237.7095     6501    5.46%         x.19.17 U   1090   1089     13
*  1300+ 1056                          251.3951      237.9114             5.36%
   1687  1333      242.2513    42      251.3951      238.1349    10179    5.27%         x.16.27 D   1687   1685     18
*  1900+ 1057                          248.0285      238.2389             3.95%
   2260  1272      240.0046    46      248.0285      238.5633    14084    3.82%           x.9.4 D   2260   2259     12
   3000  1666      246.0141    31      248.0285      239.0779    18869    3.61%          x.7.16 U   3000   2999     22
   3762  2051      240.5795    48      248.0285      239.6493    23900    3.38%          x.5.24 D   3762   3761     13
   4558  2448      242.0713    42      248.0285      240.1148    28973    3.19%         x.21.24 D   4558   4557     16
   5374  2841        cutoff            248.0285      240.5587    34138    3.01%          x.13.2 U   5374   5373     32
   6201  3254      241.3888    46      248.0285      240.8036    39142    2.91%          x.7.16 D   6201   3577     10
   9600  4785      242.3242    43      248.0285      241.5995    60277    2.59%           x.6.9 D   9600   2173     24
Elapsed time = 3.19 sec. (3139.87 ticks, tree = 9.58 MB, solutions = 13)
  13363  6235      246.4056    31      248.0285      242.3193    83468    2.30%          x.1.19 D  13363  13362     16
  16997  7297      245.7845    32      248.0285      242.9098   106208    2.06%         x.24.26 D  16997  16996     18
  20982  8445      244.6552    40      248.0285      243.4324   130515    1.85%          x.15.7 D  20982  20981     26
  24894  9308        cutoff            248.0285      243.9063   153975    1.66%          x.1.19 U  24894  24892     25
  28753 10025      247.1828    38      248.0285      244.2963   176963    1.50%          x.9.17 U  28753  28752     27
  32610 10816      247.4096    30      248.0285      244.6034   199927    1.38%           x.6.9 U  32610  32609     11
  36402 11414      246.7570    45      248.0285      244.9007   222466    1.26%         x.22.19 D  36402  36401     12
  40250 11892      247.3199    40      248.0285      245.1811   245038    1.15%         x.22.16 N  40250  40249     15
  44052 12187      247.1270    39      248.0285      245.4284   267157    1.05%           x.6.0 U  44052  24211     17
  47755 12388      246.0395    40      248.0285      245.6392   288990    0.96%          x.15.7 N  47755  47754     23
Elapsed time = 13.32 sec. (12678.63 ticks, tree = 24.77 MB, solutions = 13)
  51530 12346      247.4685    42      248.0285      245.8547   311587    0.88%         x.23.19 D  51530  51529     19
  55301 12177      246.1267    44      248.0285      246.0641   333838    0.79%         x.19.19 D  55301  55300     19
  59105 11816        cutoff            248.0285      246.2663   355614    0.71%         x.10.10 U  59105  59104     27
  62818 11112      246.4929    35      248.0285      246.4677   377444    0.63%          x.15.7 N  62818  58074     18
  66571 10154        cutoff            248.0285      246.6579   399050    0.55%          x.6.24 D  66571  66570     16
  70644  8765      247.5356    34      248.0285      246.8810   421802    0.46%         x.12.21 D  70644  70643     23
  74588  7013        cutoff            248.0285      247.1074   443541    0.37%         x.22.16 U  74588  74587     18
  78536  4728        cutoff            248.0285      247.3769   463785    0.26%         x.25.10 U  78536  66029     18
  82570  1810      247.8775    41      248.0285      247.7336   481275    0.12%          x.19.4 U  82570   4406     19

Gomory fractional cuts applied:  17
User cuts applied:  131

Root node processing (before b&c):
  Real time             =    0.04 sec. (37.61 ticks)
Sequential b&c:
  Real time             =   22.84 sec. (21801.99 ticks)
                          ------------
Total (root+branch&cut) =   22.88 sec. (21839.60 ticks)

Solution status: 101
Objective value:  2.4802850000e+02
Solution status is CPX_STAT_OPTIMAL
Node: 84587
