proble size: m = 5 , n = 5 , seed = 3 
Benders' cuts separated to cut off: Integer and fractional infeasible solutions.
seed = 3
Version identifier: 20.1.0.0 | 2020-11-10 | 9bedb6d68
CPXPARAM_Threads                                 1
CPXPARAM_RandomSeed                              3
CPXPARAM_MIP_Strategy_CallbackReducedLP          0
CPXPARAM_MIP_Strategy_Search                     1
CPXPARAM_TimeLimit                               3600
CPXPARAM_MIP_Tolerances_AbsMIPGap                0
CPXPARAM_MIP_Tolerances_MIPGap                   0
Legacy callback                                  LU
Tried aggregator 1 time.
Reduced MIP has 30 rows, 930 columns, and 900 nonzeros.
Reduced MIP has 900 binaries, 0 generals, 0 SOSs, and 0 indicators.
Presolve time = 0.00 sec. (0.36 ticks)
Probing time = 0.00 sec. (1.06 ticks)
Clique table members: 30.
MIP emphasis: balance optimality and feasibility.
MIP search method: traditional branch-and-cut.
Parallel mode: none, using 1 thread.
Root relaxation solution time = 0.00 sec. (0.19 ticks)

        Nodes                                         Cuts/
   Node  Left     Objective  IInf  Best Integer    Best Bound    ItCnt     Gap         Variable B NodeID Parent  Depth

      0     0        0.0000    27                      0.0000        0         
*     0+    0                          903.9305        0.0000           100.00%
*     0+    0                          639.0580        0.0000           100.00%
      0     0      112.2665    48      639.0580     Fract: 17       85   82.43%
*     0+    0                          452.7629      112.2665            75.20%
      0     0      188.7489    47      452.7629     Fract: 13      119   58.31%
*     0+    0                          450.6548      188.7489            58.12%
      0     0      222.6648    46      450.6548 UserPurge2: 16      143   50.59%
*     0+    0                          307.1506      222.6648            27.51%
      0     0      232.4116    48      307.1506 UserPurge2: 6      155   24.33%
*     0+    0                          305.8964      232.4116            24.02%
      0     0      232.4838    47      305.8964 UserPurge2: 4      161   24.00%
*     0+    0                          249.3863      232.4838             6.78%
      0     0      232.5060    50      249.3863 UserPurge2: 1      169    6.77%
      0     2      232.5060    50      249.3863      232.7112      169    6.69%                        0             0
Elapsed time = 0.06 sec. (50.50 ticks, tree = 0.01 MB, solutions = 7)
*    10+   10                          248.4222      239.1243             3.74%
     39    34      247.6301    19      248.4222      239.1243     2378    3.74%         x.22.14 N     39     38     30
     80    60      239.9140    50      248.4222      239.2116     4290    3.71%          x.8.10 N     80     79      6
    127    96      245.6700    40      248.4222      239.2146     6396    3.71%         x.21.10 N    127    126     15
    164   120      241.5534    53      248.4222      239.4054     8398    3.63%          x.8.10 N    164    163      6
    216   156      240.1103    49      248.4222      239.5678    10442    3.56%         x.14.12 N    216     78      5
    260   194      246.0454    36      248.4222      239.8127    12691    3.47%         x.17.28 N    260    259     21
    312   235      245.2637    40      248.4222      239.9718    15093    3.40%          x.13.7 N    312    311     23
    355   264      245.0974    42      248.4222      240.0587    17217    3.37%         x.28.12 N    355    354     11
    409   307      242.7644    44      248.4222      240.1398    19446    3.33%           x.9.4 D    409    408     10
    605   468      246.9419    34      248.4222      240.5539    28028    3.17%          x.3.15 N    605    604     30
Elapsed time = 2.37 sec. (3187.35 ticks, tree = 5.71 MB, solutions = 8)
    821   637      246.1343    33      248.4222      240.8992    37092    3.03%         x.21.10 D    821    820     17
   1010   786      245.6589    42      248.4222      241.2603    44948    2.88%         x.25.10 N   1010   1009     15
   1206   935      247.2542    45      248.4222      241.4491    53546    2.81%          x.5.24 D   1206   1205     20
   1413  1100      242.3876    49      248.4222      241.5540    62207    2.76%         x.23.19 D   1413   1412     11
   1640  1289      244.2798    40      248.4222      241.6716    70594    2.72%         x.24.26 D   1640   1638     14
   1850  1449      245.9842    39      248.4222      241.8233    78548    2.66%          x.7.16 N   1850   1849     34
   2081  1635      247.2437    30      248.4222      242.0120    86613    2.58%          x.1.11 N   2081   2080     40
   2281  1796      248.0352    22      248.4222      242.0965    94090    2.55%          x.9.26 N   2281   2280     53
   2498  1963      245.1914    40      248.4222      242.1815   102791    2.51%         x.25.21 U   2498   2497     23
   2732  2147      245.1462    42      248.4222      242.2582   110595    2.48%          x.14.6 N   2732   2730      6
Elapsed time = 9.39 sec. (12758.81 ticks, tree = 37.54 MB, solutions = 8)
*  2960+ 2303                          248.2220      242.3251             2.38%
   2960  2305      246.5216    36      248.2220      242.3251   118865    2.38%         x.24.26 N   2960   2958     12
*  2980  2318      integral     0      248.2220      242.3251   119195    2.38%          x.20.0 D   2980   2979     29
*  3130+ 2401                          248.0285      242.3873             2.27%
   3132  2405      245.7622    41      248.0285      242.3873   124809    2.27%          x.12.4 D   3132   3131     10
   3280  2520      243.7806    35      248.0285      242.4379   130153    2.25%         x.10.10 D   3280   3279     27
   3480  2673      245.6185    40      248.0285      242.5100   137077    2.22%          x.14.1 D   3480   3479     26
   3664  2804      243.4070    42      248.0285      242.5573   144735    2.21%         x.14.12 N   3664    613     10
   3847  2948      246.8766    29      248.0285      242.5906   151596    2.19%         x.26.28 N   3847   3846     32
   4047  3103      247.9045    38      248.0285      242.6556   159116    2.17%          x.23.2 N   4047   4046     20
   4245  3249      246.8737    37      248.0285      242.7003   166866    2.15%         x.23.22 N   4245   4244     40
   4440  3395      246.8815    30      248.0285      242.7635   174586    2.12%         x.25.21 U   4440   4439     21
Elapsed time = 15.36 sec. (21427.80 ticks, tree = 65.22 MB, solutions = 11)
   4640  3536      244.2481    44      248.0285      242.8338   181692    2.09%           x.5.0 D   4640   4639     17
   4848  3692      245.1091    48      248.0285      242.8766   188803    2.08%           x.4.4 D   4848   4847     11
   5040  3836      244.9129    43      248.0285      242.8997   195970    2.07%          x.9.22 D   5040   5039     25
   5235  3973        cutoff            248.0285      242.9280   202991    2.06%           x.5.0 U   5235   5233     25
   5444  4128      245.6914    38      248.0285      242.9533   210371    2.05%           x.9.0 U   5444   5442     17
   5645  4273      246.6592    39      248.0285      242.9865   217601    2.03%         x.11.14 U   5645   5644     28
   5849  4414      246.7033    39      248.0285      243.0464   225327    2.01%           x.2.3 N   5849   5848     22
   6050  4557      246.6339    29      248.0285      243.0847   232161    1.99%           x.9.7 N   6050   6049     23
   6266  4716      244.3260    38      248.0285      243.1203   239383    1.98%          x.12.4 U   6266   6265     16
   6454  4851      247.5430    27      248.0285      243.1458   246149    1.97%         x.18.14 N   6454   6453     33
Elapsed time = 22.02 sec. (31035.03 ticks, tree = 99.65 MB, solutions = 11)
   6653  4970      244.0288    48      248.0285      243.2012   253177    1.95%         x.25.10 D   6653   6652     15
   6841  5093      246.5592    45      248.0285      243.2141   259613    1.94%          x.14.6 U   6841   6840     20
   7026  5207      245.8559    43      248.0285      243.2471   266721    1.93%          x.1.19 N   7026   7025     19
   7203  5314      244.1994    36      248.0285      243.2765   273592    1.92%          x.1.19 D   7203   7202     19
   7420  5451      245.1969    41      248.0285      243.3092   281107    1.90%         x.22.19 N   7420   1773     11
   7618  5578      244.1576    47      248.0285      243.3430   287986    1.89%           x.3.4 D   7618   7617     10
   7813  5699      247.2058    37      248.0285      243.3710   294996    1.88%          x.20.7 N   7813   7812     22
   8008  5816      244.4146    47      248.0285      243.3902   301655    1.87%          x.8.10 D   8008   8007     12
   8224  5957      245.7145    39      248.0285      243.4168   309165    1.86%          x.20.7 D   8224   8223     14
   8423  6068      243.9592    46      248.0285      243.4356   316425    1.85%          x.14.6 N   8423   3468     15
Elapsed time = 28.55 sec. (40599.01 ticks, tree = 129.86 MB, solutions = 11)
   8632  6187      247.5171    34      248.0285      243.4808   323346    1.83%          x.12.1 U   8632   8631     25
   8820  6290      245.7386    40      248.0285      243.5047   330258    1.82%          x.5.27 N   8820   8819     17
   9014  6370      244.9402    40      248.0285      243.5343   337300    1.81%          x.5.24 D   9014   9013     22
   9200  6478      247.1942    42      248.0285      243.5509   344043    1.81%           x.6.9 N   9200   9199     19
   9387  6572      243.8632    48      248.0285      243.5754   351239    1.80%           x.9.0 D   9387   9386     15
   9573  6688      245.5037    42      248.0285      243.6057   357905    1.78%          x.12.4 N   9573   9572     12
   9754  6786      246.2828    33      248.0285      243.6351   364776    1.77%          x.12.1 N   9754   9752     30
   9946  6885      244.7896    41      248.0285      243.6683   371766    1.76%           x.4.4 N   9946   4847     11
  10120  6977      246.8164    39      248.0285      243.6877   378741    1.75%          x.1.19 D  10120  10119     18
  10322  7088      244.6256    48      248.0285      243.7068   385581    1.74%          x.5.13 D  10322  10321     15
Elapsed time = 35.04 sec. (50177.63 ticks, tree = 155.90 MB, solutions = 11)
  10512  7168      246.0772    40      248.0285      243.7313   392603    1.73%           x.9.9 N  10512  10511     12
  10697  7272      247.0981    43      248.0285      243.7489   399421    1.73%          x.5.18 D  10697  10696     21
  10883  7380      246.9023    39      248.0285      243.7850   406025    1.71%          x.5.24 N  10883  10882     20
  11071  7467      247.8469    45      248.0285      243.8055   412758    1.70%          x.9.27 N  11071  11070     15
  11261  7562      246.5345    35      248.0285      243.8286   419316    1.69%          x.12.1 N  11261  11259     18
  11448  7671      247.3070    25      248.0285      243.8432   426003    1.69%         x.25.23 N  11448  11447     17
  11612  7743        cutoff            248.0285      243.8674   432790    1.68%         x.26.25 D  11612  11611     14
  11791  7819      246.3833    34      248.0285      243.8986   439424    1.67%          x.9.27 D  11791  11790     23
  11968  7893      247.8860    31      248.0285      243.9264   446286    1.65%         x.24.26 N  11968  11966     25
  12172  7987      246.4014    36      248.0285      243.9478   453190    1.65%         x.25.21 N  12172  12170     22
Elapsed time = 41.52 sec. (59738.12 ticks, tree = 179.74 MB, solutions = 11)
  12360  8078      247.5935    31      248.0285      243.9586   459799    1.64%         x.24.26 N  12360  12359     18
  12533  8166      246.2008    44      248.0285      243.9750   465862    1.63%         x.10.10 N  12533  12532     18
  12714  8246      247.6600    25      248.0285      243.9926   472389    1.63%         x.25.16 N  12714  12713     21
  12896  8338      247.9336    37      248.0285      244.0105   478666    1.62%           x.9.0 N  12896   1265     23
  13087  8428      244.7994    41      248.0285      244.0376   485369    1.61%           x.5.0 N  13087  13086     15
  13234  8499      246.3627    39      248.0285      244.0580   490898    1.60%           x.9.9 N  13234  13233     17
  13408  8566      247.2660    37      248.0285      244.0783   497347    1.59%          x.9.27 N  13408  13407     16
  13588  8634      246.5711    42      248.0285      244.1002   503951    1.58%         x.12.11 D  13588  13587     21
  13770  8709      247.0846    41      248.0285      244.1196   510062    1.58%          x.4.19 N  13770  13768     22
  13952  8780      246.4416    35      248.0285      244.1358   516729    1.57%          x.5.18 N  13952  13951     19
Elapsed time = 48.12 sec. (69310.33 ticks, tree = 201.92 MB, solutions = 11)
  14128  8847        cutoff            248.0285      244.1554   523009    1.56%         x.23.22 U  14128  14126     28
  14304  8935      246.6919    31      248.0285      244.1735   529522    1.55%         x.29.29 N  14304  14302     20
  14485  8996      246.6438    36      248.0285      244.1945   536126    1.55%         x.25.10 N  14485  14484     13
  14676  9073      246.0486    36      248.0285      244.2134   542862    1.54%          x.5.24 D  14676  14675     16
  14853  9145      246.3409    33      248.0285      244.2325   549267    1.53%           x.5.0 N  14853  14852     17
  15034  9202      247.3032    42      248.0285      244.2489   556021    1.52%          x.1.19 D  15034  15033     15
  15219  9281      245.3343    36      248.0285      244.2637   562662    1.52%           x.5.0 N  15219  15218     13
  15410  9349      247.2298    32      248.0285      244.2911   569369    1.51%          x.12.1 N  15410  15409     21
  15610  9412      247.4006    38      248.0285      244.3194   575895    1.50%         x.25.15 N  15610  15609     13
  15788  9464      244.7243    36      248.0285      244.3466   582240    1.48%         x.22.19 D  15788  15787     14
Elapsed time = 54.65 sec. (78877.86 ticks, tree = 221.51 MB, solutions = 11)
  15983  9506      245.1029    38      248.0285      244.3804   588717    1.47%          x.5.24 N  15983  15982     19
  16180  9593        cutoff            248.0285      244.3979   595067    1.46%         x.22.19 U  16180  16178     17
  16362  9674      245.7149    40      248.0285      244.4157   601472    1.46%          x.9.27 N  16362  12292     14
  16528  9756      247.7955    43      248.0285      244.4294   607761    1.45%           x.5.0 N  16528  16527     19
  16715  9832      245.1251    39      248.0285      244.4505   614363    1.44%          x.9.27 N  16715  16714      8
  16910  9901      247.4741    31      248.0285      244.4747   620504    1.43%         x.25.21 N  16910  16909     20
  17080  9940      246.9724    38      248.0285      244.4980   626867    1.42%          x.1.19 N  17080  17079     13
  17268  9984      244.7225    46      248.0285      244.5167   633206    1.42%          x.14.5 N  17268   5350     16
  17458 10016        cutoff            248.0285      244.5371   639319    1.41%          x.14.6 U  17458  17456     29
* 18073 10201      integral     0      248.0284      244.5939   661222    1.38%         x.24.23 D  18073  18072     28
Elapsed time = 62.69 sec. (90855.51 ticks, tree = 243.38 MB, solutions = 12)
  18753 10418      246.7310    36      248.0284      244.6557   684948    1.36%          x.1.19 N  18753  18752     17
  19446 10626      246.6020    36      248.0284      244.7141   708224    1.34%          x.5.13 D  19446  19445     32
  20131 10799      247.1427    39      248.0284      244.7756   731709    1.31%         x.25.10 N  20131   7876     13
  20834 11005      247.3944    34      248.0284      244.8310   754884    1.29%          x.20.7 N  20834  20833     17
  21545 11182      247.9789    27      248.0284      244.8884   778099    1.27%           x.7.0 N  21545  21544     20
  22235 11323      245.8224    43      248.0284      244.9332   801305    1.25%          x.12.4 N  22235   4829     13
  22928 11498      247.2628    33      248.0284      244.9962   824095    1.22%          x.7.14 N  22928  22927     21
  23616 11612      247.7717    31      248.0284      245.0644   847078    1.20%          x.3.15 N  23616  23615     23
  24264 11773      246.7448    37      248.0284      245.1239   870119    1.17%          x.20.7 N  24264  24263     15
  24921 11910      245.4941    35      248.0284      245.1706   892747    1.15%          x.7.16 N  24921  21959     18
Elapsed time = 87.70 sec. (129045.53 ticks, tree = 297.78 MB, solutions = 12)
  25630 12061      246.6882    43      248.0284      245.2211   915466    1.13%         x.11.25 N  25630    470     13
  26321 12204      247.6169    32      248.0284      245.2741   937942    1.11%         x.21.10 N  26321  26319     27
  27010 12328      246.8210    33      248.0284      245.3269   960140    1.09%          x.7.16 N  27010  27009     19
  27681 12465      247.5727    42      248.0284      245.3738   982342    1.07%          x.14.6 N  27681  27678     22
  28380 12648      246.3656    43      248.0284      245.4091  1004100    1.06%          x.5.24 N  28380   3236     18
  29057 12768      246.9020    31      248.0284      245.4572  1025852    1.04%          x.20.7 N  29057  23111     23
  29736 12877      246.6870    45      248.0284      245.5074  1048084    1.02%         x.22.19 N  29736  29735     19
  30442 12966        cutoff            248.0284      245.5605  1069720    1.00%           x.5.0 U  30442  30440     22
  31130 13049      247.1241    39      248.0284      245.6157  1091223    0.97%          x.4.19 N  31130  31128     16
  31833 13112      247.4892    39      248.0284      245.6682  1112275    0.95%           x.3.4 N  31833  17975     16
Elapsed time = 112.45 sec. (167242.47 ticks, tree = 341.84 MB, solutions = 12)
  32542 13180      246.1057    35      248.0284      245.7160  1133606    0.93%          x.7.16 N  32542  20390     15
  33256 13230      247.6770    32      248.0284      245.7671  1155163    0.91%         x.14.19 N  33256  33255     20
  33977 13280        cutoff            248.0284      245.8091  1176547    0.89%          x.6.19 D  33977  33976     20
  34699 13249      247.0188    33      248.0284      245.8694  1197533    0.87%           x.5.5 N  34699  22039     16
  35388 13250      246.8018    43      248.0284      245.9099  1218273    0.85%          x.4.19 N  35388  35386     17
  36101 13247      247.4287    32      248.0284      245.9620  1239033    0.83%          x.23.7 N  36101   7375     24
  36790 13195      247.2743    34      248.0284      246.0103  1260223    0.81%         x.25.21 N  36790   4077     30
  37506 13168      247.5579    39      248.0284      246.0581  1280258    0.79%         x.22.19 N  37506  37505     20
  38234 13101      247.6929    33      248.0284      246.1043  1300455    0.78%         x.21.10 N  38234  38233     18
  38940 13070      247.9222    37      248.0284      246.1470  1320875    0.76%         x.23.19 N  38940  38939     20
Elapsed time = 137.85 sec. (205441.04 ticks, tree = 352.30 MB, solutions = 12)
  39637 13033      247.3658    39      248.0284      246.1834  1341002    0.74%         x.25.21 N  39637  39636     30
  40383 12971      247.8435    45      248.0284      246.2256  1361105    0.73%          x.1.19 N  40383  40382     18
  41128 12909      247.9381    33      248.0284      246.2726  1380958    0.71%          x.5.24 N  41128  41127     18
  41843 12845      247.8639    42      248.0284      246.3131  1400309    0.69%         x.18.14 N  41843   4151     21
  42569 12737      247.8750    44      248.0284      246.3566  1419908    0.67%          x.1.19 N  42569  42568     18
  43344 12618      247.2351    35      248.0284      246.4017  1439658    0.66%          x.7.16 N  43344  43342     28
  44123 12421      247.6981    33      248.0284      246.4569  1458992    0.63%         x.15.28 N  44123  44122     23
  44874 12277      246.9036    32      248.0284      246.5021  1478265    0.62%          x.7.16 N  44874  44873     18
  45660 12132      247.3657    32      248.0284      246.5472  1497291    0.60%         x.24.26 N  45660   5128     26
  46400 11997      246.9660    33      248.0284      246.5895  1516049    0.58%          x.12.1 N  46400  17723     16
Elapsed time = 163.36 sec. (243671.71 ticks, tree = 333.18 MB, solutions = 12)
  47174 11804        cutoff            248.0284      246.6318  1534426    0.56%         x.25.23 D  47174  47173     26
  47945 11637      247.2077    38      248.0284      246.6745  1552529    0.55%          x.1.19 N  47945  47943     21
  48735 11408        cutoff            248.0284      246.7163  1570331    0.53%          x.14.5 U  48735  19004     15
  49504 11180      247.7611    36      248.0284      246.7573  1587972    0.51%           x.5.5 N  49504  10720     23
  50365 10885        cutoff            248.0284      246.8078  1606721    0.49%          x.7.14 U  50365  32728     19
  51227 10627        cutoff            248.0284      246.8555  1625660    0.47%           x.7.0 D  51227  51226     19
  52135 10270      247.9645    35      248.0284      246.9093  1643675    0.45%          x.5.13 N  52135  15985     22
  53044  9863        cutoff            248.0284      246.9599  1661768    0.43%         x.25.10 U  53044  36979     18
  53930  9441        cutoff            248.0284      247.0074  1679051    0.41%          x.8.10 U  53930  46685     17
  54850  8990        cutoff            248.0284      247.0630  1696490    0.39%          x.9.27 U  54850  14730     10
Elapsed time = 189.07 sec. (281840.99 ticks, tree = 256.59 MB, solutions = 12)
  55808  8466        cutoff            248.0284      247.1235  1713109    0.36%          x.9.11 U  55808  55806     49
  56763  7944        cutoff            248.0284      247.1765  1729531    0.34%          x.20.7 U  56763  21496     18
  57767  7344        cutoff            248.0284      247.2400  1745599    0.32%          x.1.19 U  57767  37064     13
  58805  6648      247.9596    36      248.0284      247.3065  1760440    0.29%         x.23.19 D  58805  58804     21
  59852  5914        cutoff            248.0284      247.3734  1774422    0.26%         x.23.19 U  59852  45389     27
  60972  5049      248.0002    28      248.0284      247.4493  1786981    0.23%          x.7.16 N  60972  37628     24
  62119  4146        cutoff            248.0284      247.5259  1799157    0.20%         x.24.26 U  62119  34912     15
  63305  3172        cutoff            248.0284      247.6191  1810108    0.17%         x.21.10 U  63305  26757     17
  64550  2093        cutoff            248.0284      247.7234  1819872    0.12%          x.14.6 D  64550  55949     18
  65916   822        cutoff            248.0284      247.8722  1827044    0.06%          x.23.7 U  65916  57579     17
Elapsed time = 215.19 sec. (320006.17 ticks, tree = 24.29 MB, solutions = 12)

Gomory fractional cuts applied:  12
User cuts applied:  4128

Root node processing (before b&c):
  Real time             =    0.06 sec. (50.99 ticks)
Sequential b&c:
  Real time             =  216.55 sec. (322306.35 ticks)
                          ------------
Total (root+branch&cut) =  216.61 sec. (322357.34 ticks)

Solution status: 101
Objective value:  2.4802843152e+02
Solution status is CPX_STAT_OPTIMAL
Node: 66769
