proble size: m = 5 , n = 5 , seed = 8 
Benders' cuts separated to cut off: Integer and fractional infeasible solutions.
seed = 8
Version identifier: 20.1.0.0 | 2020-11-10 | 9bedb6d68
CPXPARAM_Threads                                 1
CPXPARAM_RandomSeed                              8
CPXPARAM_MIP_Strategy_CallbackReducedLP          0
CPXPARAM_MIP_Strategy_Search                     1
CPXPARAM_TimeLimit                               3600
CPXPARAM_MIP_Tolerances_AbsMIPGap                0
CPXPARAM_MIP_Tolerances_MIPGap                   0
Legacy callback                                  LU
Tried aggregator 1 time.
Reduced MIP has 30 rows, 930 columns, and 900 nonzeros.
Reduced MIP has 900 binaries, 0 generals, 0 SOSs, and 0 indicators.
Presolve time = 0.00 sec. (0.36 ticks)
Probing time = 0.00 sec. (1.06 ticks)
Clique table members: 30.
MIP emphasis: balance optimality and feasibility.
MIP search method: traditional branch-and-cut.
Parallel mode: none, using 1 thread.
Root relaxation solution time = 0.00 sec. (0.19 ticks)

        Nodes                                         Cuts/
   Node  Left     Objective  IInf  Best Integer    Best Bound    ItCnt     Gap         Variable B NodeID Parent  Depth

      0     0        0.0000    27                      0.0000        0         
*     0+    0                          903.9305        0.0000           100.00%
*     0+    0                          639.0580        0.0000           100.00%
      0     0      125.4524    39      639.0580     Fract: 19       80   80.37%
*     0+    0                          563.5459      125.4524            77.74%
*     0+    0                          531.0150      125.4524            76.37%
      0     0      204.3015    47      531.0150     Fract: 13      119   61.53%
*     0+    0                          391.8740      204.3015            47.87%
      0     0      232.4066    45      391.8740 UserPurge2: 13      141   40.69%
*     0+    0                          248.0285      232.4066             6.30%
      0     0      238.4630    49      248.0285 UserPurge2: 3      147    3.86%
      0     0      238.5385    48      248.0285 UserPurge2: 1      152    3.83%
      0     2      238.5385    48      248.0285      238.6885      152    3.77%                        0             0
Elapsed time = 0.05 sec. (43.28 ticks, tree = 0.01 MB, solutions = 6)
     46    31      245.7789    41      248.0285      243.3988     2475    1.87%          x.4.24 N     46     45     11
    109    77      245.7897    32      248.0285      243.6028     4653    1.78%         x.12.25 N    109    108     29
    171   121      247.2549    34      248.0285      243.8084     7350    1.70%         x.28.12 N    171    170      6
    243   161      245.9725    42      248.0285      244.1200    10099    1.58%         x.21.10 N    243    241     11
    303   201      247.1333    46      248.0285      244.2072    12071    1.54%          x.1.19 D    303    302     11
    356   240      247.8307    36      248.0285      244.2911    14260    1.51%          x.9.17 N    356    355     12
    432   277      248.0198    35      248.0285      244.4816    16759    1.43%         x.21.10 N    432    431     10
    497   299      245.7320    41      248.0285      244.7109    19103    1.34%          x.12.1 N    497    191      6
    563   337      247.9132    35      248.0285      244.7952    21614    1.30%           x.8.6 N    563    562     24
    880   506      247.3460    33      248.0285      245.0105    31816    1.22%           x.2.6 N    880    879     21
Elapsed time = 2.35 sec. (3186.36 ticks, tree = 5.81 MB, solutions = 6)
   1173   647      246.9101    32      248.0285      245.2761    41651    1.11%         x.12.25 N   1173   1172     11
   1486   783      247.6240    41      248.0285      245.5361    50951    1.00%         x.16.27 N   1486   1485     15
   1784   853        cutoff            248.0285      245.7959    60540    0.90%          x.7.10 U   1784   1783     24
   2087   890      247.5724    38      248.0285      246.0486    69571    0.80%          x.7.10 N   2087   2085     10
   2385   860      247.6747    26      248.0285      246.3644    78820    0.67%          x.12.1 N   2385   2384     12
   2722   760      247.6630    35      248.0285      246.7012    87627    0.54%         x.25.10 N   2722   2720     14
   3109   620        cutoff            248.0285      247.0845    95887    0.38%          x.4.19 U   3109   3107     16
   3645   220    infeasible            248.0285      247.6593   102237    0.15%          x.13.2 D   3645    714     14

Gomory fractional cuts applied:  16
User cuts applied:  1921

Root node processing (before b&c):
  Real time             =    0.05 sec. (43.50 ticks)
Sequential b&c:
  Real time             =    7.78 sec. (11067.11 ticks)
                          ------------
Total (root+branch&cut) =    7.82 sec. (11110.61 ticks)

Solution status: 101
Objective value:  2.4802850000e+02
Solution status is CPX_STAT_OPTIMAL
Node: 3886
