proble size: m = 5 , n = 5 , seed = 6 
Benders' cuts separated to cut off: Only integer infeasible solutions.
seed = 6
Version identifier: 20.1.0.0 | 2020-11-10 | 9bedb6d68
CPXPARAM_Threads                                 1
CPXPARAM_RandomSeed                              6
CPXPARAM_MIP_Strategy_CallbackReducedLP          0
CPXPARAM_MIP_Strategy_Search                     1
CPXPARAM_TimeLimit                               3600
CPXPARAM_MIP_Tolerances_AbsMIPGap                0
CPXPARAM_MIP_Tolerances_MIPGap                   0
Legacy callback                                  L
Tried aggregator 1 time.
Reduced MIP has 30 rows, 930 columns, and 900 nonzeros.
Reduced MIP has 900 binaries, 0 generals, 0 SOSs, and 0 indicators.
Presolve time = 0.05 sec. (0.36 ticks)
Probing time = 0.00 sec. (1.06 ticks)
Clique table members: 30.
MIP emphasis: balance optimality and feasibility.
MIP search method: traditional branch-and-cut.
Parallel mode: none, using 1 thread.
Root relaxation solution time = 0.03 sec. (0.19 ticks)

        Nodes                                         Cuts/
   Node  Left     Objective  IInf  Best Integer    Best Bound    ItCnt     Gap         Variable B NodeID Parent  Depth

      0     0        0.0000    27                      0.0000        0         
*     0+    0                          903.9305        0.0000           100.00%
*     0+    0                          639.0580        0.0000           100.00%
      0     0      119.7418    40      639.0580     Fract: 18       83   81.26%
*     0+    0                          574.4938      119.7418            79.16%
*     0+    0                          468.0451      119.7418            74.42%
      0     0      194.8203    47      468.0451      Fract: 9      122   58.38%
*     0+    0                          420.9226      194.8203            53.72%
*     0+    0                          367.2544      194.8203            46.95%
*     0+    0                          296.1238      194.8203            34.21%
*     0+    0                          295.8378      194.8203            34.15%
      0     2      222.5690    50      295.8378      222.6073      122   24.75%                        0             0
Elapsed time = 0.26 sec. (45.88 ticks, tree = 0.01 MB, solutions = 8)
*    40+   40                          265.5799      224.4126            15.50%
*   200+  194                          260.6891      224.4358            13.91%
    381   365      243.3478    39      260.6891      226.8559     2076   12.98%          x.4.25 D    381    380     63
*   500+  403                          253.5839      227.2416            10.39%
   1009   876      246.2751    40      253.5839      228.3255     5180    9.96%          x.1.19 D   1009   1008     55
   1787  1546      244.4754    34      253.5839      230.4986     9101    9.10%         x.14.10 D   1787   1786     32
*  2000+ 1475                          250.7210      231.4848             7.67%
*  2240+ 1575                          249.8418      231.6882             7.27%
   2440  1748      240.1066    35      249.8418      232.6601    12322    6.88%         x.15.28 D   2440   2439     25
*  3080+ 2214                          249.1499      233.1106             6.44%
   3130  2261      249.0171    32      249.1499      233.1106    15730    6.44%          x.1.24 D   3130   3129     60
   3810  2868      243.6065    34      249.1499      233.3928    19057    6.32%         x.25.23 D   3810   3809     30
   4647  3606      234.4726    46      249.1499      233.8071    23180    6.16%          x.1.20 U   4647   1929      7
   5486  4328      241.6384    30      249.1499      234.0745    27336    6.05%          x.1.11 D   5486   5485     35
   6370  5109      240.9800    33      249.1499      234.2636    31409    5.97%          x.6.25 D   6370   6369     35
   9820  8171      247.3647    35      249.1499      234.7494    47662    5.78%         x.21.19 D   9820   9819     63
Elapsed time = 3.32 sec. (3151.39 ticks, tree = 16.53 MB, solutions = 14)
  13303 11218      242.1204    27      249.1499      235.0103    64083    5.68%         x.24.26 U  13303  13301     19
  17211 14546      242.0587    27      249.1499      235.2200    82818    5.59%         x.13.19 D  17211  17210     46
  21117 17903      247.2882    28      249.1499      235.3901   101751    5.52%          x.7.16 U  21117  21116     42
  24893 21155      244.9410    29      249.1499      235.5170   120308    5.47%          x.11.3 D  24893  24892     37
* 27900+23552                          248.8457      235.6077             5.32%
  28511 24084      239.5688    34      248.8457      235.6263   137633    5.31%         x.28.19 D  28511  28510     38
  32213 27212      245.1864    28      248.8457      235.7492   155287    5.26%         x.25.21 U  32213  32212     42
  35986 30464      246.0961    33      248.8457      235.8589   173100    5.22%         x.27.28 D  35986  35985     55
  39731 33653      242.4942    36      248.8457      235.9564   191215    5.18%          x.7.10 D  39731  39730     40
  43476 36810      240.4724    37      248.8457      236.0506   209057    5.14%          x.7.28 D  43476  43475     29
  47226 39957      242.9023    33      248.8457      236.1419   226855    5.11%         x.25.15 D  47226  47225     26
Elapsed time = 13.06 sec. (12689.05 ticks, tree = 82.52 MB, solutions = 15)
  51008 43172        cutoff            248.8457      236.2182   244547    5.07%         x.29.18 D  51008  51007     62
  54759 46332      241.2572    27      248.8457      236.2764   262068    5.05%          x.19.4 D  54759  54758     44
  58691 49612      238.9722    36      248.8457      236.3444   279571    5.02%         x.16.27 U  58691  58690     17
  62520 52819      243.1568    29      248.8457      236.3924   297611    5.00%          x.7.16 U  62520  62519     39
  66356 56014      238.9613    36      248.8457      236.4570   315533    4.98%         x.20.19 D  66356  66355     32
  70140 59162      245.8944    35      248.8457      236.5058   333406    4.96%         x.18.28 D  70140  70139     38
  73896 62269      242.3524    26      248.8457      236.5563   351613    4.94%         x.25.19 D  73896  73895     27
  77678 65360      237.5519    38      248.8457      236.6029   369503    4.92%         x.16.27 U  77678  77677     26
  81395 68411      242.4244    30      248.8457      236.6379   387755    4.91%         x.19.14 D  81395  81394     43
  85126 71518      247.7239    30      248.8457      236.6788   405881    4.89%         x.29.18 D  85126  85125     63
Elapsed time = 22.88 sec. (22227.06 ticks, tree = 148.63 MB, solutions = 15)
  88900 74637      238.2133    34      248.8457      236.7185   423866    4.87%           x.1.3 D  88900  88899     28
  92617 77665      248.3400    28      248.8457      236.7596   441800    4.86%         x.29.19 D  92617  92616     71
  96295 80683      239.5805    41      248.8457      236.8044   459776    4.84%          x.8.22 D  96295  96294     28
 100056 83767      240.6463    40      248.8457      236.8400   477941    4.82%         x.26.28 D 100056 100055     32
 103772 86803      238.3471    39      248.8457      236.8754   496277    4.81%         x.24.20 N 103772 103771     24
 107561 89913      240.8074    34      248.8457      236.9068   514170    4.80%         x.13.21 D 107561 107560     30
 111308 92917      238.4154    34      248.8457      236.9419   532071    4.78%          x.8.22 D 111308 111307     27
 115054 95944      242.4104    33      248.8457      236.9853   550315    4.77%         x.19.14 D 115054 115053     40
 118818 99068      248.3142    23      248.8457      237.0137   568389    4.75%         x.22.19 D 118818 118817     42
 122542 102105      247.8694    20      248.8457      237.0440   586164    4.74%          x.15.3 D 122542 122541     53
Elapsed time = 32.73 sec. (31765.30 ticks, tree = 209.96 MB, solutions = 15)
 126234 105098      246.3873    27      248.8457      237.0720   604437    4.73%          x.1.10 D 126234 126233     51
 129986 108092        cutoff            248.8457      237.0982   622144    4.72%         x.28.25 D 129986 129985     65
 133748 111128      246.2945    34      248.8457      237.1225   640081    4.71%          x.1.10 D 133748 133747     60
 137488 114128      240.3807    35      248.8457      237.1518   658242    4.70%          x.0.28 D 137488 137487     25
 141160 117081      240.3699    30      248.8457      237.1771   676503    4.69%         x.19.18 D 141160 141159     32
*142120+114840                          248.2220      237.1846             4.45%
 144663 116843      239.1334    33      248.2220      237.2062   693505    4.44%         x.13.15 D 144663 144662     34
 148420 119837      241.2785    30      248.2220      237.2316   711422    4.43%          x.19.1 D 148420 148419     38
 152151 122769      243.8428    34      248.2220      237.2550   729481    4.42%         x.14.10 D 152151 152150     59
 155923 125706      241.8790    29      248.2220      237.2793   747531    4.41%          x.8.20 N 155923 155922     42
 159651 128656      241.6940    32      248.2220      237.3066   765471    4.40%          x.19.6 D 159651 159650     36
Elapsed time = 42.65 sec. (41304.41 ticks, tree = 263.21 MB, solutions = 16)
 163401 131577      239.8311    43      248.2220      237.3293   783525    4.39%         x.23.28 N 163401 163400     29
 167110 134484      239.9440    33      248.2220      237.3504   801747    4.38%         x.29.18 D 167110 167109     28
 170880 137503      242.3647    31      248.2220      237.3723   819687    4.37%         x.19.28 D 170880 170879     24
 174623 140415      244.7492    32      248.2220      237.3974   838002    4.36%          x.7.16 U 174623 174622     52
 178390 143407      239.1174    36      248.2220      237.4233   856367    4.35%         x.13.15 D 178390 178389     24
 182120 146392      242.7580    31      248.2220      237.4449   874028    4.34%          x.19.0 D 182120 182119     40
 185816 149225      241.3059    33      248.2220      237.4670   892350    4.33%          x.3.28 D 185816 185815     29
 189551 152121      243.2486    29      248.2220      237.4896   910514    4.32%          x.4.28 D 189551 189550     21
 193310 155069      241.0942    30      248.2220      237.5107   929037    4.32%          x.4.19 D 193310 193309     35
 197040 157977      238.7710    35      248.2220      237.5319   947020    4.31%           x.3.4 D 197040 197039     24
Elapsed time = 52.51 sec. (50843.50 ticks, tree = 326.70 MB, solutions = 16)
 200799 160884      243.6622    30      248.2220      237.5506   965084    4.30%          x.19.1 D 200799 200798     46
 204520 163819      245.9138    29      248.2220      237.5682   982934    4.29%         x.25.23 D 204520 204519     49
 208220 166701      247.4349    31      248.2220      237.5868  1001216    4.28%           x.4.4 D 208220 208219     59
 211921 169587      241.0958    33      248.2220      237.6062  1019769    4.28%          x.3.28 D 211921 211920     33
 215590 172432      239.9829    42      248.2220      237.6265  1037960    4.27%         x.13.15 D 215590 215589     24
 219259 175323      242.7714    31      248.2220      237.6431  1056348    4.26%         x.11.14 U 219259 219257     23
 222944 178212      240.7273    30      248.2220      237.6605  1074640    4.25%          x.8.10 D 222944 222943     28
 226701 181118      241.2049    32      248.2220      237.6741  1093159    4.25%          x.12.4 D 226701 226700     34
 230386 183985      240.4081    32      248.2220      237.6947  1111635    4.24%         x.19.28 D 230386 230385     34
 234027 186768      239.8202    36      248.2220      237.7108  1130099    4.23%          x.12.4 N 234027 234026     22
Elapsed time = 62.40 sec. (60382.74 ticks, tree = 384.46 MB, solutions = 16)
 237670 189625      241.5663    38      248.2220      237.7269  1148520    4.23%          x.11.5 D 237670 237669     25
 241341 192464      243.8385    33      248.2220      237.7444  1167210    4.22%          x.4.28 D 241341 241340     37
 245000 195199      246.2634    24      248.2220      237.7632  1185522    4.21%          x.15.3 D 245000 244999     40
 248690 198087      241.8643    28      248.2220      237.7776  1203890    4.21%          x.4.28 D 248690 248689     36
 252408 200921      245.6360    26      248.2220      237.7942  1222455    4.20%          x.8.10 D 252408 252407     50
 256047 203663      239.6001    22      248.2220      237.8084  1241274    4.20%         x.27.21 U 256047 256046     21
 259748 206500      240.3769    32      248.2220      237.8232  1259819    4.19%         x.19.17 N 259748 259747     19
 263456 209389      245.0931    34      248.2220      237.8359  1278119    4.18%         x.11.14 D 263456 263455     39
 267088 212169      237.9818    37      248.2220      237.8500  1296429    4.18%         x.18.21 N 267088 267087     32
 270732 214950      244.7453    30      248.2220      237.8646  1314876    4.17%         x.11.14 D 270732 270731     38
Elapsed time = 72.30 sec. (69921.99 ticks, tree = 443.04 MB, solutions = 16)
 274428 217774      241.7418    25      248.2220      237.8807  1333601    4.17%         x.11.19 D 274428 274426     34
 278030 220494      242.2873    26      248.2220      237.8993  1352158    4.16%         x.11.19 D 278030 278029     27
 281756 223297      238.6470    37      248.2220      237.9151  1370580    4.15%          x.21.8 U 281756 281755     17
 285413 226021      240.6320    37      248.2220      237.9303  1389078    4.15%         x.23.28 U 285413 285412     24
 289086 228857      243.1302    32      248.2220      237.9445  1407783    4.14%          x.8.10 D 289086 289085     32
 292700 231628      240.8212    30      248.2220      237.9556  1426429    4.14%           x.6.9 U 292700 292699     29
 296350 234459      244.4822    37      248.2220      237.9695  1444801    4.13%         x.18.28 D 296350 296349     41
 300098 237302      240.0476    31      248.2220      237.9827  1463454    4.13%          x.4.19 D 300098 300097     39
 303714 240042      243.8326    28      248.2220      237.9947  1482220    4.12%          x.8.15 D 303714 303713     44
 307386 242855      240.5761    32      248.2220      238.0052  1500896    4.12%         x.25.19 D 307386 307384     20
Elapsed time = 82.19 sec. (79461.09 ticks, tree = 501.47 MB, solutions = 16)
 311109 245710      240.7405    32      248.2220      238.0200  1519484    4.11%           x.6.9 U 311109 311108     29
 314748 248491      239.9042    34      248.2220      238.0345  1538122    4.10%          x.4.28 D 314748 314747     18
 318420 251281      242.1871    35      248.2220      238.0462  1556959    4.10%          x.5.28 D 318420 318419     49
 322073 254083      248.0609    28      248.2220      238.0576  1575538    4.09%           x.1.3 D 322073 322072     48
 325690 256797      246.7340    33      248.2220      238.0690  1594213    4.09%          x.8.11 D 325690 325689     48
 329310 259508      246.9943    30      248.2220      238.0804  1612816    4.09%           x.8.6 D 329310 329309     21
 332935 262237      241.9950    31      248.2220      238.0938  1631166    4.08%          x.3.28 D 332935 332934     27
 336650 265062      242.0155    29      248.2220      238.1066  1649470    4.08%           x.6.9 U 336650 336649     41
 340310 267844      243.0102    25      248.2220      238.1208  1668093    4.07%          x.11.3 D 340310 340309     36
 354841 278725      238.2613    36      248.2220      238.1635  1742120    4.05%         x.19.17 U 354841  21303     19
Elapsed time = 95.03 sec. (91860.03 ticks, tree = 576.38 MB, solutions = 16)
 369445 289653      240.7414    37      248.2220      238.2113  1816738    4.03%          x.8.12 D 369445 369444     48
 384063 300513      242.1079    31      248.2220      238.2530  1891275    4.02%         x.17.28 D 384063 384062     30
 398590 311294      243.2151    26      248.2220      238.2947  1966057    4.00%         x.15.28 D 398590 398589     28
 413258 322211      243.1775    31      248.2220      238.3351  2040217    3.98%          x.4.28 D 413258 413257     33
 427867 333043      240.0257    33      248.2220      238.3735  2115529    3.97%         x.13.21 D 427867 427866     32
 442492 343815      244.9174    28      248.2220      238.4070  2190482    3.95%           x.0.3 D 442492 442491     62
 457016 354567      247.0104    32      248.2220      238.4436  2265588    3.94%          x.7.10 N 457016 457014     33
 471563 365359      247.6312    29      248.2220      238.4797  2341224    3.92%           x.3.4 U 471563 471561     65
 486290 376159      242.9095    39      248.2220      238.5142  2415842    3.91%          x.0.28 D 486290 486289     36
 500830 386934      241.6671    29      248.2220      238.5464  2490893    3.90%           x.6.9 U 500830 500829     31
Elapsed time = 134.38 sec. (130009.25 ticks, tree = 797.03 MB, solutions = 16)
 515397 397560      243.8235    24      248.2220      238.5800  2565742    3.88%         x.12.21 U 515397 515396     37
 529922 408257        cutoff            248.2220      238.6102  2640557    3.87%           x.6.9 D 529922 529920     29
 544520 419011      241.1514    38      248.2220      238.6409  2715212    3.86%         x.10.23 D 544520 544519     26
 559141 429807      247.0726    25      248.2220      238.6707  2789590    3.85%          x.8.20 D 559141 559140     44
 573793 440652      239.6850    37      248.2220      238.6990  2864817    3.84%         x.13.15 D 573793 573792     22
 588458 451424      243.1246    34      248.2220      238.7280  2939411    3.82%          x.8.26 N 588458 588457     51
 603066 462100      242.8351    36      248.2220      238.7557  3014449    3.81%         x.18.28 D 603066 603065     36
 617567 472713      246.8636    29      248.2220      238.7829  3089788    3.80%         x.23.28 U 617567 275167     25
 632156 483460      241.2409    31      248.2220      238.8085  3164842    3.79%           x.6.9 U 632156 632155     26
 646837 494165        cutoff            248.2220      238.8336  3239789    3.78%          x.4.28 U 646837 646835     24
Elapsed time = 173.60 sec. (168158.22 ticks, tree = 1021.49 MB, solutions = 16)
 661490 504912      244.6936    23      248.2220      238.8578  3315080    3.77%           x.0.3 D 661490 661489     29
 676188 515646        cutoff            248.2220      238.8800  3390883    3.76%          x.1.11 D 676188 676187     46
 690776 526264      247.1292    28      248.2220      238.9024  3465593    3.75%           x.8.3 D 690776 690775     52
 705477 536845      242.1809    35      248.2220      238.9249  3540740    3.75%         x.25.15 D 705477 705476     38
 720150 547407      245.3121    31      248.2220      238.9475  3615249    3.74%           x.8.9 D 720150 720149     53
 734738 557957        cutoff            248.2220      238.9690  3690774    3.73%         x.20.13 U 734738 734736     37
 749466 568555      241.5250    35      248.2220      238.9908  3765904    3.72%         x.27.21 U 749466 749465     23
 763996 579075      241.5606    34      248.2220      239.0125  3841818    3.71%          x.26.8 U 763996 763995     22
 778671 589716      239.5791    36      248.2220      239.0339  3916609    3.70%         x.18.21 D 778671 778670     29
 793403 600359      245.5748    29      248.2220      239.0543  3992051    3.69%          x.3.28 D 793403 793402     38
Elapsed time = 212.81 sec. (206306.67 ticks, tree = 1240.65 MB, solutions = 16)
 808064 610836      241.2881    29      248.2220      239.0743  4067102    3.69%         x.13.19 D 808064 808063     34
 822679 621209      242.6853    44      248.2220      239.0941  4143496    3.68%         x.19.28 D 822679 822678     27
 837396 631752      239.9532    39      248.2220      239.1122  4218369    3.67%         x.28.28 U 837396 837394     26
 852000 642172      245.7583    29      248.2220      239.1308  4294353    3.66%          x.1.11 D 852000 851999     48
 866676 652643      243.9517    30      248.2220      239.1486  4369668    3.66%          x.8.24 D 866676 866675     41
 881301 663236      241.8845    37      248.2220      239.1668  4444696    3.65%         x.28.28 D 881301 881300     19
 895980 673852      240.1765    34      248.2220      239.1838  4520255    3.64%          x.7.16 U 895980 895979     24
 910596 684304      239.5586    34      248.2220      239.2017  4595688    3.63%           x.0.3 U 910596 775910     27
 925236 694760      243.9830    29      248.2220      239.2181  4670825    3.63%           x.8.4 D 925236 925235     37
 939764 705185      246.5477    36      248.2220      239.2338  4745499    3.62%         x.11.14 U 939764 939762     43
Elapsed time = 251.90 sec. (244457.98 ticks, tree = 1458.30 MB, solutions = 16)
 954412 715575      245.1948    25      248.2220      239.2485  4820755    3.62%         x.18.28 D 954412 954411     36
 969152 726143      247.0449    34      248.2220      239.2647  4895061    3.61%         x.12.21 N 969152 969151     46
 983818 736664      246.1639    30      248.2220      239.2809  4969984    3.60%          x.12.4 D 983818 983817     47
 998415 746988      244.5076    34      248.2220      239.2962  5044923    3.60%         x.13.21 D 998415 998414     39
 1013059 757464      241.0594    26      248.2220      239.3102  5120249    3.59%          x.7.10 N 1013059 1013058     30
 1027750 767869      240.6179    24      248.2220      239.3255  5195411    3.58%          x.25.0 D 1027750 1027749     39
 1042460 778258      244.6655    28      248.2220      239.3410  5270030    3.58%         x.13.21 D 1042460 1042459     37
 1057130 788660      246.2585    25      248.2220      239.3559  5344994    3.57%         x.16.27 U 1057130 1057129     38
 1071745 798876        cutoff            248.2220      239.3692  5420777    3.57%           x.8.9 U 1071745 1071743     40
 1086376 809146      245.1219    37      248.2220      239.3844  5496042    3.56%           x.8.5 D 1086376 1086375     47
Elapsed time = 290.98 sec. (282606.34 ticks, tree = 1666.91 MB, solutions = 16)
 1101093 819486      241.5853    33      248.2220      239.3994  5570868    3.55%          x.4.28 D 1101093 1101092     30
 1115658 829710      245.5871    35      248.2220      239.4127  5646305    3.55%          x.7.16 D 1115658 1115656     41
 1130300 839835      244.0171    33      248.2220      239.4270  5722023    3.54%         x.20.13 U 1130300 1130299     34
 1144904 849981      244.6041    37      248.2220      239.4414  5797712    3.54%          x.1.19 U 1144904 1144901     41
 1159540 860298      245.0840    24      248.2220      239.4557  5873163    3.53%          x.9.17 U 1159540 1159539     46
 1174040 870498      242.3495    27      248.2220      239.4684  5948732    3.53%         x.12.19 D 1174040 1174039     38
 1188638 880695      240.7102    25      248.2220      239.4806  6023863    3.52%           x.6.9 U 1188638 1188637     23
 1203226 890872      245.4448    32      248.2220      239.4947  6099851    3.52%          x.5.28 D 1203226 1203225     52
 1217912 901071        cutoff            248.2220      239.5075  6175880    3.51%          x.1.19 U 1217912 1217910     40
 1232500 911219      243.5267    36      248.2220      239.5208  6251694    3.51%          x.0.28 D 1232500 1232499     24
Elapsed time = 330.10 sec. (320755.84 ticks, tree = 1880.50 MB, solutions = 16)
 1247181 921394      241.7044    28      248.2220      239.5340  6327271    3.50%         x.19.12 D 1247181 1247180     32
 1261794 931545      244.3935    31      248.2220      239.5463  6402473    3.50%           x.8.4 D 1261794 1261793     35
 1276423 941747      242.9232    30      248.2220      239.5596  6477918    3.49%          x.8.12 D 1276423 1276422     44
 1291010 951920      245.8805    22      248.2220      239.5722  6554199    3.48%          x.8.11 D 1291010 1291009     50
 1305577 962090      241.3400    39      248.2220      239.5847  6630547    3.48%          x.7.16 U 1305577 1305576     34
 1320115 972056      240.8472    27      248.2220      239.5978  6707081    3.47%           x.0.3 D 1320115 1320114     31
 1334661 982088      242.8940    35      248.2220      239.6090  6782770    3.47%         x.13.21 U 1334661 1334658     34
 1348859 991914      241.6793    26      248.2220      239.6206  6856386    3.47%          x.19.5 U 1348859 688153     49
 1361467 1000559      242.5471    33      248.2220      239.6308  6921423    3.46%           x.8.5 D 1361467 1361466     39
 1374020 1009183      242.3780    31      248.2220      239.6407  6987952    3.46%          x.3.28 D 1374020 1374019     29
Elapsed time = 375.82 sec. (358904.70 ticks, tree = 2086.17 MB, solutions = 16)
Nodefile size = 38.94 MB (19.79 MB after compression)
 1386830 1017988      248.0797    20      248.2220      239.6513  7054198    3.45%         x.17.20 D 1386830 1386829     39
 1399140 1026489      240.2993    35      248.2220      239.6615  7117775    3.45%          x.8.19 D 1399140 1399139     42
 1412026 1035373      245.7834    32      248.2220      239.6714  7183861    3.44%         x.13.15 D 1412026 1412025     36
 1425333 1044663      245.5333    37      248.2220      239.6815  7252866    3.44%          x.16.3 D 1425333 1425332     46
 1438945 1054010      241.9300    33      248.2220      239.6931  7323569    3.44%          x.8.22 N 1438945 1438944     41
 1451646 1062718      247.2575    24      248.2220      239.7029  7388807    3.43%         x.13.21 D 1451646 1451645     46
 1464732 1071705      242.7065    29      248.2220      239.7130  7455821    3.43%          x.19.1 D 1464732 1464731     36
 1477914 1080721      241.4707    26      248.2220      239.7233  7523748    3.42%          x.12.4 N 1477914 1477913     37
 1490818 1089566      246.6406    27      248.2220      239.7325  7590699    3.42%           x.6.9 U 1490818 1490817     41
 1503420 1098141      242.4689    31      248.2220      239.7415  7655971    3.42%         x.28.28 D 1503420 1503419     24
Elapsed time = 443.44 sec. (397085.12 ticks, tree = 2258.25 MB, solutions = 16)
Nodefile size = 210.65 MB (106.61 MB after compression)
 1515780 1106555      246.6670    26      248.2220      239.7514  7720424    3.41%         x.19.14 D 1515780 1515779     30
 1529060 1115744      243.6906    31      248.2220      239.7605  7788871    3.41%           x.1.2 D 1529060 1529059     36
 1542265 1124724      241.7943    24      248.2220      239.7698  7857640    3.41%           x.6.9 U 1542265 1542264     31
 1554894 1133444        cutoff            248.2220      239.7788  7922437    3.40%         x.19.20 U 1554894 144953     16
 1567577 1142184      247.3376    34      248.2220      239.7878  7988683    3.40%          x.1.20 D 1567577 1567576     40
 1580131 1150674      246.2931    30      248.2220      239.7967  8054477    3.39%          x.8.12 D 1580131 1580130     42
 1593103 1159237      246.1721    27      248.2220      239.8062  8122253    3.39%           x.1.3 D 1593103 1593102     41
 1605721 1167731      241.0048    35      248.2220      239.8151  8188963    3.39%         x.27.21 U 1605721 1605720     32
 1618639 1176486      244.4406    35      248.2220      239.8246  8257052    3.38%          x.8.20 D 1618639 1618638     44
 1631840 1185261      244.7271    28      248.2220      239.8334  8326639    3.38%           x.8.5 D 1631840 1631839     37
Elapsed time = 511.92 sec. (435245.44 ticks, tree = 2426.76 MB, solutions = 16)
Nodefile size = 379.37 MB (190.59 MB after compression)
 1643980 1193360      242.3341    36      248.2220      239.8422  8390115    3.38%          x.8.19 D 1643980 1643979     30
 1657913 1202798      241.6224    32      248.2220      239.8512  8463154    3.37%          x.8.15 D 1657913 1657912     49
 1669965 1210901      244.2092    30      248.2220      239.8592  8527225    3.37%          x.16.6 D 1669965 1669964     30
 1681540 1218656      243.3530    37      248.2220      239.8669  8588142    3.37%         x.19.28 D 1681540 1681539     25
 1695363 1227914      244.4887    27      248.2220      239.8766  8661314    3.36%          x.1.19 D 1695363 1695362     42
 1708790 1236908      243.6838    28      248.2220      239.8855  8730719    3.36%         x.19.12 D 1708790 1708789     39
 1722294 1246018      244.6918    33      248.2220      239.8940  8800714    3.36%           x.0.3 D 1722294 1722293     47
 1735645 1254984      242.4561    24      248.2220      239.9028  8870038    3.35%         x.12.21 U 1735645 1735644     29
 1748161 1263467      240.5126    30      248.2220      239.9107  8935804    3.35%          x.4.28 D 1748161 1748160     34
 1761410 1272349      241.1456    34      248.2220      239.9195  9005045    3.34%         x.19.20 D 1761410 1761409     25
Elapsed time = 581.96 sec. (473395.51 ticks, tree = 2595.22 MB, solutions = 16)
Nodefile size = 548.09 MB (273.21 MB after compression)
 1775234 1281558      246.4573    37      248.2220      239.9290  9077735    3.34%         x.12.21 D 1775234 1775232     36
 1788191 1290343      245.9080    31      248.2220      239.9368  9145571    3.34%          x.7.16 U 1788191 1788190     26
 1801016 1298990      240.7759    34      248.2220      239.9447  9212577    3.33%         x.13.12 D 1801016 1801015     34
 1813468 1307344      244.5208    29      248.2220      239.9529  9277307    3.33%         x.18.28 D 1813468 1813467     55
 1826675 1316323      243.2811    34      248.2220      239.9614  9346597    3.33%          x.12.4 U 1826675 1826674     40
 1839318 1324786        cutoff            248.2220      239.9691  9412518    3.32%          x.2.21 U 1839318 1839316     51
 1851951 1333355        cutoff            248.2220      239.9766  9477722    3.32%          x.8.24 U 1851951 1851949     40
 1864910 1341953      243.4276    31      248.2220      239.9843  9545184    3.32%           x.8.4 D 1864910 1864909     37
 1877329 1350446      248.1893    20      248.2220      239.9917  9609227    3.32%          x.1.11 U 1877329 1877327     36
 1889974 1358989      244.2427    30      248.2220      239.9994  9675329    3.31%          x.8.11 D 1889974 1889973     37
Elapsed time = 652.75 sec. (511645.95 ticks, tree = 2762.80 MB, solutions = 16)
Nodefile size = 715.83 MB (353.56 MB after compression)
 1902995 1367763      242.1507    30      248.2220      240.0070  9743522    3.31%          x.8.15 D 1902995 1902994     36
 1916010 1376457      244.0568    29      248.2220      240.0147  9811685    3.31%           x.8.5 D 1916010 1916009     35
 1929630 1385661        cutoff            248.2220      240.0223  9882267    3.30%         x.25.21 U 1929630 1929629     52
 1942757 1394528      243.2950    31      248.2220      240.0301  9951150    3.30%         x.11.14 D 1942757 1942756     25
 1955404 1403057      247.2252    30      248.2220      240.0376 10017652    3.30%           x.1.3 D 1955404 1955403     49
 1968420 1411823      243.8624    30      248.2220      240.0448 10085450    3.29%          x.6.28 D 1968420 1968419     34
 1981400 1420517      244.0202    37      248.2220      240.0519 10153028    3.29%           x.8.4 D 1981400 1981399     45
 1993924 1428733      247.1974    27      248.2220      240.0590 10218103    3.29%           x.8.1 D 1993924 1993923     41
 2006929 1437298      242.9949    37      248.2220      240.0664 10286270    3.29%         x.17.28 D 2006929 2006928     48
 2020310 1446214      246.8077    29      248.2220      240.0740 10356808    3.28%          x.19.1 D 2020310 2020309     47
Elapsed time = 724.95 sec. (549808.45 ticks, tree = 2931.56 MB, solutions = 16)
Nodefile size = 883.57 MB (432.52 MB after compression)
 2033599 1455058      245.3438    32      248.2220      240.0818 10426596    3.28%          x.8.11 D 2033599 2033598     36
 2046955 1464065      245.6541    31      248.2220      240.0892 10497396    3.28%           x.0.3 D 2046955 2046954     43
 2060400 1472827      248.1555    33      248.2220      240.0967 10568587    3.27%           x.8.5 D 2060400 2060399     35
 2073393 1481319      243.5661    31      248.2220      240.1043 10637482    3.27%           x.0.3 D 2073393 2073392     31
 2085808 1489474      246.3037    34      248.2220      240.1108 10702714    3.27%          x.8.19 D 2085808 2085807     56
 2098548 1497840      245.6833    35      248.2220      240.1176 10769894    3.26%          x.3.28 U 2098548 2098546     26
 2110996 1506031      243.2547    37      248.2220      240.1241 10835173    3.26%         x.19.21 D 2110996 2110995     40
 2124008 1514619      245.6902    29      248.2220      240.1318 10904248    3.26%          x.12.4 U 2124008 2124007     43
 2136737 1522910      242.2634    29      248.2220      240.1390 10970509    3.26%         x.27.21 U 2136737 2136736     26
 2149959 1531690      246.8521    28      248.2220      240.1463 11039347    3.25%          x.11.5 N 2149959 2149957     37
Elapsed time = 797.40 sec. (587977.04 ticks, tree = 3096.89 MB, solutions = 16)
Nodefile size = 1049.33 MB (509.01 MB after compression)
 2162366 1539743      244.7873    22      248.2220      240.1529 11104248    3.25%         x.17.28 D 2162366 2162365     32
 2175331 1548377      243.5311    33      248.2220      240.1603 11172882    3.25%          x.8.27 D 2175331 2175330     41
 2187695 1556378      241.8963    43      248.2220      240.1666 11238635    3.25%         x.17.28 D 2187695 2187694     25
 2200604 1564924      246.0955    31      248.2220      240.1734 11305104    3.24%          x.8.12 D 2200604 2200603     50
 2212800 1572841      245.8494    35      248.2220      240.1804 11368884    3.24%          x.8.19 U 2212800 1339848     32
 2225548 1581160      241.5781    27      248.2220      240.1874 11435671    3.24%           x.6.9 U 2225548 2225547     28
 2238491 1589738      243.9508    33      248.2220      240.1939 11503452    3.23%           x.8.5 N 2238491 2238490     41
 2251989 1598639      240.6773    39      248.2220      240.2012 11574528    3.23%         x.11.21 D 2251989 2251988     37
 2265264 1607271      243.9865    34      248.2220      240.2077 11644580    3.23%          x.0.28 D 2265264 2265263     26
 2278040 1615575      243.5427    35      248.2220      240.2141 11711890    3.23%          x.4.28 D 2278040 2278039     31
Elapsed time = 869.73 sec. (626136.57 ticks, tree = 3259.14 MB, solutions = 16)
Nodefile size = 1212.11 MB (582.97 MB after compression)
 2291680 1624289      242.5811    36      248.2220      240.2211 11784663    3.22%           x.4.4 D 2291680 2291678     34
 2304593 1632633        cutoff            248.2220      240.2278 11852237    3.22%         x.29.18 D 2304593 2304591     40
 2317349 1640852      240.5763    31      248.2220      240.2342 11919360    3.22%          x.7.16 N 2317349 964243     25
 2330341 1649245      245.4129    24      248.2220      240.2407 11988065    3.22%         x.29.19 D 2330341 2330340     57
 2342539 1657093      246.8304    30      248.2220      240.2470 12053349    3.21%          x.1.19 U 2342539 2342537     41
 2355406 1665344      246.6198    24      248.2220      240.2534 12121356    3.21%          x.6.13 U 2355406 2355404     26
 2368480 1673882      243.3249    26      248.2220      240.2597 12189598    3.21%          x.11.3 D 2368480 2368479     34
 2381484 1682161      241.8930    35      248.2220      240.2667 12258666    3.20%           x.6.9 U 2381484 2381483     29
 2394992 1690902      242.5074    31      248.2220      240.2736 12330041    3.20%         x.13.28 D 2394992 2394991     30
 2407930 1699320      245.0415    35      248.2220      240.2799 12398337    3.20%          x.8.19 D 2407930 2407929     37
Elapsed time = 943.04 sec. (664286.46 ticks, tree = 3421.14 MB, solutions = 16)
Nodefile size = 1373.90 MB (655.72 MB after compression)
 2421197 1708019      247.0678    25      248.2220      240.2864 12467723    3.20%         x.16.27 N 2421197 2421196     46
 2433795 1716219      245.4404    33      248.2220      240.2925 12533732    3.19%          x.16.3 D 2433795 2433794     43
 2447030 1724790      241.5568    26      248.2220      240.2991 12603357    3.19%           x.6.9 N 2447030 2447029     32
 2460604 1733473        cutoff            248.2220      240.3059 12674490    3.19%          x.3.11 U 2460604 2460602     38
 2473417 1741681        cutoff            248.2220      240.3119 12742643    3.19%         x.17.28 U 2473417 2473415     39
 2486106 1749801      242.5839    33      248.2220      240.3180 12809318    3.18%          x.8.10 U 2486106 770529     29
 2498768 1758027      244.8112    25      248.2220      240.3238 12877230    3.18%         x.18.28 D 2498768 2498767     36
 2511620 1766114      241.6129    38      248.2220      240.3307 12946245    3.18%           x.8.5 D 2511620 2511619     32
 2524115 1774039      242.9667    35      248.2220      240.3367 13012415    3.18%           x.8.6 D 2524115 2524114     27
 2536910 1782166      241.4554    32      248.2220      240.3428 13080268    3.17%         x.25.12 U 2536910 1005462     39
Elapsed time = 1016.14 sec. (702495.66 ticks, tree = 3581.43 MB, solutions = 16)
Nodefile size = 1533.68 MB (726.61 MB after compression)
 2549914 1790343      242.1788    30      248.2220      240.3492 13149751    3.17%          x.8.19 D 2549914 2549913     31
 2562467 1798310      244.8811    30      248.2220      240.3552 13216594    3.17%          x.12.4 U 2562467 2562465     35
 2575482 1806621      246.1302    22      248.2220      240.3611 13285990    3.17%           x.0.3 D 2575482 2575481     42
 2588208 1814608      247.1293    29      248.2220      240.3670 13353893    3.16%           x.1.3 D 2588208 2588207     47
 2600364 1822163      245.8026    30      248.2220      240.3729 13418109    3.16%          x.0.28 D 2600364 2600363     37
 2614001 1830870      247.9046    25      248.2220      240.3795 13491699    3.16%           x.0.3 U 2614001 2613999     46
 2627121 1839110      240.6884    42      248.2220      240.3857 13561126    3.16%          x.8.25 D 2627121 2627120     32
 2639680 1847141      247.9612    28      248.2220      240.3920 13627946    3.15%         x.10.10 U 2639680 2639678     38
 2652032 1855203      242.9756    39      248.2220      240.3976 13693804    3.15%         x.25.15 D 2652032 2652031     32
 2664641 1863222      245.2443    38      248.2220      240.4034 13761072    3.15%         x.15.28 D 2664641 2664640     25
Elapsed time = 1088.81 sec. (740643.97 ticks, tree = 3738.24 MB, solutions = 16)
Nodefile size = 1690.45 MB (795.32 MB after compression)
 2677594 1871586        cutoff            248.2220      240.4093 13829187    3.15%          x.1.20 D 2677594 2677593     42
 2690641 1879933      245.2876    32      248.2220      240.4150 13897104    3.15%         x.12.21 U 2690641 2690640     45
 2703581 1888137      247.3851    30      248.2220      240.4208 13965945    3.14%         x.27.21 D 2703581 2703579     44
 2716622 1896306      240.6874    42      248.2220      240.4265 14036024    3.14%           x.9.0 U 2716622 1466191     27
 2729536 1904392      241.9422    35      248.2220      240.4318 14105468    3.14%         x.13.15 N 2729536 2729535     33
 2742282 1912283      242.8818    32      248.2220      240.4375 14173081    3.14%          x.3.28 D 2742282 2742281     27
 2755231 1920626      245.6598    32      248.2220      240.4430 14241679    3.13%          x.12.4 U 2755231 2755230     52
 2767909 1928718        cutoff            248.2220      240.4484 14308873    3.13%         x.20.13 D 2767909 2767908     53
 2780937 1936997      247.5696    36      248.2220      240.4540 14377749    3.13%          x.8.10 U 2780937 2780936     34
 2794120 1945400      245.6779    34      248.2220      240.4593 14447441    3.13%          x.8.12 D 2794120 2794119     45
Elapsed time = 1162.82 sec. (778827.40 ticks, tree = 3897.19 MB, solutions = 16)
Nodefile size = 1850.22 MB (864.16 MB after compression)
 2807768 1954005      240.5655    35      248.2220      240.4650 14520134    3.13%         x.27.21 D 2807768 1935579     28
 2820917 1962191      242.1876    31      248.2220      240.4706 14589767    3.12%          x.8.15 D 2820917 2820916     36
 2834036 1970612      240.6948    33      248.2220      240.4763 14659429    3.12%          x.0.17 D 2834036 2834035     39
 2847190 1979012      247.8361    32      248.2220      240.4820 14729129    3.12%           x.0.3 D 2847190 2847189     35
 2860278 1987347      244.4979    33      248.2220      240.4880 14798180    3.12%          x.8.24 U 2860278 1519303     29
 2873503 1995474      244.3385    27      248.2220      240.4937 14869554    3.11%          x.8.19 D 2873503 2873502     40
 2886808 2003697      246.1704    35      248.2220      240.4994 14940956    3.11%           x.8.4 D 2886808 2886807     35
 2899544 2011822      241.9972    39      248.2220      240.5041 15008746    3.11%          x.19.1 D 2899544 2899543     42
 2912919 2020131      247.6135    26      248.2220      240.5099 15079661    3.11%           x.8.6 D 2912919 2912918     46
 2925961 2028336      241.4454    34      248.2220      240.5153 15148872    3.10%          x.3.20 D 2925961 2925960     27
Elapsed time = 1237.60 sec. (817024.01 ticks, tree = 4057.65 MB, solutions = 16)
Nodefile size = 2010.02 MB (932.35 MB after compression)
 2939110 2036549      244.6226    35      248.2220      240.5208 15218916    3.10%         x.15.28 D 2939110 2939109     38
 2952446 2044790      243.4837    31      248.2220      240.5265 15290684    3.10%          x.2.21 D 2952446 2952445     28
 2965557 2053112      243.4548    42      248.2220      240.5319 15360495    3.10%         x.17.28 D 2965557 2965556     31
 2979072 2061556      245.0015    29      248.2220      240.5372 15431712    3.10%          x.19.6 D 2979072 2979071     41
 2992038 2069551      244.5648    27      248.2220      240.5428 15500711    3.09%         x.17.28 D 2992038 2992037     40
 3005814 2078094      242.4150    35      248.2220      240.5484 15573856    3.09%          x.7.16 U 3005814 3005812     26
 3019100 2086325      245.1474    37      248.2220      240.5543 15645022    3.09%         x.17.28 D 3019100 3019099     29
 3031690 2094154      242.5853    26      248.2220      240.5593 15711667    3.09%          x.8.20 D 3031690 3031689     36
 3044395 2101936      245.5422    31      248.2220      240.5647 15779692    3.08%         x.18.28 D 3044395 3044394     35
 3057755 2110176      242.7319    35      248.2220      240.5701 15851250    3.08%         x.12.21 D 3057755 3057754     24
Elapsed time = 1312.71 sec. (855181.93 ticks, tree = 4215.95 MB, solutions = 16)
Nodefile size = 2168.81 MB (999.74 MB after compression)
 3071172 2118540      246.0355    24      248.2220      240.5756 15922627    3.08%           x.2.3 N 3071172 3071171     52
 3084161 2126616      243.7175    33      248.2220      240.5808 15991353    3.08%          x.8.19 N 3084161 3084160     27
 3097440 2134850      241.7903    33      248.2220      240.5859 16062892    3.08%          x.4.28 D 3097440 3097439     24
 3110715 2143113      244.3039    26      248.2220      240.5913 16133350    3.07%          x.8.14 D 3110715 3110714     51
 3123702 2151084      244.3571    28      248.2220      240.5963 16203021    3.07%          x.8.15 D 3123702 3123701     33
 3136567 2159119      244.9666    27      248.2220      240.6011 16271454    3.07%           x.8.6 D 3136567 3136565     35
 3149900 2167255      244.1818    31      248.2220      240.6065 16343262    3.07%          x.8.10 D 3149900 3149899     30
 3163356 2175351      243.4458    34      248.2220      240.6119 16415526    3.07%         x.27.28 D 3163356 3163355     28
 3176556 2183467      240.7737    45      248.2220      240.6172 16486239    3.06%         x.23.28 U 3176556 1081550     23
 3189490 2191480      247.5478    25      248.2220      240.6220 16555082    3.06%         x.20.13 D 3189490 3189488     43
Elapsed time = 1387.65 sec. (893342.56 ticks, tree = 4373.26 MB, solutions = 16)
Nodefile size = 2325.58 MB (1065.62 MB after compression)
 3201690 2198792      245.3458    30      248.2220      240.6265 16621273    3.06%          x.8.24 D 3201690 3201689     49
 3214800 2206846      243.2613    23      248.2220      240.6316 16692263    3.06%          x.23.2 D 3214800 3214798     31
 3227233 2214405      245.5058    29      248.2220      240.6363 16759958    3.06%          x.8.19 D 3227233 3227232     34
 3240280 2222379      242.9727    34      248.2220      240.6411 16829993    3.05%           x.8.6 D 3240280 3240279     37
 3253969 2230798      244.4526    25      248.2220      240.6465 16903838    3.05%         x.17.28 D 3253969 3253968     34
 3266783 2238505      243.2900    35      248.2220      240.6512 16972583    3.05%         x.20.13 D 3266783 3266782     41
 3280029 2246454      242.4646    30      248.2220      240.6562 17044152    3.05%           x.8.1 D 3280029 3280028     40
 3293326 2254614      245.1363    37      248.2220      240.6611 17115232    3.05%         x.13.21 D 3293326 3293325     45
 3306680 2262892      243.3438    30      248.2220      240.6660 17186969    3.04%          x.8.11 D 3306680 3306679     45
 3319952 2271212        cutoff            248.2220      240.6711 17258593    3.04%         x.14.10 U 3319952 3319950     41
Elapsed time = 1462.28 sec. (931529.13 ticks, tree = 4527.50 MB, solutions = 16)
Nodefile size = 2480.37 MB (1130.08 MB after compression)
 3333027 2279217      244.0814    30      248.2220      240.6762 17329295    3.04%          x.1.20 D 3333027 3333026     28
 3346254 2287262      244.7416    42      248.2220      240.6810 17400702    3.04%          x.8.11 N 3346254 3346252     34
 3359010 2295019        cutoff            248.2220      240.6856 17469711    3.04%          x.16.6 D 3359010 3359009     43
 3371401 2302617      246.7183    31      248.2220      240.6901 17535855    3.03%           x.3.4 D 3371401 3371400     42
 3384445 2310528      246.2511    26      248.2220      240.6948 17606123    3.03%         x.11.21 D 3384445 3384444     41
 3397910 2318727      241.2310    32      248.2220      240.6997 17677548    3.03%          x.4.28 D 3397910 3397909     33
 3411212 2326700      241.3082    34      248.2220      240.7045 17749644    3.03%           x.3.4 D 3411212 3411211     29
 3424088 2334617      240.8290    29      248.2220      240.7094 17818434    3.03%          x.11.5 D 3424088 3424087     34
 3436646 2342359      245.7124    33      248.2220      240.7137 17885964    3.02%         x.15.16 U 3436646 3436645     35
 3449974 2350608      243.4339    38      248.2220      240.7184 17956477    3.02%         x.28.28 U 3449974 3449972     17
Elapsed time = 1536.35 sec. (969691.58 ticks, tree = 4681.13 MB, solutions = 16)
Nodefile size = 2633.15 MB (1193.40 MB after compression)
 3463276 2358666      244.8475    35      248.2220      240.7232 18028241    3.02%           x.8.3 D 3463276 3463275     33
 3476081 2366306      244.1155    33      248.2220      240.7281 18097959    3.02%          x.8.26 D 3476081 3476080     34
 3488398 2373724      242.8700    39      248.2220      240.7325 18165644    3.02%         x.23.28 D 3488398 3488397     24
 3501320 2381397      243.8934    38      248.2220      240.7372 18235996    3.02%           x.8.6 N 3501320 3501319     34
 3514100 2388922      243.6842    34      248.2220      240.7421 18305355    3.01%          x.8.10 D 3514100 3514099     32
 3527470 2396957      248.0064    31      248.2220      240.7470 18377732    3.01%         x.25.15 D 3527470 3527469     38
 3540539 2404893      245.0386    36      248.2220      240.7517 18448305    3.01%           x.6.9 D 3540539 3540536     30
 3554000 2412894      247.5867    35      248.2220      240.7564 18521929    3.01%           x.9.0 D 3554000 3553998     39
 3566892 2420670      245.1737    37      248.2220      240.7610 18591399    3.01%          x.8.19 D 3566892 3566891     35
 3580396 2428850      246.5801    29      248.2220      240.7659 18664721    3.00%           x.8.1 D 3580396 3580395     48
Elapsed time = 1610.62 sec. (1007841.59 ticks, tree = 4832.49 MB, solutions = 16)
Nodefile size = 2784.93 MB (1256.38 MB after compression)
 3593600 2436814      245.0645    27      248.2220      240.7704 18736908    3.00%          x.3.28 D 3593600 3593599     42
 3606720 2444632      241.6032    34      248.2220      240.7747 18807907    3.00%         x.12.21 D 3606720 3606717     38
 3619663 2452288      243.0937    42      248.2220      240.7797 18878946    3.00%          x.6.28 D 3619663 3619662     22
 3631628 2459526      244.4138    32      248.2220      240.7840 18944904    3.00%          x.0.28 D 3631628 3631627     38
 3643591 2466791      242.0020    37      248.2220      240.7880 19009593    2.99%          x.2.21 N 3643591 1801920     32
 3656523 2474474      243.4458    34      248.2220      240.7924 19079225    2.99%          x.19.5 U 3656523 1297938     35
 3669784 2482412      245.9294    33      248.2220      240.7968 19151459    2.99%         x.25.15 D 3669784 3669783     45
 3683251 2490511      246.4417    35      248.2220      240.8012 19225408    2.99%           x.8.1 D 3683251 3683250     51
 3696190 2498237      245.3330    33      248.2220      240.8056 19295508    2.99%          x.8.19 D 3696190 3696189     34
 3709379 2506151      245.8096    34      248.2220      240.8101 19366276    2.99%          x.8.12 D 3709379 3709378     49
Elapsed time = 1684.51 sec. (1046020.34 ticks, tree = 4982.03 MB, solutions = 16)
Nodefile size = 2934.72 MB (1318.26 MB after compression)
 3722463 2513940      241.6275    35      248.2220      240.8143 19436736    2.98%         x.13.21 D 3722463 3722462     41
 3735498 2521544      246.5955    29      248.2220      240.8193 19508119    2.98%          x.8.12 D 3735498 3735497     35
 3748709 2529453      242.3828    36      248.2220      240.8237 19580141    2.98%          x.8.22 D 3748709 3748708     27
 3761859 2537184      244.0588    34      248.2220      240.8282 19652511    2.98%         x.17.28 D 3761859 3761858     36
 3775137 2544889      243.7069    37      248.2220      240.8328 19725478    2.98%          x.8.10 U 3775137 3775134     36
 3787935 2552250      240.9718    38      248.2220      240.8371 19795884    2.98%         x.13.21 D 3787935 3787934     27
 3800718 2559673        cutoff            248.2220      240.8412 19865627    2.97%         x.28.28 U 3800718 3037946     24
 3813976 2567626      242.5392    28      248.2220      240.8455 19936683    2.97%          x.16.6 U 3813976 3813973     27
 3827050 2575415      245.7469    38      248.2220      240.8498 20007786    2.97%         x.15.28 D 3827050 3827049     39
 3839780 2583009      242.1719    25      248.2220      240.8540 20076215    2.97%          x.11.5 D 3839780 3839778     29
Elapsed time = 1758.58 sec. (1084169.15 ticks, tree = 5130.72 MB, solutions = 16)
Nodefile size = 3083.52 MB (1378.62 MB after compression)
 3852694 2590501      244.8379    36      248.2220      240.8586 20147121    2.97%          x.6.28 D 3852694 3852693     31
 3865388 2597820      244.5746    24      248.2220      240.8629 20216720    2.96%         x.27.28 D 3865388 3865387     40
 3878271 2605533      243.1288    40      248.2220      240.8670 20288071    2.96%           x.6.9 D 3878271 803895     35
 3890702 2612761      242.3015    37      248.2220      240.8714 20356169    2.96%         x.26.28 D 3890702 3890701     43
 3904085 2620519      246.8668    39      248.2220      240.8754 20429785    2.96%           x.8.5 N 3904085 3904084     44
 3916646 2627921      244.5591    27      248.2220      240.8794 20498599    2.96%           x.8.4 D 3916646 3916645     28
 3929525 2635443      246.6052    23      248.2220      240.8838 20568890    2.96%         x.18.28 D 3929525 3929524     32
 3942206 2642793      241.6174    34      248.2220      240.8880 20637832    2.95%          x.4.21 D 3942206 3942205     35
 3954960 2650079      243.5445    38      248.2220      240.8922 20708270    2.95%          x.8.24 D 3954960 3954959     33
 3967447 2657217      245.6074    28      248.2220      240.8963 20776212    2.95%          x.8.11 N 3967447 3967446     32
Elapsed time = 1831.36 sec. (1122317.79 ticks, tree = 5274.29 MB, solutions = 16)
Nodefile size = 3227.29 MB (1437.83 MB after compression)
 3980690 2665041      246.8636    37      248.2220      240.9008 20847812    2.95%         x.11.14 D 3980690 3980689     61
 3993845 2672747      247.4955    28      248.2220      240.9049 20919474    2.95%           x.4.4 D 3993845 3993844     40
 4007427 2680599      245.8893    26      248.2220      240.9095 20992958    2.95%           x.2.3 D 4007427 4007426     48
 4020554 2688196      241.4691    39      248.2220      240.9136 21064821    2.94%          x.7.16 D 4020554 2269865     38
 4033860 2695912      246.7133    39      248.2220      240.9179 21137531    2.94%         x.12.21 D 4033860 4033857     38
 4047032 2703564      245.5438    26      248.2220      240.9222 21208894    2.94%          x.8.24 D 4047032 4047031     36
 4060393 2711373      246.9839    22      248.2220      240.9264 21281770    2.94%           x.0.3 D 4060393 4060392     41
 4073656 2718975        cutoff            248.2220      240.9307 21355027    2.94%          x.2.21 D 4073656 4073654     46
 4086552 2726365      244.0876    37      248.2220      240.9347 21425312    2.94%           x.0.3 D 4086552 4086551     44
 4099318 2733591      243.0348    38      248.2220      240.9389 21495449    2.93%          x.12.4 U 4099318 4099316     23
Elapsed time = 1906.38 sec. (1160507.96 ticks, tree = 5422.05 MB, solutions = 16)
Nodefile size = 3375.08 MB (1497.22 MB after compression)
 4112288 2741149      248.0764    22      248.2220      240.9429 21565519    2.93%         x.22.19 D 4112288 4112287     40
 4126021 2749043      242.1920    32      248.2220      240.9472 21638541    2.93%         x.13.21 U 4126021 1585693     25
 4139502 2756865      247.6387    27      248.2220      240.9514 21712240    2.93%          x.8.22 U 4139502 4139501     40
 4153336 2764945      241.9261    32      248.2220      240.9556 21787386    2.93%          x.1.21 D 4153336 4153335     36
 4165681 2772053      243.4795    26      248.2220      240.9596 21854335    2.93%          x.8.10 U 4165681 2587271     46
 4178020 2779127      245.2832    36      248.2220      240.9635 21922739    2.92%          x.8.27 D 4178020 4178019     40
 4190838 2786500      244.5735    32      248.2220      240.9675 21992941    2.92%          x.7.28 D 4190838 4190837     30
 4203991 2793914      245.7962    33      248.2220      240.9715 22065493    2.92%          x.8.11 D 4203991 4203990     39
 4217000 2801200      244.7854    33      248.2220      240.9756 22136886    2.92%          x.6.28 D 4217000 4216999     32
 4230441 2808893      245.4902    29      248.2220      240.9798 22209946    2.92%           x.8.5 D 4230441 4230440     32
Elapsed time = 1980.61 sec. (1198668.33 ticks, tree = 5567.76 MB, solutions = 16)
Nodefile size = 3519.86 MB (1555.57 MB after compression)
 4243933 2816738      243.4031    32      248.2220      240.9840 22283431    2.92%          x.8.24 D 4243933 4243931     29
 4256882 2824424      244.8881    30      248.2220      240.9876 22354460    2.91%          x.8.19 D 4256882 4256881     34
 4269430 2831653      241.4585    28      248.2220      240.9915 22423145    2.91%          x.8.19 D 4269430 4269429     30
 4282686 2839386        cutoff            248.2220      240.9956 22495556    2.91%          x.4.28 U 4282686 507455     25
 4296060 2847106      247.3870    22      248.2220      240.9996 22568040    2.91%         x.29.18 U 4296060 4296058     55
 4308840 2854381      245.8109    30      248.2220      241.0039 22638566    2.91%          x.1.11 D 4308840 4308839     38
 4322376 2862099      246.9317    25      248.2220      241.0080 22712671    2.91%         x.18.28 D 4322376 4322375     36
 4335102 2869329      246.6514    35      248.2220      241.0117 22782451    2.90%          x.1.21 U 4335102 4335100     39
 4348556 2876834        cutoff            248.2220      241.0159 22857151    2.90%          x.1.19 D 4348556 4348555     44
 4360889 2883820      245.1211    31      248.2220      241.0197 22924744    2.90%         x.20.13 U 4360889 4360888     29
Elapsed time = 2061.46 sec. (1236873.85 ticks, tree = 5712.69 MB, solutions = 16)
Nodefile size = 3665.65 MB (1614.41 MB after compression)
 4373529 2891074      246.6073    30      248.2220      241.0236 22994273    2.90%           x.0.3 D 4373529 4373528     47
 4386140 2898113      245.7278    31      248.2220      241.0275 23062375    2.90%           x.8.4 D 4386140 4386139     36
 4399210 2905388      247.3884    40      248.2220      241.0313 23133752    2.90%         x.27.28 D 4399210 4399209     32
 4413087 2913194      246.8579    30      248.2220      241.0355 23209228    2.90%          x.8.11 D 4413087 4413086     43
 4425960 2920302      244.6926    36      248.2220      241.0393 23279956    2.89%          x.8.19 D 4425960 4425959     42
 4439263 2927556      245.8541    41      248.2220      241.0433 23352816    2.89%         x.13.28 D 4439263 4439262     30
 4452342 2934896      246.3614    35      248.2220      241.0470 23423038    2.89%         x.18.28 D 4452342 4452341     36
 4465765 2942430      246.9994    31      248.2220      241.0509 23496671    2.89%           x.8.5 D 4465765 4465764     45
 4479118 2949811        cutoff            248.2220      241.0548 23569274    2.89%          x.11.5 U 4479118 4479116     49
 4492020 2957027      246.7762    34      248.2220      241.0587 23641526    2.89%         x.25.21 U 4492020 4492019     45
Elapsed time = 2134.32 sec. (1275024.12 ticks, tree = 5854.36 MB, solutions = 16)
Nodefile size = 3806.44 MB (1670.99 MB after compression)
 4505560 2964706      242.2508    30      248.2220      241.0624 23714980    2.88%         x.13.19 D 4505560 4505559     38
 4518672 2972169      245.6386    29      248.2220      241.0663 23786712    2.88%          x.8.20 D 4518672 4518671     41
 4531839 2979556      243.4864    27      248.2220      241.0701 23859194    2.88%          x.8.19 N 4531839 4531838     39
 4545200 2987078      245.9700    29      248.2220      241.0741 23932614    2.88%           x.0.3 D 4545200 4545199     53
 4558610 2994575      247.7529    30      248.2220      241.0781 24006341    2.88%           x.8.9 D 4558610 4558609     46
 4571811 3001884      246.9851    22      248.2220      241.0820 24078338    2.88%           x.8.1 D 4571811 4571810     48
 4584623 3008975      245.2473    35      248.2220      241.0858 24148933    2.87%           x.8.1 D 4584623 4584622     38
 4598140 3016489      247.8144    30      248.2220      241.0899 24223147    2.87%          x.11.3 N 4598140 4598139     35
 4611530 3023946      245.1190    38      248.2220      241.0936 24296012    2.87%          x.8.20 D 4611530 4611529     36
 4624399 3031236      242.4378    29      248.2220      241.0973 24366482    2.87%           x.8.6 U 4624399 1336216     35
Elapsed time = 2207.19 sec. (1313173.66 ticks, tree = 5997.93 MB, solutions = 16)
Nodefile size = 3950.24 MB (1728.37 MB after compression)
 4637522 3038613      246.2842    35      248.2220      241.1011 24437920    2.87%          x.12.4 D 4637522 4637520     37
 4650828 3046040      244.8027    37      248.2220      241.1051 24511284    2.87%          x.8.10 D 4650828 4650827     27
 4663700 3053056      246.7781    26      248.2220      241.1090 24583565    2.87%           x.8.5 D 4663700 4663699     34
 4676753 3060168      247.1819    33      248.2220      241.1128 24655880    2.86%         x.18.28 D 4676753 4676752     45
 4689821 3067533      244.0382    38      248.2220      241.1167 24728006    2.86%         x.28.28 D 4689821 4689820     28
 4703016 3074952        cutoff            248.2220      241.1203 24801061    2.86%          x.8.20 D 4703016 4703014     44
 4716150 3082424      242.8001    38      248.2220      241.1241 24872814    2.86%          x.8.20 D 4716150 4716149     37
 4729170 3089716      245.6940    34      248.2220      241.1278 24943598    2.86%          x.3.28 D 4729170 4729169     33
 4742414 3096979      243.2831    37      248.2220      241.1318 25016929    2.86%          x.8.19 D 4742414 4742413     40
 4755329 3104217      241.1360    35      248.2220      241.1355 25088222    2.85%          x.8.22 U 4755329 3033667     26
Elapsed time = 2285.80 sec. (1351336.79 ticks, tree = 6139.10 MB, solutions = 16)
Nodefile size = 4092.04 MB (1784.82 MB after compression)
 4768044 3111417      245.0397    32      248.2220      241.1388 25159232    2.85%           x.3.4 D 4768044 4768043     48
 4781307 3118921      245.1829    33      248.2220      241.1423 25232274    2.85%           x.8.6 N 4781307 4781305     31
 4794687 3126278      244.4175    36      248.2220      241.1463 25305156    2.85%           x.8.6 N 4794687 4794686     34
 4807570 3133629      245.5925    35      248.2220      241.1499 25376221    2.85%           x.6.9 D 4807570 2565700     29
 4820227 3140735        cutoff            248.2220      241.1534 25446568    2.85%          x.8.20 U 4820227 1140149     29
 4833000 3147915      243.1999    32      248.2220      241.1570 25516841    2.85%          x.3.28 D 4833000 4832999     24
 4846183 3155437        cutoff            248.2220      241.1607 25590450    2.84%         x.19.28 D 4846183 4846182     34
 4859252 3162574        cutoff            248.2220      241.1644 25662410    2.84%         x.20.13 U 4859252 4859250     33
 4872477 3169863      242.1432    31      248.2220      241.1682 25735310    2.84%          x.8.22 U 4872477 4581069     24
 4885738 3177172      243.2044    33      248.2220      241.1718 25808543    2.84%          x.8.22 D 4885738 4885737     36
Elapsed time = 2359.48 sec. (1389485.45 ticks, tree = 6280.26 MB, solutions = 16)
Nodefile size = 4232.83 MB (1841.01 MB after compression)
 4899172 3184678      242.1848    36      248.2220      241.1754 25882260    2.84%          x.8.25 D 4899172 4899171     35
 4912098 3192002      245.4618    38      248.2220      241.1790 25952304    2.84%           x.8.4 D 4912098 4912097     40
 4924750 3199002      242.5315    28      248.2220      241.1825 26022215    2.84%          x.8.24 D 4924750 4924748     36
 4937569 3205969      247.3512    30      248.2220      241.1861 26092598    2.83%          x.8.12 D 4937569 4937568     38
 4951014 3213342      243.2200    31      248.2220      241.1898 26167126    2.83%          x.8.10 D 4951014 4951013     34
 4964693 3220854      241.7394    33      248.2220      241.1935 26241671    2.83%         x.28.28 N 4964693 4964692     36
 4976960 3227670      244.2627    30      248.2220      241.1968 26310405    2.83%          x.8.22 U 4976960 4976958     35
 4989984 3234943      243.6581    34      248.2220      241.2005 26383079    2.83%         x.20.13 D 4989984 4989983     35
 5003060 3242301      247.9974    29      248.2220      241.2039 26455326    2.83%           x.6.9 U 5003060 5003059     35
 5015830 3249290      245.4528    36      248.2220      241.2072 26526141    2.83%           x.8.4 D 5015830 5015829     53
Elapsed time = 2435.89 sec. (1427641.61 ticks, tree = 6419.79 MB, solutions = 16)
Nodefile size = 4372.63 MB (1896.68 MB after compression)
 5029374 3256803        cutoff            248.2220      241.2108 26601465    2.82%         x.11.21 U 5029374 5029372     49
 5043010 3264262      243.8632    33      248.2220      241.2146 26677313    2.82%          x.8.20 D 5043010 5043009     38
 5055938 3271225      246.1021    29      248.2220      241.2182 26749516    2.82%           x.8.4 D 5055938 5055937     47
 5068567 3278096      245.2092    32      248.2220      241.2218 26819167    2.82%         x.27.28 D 5068567 5068566     41
 5081091 3285005      242.7660    39      248.2220      241.2253 26888738    2.82%          x.8.22 D 5081091 5081090     34
 5094146 3292035      243.7473    33      248.2220      241.2290 26961604    2.82%         x.16.28 D 5094146 5094145     35
 5107112 3299058      243.4729    38      248.2220      241.2326 27033008    2.82%         x.26.28 D 5107112 5107111     35
 5119470 3305789      245.3345    30      248.2220      241.2360 27101026    2.81%           x.8.4 D 5119470 5119469     51
 5132880 3313033      243.1313    33      248.2220      241.2395 27174471    2.81%           x.9.9 D 5132880 5132879     37
 5146150 3320124      243.3046    25      248.2220      241.2431 27248283    2.81%          x.8.19 D 5146150 5146149     39
Elapsed time = 2515.64 sec. (1465791.64 ticks, tree = 6556.84 MB, solutions = 16)
Nodefile size = 4509.43 MB (1951.57 MB after compression)
 5159636 3327459      247.6712    43      248.2220      241.2466 27322250    2.81%          x.2.21 U 5159636 5159635     41
 5172611 3334555      246.3919    31      248.2220      241.2499 27393914    2.81%          x.8.24 D 5172611 5172610     53
 5186197 3341950      246.1360    36      248.2220      241.2536 27469275    2.81%          x.8.22 D 5186197 5186196     44
 5198811 3348784      243.9071    30      248.2220      241.2570 27539530    2.81%         x.12.21 D 5198811 5198809     47
 5212439 3356018      242.9247    31      248.2220      241.2608 27616238    2.80%          x.8.10 N 5212439  19350     30
 5225970 3363421      246.2232    38      248.2220      241.2643 27691504    2.80%          x.8.27 D 5225970 5225969     56
 5239350 3370514      242.0642    27      248.2220      241.2681 27764868    2.80%           x.0.3 U 5239350 339579     34
 5252320 3377477      242.3800    31      248.2220      241.2713 27836911    2.80%           x.9.4 N 5252320 5252319     28
 5265372 3384492      245.4454    39      248.2220      241.2748 27909096    2.80%           x.8.9 D 5265372 5265371     35
 5278592 3391644      243.9431    35      248.2220      241.2785 27981534    2.80%          x.8.19 D 5278592 5278591     37
Elapsed time = 2593.64 sec. (1503945.34 ticks, tree = 6695.20 MB, solutions = 16)
Nodefile size = 4648.23 MB (2006.18 MB after compression)
 5292005 3398674      247.0581    28      248.2220      241.2822 28056539    2.80%          x.8.20 D 5292005 5292004     38
 5305520 3405815      245.4467    39      248.2220      241.2860 28132381    2.79%          x.8.15 D 5305520 5305519     33
 5318870 3412900      246.9962    21      248.2220      241.2895 28207246    2.79%          x.21.3 D 5318870 5318869     45
 5332511 3419977        cutoff            248.2220      241.2935 28282858    2.79%          x.8.15 U 5332511 5332509     38
 5346283 3427295      244.3769    34      248.2220      241.2974 28358836    2.79%          x.8.22 D 5346283 5346282     30
 5359799 3434425      241.4368    37      248.2220      241.3009 28434151    2.79%          x.8.10 D 5359799 703023     26
 5373350 3441623      243.5830    30      248.2220      241.3045 28509478    2.79%          x.8.20 D 5373350 5373349     29
 5387074 3448924      243.2516    32      248.2220      241.3080 28585994    2.79%          x.8.26 D 5387074 5387073     45
 5399920 3455772      244.3149    30      248.2220      241.3115 28657770    2.78%          x.8.22 N 5399920 5399919     32
 5411859 3462124      244.3988    29      248.2220      241.3145 28725462    2.78%          x.8.24 D 5411859 5411858     40
Elapsed time = 2669.03 sec. (1542094.06 ticks, tree = 6831.58 MB, solutions = 16)
Nodefile size = 4784.04 MB (2060.38 MB after compression)
 5424860 3469023      244.0083    30      248.2220      241.3180 28799237    2.78%         x.12.21 U 5424860 5424859     48
 5437575 3475720      241.7147    35      248.2220      241.3213 28870329    2.78%         x.11.14 U 5437575 531483     40
 5450822 3482931      247.1074    33      248.2220      241.3246 28944024    2.78%         x.19.21 U 5450822 2036260     45
 5464082 3489808      243.2163    37      248.2220      241.3282 29018346    2.78%          x.8.20 N 5464082 5464081     28
 5476841 3496578      244.3992    30      248.2220      241.3316 29087610    2.78%          x.8.22 D 5476841 5476840     24
 5490237 3503718      241.6749    32      248.2220      241.3352 29163156    2.77%          x.26.8 N 5490237 2895903     23
 5503457 3510859      243.2722    32      248.2220      241.3385 29236450    2.77%          x.8.24 N 5503457 5503456     32
 5516802 3517928      244.9832    33      248.2220      241.3419 29311219    2.77%         x.26.28 D 5516802 5516801     25
 5529781 3524729      244.9592    34      248.2220      241.3453 29383652    2.77%           x.3.4 U 5529781 5529779     27
 5543270 3531907      242.6765    34      248.2220      241.3489 29459679    2.77%           x.8.6 D 5543270 5543269     29
Elapsed time = 2743.44 sec. (1580243.28 ticks, tree = 6966.60 MB, solutions = 16)
Nodefile size = 4918.85 MB (2113.87 MB after compression)
 5556204 3538770      241.8964    40      248.2220      241.3522 29531467    2.77%         x.13.21 D 5556204 5556203     25
 5569644 3545689      244.0464    28      248.2220      241.3557 29605987    2.77%          x.8.15 D 5569644 5569643     33
 5583494 3553049        cutoff            248.2220      241.3592 29682812    2.76%           x.8.9 U 5583494 5583493     53
 5596988 3560202      243.5181    30      248.2220      241.3629 29757698    2.76%           x.6.9 U 5596988 5596987     35
 5610434 3567310      247.7027    31      248.2220      241.3664 29832390    2.76%           x.4.4 D 5610434 5610433     37
 5623486 3574090      244.9185    32      248.2220      241.3699 29905491    2.76%          x.5.28 D 5623486 5623485     35
 5637242 3581177      243.1013    39      248.2220      241.3736 29982272    2.76%         x.25.15 U 5637242 2606042     31
 5650998 3588457      243.1023    31      248.2220      241.3772 30058361    2.76%         x.28.28 D 5650998 5650997     26
 5664400 3595333      243.8702    36      248.2220      241.3808 30133517    2.76%           x.8.5 D 5664400 5664399     40
 5677880 3602362      245.5807    25      248.2220      241.3843 30208661    2.75%          x.8.20 D 5677880 5677879     30
Elapsed time = 2824.17 sec. (1618393.13 ticks, tree = 7102.90 MB, solutions = 16)
Nodefile size = 5055.64 MB (2168.10 MB after compression)
 5690336 3608966      244.5412    33      248.2220      241.3875 30277587    2.75%          x.8.15 D 5690336 5690335     40
 5703840 3616128      242.8408    37      248.2220      241.3909 30353473    2.75%         x.26.28 D 5703840 5703839     26
 5716864 3622886      244.5973    28      248.2220      241.3942 30425586    2.75%         x.15.28 D 5716864 5716863     42
 5730099 3629838      244.4068    39      248.2220      241.3974 30498889    2.75%         x.15.28 D 5730099 5730098     30
 5743220 3636647      246.4448    33      248.2220      241.4008 30570999    2.75%         x.13.28 D 5743220 5743219     33
 5756177 3643501      243.7084    28      248.2220      241.4041 30642636    2.75%          x.8.19 D 5756177 5756176     35
 5769922 3650716      243.8372    30      248.2220      241.4077 30719244    2.75%           x.6.9 U 5769922 5769921     27
 5783599 3657919      244.4631    28      248.2220      241.4110 30795208    2.74%          x.8.19 D 5783599 5783598     37
 5797200 3665110      243.1211    29      248.2220      241.4143 30869848    2.74%           x.6.9 U 5797200 5797199     29
 5810718 3672231      244.2621    34      248.2220      241.4178 30945807    2.74%          x.8.11 D 5810718 5810717     37
Elapsed time = 2896.02 sec. (1656556.76 ticks, tree = 7238.10 MB, solutions = 16)
Nodefile size = 5190.44 MB (2221.16 MB after compression)
 5824315 3679410      246.2807    35      248.2220      241.4210 31021191    2.74%          x.8.26 D 5824315 5824314     36
 5837610 3686430      242.2561    32      248.2220      241.4243 31095758    2.74%          x.8.22 D 5837610 5837609     28
 5851199 3693553      245.3226    38      248.2220      241.4277 31172313    2.74%         x.25.19 D 5851199 5851198     47
 5863912 3700145      243.6140    30      248.2220      241.4307 31243446    2.74%          x.8.20 D 5863912 5863911     28
 5877312 3707202      244.5527    27      248.2220      241.4340 31317444    2.73%          x.8.12 N 5877312 5877310     30
 5890620 3714252      245.8748    34      248.2220      241.4371 31391579    2.73%          x.8.11 N 5890620 5890619     44
 5903520 3720946      243.9484    40      248.2220      241.4402 31463680    2.73%          x.8.22 D 5903520 5903519     21
 5916696 3727604      246.3767    36      248.2220      241.4434 31536939    2.73%           x.8.4 N 5916696 5916695     36
 5930011 3734407      243.1928    39      248.2220      241.4468 31611621    2.73%           x.0.3 N 5930011 3627936     47
 5943370 3741308      244.2060    31      248.2220      241.4501 31687462    2.73%          x.4.28 D 5943370 5943369     33
Elapsed time = 2966.91 sec. (1694705.69 ticks, tree = 7371.75 MB, solutions = 16)
Nodefile size = 5324.24 MB (2274.07 MB after compression)
 5956813 3748073      243.8744    36      248.2220      241.4535 31762485    2.73%         x.13.12 U 5956813 3436907     26
 5970028 3754790      245.8196    33      248.2220      241.4568 31834849    2.73%         x.29.18 D 5970028 5970027     46
 5983449 3761675      245.0809    33      248.2220      241.4601 31910311    2.72%           x.8.6 D 5983449 5983448     36
 5997706 3768790      242.8589    40      248.2220      241.4637 31990215    2.72%           x.3.4 D 5997706 5997705     21
 6012632 3776276      243.5499    40      248.2220      241.4675 32075602    2.72%         x.15.28 U 6012632 1236981     30
 6025269 3782680      245.2868    33      248.2220      241.4706 32146383    2.72%          x.11.3 N 6025269 1795675     36
 6037203 3788887      243.6608    38      248.2220      241.4735 32213393    2.72%          x.8.22 D 6037203 6037202     33
 6049746 3795365        cutoff            248.2220      241.4766 32284127    2.72%          x.8.20 U 6049746 6049744     35
 6063200 3802238      244.1210    34      248.2220      241.4799 32359626    2.72%           x.8.5 D 6063200 6063199     32
 6077018 3809337      244.5607    32      248.2220      241.4833 32436628    2.71%         x.15.28 U 6077018 1381634     39
Elapsed time = 3037.10 sec. (1732863.31 ticks, tree = 7503.37 MB, solutions = 16)
Nodefile size = 5456.04 MB (2326.22 MB after compression)
 6090431 3816154      244.5559    38      248.2220      241.4866 32512505    2.71%         x.29.18 N 6090431 6090430     45
 6104380 3823173      246.8251    35      248.2220      241.4899 32591459    2.71%           x.3.4 D 6104380 6104379     38
 6116658 3829493        cutoff            248.2220      241.4929 32661394    2.71%          x.2.21 U 6116658 6116657     57
 6129656 3836156      241.7207    27      248.2220      241.4961 32734143    2.71%           x.8.6 U 6129656 2151340     34
 6143380 3843055      243.3995    33      248.2220      241.4995 32811712    2.71%          x.8.20 D 6143380 6143379     36
 6156970 3850196      245.4344    34      248.2220      241.5026 32888377    2.71%          x.0.28 D 6156970 6156969     27
 6169430 3856633      244.8750    30      248.2220      241.5057 32958092    2.71%          x.8.24 D 6169430 6169429     37
 6182559 3863230      246.1304    34      248.2220      241.5089 33031924    2.70%           x.9.0 D 6182559 6182558     34
 6195654 3869898      247.9353    29      248.2220      241.5121 33106361    2.70%         x.12.21 U 6195654 6195653     36
 6209002 3876759      246.6679    25      248.2220      241.5155 33181167    2.70%         x.12.21 U 6209002 6209001     40
Elapsed time = 3113.51 sec. (1771040.51 ticks, tree = 7633.81 MB, solutions = 16)
Nodefile size = 5586.85 MB (2378.19 MB after compression)
 6222533 3883627      243.0255    40      248.2220      241.5190 33257818    2.70%           x.6.9 D 6222533 1498218     48
 6236346 3890644      246.6832    27      248.2220      241.5225 33336177    2.70%         x.18.28 D 6236346 6236345     61
 6249641 3897429      246.2596    22      248.2220      241.5256 33410861    2.70%         x.13.21 D 6249641 6249640     31
 6263278 3904348      243.3523    37      248.2220      241.5290 33487600    2.70%         x.28.28 N 6263278 6263277     24
 6276749 3911131      242.6250    26      248.2220      241.5323 33563251    2.70%           x.8.6 U 6276749 3578281     49
 6290690 3918117      242.2003    38      248.2220      241.5357 33641693    2.69%          x.9.21 D 6290690 6290689     36
 6303991 3924941      243.3958    37      248.2220      241.5388 33717545    2.69%          x.8.19 D 6303991 6303990     32
 6316965 3931460      241.9510    36      248.2220      241.5420 33791052    2.69%          x.8.15 D 6316965 6316964     43
 6330034 3938082      244.3859    32      248.2220      241.5450 33864813    2.69%         x.15.28 D 6330034 6330033     38
 6344739 3945396      245.1043    30      248.2220      241.5484 33947240    2.69%          x.8.10 D 6344739 6344738     29
Elapsed time = 3184.61 sec. (1809209.78 ticks, tree = 7766.61 MB, solutions = 16)
Nodefile size = 5719.65 MB (2430.93 MB after compression)
 6357881 3952017      243.6442    35      248.2220      241.5515 34021728    2.69%          x.8.24 D 6357881 6357880     40
 6371254 3958779        cutoff            248.2220      241.5550 34097497    2.69%          x.6.28 U 6371254 6371252     29
 6385885 3966040      244.5670    32      248.2220      241.5587 34180531    2.68%         x.27.28 D 6385885 6385884     35
 6398473 3972382      246.2909    25      248.2220      241.5618 34251036    2.68%          x.1.20 D 6398473 6398472     39
 6413903 3979951      246.9343    33      248.2220      241.5653 34338932    2.68%         x.18.28 D 6413903 6413902     42
 6428980 3987403      244.7705    32      248.2220      241.5690 34423816    2.68%           x.8.6 D 6428980 6428979     30
 6441667 3993769      242.0751    33      248.2220      241.5720 34496268    2.68%         x.23.28 D 6441667 1013629     20
Starting limited solution polishing.
 6455264 4000438        cutoff            248.2220      241.5754 34573476    2.68%           x.8.6 U 6455264 6455262     30
 6469145 4007389      243.2273    33      248.2220      241.5787 34652291    2.68%          x.8.10 N 6469145 5775259     24
 6482408 4013950      247.9712    24      248.2220      241.5818 34727073    2.68%          x.1.21 D 6482408 6482407     45
Elapsed time = 3254.76 sec. (1847384.40 ticks, tree = 7899.29 MB, solutions = 16)
Nodefile size = 5851.45 MB (2483.23 MB after compression)
 6495553 4020561        cutoff            248.2220      241.5847 34802034    2.67%          x.8.19 U 6495553 6495552     41
 6509042 4027263      244.3614    33      248.2220      241.5880 34877935    2.67%         x.15.28 D 6509042 6509041     35
 6523235 4034316      245.2659    34      248.2220      241.5913 34956902    2.67%         x.16.28 D 6523235 6523234     33
 6537950 4041620      245.2608    27      248.2220      241.5947 35039720    2.67%          x.0.28 D 6537950 6537949     34
 6552221 4048610      245.9791    38      248.2220      241.5980 35120186    2.67%           x.8.3 D 6552221 6552220     45
 6567080 4055988      246.5287    35      248.2220      241.6016 35203219    2.67%          x.8.24 D 6567080 6567079     35
 6579375 4062215      242.4207    33      248.2220      241.6045 35273449    2.67%          x.8.10 D 6579375 6579374     24
 6593539 4069244      244.2333    32      248.2220      241.6079 35353905    2.66%           x.8.6 D 6593539 6593538     34
 6608158 4076471      245.6175    34      248.2220      241.6115 35437182    2.66%          x.8.14 N 6608158 6608157     46
 6621662 4083115      245.7630    31      248.2220      241.6147 35513598    2.66%          x.0.28 D 6621662 6621661     34
Elapsed time = 3325.58 sec. (1885548.70 ticks, tree = 8033.12 MB, solutions = 16)
Nodefile size = 5985.26 MB (2536.51 MB after compression)
 6636461 4090389      242.9527    30      248.2220      241.6181 35597020    2.66%         x.25.23 D 6636461 6636460     37
 6651100 4097604      243.9105    36      248.2220      241.6214 35680430    2.66%           x.8.6 D 6651100 6651099     28
 6666021 4104800      245.0849    31      248.2220      241.6249 35764731    2.66%         x.18.28 D 6666021 6666020     41
 6679982 4111582      244.9395    35      248.2220      241.6283 35843563    2.66%         x.18.28 D 6679982 6679981     42
 6693365 4118219      245.2181    41      248.2220      241.6313 35919081    2.66%          x.5.28 D 6693365 6693364     41
 6707090 4125041        cutoff            248.2220      241.6345 35996678    2.65%          x.8.10 U 6707090 6707088     31
 6720220 4131625      243.1357    33      248.2220      241.6373 36071061    2.65%          x.8.20 D 6720220 6720219     27
 6735448 4138819      244.7529    38      248.2220      241.6411 36156169    2.65%          x.8.24 D 6735448 6735447     22
 6750343 4145826        cutoff            248.2220      241.6447 36239647    2.65%          x.8.24 U 6750343 6750341     38
 6765988 4153255      241.8466    38      248.2220      241.6483 36328115    2.65%          x.7.16 D 6765988 5334989     31
Elapsed time = 3396.29 sec. (1923698.16 ticks, tree = 8168.82 MB, solutions = 16)
Nodefile size = 6121.05 MB (2590.48 MB after compression)
 6779766 4159737      244.8066    30      248.2220      241.6516 36406734    2.65%          x.19.9 D 6779766 6779765     41
 6794138 4166660      241.7673    37      248.2220      241.6550 36487196    2.65%         x.23.28 U 6794138 624788     26
 6809184 4174000      242.2607    26      248.2220      241.6585 36573208    2.64%          x.8.20 D 6809184 6809183     31
 6823780 4181100      244.8893    35      248.2220      241.6620 36656402    2.64%           x.8.4 D 6823780 6823779     43
 6838885 4188268      243.6277    33      248.2220      241.6655 36742340    2.64%          x.8.11 D 6838885 6838883     37
 6852494 4194919      248.1231    34      248.2220      241.6687 36819661    2.64%          x.7.16 U 6852494 6852493     40
 6866160 4201515      247.7758    24      248.2220      241.6718 36897425    2.64%          x.7.10 D 6866160 6866159     44
 6881046 4208567      245.9413    31      248.2220      241.6752 36981987    2.64%          x.8.26 D 6881046 6881045     36
 6896147 4215782      246.7121    24      248.2220      241.6788 37067952    2.64%          x.7.16 N 6896147 6896146     43
 6911391 4223174      244.0743    35      248.2220      241.6824 37153269    2.63%          x.8.22 N 6911391 6911390     33
Elapsed time = 3473.48 sec. (1961846.12 ticks, tree = 8304.09 MB, solutions = 16)
Nodefile size = 6256.84 MB (2644.52 MB after compression)
 6926602 4230436      244.6257    30      248.2220      241.6859 37239363    2.63%         x.15.28 D 6926602 6926601     44
 6942036 4237844        cutoff            248.2220      241.6893 37325135    2.63%          x.8.24 U 6942036 6942034     36
 6957136 4245222      244.6880    40      248.2220      241.6926 37410114    2.63%           x.8.5 D 6957136 6957135     28
 6972087 4252473      245.6123    33      248.2220      241.6960 37495205    2.63%         x.25.19 D 6972087 6972086     65
 6987286 4259775        cutoff            248.2220      241.6995 37581112    2.63%           x.8.3 U 6987286 6987285     39
 7001893 4267042      247.9892    21      248.2220      241.7028 37662750    2.63%          x.12.4 U 7001893 7001892     36
 7015303 4273654      244.5873    43      248.2220      241.7058 37738747    2.63%          x.6.28 D 7015303 7015302     24
 7029826 4280576      248.0363    35      248.2220      241.7091 37820647    2.62%           x.3.4 D 7029826 7029825     32
 7043867 4287379      247.4382    35      248.2220      241.7121 37900174    2.62%           x.4.4 D 7043867 7043866     39
 7057812 4294245      247.2178    19      248.2220      241.7150 37979102    2.62%          x.15.3 D 7057812 7057811     51
Elapsed time = 3546.65 sec. (2000013.80 ticks, tree = 8441.61 MB, solutions = 16)
Nodefile size = 6394.64 MB (2699.55 MB after compression)
 7072875 4301570      242.8472    33      248.2220      241.7185 38063922    2.62%          x.8.10 D 7072875 7072874     27
 7088015 4308944      245.4779    38      248.2220      241.7218 38149571    2.62%          x.0.28 D 7088015 7088014     33
 7102624 4315918      245.6891    33      248.2220      241.7251 38231988    2.62%         x.27.21 U 7102624 7102623     26
 7116856 4322759      242.7051    26      248.2220      241.7283 38312167    2.62%          x.8.10 D 7116856 7116855     22
 7131187 4329821      243.9975    30      248.2220      241.7315 38393299    2.61%           x.8.6 D 7131187 7131186     37
 7145279 4336728      243.0391    38      248.2220      241.7345 38473539    2.61%          x.8.20 D 7145279 7145278     34
 7159754 4343765        cutoff            248.2220      241.7376 38555873    2.61%          x.8.19 D 7159754 7159752     33

Gomory fractional cuts applied:  14
User cuts applied:  141

Root node processing (before b&c):
  Real time             =    0.31 sec. (46.00 ticks)
Sequential b&c:
  Real time             = 3599.75 sec. (2032670.47 ticks)
                          ------------
Total (root+branch&cut) = 3600.06 sec. (2032716.47 ticks)

Solution status: 107
Objective value:  2.4822200000e+02
Solution status is not CPX_STAT_OPTIMAL
Node: 7164672
