proble size: m = 5 , n = 5 , seed = 3 
Benders' cuts separated to cut off: Only integer infeasible solutions.
seed = 3
Version identifier: 20.1.0.0 | 2020-11-10 | 9bedb6d68
CPXPARAM_Threads                                 1
CPXPARAM_RandomSeed                              3
CPXPARAM_MIP_Strategy_CallbackReducedLP          0
CPXPARAM_MIP_Strategy_Search                     1
CPXPARAM_TimeLimit                               3600
CPXPARAM_MIP_Tolerances_AbsMIPGap                0
CPXPARAM_MIP_Tolerances_MIPGap                   0
Legacy callback                                  L
Tried aggregator 1 time.
Reduced MIP has 30 rows, 930 columns, and 900 nonzeros.
Reduced MIP has 900 binaries, 0 generals, 0 SOSs, and 0 indicators.
Presolve time = 0.00 sec. (0.36 ticks)
Probing time = 0.00 sec. (1.06 ticks)
Clique table members: 30.
MIP emphasis: balance optimality and feasibility.
MIP search method: traditional branch-and-cut.
Parallel mode: none, using 1 thread.
Root relaxation solution time = 0.00 sec. (0.19 ticks)

        Nodes                                         Cuts/
   Node  Left     Objective  IInf  Best Integer    Best Bound    ItCnt     Gap         Variable B NodeID Parent  Depth

      0     0        0.0000    27                      0.0000        0         
*     0+    0                          903.9305        0.0000           100.00%
*     0+    0                          639.0580        0.0000           100.00%
      0     0      112.2665    48      639.0580     Fract: 17       85   82.43%
*     0+    0                          452.7629      112.2665            75.20%
      0     0      188.7489    47      452.7629     Fract: 13      119   58.31%
*     0+    0                          450.6548      188.7489            58.12%
*     0+    0                          313.7171      188.7489            39.83%
*     0+    0                          275.2497      188.7489            31.43%
*     0+    0                          266.4945      188.7489            29.17%
      0     2      229.1069    49      266.4945      229.1375      119   14.02%                        0             0
Elapsed time = 0.05 sec. (48.37 ticks, tree = 0.01 MB, solutions = 7)
*   120+  101                          257.0074      230.9785            10.13%
*   300+  242                          252.1663      231.4287             8.22%
    340   281      246.3766    27      252.1663      231.4287     2081    8.22%          x.7.16 U    340    339     63
*   570+  479                          250.9969      231.9542             7.59%
*   640+  501                          248.8457      232.2526             6.67%
    860   699      245.6258    37      248.8457      232.5758     5205    6.54%          x.4.25 D    860    859     38
   1519  1259        cutoff            248.8457      233.7454     9301    6.07%         x.12.28 U   1519   1517     42
*  1920+ 1585                          248.5775      234.3472             5.72%
   2110  1744      237.3943    39      248.5775      234.4838    13126    5.67%         x.25.23 D   2110   2109     19
   2801  2325      243.7073    35      248.5775      234.9710    17188    5.47%          x.23.2 D   2801   2799     19
   3577  2974      236.4537    53      248.5775      235.4075    21902    5.30%          x.15.7 D   3577    373     10
   4363  3623        cutoff            248.5775      235.6430    26665    5.20%         x.18.14 U   4363   4362     32
   5179  4300        cutoff            248.5775      235.8269    31366    5.13%          x.21.4 D   5179   5178     41
   6000  4983      238.2977    52      248.5775      236.0768    35789    5.03%         x.17.25 D   6000   5999     12
   9269  7671        cutoff            248.5775      236.6116    53998    4.81%           x.3.4 D   9269   9268     23
Elapsed time = 3.14 sec. (3155.36 ticks, tree = 15.60 MB, solutions = 12)
  12524 10278      239.5322    42      248.5775      236.9299    72072    4.69%         x.23.28 D  12524  12523     14
  16010 13055      239.0267    44      248.5775      237.1971    91569    4.58%          x.8.28 D  16010  16009     23
  19606 15839      248.3664    36      248.5775      237.4508   111866    4.48%         x.22.16 U  19606  19605     30
  23180 18612      246.0197    31      248.5775      237.6623   131962    4.39%          x.9.17 U  23180  23179     32
  26746 21311      246.3922    37      248.5775      237.8376   151987    4.32%         x.26.25 U  26746  26745     40
  30269 23983      241.0401    46      248.5775      237.9921   171972    4.26%          x.3.28 D  30269  30268     17
  33757 26544      242.2764    43      248.5775      238.1546   192249    4.19%          x.5.28 D  33757  33756     32
  37277 29156      244.7722    34      248.5775      238.3043   212162    4.13%          x.26.8 U  37277  37276     17
  40781 31768      243.9520    46      248.5775      238.4145   232218    4.09%         x.13.28 D  40781  40780     29
  44320 34411      243.8032    43      248.5775      238.5465   251826    4.04%          x.9.17 U  44320  44319     23
Elapsed time = 13.17 sec. (12694.09 ticks, tree = 71.35 MB, solutions = 12)
  47890 37088      241.4188    46      248.5775      238.6453   270938    4.00%         x.15.28 D  47890  47889     15
  51440 39702      243.4164    40      248.5775      238.7532   290513    3.95%         x.16.28 D  51440  51438     24
  54908 42223      242.1767    47      248.5775      238.8528   310190    3.91%           x.7.0 D  54908  54907     27
* 56370+42514                          248.2220      238.8854             3.76%
  58210 43818      241.2526    40      248.2220      238.9350   328588    3.74%          x.26.8 U  58210  58209     28
  61720 46236      242.6999    40      248.2220      239.0361   348082    3.70%          x.6.28 D  61720  61719     18
  65271 48724      242.2039    42      248.2220      239.1291   367318    3.66%          x.7.14 D  65271  65270     19
  68787 51165      244.4662    34      248.2220      239.2157   386494    3.63%         x.14.12 D  68787  68786     33
  72296 53564      247.6842    33      248.2220      239.2954   406091    3.60%         x.14.12 D  72296  72295     34
  75823 56012      242.8611    41      248.2220      239.3773   425688    3.56%         x.16.28 D  75823  75822     19
  79290 58443      242.7162    41      248.2220      239.4477   445435    3.53%          x.7.14 U  79290  26871     19
Elapsed time = 23.31 sec. (22233.45 ticks, tree = 119.45 MB, solutions = 13)
  82790 60857      244.4706    43      248.2220      239.5204   464799    3.51%           x.3.4 D  82790  82789     32
* 84300+61090                          248.0285      239.5471             3.42%
  86070 62306      244.0295    34      248.0285      239.5871   482708    3.40%           x.7.1 D  86070  86069     31
  89660 64723      246.5604    27      248.0285      239.6572   502024    3.38%         x.24.26 U  89660  89659     45
  93234 67171      243.4850    35      248.0285      239.7180   521304    3.35%         x.21.24 D  93234  93233     29
  96734 69560        cutoff            248.0285      239.7852   540560    3.32%         x.28.12 D  96734  96733     46
 100222 71905      245.0580    43      248.0285      239.8452   560115    3.30%          x.1.19 D 100222 100221     31
 103773 74303      243.7063    40      248.0285      239.9019   579531    3.28%          x.6.28 D 103773 103772     17
 107313 76651      240.7130    45      248.0285      239.9546   598688    3.26%          x.9.17 D 107313 107312     21
 110915 79088      243.6344    33      248.0285      240.0042   618069    3.24%          x.20.3 D 110915 110914     27
 114483 81480      246.1560    39      248.0285      240.0587   637622    3.21%         x.13.28 D 114483 114482     22
Elapsed time = 33.45 sec. (31771.49 ticks, tree = 168.46 MB, solutions = 14)
 118004 83817      242.0639    41      248.0285      240.1067   656486    3.19%          x.7.17 D 118004 118003     39
 121602 86169      245.4134    34      248.0285      240.1619   675970    3.17%         x.27.19 D 121602 121601     32
 125166 88545      243.1943    33      248.0285      240.2073   694937    3.15%          x.7.14 D 125166 125165     21
 128700 90815      240.3212    44      248.0285      240.2511   714156    3.14%          x.8.28 U 128700  21272     23
 132200 93074      246.0395    35      248.0285      240.2969   733323    3.12%          x.7.14 D 132200 132199     22
 135748 95331        cutoff            248.0285      240.3345   752455    3.10%         x.13.28 U 135748 135746     32
 139311 97572      247.1509    34      248.0285      240.3775   771446    3.08%          x.26.8 U 139311 139310     26
 142822 99803      242.5627    39      248.0285      240.4174   790752    3.07%         x.26.28 N 142822 142820     28
 146357 102100      247.2181    32      248.0285      240.4562   810538    3.05%          x.27.4 U 146357 146356     29
 149869 104324      246.7383    34      248.0285      240.4916   829778    3.04%          x.20.3 D 149869 149868     42
Elapsed time = 43.50 sec. (41309.54 ticks, tree = 214.26 MB, solutions = 14)
 153439 106515      243.4161    44      248.0285      240.5308   849496    3.02%         x.13.28 D 153439 153438     30
 157020 108798      246.2660    41      248.0285      240.5682   868864    3.01%          x.7.10 U 157020 157018     16
 160527 110995      247.2255    31      248.0285      240.5992   888405    3.00%          x.1.19 D 160527 160526     36
 164053 113193      244.3165    44      248.0285      240.6374   908023    2.98%          x.17.7 D 164053 164052     14
 167600 115473      246.4925    36      248.0285      240.6735   927915    2.97%         x.12.28 D 167600 167599     39
 171149 117661      244.6561    34      248.0285      240.7066   947634    2.95%         x.28.12 U 171149 171146     21
 174656 119858      246.3659    37      248.0285      240.7368   967263    2.94%         x.14.12 D 174656 174654     26
 178207 122076        cutoff            248.0285      240.7661   986609    2.93%          x.9.17 D 178207 178205     29
 181735 124254      246.6198    40      248.0285      240.7943  1005987    2.92%          x.7.28 D 181735 181734     26
 185284 126399      241.7402    46      248.0285      240.8280  1025360    2.90%         x.21.24 D 185284 185283     24
Elapsed time = 53.45 sec. (50850.13 ticks, tree = 258.52 MB, solutions = 14)
 188874 128590      247.8582    25      248.0285      240.8570  1044598    2.89%         x.14.12 N 188874 188872     38
 192389 130772      246.1108    30      248.0285      240.8917  1063759    2.88%           x.4.4 D 192389 192388     23
 195923 132978      247.6897    36      248.0285      240.9162  1083675    2.87%         x.25.21 D 195923 195921     34
 199520 135130      242.9687    40      248.0285      240.9469  1103047    2.86%          x.21.8 U 199520 199519     28
 203077 137332      243.0633    42      248.0285      240.9717  1122696    2.85%           x.7.0 N 203077 203076     25
 206627 139447        cutoff            248.0285      240.9964  1141678    2.84%         x.29.18 D 206627 206626     37
 210220 141587      245.3219    32      248.0285      241.0254  1160881    2.82%          x.13.7 N 210220 210219     32
 213795 143797      241.6244    47      248.0285      241.0541  1180138    2.81%          x.7.14 N 213795 213794     17
 217366 145922      247.2168    44      248.0285      241.0821  1199587    2.80%         x.26.25 U 217366 217365     30
 220929 148019      242.6365    38      248.0285      241.1097  1219043    2.79%          x.26.8 U 220929 220928     19
Elapsed time = 63.35 sec. (60389.10 ticks, tree = 304.85 MB, solutions = 14)
 224498 150130        cutoff            248.0285      241.1337  1238496    2.78%          x.20.3 U 224498  32491     20
 228069 152261      241.2744    43      248.0285      241.1611  1257840    2.77%         x.21.24 U 228069 214838     19
 231574 154346      247.9641    41      248.0285      241.1881  1277364    2.76%          x.3.28 D 231574 231573     43
 235103 156490      247.5531    29      248.0285      241.2110  1296790    2.75%          x.27.7 D 235103 235102     31
 238630 158516      242.9663    45      248.0285      241.2370  1316284    2.74%          x.15.7 D 238630 238629     26
 242190 160681      243.1704    42      248.0285      241.2617  1335996    2.73%           x.0.3 D 242190 242189     29
 245768 162809      242.9045    37      248.0285      241.2875  1355547    2.72%         x.25.21 U 245768 245767     19
 249320 164919      245.7637    38      248.0285      241.3141  1374922    2.71%         x.21.24 D 249320 249319     25
 252885 167043      244.9311    39      248.0285      241.3380  1394699    2.70%          x.0.28 D 252885 252884     25
 256445 169273      242.8826    39      248.0285      241.3590  1414085    2.69%          x.7.25 D 256445 256444     31
Elapsed time = 73.24 sec. (69927.82 ticks, tree = 349.18 MB, solutions = 14)
 259963 171392      247.3539    38      248.0285      241.3780  1433607    2.68%         x.14.12 U 259963 259962     28
 263504 173520      245.7912    38      248.0285      241.4010  1452723    2.67%           x.6.9 U 263504 263503     22
 267040 175663      244.9432    36      248.0285      241.4235  1472180    2.66%          x.1.19 D 267040 267039     32
 270587 177750      243.9385    32      248.0285      241.4449  1491773    2.65%         x.21.24 D 270587 270586     30
 274128 179829      245.1171    33      248.0285      241.4649  1511352    2.65%          x.26.8 U 274128 274127     28
 277737 181948      245.2269    35      248.0285      241.4847  1530811    2.64%          x.26.4 U 277737 277736     23
 281273 184013        cutoff            248.0285      241.5045  1549784    2.63%          x.1.19 U 281273 281271     27
 284842 186116      242.8661    44      248.0285      241.5246  1569486    2.62%          x.13.7 N 284842  52381     16
 288446 188262        cutoff            248.0285      241.5453  1588825    2.61%           x.2.3 U 288446 288444     39
 292024 190332      246.5825    39      248.0285      241.5662  1608594    2.61%         x.25.10 D 292024 292023     42
Elapsed time = 83.07 sec. (79466.09 ticks, tree = 393.46 MB, solutions = 14)
 295629 192449      242.1548    38      248.0285      241.5857  1628123    2.60%          x.20.3 D 295629 295628     32
 299209 194545      245.7944    38      248.0285      241.6048  1647733    2.59%         x.12.21 D 299209 299208     30
 302727 196675      247.0840    28      248.0285      241.6225  1667299    2.58%         x.14.12 U 302727 302726     25
 306270 198724      244.4556    39      248.0285      241.6408  1686388    2.58%          x.7.28 U 306270 237897     31
 309819 200780      242.2511    43      248.0285      241.6585  1706067    2.57%         x.29.18 U 309819  52653     27
 313341 202790        cutoff            248.0285      241.6775  1725687    2.56%          x.21.5 U 313341 313340     41
 316906 204916      241.9323    44      248.0285      241.6979  1745240    2.55%          x.5.24 D 316906 316905     18
 320446 206978        cutoff            248.0285      241.7155  1764744    2.55%         x.16.28 U 320446   3806     25
 323951 209010      247.8328    38      248.0285      241.7324  1784108    2.54%          x.8.28 U 323951 323949     26
 338170 217238      246.9604    35      248.0285      241.8045  1861633    2.51%           x.3.4 D 338170 338169     33
Elapsed time = 95.87 sec. (91865.45 ticks, tree = 447.42 MB, solutions = 14)
 352381 225346        cutoff            248.0285      241.8708  1940191    2.48%           x.3.4 D 352381 352380     35
 366520 233363      242.3746    39      248.0285      241.9300  2018153    2.46%          x.26.8 N 366520 140963     24
 380670 241344        cutoff            248.0285      241.9936  2096457    2.43%          x.4.28 U 380670 380668     36
 394817 249224      243.6493    38      248.0285      242.0527  2173939    2.41%          x.9.17 U 394817 394816     25
 408950 256982      246.1994    32      248.0285      242.1106  2252361    2.39%          x.21.0 D 408950 408949     26
 423112 264805      243.3574    43      248.0285      242.1642  2331102    2.36%          x.21.2 D 423112 423111     37
 437290 272577      246.9818    40      248.0285      242.2187  2409743    2.34%           x.9.4 N 437290 437287     23
 451495 280337        cutoff            248.0285      242.2702  2488161    2.32%         x.25.19 D 451495 451494     39
 465690 288036      243.9089    39      248.0285      242.3205  2567421    2.30%         x.28.12 D 465690 465689     25
 479980 295607      245.1503    28      248.0285      242.3683  2646581    2.28%         x.10.19 D 479980 479979     38
Elapsed time = 135.25 sec. (130015.39 ticks, tree = 610.02 MB, solutions = 14)
 494148 303168      243.4050    46      248.0285      242.4141  2725886    2.26%          x.26.8 U 494148 494147     25
 508304 310534      243.5291    38      248.0285      242.4606  2805119    2.24%         x.14.12 D 508304 508303     27
 522478 318001      247.0919    29      248.0285      242.5047  2883508    2.23%          x.7.25 D 522478 522477     24
 536592 325197      242.6219    45      248.0285      242.5458  2962627    2.21%         x.10.10 N 536592 368548     19
 550795 332506      244.8882    36      248.0285      242.5878  3041249    2.19%           x.4.4 U 550795  36521     19
 564895 339697        cutoff            248.0285      242.6297  3120335    2.18%         x.28.19 U 564895  57183     29
 578979 346846      243.4979    38      248.0285      242.6702  3200093    2.16%         x.28.12 D 578979 578978     26
 594004 354321      245.6172    35      248.0285      242.7123  3285166    2.14%         x.14.12 U 594004 594003     24
 608195 361482      246.3893    36      248.0285      242.7509  3366199    2.13%          x.21.0 D 608195 608194     29
 624646 369538      244.6470    38      248.0285      242.7938  3458342    2.11%         x.28.12 D 624646 624645     33
Elapsed time = 174.47 sec. (168163.72 ticks, tree = 761.88 MB, solutions = 14)
 641084 377383      244.1975    35      248.0285      242.8377  3551237    2.09%          x.3.28 D 641084 641083     33
 657531 385223      246.7255    33      248.0285      242.8784  3644716    2.08%          x.9.17 U 657531 657530     30
 673928 393145      244.4549    33      248.0285      242.9176  3737620    2.06%         x.29.18 U 673928 554403     27
 690391 400949      247.7761    38      248.0285      242.9573  3830540    2.04%          x.21.0 U 690391 690390     33
 706882 408777      244.3275    39      248.0285      242.9954  3922787    2.03%         x.14.12 U 706882 349173     18
 723383 416422      243.8174    40      248.0285      243.0347  4015384    2.01%         x.23.28 D 723383 723382     28
 739909 424221      245.4335    33      248.0285      243.0708  4106429    2.00%         x.28.12 D 739909 739908     27
 756400 431693      246.1947    30      248.0285      243.1068  4199658    1.98%           x.0.3 D 756400 756399     33
 772754 439067      245.8914    40      248.0285      243.1437  4292596    1.97%         x.28.12 D 772754 772753     25
 789134 446080      247.2525    31      248.0285      243.1794  4385948    1.96%         x.14.12 D 789134 789132     32
Elapsed time = 213.46 sec. (206313.22 ticks, tree = 919.71 MB, solutions = 14)
 805483 453245      247.8621    42      248.0285      243.2134  4479234    1.94%         x.28.12 N 805483 805482     31
 821955 460526      244.1608    36      248.0285      243.2468  4572404    1.93%         x.22.16 U 821955 821954     33
 838324 467617      245.0179    45      248.0285      243.2821  4665409    1.91%         x.14.12 D 838324 838322     28
 854706 474694      247.0428    35      248.0285      243.3130  4758490    1.90%         x.29.18 U 854706 854705     27
 871097 481595      246.6812    33      248.0285      243.3450  4851448    1.89%          x.9.17 U 871097 871096     29
 887620 488572      246.8736    34      248.0285      243.3760  4945023    1.88%          x.15.3 U 887620 887618     26
 904000 495376      246.9982    34      248.0285      243.4053  5038375    1.86%          x.9.17 U 904000 903999     28
 920334 502171      244.9150    46      248.0285      243.4342  5131750    1.85%          x.5.24 U 920334 124802     41
 936701 508847      247.7887    25      248.0285      243.4634  5224963    1.84%          x.23.2 U 936701 936700     38
 953101 515507      247.3203    30      248.0285      243.4926  5318806    1.83%          x.7.14 D 953101 953100     35
Elapsed time = 252.43 sec. (244462.01 ticks, tree = 1064.13 MB, solutions = 14)
 969484 522024        cutoff            248.0285      243.5208  5411831    1.82%         x.18.28 U 969484 201182     25
 985840 528362      244.2422    40      248.0285      243.5509  5506243    1.81%         x.28.12 D 985840 985839     26
 1002400 534934      243.5846    32      248.0285      243.5789  5599665    1.79%          x.8.28 U 1002400 442594     27
 1018837 541266      246.2843    29      248.0285      243.6060  5693464    1.78%          x.7.12 D 1018837 1018836     40
 1035206 547344      244.9961    41      248.0285      243.6333  5787169    1.77%         x.21.24 D 1035206 1035205     30
 1051606 553463      247.5060    29      248.0285      243.6593  5880641    1.76%         x.19.10 N 1051606 1051605     40
 1068028 559557      246.9225    32      248.0285      243.6862  5973955    1.75%         x.26.25 U 1068028 1068027     38
 1084520 565640      245.3551    37      248.0285      243.7119  6067146    1.74%         x.22.16 U 1084520 1084519     23
 1100855 571719        cutoff            248.0285      243.7374  6161285    1.73%          x.17.7 U 1100855 108342     30
 1117189 577687      247.1184    33      248.0285      243.7627  6254254    1.72%         x.28.16 U 1117189 1117187     38
Elapsed time = 291.43 sec. (282611.30 ticks, tree = 1195.04 MB, solutions = 14)
 1132926 583402        cutoff            248.0285      243.7871  6343692    1.71%           x.3.4 D 1132926 1132925     27
 1148373 588850      243.9547    41      248.0285      243.8104  6431990    1.70%         x.21.24 U 1148373 303374     25
 1163740 594376      247.9976    37      248.0285      243.8341  6520631    1.69%          x.20.3 D 1163740 1163739     41
 1179296 599930      245.7560    35      248.0285      243.8571  6609117    1.68%         x.15.16 N 1179296 1179295     24
 1194808 605178        cutoff            248.0285      243.8794  6697658    1.67%         x.25.16 D 1194808 1194806     26
 1209998 610396      248.0108    35      248.0285      243.9017  6784650    1.66%          x.21.3 D 1209998 1209997     40
 1224923 615475      247.1988    37      248.0285      243.9236  6871048    1.65%          x.7.28 D 1224923 1224922     34
 1239919 620517      246.2801    41      248.0285      243.9453  6956516    1.65%         x.10.10 D 1239919 1239918     29
 1254916 625615      245.7867    35      248.0285      243.9658  7041838    1.64%           x.4.4 U 1254916 462885     30
 1269925 630715      244.1446    41      248.0285      243.9862  7127509    1.63%         x.14.12 D 1269925 162290     33
Elapsed time = 330.75 sec. (320759.63 ticks, tree = 1301.49 MB, solutions = 14)
 1284917 635718      245.4436    30      248.0285      244.0071  7213089    1.62%         x.28.12 U 1284917 795178     25
 1299910 640484      244.2513    37      248.0285      244.0273  7298681    1.61%          x.21.8 N 1299910 172974     23
 1314905 645253      246.9864    37      248.0285      244.0479  7383906    1.60%          x.20.3 D 1314905 1314904     29
 1329861 650036      245.5097    44      248.0285      244.0680  7469768    1.60%         x.29.18 U 1329861 1329860     33
 1344751 654669      247.2390    32      248.0285      244.0882  7555711    1.59%         x.13.28 D 1344751 1344750     31
 1359818 659350        cutoff            248.0285      244.1080  7641975    1.58%          x.7.19 U 1359818 909684     27
 1374752 663877        cutoff            248.0285      244.1273  7727356    1.57%          x.8.28 D 1374752 1374751     25
 1389770 668362      245.1282    39      248.0285      244.1467  7813077    1.57%         x.25.23 U 1389770  29140     25
 1404677 672886      245.5892    43      248.0285      244.1654  7898926    1.56%         x.29.18 U 1404677 1404676     22
 1419705 677285      245.5345    37      248.0285      244.1845  7984600    1.55%          x.4.19 D 1419705 1419704     43
Elapsed time = 370.05 sec. (358908.13 ticks, tree = 1402.30 MB, solutions = 14)
 1434721 681579      244.6391    34      248.0285      244.2034  8071301    1.54%          x.8.28 D 1434721 1147358     24
 1449656 685884        cutoff            248.0285      244.2218  8157232    1.53%          x.12.4 D 1449656 1449655     30
 1464607 690179      244.7765    40      248.0285      244.2400  8243485    1.53%          x.8.28 D 1464607 749213     28
 1479648 694525        cutoff            248.0285      244.2577  8328992    1.52%          x.29.3 U 1479648 1479646     32
 1494665 698783      246.3894    38      248.0285      244.2753  8414752    1.51%           x.6.9 U 1494665 1494664     26
 1509550 702817      247.3124    34      248.0285      244.2930  8500960    1.51%          x.8.10 D 1509550 1509549     20
 1524484 706938        cutoff            248.0285      244.3111  8586664    1.50%          x.14.6 U 1524484 1524483     34
 1539450 710942      247.1940    37      248.0285      244.3288  8672291    1.49%           x.6.9 D 1539450 1539448     31
 1554440 714922      246.4913    35      248.0285      244.3459  8758250    1.48%         x.28.12 D 1554440 1554439     20
 1569375 718741      247.9576    38      248.0285      244.3638  8843479    1.48%          x.15.3 D 1569375 1569374     32
Elapsed time = 409.38 sec. (397057.09 ticks, tree = 1485.55 MB, solutions = 14)
 1584256 722584      246.3289    42      248.0285      244.3813  8928919    1.47%           x.3.4 D 1584256 1584255     38
 1599188 726425      244.4913    34      248.0285      244.3988  9014068    1.46%           x.3.4 U 1599188 482061     36
 1614177 730115      246.1633    43      248.0285      244.4158  9100010    1.46%          x.7.25 D 1614177 1614176     34
 1629129 733988      244.4339    44      248.0285      244.4331  9185248    1.45%          x.4.19 D 1629129 368230     35
 1644018 737521        cutoff            248.0285      244.4503  9270326    1.44%         x.29.18 D 1644018 1644016     25
 1658970 741198      247.6995    41      248.0285      244.4667  9355338    1.44%         x.12.23 U 1658970 285790     23
 1673899 744836      245.1277    39      248.0285      244.4833  9441093    1.43%           x.0.3 D 1673899 1673898     30
 1688884 748410      245.8655    38      248.0285      244.4995  9526446    1.42%          x.12.4 D 1688884 1688882     24
 1703890 751972      246.2893    38      248.0285      244.5158  9611316    1.42%         x.14.12 D 1703890 1703888     32
 1718853 755599      246.1312    34      248.0285      244.5323  9697193    1.41%         x.29.18 U 1718853 1718852     26
Elapsed time = 448.73 sec. (435206.05 ticks, tree = 1559.57 MB, solutions = 14)
 1733745 759179      246.1512    29      248.0285      244.5471  9782567    1.40%         x.23.28 D 1733745 1733744     29
 1748725 762606      247.7433    31      248.0285      244.5632  9867902    1.40%          x.8.28 N 1748725 1748724     34
 1763720 766105      246.9140    39      248.0285      244.5786  9953184    1.39%          x.27.4 D 1763720 1763718     32
 1778660 769544      247.7952    37      248.0285      244.5942 10037951    1.38%          x.11.4 U 1778660 1778659     29
 1793620 772844      247.2434    33      248.0285      244.6098 10122748    1.38%          x.7.13 D 1793620 1793619     39
 1808587 776241      247.8569    24      248.0285      244.6246 10207884    1.37%          x.4.28 D 1808587 1808586     34
 1823621 779632      246.2684    35      248.0285      244.6400 10292900    1.37%         x.15.28 D 1823621 1823620     30
 1838580 782884      247.9234    37      248.0285      244.6553 10377550    1.36%          x.21.0 D 1838580 1838579     36
 1853531 786180      245.3247    44      248.0285      244.6700 10462042    1.35%          x.26.8 N 1853531 1853530     15
 1868425 789382        cutoff            248.0285      244.6850 10545997    1.35%          x.5.19 D 1868425 1868424     25
Elapsed time = 488.06 sec. (473354.42 ticks, tree = 1627.42 MB, solutions = 14)
 1883351 792438      245.5296    27      248.0285      244.6995 10630047    1.34%         x.28.16 U 1883351 1069310     30
 1898295 795484      246.9933    38      248.0285      244.7148 10714990    1.34%         x.25.19 D 1898295 1898294     36
 1913200 798619      245.9465    38      248.0285      244.7292 10799488    1.33%          x.15.3 D 1913200 1913199     19
 1928011 801370      247.9448    25      248.0285      244.7446 10884855    1.32%         x.12.10 D 1928011 1928010     29
 1942969 804287      246.7627    29      248.0285      244.7594 10970172    1.32%         x.25.19 D 1942969 1942968     38
 1957942 807275      245.4624    30      248.0285      244.7741 11055414    1.31%         x.17.19 D 1957942 1957941     46
 1972870 810224      244.9187    44      248.0285      244.7888 11140097    1.31%         x.21.24 U 1972870 1613938     26
 1987803 813096      245.2308    42      248.0285      244.8031 11224546    1.30%           x.7.0 N 1987803 489593     17
 2002795 815819      246.4329    36      248.0285      244.8174 11308443    1.29%         x.16.10 D 2002795 2002794     32
 2017731 818634      245.6224    40      248.0285      244.8314 11392364    1.29%          x.5.24 D 2017731 2017730     27
Elapsed time = 527.36 sec. (511505.15 ticks, tree = 1694.95 MB, solutions = 14)
 2032681 821431      245.5865    47      248.0285      244.8454 11477364    1.28%         x.29.18 N 2032681 1950171     32
 2047598 824035      245.1249    34      248.0285      244.8597 11561334    1.28%         x.16.10 D 2047598 2047597     25
 2062535 826574      246.4020    40      248.0285      244.8736 11646480    1.27%          x.7.12 D 2062535 2062534     40
 2077485 829142        cutoff            248.0285      244.8878 11730790    1.27%         x.28.12 U 2077485 2077483     24
 2092327 831704      247.2495    46      248.0285      244.9016 11814277    1.26%          x.8.28 U 2092327 2092326     38
 2107215 834211      247.9882    30      248.0285      244.9154 11897861    1.26%         x.25.23 U 2107215 2107213     35
 2122166 836705      245.3479    40      248.0285      244.9290 11981579    1.25%         x.22.16 D 2122166 2122165     33
 2137100 839158      245.2059    33      248.0285      244.9427 12066063    1.24%          x.8.28 N 2137100 374555     30
 2151989 841613      245.1700    37      248.0285      244.9567 12150681    1.24%          x.5.24 U 2151989 531906     22
 2166912 844073      246.9427    44      248.0285      244.9700 12235551    1.23%          x.7.10 N 2166912 2166911     30
Elapsed time = 566.70 sec. (549653.58 ticks, tree = 1746.06 MB, solutions = 14)
 2181865 846699      246.3337    30      248.0285      244.9838 12319339    1.23%         x.14.12 N 2181865 1980111     32
 2196779 849088      246.2947    35      248.0285      244.9970 12403211    1.22%         x.14.12 U 2196779 2196778     23
 2211716 851290      246.3752    33      248.0285      245.0104 12487332    1.22%         x.10.10 D 2211716 2211715     32
 2226727 853592        cutoff            248.0285      245.0236 12571011    1.21%          x.7.25 U 2226727 2226725     34
 2241643 855965      247.3102    37      248.0285      245.0360 12654352    1.21%           x.6.9 D 2241643 2241641     15
 2256560 858259      246.6971    42      248.0285      245.0488 12738011    1.20%          x.0.25 U 2256560 1506058     28
 2271484 860295      245.2185    40      248.0285      245.0623 12822751    1.20%          x.3.28 U 2271484  92003     25
 2286400 862275      245.1637    45      248.0285      245.0754 12907091    1.19%          x.5.24 U 2286400 1613927     25
 2301282 864177      246.8159    29      248.0285      245.0886 12991338    1.19%         x.22.16 U 2301282 2301281     23
 2316112 866189      246.8499    36      248.0285      245.1011 13074786    1.18%          x.5.24 U 2316112 2316110     38
Elapsed time = 606.06 sec. (587802.24 ticks, tree = 1790.50 MB, solutions = 14)
 2330977 868130      246.5160    45      248.0285      245.1136 13158613    1.18%          x.14.6 N 2330977 2330976     20
 2345889 869986        cutoff            248.0285      245.1266 13242028    1.17%          x.8.28 D 2345889 2345888     29
 2360810 871855      245.2420    45      248.0285      245.1395 13325579    1.16%          x.26.8 D 2360810 185333     20
 2375739 873584        cutoff            248.0285      245.1518 13409432    1.16%         x.10.10 U 2375739 2375737     28
 2390650 875492      246.6482    34      248.0285      245.1636 13493376    1.16%         x.22.16 U 2390650 2390649     33
 2405454 876992        cutoff            248.0285      245.1763 13577557    1.15%          x.29.3 U 2405454 1702167     30
 2420280 878567        cutoff            248.0285      245.1888 13661001    1.14%         x.13.28 U 2420280 234579     24
 2435131 879896      246.5338    34      248.0285      245.2013 13745196    1.14%         x.27.25 D 2435131 2435130     30
 2450060 881180        cutoff            248.0285      245.2146 13829763    1.13%         x.28.12 U 2450060 2450059     25
 2464910 882612      247.6703    37      248.0285      245.2268 13914355    1.13%           x.0.3 D 2464910 2464909     37
Elapsed time = 645.74 sec. (625951.33 ticks, tree = 1823.52 MB, solutions = 14)
 2479701 883933      245.6517    41      248.0285      245.2389 13997868    1.12%         x.23.28 U 2479701 966034     21
 2494522 885343      246.8189    45      248.0285      245.2513 14081706    1.12%          x.21.8 U 2494522 2494521     26
 2509274 886661      247.0669    33      248.0285      245.2633 14165712    1.11%          x.20.3 N 2509274 2509273     38
 2524122 887877      246.0276    29      248.0285      245.2757 14249091    1.11%         x.14.12 D 2524122 1347180     25
 2538950 889242      246.6349    28      248.0285      245.2876 14332638    1.11%           x.2.3 D 2538950 2538949     54
 2553647 890502      247.8734    37      248.0285      245.2993 14415346    1.10%          x.6.28 D 2553647 2553646     32
 2568521 891651        cutoff            248.0285      245.3113 14498103    1.10%           x.3.4 D 2568521 2568520     34
 2583408 892799        cutoff            248.0285      245.3237 14581149    1.09%         x.29.25 U 2583408 2583406     34
 2598287 893899        cutoff            248.0285      245.3354 14663758    1.09%         x.14.19 U 2598287 2598285     34
 2613115 894818      247.6481    31      248.0285      245.3474 14746336    1.08%          x.8.28 U 2613115 2613114     32
Elapsed time = 685.51 sec. (664099.88 ticks, tree = 1848.08 MB, solutions = 14)
 2627989 895792      246.0258    37      248.0285      245.3596 14828460    1.08%         x.29.18 U 2627989 2627988     31
 2642806 896881      247.9287    29      248.0285      245.3711 14911081    1.07%         x.25.19 D 2642806 2642805     32
 2657690 897763      246.3166    37      248.0285      245.3832 14993549    1.07%         x.25.16 U 2657690 2657689     30
 2672487 898735      247.7309    31      248.0285      245.3946 15077191    1.06%         x.13.12 D 2672487 2672486     43
 2687320 899493      246.1501    36      248.0285      245.4062 15160026    1.06%          x.21.0 U 2687320 980100     31
 2702198 900339        cutoff            248.0285      245.4179 15242476    1.05%          x.21.0 U 2702198 2702196     33
 2717033 901141        cutoff            248.0285      245.4296 15325328    1.05%          x.16.3 D 2717033 2717032     38
 2731863 902032      247.9409    33      248.0285      245.4409 15407729    1.04%           x.2.3 D 2731863 2731862     24
 2746770 902833      247.4964    32      248.0285      245.4524 15489994    1.04%         x.24.26 U 2746770 2746768     40
 2761685 903719      247.1376    29      248.0285      245.4637 15571988    1.03%         x.10.10 U 2761685 2620360     35
Elapsed time = 725.20 sec. (702249.30 ticks, tree = 1866.00 MB, solutions = 14)
 2776492 904389      247.5848    32      248.0285      245.4752 15653464    1.03%         x.23.19 D 2776492 2776491     32
 2791353 904940        cutoff            248.0285      245.4867 15735951    1.02%           x.4.4 D 2791353 2791352     27
 2806173 905565        cutoff            248.0285      245.4979 15819464    1.02%           x.0.3 D 2806173 2806172     32
 2820963 905990      246.1176    35      248.0285      245.5093 15901598    1.02%          x.21.0 D 2820963 2820962     33
 2835792 906539        cutoff            248.0285      245.5208 15983107    1.01%         x.19.10 D 2835792 2835791     36
 2850600 906796      246.5717    38      248.0285      245.5322 16064764    1.01%          x.21.8 U 2850600 2850599     19
 2865447 906974        cutoff            248.0285      245.5436 16146660    1.00%         x.26.28 U 2865447 183374     18
 2880289 907372      246.5535    41      248.0285      245.5545 16228185    1.00%          x.5.19 D 2880289 2880287     36
 2895118 907501      245.9131    31      248.0285      245.5658 16310745    0.99%         x.29.18 N 2895118 1263206     29
 2909871 907649      247.3242    36      248.0285      245.5767 16392566    0.99%         x.25.10 U 2909871 2719169     36
Elapsed time = 764.97 sec. (740397.65 ticks, tree = 1873.95 MB, solutions = 14)
 2924620 907804      245.8431    47      248.0285      245.5878 16474435    0.98%           x.8.4 U 2924620 1065779     28
 2939421 907802      246.4814    36      248.0285      245.5992 16556558    0.98%         x.22.16 D 2939421 1555747     26
 2954255 907738      247.3387    32      248.0285      245.6107 16638089    0.97%         x.24.26 U 2954255 2954253     27
 2969113 907645      246.5271    39      248.0285      245.6220 16719569    0.97%         x.14.12 D 2969113 2969111     27
 2983934 907494        cutoff            248.0285      245.6331 16801779    0.97%         x.27.25 U 2983934 837975     37
 2998710 907421      247.8468    33      248.0285      245.6437 16883676    0.96%         x.14.10 U 2998710 2998709     29
 3013489 907166      246.9369    36      248.0285      245.6548 16964868    0.96%          x.20.3 U 3013489 949054     22
 3028290 906884      246.7413    35      248.0285      245.6656 17046537    0.95%         x.22.19 D 3028290 3028289     22
 3043063 906588      245.8449    31      248.0285      245.6768 17127224    0.95%         x.14.12 N 3043063 236635     28
 3057820 906344      246.9259    39      248.0285      245.6879 17208788    0.94%         x.28.12 D 3057820 3057819     23
Elapsed time = 804.83 sec. (778546.51 ticks, tree = 1871.39 MB, solutions = 14)
 3072603 905946      247.6745    36      248.0285      245.6990 17289772    0.94%         x.25.10 D 3072603 3072602     29
 3087321 905641      245.8358    39      248.0285      245.7094 17371888    0.94%         x.10.10 D 3087321 3087320     46
 3102161 905390        cutoff            248.0285      245.7203 17453433    0.93%          x.7.10 D 3102161 3102159     25
 3116838 904798        cutoff            248.0285      245.7310 17534061    0.93%          x.27.4 U 3116838 3116836     27
 3131618 904185      245.9245    37      248.0285      245.7420 17615353    0.92%         x.10.10 N 3131618 2402686     32
 3146433 903746      247.9880    38      248.0285      245.7526 17695907    0.92%         x.27.25 U 3146433 2608844     22
 3161186 903129        cutoff            248.0285      245.7633 17777103    0.91%          x.29.3 U 3161186 247375     34
 3175975 902517      247.3619    35      248.0285      245.7744 17858370    0.91%         x.28.12 N 3175975 3175974     26
 3190738 901899      246.7435    29      248.0285      245.7850 17938650    0.90%         x.28.12 U 3190738 1269201     21
 3205574 901214        cutoff            248.0285      245.7956 18018806    0.90%           x.0.3 D 3205574 3205573     33
Elapsed time = 844.85 sec. (816694.67 ticks, tree = 1861.16 MB, solutions = 14)
 3220250 900265      246.8556    39      248.0285      245.8064 18100331    0.90%           x.3.4 D 3220250 3220249     31
 3235027 899521      245.9544    31      248.0285      245.8169 18181035    0.89%         x.25.16 D 3235027 2660792     23
 3249785 898557      246.6192    25      248.0285      245.8277 18261800    0.89%         x.25.23 U 3249785 469384     33
 3264461 897406      246.0297    33      248.0285      245.8383 18342349    0.88%         x.25.16 N 3264461 401979     39
 3279199 896599      246.2529    34      248.0285      245.8490 18423531    0.88%         x.29.17 D 3279199 3279198     32
 3293925 895538        cutoff            248.0285      245.8596 18503459    0.87%         x.14.19 U 3293925 3293923     43
 3308676 894496        cutoff            248.0285      245.8701 18583655    0.87%         x.14.12 D 3308676 3308674     22
 3323345 893409      245.9360    31      248.0285      245.8805 18664284    0.87%          x.8.28 U 3323345 257519     26
 3338042 892301      246.2238    43      248.0285      245.8909 18743566    0.86%          x.15.3 D 3338042 3338041     26
 3352676 891179        cutoff            248.0285      245.9013 18823746    0.86%          x.19.4 U 3352676 3352675     34
Elapsed time = 885.08 sec. (854842.90 ticks, tree = 1841.08 MB, solutions = 14)
 3367406 889839      247.3338    33      248.0285      245.9117 18904188    0.85%          x.7.14 N 3367406 503172     24
 3382122 888525        cutoff            248.0285      245.9219 18984084    0.85%         x.10.10 D 3382122 3382121     37
 3396840 886991        cutoff            248.0285      245.9324 19063662    0.85%         x.14.10 U 3396840 3396838     36
 3411455 885372      247.0212    39      248.0285      245.9431 19143046    0.84%          x.20.3 U 3411455 782307     35
 3426099 883886      246.3585    41      248.0285      245.9536 19222783    0.84%         x.29.17 N 3426099 3426098     37
 3440763 882333      246.6435    40      248.0285      245.9641 19303111    0.83%          x.7.17 N 3440763 2309766     23
 3455449 880937      246.7191    44      248.0285      245.9744 19383367    0.83%          x.6.24 N 3455449 694650     29
 3470211 879132      247.7061    27      248.0285      245.9853 19463505    0.82%         x.10.10 U 3470211 3470210     31
 3484908 877409      247.0301    46      248.0285      245.9960 19543414    0.82%         x.29.18 D 3484908 3484907     33
 3499540 875730      246.4894    34      248.0285      246.0060 19623308    0.82%         x.29.17 N 3499540 1667881     26
Elapsed time = 925.55 sec. (892991.13 ticks, tree = 1810.14 MB, solutions = 14)
 3514164 873744        cutoff            248.0285      246.0168 19703380    0.81%          x.4.28 U 3514164 863459     29
 3528913 871755        cutoff            248.0285      246.0273 19782744    0.81%         x.29.18 D 3528913 3528912     21
 3543600 869684      246.6129    39      248.0285      246.0379 19862781    0.80%          x.6.24 U 3543600 210999     37
 3558211 867515      247.8490    34      248.0285      246.0483 19942703    0.80%         x.10.10 N 3558211 3558210     36
 3572864 865305      247.9654    32      248.0285      246.0589 20022695    0.79%          x.5.19 U 3572864 3572863     32
 3587521 863085      246.8328    37      248.0285      246.0692 20102489    0.79%          x.5.24 D 3587521 3587520     21
 3602079 860818      246.4167    36      248.0285      246.0801 20182059    0.79%         x.10.10 D 3602079 3602078     26
 3616708 858445        cutoff            248.0285      246.0907 20261378    0.78%          x.21.0 U 3616708 3616706     35
 3631350 856159      246.9461    26      248.0285      246.1010 20340653    0.78%         x.10.19 N 3631350 3631349     27
 3645990 853637      246.4869    49      248.0285      246.1117 20419762    0.77%           x.9.4 D 3645990 2883369     20
Elapsed time = 966.25 sec. (931140.01 ticks, tree = 1765.86 MB, solutions = 14)
 3660659 851405      246.3943    42      248.0285      246.1219 20498942    0.77%          x.14.6 D 3660659 3327572     33
 3675278 848832        cutoff            248.0285      246.1323 20578512    0.76%         x.13.18 D 3675278 3675277     42
 3690000 846442      247.6029    29      248.0285      246.1426 20657025    0.76%          x.5.24 N 3690000 3689999     34
 3704660 843809        cutoff            248.0285      246.1529 20735738    0.76%           x.0.3 U 3704660 3704658     22
 3719212 841316      246.9521    40      248.0285      246.1631 20814119    0.75%         x.28.12 U 3719212 1911708     30
 3733869 838735      247.6889    36      248.0285      246.1736 20892630    0.75%         x.22.16 N 3733869 3733867     29
 3749258 835917        cutoff            248.0285      246.1843 20975731    0.74%         x.15.28 U 3749258 1326205     30
 3765102 832860      246.5749    47      248.0285      246.1958 21060427    0.74%          x.8.28 U 3765102 3765101     27
 3781214 829738        cutoff            248.0285      246.2073 21146471    0.73%         x.29.25 U 3781214 2400115     41
 3797355 826560      246.2798    37      248.0285      246.2188 21233246    0.73%           x.0.3 N 3797355 3275006     24
Elapsed time = 1007.00 sec. (969290.24 ticks, tree = 1711.57 MB, solutions = 14)
 3813482 823094        cutoff            248.0285      246.2303 21319343    0.72%           x.6.9 D 3813482 1288689     30
 3829567 819814      246.7566    41      248.0285      246.2415 21405481    0.72%          x.19.4 U 3829567 1813247     32
 3845695 816338      247.4300    28      248.0285      246.2532 21490694    0.72%           x.6.9 N 3845695 3845694     39
 3861880 812850        cutoff            248.0285      246.2648 21575687    0.71%          x.26.4 U 3861880 3861879     25
 3878083 809341      247.8116    36      248.0285      246.2766 21661088    0.71%          x.8.10 U 3878083 3878082     27
 3894212 805736      246.4500    43      248.0285      246.2882 21746205    0.70%         x.15.16 D 3894212 3738867     22
 3910371 802121        cutoff            248.0285      246.2997 21831313    0.70%         x.19.10 D 3910371 3910370     29
 3926505 798333      247.0583    32      248.0285      246.3110 21916470    0.69%         x.29.18 N 3926505 1193544     32
 3942576 794499        cutoff            248.0285      246.3226 22001973    0.69%         x.28.12 U 3942576 1948191     27
 3958676 790559      247.7999    29      248.0285      246.3342 22087076    0.68%          x.20.3 U 3958676 1840570     31
Elapsed time = 1047.70 sec. (1007438.41 ticks, tree = 1639.38 MB, solutions = 14)
 3974840 786244      246.5715    36      248.0285      246.3460 22171927    0.68%         x.22.16 D 3974840 3257426     32
 3990956 782039      247.8085    32      248.0285      246.3578 22256338    0.67%         x.27.25 D 3990956 3990955     32
 4007061 777789      247.2448    35      248.0285      246.3693 22340507    0.67%         x.22.16 U 4007061 4007060     30
 4023172 773572      247.3063    36      248.0285      246.3809 22425103    0.66%         x.15.16 U 4023172 4023171     31
 4039252 769146      246.7231    39      248.0285      246.3927 22509167    0.66%          x.4.28 D 4039252 4039251     25
 4055376 764796        cutoff            248.0285      246.4046 22592926    0.65%         x.28.16 D 4055376 4055375     40
 4071541 760221      247.3092    38      248.0285      246.4165 22676924    0.65%         x.22.16 D 4071541 2115879     32
 4087648 755793      246.6596    34      248.0285      246.4280 22760261    0.65%          x.21.5 N 4087648 2050304     39
 4103794 751196        cutoff            248.0285      246.4396 22844110    0.64%          x.8.28 U 4103794 4103792     36
 4119857 746445      246.4782    36      248.0285      246.4516 22926937    0.64%         x.29.17 U 4119857 2469525     26
Elapsed time = 1088.48 sec. (1045586.52 ticks, tree = 1550.89 MB, solutions = 14)
 4135968 741844      247.5496    43      248.0285      246.4634 23010133    0.63%         x.28.12 D 4135968 4135966     33
 4151996 736985      246.6393    37      248.0285      246.4753 23092785    0.63%          x.15.3 U 4151996 3716973     23
 4168112 732198      247.2923    46      248.0285      246.4872 23175246    0.62%          x.4.28 D 4168112 4168111     26
 4184142 727163        cutoff            248.0285      246.4994 23257575    0.62%         x.19.10 U 4184142 703027     28
 4200112 722177      247.7807    42      248.0285      246.5114 23339131    0.61%         x.25.16 U 4200112 4200111     28
 4216191 717230      247.8708    41      248.0285      246.5232 23420890    0.61%         x.14.12 N 4216191 2610953     22
 4232188 711979      246.5903    31      248.0285      246.5350 23502662    0.60%           x.4.4 U 4232188 318830     39
 4248205 706769      247.8007    26      248.0285      246.5471 23584579    0.60%         x.23.19 D 4248205 4248204     33
 4264155 701338        cutoff            248.0285      246.5591 23665855    0.59%         x.28.12 U 4264155 3999374     24
 4280240 695866      246.7177    37      248.0285      246.5712 23746320    0.59%         x.23.28 U 4280240 974428     23
Elapsed time = 1129.40 sec. (1083734.67 ticks, tree = 1449.43 MB, solutions = 14)
 4296214 690300      247.0622    33      248.0285      246.5832 23827361    0.58%          x.21.5 U 4296214 1188469     30
 4312283 684851      247.6843    44      248.0285      246.5950 23907913    0.58%         x.29.18 D 4312283 894926     32
 4328256 679251      247.7183    43      248.0285      246.6074 23988257    0.57%         x.28.16 D 4328256 4328254     28
 4344226 673559        cutoff            248.0285      246.6195 24068384    0.57%         x.28.12 D 4344226 4344224     31
 4360221 667854      246.7847    25      248.0285      246.6316 24148243    0.56%         x.29.18 N 4360221 2821246     31
 4376195 661931        cutoff            248.0285      246.6440 24228308    0.56%         x.25.16 D 4376195 4376193     25
 4392189 656053        cutoff            248.0285      246.6565 24308052    0.55%         x.29.18 U 4392189 4392188     25
 4408186 650216      247.5766    30      248.0285      246.6686 24386665    0.55%         x.25.21 U 4408186 745162     22
 4424166 644285        cutoff            248.0285      246.6809 24465994    0.54%         x.19.10 D 4424166 4424164     33
 4440093 638335        cutoff            248.0285      246.6930 24544993    0.54%           x.4.4 D 4440093 4440092     29
Elapsed time = 1170.58 sec. (1121882.88 ticks, tree = 1334.01 MB, solutions = 14)
 4456015 632197        cutoff            248.0285      246.7051 24623532    0.53%           x.4.4 U 4456015 2765766     32
 4471911 626042        cutoff            248.0285      246.7173 24701734    0.53%         x.14.10 U 4471911 2721542     46
 4487900 619570        cutoff            248.0285      246.7299 24779480    0.52%         x.10.10 U 4487900 4487897     37
 4503834 612870      247.8272    40      248.0285      246.7427 24857221    0.52%         x.13.18 U 4503834 4503833     42
 4519712 606351      247.4266    38      248.0285      246.7552 24935127    0.51%         x.22.16 N 4519712 1905256     35
 4535609 599938      246.7678    33      248.0285      246.7678 25011561    0.51%         x.23.28 N 4535609 3284200     27
 4551509 593292      247.1633    40      248.0285      246.7807 25087925    0.50%          x.26.8 N 4551509 718955     26
 4567403 586670      247.7130    31      248.0285      246.7933 25163897    0.50%         x.23.28 N 4567403 1434059     27
 4583305 579905        cutoff            248.0285      246.8061 25240038    0.49%         x.10.10 U 4583305 4583304     39
 4599165 572978      247.1627    40      248.0285      246.8188 25316173    0.49%         x.15.16 N 4599165 1421366     28
Elapsed time = 1212.21 sec. (1160031.93 ticks, tree = 1202.87 MB, solutions = 14)
 4614963 565975        cutoff            248.0285      246.8321 25392809    0.48%          x.5.19 U 4614963 4614961     35
 4630806 558800      247.1059    26      248.0285      246.8453 25468473    0.48%         x.10.10 D 4630806 4630805     28
 4646640 551803      247.7463    37      248.0285      246.8581 25543526    0.47%         x.13.15 U 4646640 4646639     39
 4662532 544502        cutoff            248.0285      246.8718 25618754    0.47%          x.4.28 U 4662532 4662531     31
 4678384 537217      247.8234    35      248.0285      246.8853 25693054    0.46%         x.25.16 U 4678384 4678383     28
 4694219 529727        cutoff            248.0285      246.8989 25767504    0.46%          x.0.25 U 4694219 4108825     30
 4710085 522266        cutoff            248.0285      246.9122 25840922    0.45%         x.25.21 D 4710085 4710083     31
 4725936 514762        cutoff            248.0285      246.9256 25914255    0.44%          x.23.3 U 4725936 940212     41
 4741829 507009        cutoff            248.0285      246.9393 25987695    0.44%          x.21.0 U 4741829 335717     34
 4757640 499002      247.2621    28      248.0285      246.9531 26060657    0.43%         x.10.10 D 4757640 2427499     27
Elapsed time = 1254.32 sec. (1198179.80 ticks, tree = 1054.42 MB, solutions = 14)
 4773447 490883        cutoff            248.0285      246.9674 26133105    0.43%          x.1.19 U 4773447 1622474     40
 4789296 482827      247.4982    39      248.0285      246.9814 26205033    0.42%         x.15.16 N 4789296 4789295     35
 4805125 474446      247.4392    35      248.0285      246.9960 26276153    0.42%         x.28.12 U 4805125 934290     34
 4820898 466159        cutoff            248.0285      247.0104 26347897    0.41%          x.8.28 D 4820898 4820897     35
 4836670 457797      247.9456    32      248.0285      247.0253 26418344    0.40%          x.21.8 U 4836670 4836669     32
 4852459 449413        cutoff            248.0285      247.0398 26488009    0.40%           x.9.4 U 4852459 2074677     27
 4868198 440732      247.9167    31      248.0285      247.0546 26558281    0.39%         x.21.27 U 4868198 1134042     37
 4884011 431958      247.6718    34      248.0285      247.0695 26627500    0.39%          x.7.14 U 4884011 1994311     19
 4899744 423040      247.3053    32      248.0285      247.0848 26696344    0.38%          x.21.0 N 4899744 1570152     27
 4915452 413986        cutoff            248.0285      247.1003 26764583    0.37%         x.28.16 U 4915452 2245742     33
Elapsed time = 1297.08 sec. (1236327.78 ticks, tree = 883.80 MB, solutions = 14)
 4931250 404902        cutoff            248.0285      247.1159 26833335    0.37%         x.29.18 D 4931250 283447     35
 4946942 395559        cutoff            248.0285      247.1316 26901160    0.36%          x.21.0 U 4946942 1771586     27
 4962600 386131        cutoff            248.0285      247.1477 26968517    0.36%          x.17.7 U 4962600 1926841     28
 4978254 376551        cutoff            248.0285      247.1642 27035897    0.35%         x.19.10 U 4978254 4338372     34
 4993945 366725        cutoff            248.0285      247.1813 27101833    0.34%         x.28.12 U 4993945 2777898     33
 5009629 356880        cutoff            248.0285      247.1982 27167571    0.33%         x.14.10 U 5009629 3009748     32
 5025341 346910        cutoff            248.0285      247.2157 27232977    0.33%         x.28.16 U 5025341 1679802     24
 5041117 336766        cutoff            248.0285      247.2330 27297251    0.32%         x.29.17 U 5041117 2498573     36
 5056868 326401        cutoff            248.0285      247.2510 27361269    0.31%         x.25.21 U 5056868 4697862     17
 5072549 315954      247.6151    39      248.0285      247.2692 27424659    0.31%         x.22.16 N 5072549 3135159     32
Elapsed time = 1340.78 sec. (1274475.93 ticks, tree = 687.02 MB, solutions = 14)
 5088248 305501        cutoff            248.0285      247.2875 27486857    0.30%          x.7.28 U 5088248 2344967     35
 5103849 294900      247.8575    29      248.0285      247.3064 27548779    0.29%         x.27.25 D 5103849 5103848     23
 5119547 284025      247.3864    37      248.0285      247.3260 27609640    0.28%         x.25.10 N 5119547 2638592     31
 5135217 272899      247.8149    43      248.0285      247.3459 27669562    0.28%          x.6.24 N 5135217 2960531     28
 5150929 261677        cutoff            248.0285      247.3662 27728954    0.27%         x.27.25 U 5150929 4358976     22
 5166565 250457        cutoff            248.0285      247.3868 27788311    0.26%           x.0.3 U 5166565 3869735     29
 5182136 239134        cutoff            248.0285      247.4074 27845865    0.25%           x.2.3 U 5182136 2444513     37
 5197887 227325      247.5962    36      248.0285      247.4298 27903341    0.24%         x.14.10 D 5197887 5197886     31
 5213660 215304        cutoff            248.0285      247.4522 27959372    0.23%         x.14.19 U 5213660 294302     41
 5229394 203255        cutoff            248.0285      247.4756 28013674    0.22%          x.15.3 D 5229394 5229393     19
Elapsed time = 1385.86 sec. (1312624.26 ticks, tree = 460.78 MB, solutions = 14)
 5245255 190735        cutoff            248.0285      247.4999 28066964    0.21%         x.25.10 U 5245255 5245254     32
 5261007 178223      247.5374    37      248.0285      247.5241 28119583    0.20%         x.15.16 N 5261007 2603006     24
 5276788 165564        cutoff            248.0285      247.5504 28171338    0.19%          x.7.14 U 5276788 3389161     35
 5292624 152590      247.5798    36      248.0285      247.5779 28221563    0.18%          x.0.25 U 5292624 1038413     45
 5308496 139400        cutoff            248.0285      247.6067 28270077    0.17%          x.6.24 U 5308496 234731     35
 5324395 125908      247.9350    37      248.0285      247.6372 28316752    0.16%         x.25.23 N 5324395 767636     28
 5340272 112303        cutoff            248.0285      247.6691 28362266    0.14%         x.25.21 D 5340272 3167820     23
 5356232 98389        cutoff            248.0285      247.7029 28405435    0.13%         x.25.16 D 5356232 5356231     37
 5372256 84272      247.7943    36      248.0285      247.7391 28446863    0.12%         x.10.10 N 5372256 2857981     40
 5388405 69906        cutoff            248.0285      247.7781 28485975    0.10%          x.7.14 U 5388405 1255012     28
Elapsed time = 1433.51 sec. (1350772.63 ticks, tree = 193.04 MB, solutions = 14)
 5404557 55311      248.0014    20      248.0285      247.8214 28522745    0.08%         x.24.26 D 5404557 5404556     38
 5420865 40294      247.9535    26      248.0285      247.8695 28556790    0.06%           x.3.4 N 5420865 598074     35
 5437317 24862        cutoff            248.0285      247.9234 28587673    0.04%           x.0.3 U 5437317 130468     30
 5453932  8659        cutoff            248.0285      247.9893 28614754    0.02%          x.16.3 U 5453932 2584324     34

Gomory fractional cuts applied:  14
User cuts applied:  141

Root node processing (before b&c):
  Real time             =    0.20 sec. (49.34 ticks)
Sequential b&c:
  Real time             = 1463.06 sec. (1377024.25 ticks)
                          ------------
Total (root+branch&cut) = 1463.26 sec. (1377073.59 ticks)

Solution status: 101
Objective value:  2.4802850000e+02
Solution status is CPX_STAT_OPTIMAL
Node: 5462630
