proble size: m = 5 , n = 5 , seed = 1 
Benders' cuts separated to cut off: Only integer infeasible solutions.
seed = 1
Version identifier: 20.1.0.0 | 2020-11-10 | 9bedb6d68
CPXPARAM_Threads                                 1
CPXPARAM_RandomSeed                              1
CPXPARAM_MIP_Strategy_CallbackReducedLP          0
CPXPARAM_MIP_Strategy_Search                     1
CPXPARAM_TimeLimit                               3600
CPXPARAM_MIP_Tolerances_AbsMIPGap                0
CPXPARAM_MIP_Tolerances_MIPGap                   0
Legacy callback                                  L
Tried aggregator 1 time.
Reduced MIP has 30 rows, 930 columns, and 900 nonzeros.
Reduced MIP has 900 binaries, 0 generals, 0 SOSs, and 0 indicators.
Presolve time = 0.04 sec. (0.36 ticks)
Probing time = 0.00 sec. (1.06 ticks)
Clique table members: 30.
MIP emphasis: balance optimality and feasibility.
MIP search method: traditional branch-and-cut.
Parallel mode: none, using 1 thread.
Root relaxation solution time = 0.03 sec. (0.19 ticks)

        Nodes                                         Cuts/
   Node  Left     Objective  IInf  Best Integer    Best Bound    ItCnt     Gap         Variable B NodeID Parent  Depth

      0     0        0.0000    27                      0.0000        0         
*     0+    0                          903.9305        0.0000           100.00%
*     0+    0                          639.0580        0.0000           100.00%
      0     0      119.7418    40      639.0580     Fract: 18       81   81.26%
*     0+    0                          578.6928      119.7418            79.31%
*     0+    0                          382.9797      119.7418            68.73%
      0     0      199.1745    44      382.9797     Fract: 10      110   47.99%
*     0+    0                          308.4720      199.1745            35.43%
*     0+    0                          303.6467      199.1745            34.41%
      0     2      226.3401    42      303.6467      226.5024      110   25.41%                        0             0
Elapsed time = 0.21 sec. (42.66 ticks, tree = 0.01 MB, solutions = 6)
*    70+   70                          276.1843      227.9073            17.48%
*   170+  162                          274.7865      227.9484            17.05%
*   180+  152                          266.2168      227.9484            14.37%
*   240+  174                          263.4556      228.0085            13.45%
*   300+  174                          253.6377      228.0085            10.10%
    301   177      235.4680    53      253.6377      228.0221     1706   10.10%           x.6.9 D    301    300      5
    850   673      246.4424    37      253.6377      229.7952     5016    9.40%          x.3.25 D    850    849     42
*  1130+  882                          252.0526      231.2692             8.25%
   1475  1173      244.2404    45      252.0526      233.2548     8139    7.46%         x.13.18 D   1475   1474     27
*  1640+ 1251                          250.7249      233.4857             6.88%
*  1650+ 1201                          250.0425      233.4857             6.62%
   2098  1526      236.5370    49      250.0425      234.7144    11354    6.13%           x.5.0 U   2098   2096      9
*  2320+ 1681                          249.7977      235.0539             5.90%
   2720  1999      248.8735    28      249.7977      235.3032    14574    5.80%          x.14.0 D   2720   2719     47
   3490  2601      239.2112    44      249.7977      235.9204    18574    5.56%          x.17.3 D   3490   3489     20
   4330  3281      239.9179    45      249.7977      236.2300    22613    5.43%          x.23.3 D   4330   4329     21
   5191  3983      247.2071    37      249.7977      236.6183    26829    5.28%           x.6.9 U   5191   5190     38
*  5390+ 4073                          249.6042      236.6494             5.19%
   5898  4477      237.5248    48      249.6042      236.7689    30349    5.14%          x.21.0 U   5898   3483     14
*  6640+ 5046                          249.5552      236.9302             5.06%
*  7200+ 5310                          249.1890      237.1077             4.85%
   8669  6338      240.7980    41      249.1890      237.4265    45189    4.72%          x.8.10 U   8669   8668     15
Elapsed time = 3.16 sec. (3145.78 ticks, tree = 13.30 MB, solutions = 18)
*  9330+ 6160                          248.3879      237.5521             4.36%
  11650  7629      241.1759    45      248.3879      237.9709    61541    4.19%         x.17.25 U  11650   2759     17
  14997  9626      241.7437    47      248.3879      238.3955    79717    4.02%           x.1.3 D  14997  14996     18
  18569 11707      239.7439    45      248.3879      238.8353    99478    3.85%          x.5.24 D  18569  18568     16
  22189 13783      241.8506    49      248.3879      239.1607   118855    3.71%          x.29.3 D  22189  22188     23
  25778 15851      241.2309    48      248.3879      239.4397   138362    3.60%          x.18.3 D  25778  25777     23
  29298 17807      245.6652    33      248.3879      239.7157   157115    3.49%         x.20.13 U  29298  29297     33
  32856 19573      244.4654    46      248.3879      239.9883   176387    3.38%          x.23.3 D  32856  32855     24
* 35640+20620                          248.2220      240.1853             3.24%
  36227 20899      245.0083    44      248.2220      240.2314   194843    3.22%          x.9.25 D  36227  36226     35
  39798 22628      241.6354    39      248.2220      240.4659   214001    3.12%          x.5.24 D  39798  39797     35
  43893 24527        cutoff            248.2220      240.7136   236590    3.02%          x.7.10 D  43893  43892     26
Elapsed time = 12.93 sec. (12683.60 ticks, tree = 52.23 MB, solutions = 20)
  47982 26343        cutoff            248.2220      240.9139   259016    2.94%          x.5.19 U  47982  47981     34
  52083 28106      246.1366    46      248.2220      241.1123   281458    2.86%           x.6.3 D  52083  52082     24
  56158 29777      245.7102    34      248.2220      241.3347   303467    2.77%          x.7.17 U  56158  56155     30
  60236 31384      244.1059    43      248.2220      241.5225   325859    2.70%          x.9.25 D  60236  60235     33
  64255 32911      247.8550    21      248.2220      241.6990   348625    2.63%          x.23.2 U  64255  64254     35
  68293 34413        cutoff            248.2220      241.8643   371057    2.56%          x.26.3 U  68293  37077     29
  72204 35798        cutoff            248.2220      242.0295   392623    2.49%         x.25.21 U  72204  72203     37
  75993 37106      244.6519    44      248.2220      242.1971   414520    2.43%           x.5.0 D  75993  75992     33
  79780 38512      242.6629    45      248.2220      242.3315   436264    2.37%          x.17.3 D  79780  47833     19
  83629 39847      244.1301    49      248.2220      242.4702   457479    2.32%           x.4.3 U  83629  16882     18
Elapsed time = 22.94 sec. (22221.74 ticks, tree = 85.57 MB, solutions = 20)
  87374 41089      245.1578    47      248.2220      242.5911   478780    2.27%          x.9.25 D  87374  87373     34
  91029 42267      246.3642    31      248.2220      242.7136   499917    2.22%          x.23.2 U  91029  91028     36
  94678 43480      245.2881    43      248.2220      242.8318   520943    2.17%           x.6.9 D  94678  94677     29
  98405 44544      248.1306    34      248.2220      242.9578   541985    2.12%          x.5.19 D  98405  98403     36
 102040 45697      246.6558    29      248.2220      243.0600   563336    2.08%           x.3.4 U 102040 102038     33
 105733 46839      246.5597    41      248.2220      243.1613   584644    2.04%          x.17.9 D 105733 105732     20
 109421 48047      247.5486    36      248.2220      243.2639   605600    2.00%          x.7.25 D 109421 109420     46
 113125 49195      246.7407    42      248.2220      243.3566   626578    1.96%          x.7.14 U 113125 113123     32
*114260+48227                          248.0285      243.3864             1.87%
 116652 48927        cutoff            248.0285      243.4527   646574    1.84%          x.3.13 D 116652 116651     40
 120352 49966      247.7759    44      248.0285      243.5474   667799    1.81%         x.26.18 U 120352 120350     36
Elapsed time = 32.96 sec. (31759.76 ticks, tree = 106.69 MB, solutions = 21)
 124054 50960      246.0142    43      248.0285      243.6340   688822    1.77%          x.26.4 D 124054 124053     34
 127819 52016        cutoff            248.0285      243.7221   709750    1.74%           x.4.3 U 127819  36171     23
 131463 52991      246.7914    37      248.0285      243.8039   730950    1.70%          x.20.0 D 131463 131462     38
 135179 53972      246.1198    43      248.0285      243.8836   752084    1.67%          x.16.3 D 135179 135178     26
 138839 54828      245.4845    37      248.0285      243.9639   772963    1.64%          x.9.25 N 138839  79713     36
 142549 55794      245.6897    36      248.0285      244.0397   794488    1.61%          x.12.4 D 142549 142548     30
 146230 56726      247.3366    34      248.0285      244.1092   815574    1.58%          x.12.4 U 146230 146229     34
 149955 57612      245.6251    41      248.0285      244.1821   836422    1.55%          x.9.17 D 149955 149954     29
 153636 58487      245.8684    40      248.0285      244.2500   857278    1.52%           x.7.0 U 153636  19601     25
 157327 59304      245.7176    40      248.0285      244.3180   878362    1.50%          x.27.4 D 157327 157326     31
Elapsed time = 42.78 sec. (41298.04 ticks, tree = 126.18 MB, solutions = 21)
 161011 60102        cutoff            248.0285      244.3804   899151    1.47%          x.1.19 U 161011 161010     47
 164655 60775      247.1185    35      248.0285      244.4490   920178    1.44%          x.7.19 D 164655 164654     45
 168357 61587      245.0033    34      248.0285      244.5081   940891    1.42%          x.7.14 U 168357  77358     33
 172074 62318      247.4942    44      248.0285      244.5667   962044    1.40%         x.26.25 D 172074 172072     28
 175776 63019      246.2565    38      248.0285      244.6227   983129    1.37%           x.4.4 D 175776 175774     35
 179465 63640      246.7464    32      248.0285      244.6808  1004120    1.35%          x.23.2 U 179465 179464     32
 183223 64337      245.0281    38      248.0285      244.7372  1024732    1.33%          x.7.17 N 183223 183222     35
 186941 65001      247.3253    30      248.0285      244.7904  1045252    1.31%          x.1.13 D 186941 186940     38
 190641 65706      245.7095    43      248.0285      244.8388  1065809    1.29%         x.26.18 D 190641 190640     37
 194351 66381      246.9115    42      248.0285      244.8858  1086147    1.27%           x.3.4 N 194351 194349     25
Elapsed time = 52.45 sec. (50836.17 ticks, tree = 143.79 MB, solutions = 21)
 198087 67005      247.6582    38      248.0285      244.9331  1106800    1.25%           x.3.4 D 198087 198085     33
 201780 67534      247.6617    37      248.0285      244.9830  1127361    1.23%          x.9.17 U 201780 201778     31
 205472 68137        cutoff            248.0285      245.0296  1148125    1.21%          x.9.17 U 205472 205471     37
 209200 68712      247.7820    35      248.0285      245.0733  1168762    1.19%         x.28.12 U 209200 209199     37
 212887 69214      246.5307    44      248.0285      245.1184  1189513    1.17%         x.29.18 D 212887 212886     40
 216590 69677        cutoff            248.0285      245.1615  1210484    1.16%          x.27.4 U 216590 216589     28
 220276 70150      247.0959    34      248.0285      245.2020  1231123    1.14%         x.13.15 D 220276 220275     40
 223977 70598      246.9964    25      248.0285      245.2447  1251781    1.12%          x.23.2 U 223977 223976     31
 227644 70910      245.2851    28      248.0285      245.2846  1272743    1.11%          x.1.21 D 227644 214386     37
 231280 71320      246.5115    35      248.0285      245.3260  1293499    1.09%          x.27.4 D 231280 231279     46
Elapsed time = 62.02 sec. (60374.92 ticks, tree = 154.10 MB, solutions = 21)
 234890 71600        cutoff            248.0285      245.3657  1314486    1.07%          x.7.25 U 234890 234888     44
 238534 71973      246.9346    45      248.0285      245.4071  1335205    1.06%         x.13.15 U 238534 238532     32
 242161 72298        cutoff            248.0285      245.4435  1355669    1.04%         x.26.18 U 242161 242159     35
 245811 72480      247.9758    36      248.0285      245.4809  1376755    1.03%          x.7.25 U 245811   4648     38
 249470 72736      247.9882    30      248.0285      245.5179  1397816    1.01%         x.25.21 U 249470 249469     32
 253121 73012      246.1494    36      248.0285      245.5542  1418452    1.00%          x.11.3 U 253121  82886     21
 256719 73161      247.5742    34      248.0285      245.5907  1439692    0.98%         x.13.15 N 256719 256718     35
 260324 73423      247.8777    29      248.0285      245.6218  1460278    0.97%          x.23.2 U 260324 260323     32
 263920 73457        cutoff            248.0285      245.6577  1481220    0.96%           x.6.3 U 263920  54027     30
 267523 73616        cutoff            248.0285      245.6891  1501914    0.94%         x.14.19 U 267523 267521     40
Elapsed time = 71.55 sec. (69913.35 ticks, tree = 158.91 MB, solutions = 21)
 271180 73696      245.9866    49      248.0285      245.7227  1522978    0.93%          x.21.8 D 271180  76684     25
 274786 73689      247.0178    26      248.0285      245.7571  1543975    0.92%          x.1.13 U 274786 240978     39
 278372 73608      246.8437    43      248.0285      245.7893  1564314    0.90%          x.21.8 D 278372 109424     30
 281966 73589      247.9278    37      248.0285      245.8220  1585123    0.89%          x.12.4 D 281966 281964     40
 285550 73583      246.6877    35      248.0285      245.8553  1605879    0.88%          x.7.14 U 285550  15785     26
 289120 73503      247.4540    30      248.0285      245.8871  1626307    0.86%          x.9.17 U 289120 289119     39
 292710 73351      246.5392    40      248.0285      245.9171  1647252    0.85%         x.28.12 D 292710 151835     36
 296331 73220      247.7488    36      248.0285      245.9490  1668460    0.84%          x.9.17 U 296331 296329     40
 299948 73062      246.4302    36      248.0285      245.9783  1689553    0.83%           x.3.4 D 299948 299947     29
 303564 72880      246.7060    35      248.0285      246.0070  1710652    0.82%         x.28.12 N 303564 205657     37
Elapsed time = 81.14 sec. (79452.92 ticks, tree = 157.40 MB, solutions = 21)
 307164 72705        cutoff            248.0285      246.0363  1731550    0.80%         x.25.21 D 307164 307162     35
 310735 72428      246.9537    40      248.0285      246.0652  1752247    0.79%         x.20.13 U 310735 214043     25
 314323 72178      247.4975    38      248.0285      246.0935  1772637    0.78%         x.25.21 D 314323 314321     40
 317927 71913        cutoff            248.0285      246.1203  1792895    0.77%           x.0.3 D 317927 317926     26
 321490 71606      247.2060    36      248.0285      246.1475  1813801    0.76%          x.3.13 U 321490 321489     26
 325061 71198      247.6570    37      248.0285      246.1760  1834516    0.75%         x.22.19 N 325061 325060     35
 328600 70794      247.0372    35      248.0285      246.2045  1854855    0.74%         x.23.19 D 328600 328598     38
 332225 70357      246.8641    33      248.0285      246.2348  1875334    0.72%         x.28.12 D 332225 260925     46
 335836 69978      247.8388    41      248.0285      246.2632  1895655    0.71%          x.7.10 U 335836   7870     34
 350160 67840      246.5101    24      248.0285      246.3793  1977332    0.66%          x.12.1 N 350160 242602     34
Elapsed time = 93.62 sec. (91852.69 ticks, tree = 146.92 MB, solutions = 21)
 364975 65009      247.5871    34      248.0285      246.5030  2060641    0.62%         x.25.19 D 364975 364974     40
 380877 61362      247.7343    40      248.0285      246.6316  2148225    0.56%          x.3.13 D 380877 380876     31
 396614 56941        cutoff            248.0285      246.7670  2233036    0.51%         x.26.18 U 396614  89499     30
 412328 51586      247.7902    33      248.0285      246.9039  2315783    0.45%          x.12.1 D 412328 412327     40
 427904 45062      247.1919    33      248.0285      247.0517  2395104    0.39%         x.13.21 D 427904 427903     38
 443290 37353        cutoff            248.0285      247.2090  2469900    0.33%         x.22.19 U 443290 443288     35
 458426 28120      247.6050    47      248.0285      247.3856  2539417    0.26%          x.5.19 D 458426 458425     18
 473478 16704        cutoff            248.0285      247.6100  2601633    0.17%         x.26.18 U 473478 133402     47
 488814  2572        cutoff            248.0285      247.9463  2645522    0.03%         x.28.12 D 488814 266124     41

Gomory fractional cuts applied:  15
User cuts applied:  150

Root node processing (before b&c):
  Real time             =    0.21 sec. (42.88 ticks)
Sequential b&c:
  Real time             =  129.64 sec. (127504.25 ticks)
                          ------------
Total (root+branch&cut) =  129.85 sec. (127547.12 ticks)

Solution status: 101
Objective value:  2.4802850000e+02
Solution status is CPX_STAT_OPTIMAL
Node: 491403
