proble size: m = 5 , n = 5 , seed = 9 
Benders' cuts separated to cut off: Integer and fractional infeasible solutions.
seed = 9
Version identifier: 20.1.0.0 | 2020-11-10 | 9bedb6d68
CPXPARAM_Threads                                 1
CPXPARAM_RandomSeed                              9
CPXPARAM_MIP_Strategy_CallbackReducedLP          0
CPXPARAM_MIP_Strategy_Search                     1
CPXPARAM_TimeLimit                               3600
CPXPARAM_MIP_Tolerances_AbsMIPGap                0
CPXPARAM_MIP_Tolerances_MIPGap                   0
Legacy callback                                  LU
Tried aggregator 1 time.
Reduced MIP has 30 rows, 930 columns, and 900 nonzeros.
Reduced MIP has 900 binaries, 0 generals, 0 SOSs, and 0 indicators.
Presolve time = 0.00 sec. (0.36 ticks)
Probing time = 0.00 sec. (1.06 ticks)
Clique table members: 30.
MIP emphasis: balance optimality and feasibility.
MIP search method: traditional branch-and-cut.
Parallel mode: none, using 1 thread.
Root relaxation solution time = 0.00 sec. (0.19 ticks)

        Nodes                                         Cuts/
   Node  Left     Objective  IInf  Best Integer    Best Bound    ItCnt     Gap         Variable B NodeID Parent  Depth

      0     0        0.0000    27                      0.0000        0         
*     0+    0                          903.9305        0.0000           100.00%
*     0+    0                          639.0580        0.0000           100.00%
      0     0      125.4524    42      639.0580     Fract: 19       88   80.37%
*     0+    0                          622.8546      125.4524            79.86%
*     0+    0                          509.1682      125.4524            75.36%
      0     0      202.4978    48      509.1682      Fract: 9      120   60.23%
*     0+    0                          435.2137      202.4978            53.47%
      0     0      230.1889    48      435.2137 UserPurge2: 16      145   47.11%
*     0+    0                          248.3879      230.1889             7.33%
      0     0      232.8593    50      248.3879 UserPurge2: 5      159    6.25%
      0     0      233.0010    50      248.3879 UserPurge2: 2      161    6.19%
      0     0      233.0227    50      248.3879 UserPurge2: 1      167    6.19%
      0     2      233.0227    50      248.3879      233.0235      167    6.19%                        0             0
Elapsed time = 0.05 sec. (42.51 ticks, tree = 0.01 MB, solutions = 6)
     30    29      242.8833    45      248.3879      238.4337     2681    4.01%         x.25.21 N     30     28     11
     70    64      245.4748    52      248.3879      238.5826     5164    3.95%          x.7.10 N     70     69     18
    115   104      247.4904    28      248.3879      238.8894     7407    3.82%          x.22.2 N    115    114     34
    171   141      247.8207    23      248.3879      239.0423     9247    3.76%          x.9.17 N    171    169     24
*   180+  140                          248.0285      239.0423             3.62%
    220   176      239.9902    47      248.0285      239.1014    10878    3.60%          x.19.1 N    220    219      5
    268   216      241.1232    48      248.0285      239.4316    13109    3.47%         x.19.19 N    268     20      4
    312   254      247.5351    40      248.0285      239.5059    15276    3.44%         x.14.19 N    312    310     14
    344   278      243.6953    52      248.0285      239.7126    17052    3.35%         x.22.19 N    344    343      8
    392   316      244.2808    49      248.0285      239.7779    19252    3.33%         x.25.19 N    392    391     13
    590   463      244.3146    53      248.0285      240.4770    28206    3.04%         x.22.19 D    590    589     12
Elapsed time = 2.42 sec. (3206.39 ticks, tree = 5.47 MB, solutions = 7)
    809   625      247.1386    37      248.0285      241.1890    36319    2.76%         x.28.12 U    809    808     13
   1006   758      246.2328    40      248.0285      242.3459    45343    2.29%          x.8.10 U   1006   1005     13
   1242   913      245.2141    45      248.0285      242.7733    55206    2.12%           x.0.1 N   1242    223      9
   1449  1024        cutoff            248.0285      243.1680    64458    1.96%         x.14.19 U   1449   1448     15
   1659  1139      247.2341    39      248.0285      243.3542    73552    1.88%         x.17.19 N   1659   1658     17
   1884  1277      245.5384    42      248.0285      243.5643    81861    1.80%          x.1.19 D   1884   1883     11
   2095  1381      244.9661    45      248.0285      243.7115    90362    1.74%           x.4.4 U   2095   2094      9
   2314  1472      245.5775    40      248.0285      243.9268    99196    1.65%         x.25.10 N   2314   1113      8
   2513  1561      246.1180    44      248.0285      244.0819   107691    1.59%          x.1.19 N   2513   2512     18
   2743  1662      245.2710    44      248.0285      244.2258   116325    1.53%           x.4.4 N   2743    906     11
Elapsed time = 9.20 sec. (12774.78 ticks, tree = 26.89 MB, solutions = 7)
   2941  1766      246.7734    43      248.0285      244.3010   124478    1.50%          x.23.2 N   2941   2940     11
   3163  1850      247.6420    35      248.0285      244.4127   133175    1.46%         x.17.25 N   3163   3162     17
   3373  1927      247.5206    46      248.0285      244.5067   141520    1.42%          x.7.10 N   3373   3371     11
   3580  2015      247.6205    31      248.0285      244.6045   150058    1.38%         x.25.12 D   3580   3579     19
   3783  2107      247.0267    39      248.0285      244.6764   158070    1.35%         x.16.27 U   3783   3782     12
   3999  2194      246.8911    48      248.0285      244.7532   166286    1.32%          x.1.19 N   3999   3998     19
   4195  2270      247.1705    44      248.0285      244.8353   174135    1.29%         x.14.19 N   4195    501     15
   4408  2332      247.5466    45      248.0285      244.9381   182211    1.25%           x.4.4 N   4408   4407     16
   4620  2401      246.3057    39      248.0285      245.0242   190334    1.21%          x.3.15 N   4620   2676     11
   4823  2486      247.0269    42      248.0285      245.1235   198022    1.17%          x.23.7 N   4823   4822     15
Elapsed time = 15.76 sec. (22345.36 ticks, tree = 44.74 MB, solutions = 7)
   5030  2546      246.3600    47      248.0285      245.1983   206098    1.14%         x.20.13 N   5030   5029     11
   5242  2588      247.4223    47      248.0285      245.2836   213694    1.11%         x.25.19 N   5242     98     18
   5460  2676      247.8501    28      248.0285      245.3523   221723    1.08%         x.25.15 D   5460   5459     22
   5670  2731        cutoff            248.0285      245.4228   229508    1.05%          x.23.2 U   5670   5668     19
   5890  2785      245.9917    38      248.0285      245.4729   237210    1.03%          x.7.10 N   5890   2779     16
   6084  2820      247.9450    37      248.0285      245.5296   244850    1.01%         x.25.19 N   6084   6083     16
   6308  2856        cutoff            248.0285      245.6041   252220    0.98%         x.18.14 D   6308   6306     15
   6528  2884      247.6619    38      248.0285      245.6610   259890    0.95%         x.18.14 N   6528   6526     14
   6748  2930      247.7339    31      248.0285      245.7159   267608    0.93%          x.4.28 N   6748   6746     19
   6960  2962      247.8604    33      248.0285      245.7693   274889    0.91%          x.10.5 N   6960   6959     15
Elapsed time = 22.22 sec. (31914.26 ticks, tree = 56.55 MB, solutions = 7)
   7184  3003      247.0863    43      248.0285      245.8171   282753    0.89%          x.16.6 N   7184   1020     14
   7400  3037      247.0387    44      248.0285      245.8696   289855    0.87%          x.8.10 N   7400   7399     14
   7635  3073      247.4336    46      248.0285      245.9178   297316    0.85%         x.16.27 N   7635   2241     10
   7868  3124        cutoff            248.0285      245.9624   304601    0.83%          x.3.20 D   7868   7867     15
   8082  3148        cutoff            248.0285      246.0043   311745    0.82%          x.6.19 U   8082   2222     12
   8338  3193      246.4731    49      248.0285      246.0576   319051    0.79%         x.25.23 N   8338     73     22
   8580  3202      247.5005    43      248.0285      246.1183   326277    0.77%          x.3.20 N   8580   8579     16
   8820  3225      247.5633    43      248.0285      246.1632   333488    0.75%          x.7.10 N   8820   8819     19
   9057  3202        cutoff            248.0285      246.2217   340577    0.73%          x.3.15 U   9057   9055     14
   9264  3210      247.7671    45      248.0285      246.2656   347513    0.71%         x.14.10 N   9264   9262     21
Elapsed time = 28.54 sec. (41485.38 ticks, tree = 63.92 MB, solutions = 7)
   9503  3189      246.8997    41      248.0285      246.3190   354796    0.69%         x.19.10 N   9503   9501     20
   9739  3164        cutoff            248.0285      246.3621   362008    0.67%          x.23.2 D   9739   9737      7
   9973  3143      247.5173    37      248.0285      246.4035   368948    0.66%          x.3.20 D   9973   9972     10
  10227  3128      247.6626    43      248.0285      246.4604   376125    0.63%          x.3.15 N  10227  10226     18
  10469  3086      247.4472    39      248.0285      246.5056   383092    0.61%         x.19.10 N  10469  10467     25
  10725  3054      247.6098    27      248.0285      246.5568   390288    0.59%          x.9.25 N  10725  10724     16
  10997  2999      247.8186    31      248.0285      246.6140   397332    0.57%         x.18.14 N  10997  10996     14
  11247  2959        cutoff            248.0285      246.6628   404050    0.55%          x.8.10 U  11247   7399     14
  11514  2898      247.9699    35      248.0285      246.7266   410662    0.52%         x.25.21 N  11514  11513      9
  11795  2805      247.7911    40      248.0285      246.7952   417155    0.50%         x.14.10 N  11795  11793     14
Elapsed time = 34.94 sec. (51047.27 ticks, tree = 57.89 MB, solutions = 7)
  12077  2749      247.7533    30      248.0285      246.8584   423874    0.47%          x.3.20 N  12077  12076     15
  12358  2694        cutoff            248.0285      246.9112   430081    0.45%          x.3.15 U  12358  12357     13
  12661  2589      247.7987    44      248.0285      246.9657   436326    0.43%         x.14.10 N  12661  12660     16
  12964  2509        cutoff            248.0285      247.0294   442620    0.40%         x.25.21 U  12964    466     21
  13270  2417      247.3282    32      248.0285      247.0990   448627    0.37%          x.23.2 N  13270   3261     18
  13600  2277        cutoff            248.0285      247.1738   454459    0.34%          x.9.25 D  13600  13599     12
  13925  2098        cutoff            248.0285      247.2622   460175    0.31%         x.10.10 U  13925    356     21
  14313  1865        cutoff            248.0285      247.3548   465510    0.27%          x.23.7 U  14313   1723     12
  14710  1603      247.9613    32      248.0285      247.4413   470266    0.24%         x.18.14 N  14710   9067     17
  15148  1272      247.9155    34      248.0285      247.5406   474395    0.20%          x.8.10 N  15148   8681     14
Elapsed time = 41.13 sec. (60607.03 ticks, tree = 27.52 MB, solutions = 7)
  15669   797        cutoff            248.0285      247.6921   477904    0.14%         x.13.15 U  15669   8113     21
  16285   198        cutoff            248.0285      247.9109   480155    0.05%         x.14.19 U  16285   1650     16

Gomory fractional cuts applied:  13
User cuts applied:  3001

Root node processing (before b&c):
  Real time             =    0.05 sec. (42.84 ticks)
Sequential b&c:
  Real time             =   42.51 sec. (62802.62 ticks)
                          ------------
Total (root+branch&cut) =   42.56 sec. (62845.46 ticks)

Solution status: 101
Objective value:  2.4802849527e+02
Solution status is CPX_STAT_OPTIMAL
Node: 16484
