proble size: m = 5 , n = 5 , seed = 8 
Benders' cuts separated to cut off: Only integer infeasible solutions.
seed = 8
Version identifier: 20.1.0.0 | 2020-11-10 | 9bedb6d68
CPXPARAM_Threads                                 1
CPXPARAM_RandomSeed                              8
CPXPARAM_MIP_Strategy_CallbackReducedLP          0
CPXPARAM_MIP_Strategy_Search                     1
CPXPARAM_TimeLimit                               3600
CPXPARAM_MIP_Tolerances_AbsMIPGap                0
CPXPARAM_MIP_Tolerances_MIPGap                   0
Legacy callback                                  L
Tried aggregator 1 time.
Reduced MIP has 30 rows, 930 columns, and 900 nonzeros.
Reduced MIP has 900 binaries, 0 generals, 0 SOSs, and 0 indicators.
Presolve time = 0.00 sec. (0.36 ticks)
Probing time = 0.00 sec. (1.06 ticks)
Clique table members: 30.
MIP emphasis: balance optimality and feasibility.
MIP search method: traditional branch-and-cut.
Parallel mode: none, using 1 thread.
Root relaxation solution time = 0.00 sec. (0.19 ticks)

        Nodes                                         Cuts/
   Node  Left     Objective  IInf  Best Integer    Best Bound    ItCnt     Gap         Variable B NodeID Parent  Depth

      0     0        0.0000    27                      0.0000        0         
*     0+    0                          903.9305        0.0000           100.00%
*     0+    0                          639.0580        0.0000           100.00%
      0     0      125.4524    39      639.0580     Fract: 19       80   80.37%
*     0+    0                          563.5459      125.4524            77.74%
*     0+    0                          531.0150      125.4524            76.37%
      0     0      204.3015    47      531.0150     Fract: 13      119   61.53%
*     0+    0                          391.8740      204.3015            47.87%
*     0+    0                          390.5876      204.3015            47.69%
*     0+    0                          315.6796      204.3015            35.28%
*     0+    0                          313.1742      204.3015            34.76%
      0     2      234.0506    50      313.1742      234.0753      119   25.26%                        0             0
Elapsed time = 0.04 sec. (40.16 ticks, tree = 0.01 MB, solutions = 8)
*    10+   10                          261.6066      235.2011            10.09%
*    10+   10                          251.5834      235.2011             6.51%
*   400+  270                          248.3312      236.0013             4.97%
    420   292      241.8462    32      248.3312      236.0013     2448    4.97%         x.16.27 U    420    419     27
   1100   863      247.5075    25      248.3312      236.9871     6208    4.57%          x.15.7 U   1100   1099     26
   1901  1504      242.7896    48      248.3312      237.5917    10346    4.32%          x.23.7 D   1901   1900     17
   2800  2253      244.7121    29      248.3312      238.1732    14719    4.09%         x.12.19 D   2800   2799     29
   3660  2920      241.5138    42      248.3312      238.5301    18974    3.95%          x.12.4 D   3660   3659     14
   4505  3591      240.3762    35      248.3312      238.8258    23339    3.83%          x.5.19 D   4505   4504      9
   5362  4233      240.9147    30      248.3312      239.0066    27887    3.75%          x.7.16 D   5362   5360     18
   6199  4861      244.9819    39      248.3312      239.1974    32385    3.68%         x.26.13 D   6199   6198     24
   7083  5535      243.0391    41      248.3312      239.3911    36902    3.60%          x.5.24 D   7083   7082     14
  10509  8049      246.3634    32      248.3312      239.8139    55210    3.43%         x.25.23 N  10509  10508     25
Elapsed time = 3.16 sec. (3145.49 ticks, tree = 15.70 MB, solutions = 11)
  14000 10637      241.2897    37      248.3312      240.1264    73172    3.30%          x.23.7 U  14000   7587     10
  17705 13328      248.0673    27      248.3312      240.3879    93008    3.20%         x.25.21 U  17705  17703     27
  21498 15986      245.4555    37      248.3312      240.6043   113203    3.11%          x.4.19 D  21498  21497     28
  25360 18746      247.6890    34      248.3312      240.7746   132913    3.04%           x.6.9 U  25360  25359     37
  29072 21384      245.5405    35      248.3312      240.9304   152731    2.98%           x.2.3 D  29072  29071     40
  32795 23999      241.1436    48      248.3312      241.0860   172368    2.92%         x.28.16 D  32795  12698     14
  36504 26587      245.3015    34      248.3312      241.2098   191658    2.87%         x.11.11 U  36504  36503     23
* 37865 26971      integral     0      248.0285      241.2519   198730    2.73%
  40163 28481      246.1450    32      248.0285      241.3268   211266    2.70%          x.26.8 U  40163  40162     17
  43840 30867      242.3515    40      248.0285      241.4427   231108    2.66%           x.9.0 U  43840  14089     12
  47506 33128      246.8102    30      248.0285      241.5594   251724    2.61%         x.11.11 D  47506  47504     26
Elapsed time = 13.15 sec. (12685.97 ticks, tree = 66.19 MB, solutions = 12)
  51120 35268      244.5278    41      248.0285      241.6555   272292    2.57%          x.21.8 U  51120  51119     17
  54807 37441      245.2395    33      248.0285      241.7408   292410    2.54%         x.16.27 U  54807  54806     18
  58463 39637      247.1149    34      248.0285      241.8223   312644    2.50%         x.11.11 D  58463  58460     26
  62156 41881        cutoff            248.0285      241.8921   332755    2.47%         x.29.18 D  62156  62153     32
  65825 43989      242.2005    39      248.0285      241.9689   353105    2.44%         x.23.13 N  65825  13673     17
  69486 46154      242.6253    42      248.0285      242.0392   373334    2.41%         x.15.16 U  69486  42595     12
  73205 48344      245.3763    41      248.0285      242.1055   393484    2.39%          x.26.8 D  73205  73203     16
  76895 50509      245.8505    37      248.0285      242.1741   413614    2.36%         x.15.16 U  76895  69307     17
  80581 52690      244.6245    41      248.0285      242.2391   433403    2.33%         x.27.16 U  80581  80580     16
  84267 54857      246.5303    35      248.0285      242.2983   453448    2.31%          x.27.4 D  84267  84266     29
Elapsed time = 23.02 sec. (22225.56 ticks, tree = 108.14 MB, solutions = 12)
  87966 57032        cutoff            248.0285      242.3556   472934    2.29%           x.0.3 U  87966  87964     36
  91642 59127      246.8106    36      248.0285      242.4107   492514    2.26%         x.11.11 U  91642  91641     22
  95290 61180      246.9167    35      248.0285      242.4665   512132    2.24%          x.7.16 U  95290  95289     18
  98960 63198      242.6987    41      248.0285      242.5212   532060    2.22%         x.16.16 D  98960  60000     17
 102650 65213      246.9945    28      248.0285      242.5706   552015    2.20%         x.10.10 D 102650 102649     27
 106322 67199        cutoff            248.0285      242.6198   571853    2.18%         x.17.25 U 106322 106321     27
 109990 69177      244.0422    40      248.0285      242.6712   591837    2.16%          x.4.24 D 109990 109989     18
 113638 71099      243.9559    33      248.0285      242.7202   612372    2.14%         x.22.19 D 113638 113637     23
 117332 73050      247.0659    33      248.0285      242.7683   632669    2.12%          x.12.4 D 117332 117331     25
 121006 74922      246.2655    33      248.0285      242.8164   652925    2.10%          x.13.2 U 121006 121005     21
Elapsed time = 32.89 sec. (31764.40 ticks, tree = 149.71 MB, solutions = 12)
 124629 76735      243.1618    35      248.0285      242.8633   672925    2.08%         x.27.16 D 124629 124628     16
 128314 78594        cutoff            248.0285      242.9086   693038    2.06%         x.25.12 U 128314 128312     22
 132000 80441      245.2581    30      248.0285      242.9526   712756    2.05%          x.15.7 U 132000 131999     36
 135813 82359    infeasible            248.0285      242.9957   733484    2.03%         x.10.10 U 135813 135811     31
 139565 84303      244.3394    32      248.0285      243.0322   753892    2.01%         x.11.11 U 139565 139564     28
 143383 86165      246.0856    37      248.0285      243.0721   774679    2.00%          x.1.13 D 143383 143382     41
 147701 88279      246.3246    31      248.0285      243.1153   798093    1.98%         x.14.10 D 147701 147700     26
 152021 90404      247.3983    33      248.0285      243.1577   821516    1.96%          x.7.19 D 152021 152020     26
 156379 92479      243.2426    32      248.0285      243.2055   845084    1.94%         x.12.16 D 156379 131908     25
 160711 94547      247.9384    25      248.0285      243.2465   867995    1.93%         x.11.11 D 160711 160709     18
Elapsed time = 42.69 sec. (41304.60 ticks, tree = 187.61 MB, solutions = 12)
 165066 96590      246.1834    35      248.0285      243.2864   891393    1.91%         x.25.15 D 165066 165065     36
 169405 98605      245.7445    43      248.0285      243.3256   914526    1.90%         x.25.18 D 169405 169404     16
 173700 100589      246.4706    27      248.0285      243.3626   938038    1.88%         x.26.13 D 173700 173699     36
 178026 102530      245.1708    37      248.0285      243.3976   961400    1.87%         x.11.11 D 178026 178024     18
 182382 104524      245.9338    40      248.0285      243.4350   984588    1.85%         x.11.11 U 182382 182381     15
 186686 106407      246.7487    27      248.0285      243.4717  1007563    1.84%         x.11.11 D 186686 186683     21
 191018 108345      246.3444    33      248.0285      243.5048  1030998    1.82%           x.2.3 D 191018 191017     29
 195333 110178      246.8009    36      248.0285      243.5364  1054632    1.81%         x.28.16 U 195333 195332     22
 199646 112037      246.8849    30      248.0285      243.5692  1078264    1.80%          x.1.13 U 199646 199644     25
 203978 113883      243.9638    37      248.0285      243.6008  1101883    1.79%           x.9.9 U 203978 123793     18
Elapsed time = 52.43 sec. (50842.36 ticks, tree = 224.97 MB, solutions = 12)
 208285 115673        cutoff            248.0285      243.6343  1125445    1.77%         x.17.20 U 208285 208283     29
 212585 117401        cutoff            248.0285      243.6661  1148514    1.76%         x.13.15 D 212585 212584     26
 216877 119257      246.2813    34      248.0285      243.6940  1171945    1.75%         x.25.23 D 216877 216876     26
 221222 121072        cutoff            248.0285      243.7246  1195705    1.74%         x.22.19 D 221222 221221     30
 225576 122847        cutoff            248.0285      243.7512  1219410    1.72%         x.22.19 D 225576 225574     30
 229920 124651      246.3443    33      248.0285      243.7800  1242922    1.71%         x.28.16 U 229920 229919     18
 234236 126250      243.9115    44      248.0285      243.8070  1266533    1.70%         x.29.18 D 234236  83328     23
 238596 128012      247.4602    22      248.0285      243.8349  1289935    1.69%         x.17.25 D 238596 238594     36
 242911 129603      244.3593    35      248.0285      243.8624  1313892    1.68%          x.13.2 D 242911 145628     31
 247173 131366      246.7728    33      248.0285      243.8874  1337443    1.67%          x.12.4 D 247173 247172     19
Elapsed time = 62.17 sec. (60380.45 ticks, tree = 261.72 MB, solutions = 12)
 251473 133003        cutoff            248.0285      243.9120  1361524    1.66%          x.1.13 U 251473 251472     38
 255854 134664      244.2831    28      248.0285      243.9404  1385360    1.65%          x.1.13 D 255854 255853     27
 260141 136194      247.8355    31      248.0285      243.9690  1409314    1.64%           x.0.3 D 260141 260140     18
 264250 137600      247.4279    38      248.0285      243.9953  1431700    1.63%          x.21.4 D 264250 264248     22
 268397 139150      244.2551    38      248.0285      244.0196  1453648    1.62%         x.15.16 N 268397 268395     25
 272460 140700      246.4645    32      248.0285      244.0433  1475853    1.61%         x.25.16 U 272460  60820     23
 276632 142185      245.6101    36      248.0285      244.0672  1498056    1.60%         x.19.20 N 276632 276631     31
 280729 143632      245.3607    31      248.0285      244.0899  1520158    1.59%         x.13.15 D 280729 280728     27
 284866 145074      245.7405    36      248.0285      244.1143  1542722    1.58%           x.0.3 D 284866 284865     23
 288940 146546      246.3839    39      248.0285      244.1348  1564929    1.57%          x.7.16 U 288940 288939     19
Elapsed time = 71.99 sec. (69919.07 ticks, tree = 291.05 MB, solutions = 12)
 292934 147882      245.2038    36      248.0285      244.1548  1586351    1.56%          x.4.19 D 292934 292933     19
 296888 149240      244.4733    45      248.0285      244.1746  1608201    1.55%         x.16.16 D 296888 296886     24
 300828 150558      246.6320    26      248.0285      244.1935  1629591    1.55%         x.17.25 U 300828 300827     23
 304832 151872      244.7039    39      248.0285      244.2132  1650941    1.54%          x.9.16 D 304832 304831     29
 308800 153159      244.5845    30      248.0285      244.2347  1672932    1.53%          x.3.15 U 308800  99685     24
 312777 154490      247.2458    29      248.0285      244.2546  1694263    1.52%         x.10.10 D 312777 312776     34
 316753 155793      246.3334    29      248.0285      244.2748  1715698    1.51%          x.5.19 U 316753 226843     25
 320763 157128      247.0658    28      248.0285      244.2930  1737286    1.51%         x.22.19 D 320763 320762     32
 324730 158462      246.4509    29      248.0285      244.3113  1758660    1.50%         x.25.18 D 324730 324729     27
 328747 159760      244.4848    31      248.0285      244.3306  1780144    1.49%          x.11.3 D 328747 328746     31
Elapsed time = 81.78 sec. (79458.64 ticks, tree = 318.29 MB, solutions = 12)
 332713 160973      245.5060    26      248.0285      244.3511  1801908    1.48%          x.11.3 D 332713 332712     24
 336693 162226        cutoff            248.0285      244.3694  1823216    1.48%         x.22.19 U 336693 336691     24
 340636 163488      245.1548    36      248.0285      244.3882  1844896    1.47%          x.3.15 U 340636 187948     25
 344639 164764      245.6009    34      248.0285      244.4055  1866365    1.46%         x.13.15 D 344639 344638     23
 348629 166029      246.3052    31      248.0285      244.4240  1887972    1.45%         x.29.18 D 348629 187700     23
 352651 167236      246.5735    48      248.0285      244.4411  1909413    1.45%         x.10.16 D 352651 352649     30
 356635 168396    infeasible            248.0285      244.4594  1931229    1.44%         x.17.20 U 356635 356633     22
 360631 169582      245.1870    42      248.0285      244.4774  1952601    1.43%         x.13.15 N 360631 261209     29
 364644 170711      245.4137    32      248.0285      244.4959  1974314    1.42%          x.3.15 D 364644 364643     22
 380599 175178      245.7399    31      248.0285      244.5659  2061148    1.40%           x.0.3 U 380599  50225     29
Elapsed time = 94.46 sec. (91857.72 ticks, tree = 348.09 MB, solutions = 12)
 396502 179491      247.1297    30      248.0285      244.6335  2146765    1.37%          x.1.13 N 396502 396501     27
 412335 183375      246.9288    37      248.0285      244.6975  2232646    1.34%          x.26.4 D 412335 412334     33
 428350 187277      246.7122    30      248.0285      244.7627  2317874    1.32%          x.20.3 D 428350 428349     32
 444260 191122      246.1205    36      248.0285      244.8250  2402479    1.29%          x.3.15 D 444260 444259     26
 460275 194846      247.8267    29      248.0285      244.8847  2487719    1.27%         x.17.19 D 460275 460274     32
 476250 198392      247.1889    33      248.0285      244.9392  2572279    1.25%          x.16.3 D 476250 476249     31
 492297 201829      246.9966    35      248.0285      244.9935  2656970    1.22%          x.26.8 D 492297  91333     23
 508278 205247      247.9225    28      248.0285      245.0470  2740855    1.20%           x.0.3 U 508278 508276     25
 524240 208361      246.6678    39      248.0285      245.0986  2825778    1.18%           x.0.3 D 524240 524239     25
 540280 211306      247.3631    40      248.0285      245.1496  2909728    1.16%         x.13.15 D 540280 540279     24
Elapsed time = 133.49 sec. (130007.77 ticks, tree = 420.02 MB, solutions = 12)
 556195 214236        cutoff            248.0285      245.2001  2992409    1.14%          x.3.15 U 556195 556193     31
 572069 216848      245.5910    31      248.0285      245.2498  3076371    1.12%          x.3.15 U 572069 484552     25
 587997 219265        cutoff            248.0285      245.2999  3160442    1.10%          x.15.7 D 587997 587994     29
 603979 221706      246.9700    27      248.0285      245.3468  3244114    1.08%         x.17.20 D 603979 603978     22
 620013 223918        cutoff            248.0285      245.3944  3328276    1.06%         x.12.16 U 620013 620012     28
 635999 225955      247.2802    28      248.0285      245.4394  3412152    1.04%         x.25.23 N 635999 635998     31
 651978 227960      246.5522    33      248.0285      245.4827  3495444    1.03%         x.17.25 U 651978 651977     29
 667970 229733      246.2161    38      248.0285      245.5263  3578562    1.01%         x.15.16 D 667970 667969     25
 683900 231071      246.7526    42      248.0285      245.5707  3661815    0.99%          x.21.8 N 683900 683899     21
 699850 232554      247.7947    37      248.0285      245.6129  3744626    0.97%           x.2.3 D 699850 699849     17
Elapsed time = 172.46 sec. (168155.98 ticks, tree = 463.62 MB, solutions = 12)
 715728 233579      247.7375    28      248.0285      245.6558  3826997    0.96%          x.26.4 D 715728 715727     30
 731630 234682        cutoff            248.0285      245.6958  3908920    0.94%         x.21.19 U 731630   6572     39
 747570 235577      246.6944    19      248.0285      245.7368  3990258    0.92%         x.24.26 D 747570 747568     33
 763485 236336      246.6260    35      248.0285      245.7779  4071195    0.91%         x.26.15 D 763485 763484     29
 779324 236804      248.0093    41      248.0285      245.8168  4152995    0.89%           x.6.9 D 779324 273892     16
 795144 237004      245.8577    42      248.0285      245.8554  4234228    0.88%          x.3.15 U 795144 610541     19
 810991 236951      247.9159    35      248.0285      245.8954  4315375    0.86%         x.19.20 U 810991 810989     28
 826800 236712        cutoff            248.0285      245.9338  4396481    0.84%         x.19.20 D 826800 826799     36
 842673 236201      246.3915    29      248.0285      245.9734  4477454    0.83%         x.17.25 D 842673 695772     28
 858433 235549      247.3387    33      248.0285      246.0109  4557637    0.81%         x.13.15 N 858433 858431     31
Elapsed time = 211.52 sec. (206304.77 ticks, tree = 469.51 MB, solutions = 12)
 874214 234802        cutoff            248.0285      246.0482  4636700    0.80%          x.26.8 U 874214 874213     22
 889990 233624      246.3019    32      248.0285      246.0870  4716255    0.78%           x.0.3 U 889990 223558     28
 905745 232359      247.6346    31      248.0285      246.1252  4794857    0.77%          x.15.7 N 905745 426207     33
 921428 230804      246.4924    35      248.0285      246.1620  4873747    0.75%           x.0.3 N 921428 650719     20
 937151 229164        cutoff            248.0285      246.1998  4952736    0.74%           x.0.3 U 937151 937150     29
 952733 227093      247.1671    35      248.0285      246.2381  5030209    0.72%           x.0.3 U 952733 212545     26
 968389 225042      246.8481    27      248.0285      246.2765  5107723    0.71%         x.28.29 N 968389 875025     27
 984000 222633      247.5523    24      248.0285      246.3136  5184690    0.69%         x.25.18 D 984000 983999     24
 999681 219943      246.7494    36      248.0285      246.3530  5261296    0.68%          x.7.19 D 999681 999680     30
 1015729 216988        cutoff            248.0285      246.3921  5339005    0.66%          x.7.19 U 1015729 455753     31
Elapsed time = 251.00 sec. (244454.84 ticks, tree = 433.76 MB, solutions = 12)
 1032997 213423        cutoff            248.0285      246.4340  5421728    0.64%         x.10.10 U 1032997 681548     27
 1050146 209575        cutoff            248.0285      246.4760  5504465    0.63%         x.17.19 D 1050146 1050145     29
 1067275 205531      246.7173    39      248.0285      246.5187  5586563    0.61%         x.16.27 D 1067275 474900     21
 1084337 201193        cutoff            248.0285      246.5606  5667355    0.59%          x.7.19 U 1084337 864712     27
 1101429 196442      247.8504    39      248.0285      246.6036  5748032    0.57%         x.13.15 U 1101429 824543     25
 1118401 191646        cutoff            248.0285      246.6458  5827258    0.56%         x.16.10 U 1118401 207029     34
 1135367 186482      247.1946    36      248.0285      246.6887  5906003    0.54%         x.25.23 D 1135367 1135365     22
 1152239 181309        cutoff            248.0285      246.7306  5983417    0.52%         x.22.19 U 1152239  80406     26
 1168952 175766      247.5246    22      248.0285      246.7734  6059945    0.51%           x.6.9 U 1168952 1168951     23
 1185674 169740        cutoff            248.0285      246.8164  6135329    0.49%          x.20.3 U 1185674 940875     23
Elapsed time = 291.02 sec. (282602.94 ticks, tree = 342.58 MB, solutions = 12)
 1202208 163613        cutoff            248.0285      246.8593  6209643    0.47%         x.25.27 U 1202208 179571     36
 1218678 157029        cutoff            248.0285      246.9027  6283322    0.45%         x.10.10 U 1218678 917337     28
 1235174 150359        cutoff            248.0285      246.9466  6356300    0.44%         x.23.19 U 1235174 595134     27
 1251567 143424      246.9912    28      248.0285      246.9907  6427981    0.42%           x.0.3 N 1251567 173600     24
 1267997 135796      247.1269    40      248.0285      247.0380  6498616    0.40%         x.13.15 N 1267997 1006953     26
 1284287 127909        cutoff            248.0285      247.0860  6567205    0.38%         x.13.15 D 1284287 1284286     25
 1300340 119799      247.6301    33      248.0285      247.1349  6634617    0.36%          x.27.4 N 1300340 606202     24
 1316496 111099        cutoff            248.0285      247.1851  6701280    0.34%           x.0.3 U 1316496 1316494     23
 1332503 102153        cutoff            248.0285      247.2357  6766707    0.32%          x.16.3 U 1332503 902289     28
 1348562 92753        cutoff            248.0285      247.2900  6829966    0.30%         x.25.21 U 1348562 546753     27
Elapsed time = 331.83 sec. (320751.00 ticks, tree = 193.90 MB, solutions = 12)
 1364473 82921        cutoff            248.0285      247.3458  6892084    0.28%         x.10.10 U 1364473 1364472     26
 1380357 72488      247.5824    31      248.0285      247.4061  6952072    0.25%         x.17.25 D 1380357 1380355     31
 1396022 61658        cutoff            248.0285      247.4715  7009086    0.22%         x.23.19 U 1396022 549073     35
 1411813 50195      247.6459    43      248.0285      247.5434  7064207    0.20%          x.9.16 N 1411813  98348     23
 1427405 37940        cutoff            248.0285      247.6259  7115126    0.16%         x.17.19 U 1427405 629612     28
 1442990 24986        cutoff            248.0285      247.7288  7161075    0.12%         x.26.20 U 1442990 281215     32
 1459002 10416        cutoff            248.0285      247.8778  7200344    0.06%         x.19.20 U 1459002 1459001     32

Gomory fractional cuts applied:  16
User cuts applied:  129

Root node processing (before b&c):
  Real time             =    0.09 sec. (40.46 ticks)
Sequential b&c:
  Real time             =  365.59 sec. (352256.70 ticks)
                          ------------
Total (root+branch&cut) =  365.67 sec. (352297.16 ticks)

Solution status: 101
Objective value:  2.4802850000e+02
Solution status is CPX_STAT_OPTIMAL
Node: 1469687
