proble size: m = 5 , n = 5 , seed = 1 
Benders' cuts separated to cut off: Integer and fractional infeasible solutions.
seed = 1
Version identifier: 20.1.0.0 | 2020-11-10 | 9bedb6d68
CPXPARAM_Threads                                 1
CPXPARAM_RandomSeed                              1
CPXPARAM_MIP_Strategy_CallbackReducedLP          0
CPXPARAM_MIP_Strategy_Search                     1
CPXPARAM_TimeLimit                               3600
CPXPARAM_MIP_Tolerances_AbsMIPGap                0
CPXPARAM_MIP_Tolerances_MIPGap                   0
Legacy callback                                  LU
Tried aggregator 1 time.
Reduced MIP has 30 rows, 930 columns, and 900 nonzeros.
Reduced MIP has 900 binaries, 0 generals, 0 SOSs, and 0 indicators.
Presolve time = 0.04 sec. (0.36 ticks)
Probing time = 0.00 sec. (1.06 ticks)
Clique table members: 30.
MIP emphasis: balance optimality and feasibility.
MIP search method: traditional branch-and-cut.
Parallel mode: none, using 1 thread.
Root relaxation solution time = 0.03 sec. (0.19 ticks)

        Nodes                                         Cuts/
   Node  Left     Objective  IInf  Best Integer    Best Bound    ItCnt     Gap         Variable B NodeID Parent  Depth

      0     0        0.0000    27                      0.0000        0         
*     0+    0                          903.9305        0.0000           100.00%
*     0+    0                          639.0580        0.0000           100.00%
      0     0      119.7418    40      639.0580     Fract: 18       81   81.26%
*     0+    0                          578.6928      119.7418            79.31%
*     0+    0                          382.9797      119.7418            68.73%
      0     0      199.1745    44      382.9797     Fract: 10      110   47.99%
      0     0      227.2684    43      382.9797 UserPurge2: 15      129   40.66%
*     0+    0                          315.5966      227.2684            27.99%
      0     0      235.2523    42      315.5966 UserPurge2: 3      141   25.46%
*     0+    0                          248.5814      235.2523             5.36%
      0     0      235.6243    41      248.5814 UserPurge2: 2      149    5.21%
      0     2      235.6243    41      248.5814      235.6481      149    5.20%                        0             0
Elapsed time = 0.21 sec. (47.06 ticks, tree = 0.01 MB, solutions = 6)
     41    31      244.4790    35      248.5814      240.4746     2530    3.26%           x.5.0 N     41     40     35
*    90+   52                          248.5775      240.9938             3.05%
     97    56      241.3486    49      248.5775      241.0611     4432    3.02%         x.20.13 N     97      3      3
    149    96      247.6633    35      248.5775      241.3488     6600    2.91%         x.18.14 N    149    148     27
    190   125        cutoff            248.5775      241.4062     8552    2.88%         x.25.10 D    190    188      9
    238   161      244.7152    51      248.5775      241.6530    10765    2.79%         x.14.10 N    238    237     10
    287   199      244.5310    44      248.5775      241.9189    12768    2.68%          x.8.10 N    287    286      9
    336   238      246.0453    45      248.5775      241.9550    15273    2.66%         x.21.24 N    336    335     13
    385   278      246.9226    50      248.5775      242.1143    17287    2.60%         x.26.25 N    385    384     12
    433   313      248.4044    38      248.5775      242.2843    19717    2.53%         x.25.23 N    433    431     26
    680   482      246.3510    39      248.5775      242.9243    29665    2.27%           x.4.4 D    680    679      8
Elapsed time = 2.48 sec. (3199.04 ticks, tree = 5.76 MB, solutions = 7)
    941   673      247.3033    42      248.5775      243.2546    38940    2.14%          x.9.27 D    941    940     24
   1180   833      246.8900    43      248.5775      243.6125    47706    2.00%         x.14.10 D   1180   1179     14
   1416   978      248.0622    38      248.5775      243.8640    57087    1.90%          x.1.19 N   1416   1415     15
   1636  1109      246.7832    52      248.5775      244.0642    65786    1.82%           x.4.4 N   1636   1635     14
   1914  1285      247.7434    41      248.5775      244.1923    74888    1.76%         x.20.13 N   1914   1913     12
*  1930+ 1245                          248.3312      244.1997             1.66%
   2137  1364      247.7280    41      248.3312      244.4419    82184    1.57%          x.12.4 N   2137   2136     11
   2332  1478      247.6138    40      248.3312      244.5556    89785    1.52%          x.9.25 N   2332   2330     14
   2578  1614      248.2381    38      248.3312      244.6636    97734    1.48%         x.23.19 N   2578   2576     31
   2830  1758      247.4898    37      248.3312      244.7798   106139    1.43%          x.1.19 D   2830   2829     15
   3065  1898      245.0406    44      248.3312      244.9357   113870    1.37%          x.9.27 N   3065   3064     16
Elapsed time = 8.91 sec. (12768.22 ticks, tree = 30.00 MB, solutions = 8)
   3324  2044      246.2299    50      248.3312      245.0174   121620    1.33%          x.12.4 N   3324   3323     14
   3570  2177      246.3383    29      248.3312      245.1137   129757    1.30%          x.28.0 D   3570   3569     12
   3826  2317      247.4049    45      248.3312      245.2135   138332    1.26%         x.12.19 N   3826   3825     22
   4060  2401      247.1641    46      248.3312      245.2873   146362    1.23%         x.22.19 N   4060   2265     17
   4310  2529      247.2715    38      248.3312      245.3885   154253    1.18%          x.7.17 N   4310   4309     15
   4542  2621      246.7333    39      248.3312      245.5130   162239    1.13%         x.22.19 D   4542   4541     20
   4791  2732        cutoff            248.3312      245.5893   169873    1.10%           x.9.0 U   4791   4789     17
   5054  2825      247.0257    42      248.3312      245.6766   177307    1.07%         x.26.25 N   5054   2031      9
   5315  2954      248.2983    35      248.3312      245.7215   184741    1.05%         x.21.10 N   5315   5313     17
   5556  3051      248.2430    30      248.3312      245.7908   191852    1.02%         x.25.21 D   5556   5555     16
Elapsed time = 15.12 sec. (22328.61 ticks, tree = 53.20 MB, solutions = 8)
   5813  3143      247.2940    40      248.3312      245.8650   198648    0.99%          x.12.4 N   5813   5651     11
   6061  3245      246.5498    49      248.3312      245.9134   205320    0.97%           x.4.4 N   6061    399     10
   6320  3345      247.7338    29      248.3312      245.9669   212535    0.95%          x.7.17 N   6320   6319     21
   6579  3450        cutoff            248.3312      246.0374   219099    0.92%         x.25.21 D   6579   6577     28
   6831  3535      248.1338    36      248.3312      246.0831   225678    0.91%         x.12.21 N   6831   6830     23
   7084  3604        cutoff            248.3312      246.1337   232714    0.88%         x.28.12 D   7084   7082     10
   7344  3680      248.3092    43      248.3312      246.1888   239536    0.86%          x.1.19 N   7344   6797     13
   7572  3752      248.1775    25      248.3312      246.2353   246610    0.84%          x.5.24 N   7572   7571     19
   7830  3848      248.0185    31      248.3312      246.2864   253130    0.82%          x.9.27 N   7830   7829     24
*  7983  3712      integral     0      248.2220      246.3178   256900    0.77%
   8095  3734      247.8321    24      248.2220      246.3396   259658    0.76%         x.28.12 N   8095   8094     14
Elapsed time = 21.10 sec. (31888.67 ticks, tree = 69.41 MB, solutions = 9)
   8352  3762        cutoff            248.2220      246.4252   266318    0.72%         x.14.10 U   8352   8351     25
   8609  3827      247.8761    37      248.2220      246.4677   272991    0.71%          x.1.19 N   8609   8608     22
   8875  3870      248.0697    30      248.2220      246.5170   279282    0.69%           x.9.0 N   8875   8874     16
   9121  3882      247.8843    40      248.2220      246.5801   285977    0.66%         x.21.10 N   9121   3927     12
   9395  3913      246.9984    35      248.2220      246.6329   292818    0.64%          x.17.9 N   9395   3370     27
*  9410+ 3477                          248.0285      246.6336             0.56%
   9643  3527      247.3560    37      248.0285      246.6638   298370    0.55%          x.21.0 N   9643    772     11
   9890  3514      247.4437    38      248.0285      246.7104   304074    0.53%          x.12.4 N   9890   6375     18
  10133  3544      247.8847    30      248.0285      246.7470   309891    0.52%         x.25.21 D  10133  10132     24
  10397  3493      246.9178    32      248.0285      246.8001   316382    0.50%          x.10.5 N  10397  10396     30
  10644  3500      247.8085    46      248.0285      246.8342   322306    0.48%           x.7.0 N  10644   6483     21
Elapsed time = 26.99 sec. (41451.15 ticks, tree = 67.92 MB, solutions = 10)
  10913  3466      247.0480    28      248.0285      246.8904   328343    0.46%         x.18.14 N  10913   1891     33
  11181  3420      247.6670    47      248.0285      246.9402   334284    0.44%         x.19.10 N  11181  11179     21
  11441  3397      247.5584    36      248.0285      246.9866   339970    0.42%         x.28.12 N  11441   8695     11
  11719  3337        cutoff            248.0285      247.0364   346000    0.40%         x.26.18 U  11719    804     21
  11988  3234      247.7804    43      248.0285      247.0894   351839    0.38%          x.12.4 N  11988   6374     17
  12276  3132      247.4064    45      248.0285      247.1392   357728    0.36%         x.12.19 N  12276  12275     25
  12587  3026      247.6860    36      248.0285      247.1962   363214    0.34%           x.9.9 D  12587  12586     26
  12877  2940      247.9242    39      248.0285      247.2411   368667    0.32%         x.28.12 N  12877  12876     13
  13190  2812      247.6757    39      248.0285      247.2923   374094    0.30%         x.28.12 N  13190  13189     19
  13520  2660      248.0039    40      248.0285      247.3462   379513    0.28%         x.28.12 N  13520  13519     22
Elapsed time = 32.90 sec. (51023.69 ticks, tree = 53.30 MB, solutions = 10)
  13870  2460        cutoff            248.0285      247.4123   384476    0.25%          x.7.17 U  13870   4788     16
  14231  2238        cutoff            248.0285      247.4864   389855    0.22%         x.28.12 D  14231  11701     17
  14619  1986      247.9645    28      248.0285      247.5626   394239    0.19%          x.26.8 N  14619   3486     15
  15002  1714      247.9472    25      248.0285      247.6319   398426    0.16%          x.21.0 N  15002  15001     18
  15413  1384        cutoff            248.0285      247.7068   402071    0.13%          x.21.0 U  15413    975     18
  15863  1013        cutoff            248.0285      247.7869   405422    0.10%         x.24.26 D  15863    228     27
  16326   583      247.9524    41      248.0285      247.8839   408285    0.06%         x.12.21 N  16326   2649     20
  16837    94        cutoff            248.0285      248.0037   409985    0.01%         x.22.19 U  16837   8711     19

Gomory fractional cuts applied:  14
User cuts applied:  2849

Root node processing (before b&c):
  Real time             =    0.21 sec. (47.38 ticks)
Sequential b&c:
  Real time             =   37.53 sec. (58809.55 ticks)
                          ------------
Total (root+branch&cut) =   37.75 sec. (58856.93 ticks)

Solution status: 101
Objective value:  2.4802846686e+02
Solution status is CPX_STAT_OPTIMAL
Node: 16932
