proble size: m = 5 , n = 5 , seed = 2 
Benders' cuts separated to cut off: Only integer infeasible solutions.
seed = 2
Version identifier: 20.1.0.0 | 2020-11-10 | 9bedb6d68
CPXPARAM_Threads                                 1
CPXPARAM_RandomSeed                              2
CPXPARAM_MIP_Strategy_CallbackReducedLP          0
CPXPARAM_MIP_Strategy_Search                     1
CPXPARAM_TimeLimit                               3600
CPXPARAM_MIP_Tolerances_AbsMIPGap                0
CPXPARAM_MIP_Tolerances_MIPGap                   0
Legacy callback                                  L
Tried aggregator 1 time.
Reduced MIP has 30 rows, 930 columns, and 900 nonzeros.
Reduced MIP has 900 binaries, 0 generals, 0 SOSs, and 0 indicators.
Presolve time = 0.00 sec. (0.36 ticks)
Probing time = 0.00 sec. (1.06 ticks)
Clique table members: 30.
MIP emphasis: balance optimality and feasibility.
MIP search method: traditional branch-and-cut.
Parallel mode: none, using 1 thread.
Root relaxation solution time = 0.00 sec. (0.19 ticks)

        Nodes                                         Cuts/
   Node  Left     Objective  IInf  Best Integer    Best Bound    ItCnt     Gap         Variable B NodeID Parent  Depth

      0     0        0.0000    27                      0.0000        0         
*     0+    0                          903.9305        0.0000           100.00%
*     0+    0                          639.0580        0.0000           100.00%
      0     0      119.7418    42      639.0580     Fract: 18       85   81.26%
*     0+    0                          619.0307      119.7418            80.66%
*     0+    0                          475.8666      119.7418            74.84%
      0     0      212.7630    44      475.8666     Fract: 13      144   55.29%
*     0+    0                          359.2710      212.7630            40.78%
*     0+    0                          359.2507      212.7630            40.78%
*     0+    0                          315.1114      212.7630            32.48%
*     0+    0                          297.4625      212.7630            28.47%
      0     2      229.8796    47      297.4625      230.0749      144   22.65%                        0             0
Elapsed time = 0.05 sec. (43.74 ticks, tree = 0.01 MB, solutions = 8)
*    40+   40                          268.1155      231.4894            13.66%
*    70+   70                          266.5198      231.4894            13.14%
*   120+   82                          252.1836      231.5756             8.17%
    328   268      238.2773    46      252.1836      232.2043     2206    7.92%         x.24.26 D    328    327      8
*   410+  312                          249.6183      232.5199             6.85%
    920   745      241.2071    46      249.6183      235.2904     5653    5.74%         x.13.28 D    920    919     24
*  1200+  923                          248.7234      235.6773             5.25%
*  1400+ 1070                          248.4222      236.0546             4.98%
   1510  1164      247.1438    43      248.4222      236.1073     8919    4.96%         x.25.10 D   1510   1508     13
   2227  1733      247.5757    31      248.4222      236.8029    12639    4.68%         x.29.18 U   2227   2226     22
   3050  2388      241.3962    44      248.4222      237.1119    16971    4.55%          x.4.28 D   3050   3049     13
   3933  3076      238.1380    44      248.4222      237.4172    21370    4.43%         x.28.28 D   3933   3932      7
   4790  3753      239.1722    46      248.4222      237.6422    25785    4.34%         x.14.10 D   4790   4789     12
   5634  4385      244.0747    31      248.4222      237.8216    30045    4.27%          x.0.28 D   5634   5633     30
   6526  5022      241.5734    39      248.4222      238.0230    34135    4.19%         x.19.19 D   6526   6525     28
*  7650+ 5641                          248.0285      238.1723             3.97%
   9715  7132      247.3674    29      248.0285      238.4334    50004    3.87%         x.11.25 D   9715   9714     42
Elapsed time = 3.15 sec. (3148.70 ticks, tree = 14.14 MB, solutions = 15)
  13216  9584      246.2032    39      248.0285      238.8766    66642    3.69%         x.19.19 D  13216  13215     45
  17129 12249      245.0476    41      248.0285      239.3511    85270    3.50%          x.5.24 D  17129  17128     22
  21154 14813      240.9689    42      248.0285      239.7127   104066    3.35%          x.8.28 D  21154  21153     15
  25110 17140        cutoff            248.0285      240.0972   123118    3.20%         x.26.28 U  25110  10289     16
  28994 19294      244.1469    42      248.0285      240.3683   141651    3.09%          x.26.8 U  28994  28993     28
  32894 21462      247.5824    41      248.0285      240.6484   160451    2.98%           x.3.4 D  32894  32893     44
  36810 23556      243.4253    50      248.0285      240.9076   178931    2.87%         x.26.28 D  36810  36809     16
  40717 25621      241.1520    39      248.0285      241.1528   197624    2.77%         x.29.17 D  40717   5664     28
  44700 27761      247.2197    37      248.0285      241.3537   215734    2.69%          x.7.28 D  44700  44699     24
  48652 29719      244.2483    36      248.0285      241.5747   233507    2.60%         x.11.14 U  48652  48650     30
Elapsed time = 13.23 sec. (12686.99 ticks, tree = 59.01 MB, solutions = 15)
  52660 31774      246.1694    43      248.0285      241.7619   251580    2.53%         x.16.28 D  52660  52659     21
  56802 33818      247.2128    33      248.0285      241.9420   269670    2.45%           x.3.4 U  56802  56801     47
  60875 35842      245.6107    46      248.0285      242.1029   287247    2.39%         x.26.28 D  60875  60873     23
  65000 37968      244.0438    40      248.0285      242.2607   305171    2.33%         x.11.14 D  65000  64999     28
  69086 40011        cutoff            248.0285      242.3866   323454    2.27%         x.28.29 D  69086  69085     33
  73084 42023      245.9363    47      248.0285      242.5117   341508    2.22%         x.27.28 D  73084  73083     22
  77331 44028      245.2951    40      248.0285      242.6454   360546    2.17%         x.27.28 D  77331  77330     23
  82067 46364      244.6467    44      248.0285      242.7729   381191    2.12%          x.8.28 D  82067  82066     13
  86760 48587      245.2739    35      248.0285      242.8940   402544    2.07%         x.19.19 D  86760  86759     33
  91489 50840      245.4019    42      248.0285      243.0002   423659    2.03%         x.22.19 U  91489  63715     34
Elapsed time = 23.52 sec. (22225.53 ticks, tree = 101.44 MB, solutions = 15)
  96138 53059      246.6763    47      248.0285      243.0966   444510    1.99%          x.8.28 D  96138  96137     21
 100776 55181      244.0661    36      248.0285      243.1837   465555    1.95%           x.3.4 D 100776 100775     42
 105416 57308      246.3236    35      248.0285      243.2622   486961    1.92%         x.20.13 U 105416 105415     45
 109991 59493      247.6360    27      248.0285      243.3306   508639    1.89%         x.27.19 D 109991 109990     40
 114495 61475      247.1950    26      248.0285      243.4037   530742    1.86%          x.7.16 U 114495 114494     72
 119012 63390      247.9809    33      248.0285      243.4715   552873    1.84%         x.18.28 D 119012 119011     41
 123587 65337        cutoff            248.0285      243.5396   574519    1.81%         x.23.19 D 123587 123586     43
 128112 67158      246.2849    36      248.0285      243.6022   596271    1.78%         x.28.19 D 128112 128111     46
 132616 69004      244.8506    35      248.0285      243.6640   618084    1.76%          x.28.0 U 132616  81152     32
 137171 70851      245.6215    39      248.0285      243.7303   639921    1.73%         x.21.19 D 137171 137170     40
Elapsed time = 33.43 sec. (31762.72 ticks, tree = 143.17 MB, solutions = 15)
 141681 72654      246.5510    32      248.0285      243.7918   661306    1.71%         x.18.28 D 141681 141680     49
 145941 74346        cutoff            248.0285      243.8470   682288    1.69%         x.22.19 U 145941 145938     39
 150245 75943      247.4024    32      248.0285      243.9016   702973    1.66%         x.25.21 D 150245 150244     47
 154447 77525      247.4222    41      248.0285      243.9504   723330    1.64%          x.19.4 D 154447 154446     35
 158680 79236      245.4193    35      248.0285      243.9935   744152    1.63%          x.6.24 D 158680 158679     37
 162831 80846      245.9378    41      248.0285      244.0356   764397    1.61%          x.28.5 D 162831 162830     38
 166986 82336      247.5960    37      248.0285      244.0798   784583    1.59%         x.28.16 U 166986 166984     43
 171130 83827      244.3800    36      248.0285      244.1212   804692    1.58%         x.28.21 D 171130 171129     40
 175200 85204      247.1139    43      248.0285      244.1646   825093    1.56%         x.11.14 D 175200 175199     51
 179269 86526      245.8410    33      248.0285      244.2045   845294    1.54%          x.19.4 D 179269 179268     36
Elapsed time = 43.27 sec. (41301.41 ticks, tree = 173.64 MB, solutions = 15)
 183338 87946      246.7875    35      248.0285      244.2455   865366    1.53%           x.8.4 N 183338 144855     33
 187467 89385      247.1835    33      248.0285      244.2815   885393    1.51%         x.11.14 D 187467 187466     29
 191600 90714        cutoff            248.0285      244.3223   905879    1.49%         x.13.28 U 191600 150727     15
 195717 92017      246.7892    34      248.0285      244.3639   926023    1.48%          x.5.19 D 195717 195716     40
 199850 93215        cutoff            248.0285      244.4028   946650    1.46%         x.24.26 D 199850 199849     40
 203945 94528      247.0242    28      248.0285      244.4402   966760    1.45%         x.19.19 N 203945 148166     23
 208035 95716      247.4939    38      248.0285      244.4760   987362    1.43%          x.14.6 U 208035 208034     37
 212097 96941      246.3483    36      248.0285      244.5103  1007884    1.42%          x.4.19 D 212097 212096     39
 216164 98083      245.2684    36      248.0285      244.5457  1028212    1.40%         x.28.29 N 216164 100443     29
 220301 99302      246.9039    35      248.0285      244.5773  1048137    1.39%         x.29.18 U 220301 220300     37
Elapsed time = 53.05 sec. (50840.03 ticks, tree = 198.49 MB, solutions = 15)
 224380 100446      245.8629    42      248.0285      244.6114  1068648    1.38%          x.9.25 D 224380 224379     38
 228490 101513      247.8196    43      248.0285      244.6441  1088967    1.36%         x.11.14 D 228490 228489     32
 232543 102565      247.1309    39      248.0285      244.6769  1109215    1.35%         x.20.13 N 232543 232540     53
 236654 103672        cutoff            248.0285      244.7071  1129205    1.34%         x.22.19 U 236654 236652     39
 240726 104632        cutoff            248.0285      244.7390  1149669    1.33%          x.1.19 D 240726 240725     49
 244881 105688        cutoff            248.0285      244.7681  1169651    1.31%         x.19.10 D 244881 244879     38
 248945 106628      246.0083    38      248.0285      244.7999  1190034    1.30%         x.11.14 D 248945 248944     35
 253010 107605      246.4916    39      248.0285      244.8327  1210197    1.29%         x.28.29 D 253010 253009     43
 257061 108570      247.6564    29      248.0285      244.8626  1230429    1.28%          x.2.19 N 257061 257060     52
 261077 109423      246.0152    41      248.0285      244.8929  1250661    1.26%          x.0.17 D 261077 261076     17
Elapsed time = 62.86 sec. (60378.66 ticks, tree = 218.17 MB, solutions = 15)
 265097 110332      246.7473    33      248.0285      244.9222  1271063    1.25%          x.8.10 U 265097 265096     41
 269123 111084        cutoff            248.0285      244.9507  1291200    1.24%         x.23.19 D 269123 269122     38
 273204 111859        cutoff            248.0285      244.9797  1311630    1.23%         x.10.10 U 273204 273202     34
 277256 112657      246.6092    35      248.0285      245.0090  1332205    1.22%          x.27.4 U 277256 201126     40
 281329 113403        cutoff            248.0285      245.0376  1352136    1.21%          x.1.13 U 281329 281327     31
 285317 114055      247.5428    23      248.0285      245.0686  1372511    1.19%         x.11.14 U 285317 285315     37
 289392 114758        cutoff            248.0285      245.0974  1392867    1.18%         x.27.19 U 289392 289390     48
 293424 115416      247.0140    40      248.0285      245.1247  1413296    1.17%         x.14.10 D 293424 293423     43
 297399 116036      247.0663    35      248.0285      245.1523  1433370    1.16%         x.28.19 D 297399 297398     36
 301390 116531      247.5271    36      248.0285      245.1799  1454079    1.15%         x.18.28 D 301390 301389     58
Elapsed time = 72.66 sec. (69916.38 ticks, tree = 232.00 MB, solutions = 15)
 305330 117040      247.1289    43      248.0285      245.2081  1474466    1.14%          x.6.24 U 305330 214308     44
 309376 117576        cutoff            248.0285      245.2337  1495145    1.13%          x.7.17 U 309376 309375     54
 313386 118039      245.7056    42      248.0285      245.2594  1515424    1.12%           x.3.4 D 313386 313385     35
 317361 118480      245.5794    46      248.0285      245.2873  1536038    1.11%         x.28.29 U 317361 104255     42
 321376 118960      247.1818    27      248.0285      245.3132  1556181    1.09%         x.10.10 U 321376 265933     44
 325363 119365        cutoff            248.0285      245.3402  1576101    1.08%          x.7.28 U 325363  63535     31
 329335 119725      247.9670    32      248.0285      245.3669  1596179    1.07%          x.7.17 N 329335 329334     53
 333327 120104        cutoff            248.0285      245.3924  1616416    1.06%         x.25.21 U 333327 333325     48
 337246 120421      245.6575    46      248.0285      245.4185  1636241    1.05%          x.26.8 D 337246  25369     20
 341217 120579      246.6408    31      248.0285      245.4468  1656391    1.04%           x.9.0 D 341217 341216     51
Elapsed time = 82.51 sec. (79454.99 ticks, tree = 239.89 MB, solutions = 15)
 345147 120772      246.0957    43      248.0285      245.4720  1676465    1.03%         x.11.14 U 345147 111219     36
 349037 120986      247.0941    37      248.0285      245.4968  1696561    1.02%         x.25.10 U 349037 110254     34
 352951 121130      247.8225    35      248.0285      245.5220  1716731    1.01%         x.22.19 D 352951 352950     36
 356874 121315        cutoff            248.0285      245.5475  1737086    1.00%          x.7.17 U 356874 356873     30
 360800 121368      245.8367    45      248.0285      245.5737  1757749    0.99%         x.19.17 D 360800 116350     28
 364713 121364      247.9249    41      248.0285      245.5981  1777974    0.98%         x.25.10 U 364713    821     33
 368642 121419      246.6969    43      248.0285      245.6239  1798451    0.97%         x.25.10 D 368642 368641     41
 372554 121530        cutoff            248.0285      245.6469  1818441    0.96%         x.21.24 U 372554 372553     42
 376418 121496      246.3007    23      248.0285      245.6717  1838416    0.95%         x.26.20 N 376418 376417     49
 391971 121296      247.9077    36      248.0285      245.7677  1918847    0.91%          x.8.10 U 391971 391970     39
Elapsed time = 95.33 sec. (91854.59 ticks, tree = 241.30 MB, solutions = 15)
 407527 120684      247.1013    37      248.0285      245.8631  2000352    0.87%         x.28.26 U 407527  74601     31
 423068 119719        cutoff            248.0285      245.9561  2081026    0.84%         x.10.10 U 423068 423066     34
 438503 118031      246.8334    36      248.0285      246.0492  2161352    0.80%         x.16.10 D 438503 438502     50
 453856 115992        cutoff            248.0285      246.1412  2241266    0.76%         x.27.28 U 453856  73747     20
 469127 113538      246.9568    41      248.0285      246.2342  2321163    0.72%         x.19.10 N 469127 469126     40
 485267 110155      246.5160    46      248.0285      246.3315  2405529    0.68%         x.29.17 U 485267 178969     24
 501963 106118        cutoff            248.0285      246.4346  2493047    0.64%         x.21.19 U 501963  19512     32
 518646 101275        cutoff            248.0285      246.5381  2576992    0.60%          x.5.19 U 518646  24951     30
 535191 95724      247.2488    35      248.0285      246.6447  2659825    0.56%          x.19.4 N 535191 535190     31
 551560 89546        cutoff            248.0285      246.7539  2740608    0.51%         x.14.10 U 551560 179820     36
Elapsed time = 135.64 sec. (130002.59 ticks, tree = 179.63 MB, solutions = 15)
 567862 82367        cutoff            248.0285      246.8673  2819211    0.47%         x.19.19 U 567862 460574     43
 583969 74406        cutoff            248.0285      246.9823  2894216    0.42%         x.19.10 U 583969 504291     37
 600053 65692        cutoff            248.0285      247.1006  2967327    0.37%          x.27.4 U 600053 600052     44
 616044 55947        cutoff            248.0285      247.2259  3037461    0.32%          x.7.10 U 616044 491592     33
 631812 45121        cutoff            248.0285      247.3543  3102966    0.27%         x.14.10 U 631812 300949     34
 647478 33222        cutoff            248.0285      247.4936  3163645    0.22%         x.22.19 U 647478  64809     29
 663182 20105        cutoff            248.0285      247.6563  3218483    0.15%          x.9.28 U 663182 349570     45
 679266  5314        cutoff            248.0285      247.8969  3262742    0.05%           x.9.0 U 679266 100219     39

Gomory fractional cuts applied:  15
User cuts applied:  132

Root node processing (before b&c):
  Real time             =    0.07 sec. (43.95 ticks)
Sequential b&c:
  Real time             =  171.20 sec. (162824.21 ticks)
                          ------------
Total (root+branch&cut) =  171.27 sec. (162868.16 ticks)

Solution status: 101
Objective value:  2.4802850000e+02
Solution status is CPX_STAT_OPTIMAL
Node: 684677
