proble size: m = 5 , n = 5 , seed = 9 
Benders' cuts separated to cut off: Only integer infeasible solutions.
seed = 9
Version identifier: 20.1.0.0 | 2020-11-10 | 9bedb6d68
CPXPARAM_Threads                                 1
CPXPARAM_RandomSeed                              9
CPXPARAM_MIP_Strategy_CallbackReducedLP          0
CPXPARAM_MIP_Strategy_Search                     1
CPXPARAM_TimeLimit                               3600
CPXPARAM_MIP_Tolerances_AbsMIPGap                0
CPXPARAM_MIP_Tolerances_MIPGap                   0
Legacy callback                                  L
Tried aggregator 1 time.
Reduced MIP has 30 rows, 930 columns, and 900 nonzeros.
Reduced MIP has 900 binaries, 0 generals, 0 SOSs, and 0 indicators.
Presolve time = 0.00 sec. (0.36 ticks)
Probing time = 0.00 sec. (1.06 ticks)
Clique table members: 30.
MIP emphasis: balance optimality and feasibility.
MIP search method: traditional branch-and-cut.
Parallel mode: none, using 1 thread.
Root relaxation solution time = 0.00 sec. (0.19 ticks)

        Nodes                                         Cuts/
   Node  Left     Objective  IInf  Best Integer    Best Bound    ItCnt     Gap         Variable B NodeID Parent  Depth

      0     0        0.0000    27                      0.0000        0         
*     0+    0                          903.9305        0.0000           100.00%
*     0+    0                          639.0580        0.0000           100.00%
      0     0      125.4524    42      639.0580     Fract: 19       88   80.37%
*     0+    0                          622.8546      125.4524            79.86%
*     0+    0                          509.1682      125.4524            75.36%
      0     0      202.4978    48      509.1682      Fract: 9      120   60.23%
*     0+    0                          435.2137      202.4978            53.47%
*     0+    0                          388.4133      202.4978            47.87%
*     0+    0                          269.6573      202.4978            24.91%
*     0+    0                          264.2465      202.4978            23.37%
      0     2      223.7443    49      264.2465      224.6755      120   14.98%                        0             0
Elapsed time = 0.05 sec. (45.14 ticks, tree = 0.01 MB, solutions = 8)
*   130+  115                          261.7128      224.8088            14.10%
*   150+  131                          259.8888      224.8088            13.50%
    380   336      236.1079    40      259.8888      225.5165     1933   13.23%          x.19.1 D    380    379     14
*   400+  353                          259.6640      225.5165            13.15%
*   460+  375                          255.7385      225.8777            11.68%
    920   801      236.5619    49      255.7385      227.1783     4867   11.17%          x.25.1 D    920    919     20
*  1520+ 1256                          253.5581      228.1481            10.02%
   1620  1347      237.7868    44      253.5581      228.5833     8719    9.85%         x.23.19 D   1620   1618     17
*  1730+ 1352                          252.3045      228.8319             9.30%
   2280  1824      249.2711    35      252.3045      230.1505    12394    8.78%          x.6.19 D   2280   2279     49
   3030  2475      248.0196    30      252.3045      232.2454    16655    7.95%         x.26.14 D   3030   3029     48
*  3230+ 2630                          252.1815      232.3771             7.85%
   3673  3027      239.6046    36      252.1815      232.8177    19918    7.68%           x.4.1 D   3673   3672     24
*  3870+ 2862                          250.2991      232.9994             6.91%
   4359  3289      235.0702    40      250.2991      233.1682    23353    6.84%         x.26.15 D   4359   4358      8
*  5020+ 3821                          250.0566      233.5258             6.61%
   5080  3878      240.4559    39      250.0566      233.5337    27052    6.61%           x.7.1 D   5080   5079     29
   5760  4456      233.8913    40      250.0566      233.7145    30467    6.54%          x.1.13 D   5760   1137     12
*  5810+ 4127                          248.7234      233.7151             6.03%
*  8680+ 6433                          248.3879      234.2775             5.68%
   8810  6539      237.0630    39      248.3879      234.3137    45582    5.67%         x.28.28 D   8810   8809     16
Elapsed time = 3.07 sec. (3159.61 ticks, tree = 13.58 MB, solutions = 19)
  11870  9094      246.0615    39      248.3879      234.8270    61381    5.46%          x.27.1 D  11870  11869     22
  15385 12020        cutoff            248.3879      235.3186    79363    5.26%          x.15.3 U  15385  15383     20
  19178 15093      243.4856    44      248.3879      235.5959    98522    5.15%         x.27.28 D  19178  19177     28
  22834 17980      246.2525    36      248.3879      235.8908   117600    5.03%          x.21.5 N  22834  22833     42
  26531 20951      239.6679    43      248.3879      236.1173   136206    4.94%         x.16.27 U  26531  26530     34
  30207 23862      239.6012    45      248.3879      236.3170   154661    4.86%          x.7.28 D  30207  30206     22
  33890 26805      244.6038    37      248.3879      236.4614   173215    4.80%          x.7.28 D  33890  33889     21
  37518 29649      238.1522    41      248.3879      236.6206   191393    4.74%          x.4.28 D  37518  37517     19
  41200 32480      239.9384    38      248.3879      236.7798   209167    4.67%         x.18.28 D  41200  41199     25
  44798 35219      239.9365    43      248.3879      236.9104   227665    4.62%         x.16.27 U  44798  44797     18
Elapsed time = 13.00 sec. (12698.31 ticks, tree = 74.51 MB, solutions = 19)
* 48270+37071                          248.0285      237.0454             4.43%
  48380 37165      240.2775    41      248.0285      237.0491   245339    4.43%          x.6.28 D  48380  48379     25
  51799 39740        cutoff            248.0285      237.1641   262113    4.38%          x.13.7 U  51799  51796     40
  55438 42389      241.1767    40      248.0285      237.2895   280158    4.33%         x.17.28 N  55438  55437     24
  59048 45085      244.5227    36      248.0285      237.3830   298268    4.29%         x.18.28 D  59048  59047     29
  62630 47690      243.6645    41      248.0285      237.4934   316650    4.25%         x.19.28 D  62630  62629     27
  66250 50260      244.3938    41      248.0285      237.5871   334955    4.21%          x.27.1 D  66250  66249     38
  69827 52730      246.5283    36      248.0285      237.6767   353458    4.17%           x.9.4 D  69827  69826     47
  73378 55216      241.2078    42      248.0285      237.7657   372007    4.14%         x.17.28 D  73378  73377     19
  76975 57740      245.4763    29      248.0285      237.8447   390251    4.11%         x.22.19 D  76975  76974     43
  80575 60154      244.6176    46      248.0285      237.9275   408852    4.07%         x.13.15 D  80575  80574     28
Elapsed time = 23.02 sec. (22240.91 ticks, tree = 125.78 MB, solutions = 20)
  84192 62518      243.7174    32      248.0285      238.0037   427191    4.04%         x.26.14 D  84192  84191     35
  87743 64824      245.3917    40      248.0285      238.0927   445960    4.01%          x.4.28 D  87743  87742     28
  91297 67139      240.8761    35      248.0285      238.1775   464350    3.97%          x.7.28 D  91297  91296     20
  94867 69479      244.6659    39      248.0285      238.2542   483029    3.94%         x.16.27 U  94867  94866     23
  98410 71800      247.6131    23      248.0285      238.3236   501532    3.91%          x.6.13 D  98410  98409     41
 102011 74014      240.0887    43      248.0285      238.4092   520514    3.88%          x.8.28 D 102011 102010     11
 105613 76257      244.1219    42      248.0285      238.4897   539082    3.85%         x.26.25 D 105613 105612     29
 109120 78326      245.2377    38      248.0285      238.5769   557484    3.81%         x.26.14 D 109120 109119     37
 112684 80441        cutoff            248.0285      238.6502   576401    3.78%          x.1.19 D 112684 112683     37
 116247 82570      240.5043    41      248.0285      238.7253   595196    3.75%          x.8.28 D 116247 116246     19
Elapsed time = 33.13 sec. (31779.32 ticks, tree = 174.74 MB, solutions = 20)
 119840 84691      241.9245    42      248.0285      238.7995   614142    3.72%         x.19.28 D 119840 119839     16
 123419 86596      241.1414    41      248.0285      238.8824   633396    3.69%          x.5.28 D 123419 123418     23
 127001 88652      240.4532    38      248.0285      238.9528   651617    3.66%         x.26.28 D 127001 127000     21
 130595 90691      245.7731    39      248.0285      239.0182   670265    3.63%           x.1.1 D 130595 130594     51
 134143 92623      241.0210    40      248.0285      239.0857   689085    3.61%          x.9.25 D 134143    259     37
 137761 94712      241.6641    43      248.0285      239.1437   707263    3.58%         x.16.28 D 137761 137760     20
 141344 96657      244.0723    39      248.0285      239.2030   725674    3.56%          x.20.7 D 141344 141343     45
 144895 98532      244.8047    37      248.0285      239.2713   744743    3.53%         x.26.28 D 144895 144894     42
 148427 100404      242.0509    38      248.0285      239.3326   763749    3.51%          x.5.28 U 148427   9134     20
 152050 102311      241.9532    46      248.0285      239.3929   782836    3.48%         x.15.28 D 152050 152049     21
Elapsed time = 43.32 sec. (41317.72 ticks, tree = 215.38 MB, solutions = 20)
 155630 104171      245.9559    35      248.0285      239.4526   801654    3.46%         x.26.20 D 155630 155629     40
 159200 106049      245.9200    30      248.0285      239.5098   820461    3.43%          x.10.1 U 159200 159199     28
 162797 107850      244.5106    33      248.0285      239.5777   839192    3.41%         x.26.20 D 162797 162796     35
 166410 109768      242.3014    39      248.0285      239.6364   857648    3.38%         x.13.28 D 166410 166409     14
 170058 111539      245.1588    43      248.0285      239.6960   876460    3.36%          x.5.24 D 170058 170057     34
 173760 113395      243.4489    38      248.0285      239.7506   895639    3.34%         x.15.28 D 173760 173759     46
 177681 115319      244.8033    39      248.0285      239.8095   916068    3.31%         x.18.28 D 177681 177680     30
 181352 117150      240.8012    32      248.0285      239.8610   934726    3.29%         x.11.11 D 181352   7128     19
 185505 119173      240.1135    39      248.0285      239.9233   955736    3.27%         x.21.24 D 185505 185504     30
 189342 121074      245.7197    36      248.0285      239.9751   975474    3.25%          x.13.2 U 189342 189340     33
Elapsed time = 53.49 sec. (50857.24 ticks, tree = 254.03 MB, solutions = 20)
 193592 123108      242.8461    42      248.0285      240.0316   996722    3.22%         x.16.28 D 193592 193591     24
 197778 125242      247.1211    30      248.0285      240.0838  1018002    3.20%         x.21.10 D 197778 197777     52
 201709 127136      243.0738    42      248.0285      240.1313  1038323    3.18%         x.16.28 D 201709 201708     20
 205902 129176      240.9502    39      248.0285      240.1882  1059636    3.16%          x.23.2 U 205902 205901     17
 210246 131289      244.9296    29      248.0285      240.2408  1081369    3.14%          x.21.5 D 210246 210245     38
 214466 133197      243.6574    36      248.0285      240.2999  1103510    3.12%         x.27.28 D 214466 214465     28
 218788 135245      245.9819    35      248.0285      240.3562  1124730    3.09%         x.26.21 D 218788 218787     32
 223004 137033        cutoff            248.0285      240.4135  1146996    3.07%          x.8.28 D 223004 223003     26
 227212 138930      242.6045    42      248.0285      240.4610  1169061    3.05%          x.3.28 D 227212 227211     20
 231498 140826      247.2016    41      248.0285      240.5157  1190969    3.03%         x.17.28 D 231498 231497     27
Elapsed time = 63.57 sec. (60394.85 ticks, tree = 297.68 MB, solutions = 20)
 235755 142796      240.5725    35      248.0285      240.5645  1212621    3.01%          x.2.27 D 235755  36480     30
 240038 144788      246.6846    27      248.0285      240.6076  1234289    2.99%         x.28.29 D 240038 240037     43
 244301 146664      245.6315    35      248.0285      240.6576  1255632    2.97%           x.9.0 D 244301 244300     45
 248536 148481      246.2856    39      248.0285      240.7061  1277545    2.95%         x.24.26 U 248536 248535     31
 252793 150335      247.5240    33      248.0285      240.7540  1299065    2.93%         x.26.25 D 252793 252792     31
 257079 152243      244.8119    43      248.0285      240.8014  1320656    2.91%          x.7.28 D 257079 257078     22
 261320 154099      240.9429    38      248.0285      240.8467  1342340    2.90%          x.4.28 D 261320 261319     17
 265515 155796      246.3774    38      248.0285      240.8956  1364564    2.88%          x.23.2 U 265515 265514     32
 269722 157601      244.2746    40      248.0285      240.9395  1386401    2.86%         x.26.28 U 269722  20305     17
 273910 159342        cutoff            248.0285      240.9852  1408037    2.84%          x.3.13 U 273910 273908     43
Elapsed time = 73.67 sec. (69932.82 ticks, tree = 337.53 MB, solutions = 20)
 278131 161165      246.9874    39      248.0285      241.0288  1429905    2.82%          x.4.15 U 278131 278129     25
 282340 162867      245.7417    38      248.0285      241.0736  1451613    2.80%         x.28.28 D 282340 282339     24
 286587 164581      245.8799    37      248.0285      241.1170  1473667    2.79%          x.2.27 U 286587 286586     53
 290854 166280      241.4030    38      248.0285      241.1612  1495206    2.77%         x.17.28 N 290854  73443     20
 295098 167952      247.2539    27      248.0285      241.2049  1516760    2.75%          x.3.29 D 295098 295096     32
 299331 169713      243.7640    39      248.0285      241.2491  1538123    2.73%         x.27.28 D 299331 299330     38
 303585 171416      245.8418    37      248.0285      241.2879  1560175    2.72%         x.16.27 U 303585 303584     33
 307826 173292      241.3834    38      248.0285      241.3216  1581880    2.70%         x.13.15 U 307826  64775     31
 312052 175004      246.8735    36      248.0285      241.3625  1603788    2.69%         x.26.14 D 312052 312051     35
 316347 176821        cutoff            248.0285      241.3984  1625962    2.67%         x.20.19 U 316347 316346     55
Elapsed time = 83.75 sec. (79471.28 ticks, tree = 373.54 MB, solutions = 20)
 320607 178482      246.5112    33      248.0285      241.4399  1647887    2.66%          x.20.7 D 320607 320606     40
 324880 180196      243.2497    41      248.0285      241.4729  1670135    2.64%           x.0.1 D 324880 324879     35
 329153 181822      244.9317    49      248.0285      241.5085  1692050    2.63%         x.19.28 D 329153 329152     30
 333443 183537      247.7813    44      248.0285      241.5415  1714256    2.62%          x.15.1 N 333443 333441     34
 337726 185186      247.2496    33      248.0285      241.5745  1736193    2.60%         x.22.19 D 337726 337725     39
 342060 186902      244.4365    45      248.0285      241.6090  1757990    2.59%          x.7.28 D 342060 342059     22
 346365 188485      244.7573    44      248.0285      241.6460  1779698    2.57%          x.5.28 D 346365 346364     24
 350644 190126        cutoff            248.0285      241.6813  1801380    2.56%         x.18.28 U 350644 260319     31
 354876 191708      242.1492    36      248.0285      241.7194  1822883    2.54%           x.0.3 U 354876  56234     37
 371138 198080      244.2729    41      248.0285      241.8432  1905114    2.49%          x.13.1 D 371138 371137     24
Elapsed time = 96.73 sec. (91870.36 ticks, tree = 419.39 MB, solutions = 20)
 386889 204090      242.5481    37      248.0285      241.9541  1985186    2.45%           x.9.0 D 386889 386888     35
 402639 209990        cutoff            248.0285      242.0667  2065447    2.40%         x.26.20 D 402639 402638     44
 418429 215904      244.2952    46      248.0285      242.1712  2144140    2.36%         x.16.28 D 418429 418428     21
 434303 222036      242.5692    38      248.0285      242.2670  2223051    2.32%         x.16.27 U 434303 434302     28
 450180 228239      243.7407    46      248.0285      242.3618  2301615    2.28%          x.7.28 D 450180 450179     23
 466060 234612      245.5657    46      248.0285      242.4493  2381378    2.25%          x.10.1 U 466060 234245     34
 481921 240696      244.6694    38      248.0285      242.5370  2460426    2.21%          x.3.28 D 481921 481920     26
 497802 246761      246.7890    32      248.0285      242.6205  2539057    2.18%          x.17.7 D 497802 497801     45
 513671 252638      247.7625    37      248.0285      242.7002  2617870    2.15%         x.26.14 U 513671  57067     34
 529520 258771      244.1944    38      248.0285      242.7756  2697003    2.12%         x.26.21 D 529520 529519     35
Elapsed time = 136.13 sec. (130019.01 ticks, tree = 546.90 MB, solutions = 20)
 545450 264851      245.0531    41      248.0285      242.8475  2775741    2.09%          x.7.28 D 545450 545449     26
 561378 270747        cutoff            248.0285      242.9169  2854242    2.06%         x.28.19 U 561378 420840     40
 577332 276638        cutoff            248.0285      242.9848  2932326    2.03%         x.11.11 D 577332 577330     43
 593454 282854      246.3379    30      248.0285      243.0480  3010112    2.01%           x.0.3 D 593454 593453     38
 609511 288741        cutoff            248.0285      243.1117  3087236    1.98%          x.9.25 U 609511 609509     37
 625600 294824      247.7156    33      248.0285      243.1705  3164215    1.96%          x.21.0 D 625600 625599     45
 641776 301028      243.8710    39      248.0285      243.2248  3241100    1.94%          x.23.2 U 641776 641775     40
 657871 307234      244.0293    30      248.0285      243.2771  3317629    1.92%          x.10.1 N 657871 657870     29
 673958 313595      246.6118    37      248.0285      243.3261  3393874    1.90%          x.14.1 D 673958 673957     63
 690065 320154      243.9299    35      248.0285      243.3740  3470047    1.88%         x.11.11 U 690065 690064     37
Elapsed time = 174.90 sec. (168168.27 ticks, tree = 676.32 MB, solutions = 20)
 706188 326602      247.4364    41      248.0285      243.4215  3546381    1.86%          x.20.7 U 706188 706186     21
 722337 332679      245.9949    38      248.0285      243.4708  3622474    1.84%         x.21.24 D 722337 722336     32
 738580 339285      245.1792    36      248.0285      243.5132  3698973    1.82%         x.21.28 D 738580 738579     52
 754763 345783      246.0958    26      248.0285      243.5568  3775681    1.80%          x.8.10 D 754763 754762     52
 771014 352567      245.9352    22      248.0285      243.5985  3851240    1.79%          x.26.3 D 771014 771013     51
 787354 359048      246.5551    28      248.0285      243.6402  3927478    1.77%         x.14.10 D 787354 787353     51
 803596 365474      247.3830    33      248.0285      243.6812  4003248    1.75%          x.4.19 D 803596 803595     46
 819904 371922      246.1966    30      248.0285      243.7192  4078671    1.74%         x.28.29 D 819904 819903     47
 836217 378605        cutoff            248.0285      243.7567  4154355    1.72%          x.16.3 U 836217 836214     45
 852542 384994      246.1479    40      248.0285      243.7923  4230028    1.71%         x.21.28 D 852542 852541     40
Elapsed time = 213.28 sec. (206317.02 ticks, tree = 813.45 MB, solutions = 20)
 868904 391649        cutoff            248.0285      243.8270  4305022    1.69%          x.7.28 U 868904 141801     18
 885240 397961      243.8654    39      248.0285      243.8614  4380757    1.68%         x.26.20 D 885240 885239     32
 901840 405111      245.3061    35      248.0285      243.8936  4455451    1.67%         x.26.13 D 901840 901838     45
 918330 411993      246.1733    30      248.0285      243.9264  4530835    1.65%          x.20.3 D 918330 918329     44
 934855 418901      245.7835    40      248.0285      243.9573  4605888    1.64%         x.15.16 U 934855 934853     47
 951272 425569      246.3739    43      248.0285      243.9887  4680766    1.63%          x.19.1 D 951272 951269     35
 967628 432294      245.3722    32      248.0285      244.0187  4755178    1.62%         x.21.28 D 967628 967627     31
 984095 439017      245.6460    33      248.0285      244.0478  4830389    1.60%          x.0.28 D 984095 984094     35
 1000639 445931      246.7617    30      248.0285      244.0765  4904719    1.59%         x.14.19 D 1000639 1000638     52
 1017174 452942      245.7088    33      248.0285      244.1034  4978568    1.58%          x.5.19 D 1017174 1017173     45
Elapsed time = 251.29 sec. (244464.85 ticks, tree = 957.68 MB, solutions = 20)
 1033606 459627      244.1729    27      248.0285      244.1310  5053011    1.57%         x.24.26 N 1033606 482611     51
 1050089 466134      245.5844    39      248.0285      244.1601  5126652    1.56%           x.0.3 D 1050089 1050088     31
 1066669 472837      246.0120    29      248.0285      244.1864  5200788    1.55%         x.17.25 U 1066669 1066668     38
 1083189 479247      247.7469    30      248.0285      244.2132  5275469    1.54%         x.25.19 D 1083189 1083188     64
 1099752 485819      244.9529    34      248.0285      244.2391  5349107    1.53%          x.16.3 D 1099752 1099751     39
 1116294 492385      245.6755    45      248.0285      244.2655  5423741    1.52%          x.4.28 D 1116294 1116293     13
 1132807 498787      247.5313    23      248.0285      244.2914  5497315    1.51%          x.28.0 N 1132807 1132805     62
 1149224 505161      245.5508    25      248.0285      244.3164  5571945    1.50%          x.1.19 D 1149224 1149223     48
 1165781 511622      245.2632    34      248.0285      244.3398  5646581    1.49%         x.26.14 U 1165781 423696     33
 1182354 517978      247.8971    37      248.0285      244.3637  5721057    1.48%         x.19.19 U 1182354 1182353     41
Elapsed time = 289.34 sec. (282613.44 ticks, tree = 1096.77 MB, solutions = 20)
 1198803 524045        cutoff            248.0285      244.3875  5795569    1.47%         x.21.28 U 1198803 839265     32
 1215420 530465      246.1434    33      248.0285      244.4098  5869671    1.46%         x.26.13 D 1215420 1215419     48
 1232014 537070      244.4314    42      248.0285      244.4311  5943618    1.45%          x.27.1 N 1232014 449029     39
 1248513 543359      245.7335    30      248.0285      244.4527  6018102    1.44%          x.28.0 D 1248513 1248512     36
 1265081 549566      246.9308    24      248.0285      244.4752  6092393    1.43%         x.28.15 D 1265081 1265079     59
 1281632 555856      247.1817    30      248.0285      244.4955  6166291    1.42%          x.28.0 D 1281632 1281631     43
 1298140 561972      246.7787    24      248.0285      244.5158  6240489    1.42%         x.22.19 D 1298140 1298139     50
 1314642 568172      245.4968    35      248.0285      244.5365  6314593    1.41%         x.26.18 D 1314642 1314641     42
 1331292 574346        cutoff            248.0285      244.5569  6388044    1.40%          x.20.7 D 1331292 1331291     43
 1347835 580481      247.1565    32      248.0285      244.5770  6462303    1.39%          x.20.3 D 1347835 1347834     36
Elapsed time = 327.33 sec. (320762.33 ticks, tree = 1231.65 MB, solutions = 20)
 1364252 586400      247.1868    19      248.0285      244.5957  6536763    1.38%          x.6.13 D 1364252 1364251     41
 1380692 592370      247.9616    28      248.0285      244.6147  6611375    1.38%          x.5.19 U 1380692 1380690     38
 1397065 598159      247.4031    42      248.0285      244.6349  6685594    1.37%          x.10.1 N 1397065 944843     37
 1413453 603902      246.5168    34      248.0285      244.6542  6759828    1.36%         x.28.16 D 1413453 1413452     51
 1429984 609710      247.5187    32      248.0285      244.6730  6834577    1.35%         x.28.16 D 1429984 1429983     52
 1446250 615100        cutoff            248.0285      244.6917  6908986    1.35%          x.19.1 U 1446250 1446249     37
 1462562 620636      246.5069    28      248.0285      244.7102  6984042    1.34%          x.9.17 U 1462562 1462561     33
 1478988 626532      245.8729    31      248.0285      244.7277  7058264    1.33%          x.5.24 N 1478988 1478987     29
 1495388 632315        cutoff            248.0285      244.7455  7132794    1.32%           x.0.3 U 1495388 1495386     44
 1511726 637959        cutoff            248.0285      244.7631  7207479    1.32%          x.5.28 U 1511726 278903     24
Elapsed time = 365.18 sec. (358910.55 ticks, tree = 1350.08 MB, solutions = 20)
 1528061 643401        cutoff            248.0285      244.7803  7281758    1.31%         x.27.28 U 1528061 265057     22
 1544460 648892      246.7810    40      248.0285      244.7976  7357108    1.30%          x.4.15 D 1544460 1544459     43
 1560784 654406      246.2181    35      248.0285      244.8150  7431382    1.30%           x.9.9 D 1560784 1560782     43
 1577144 659792      246.8343    33      248.0285      244.8321  7506953    1.29%          x.27.7 D 1577144 1577143     39
 1593514 665104      247.5553    21      248.0285      244.8484  7581785    1.28%         x.14.19 D 1593514 1593513     56
 1609590 670315      247.2271    27      248.0285      244.8652  7656720    1.28%          x.20.3 D 1609590 1609589     43
 1625829 675700      247.2147    35      248.0285      244.8813  7731319    1.27%         x.26.14 D 1625829 1625828     34
 1642000 680993      245.4604    35      248.0285      244.8970  7806334    1.26%         x.28.12 D 1642000 1641999     44
 1658280 686238      247.9472    36      248.0285      244.9130  7880218    1.26%          x.9.27 U 1658280 1658279     35
 1674641 691682      245.0858    32      248.0285      244.9283  7954256    1.25%         x.28.12 U 1674641 1389466     37
Elapsed time = 403.06 sec. (397059.93 ticks, tree = 1468.10 MB, solutions = 20)
 1690828 697061      245.9766    32      248.0285      244.9430  8028540    1.24%         x.28.19 D 1690828 1690827     53
 1706980 702124      246.5428    33      248.0285      244.9578  8103621    1.24%         x.26.25 U 1706980 1214220     33
 1723247 707333      246.6175    37      248.0285      244.9723  8178131    1.23%          x.5.24 U 1723247 1723245     37
 1739419 712283      246.4088    31      248.0285      244.9874  8253262    1.23%          x.20.7 D 1739419 1739418     39
 1755575 717228      246.7933    28      248.0285      245.0021  8328473    1.22%          x.1.13 U 1755575 752974     42
 1771771 722163      246.6715    37      248.0285      245.0171  8403849    1.21%          x.2.27 U 1771771 1771770     39
 1788030 727078      245.5026    38      248.0285      245.0320  8478817    1.21%         x.15.16 D 1788030 817974     33
 1804168 731914      246.3256    34      248.0285      245.0461  8553688    1.20%         x.26.13 D 1804168 1804167     44
 1820230 736741      246.5136    38      248.0285      245.0599  8628416    1.20%           x.3.4 U 1820230 368376     46
 1836421 741644      245.7726    39      248.0285      245.0732  8703694    1.19%          x.28.0 D 1836421 1836420     44
Elapsed time = 440.99 sec. (435208.59 ticks, tree = 1571.07 MB, solutions = 20)
 1852586 746394      246.2004    24      248.0285      245.0870  8778725    1.19%         x.28.19 D 1852586 1852585     44
 1868720 750995      245.5421    34      248.0285      245.1008  8854161    1.18%         x.17.25 N 1868720 1094289     36
 1884746 755407      245.6714    37      248.0285      245.1145  8929848    1.17%          x.20.3 D 1884746 1884745     37
 1900823 759715      246.9759    30      248.0285      245.1283  9004986    1.17%         x.23.19 D 1900823 1900822     43
 1916904 764208      248.0116    27      248.0285      245.1414  9081409    1.16%          x.4.19 U 1916904 990554     51
 1932791 768539      247.9081    30      248.0285      245.1544  9157425    1.16%         x.24.26 U 1932791 1932790     33
 1948774 772801      246.3779    34      248.0285      245.1682  9233756    1.15%          x.1.19 D 1948774 1948773     51
 1964767 777147        cutoff            248.0285      245.1809  9309245    1.15%         x.21.28 U 1964767 901865     37
 1980690 781276      246.5604    31      248.0285      245.1937  9385450    1.14%         x.28.29 D 1980690 1980689     51
 1996698 785548      245.5293    27      248.0285      245.2062  9461582    1.14%         x.17.25 U 1996698 1996697     48
Elapsed time = 478.87 sec. (473356.96 ticks, tree = 1661.55 MB, solutions = 20)
 2012778 789808      247.2871    20      248.0285      245.2191  9537198    1.13%         x.21.28 D 2012778 2012777     41
 2028750 793869      245.9178    38      248.0285      245.2319  9612310    1.13%          x.16.3 N 2028750 2028749     45
 2044767 798073        cutoff            248.0285      245.2442  9687276    1.12%         x.17.25 U 2044767 2044765     45
 2060682 802147      247.5185    23      248.0285      245.2568  9763039    1.12%           x.0.3 D 2060682 2060681     46
 2076543 806102      246.1898    46      248.0285      245.2693  9838814    1.11%         x.24.26 N 2076543 2076541     45
 2092457 810179        cutoff            248.0285      245.2813  9914185    1.11%          x.26.3 U 2092457 2092455     51
 2108230 813895      247.0065    31      248.0285      245.2935  9989791    1.10%         x.28.25 D 2108230 2108229     39
 2124091 817617      247.2484    33      248.0285      245.3056 10065826    1.10%          x.5.19 D 2124091 2124090     41
 2139979 821525      245.7217    30      248.0285      245.3172 10142167    1.09%           x.8.1 D 2139979 2139978     43
 2155843 825203      247.8110    23      248.0285      245.3296 10218496    1.09%           x.2.3 N 2155843 2155842     45
Elapsed time = 516.72 sec. (511505.23 ticks, tree = 1752.07 MB, solutions = 20)
 2171650 828934      247.5543    35      248.0285      245.3412 10294331    1.08%         x.18.28 D 2171650 2171649     37
 2187470 832613      247.6704    36      248.0285      245.3529 10370363    1.08%          x.20.3 U 2187470 2187468     39
 2203336 836097      245.8476    35      248.0285      245.3648 10446578    1.07%         x.26.13 D 2203336 2203335     42
 2219117 839531      245.4101    29      248.0285      245.3760 10523463    1.07%          x.11.3 D 2219117 1183554     39
 2234880 842765      245.9774    35      248.0285      245.3875 10599207    1.06%          x.17.7 D 2234880 2234879     50
 2250616 846082      247.2679    37      248.0285      245.3990 10675877    1.06%         x.15.16 D 2250616 2250614     55
 2266400 849275      246.1012    35      248.0285      245.4105 10752440    1.06%          x.12.1 N 2266400 2266397     37
 2282154 852398      246.0282    35      248.0285      245.4219 10829132    1.05%          x.16.3 N 2282154 2282152     37
 2297890 855579      246.6775    33      248.0285      245.4331 10905610    1.05%         x.28.29 U 2297890 1270377     34
 2313603 858854      246.8972    31      248.0285      245.4442 10981237    1.04%          x.11.3 D 2313603 2313602     40
Elapsed time = 554.79 sec. (549657.17 ticks, tree = 1821.43 MB, solutions = 20)
 2329215 861927        cutoff            248.0285      245.4557 11057477    1.04%          x.6.28 U 2329215 461556     24
 2344908 865085        cutoff            248.0285      245.4666 11134288    1.03%           x.9.4 U 2344908 2344907     46
 2360461 867962      246.1017    27      248.0285      245.4775 11211157    1.03%         x.11.11 U 2360461 2360460     38
 2375990 870767      245.9102    41      248.0285      245.4890 11288312    1.02%         x.15.16 N 2375990 1354859     34
 2391523 873698      246.5348    31      248.0285      245.4999 11364664    1.02%          x.21.0 D 2391523 2391522     48
 2407012 876411      247.5629    23      248.0285      245.5109 11441187    1.02%         x.17.25 N 2407012 2407011     47
 2422509 879088      246.6873    26      248.0285      245.5218 11517872    1.01%         x.28.29 D 2422509 2422508     47
 2438134 881926      245.8553    34      248.0285      245.5326 11594543    1.01%          x.15.1 D 2438134 2438132     32
 2453657 884618      245.6429    38      248.0285      245.5431 11671337    1.00%          x.9.27 N 2453657 989322     25
 2469213 887089      246.2419    26      248.0285      245.5539 11747885    1.00%         x.21.24 D 2469213 2469212     33
Elapsed time = 592.97 sec. (587805.41 ticks, tree = 1879.65 MB, solutions = 20)
 2484700 889525      247.5672    43      248.0285      245.5646 11824609    0.99%          x.9.27 D 2484700 2484698     42
 2500276 891819      246.9707    35      248.0285      245.5754 11901328    0.99%          x.17.7 N 2500276 2500275     46
 2515818 894326      246.8178    25      248.0285      245.5861 11977746    0.98%         x.17.25 U 2515818 2515817     37
 2531237 896479        cutoff            248.0285      245.5972 12054499    0.98%          x.20.3 U 2531237 2531235     41
 2546555 898646      247.0382    41      248.0285      245.6078 12131571    0.98%           x.0.3 U 2546555 2546553     40
 2561983 900838      246.4327    31      248.0285      245.6185 12209433    0.97%          x.11.3 D 2561983 2561982     52
 2577379 902908      247.2902    23      248.0285      245.6287 12286811    0.97%         x.17.25 U 2577379 2577378     44
 2592699 904814      246.5792    25      248.0285      245.6392 12364056    0.96%           x.6.0 N 2592699 223384     52
 2607992 906554      245.9190    27      248.0285      245.6501 12442171    0.96%         x.28.29 U 2607992 1359537     37
 2623359 908521      246.0480    37      248.0285      245.6602 12519756    0.95%          x.8.28 N 2623359  46604     26
Elapsed time = 631.29 sec. (625953.97 ticks, tree = 1923.85 MB, solutions = 20)
 2638718 910443        cutoff            248.0285      245.6704 12596790    0.95%          x.9.17 D 2638718 847554     28
 2654187 912237      246.5917    31      248.0285      245.6803 12674083    0.95%         x.21.28 D 2654187 2654186     42
 2669435 913807      247.0030    30      248.0285      245.6907 12751209    0.94%           x.4.1 D 2669435 2669434     56
 2684666 915578      247.8113    42      248.0285      245.7006 12828314    0.94%          x.20.3 N 2684666 2493844     40
 2699878 917229      246.5918    44      248.0285      245.7107 12905274    0.93%          x.2.27 D 2699878 2699876     23
 2714952 918482      247.2158    37      248.0285      245.7208 12982716    0.93%          x.16.3 U 2714952 2714951     48
 2730072 919767      245.7313    44      248.0285      245.7308 13060383    0.93%          x.15.3 U 2730072 118208     30
 2745227 921019      247.3285    32      248.0285      245.7413 13137684    0.92%         x.28.12 N 2745227 2745226     44
 2760343 922300      246.0624    43      248.0285      245.7512 13214814    0.92%           x.9.0 D 2760343 2760342     48
 2775422 923181      247.4333    38      248.0285      245.7616 13292692    0.91%         x.17.20 N 2775422 2775420     47
Elapsed time = 669.84 sec. (664102.19 ticks, tree = 1954.10 MB, solutions = 20)
 2790510 924090      247.3443    37      248.0285      245.7720 13370748    0.91%         x.11.11 U 2790510 2790509     51
 2805498 924874        cutoff            248.0285      245.7826 13449426    0.91%          x.10.1 U 2805498 2805497     34
 2820500 925524      245.8850    36      248.0285      245.7930 13527830    0.90%         x.24.26 D 2820500 983808     29
 2835476 926291        cutoff            248.0285      245.8031 13605802    0.90%          x.10.1 U 2835476 2835474     39
 2850447 927040        cutoff            248.0285      245.8129 13684037    0.89%         x.14.10 D 2850447 2850445     54
 2865406 927678      246.6748    32      248.0285      245.8226 13761869    0.89%          x.9.22 N 2865406 2865405     60
 2880440 928461      247.6596    22      248.0285      245.8323 13838909    0.89%         x.28.25 D 2880440 2880439     47
 2895376 928982      246.7159    27      248.0285      245.8424 13915767    0.88%         x.17.20 U 2895376 2895375     64
 2910318 929387      246.5506    31      248.0285      245.8522 13993163    0.88%           x.2.3 D 2910318 2910317     51
 2925240 929582      246.4454    23      248.0285      245.8622 14070965    0.87%         x.28.16 U 2925240 738838     32
Elapsed time = 708.67 sec. (702250.67 ticks, tree = 1967.33 MB, solutions = 20)
 2940085 929814      246.2287    32      248.0285      245.8720 14148475    0.87%          x.21.0 N 2940085 1415226     35
 2954969 929937      246.2421    31      248.0285      245.8817 14227093    0.87%          x.20.3 D 2954969 2954968     38
 2969904 930101      246.6286    40      248.0285      245.8915 14304849    0.86%           x.2.3 D 2969904 2969903     48
 2984918 930149      246.6075    33      248.0285      245.9015 14382723    0.86%          x.16.3 N 2984918 2984917     30
 2999881 930205        cutoff            248.0285      245.9112 14459775    0.85%          x.10.1 U 2999881 870300     34
 3014839 930233        cutoff            248.0285      245.9210 14537758    0.85%          x.20.1 D 3014839 3014838     47
 3029770 930250      247.2770    39      248.0285      245.9302 14615542    0.85%         x.21.24 U 3029770 636752     36
 3044650 930115      246.9917    32      248.0285      245.9398 14693458    0.84%         x.28.29 U 3044650 1278579     38
 3059518 929868      247.8653    42      248.0285      245.9496 14771460    0.84%          x.26.4 D 3059518 3059517     43
 3074400 929691        cutoff            248.0285      245.9592 14849004    0.83%          x.6.19 U 3074400 1392137     42
Elapsed time = 747.64 sec. (740398.93 ticks, tree = 1967.60 MB, solutions = 20)
 3089245 929280      245.9715    33      248.0285      245.9686 14926461    0.83%         x.25.27 D 3089245 2597823     38
 3104020 928997      246.7665    28      248.0285      245.9779 15004108    0.83%           x.2.3 D 3104020 3104019     38
 3118912 928673      245.9879    32      248.0285      245.9875 15080765    0.82%          x.9.27 D 3118912 2331204     40
 3133730 928112      247.8071    38      248.0285      245.9970 15157878    0.82%         x.17.25 D 3133730 3133728     47
 3148583 927456        cutoff            248.0285      246.0068 15235491    0.82%           x.1.3 U 3148583 3148581     49
 3163282 926817        cutoff            248.0285      246.0164 15312559    0.81%          x.16.3 U 3163282 3163281     47
 3177970 926037      247.7428    33      248.0285      246.0262 15389703    0.81%         x.28.12 U 3177970 3177969     53
 3192760 925307      247.4945    27      248.0285      246.0357 15467177    0.80%          x.28.0 N 3192760 1836876     37
 3207370 924273      247.6260    44      248.0285      246.0453 15543919    0.80%         x.17.20 D 3207370 3207369     35
 3222071 923318      246.3722    37      248.0285      246.0549 15620641    0.80%           x.4.1 D 3222071 3222070     44
Elapsed time = 786.96 sec. (778547.23 ticks, tree = 1954.52 MB, solutions = 20)
 3236875 922292      247.4944    41      248.0285      246.0644 15697489    0.79%          x.2.27 D 3236875 3236874     31
 3251498 921145      246.6179    35      248.0285      246.0739 15774061    0.79%          x.16.3 D 3251498 3251497     41
 3266097 920145      246.1167    36      248.0285      246.0830 15850620    0.78%           x.7.1 D 3266097 3266096     46
 3280671 918989      246.5633    32      248.0285      246.0922 15927378    0.78%           x.2.3 D 3280671 3280670     51
 3295415 917611      246.2435    42      248.0285      246.1019 16004003    0.78%          x.15.3 D 3295415 1155954     33
 3309952 916318        cutoff            248.0285      246.1110 16080647    0.77%         x.26.19 U 3309952 1519733     54
 3324609 915134        cutoff            248.0285      246.1204 16156723    0.77%           x.0.3 D 3324609 3324608     40
 3339262 913801        cutoff            248.0285      246.1297 16233271    0.77%          x.5.19 U 3339262 1235169     36
 3353811 912449        cutoff            248.0285      246.1385 16310000    0.76%         x.14.19 U 3353811 3353810     49
 3368451 910826      246.4836    35      248.0285      246.1478 16386137    0.76%          x.28.0 U 3368451 1156951     46
Elapsed time = 826.65 sec. (816695.66 ticks, tree = 1928.83 MB, solutions = 20)
 3382945 909145      247.7331    31      248.0285      246.1570 16462644    0.75%          x.2.27 U 3382945 3382944     36
 3397529 907513      246.1677    37      248.0285      246.1663 16539694    0.75%         x.16.27 N 3397529 264867     29
 3412061 905864        cutoff            248.0285      246.1755 16615901    0.75%          x.10.1 D 3412061 3412059     43
 3426636 903995        cutoff            248.0285      246.1846 16692083    0.74%          x.6.13 U 3426636 698024     51
 3441114 902163      246.5688    37      248.0285      246.1938 16768225    0.74%           x.0.3 N 3441114 3441113     40
 3455572 900352        cutoff            248.0285      246.2027 16844152    0.74%          x.20.1 U 3455572 3000792     45
 3470100 898393      246.8931    34      248.0285      246.2118 16919192    0.73%           x.2.3 D 3470100 3470099     47
 3484621 896351      246.3778    35      248.0285      246.2209 16995370    0.73%          x.11.3 D 3484621 3484620     37
 3499083 894081      246.5257    35      248.0285      246.2302 17071200    0.73%          x.20.3 N 3499083 2216174     40
 3513605 892014        cutoff            248.0285      246.2391 17147241    0.72%         x.24.26 U 3513605 3513604     44
Elapsed time = 866.69 sec. (854844.85 ticks, tree = 1890.12 MB, solutions = 20)
 3528075 889842      247.4360    37      248.0285      246.2482 17223110    0.72%          x.20.7 D 3528075 3528074     53
 3542482 887465      247.1943    32      248.0285      246.2576 17298374    0.71%           x.0.3 D 3542482 3542480     32
 3556896 885070      246.3219    42      248.0285      246.2667 17373499    0.71%         x.21.24 N 3556896 2758370     33
 3571408 882518        cutoff            248.0285      246.2761 17449906    0.71%           x.9.7 U 3571408 958548     42
 3585833 880205      246.7139    28      248.0285      246.2850 17525168    0.70%          x.16.3 N 3585833 3585832     33
 3600329 877741        cutoff            248.0285      246.2939 17600478    0.70%         x.14.19 U 3600329 418194     64
 3614784 875297        cutoff            248.0285      246.3032 17676006    0.70%         x.22.19 U 3614784 3614782     59
 3629368 872611      247.1443    30      248.0285      246.3123 17751601    0.69%          x.2.27 D 3629368 3629366     55
 3644180 870077        cutoff            248.0285      246.3215 17828932    0.69%           x.0.3 U 3644180 3644178     48
 3658845 867325      246.6898    38      248.0285      246.3308 17905228    0.68%          x.17.7 D 3658845 3658844     50
Elapsed time = 906.86 sec. (892993.09 ticks, tree = 1839.29 MB, solutions = 20)
 3673772 864598      247.2259    37      248.0285      246.3404 17983098    0.68%          x.21.5 N 3673772 1442447     45
 3689390 861528        cutoff            248.0285      246.3503 18064094    0.68%         x.22.19 U 3689390 1383691     45
 3705250 858418      246.5141    29      248.0285      246.3601 18146641    0.67%         x.17.20 D 3705250 3705249     53
 3721130 855169      246.8251    35      248.0285      246.3702 18229031    0.67%         x.11.11 D 3721130 2085844     44
 3737187 851917        cutoff            248.0285      246.3804 18311545    0.66%          x.17.7 U 3737187 3033418     43
 3753008 848538      247.2486    41      248.0285      246.3905 18394256    0.66%         x.17.25 N 3753008 3753006     45
 3768937 845183      247.0188    39      248.0285      246.4006 18476512    0.66%          x.17.9 D 3768937 3768935     45
 3784800 841753      247.1114    29      248.0285      246.4106 18558580    0.65%         x.17.20 D 3784800 3784799     35
 3800600 838161        cutoff            248.0285      246.4206 18640460    0.65%         x.15.16 U 3800600 3800599     38
 3816427 834546      247.9598    28      248.0285      246.4303 18722367    0.64%           x.0.3 D 3816427 3816426     35
Elapsed time = 947.19 sec. (931141.07 ticks, tree = 1771.81 MB, solutions = 20)
 3832255 830788        cutoff            248.0285      246.4402 18803698    0.64%          x.20.3 U 3832255 3832253     49
 3848075 826964      247.9214    37      248.0285      246.4503 18884237    0.64%          x.20.3 U 3848075 2406810     54
 3863894 823052      247.2135    27      248.0285      246.4604 18965660    0.63%           x.0.3 N 3863894 3863893     41
 3879675 819147        cutoff            248.0285      246.4704 19046570    0.63%          x.11.3 U 3879675 3474108     58
 3895451 815294        cutoff            248.0285      246.4802 19127738    0.62%           x.2.3 D 3895451 3895450     43
 3911277 811348        cutoff            248.0285      246.4899 19208448    0.62%           x.6.0 U 3911277 815029     47
 3927114 807224      246.8244    39      248.0285      246.4999 19289051    0.62%          x.20.7 N 3927114 2749352     31
 3942862 802915      247.3337    35      248.0285      246.5101 19369608    0.61%          x.2.27 N 3942862 3942861     40
 3958682 798541        cutoff            248.0285      246.5205 19450169    0.61%          x.2.27 U 3958682 3958681     41
 3974425 794128        cutoff            248.0285      246.5305 19530173    0.60%          x.20.3 U 3974425 3974423     51
Elapsed time = 987.94 sec. (969289.28 ticks, tree = 1688.58 MB, solutions = 20)
 3990151 789728      246.5598    31      248.0285      246.5407 19609963    0.60%          x.21.0 U 3990151 112359     40
 4005857 785108      247.3797    39      248.0285      246.5509 19689801    0.60%         x.24.26 U 4005857 2928891     34
 4021611 780525        cutoff            248.0285      246.5611 19769881    0.59%          x.20.3 U 4021611 1023671     39
 4037323 775844      246.6696    29      248.0285      246.5712 19849462    0.59%           x.0.3 U 4037323 373105     52
 4053096 771172      247.6093    27      248.0285      246.5811 19929365    0.58%         x.17.20 N 4053096 4053094     38
 4068872 766446      246.8129    33      248.0285      246.5911 20009215    0.58%           x.0.3 D 4068872 4068871     47
 4084594 761547        cutoff            248.0285      246.6012 20088186    0.58%           x.1.3 U 4084594 1291651     52
 4100198 756789      247.4598    35      248.0285      246.6111 20167112    0.57%         x.17.20 D 4100198 4100197     44
 4115857 751853      247.3480    37      248.0285      246.6215 20246069    0.57%         x.11.11 N 4115857 2516415     49
 4131427 746715      247.0355    36      248.0285      246.6318 20325017    0.56%         x.17.20 N 4131427 4131426     36
Elapsed time = 1028.90 sec. (1007437.44 ticks, tree = 1590.94 MB, solutions = 20)
 4147115 741560      247.5653    40      248.0285      246.6421 20402952    0.56%         x.17.20 N 4147115 4147113     51
 4162747 736421      247.2394    32      248.0285      246.6522 20481443    0.55%         x.17.25 N 4162747 4162745     41
 4178389 731231        cutoff            248.0285      246.6624 20559483    0.55%         x.26.19 U 4178389 1576751     45
 4193993 726062      246.8431    36      248.0285      246.6725 20637594    0.55%         x.21.24 U 4193993 978156     37
 4209533 720631      247.0341    34      248.0285      246.6828 20715227    0.54%         x.24.26 N 4209533 666563     41
 4225158 715053        cutoff            248.0285      246.6932 20793225    0.54%         x.17.25 U 4225158 4225157     43
 4240763 709447        cutoff            248.0285      246.7035 20870510    0.53%          x.21.5 U 4240763 1946215     41
 4256343 703799        cutoff            248.0285      246.7141 20947887    0.53%         x.17.20 U 4256343 4256341     36
 4271931 697998        cutoff            248.0285      246.7246 21024700    0.53%          x.11.3 U 4271931 3235244     39
 4287461 692308      247.1277    38      248.0285      246.7350 21101404    0.52%           x.2.3 N 4287461 2996144     38
Elapsed time = 1070.21 sec. (1045586.11 ticks, tree = 1478.88 MB, solutions = 20)
 4303029 686501      247.2029    33      248.0285      246.7455 21178354    0.52%           x.0.3 U 4303029 3650164     46
 4318560 680675      246.9356    36      248.0285      246.7557 21254906    0.51%         x.15.16 N 4318560 1567140     33
 4334171 674709      247.8118    32      248.0285      246.7659 21330639    0.51%          x.20.3 N 4334171  38879     36
 4349668 668652        cutoff            248.0285      246.7764 21406367    0.50%           x.0.3 U 4349668 3549530     42
 4365171 662713        cutoff            248.0285      246.7870 21482360    0.50%          x.20.3 U 4365171 3505653     38
 4380644 656414        cutoff            248.0285      246.7977 21557491    0.50%         x.17.20 U 4380644 4380643     42
 4396129 650045      246.9669    42      248.0285      246.8085 21633280    0.49%          x.16.3 D 4396129 4396128     41
 4411563 643778      247.4833    33      248.0285      246.8191 21708344    0.49%          x.21.0 U 4411563 2039778     48
 4427011 637568      247.3018    33      248.0285      246.8297 21783568    0.48%         x.17.20 N 4427011 4427009     47
 4442458 631274        cutoff            248.0285      246.8403 21858467    0.48%          x.5.28 U 4442458 1478763     24
Elapsed time = 1111.92 sec. (1083734.10 ticks, tree = 1353.17 MB, solutions = 20)
 4457814 624836        cutoff            248.0285      246.8509 21932591    0.47%         x.21.10 U 4457814 641045     33
 4473133 618314        cutoff            248.0285      246.8618 22006827    0.47%         x.22.19 D 4473133 4473132     48
 4488527 611545      247.7634    30      248.0285      246.8729 22081092    0.47%          x.11.3 U 4488527 2679802     36
 4503876 604615        cutoff            248.0285      246.8840 22154786    0.46%           x.2.3 U 4503876 4503875     44
 4519283 597759      247.1773    35      248.0285      246.8952 22228735    0.46%          x.16.3 D 4519283 4519282     37
 4534661 590958      247.6220    35      248.0285      246.9063 22302860    0.45%           x.2.3 N 4534661 3793225     41
 4549996 583931      247.0228    33      248.0285      246.9178 22375935    0.45%         x.17.25 N 4549996 3838186     33
 4565360 576962        cutoff            248.0285      246.9290 22449249    0.44%         x.17.25 D 4565360 4565358     47
 4580778 569877      247.7545    35      248.0285      246.9403 22522417    0.44%          x.21.8 N 4580778 2859175     43
 4596064 562551      247.6318    28      248.0285      246.9518 22595213    0.43%          x.2.27 N 4596064 4596062     48
Elapsed time = 1154.18 sec. (1121882.73 ticks, tree = 1211.62 MB, solutions = 20)
 4611442 555179        cutoff            248.0285      246.9636 22668049    0.43%           x.2.3 U 4611442 3181369     49
 4626782 547529      247.8650    36      248.0285      246.9756 22741024    0.42%         x.17.20 D 4626782 4626781     40
 4642063 540005        cutoff            248.0285      246.9873 22812616    0.42%          x.20.3 U 4642063 2285112     40
 4657307 532619        cutoff            248.0285      246.9990 22884379    0.42%           x.0.3 U 4657307 3869086     51
 4672596 524989      247.7851    32      248.0285      247.0108 22955673    0.41%          x.16.3 U 4672596 1241362     64
 4687695 517218        cutoff            248.0285      247.0227 23027178    0.41%         x.15.16 D 4687695 4687694     35
 4702891 509323      247.5936    37      248.0285      247.0348 23097980    0.40%         x.17.25 U 4702891 4702890     38
 4718022 501289        cutoff            248.0285      247.0471 23168614    0.40%         x.21.19 U 4718022  75847     54
 4733172 493165      247.3432    43      248.0285      247.0594 23239400    0.39%          x.16.3 N 4733172 3494064     41
 4748382 485061      247.7816    28      248.0285      247.0719 23309626    0.39%          x.28.0 U 4748382 2109795     49
Elapsed time = 1197.13 sec. (1160030.63 ticks, tree = 1051.99 MB, solutions = 20)
 4763494 476852      247.1544    31      248.0285      247.0844 23379178    0.38%         x.26.13 N 4763494 1907731     42
 4778678 468452        cutoff            248.0285      247.0973 23448415    0.38%          x.17.9 U 4778678 3397712     35
 4793829 460151      247.6214    33      248.0285      247.1100 23518572    0.37%         x.17.25 N 4793829 3271882     39
 4808883 451610        cutoff            248.0285      247.1230 23587111    0.37%          x.8.10 U 4808883 1759821     53
 4824019 443039        cutoff            248.0285      247.1362 23655460    0.36%           x.2.3 U 4824019 1253585     37
 4839098 434390        cutoff            248.0285      247.1494 23723884    0.35%           x.0.3 D 4839098 4839097     33
 4854190 425608        cutoff            248.0285      247.1629 23791986    0.35%          x.11.3 U 4854190 3403228     43
 4869230 416709      247.2525    32      248.0285      247.1764 23860552    0.34%         x.17.25 U 4869230 4869229     37
 4884331 407528        cutoff            248.0285      247.1904 23927920    0.34%          x.15.3 D 4884331 4884329     28
 4899402 398226        cutoff            248.0285      247.2048 23994993    0.33%         x.21.28 U 4899402 3147537     45
Elapsed time = 1240.80 sec. (1198178.44 ticks, tree = 873.12 MB, solutions = 20)
 4914469 388807      247.3511    30      248.0285      247.2191 24061696    0.33%           x.9.9 U 4914469 660279     43
 4929443 379297      247.4929    37      248.0285      247.2333 24127739    0.32%          x.20.7 N 4929443 3187445     40
 4944514 369770      247.6848    27      248.0285      247.2480 24194364    0.31%          x.2.27 N 4944514 4944512     39
 4959541 360194        cutoff            248.0285      247.2628 24260031    0.31%         x.26.21 U 4959541 2146010     56
 4974576 350336        cutoff            248.0285      247.2778 24325671    0.30%          x.4.19 U 4974576 746855     43
 4989502 340656        cutoff            248.0285      247.2927 24390139    0.30%           x.1.3 U 4989502  28727     50
 5004512 330508      247.7341    40      248.0285      247.3085 24454046    0.29%          x.26.1 N 5004512 313991     33
 5019475 320400        cutoff            248.0285      247.3246 24518114    0.28%         x.17.25 D 5019475 5019473     46
 5034504 310061        cutoff            248.0285      247.3407 24581538    0.28%          x.5.19 U 5034504 1635546     42
 5049495 299714      247.6863    36      248.0285      247.3571 24644508    0.27%           x.9.9 N 5049495 1691112     40
Elapsed time = 1285.36 sec. (1236327.12 ticks, tree = 670.17 MB, solutions = 20)
 5064433 289189      247.6323    31      248.0285      247.3734 24706530    0.26%           x.1.3 N 5064433 2566806     35
 5079343 278542      247.7916    32      248.0285      247.3905 24768317    0.26%         x.11.11 N 5079343 1569639     42
 5094206 267785        cutoff            248.0285      247.4076 24829405    0.25%         x.27.19 U 5094206 2294556     55
 5108993 256843        cutoff            248.0285      247.4254 24889181    0.24%          x.17.9 D 5108993 5108991     34
 5123838 245783        cutoff            248.0285      247.4433 24948638    0.24%          x.16.3 U 5123838 2870542     37
 5138822 234361      247.5629    34      248.0285      247.4622 25007060    0.23%         x.17.25 D 5138822 2381479     41
 5153759 222816        cutoff            248.0285      247.4817 25064276    0.22%          x.10.1 D 5153759 5153758     42
 5168547 211193        cutoff            248.0285      247.5022 25121053    0.21%          x.20.3 U 5168547 3390886     36
 5183447 199411        cutoff            248.0285      247.5230 25176500    0.20%           x.2.3 U 5183447 4218897     33
 5198370 187335        cutoff            248.0285      247.5445 25230829    0.20%          x.2.10 U 5198370 838666     59
Elapsed time = 1330.89 sec. (1274474.86 ticks, tree = 438.65 MB, solutions = 20)
 5213261 175001        cutoff            248.0285      247.5671 25283704    0.19%          x.5.24 U 5213261 1288634     44
 5228137 162629        cutoff            248.0285      247.5902 25335302    0.18%           x.0.3 D 5228137 5228136     36
 5243119 149973        cutoff            248.0285      247.6148 25385747    0.17%         x.22.19 U 5243119 835537     64
 5258105 137126        cutoff            248.0285      247.6403 25434689    0.16%           x.1.3 U 5258105 4049808     48
 5273199 123882        cutoff            248.0285      247.6675 25482826    0.15%          x.23.3 U 5273199 2022444     61
 5288351 110292        cutoff            248.0285      247.6969 25529084    0.13%          x.12.1 U 5288351 5288350     38
 5303647 96452        cutoff            248.0285      247.7283 25573506    0.12%         x.27.28 U 5303647 291036     33
 5319097 82205        cutoff            248.0285      247.7623 25615927    0.11%         x.28.25 U 5319097 1660183     46
 5334637 67673        cutoff            248.0285      247.7992 25656442    0.09%          x.26.3 U 5334637 3065238     62
 5350334 52775        cutoff            248.0285      247.8405 25694364    0.08%           x.7.1 U 5350334 3623888     48
Elapsed time = 1380.06 sec. (1312622.99 ticks, tree = 161.41 MB, solutions = 20)
 5366198 37507        cutoff            248.0285      247.8862 25729805    0.06%         x.28.29 U 5366198 1928768     34
 5382273 21781        cutoff            248.0285      247.9404 25761703    0.04%          x.6.19 U 5382273 266923     40
 5398583  5629        cutoff            248.0285      248.0044 25788971    0.01%         x.28.28 U 5398583 139534     18

Gomory fractional cuts applied:  13
User cuts applied:  149

Root node processing (before b&c):
  Real time             =    0.21 sec. (46.17 ticks)
Sequential b&c:
  Real time             = 1403.54 sec. (1333918.93 ticks)
                          ------------
Total (root+branch&cut) = 1403.76 sec. (1333965.10 ticks)

Solution status: 101
Objective value:  2.4802850000e+02
Solution status is CPX_STAT_OPTIMAL
Node: 5404225
