proble size: m = 5 , n = 5 , seed = 10 
Benders' cuts separated to cut off: Integer and fractional infeasible solutions.
seed = 10
Version identifier: 20.1.0.0 | 2020-11-10 | 9bedb6d68
CPXPARAM_Threads                                 1
CPXPARAM_RandomSeed                              10
CPXPARAM_MIP_Strategy_CallbackReducedLP          0
CPXPARAM_MIP_Strategy_Search                     1
CPXPARAM_TimeLimit                               3600
CPXPARAM_MIP_Tolerances_AbsMIPGap                0
CPXPARAM_MIP_Tolerances_MIPGap                   0
Legacy callback                                  LU
Tried aggregator 1 time.
Reduced MIP has 30 rows, 930 columns, and 900 nonzeros.
Reduced MIP has 900 binaries, 0 generals, 0 SOSs, and 0 indicators.
Presolve time = 0.01 sec. (0.36 ticks)
Probing time = 0.00 sec. (1.06 ticks)
Clique table members: 30.
MIP emphasis: balance optimality and feasibility.
MIP search method: traditional branch-and-cut.
Parallel mode: none, using 1 thread.
Root relaxation solution time = 0.00 sec. (0.19 ticks)

        Nodes                                         Cuts/
   Node  Left     Objective  IInf  Best Integer    Best Bound    ItCnt     Gap         Variable B NodeID Parent  Depth

      0     0        0.0000    27                      0.0000        0         
*     0+    0                          903.9305        0.0000           100.00%
*     0+    0                          639.0580        0.0000           100.00%
      0     0      125.4524    40      639.0580     Fract: 19       86   80.37%
*     0+    0                          588.5190      125.4524            78.68%
*     0+    0                          544.3801      125.4524            76.96%
      0     0      198.3244    44      544.3801     Fract: 14      132   63.57%
*     0+    0                          450.7465      198.3244            56.00%
      0     0      231.7311    44      450.7465 UserPurge2: 13      159   48.59%
*     0+    0                          275.0616      231.7311            15.75%
      0     0      238.6341    46      275.0616 UserPurge2: 5      166   13.24%
*     0+    0                          248.0285      238.6341             3.79%
      0     0      239.1103    47      248.0285 UserPurge2: 2      170    3.60%
      0     2      239.1103    47      248.0285      239.3992      170    3.48%                        0             0
Elapsed time = 0.06 sec. (45.39 ticks, tree = 0.01 MB, solutions = 7)
     51    38      246.2103    37      248.0285      243.3964     2756    1.87%          x.9.17 N     51     50     13
    105    75      247.3358    39      248.0285      243.7910     4762    1.71%          x.1.19 N    105    103      7
    174   128      245.0675    40      248.0285      243.9150     7252    1.66%         x.12.22 N    174    173     18
    228   167      246.6718    29      248.0285      244.2406     9456    1.53%           x.8.6 N    228    227     24
    289   205      247.7205    37      248.0285      244.3175    11370    1.50%         x.22.19 N    289    287     14
    361   241        cutoff            248.0285      244.4535    13973    1.44%          x.2.21 D    361    360     18
    436   268      245.5888    46      248.0285      244.5798    16695    1.39%          x.14.6 N    436    307      7
    493   304      245.3498    41      248.0285      244.6765    18737    1.35%         x.20.13 N    493     28     11
    566   343      246.0226    40      248.0285      244.7848    21416    1.31%         x.16.27 U    566    565     11
*   760+  440                          248.0285      244.9402             1.25%
    850   478      247.4965    40      248.0285      245.0496    30711    1.20%         x.25.21 N    850    849     16
Elapsed time = 2.37 sec. (3171.54 ticks, tree = 5.45 MB, solutions = 8)
   1104   553      247.3580    35      248.0285      245.4100    39076    1.06%         x.14.19 N   1104   1103     16
   1394   643      246.2040    43      248.0285      245.6792    48556    0.95%         x.19.20 N   1394    684     11
   1647   699      246.1829    37      248.0285      245.9275    56634    0.85%          x.8.10 N   1647   1646      9
   1908   735      247.5074    37      248.0285      246.1080    65441    0.77%          x.9.17 N   1908   1907     11
   2222   731        cutoff            248.0285      246.3917    74487    0.66%          x.23.7 U   2222    129     14
   2560   666      247.3692    24      248.0285      246.6700    83004    0.55%         x.22.19 N   2560    257     16
   2924   517      247.9396    30      248.0285      247.0205    90901    0.41%         x.21.10 N   2924   2922     10
   3356   280      247.9102    39      248.0285      247.4227    97840    0.24%         x.28.12 N   3356   2364     15

Gomory fractional cuts applied:  15
User cuts applied:  1985

Root node processing (before b&c):
  Real time             =    0.06 sec. (45.63 ticks)
Sequential b&c:
  Real time             =    7.84 sec. (11265.66 ticks)
                          ------------
Total (root+branch&cut) =    7.90 sec. (11311.29 ticks)

Solution status: 101
Objective value:  2.4802848089e+02
Solution status is CPX_STAT_OPTIMAL
Node: 3686
