proble size: m = 5 , n = 5 , seed = 4 
Benders' cuts separated to cut off: Integer and fractional infeasible solutions.
seed = 4
Version identifier: 20.1.0.0 | 2020-11-10 | 9bedb6d68
CPXPARAM_Threads                                 1
CPXPARAM_RandomSeed                              4
CPXPARAM_MIP_Strategy_CallbackReducedLP          0
CPXPARAM_MIP_Strategy_Search                     1
CPXPARAM_TimeLimit                               3600
CPXPARAM_MIP_Tolerances_AbsMIPGap                0
CPXPARAM_MIP_Tolerances_MIPGap                   0
Legacy callback                                  LU
Tried aggregator 1 time.
Reduced MIP has 30 rows, 930 columns, and 900 nonzeros.
Reduced MIP has 900 binaries, 0 generals, 0 SOSs, and 0 indicators.
Presolve time = 0.05 sec. (0.36 ticks)
Probing time = 0.01 sec. (1.06 ticks)
Clique table members: 30.
MIP emphasis: balance optimality and feasibility.
MIP search method: traditional branch-and-cut.
Parallel mode: none, using 1 thread.
Root relaxation solution time = 0.04 sec. (0.19 ticks)

        Nodes                                         Cuts/
   Node  Left     Objective  IInf  Best Integer    Best Bound    ItCnt     Gap         Variable B NodeID Parent  Depth

      0     0        0.0000    27                      0.0000        0         
*     0+    0                          903.9305        0.0000           100.00%
*     0+    0                          639.0580        0.0000           100.00%
      0     0      119.7418    40      639.0580     Fract: 18       83   81.26%
*     0+    0                          574.4938      119.7418            79.16%
*     0+    0                          468.0451      119.7418            74.42%
      0     0      194.8203    47      468.0451      Fract: 9      122   58.38%
*     0+    0                          420.9226      194.8203            53.72%
      0     0      224.5483    46      420.9226 UserPurge2: 16      167   46.65%
*     0+    0                          315.5966      224.5483            28.85%
      0     0      233.1552    49      315.5966 UserPurge2: 5      178   26.12%
*     0+    0                          248.5814      233.1552             6.21%
      0     0      233.5475    48      248.5814 UserPurge2: 1      181    6.05%
      0     2      233.5475    48      248.5814      233.8560      181    5.92%                        0             0
Elapsed time = 0.29 sec. (44.27 ticks, tree = 0.01 MB, solutions = 7)
*    10+   10                          248.3312      239.4773             3.57%
     34    32      247.0684    32      248.3312      239.4773     2557    3.57%           x.2.3 N     34     33     23
     72    59      246.1029    36      248.3312      239.4790     4457    3.56%         x.21.10 N     72     69     17
    113    93      247.6783    34      248.3312      239.5968     6606    3.52%         x.25.19 N    113    112     33
    160   129      241.3487    50      248.3312      239.9481     8512    3.38%          x.5.19 N    160     84      5
    200   161      240.3745    47      248.3312      240.3756    10227    3.20%         x.19.19 N    200      2      2
    246   199      247.3595    35      248.3312      240.3857    12597    3.20%           x.8.6 N    246    245     24
    300   239        cutoff            248.3312      240.6915    15130    3.08%         x.23.28 D    300    299     21
    345   278      246.4222    31      248.3312      240.7729    17432    3.04%           x.9.7 D    345    344     21
    382   303      243.1744    42      248.3312      240.9792    19091    2.96%         x.17.25 D    382    381      6
    585   457      245.7939    46      248.3312      241.3633    28013    2.81%          x.8.10 U    585    583      8
Elapsed time = 2.61 sec. (3254.29 ticks, tree = 5.62 MB, solutions = 8)
    811   634      245.4422    40      248.3312      241.7481    36841    2.65%          x.1.20 N    811    810     17
   1017   797      246.4956    39      248.3312      242.2400    45820    2.45%         x.10.23 N   1017   1016     18
   1205   944      245.3987    44      248.3312      242.3302    54099    2.42%          x.8.10 D   1205   1204     11
   1424  1096      244.6536    49      248.3312      242.6393    62873    2.29%          x.1.19 D   1424   1423     14
*  1430+ 1093                          248.2220      242.6393             2.25%
   1609  1218      245.7241    46      248.2220      242.7406    70360    2.21%         x.23.19 U   1609    473     11
   1770  1329      248.1302    35      248.2220      242.8127    77409    2.18%         x.18.14 N   1770   1769     29
   1961  1465      245.0203    46      248.2220      242.9498    85426    2.12%         x.23.19 N   1961   1960     13
   2175  1618      247.3761    45      248.2220      243.0984    93909    2.06%          x.4.19 D   2175   2174     24
   2402  1779      245.8244    48      248.2220      243.1820   101911    2.03%          x.6.19 N   2402    534     11
   2613  1947      246.8392    40      248.2220      243.2666   110241    2.00%           x.6.9 N   2613   2612     29
Elapsed time = 9.12 sec. (12824.68 ticks, tree = 32.70 MB, solutions = 9)
   2800  2070      245.2144    39      248.2220      243.3507   118290    1.96%         x.18.14 N   2800   2799     12
   2991  2197      246.9027    44      248.2220      243.4255   126191    1.93%          x.6.19 D   2991   2990     16
   3200  2344      246.4007    40      248.2220      243.5158   133568    1.90%         x.20.13 N   3200   3199     22
   3404  2486      245.5279    40      248.2220      243.5977   141626    1.86%         x.19.10 D   3404   3403      9
*  3570+ 2535                          248.0285      243.6165             1.78%
*  3580+ 2541                          248.0285      243.6165             1.78%
*  3580+ 2541                          248.0285      243.6165             1.78%
   3630  2574      247.3751    29      248.0285      243.6196   148860    1.78%         x.23.28 D   3630   3629     19
   3827  2698      246.6213    48      248.0285      243.6808   155864    1.75%         x.19.10 N   3827   3826     18
   4034  2831        cutoff            248.0285      243.7021   162904    1.74%          x.7.10 U   4034   4032     19
   4253  2964      246.9456    32      248.0285      243.7682   170636    1.72%         x.28.12 U   4253   4252     15
   4460  3099      245.6073    44      248.0285      243.7959   177777    1.71%         x.12.21 N   4460   4459     13
   4690  3232      247.9711    31      248.0285      243.8385   185651    1.69%         x.18.14 N   4690   4689     16
Elapsed time = 15.43 sec. (22456.08 ticks, tree = 59.97 MB, solutions = 12)
   4903  3348      244.6223    43      248.0285      243.8860   192260    1.67%         x.10.22 N   4903   4902      7
   5123  3484      245.6498    46      248.0285      243.9201   199429    1.66%          x.7.10 N   5123   3835     10
   5363  3624      245.4174    36      248.0285      243.9672   206155    1.64%          x.10.5 D   5363   5362     14
   5590  3760      244.8981    51      248.0285      244.0319   213589    1.61%         x.25.10 D   5590   5589     22
   5826  3896      244.5231    45      248.0285      244.1086   221282    1.58%         x.19.17 N   5826   1807     10
   6051  4047      245.3204    48      248.0285      244.1476   228467    1.56%          x.7.10 N   6051   2501     14
   6274  4163      247.0940    38      248.0285      244.1884   235827    1.55%         x.16.27 N   6274   6272     13
   6520  4305      245.8985    43      248.0285      244.2437   243208    1.53%         x.12.12 D   6520   6519     18
   6758  4441      246.7323    38      248.0285      244.2745   250869    1.51%         x.26.15 D   6758   6757     23
   6967  4564      246.5380    37      248.0285      244.2925   258233    1.51%         x.20.13 U   6967   6966     16
Elapsed time = 21.67 sec. (32027.35 ticks, tree = 90.06 MB, solutions = 12)
   7185  4679      247.5327    42      248.0285      244.3299   265524    1.49%         x.25.10 N   7185   7184     16
   7411  4783      246.4183    42      248.0285      244.3616   272467    1.48%          x.7.17 N   7411   7410     18
   7643  4909      247.3915    33      248.0285      244.4034   279559    1.46%           x.9.9 D   7643   7642     18
   7897  5041      246.9419    33      248.0285      244.4466   286687    1.44%          x.10.6 D   7897   7896     28
   8099  5147      247.4062    48      248.0285      244.4780   293303    1.43%           x.9.9 N   8099   8098     29
   8308  5250      247.1898    37      248.0285      244.4993   300424    1.42%         x.25.10 N   8308   8306     18
   8525  5344      247.0096    41      248.0285      244.5256   307514    1.41%         x.13.18 D   8525   8524     37
   8733  5453      246.5727    45      248.0285      244.5533   314493    1.40%         x.23.28 N   8733   8732     19
   8943  5562      245.6521    40      248.0285      244.5797   321506    1.39%         x.12.24 D   8943   8942     17
   9170  5695      247.4635    31      248.0285      244.6022   328100    1.38%          x.4.28 N   9170   9169     31
Elapsed time = 27.85 sec. (41588.67 ticks, tree = 116.64 MB, solutions = 12)
   9398  5825      246.5484    40      248.0285      244.6274   334832    1.37%           x.3.4 N   9398   9397     10
   9611  5932        cutoff            248.0285      244.6598   341367    1.36%         x.16.27 D   9611   9609     30
   9833  6047      245.5138    39      248.0285      244.6898   348373    1.35%          x.7.10 D   9833   9832     27
  10023  6123      246.1559    42      248.0285      244.7180   354782    1.33%         x.21.10 N  10023   3256     16
  10249  6233      246.7324    37      248.0285      244.7468   361614    1.32%         x.16.27 U  10249  10248     23
  10460  6323      246.9542    42      248.0285      244.7689   368777    1.31%         x.24.26 N  10460  10459     21
  10677  6407      247.0205    33      248.0285      244.7971   375677    1.30%         x.28.12 N  10677  10676     13
  10883  6497      246.8076    44      248.0285      244.8320   382929    1.29%         x.10.22 N  10883  10882     23
  11100  6580      245.6010    46      248.0285      244.8654   389725    1.28%          x.12.3 D  11100  11099     27
  11318  6663      246.1639    43      248.0285      244.8916   396875    1.26%          x.7.10 N  11318   2271     13
Elapsed time = 34.01 sec. (51168.60 ticks, tree = 140.36 MB, solutions = 12)
  11538  6758      247.0586    37      248.0285      244.9177   403854    1.25%         x.16.27 N  11538  11537     18
  11753  6837      247.1182    38      248.0285      244.9488   410865    1.24%         x.14.10 N  11753  11752     16
  11961  6920      247.3475    38      248.0285      244.9709   418030    1.23%         x.16.27 N  11961  11959     26
  12178  6979      246.4218    45      248.0285      244.9909   424902    1.22%         x.16.27 N  12178   3090     11
  12420  7061      247.3394    44      248.0285      245.0207   431699    1.21%         x.26.25 N  12420  12419     16
  12642  7140      246.3142    38      248.0285      245.0398   438685    1.20%          x.4.19 N  12642  12641     16
  12856  7206      247.8337    47      248.0285      245.0715   445749    1.19%         x.21.10 N  12856  12855     18
  13079  7286      246.7096    41      248.0285      245.0953   452675    1.18%          x.7.17 N  13079  13078     32
  13303  7370      245.7271    41      248.0285      245.1172   459374    1.17%           x.9.0 N  13303  13302     14
  13515  7457        cutoff            248.0285      245.1380   466159    1.17%         x.19.17 D  13515  13514     18
Elapsed time = 40.23 sec. (60746.83 ticks, tree = 160.91 MB, solutions = 12)
  13710  7522      246.9241    43      248.0285      245.1635   472487    1.16%         x.25.19 N  13710  13709     18
  13925  7603      247.4707    41      248.0285      245.1745   478897    1.15%         x.24.26 N  13925  13923     22
  14117  7684      247.4018    32      248.0285      245.1915   485215    1.14%          x.7.28 N  14117  14116     32
  14336  7737        cutoff            248.0285      245.2172   491979    1.13%         x.28.12 D  14336  14335     19
  14545  7814      247.5590    38      248.0285      245.2286   498291    1.13%          x.3.13 N  14545  14544     27
  14766  7899        cutoff            248.0285      245.2513   505033    1.12%         x.20.13 D  14766  14764     14
  14984  7962        cutoff            248.0285      245.2733   511745    1.11%         x.18.14 D  14984  14982     22
  15200  8021      247.1226    41      248.0285      245.2989   518280    1.10%          x.7.17 N  15200  15199     11
  15412  8110      247.9526    35      248.0285      245.3157   524765    1.09%         x.20.13 N  15412  15411     21
  15624  8193      247.1386    18      248.0285      245.3420   531331    1.08%         x.18.14 N  15624  15622     18
Elapsed time = 46.35 sec. (70318.49 ticks, tree = 180.41 MB, solutions = 12)
  15830  8251      247.7912    35      248.0285      245.3629   537840    1.07%         x.23.28 N  15830  15828     21
  16024  8297      246.7243    47      248.0285      245.3784   544310    1.07%          x.10.5 N  16024  16023     24
  16232  8361      246.1866    42      248.0285      245.3970   550857    1.06%          x.4.19 N  16232  16231     25
  16440  8409      247.2313    39      248.0285      245.4120   557729    1.05%         x.28.12 N  16440  16439     29
  16659  8449      248.0265    41      248.0285      245.4335   564105    1.05%         x.20.13 N  16659  16657     29
  16870  8499      247.3328    38      248.0285      245.4569   570673    1.04%         x.10.22 N  16870  16869     20
  17090  8547        cutoff            248.0285      245.4826   576780    1.03%         x.28.12 U  17090  17088     31
  17292  8616      247.0424    30      248.0285      245.5012   583028    1.02%         x.28.12 N  17292  17291     22
  17496  8658        cutoff            248.0285      245.5168   589313    1.01%         x.23.28 U  17496  17493     24
  17707  8706      245.5537    42      248.0285      245.5367   595753    1.00%          x.10.5 N  17707   1907     14
Elapsed time = 52.42 sec. (79903.95 ticks, tree = 195.43 MB, solutions = 12)
  17903  8748      247.1017    46      248.0285      245.5593   602457    1.00%         x.25.19 N  17903  17902     24
  18120  8805      247.5966    40      248.0285      245.5761   609014    0.99%         x.19.10 N  18120  18117     16
  18315  8843      247.0643    43      248.0285      245.5907   615683    0.98%          x.10.5 N  18315  18314     15
  18504  8887        cutoff            248.0285      245.6075   621900    0.98%         x.16.27 D  18504  18502     17
  18724  8927      247.4377    38      248.0285      245.6264   628316    0.97%           x.9.0 N  18724  18723     21
  18912  8985      247.4861    38      248.0285      245.6379   634601    0.96%         x.18.14 N  18912  18911     23
  19108  9026      247.8314    27      248.0285      245.6505   640848    0.96%         x.23.28 N  19108  19106     21
  19308  9074      247.8805    33      248.0285      245.6676   647276    0.95%           x.9.9 N  19308  19307     27
  19521  9124      247.8247    45      248.0285      245.6784   653554    0.95%         x.12.21 N  19521  19519     23
  20316  9323        cutoff            248.0285      245.7311   678458    0.93%         x.19.17 U  20316  20315     16
Elapsed time = 60.29 sec. (92327.57 ticks, tree = 213.24 MB, solutions = 12)
  21111  9491      247.1464    42      248.0285      245.7851   703411    0.90%          x.4.19 N  21111  11290     20
  21921  9666        cutoff            248.0285      245.8457   728461    0.88%         x.24.26 U  21921  21920     18
  22727  9750      247.7427    29      248.0285      245.9133   753376    0.85%         x.19.17 N  22727  22726     12
  23589  9875      247.1552    42      248.0285      245.9764   777573    0.83%         x.16.27 N  23589  23588     25
  24398  9927      247.0593    37      248.0285      246.0461   802405    0.80%         x.18.14 N  24398  24397     23
  25262  9972      246.7724    38      248.0285      246.1052   826796    0.78%         x.28.12 N  25262   5004     25
  26090  9963        cutoff            248.0285      246.1650   850646    0.75%          x.10.6 U  26090   7896     28
  26903 10012      247.7567    36      248.0285      246.2153   875012    0.73%         x.19.10 N  26903  26901     23
  27761 10047        cutoff            248.0285      246.2648   899183    0.71%          x.7.17 U  27761  27759     11
  28611 10038      247.8318    38      248.0285      246.3218   922674    0.69%         x.24.26 N  28611  28610     23
Elapsed time = 84.19 sec. (130498.25 ticks, tree = 240.68 MB, solutions = 12)
  29418 10018        cutoff            248.0285      246.3692   946150    0.67%          x.6.19 U  29418  11652     23
  30231 10015      247.0257    40      248.0285      246.4207   969356    0.65%         x.19.17 N  30231   1553     13
  31057 10010      247.8239    40      248.0285      246.4575   992321    0.63%          x.4.19 N  31057   5780     24
  31910  9973      247.9419    36      248.0285      246.5031  1014911    0.62%         x.18.11 N  31910  31909     30
  32757  9914      246.8350    31      248.0285      246.5492  1037309    0.60%         x.16.27 N  32757  32756     15
  33618  9789      247.7879    36      248.0285      246.6006  1058663    0.58%         x.16.27 N  33618  18285     20
  34484  9604        cutoff            248.0285      246.6515  1079991    0.56%         x.16.27 U  34484  34482     16
  35398  9357      247.7904    32      248.0285      246.7000  1101294    0.54%          x.9.25 N  35398  35397     23
  36266  9147        cutoff            248.0285      246.7469  1122407    0.52%         x.24.26 U  36266  36264     21
  37156  8927        cutoff            248.0285      246.8008  1142368    0.49%          x.4.19 D  37156  37155     17
Elapsed time = 107.76 sec. (168671.18 ticks, tree = 222.11 MB, solutions = 12)
  38063  8656        cutoff            248.0285      246.8557  1162372    0.47%         x.23.28 U  38063  16934     19
  39021  8281      247.6161    27      248.0285      246.9198  1182459    0.45%          x.8.22 N  39021  39020     21
  39999  7948        cutoff            248.0285      246.9778  1203805    0.42%         x.19.10 U  39999  39051     13
  41067  7450        cutoff            248.0285      247.0487  1223714    0.40%           x.9.4 U  41067  25235     20
  42140  6918        cutoff            248.0285      247.1166  1243723    0.37%         x.10.22 U  42140  37080     21
  43207  6369        cutoff            248.0285      247.1820  1263623    0.34%          x.9.25 U  43207  43205     34
  44332  5716      247.6786    40      248.0285      247.2587  1282605    0.31%         x.10.22 N  44332  42406     20
  45489  5014      247.4771    40      248.0285      247.3427  1301691    0.28%         x.12.11 N  45489   7025     11
  46777  4072        cutoff            248.0285      247.4536  1318147    0.23%         x.19.17 U  46777  23322     17
  48107  3073        cutoff            248.0285      247.5678  1333413    0.19%         x.19.17 U  48107  13529     16
Elapsed time = 132.08 sec. (206841.22 ticks, tree = 79.08 MB, solutions = 12)
  49523  1912        cutoff            248.0285      247.7107  1346538    0.13%          x.12.3 U  49523   8976     21
  51072   566        cutoff            248.0285      247.9043  1357004    0.05%         x.28.12 U  51072  30630     17

Gomory fractional cuts applied:  14
User cuts applied:  3731

Root node processing (before b&c):
  Real time             =    0.29 sec. (44.71 ticks)
Sequential b&c:
  Real time             =  137.52 sec. (215795.61 ticks)
                          ------------
Total (root+branch&cut) =  137.82 sec. (215840.31 ticks)

Solution status: 101
Objective value:  2.4802847087e+02
Solution status is CPX_STAT_OPTIMAL
Node: 51654
