proble size: m = 5 , n = 5 , seed = 7 
Benders' cuts separated to cut off: Integer and fractional infeasible solutions.
seed = 7
Version identifier: 20.1.0.0 | 2020-11-10 | 9bedb6d68
CPXPARAM_Threads                                 1
CPXPARAM_RandomSeed                              7
CPXPARAM_MIP_Strategy_CallbackReducedLP          0
CPXPARAM_MIP_Strategy_Search                     1
CPXPARAM_TimeLimit                               3600
CPXPARAM_MIP_Tolerances_AbsMIPGap                0
CPXPARAM_MIP_Tolerances_MIPGap                   0
Legacy callback                                  LU
Tried aggregator 1 time.
Reduced MIP has 30 rows, 930 columns, and 900 nonzeros.
Reduced MIP has 900 binaries, 0 generals, 0 SOSs, and 0 indicators.
Presolve time = 0.00 sec. (0.36 ticks)
Probing time = 0.00 sec. (1.06 ticks)
Clique table members: 30.
MIP emphasis: balance optimality and feasibility.
MIP search method: traditional branch-and-cut.
Parallel mode: none, using 1 thread.
Root relaxation solution time = 0.00 sec. (0.19 ticks)

        Nodes                                         Cuts/
   Node  Left     Objective  IInf  Best Integer    Best Bound    ItCnt     Gap         Variable B NodeID Parent  Depth

      0     0        0.0000    27                      0.0000        0         
*     0+    0                          903.9305        0.0000           100.00%
*     0+    0                          639.0580        0.0000           100.00%
      0     0      125.4524    39      639.0580     Fract: 19       77   80.37%
*     0+    0                          580.0627      125.4524            78.37%
*     0+    0                          528.4668      125.4524            76.26%
      0     0      198.5966    46      528.4668     Fract: 12      127   62.42%
*     0+    0                          369.0193      198.5966            46.18%
      0     0      232.0274    50      369.0193 UserPurge2: 14      147   37.12%
*     0+    0                          265.6241      232.0274            12.65%
      0     0      234.1656    52      265.6241 UserPurge2: 4      156   11.84%
*     0+    0                          264.2465      234.1656            11.38%
      0     0      234.3000    49      264.2465 UserPurge2: 2      162   11.33%
      0     0      234.3722    49      264.2465 UserPurge2: 1      167   11.31%
*     0+    0                          248.3879      234.3722             5.64%
      0     2      234.3722    49      248.3879      234.4491      167    5.61%                        0             0
Elapsed time = 0.05 sec. (45.80 ticks, tree = 0.01 MB, solutions = 8)
     40    34      244.9214    54      248.3879      238.6810     2678    3.91%          x.1.11 N     40     38      6
     70    57      242.0493    50      248.3879      238.9290     4231    3.81%         x.23.19 N     70     69     12
    109    89      244.4316    36      248.3879      238.9373     6048    3.80%          x.4.28 N    109    108     16
    167   131      240.6615    47      248.3879      239.4346     8260    3.60%          x.1.20 U    167    166      4
    219   166      242.5522    46      248.3879      239.5934    10374    3.54%          x.10.1 U    219     61      4
*   220+  165                          248.3312      239.5934             3.52%
    259   200      246.8267    36      248.3312      239.7039    12165    3.47%         x.25.21 D    259    258     20
    320   245      247.2239    35      248.3312      240.0077    14668    3.35%          x.3.20 D    320    319     28
    365   280      246.7600    43      248.3312      240.6245    16438    3.10%         x.22.14 D    365    364     19
    414   313      244.2162    46      248.3312      240.9206    18615    2.98%          x.10.1 N    414    167      5
    651   473      247.5921    34      248.3312      241.6927    28370    2.67%         x.28.12 N    651    650     19
Elapsed time = 2.45 sec. (3219.25 ticks, tree = 5.42 MB, solutions = 9)
    887   633      248.2616    37      248.3312      242.0939    37231    2.51%          x.6.19 D    887    886     18
   1138   806      245.6987    49      248.3312      242.3519    46227    2.41%          x.1.19 N   1138   1137     20
   1382   975      247.8237    46      248.3312      242.5677    54949    2.32%         x.28.12 D   1382   1380     14
   1630  1154      248.2028    28      248.3312      242.8109    63949    2.22%         x.18.14 N   1630   1629     28
   1889  1325      246.9150    33      248.3312      242.9799    72543    2.15%          x.1.20 N   1889   1888     26
   2147  1468      245.6993    41      248.3312      243.1676    81244    2.08%          x.3.28 D   2147   2146     33
   2400  1653      246.9204    42      248.3312      243.3012    90034    2.03%         x.26.20 D   2400   2399     24
   2628  1792      244.6568    40      248.3312      243.4193    98331    1.98%         x.18.14 D   2628   2627     17
   2860  1948      244.8457    40      248.3312      243.5474   105927    1.93%         x.23.19 D   2860   2859     12
   3093  2093      246.7291    35      248.3312      243.6539   114446    1.88%          x.14.6 N   3093   3092     15
Elapsed time = 9.32 sec. (12799.64 ticks, tree = 33.24 MB, solutions = 9)
   3364  2275        cutoff            248.3312      243.7601   122235    1.84%          x.1.20 U   3364   3362     20
   3607  2439      243.9649    46      248.3312      243.8681   130509    1.80%           x.4.4 D   3607   2220     11
   3863  2605      247.8570    36      248.3312      243.9295   138726    1.77%          x.14.5 N   3863   3862     27
   4107  2750      246.7797    44      248.3312      243.9859   146215    1.75%           x.0.1 D   4107   4106     15
   4346  2885      248.3136    16      248.3312      244.0678   153760    1.72%           x.2.5 N   4346   4345     24
   4584  3048      246.8790    44      248.3312      244.1275   161060    1.69%          x.7.10 N   4584   4583     24
   4835  3193      248.2848    41      248.3312      244.1965   168799    1.67%         x.23.19 N   4835   4834     16
   5078  3346      246.4412    42      248.3312      244.2641   176623    1.64%         x.18.14 D   5078   5077     33
   5308  3496      247.6346    16      248.3312      244.2993   184190    1.62%           x.6.0 N   5308   5307     28
   5553  3638      247.0572    40      248.3312      244.3634   191782    1.60%          x.23.7 D   5553   5552     23
Elapsed time = 16.01 sec. (22388.21 ticks, tree = 64.99 MB, solutions = 9)
   5808  3804      248.2857    30      248.3312      244.4135   199149    1.58%         x.24.20 N   5808   5807     26
   6061  3960      245.1840    43      248.3312      244.4502   206207    1.56%           x.1.3 N   6061   6060     22
   6315  4117      247.8391    31      248.3312      244.4971   213886    1.54%          x.23.2 N   6315   6313     28
   6575  4293      247.1199    44      248.3312      244.5392   221233    1.53%          x.3.15 D   6575   6574     14
   6816  4445      246.4439    46      248.3312      244.5804   227750    1.51%         x.25.19 N   6816   6815     18
   7048  4602      247.2835    40      248.3312      244.6063   234694    1.50%         x.26.20 N   7048   7047     17
   7290  4729      246.7363    35      248.3312      244.6428   241560    1.49%         x.20.13 N   7290   7289     15
   7547  4881      247.8030    36      248.3312      244.6874   248675    1.47%         x.25.21 U   7547   7546     27
   7791  5021      246.5721    40      248.3312      244.7170   255269    1.46%          x.7.10 N   7791   2191     10
   8017  5155      247.8311    33      248.3312      244.7439   261708    1.44%         x.24.29 N   8017   8015     19
Elapsed time = 22.56 sec. (31946.62 ticks, tree = 99.15 MB, solutions = 9)
   8259  5331      247.5105    29      248.3312      244.7694   268514    1.43%          x.4.28 N   8259   8258     27
   8490  5459      246.6607    42      248.3312      244.8046   275094    1.42%         x.26.20 D   8490   8489     14
   8735  5599      246.6956    43      248.3312      244.8317   282288    1.41%         x.21.10 N   8735   8733     21
   8977  5727      248.2865    39      248.3312      244.8633   288883    1.40%         x.16.27 N   8977   8976     26
   9201  5860      247.7019    41      248.3312      244.8829   295279    1.39%          x.3.20 N   9201   9200     19
   9434  5974      245.4950    49      248.3312      244.9226   301702    1.37%           x.1.3 D   9434   9433     11
   9684  6140      248.2072    36      248.3312      244.9417   308238    1.36%         x.26.15 D   9684   9683     19
   9926  6294      246.3829    39      248.3312      244.9625   314656    1.36%           x.1.3 D   9926   9925     16
  10170  6418      245.1388    48      248.3312      244.9859   321141    1.35%         x.26.18 D  10170  10169     19
  10393  6563      247.1924    37      248.3312      245.0190   327333    1.33%         x.11.29 N  10393  10392     32
Elapsed time = 28.98 sec. (41508.80 ticks, tree = 132.56 MB, solutions = 9)
  10635  6701      246.4589    42      248.3312      245.0393   332975    1.33%          x.3.20 D  10635  10634     15
  10840  6814      248.0410    36      248.3312      245.0664   339269    1.31%         x.18.14 N  10840  10839     21
  11061  6937      246.1688    41      248.3312      245.0940   345420    1.30%          x.3.29 N  11061  11059     21
  11306  7091      247.6235    40      248.3312      245.1134   351689    1.30%         x.24.29 N  11306  11305     20
  11531  7200      246.7994    43      248.3312      245.1393   357950    1.29%          x.8.10 D  11531  11530     11
  11746  7324      247.6415    39      248.3312      245.1520   363993    1.28%         x.23.19 N  11746  11745     19
  11976  7460      247.5486    46      248.3312      245.1719   369815    1.27%          x.3.15 D  11976  11975     27
  12216  7580      247.2651    31      248.3312      245.1931   376383    1.26%         x.18.14 N  12216  12215     22
  12442  7695      247.1012    38      248.3312      245.2081   382793    1.26%         x.26.21 N  12442  12441     15
  12690  7809      247.1211    36      248.3312      245.2326   389066    1.25%          x.3.18 N  12690  12689     31
Elapsed time = 35.44 sec. (51078.30 ticks, tree = 163.79 MB, solutions = 9)
* 12790+ 7774                          248.2729      245.2404             1.22%
  12874  7809      245.9853    41      248.2729      245.2526   394207    1.22%         x.25.23 U  12874  12873     21
  13058  7902        cutoff            248.2729      245.2654   399219    1.21%         x.24.29 D  13058  13057     22
  13217  7990      246.4899    40      248.2729      245.2798   404005    1.21%           x.1.3 D  13217  13216     19
  13418  8086      247.8724    23      248.2729      245.2938   409726    1.20%         x.17.20 N  13418  13417     33
  13641  8177      247.3496    14      248.2729      245.3138   415228    1.19%          x.21.0 N  13641  13640     37
  13840  8273      247.7099    31      248.2729      245.3239   421076    1.19%         x.12.25 N  13840  13839     27
  14048  8367      247.2519    39      248.2729      245.3322   426963    1.18%         x.25.18 N  14048  14047     22
  14248  8440      248.1516    40      248.2729      245.3541   432635    1.18%         x.26.25 N  14248  14247      8
  14468  8558      247.9365    16      248.2729      245.3701   438553    1.17%         x.28.12 N  14468  14467     22
  14652  8628      247.6063    37      248.2729      245.3860   443965    1.16%         x.24.29 N  14652  14651     15
Elapsed time = 41.78 sec. (60668.29 ticks, tree = 186.20 MB, solutions = 10)
  14846  8734      248.2382    31      248.2729      245.3969   449428    1.16%         x.18.14 N  14846  14845     35
  15047  8820      247.0437    26      248.2729      245.4084   455074    1.15%          x.4.28 N  15047  15046     30
  15243  8905      247.5062    42      248.2729      245.4244   460657    1.15%         x.21.10 N  15243  15241     17
  15442  8976      246.9730    40      248.2729      245.4399   466454    1.14%          x.7.10 N  15442  15441     23
  15638  9056      247.5721    41      248.2729      245.4530   472171    1.14%          x.1.12 N  15638  15637     25
  15859  9148      247.8526    30      248.2729      245.4686   478235    1.13%          x.7.10 U  15859  15858     26
  16073  9254      247.8539    22      248.2729      245.4820   483829    1.12%          x.4.15 N  16073  16072     35
  16282  9337      246.2350    37      248.2729      245.5006   489842    1.12%          x.1.11 N  16282   7027     11
  16507  9449      245.7477    40      248.2729      245.5129   495769    1.11%         x.26.14 D  16507  16506     19
  16715  9547        cutoff            248.2729      245.5243   501759    1.11%          x.3.29 U  16715   5485     19
Elapsed time = 48.25 sec. (70234.75 ticks, tree = 211.36 MB, solutions = 10)
  16937  9656      247.0311    47      248.2729      245.5344   507592    1.10%         x.23.19 N  16937  16936     24
  17165  9741      247.0703    38      248.2729      245.5504   513759    1.10%         x.26.25 N  17165   9083     18
  17376  9837        cutoff            248.2729      245.5616   519602    1.09%         x.23.19 U  17376  11022     18
  17590  9927      246.1123    40      248.2729      245.5775   525431    1.09%         x.25.23 N  17590   1089     22
  17765  9995      247.2043    40      248.2729      245.5897   531376    1.08%         x.24.26 N  17765  17764     18
  17959 10071      246.8712    42      248.2729      245.6006   537244    1.08%         x.20.13 N  17959   9572     16
  18174 10154      247.0491    50      248.2729      245.6156   542946    1.07%         x.25.21 N  18174   6364     19
  18377 10236      246.6427    41      248.2729      245.6240   548718    1.07%           x.4.4 N  18377  18376     16
  18573 10321      246.4988    39      248.2729      245.6346   554367    1.06%         x.25.23 N  18573  18572     25
  18796 10419      246.1739    46      248.2729      245.6511   559955    1.06%         x.25.23 N  18796   6337     21
Elapsed time = 54.69 sec. (79798.24 ticks, tree = 235.79 MB, solutions = 10)
  18999 10494      246.4955    35      248.2729      245.6618   565792    1.05%          x.14.6 N  18999  18997     16
  19207 10565      247.4746    32      248.2729      245.6730   571595    1.05%         x.25.18 N  19207  19206     16
  19420 10668      247.2879    31      248.2729      245.6813   577492    1.04%          x.3.28 N  19420  19419     26
  19635 10762      246.7943    38      248.2729      245.6953   583284    1.04%          x.23.7 N  19635  19634     24
  19839 10823        cutoff            248.2729      245.7076   589382    1.03%         x.28.12 U  19839  19838     17
  20035 10897      247.9287    35      248.2729      245.7205   595224    1.03%         x.12.25 N  20035  20034     19
  20239 10984      246.9346    35      248.2729      245.7323   601097    1.02%         x.25.18 D  20239  20238     29
  20423 11054      246.0798    38      248.2729      245.7412   606500    1.02%         x.28.29 N  20423  20422     26
  20610 11110      246.6339    36      248.2729      245.7500   612610    1.02%         x.19.19 N  20610  20609     19
  21410 11366      247.2255    42      248.2729      245.7963   636072    1.00%          x.1.21 N  21410  21409     22
Elapsed time = 63.05 sec. (92228.68 ticks, tree = 263.45 MB, solutions = 10)
  22150 11592      246.3727    37      248.2729      245.8407   658938    0.98%          x.3.15 N  22150  22149     27
  22894 11834      247.3802    32      248.2729      245.8801   681542    0.96%         x.24.29 N  22894  22893     18
  23660 12055      246.7478    41      248.2729      245.9240   703839    0.95%          x.3.20 N  23660   8316     14
* 23698 11095      integral     0      248.0285      245.9254   704884    0.85%          x.17.3 D  23698  23697     34
  24457 11258      247.2106    47      248.0285      245.9777   727034    0.83%          x.1.20 N  24457  14623     22
  25228 11402        cutoff            248.0285      246.0278   748277    0.81%           x.1.3 U  25228   3372     22
  25976 11531      247.0827    39      248.0285      246.0762   770238    0.79%         x.20.13 N  25976   2597     25
  26733 11663      246.8559    34      248.0285      246.1138   791737    0.77%         x.25.23 N  26733  16793     32
  27493 11762      247.1247    35      248.0285      246.1475   813564    0.76%         x.25.23 N  27493  27492     15
  28243 11847        cutoff            248.0285      246.1925   834576    0.74%          x.1.21 D  28243  28241     25
Elapsed time = 86.12 sec. (126759.88 ticks, tree = 288.91 MB, solutions = 11)
  29010 11898      247.9445    42      248.0285      246.2377   856175    0.72%         x.28.29 N  29010  12235     25
  29771 11964      246.9163    31      248.0285      246.2768   876717    0.71%         x.25.23 N  29771  29770     16
  30560 12052      247.4706    46      248.0285      246.3189   897377    0.69%          x.7.10 N  30560  30558     25
  31334 12090      247.3287    38      248.0285      246.3555   917820    0.67%          x.3.20 N  31334  31333     13
  32097 12145      246.8734    49      248.0285      246.3917   938241    0.66%          x.3.15 N  32097  32096     16
  32852 12157      246.5259    42      248.0285      246.4247   958705    0.65%         x.20.13 N  32852  17248     22
  33620 12228        cutoff            248.0285      246.4533   978688    0.64%         x.18.14 D  33620  33618     41
  34383 12221      247.1018    27      248.0285      246.4903   999338    0.62%         x.26.14 N  34383  34381     27
  35149 12251      246.6280    45      248.0285      246.5185  1019761    0.61%         x.20.13 N  35149    659     12
  35912 12230      248.0094    31      248.0285      246.5497  1039419    0.60%         x.10.10 N  35912  35910     23
Elapsed time = 111.20 sec. (164946.38 ticks, tree = 310.94 MB, solutions = 11)
  36668 12202        cutoff            248.0285      246.5826  1058658    0.58%          x.8.10 U  36668   8608     23
  37419 12197      247.1140    45      248.0285      246.6108  1078732    0.57%         x.18.14 N  37419  23842     21
  38173 12183      247.4914    32      248.0285      246.6451  1098525    0.56%         x.26.21 N  38173  18940     16
  38950 12072      246.9830    42      248.0285      246.6824  1118248    0.54%         x.25.23 N  38950  13955     19
  39760 11892      247.2590    36      248.0285      246.7205  1137986    0.53%         x.25.23 N  39760   1370     15
  40519 11801      247.5521    40      248.0285      246.7517  1156619    0.51%          x.7.10 N  40519  40518     30
  41276 11707        cutoff            248.0285      246.7817  1175947    0.50%         x.25.23 U  41276  41274     24
  42044 11599      247.9378    39      248.0285      246.8146  1194862    0.49%         x.26.21 N  42044  42043     23
  42830 11464      247.5049    44      248.0285      246.8469  1213580    0.48%         x.25.23 N  42830  42829     26
  43622 11280      247.4713    42      248.0285      246.8802  1231952    0.46%         x.26.21 N  43622  36946     18
Elapsed time = 136.97 sec. (203140.64 ticks, tree = 296.01 MB, solutions = 11)
  44439 11055        cutoff            248.0285      246.9154  1250298    0.45%          x.1.11 U  44439  44437     18
  45220 10863      247.9106    39      248.0285      246.9464  1268296    0.44%          x.3.11 N  45220  45219     21
  46003 10645      247.8367    42      248.0285      246.9782  1286656    0.42%         x.18.14 N  46003  46002     20
  46798 10440      247.7419    32      248.0285      247.0119  1305047    0.41%         x.25.23 N  46798   5729     17
  47691 10136      247.8633    31      248.0285      247.0500  1323773    0.39%          x.7.10 N  47691  47690     21
  48552  9829        cutoff            248.0285      247.0900  1342837    0.38%          x.14.6 D  48552  48551     25
  49477  9421      247.7286    35      248.0285      247.1323  1361600    0.36%         x.25.21 N  49477  20849     17
  50381  9053      247.7806    27      248.0285      247.1736  1380247    0.34%          x.14.6 N  50381  24582     21
  51317  8623        cutoff            248.0285      247.2175  1398359    0.33%         x.25.21 U  51317  39731     30
  52278  8089      247.9499    35      248.0285      247.2679  1416014    0.31%         x.20.13 N  52278  13606     19
Elapsed time = 163.62 sec. (241331.28 ticks, tree = 217.61 MB, solutions = 11)
  53294  7434        cutoff            248.0285      247.3307  1432313    0.28%          x.3.15 U  53294  14854     15
  54328  6771        cutoff            248.0285      247.3907  1448199    0.26%          x.3.20 U  54328  36565     27
  55427  5973        cutoff            248.0285      247.4558  1462536    0.23%          x.14.6 U  55427  37069     24
  56562  5058        cutoff            248.0285      247.5305  1475911    0.20%         x.28.29 U  56562  32512     21
  57733  4116        cutoff            248.0285      247.6099  1488420    0.17%         x.19.19 U  57733  57731     18
  59033  2948        cutoff            248.0285      247.7163  1497806    0.13%         x.28.12 D  59033  59031     21
  60464  1587        cutoff            248.0285      247.8459  1504985    0.07%         x.28.12 D  60464  24043     20
  61991    81        cutoff            248.0285      248.0166  1509382    0.00%          x.3.11 U  61991   8519     25

Gomory fractional cuts applied:  14
User cuts applied:  3968

Root node processing (before b&c):
  Real time             =    0.05 sec. (46.26 ticks)
Sequential b&c:
  Real time             =  186.00 sec. (272119.32 ticks)
                          ------------
Total (root+branch&cut) =  186.05 sec. (272165.59 ticks)

Solution status: 101
Objective value:  2.4802846971e+02
Solution status is CPX_STAT_OPTIMAL
Node: 62073
