proble size: m = 5 , n = 5 , seed = 7 
Benders' cuts separated to cut off: Only integer infeasible solutions.
seed = 7
Version identifier: 20.1.0.0 | 2020-11-10 | 9bedb6d68
CPXPARAM_Threads                                 1
CPXPARAM_RandomSeed                              7
CPXPARAM_MIP_Strategy_CallbackReducedLP          0
CPXPARAM_MIP_Strategy_Search                     1
CPXPARAM_TimeLimit                               3600
CPXPARAM_MIP_Tolerances_AbsMIPGap                0
CPXPARAM_MIP_Tolerances_MIPGap                   0
Legacy callback                                  L
Tried aggregator 1 time.
Reduced MIP has 40 rows, 1640 columns, and 1600 nonzeros.
Reduced MIP has 1600 binaries, 0 generals, 0 SOSs, and 0 indicators.
Presolve time = 0.00 sec. (0.63 ticks)
Probing time = 0.00 sec. (2.48 ticks)
Clique table members: 40.
MIP emphasis: balance optimality and feasibility.
MIP search method: traditional branch-and-cut.
Parallel mode: none, using 1 thread.
Root relaxation solution time = 0.00 sec. (0.34 ticks)

        Nodes                                         Cuts/
   Node  Left     Objective  IInf  Best Integer    Best Bound    ItCnt     Gap         Variable B NodeID Parent  Depth

      0     0        0.0000    26                      0.0000        0         
*     0+    0                         1018.9473        0.0000           100.00%
*     0+    0                          872.3544        0.0000           100.00%
      0     0      182.8557    49      872.3544     Fract: 22      100   79.04%
*     0+    0                          704.0829      182.8557            74.03%
      0     0      226.4307    59      704.0829     Fract: 12      147   67.84%
*     0+    0                          476.6238      226.4307            52.49%
*     0+    0                          392.5951      226.4307            42.32%
      0     2      283.0069    62      392.5951      283.0201      147   27.91%                        0             0
Elapsed time = 0.07 sec. (75.31 ticks, tree = 0.01 MB, solutions = 5)
*    40+   40                          332.6180      283.9929            14.62%
    166   168      321.7591    26      332.6180      283.9929     1029   14.62%          x.24.6 D    166    165    132
    440   420      323.9387    26      332.6180      284.0280     2307   14.61%         x.31.22 D    440    439    182
    820   777      300.6967    39      332.6180      284.5019     4231   14.47%         x.38.10 D    820    819     69
   1274  1211      299.0389    50      332.6180      285.0554     6139   14.30%         x.29.27 U   1274   1273     96
   1750  1667      304.1064    48      332.6180      285.5737     8564   14.14%         x.18.16 D   1750   1749     64
   2298  2183      287.6289    52      332.6180      285.6155    11278   14.13%         x.26.17 D   2298   2297     17
   2847  2704      324.1363    33      332.6180      285.7506    14277   14.09%          x.7.25 D   2847   2846    133
   3438  3255      308.5982    45      332.6180      285.8894    17001   14.05%         x.30.31 U   3438   3437     87
   4000  3790      293.0157    47      332.6180      285.9739    19748   14.02%         x.32.14 D   4000   3998     32
   6357  6026      321.9787    45      332.6180      286.1689    31270   13.96%          x.30.7 D   6357   6356    153
Elapsed time = 2.96 sec. (3182.05 ticks, tree = 15.32 MB, solutions = 6)
   8637  8214      319.9710    44      332.6180      286.2317    42119   13.95%          x.30.7 D   8637   8635    118
*  9870+ 8467                          328.0959      286.3413            12.73%
  10703  9261      287.7535    54      328.0959      286.3713    52533   12.72%         x.17.22 U  10703   2886      9
  13261 11701      292.8443    49      328.0959      286.5301    65400   12.67%         x.16.10 D  13261  13260     44
* 14800+10778                          321.5392      286.5917            10.87%
* 14890+ 9182                          317.1347      286.6105             9.63%
* 15100+ 7609                          311.6716      286.6137             8.04%
  15340  7832      293.7520    47      311.6716      286.6225    76100    8.04%          x.6.27 D  15340  15339     11
  17574  9940      295.6569    56      311.6716      286.8473    87989    7.96%          x.36.7 D  17574  17573     18
  19936 12135      303.2975    47      311.6716      287.0110   100994    7.91%          x.13.3 D  19936  19935     80
  22278 14344      306.7804    50      311.6716      287.1712   113975    7.86%          x.20.3 D  22278  22277    111
* 24250+14478                          308.0368      287.2521             6.75%
  24500 14714      299.0272    47      308.0368      287.2631   125725    6.74%          x.25.7 D  24500  24499     66
  26559 16570      293.3347    47      308.0368      287.3919   137367    6.70%          x.23.7 D  26559  26558     28
  28808 18633      303.8108    37      308.0368      287.5394   150217    6.65%          x.6.10 D  28808  28807     77
Elapsed time = 12.13 sec. (12723.52 ticks, tree = 51.33 MB, solutions = 11)
* 30000+18443                          306.2023      287.5825             6.08%
  30852 19241      293.3374    49      306.2023      287.6148   161013    6.07%         x.28.21 U  30852   1399      7
  33120 21265      294.3236    49      306.2023      287.7493   173226    6.03%          x.29.7 D  33120  33119     46
  35419 23355      292.4549    56      306.2023      287.8433   185824    6.00%         x.28.27 D  35419  35418     31
  37760 25447      292.5145    52      306.2023      287.9404   198030    5.96%         x.25.35 D  37760  37759     13
  40119 27580      299.4960    47      306.2023      288.0518   210294    5.93%          x.3.35 D  40119  40118     61
  42423 29647      292.0643    50      306.2023      288.1575   222816    5.89%          x.6.27 D  42423  42422     15
  44765 31715      294.2394    45      306.2023      288.2718   235687    5.86%         x.39.22 D  44765  44764     33
  47064 33769      301.1332    47      306.2023      288.3636   247774    5.83%         x.16.37 D  47064  47063     89
  49386 35868      294.2137    54      306.2023      288.4386   260386    5.80%         x.22.15 D  49386  49385     36
  51698 37969      293.1508    46      306.2023      288.5239   272678    5.77%          x.0.27 D  51698  51697     29
Elapsed time = 21.30 sec. (22263.18 ticks, tree = 106.33 MB, solutions = 12)
  54000 40026      293.5888    45      306.2023      288.6197   285319    5.74%         x.23.27 D  54000  53999     23
  56289 42036      296.5611    48      306.2023      288.6935   297778    5.72%          x.17.7 D  56289  56288     45
  58537 44021      296.0701    52      306.2023      288.8061   310497    5.68%          x.8.27 U  58537  58534     31
  60808 45997      294.7391    46      306.2023      288.9056   322846    5.65%         x.29.15 D  60808  60807     33
  63060 47959      295.6078    47      306.2023      289.0445   335677    5.60%          x.6.27 D  63060  63059     46
  65361 49964      294.6991    54      306.2023      289.1660   348143    5.56%         x.37.15 U  65361  65359     23
  67646 51963      305.0020    48      306.2023      289.2428   360629    5.54%         x.16.22 D  67646  67645     53
  69870 53890      293.5030    51      306.2023      289.3376   372890    5.51%         x.11.10 D  69870  69869     27
  72138 55894      299.3661    42      306.2023      289.4471   385325    5.47%           x.2.7 D  72138  72137     58
  74351 57827      301.6206    50      306.2023      289.5501   397843    5.44%         x.18.15 N  74351  74348     26
Elapsed time = 30.54 sec. (31811.10 ticks, tree = 161.31 MB, solutions = 12)
  76591 59771      296.2406    42      306.2023      289.6109   410276    5.42%         x.10.15 D  76591  76590     19
  78857 61721      294.8048    49      306.2023      289.6903   422594    5.39%         x.24.35 D  78857  78856     50
  81100 63584      303.9594    45      306.2023      289.7731   434875    5.37%           x.2.7 D  81100  81099     62
  83320 65415      292.9709    58      306.2023      289.8523   447313    5.34%         x.29.27 D  83320  83319     22
  85568 67324      299.3047    47      306.2023      289.9282   459784    5.31%          x.3.22 D  85568  85567     76
  87820 69314      299.3571    44      306.2023      290.0008   472168    5.29%         x.38.27 D  87820  87819     57
  90041 71220      301.3033    41      306.2023      290.0567   484192    5.27%         x.28.27 D  90041  90040     70
  92311 73128      302.0985    48      306.2023      290.1070   496225    5.26%         x.31.22 D  92311  92310     46
  94590 75068      301.8962    45      306.2023      290.1641   508680    5.24%         x.20.35 D  94590  94589     38
  96878 76947      293.8166    49      306.2023      290.2421   520817    5.21%         x.23.35 D  96878  96877     29
Elapsed time = 39.86 sec. (41352.44 ticks, tree = 217.05 MB, solutions = 12)
  99119 78882      295.8962    40      306.2023      290.2865   532675    5.20%         x.23.35 D  99119  99118     31
 101382 80811      300.8343    45      306.2023      290.3250   544717    5.19%         x.30.22 D 101382 101381     79
 103625 82766      302.3360    47      306.2023      290.3569   556925    5.17%          x.37.7 D 103625 103624     65
 105857 84678      301.9624    49      306.2023      290.3962   569501    5.16%          x.15.3 D 105857 105856     84
 108140 86666      303.4389    49      306.2023      290.4267   581935    5.15%          x.23.3 D 108140 108139     76
 110399 88570      294.1252    55      306.2023      290.4574   594069    5.14%         x.28.27 D 110399 110398     33
 112721 90545      303.7927    37      306.2023      290.4937   606286    5.13%          x.11.7 D 112721 112720     63
 114999 92504      293.4777    57      306.2023      290.5222   618255    5.12%         x.28.27 D 114999 114998     36
 117326 94475      296.4866    50      306.2023      290.5582   630453    5.11%          x.16.7 D 117326 117325     48
 119609 96405      294.0966    55      306.2023      290.5878   642952    5.10%         x.11.27 D 119609 119608     17
Elapsed time = 49.22 sec. (50891.72 ticks, tree = 270.87 MB, solutions = 12)
 121852 98359      294.3485    54      306.2023      290.6069   655356    5.09%         x.20.35 D 121852 121851     44
 124090 100267      291.9065    48      306.2023      290.6330   667788    5.08%         x.39.10 D 124090 124089     18
 126373 102225      295.4039    54      306.2023      290.6623   680634    5.08%         x.18.15 D 126373 126372     39
 128640 104179      295.5808    54      306.2023      290.6850   692764    5.07%         x.22.15 D 128640 128637     25
 130890 106065      292.3727    48      306.2023      290.7170   705206    5.06%         x.11.27 D 130890 130889     26
 133203 108038      293.3864    48      306.2023      290.7374   717489    5.05%         x.26.35 D 133203 133202     17
 135460 109964      297.1542    51      306.2023      290.7580   729687    5.04%         x.11.27 D 135460 135459     31
 137689 111846      298.4829    45      306.2023      290.7828   742130    5.04%         x.26.35 D 137689 137688     49
*137820+110899                          305.8772      290.7842             4.93%
 139555 112394      291.7415    48      305.8772      290.8007   752297    4.93%         x.35.35 D 139555 139554     18
 141810 114260      302.4534    51      305.8772      290.8192   764406    4.92%          x.20.7 D 141810 141809     62
Elapsed time = 58.63 sec. (60433.02 ticks, tree = 320.25 MB, solutions = 13)
 144123 116183      300.4400    48      305.8772      290.8447   776452    4.91%          x.15.7 D 144123 144122     58
 146356 118019      294.4067    57      305.8772      290.8703   788878    4.91%         x.24.35 D 146356 146355     31
 148572 119875      293.9550    52      305.8772      290.8903   801241    4.90%          x.1.35 D 148572 148571     24
 150825 121790      290.9381    57      305.8772      290.9078   813398    4.89%         x.17.22 D 150825  92779      9
 153067 123689      295.7262    48      305.8772      290.9231   825599    4.89%         x.36.35 D 153067 153066     42
 155320 125553      294.4037    53      305.8772      290.9439   837772    4.88%         x.37.15 D 155320 155319     28
 157600 127440      300.4710    45      305.8772      290.9621   850036    4.88%         x.22.35 D 157600 157599     62
 159910 129382      301.5383    47      305.8772      290.9814   862322    4.87%          x.34.3 D 159910 159909     83
 162221 131334      303.1188    49      305.8772      290.9964   874318    4.86%         x.11.10 D 162221 162220     19
 164439 133215      294.4392    56      305.8772      291.0102   886845    4.86%         x.38.27 D 164439 164438     26
Elapsed time = 67.98 sec. (69972.35 ticks, tree = 375.63 MB, solutions = 13)
 166717 135135      296.6542    44      305.8772      291.0265   898795    4.86%         x.32.15 D 166717 166716     57
 168977 137038      298.7047    52      305.8772      291.0435   911217    4.85%           x.4.7 D 168977 168976     42
 171238 138943      292.1503    57      305.8772      291.0577   923464    4.84%         x.10.15 D 171238 171237     17
 173510 140851      295.7392    55      305.8772      291.0724   935537    4.84%         x.39.35 D 173510 173509     38
 175785 142758      302.1430    47      305.8772      291.0865   947615    4.84%          x.22.3 D 175785 175784     82
 178003 144603      304.4266    46      305.8772      291.1047   959759    4.83%          x.8.27 D 178003 178002     33
 180253 146449      294.9728    53      305.8772      291.1211   971934    4.82%         x.26.35 D 180253 180252     27
 182481 148335      298.6835    50      305.8772      291.1321   984084    4.82%          x.12.7 D 182481 182480     54
 184723 150243      296.9178    44      305.8772      291.1445   996103    4.82%          x.6.10 D 184723 184722     45
 186995 152155      292.8164    53      305.8772      291.1588  1008351    4.81%         x.10.15 D 186995 186994     25
Elapsed time = 77.35 sec. (79510.81 ticks, tree = 428.00 MB, solutions = 13)
 189258 153990      302.4811    48      305.8772      291.1748  1020379    4.81%          x.22.3 D 189258 189257     77
 191516 155855      296.6120    47      305.8772      291.1886  1032494    4.80%         x.24.39 U 191516   2747     34
 193764 157683      296.7768    53      305.8772      291.2041  1044550    4.80%          x.1.35 D 193764 193763     33
 196010 159454      300.5999    38      305.8772      291.2189  1056620    4.79%          x.30.7 D 196010 196009     64
 198280 161293      303.3185    47      305.8772      291.2288  1068490    4.79%         x.28.32 U 198280 198279     78
 200530 163137      295.3298    51      305.8772      291.2439  1080096    4.78%         x.29.27 D 200530 200529     31
 202802 165019      295.9560    55      305.8772      291.2598  1092003    4.78%         x.26.27 D 202802 202801     30
 205084 166938      304.7398    44      305.8772      291.2707  1104086    4.78%          x.29.3 D 205084 205083     82
 207344 168805      301.3133    53      305.8772      291.2842  1116207    4.77%          x.37.7 D 207344 207343     65
 216379 176142      294.0258    54      305.8772      291.3339  1164405    4.75%         x.26.27 D 216379 216378     28
Elapsed time = 89.49 sec. (91911.41 ticks, tree = 496.04 MB, solutions = 13)
 225400 183574      297.4040    50      305.8772      291.3773  1213645    4.74%         x.37.10 D 225400 225399     44
 234270 190839      298.4293    61      305.8772      291.4217  1262411    4.73%           x.2.7 D 234270 234269     59
 243350 198177      293.9958    53      305.8772      291.4593  1312224    4.71%          x.9.15 D 243350 243349     21
 252370 205451      292.0751    56      305.8772      291.4965  1361559    4.70%         x.37.15 U 252370 129135     18
 261332 212780      303.7951    52      305.8772      291.5309  1410192    4.69%          x.28.3 D 261332 261331     79
 270253 220002      292.1952    48      305.8772      291.5642  1458911    4.68%          x.2.22 U 270253 219368     22
 279261 227167      305.5316    47      305.8772      291.5985  1507191    4.67%         x.39.10 D 279261 279260     24
 288007 234106      303.4849    47      305.8772      291.6333  1556244    4.66%         x.18.15 D 288007 288006     22
 297060 241352      292.0986    52      305.8772      291.6637  1604515    4.65%         x.32.15 D 297060 297059     23
 306057 248600      296.7369    50      305.8772      291.6934  1653389    4.64%         x.16.22 D 306057 306056     58
Elapsed time = 127.08 sec. (130061.97 ticks, tree = 700.90 MB, solutions = 13)
 315027 255774      298.3392    49      305.8772      291.7252  1702256    4.63%         x.33.35 D 315027 315026     38
 324000 262901      299.1130    50      305.8772      291.7572  1750669    4.62%         x.31.22 D 324000 323999     49
 333011 270130      292.0168    58      305.8772      291.7851  1799477    4.61%         x.26.35 D 333011 333010     21
 342076 277372      303.8980    55      305.8772      291.8108  1848447    4.60%          x.14.7 D 342076 342075     71
 350920 284365      304.1056    53      305.8772      291.8388  1897858    4.59%           x.7.7 D 350920 350919     62
 359964 291569      297.4481    51      305.8772      291.8674  1946740    4.58%         x.33.35 D 359964 359963     38
 368840 298501      293.9279    53      305.8772      291.8947  1995440    4.57%         x.27.15 N 368840 368839     26
 377890 305562      295.2207    52      305.8772      291.9174  2044236    4.56%         x.39.35 D 377890 377889     24
 386868 312663      303.8806    46      305.8772      291.9401  2093011    4.56%         x.36.15 D 386868 386866     20
 395764 319722      293.9059    51      305.8772      291.9654  2141915    4.55%         x.24.10 U 395764  53867     20
Elapsed time = 164.55 sec. (168220.80 ticks, tree = 900.53 MB, solutions = 13)
 404679 326582      301.7308    51      305.8772      291.9890  2190947    4.54%          x.15.7 D 404679 404678     66
 413620 333535      305.0177    48      305.8772      292.0110  2240205    4.53%         x.36.22 D 413620 413619     47
 422658 340568      303.4954    50      305.8772      292.0355  2288481    4.53%         x.39.10 D 422658 422657     39
 431620 347518      296.4577    45      305.8772      292.0582  2336812    4.52%         x.26.35 D 431620 431619     36
 440583 354420      296.9213    52      305.8772      292.0807  2385907    4.51%           x.4.7 D 440583 440582     50
 449594 361412      293.5945    52      305.8772      292.1036  2434293    4.50%         x.39.35 D 449594 449593     19
 458599 368269      296.1085    53      305.8772      292.1242  2482645    4.50%         x.24.15 D 458599 458598     40
 467613 375245      299.5830    48      305.8772      292.1456  2531846    4.49%          x.20.7 D 467613 467612     62
 476646 382150      296.7004    53      305.8772      292.1670  2580536    4.48%         x.16.10 D 476646 476645     38
 485651 388983      297.8298    52      305.8772      292.1865  2629441    4.48%         x.39.22 D 485651 485650     51
Elapsed time = 202.01 sec. (206369.08 ticks, tree = 1095.60 MB, solutions = 13)
 494620 395799      299.2586    45      305.8772      292.2053  2678696    4.47%         x.17.22 D 494620 494619     44
 503700 402638      296.7684    43      305.8772      292.2225  2727381    4.46%         x.39.35 D 503700 503699     40
 512681 409517      293.5728    51      305.8772      292.2401  2775638    4.46%         x.23.27 D 512681 512679     15
 521612 416303      300.4960    57      305.8772      292.2604  2823959    4.45%         x.29.15 D 521612 521611     41
 530675 423220      299.7100    47      305.8772      292.2772  2872433    4.45%         x.36.35 D 530675 530674     51
 539648 430035      304.7823    48      305.8772      292.2927  2921276    4.44%         x.29.27 D 539648 539647     22
 548540 436726      300.2490    47      305.8772      292.3100  2970303    4.44%         x.22.35 D 548540 548539     39
 557482 443508      301.1007    51      305.8772      292.3252  3018525    4.43%          x.20.7 D 557482 557481     63
 566468 450442      294.8986    55      305.8772      292.3390  3066993    4.43%          x.9.15 D 566468 566467     38
 575516 457306      299.4107    50      305.8772      292.3568  3115577    4.42%         x.36.22 D 575516 575515     60
Elapsed time = 239.22 sec. (244517.65 ticks, tree = 1288.80 MB, solutions = 13)
 584470 464011      294.3031    49      305.8772      292.3744  3164429    4.41%         x.29.27 U 584470 584467     28
 593310 470601      295.6336    56      305.8772      292.3893  3213298    4.41%         x.29.27 U 593310 593308     24
 602202 477323      304.4505    45      305.8772      292.4062  3261617    4.40%         x.23.35 D 602202 602201     33
 611046 483994      303.1718    50      305.8772      292.4211  3310745    4.40%          x.20.7 D 611046 611045     67
 619940 490650      293.7741    53      305.8772      292.4347  3359101    4.39%          x.3.10 D 619940 619939     25
 628870 497447      301.2757    49      305.8772      292.4485  3407478    4.39%         x.31.22 D 628870 628869     49
 637840 504163      305.5814    44      305.8772      292.4634  3455379    4.39%         x.26.13 D 637840 637839     86
 646870 511031      298.5922    49      305.8772      292.4768  3503935    4.38%         x.28.10 D 646870 646869     36
 655809 517776      301.3352    50      305.8772      292.4910  3551773    4.38%          x.32.7 D 655809 655808     66
 664819 524495      304.7893    49      305.8772      292.5058  3599703    4.37%          x.29.3 U 664819 664818     74
Elapsed time = 276.60 sec. (282671.04 ticks, tree = 1479.72 MB, solutions = 13)
 673747 531198      300.2642    57      305.8772      292.5200  3648558    4.37%          x.22.7 D 673747 673746     57
 682694 537928      292.7109    47      305.8772      292.5329  3696998    4.36%          x.1.35 D 682694 682693     20
 691521 544404      297.0136    58      305.8772      292.5461  3745565    4.36%         x.26.35 D 691521 691520     36
 700536 551264      294.8642    55      305.8772      292.5590  3793409    4.35%         x.22.15 D 700536 700535     24
 709509 557862      293.4763    56      305.8772      292.5729  3842663    4.35%         x.38.27 U 709509 239266     25
 718480 564392      300.3545    46      305.8772      292.5871  3891068    4.34%          x.30.7 D 718480 718479     60
 727411 571139      296.1555    55      305.8772      292.5998  3940275    4.34%         x.24.15 D 727411 727409     41
 736397 577796      305.3509    43      305.8772      292.6133  3988353    4.34%         x.36.27 D 736397 736396     74
 745396 584473      298.5401    54      305.8772      292.6269  4037124    4.33%          x.0.27 D 745396 745395     41
 754400 591163      305.2291    49      305.8772      292.6381  4086174    4.33%          x.11.7 D 754400 754399     61
Elapsed time = 314.03 sec. (320822.68 ticks, tree = 1670.23 MB, solutions = 13)
 763478 597772      296.0965    52      305.8772      292.6527  4134152    4.32%         x.27.15 U 763478 131482     28
 772463 604312      292.7339    54      305.8772      292.6663  4183069    4.32%         x.35.35 U 772463 222229     22
 781466 610971      300.6565    50      305.8772      292.6782  4231290    4.32%          x.6.10 D 781466 781465     63
 790402 617431      302.3047    52      305.8772      292.6907  4279534    4.31%           x.4.7 D 790402 790401     56
 799398 623984      295.2390    53      305.8772      292.7023  4327700    4.31%         x.37.15 D 799398 799397     37
 808415 630504      297.3134    45      305.8772      292.7149  4376016    4.30%         x.36.15 D 808415 808414     33
 817387 637120      294.9285    46      305.8772      292.7266  4424725    4.30%         x.11.27 D 817387 817386     30
 826350 643749      300.1172    52      305.8772      292.7383  4473197    4.30%         x.27.10 D 826350 826349     47
 835297 650170      304.2668    48      305.8772      292.7497  4522042    4.29%         x.24.10 D 835297 835296     67
 844372 656875      305.5350    39      305.8772      292.7617  4569901    4.29%          x.5.34 D 844372 844371     66
Elapsed time = 351.37 sec. (358972.12 ticks, tree = 1851.99 MB, solutions = 13)
 853270 663211      304.4752    41      305.8772      292.7724  4617680    4.28%          x.28.3 U 853270 853269     74
 862239 669732      295.2216    48      305.8772      292.7832  4666327    4.28%         x.13.27 D 862239 862238     25
 871233 676201      302.3514    45      305.8772      292.7952  4714490    4.28%         x.36.22 D 871233 871232     66
 880208 682642        cutoff            305.8772      292.8070  4762438    4.27%           x.7.7 U 880208 880206     63
 889176 689167      304.5307    43      305.8772      292.8183  4811032    4.27%          x.8.30 U 889176 889175     70
 898089 695588      303.1165    45      305.8772      292.8280  4859329    4.27%          x.23.7 D 898089 898087     29
 907090 702074      305.3285    36      305.8772      292.8410  4908399    4.26%         x.24.17 D 907090 907088     74
 916186 708645      295.2274    50      305.8772      292.8510  4956570    4.26%         x.39.35 D 916186 916185     30
 925120 715003      303.6926    54      305.8772      292.8612  5004587    4.26%         x.10.22 U 925120 925117     46
 934134 721457      297.9900    54      305.8772      292.8721  5052294    4.25%          x.7.27 D 934134 934133     34
Elapsed time = 388.59 sec. (397121.79 ticks, tree = 2037.98 MB, solutions = 13)
 942868 727817      301.4682    58      305.8772      292.8825  5099883    4.25%          x.15.7 D 942868 942867     65
 951200 733880      299.9975    52      305.8772      292.8919  5145616    4.25%         x.39.22 D 951200 951199     43
 959260 739713      302.8084    49      305.8772      292.9015  5188273    4.24%          x.22.7 D 959260 959259     61
 967330 745593      299.4191    54      305.8772      292.9102  5231879    4.24%         x.39.22 D 967330 967329     48
 975642 751513      294.3740    45      305.8772      292.9205  5276447    4.24%         x.25.35 D 975642 975641     22
 983868 757353      300.0290    50      305.8772      292.9300  5320726    4.23%          x.8.27 D 983868 983867     38
 992229 763260      297.9129    52      305.8772      292.9387  5364807    4.23%          x.2.22 D 992229 992228     44
 1000217 768925      300.1562    43      305.8772      292.9483  5408350    4.23%         x.18.15 D 1000217 1000216     31
 1008490 774734      300.5873    53      305.8772      292.9581  5452844    4.22%         x.28.10 D 1008490 1008489     42
 1016461 780354      302.3883    40      305.8772      292.9667  5495570    4.22%           x.4.7 D 1016461 1016460     50
Elapsed time = 445.62 sec. (435303.37 ticks, tree = 2196.89 MB, solutions = 13)
Nodefile size = 149.91 MB (75.00 MB after compression)
 1024719 786258      295.6542    50      305.8772      292.9755  5539465    4.22%         x.22.15 D 1024719 1024718     36
 1032948 792074      297.6187    56      305.8772      292.9856  5582748    4.21%         x.23.27 D 1032948 1032947     38
 1041015 797704      293.1388    57      305.8772      292.9948  5625841    4.21%         x.18.15 U 1041015 588733     26
 1049069 803573      304.3918    47      305.8772      293.0028  5669518    4.21%         x.33.35 N 1049069 1049068     24
 1057181 809334      301.0512    53      305.8772      293.0124  5713541    4.21%         x.10.22 D 1057181 1057180     51
 1065500 815198      296.1323    43      305.8772      293.0217  5758472    4.20%         x.27.15 D 1065500 1065499     36
 1073558 820945      301.7444    42      305.8772      293.0314  5802170    4.20%         x.24.15 U 1073558 992818     32
 1081710 826716        cutoff            305.8772      293.0404  5845908    4.20%         x.16.27 U 1081710 1081708     41
 1089760 832379        cutoff            305.8772      293.0487  5889306    4.19%         x.35.10 U 1089760 1089758     37
 1098031 838297      298.4480    55      305.8772      293.0577  5933720    4.19%         x.18.35 D 1098031 1098030     37
Elapsed time = 504.05 sec. (473452.46 ticks, tree = 2353.00 MB, solutions = 13)
Nodefile size = 305.83 MB (151.45 MB after compression)
 1106295 844031      299.5618    47      305.8772      293.0674  5977977    4.19%         x.10.22 D 1106295 1106294     53
 1114388 849724      303.1958    50      305.8772      293.0765  6021798    4.18%         x.16.27 D 1114388 1114387     56
 1122710 855620      297.0549    48      305.8772      293.0856  6065867    4.18%         x.39.10 D 1122710 1122709     38
 1130877 861348      299.7594    57      305.8772      293.0947  6110806    4.18%          x.27.7 D 1130877 1130876     59
 1139025 867062      295.7366    51      305.8772      293.1044  6154527    4.18%         x.26.27 D 1139025 1139024     25
 1146575 872359      295.6496    47      305.8772      293.1112  6196324    4.17%         x.22.15 D 1146575 1146574     38
 1154419 877919      296.3055    49      305.8772      293.1189  6238839    4.17%         x.14.27 D 1154419 1154418     31
 1162531 883529      302.4915    58      305.8772      293.1273  6282463    4.17%         x.11.27 D 1162531 1162530     35
 1170558 889285      299.4645    51      305.8772      293.1349  6326564    4.17%           x.7.7 D 1170558 1170557     58
 1178438 894786      294.5976    49      305.8772      293.1427  6370317    4.16%         x.24.15 U 1178438 479233     28
Elapsed time = 562.18 sec. (511606.70 ticks, tree = 2505.22 MB, solutions = 13)
Nodefile size = 457.76 MB (224.01 MB after compression)
 1186620 900473      303.7902    51      305.8772      293.1517  6413769    4.16%         x.14.27 D 1186620 1186619     63
 1194631 906115      296.2736    55      305.8772      293.1592  6456987    4.16%         x.36.15 D 1194631 1194630     38
 1202668 911679      301.2543    47      305.8772      293.1673  6500411    4.16%         x.14.27 D 1202668 1202667     47
 1210808 917399      302.8900    51      305.8772      293.1749  6544384    4.15%         x.39.22 D 1210808 1210807     50
 1218886 922920      300.3352    54      305.8772      293.1840  6587426    4.15%         x.35.10 D 1218886 1218885     46
 1227150 928620      304.1029    53      305.8772      293.1927  6632080    4.15%         x.24.15 D 1227150 1227149     21
 1235350 934295      293.9941    54      305.8772      293.2012  6676662    4.14%         x.18.15 D 1235350 1235349     18
 1243210 939785      303.7744    48      305.8772      293.2083  6719179    4.14%         x.29.27 D 1243210 1243209     27
 1251488 945480      298.1885    45      305.8772      293.2161  6763550    4.14%           x.4.7 D 1251488 1251487     48
 1259474 950996      303.3057    44      305.8772      293.2245  6806707    4.14%         x.15.35 D 1259474 1259473     63
Elapsed time = 620.84 sec. (549780.86 ticks, tree = 2656.66 MB, solutions = 13)
Nodefile size = 609.69 MB (294.90 MB after compression)
 1267380 956436      295.4475    51      305.8772      293.2323  6849690    4.13%         x.38.27 D 1267380 1267379     40
 1275382 962095      304.6200    33      305.8772      293.2397  6893513    4.13%          x.5.34 D 1275382 1275381     60
 1283480 967702      301.1757    45      305.8772      293.2471  6937483    4.13%          x.32.7 D 1283480 1283479     59
 1291436 973294      297.8102    49      305.8772      293.2544  6981303    4.13%          x.11.7 D 1291436 1291435     52
 1299415 978830      304.0638    44      305.8772      293.2618  7024331    4.12%          x.16.7 D 1299415 1299414     52
 1307680 984519      303.7109    41      305.8772      293.2701  7069206    4.12%         x.32.22 D 1307680 1307679     74
 1315681 990009      300.1404    49      305.8772      293.2777  7112942    4.12%         x.22.35 D 1315681 1315680     43
 1323751 995520      296.0937    49      305.8772      293.2851  7156966    4.12%         x.35.35 D 1323751 1323750     33
 1331837 1001181      304.3872    50      305.8772      293.2923  7201290    4.11%          x.9.15 D 1331837 1331836     37
 1339900 1006768      294.6496    53      305.8772      293.3011  7246155    4.11%         x.32.15 D 1339900 1339899     21
Elapsed time = 679.72 sec. (587930.87 ticks, tree = 2806.96 MB, solutions = 13)
Nodefile size = 759.61 MB (363.42 MB after compression)
 1347867 1012194      295.3505    55      305.8772      293.3087  7289415    4.11%         x.11.10 D 1347867 1347866     47
 1355940 1017774      298.6257    54      305.8772      293.3172  7333870    4.11%          x.9.15 D 1355940 1355939     35
 1364000 1023390      301.8260    47      305.8772      293.3243  7377637    4.10%          x.20.7 D 1364000 1363999     60
 1371937 1028794      305.6605    52      305.8772      293.3315  7420927    4.10%         x.17.22 U 1371937 1371935     56
 1379794 1034341      299.5726    54      305.8772      293.3392  7463686    4.10%         x.31.22 D 1379794 1379793     52
 1387686 1039867      302.7912    53      305.8772      293.3453  7506812    4.10%         x.36.22 D 1387686 1387685     55
 1395600 1045270      302.8193    54      305.8772      293.3520  7549300    4.09%          x.11.7 D 1395600 1395599     55
 1403589 1050834      303.0113    47      305.8772      293.3584  7591888    4.09%          x.22.7 D 1403589 1403588     60
 1411790 1056500      300.2923    45      305.8772      293.3654  7636242    4.09%          x.8.27 D 1411790 1411789     31
 1419740 1061941      303.7500    33      305.8772      293.3727  7678633    4.09%          x.30.7 D 1419740 1419739     73
Elapsed time = 738.64 sec. (626090.34 ticks, tree = 2955.62 MB, solutions = 13)
Nodefile size = 908.52 MB (430.24 MB after compression)
 1427608 1067275      297.6168    53      305.8772      293.3798  7721565    4.09%          x.6.27 D 1427608 1427607     30
 1435654 1072680      293.6539    56      305.8772      293.3876  7765898    4.08%         x.29.27 U 1435654 845042     12
 1443721 1078215      295.5784    52      305.8772      293.3936  7809654    4.08%         x.11.10 D 1443721 1443720     39
 1451848 1083679      302.7567    44      305.8772      293.4008  7854148    4.08%         x.20.35 D 1451848 1451847     45
 1459950 1089129      303.2653    49      305.8772      293.4089  7898661    4.08%           x.2.7 D 1459950 1459949     63
 1468020 1094537      304.5760    50      305.8772      293.4167  7941967    4.07%         x.23.35 D 1468020 1468019     36
 1476055 1099897      303.3092    40      305.8772      293.4232  7986056    4.07%          x.36.3 U 1476055 1476054     68
 1483791 1105129      300.1069    59      305.8772      293.4302  8029024    4.07%         x.29.15 U 1483791 1483789     43
 1491989 1110669      300.3223    49      305.8772      293.4380  8073182    4.07%          x.23.7 D 1491989 1491988     50
 1500005 1116020      295.9766    52      305.8772      293.4453  8116390    4.06%         x.36.15 D 1500005 1500004     38
Elapsed time = 797.76 sec. (664288.75 ticks, tree = 3101.37 MB, solutions = 13)
Nodefile size = 1053.43 MB (494.04 MB after compression)
 1508043 1121430      301.8008    54      305.8772      293.4521  8160221    4.06%         x.20.35 D 1508043 1508042     46
 1515994 1126875      293.7536    53      305.8772      293.4591  8204264    4.06%         x.25.35 D 1515994 1515993     26
 1524026 1132359      297.6356    48      305.8772      293.4660  8247290    4.06%           x.4.7 D 1524026 1524025     47
 1532299 1137969      295.9177    49      305.8772      293.4736  8292708    4.06%          x.8.27 D 1532299 1532298     31
 1540233 1143375      297.5577    43      305.8772      293.4801  8335818    4.05%         x.30.10 D 1540233 1540232     42
 1548501 1149050      297.0855    53      305.8772      293.4872  8380177    4.05%         x.27.10 D 1548501 1548500     49
 1556450 1154476      303.2615    45      305.8772      293.4934  8423545    4.05%          x.3.35 D 1556450 1556449     60
 1564569 1160021      299.9326    51      305.8772      293.5001  8467730    4.05%         x.17.22 D 1564569 1564568     44
 1572515 1165332      298.2604    51      305.8772      293.5072  8510748    4.04%         x.29.15 D 1572515 1572514     38
 1580459 1170786      304.9315    45      305.8772      293.5135  8554146    4.04%         x.25.35 D 1580459 1580458     32
Elapsed time = 857.46 sec. (702523.87 ticks, tree = 3248.95 MB, solutions = 13)
Nodefile size = 1201.34 MB (558.15 MB after compression)
 1588405 1176124      304.9045    40      305.8772      293.5207  8597776    4.04%          x.39.9 U 1588405 1588404     76
 1596562 1181545      303.7766    44      305.8772      293.5266  8642860    4.04%         x.36.22 D 1596562 1596561     63
 1604693 1187143      299.4787    52      305.8772      293.5325  8686899    4.04%         x.11.10 D 1604693 1604692     23
 1612507 1192444      300.8338    46      305.8772      293.5390  8728920    4.03%          x.2.22 D 1612507 1612506     39
 1620603 1197861      303.5152    55      305.8772      293.5460  8773149    4.03%         x.38.27 D 1620603 1620602     34
 1628491 1203223      298.4762    50      305.8772      293.5525  8816738    4.03%          x.27.7 D 1628491 1628490     49
 1636761 1208917      296.2590    47      305.8772      293.5589  8862077    4.03%          x.6.27 D 1636761 1636760     39
 1644610 1214216      297.5857    54      305.8772      293.5659  8904252    4.02%         x.23.27 D 1644610 1644609     40
 1652800 1219830      303.4931    50      305.8772      293.5717  8949188    4.02%         x.16.22 D 1652800 1652799     62
 1661002 1225397      299.4398    56      305.8772      293.5779  8993452    4.02%          x.1.22 U 1661002   5495     43
Elapsed time = 917.53 sec. (740719.88 ticks, tree = 3396.11 MB, solutions = 13)
Nodefile size = 1348.26 MB (620.75 MB after compression)
 1669067 1230906      295.3730    57      305.8772      293.5839  9036543    4.02%         x.27.15 D 1669067 1669066     37
 1677158 1236246      298.3732    43      305.8772      293.5904  9080361    4.02%          x.6.27 D 1677158 1677157     30
 1685111 1241519      302.6690    47      305.8772      293.5965  9123571    4.01%         x.36.15 D 1685111 1685110     27
 1693090 1246842      296.4579    52      305.8772      293.6026  9167758    4.01%         x.25.35 D 1693090 1693089     34
 1700989 1252238      304.5444    43      305.8772      293.6089  9210713    4.01%         x.26.35 U 1700989 265287     27
 1709079 1257640      296.1843    51      305.8772      293.6157  9255092    4.01%         x.11.27 D 1709079 1709078     31
 1717020 1262987      294.3019    56      305.8772      293.6216  9298989    4.01%         x.38.27 D 1717020 1717018     40
 1725033 1268318      303.1961    54      305.8772      293.6280  9342475    4.00%          x.39.7 D 1725033 1725032     59
 1733060 1273774      295.2510    52      305.8772      293.6332  9386404    4.00%         x.26.27 D 1733060 1733059     22
 1740717 1278853      294.5914    58      305.8772      293.6390  9428311    4.00%         x.11.27 D 1740717 1740716     32
Elapsed time = 977.22 sec. (778888.90 ticks, tree = 3540.15 MB, solutions = 13)
Nodefile size = 1493.17 MB (681.76 MB after compression)
 1748749 1284066      297.0993    51      305.8772      293.6452  9472602    4.00%          x.9.15 D 1748749 1748748     33
 1756934 1289604      299.1850    50      305.8772      293.6509  9516790    4.00%         x.14.27 D 1756934 1756933     40
 1765055 1294950      304.9503    38      305.8772      293.6570  9561846    4.00%         x.15.35 D 1765055 1765054     70
 1773050 1300283      302.7513    45      305.8772      293.6629  9605416    3.99%          x.15.3 U 1773050 1773049     41
 1780935 1305573      296.6881    53      305.8772      293.6680  9648304    3.99%         x.32.15 D 1780935 1780934     30
 1788853 1310825      303.1760    49      305.8772      293.6739  9692170    3.99%         x.11.10 D 1788853 1788852     28
 1797155 1316279      297.7359    55      305.8772      293.6804  9738485    3.99%          x.9.15 D 1797155 1797154     39
*1804070+1312687                          305.6221      293.6852             3.91%
 1805053 1313325      300.8036    45      305.6221      293.6859  9780722    3.91%         x.37.10 D 1805053 1805052     45
 1813292 1318568      298.4892    53      305.6221      293.6920  9828174    3.90%         x.26.27 D 1813292 1813291     27
 1821465 1323835      304.0928    53      305.6221      293.6981  9873445    3.90%         x.23.27 D 1821465 1821464     23
Elapsed time = 1037.42 sec. (817084.24 ticks, tree = 3661.67 MB, solutions = 14)
Nodefile size = 1614.06 MB (730.42 MB after compression)
 1829915 1329251      305.3461    55      305.6221      293.7047  9920669    3.90%         x.26.35 U 1829915 363563     25
 1838334 1334673      305.5976    49      305.6221      293.7107  9967609    3.90%         x.17.22 U 1838334 1838332     37
 1846556 1339995      303.0647    41      305.6221      293.7170 10014018    3.90%         x.22.35 D 1846556 1846555     50
 1854850 1345290      297.4696    42      305.6221      293.7231 10060721    3.89%          x.5.10 D 1854850 1854849     42
 1863220 1350659      299.1607    48      305.6221      293.7289 10107639    3.89%         x.18.15 D 1863220 1863219     28
 1871606 1355889      302.0998    36      305.6221      293.7360 10155293    3.89%         x.15.35 D 1871606 1871605     61
 1880026 1361260        cutoff            305.6221      293.7421 10203185    3.89%          x.16.7 D 1880026 1880025     43
 1888390 1366624      302.0349    43      305.6221      293.7487 10250501    3.88%         x.27.10 D 1888390 1888389     38
 1896676 1371725      303.7131    42      305.6221      293.7549 10296999    3.88%          x.32.7 D 1896676 1896675     58
 1905134 1377137      301.9998    42      305.6221      293.7607 10344228    3.88%          x.3.35 D 1905134 1905133     57
Elapsed time = 1099.31 sec. (855233.50 ticks, tree = 3806.61 MB, solutions = 14)
Nodefile size = 1758.90 MB (790.63 MB after compression)
 1913486 1382472      294.8147    47      305.6221      293.7669 10391358    3.88%         x.26.35 U 1913486 557865     19
 1921849 1387700      299.8442    46      305.6221      293.7732 10439055    3.88%         x.26.35 D 1921849 1921847     36
 1930307 1393193      299.8451    43      305.6221      293.7789 10486134    3.88%         x.18.35 D 1930307 1930306     43
 1938580 1398564      302.4350    54      305.6221      293.7842 10532275    3.87%          x.23.7 D 1938580 1938579     47
 1947091 1404029      301.5168    53      305.6221      293.7906 10580112    3.87%           x.4.7 D 1947091 1947090     45
 1955490 1409155      296.0173    49      305.6221      293.7975 10627078    3.87%         x.29.27 D 1955490 1955489     27
 1964070 1414645      296.4597    53      305.6221      293.8038 10675144    3.87%         x.26.27 D 1964070 1964069     30
 1972441 1419862      295.4832    57      305.6221      293.8107 10722189    3.86%          x.8.27 D 1972441 1972440     27
 1980717 1425151      294.7709    52      305.6221      293.8169 10769499    3.86%         x.22.15 U 1980717 829141     40
 1989172 1430526      295.0678    53      305.6221      293.8224 10816998    3.86%         x.32.15 U 1989172 675962     26
Elapsed time = 1161.92 sec. (893409.00 ticks, tree = 3951.77 MB, solutions = 14)
Nodefile size = 1904.77 MB (851.19 MB after compression)
 1997739 1436029      296.7917    46      305.6221      293.8286 10864253    3.86%         x.16.10 D 1997739 1997738     39
 2006252 1441417      294.9183    50      305.6221      293.8350 10913033    3.86%         x.10.15 D 2006252 2006251     25
 2014659 1446680      301.8856    47      305.6221      293.8409 10960691    3.85%          x.20.7 D 2014659 2014658     58
 2022981 1451813      298.3839    46      305.6221      293.8481 11008193    3.85%         x.39.35 D 2022981 2022980     30
 2031366 1457178      296.7164    51      305.6221      293.8540 11056192    3.85%         x.26.35 D 2031366 2031365     34
 2039669 1462401      296.6179    58      305.6221      293.8597 11102924    3.85%         x.29.27 D 2039669 2039668     27
 2048033 1467620      298.5595    48      305.6221      293.8664 11149870    3.85%          x.3.35 D 2048033 2048032     49
 2056494 1472905      300.4402    55      305.6221      293.8728 11198288    3.84%         x.27.15 D 2056494 2056493     43
 2064940 1478168      300.9994    56      305.6221      293.8786 11246240    3.84%         x.37.10 D 2064940 2064939     36
 2073318 1483398      296.8377    58      305.6221      293.8850 11293131    3.84%          x.7.27 D 2073318 2073317     23
Elapsed time = 1224.32 sec. (931569.15 ticks, tree = 4095.57 MB, solutions = 14)
Nodefile size = 2047.63 MB (909.85 MB after compression)
 2081547 1488559      302.9299    46      305.6221      293.8910 11340019    3.84%         x.18.35 D 2081547 2081546     36
 2089983 1494017      301.9295    50      305.6221      293.8966 11388238    3.84%           x.7.7 D 2089983 2089982     54
 2098430 1499395      296.4106    45      305.6221      293.9022 11436248    3.83%          x.6.27 D 2098430 2098429     24
 2106800 1504689      300.1342    53      305.6221      293.9085 11483712    3.83%         x.27.15 D 2106800 2106799     38
 2115315 1509974      300.1445    54      305.6221      293.9139 11531709    3.83%         x.22.35 D 2115315 2115314     40
 2123660 1515179      295.6783    56      305.6221      293.9197 11579360    3.83%         x.29.27 D 2123660 2123658     23
 2131890 1520258      304.7252    40      305.6221      293.9258 11626427    3.83%          x.37.7 D 2131890 2131889     82
 2140236 1525517      304.8844    50      305.6221      293.9318 11673925    3.83%         x.33.35 D 2140236 2140235     29
 2148511 1530739      302.9757    51      305.6221      293.9378 11720496    3.82%         x.16.22 D 2148511 2148510     43
 2156990 1536243      298.3067    56      305.6221      293.9440 11768057    3.82%         x.24.15 D 2156990 2156989     33
Elapsed time = 1286.75 sec. (969724.40 ticks, tree = 4239.26 MB, solutions = 14)
Nodefile size = 2191.46 MB (968.23 MB after compression)
 2165426 1541419      300.1271    48      305.6221      293.9499 11815986    3.82%         x.25.35 D 2165426 2165425     32
 2173843 1546694      296.1674    57      305.6221      293.9564 11863446    3.82%         x.30.10 U 2173843  92879     30
 2182247 1552183      294.1633    48      305.6221      293.9626 11910957    3.82%         x.18.15 U 2182247 1390578     22
 2190566 1557342      297.0406    51      305.6221      293.9687 11959101    3.81%          x.9.15 D 2190566 2190565     31
 2198860 1562494      294.8538    52      305.6221      293.9748 12006421    3.81%          x.6.27 D 2198860 2198859     23
 2207302 1567759      297.3233    59      305.6221      293.9816 12054679    3.81%          x.7.27 U 2207302 2207300     38
 2215680 1573014      296.9491    51      305.6221      293.9875 12101963    3.81%         x.32.15 D 2215680 2215679     34
 2223828 1578029      303.8078    43      305.6221      293.9927 12148826    3.81%         x.31.22 D 2223828 2223827     47
 2232136 1583286      296.4605    53      305.6221      293.9989 12196324    3.80%         x.26.27 D 2232136 2232135     36
 2240510 1588424      304.9429    48      305.6221      294.0050 12244898    3.80%         x.35.35 U 2240510 922400     28
Elapsed time = 1349.18 sec. (1007876.59 ticks, tree = 4381.17 MB, solutions = 14)
Nodefile size = 2333.26 MB (1025.23 MB after compression)
 2248920 1593703      302.6378    35      305.6221      294.0109 12292461    3.80%          x.22.7 D 2248920 2248919     61
 2257380 1598954      304.6623    46      305.6221      294.0166 12340128    3.80%          x.5.26 D 2257380 2257379     82
 2265845 1604343      300.3479    49      305.6221      294.0223 12387144    3.80%          x.36.7 D 2265845 2265844     54
 2274062 1609381      301.3579    51      305.6221      294.0283 12434578    3.79%         x.16.10 D 2274062 2274061     46
 2282510 1614655      301.6140    50      305.6221      294.0343 12483099    3.79%         x.29.15 D 2282510 2282509     30
 2290979 1619922      300.5334    48      305.6221      294.0399 12531091    3.79%         x.14.27 D 2290979 2290978     43
 2299504 1625274      299.7288    50      305.6221      294.0458 12578780    3.79%          x.19.3 D 2299504 2299503     46
 2307837 1630306      297.9609    49      305.6221      294.0519 12626897    3.79%         x.25.35 D 2307837 2307835     23
 2316038 1635433      299.9629    54      305.6221      294.0571 12674877    3.78%         x.18.35 D 2316038 2316037     45
 2324431 1640640      300.2740    56      305.6221      294.0626 12723282    3.78%         x.13.27 D 2324431 2324429     47
Elapsed time = 1412.32 sec. (1046039.40 ticks, tree = 4523.13 MB, solutions = 14)
Nodefile size = 2476.00 MB (1082.09 MB after compression)
 2332887 1646002      296.3076    48      305.6221      294.0686 12771998    3.78%         x.37.15 D 2332887 2332886     24
 2341257 1651336      298.4536    56      305.6221      294.0734 12819812    3.78%          x.6.27 D 2341257 2341256     41
 2349675 1656503      300.4733    57      305.6221      294.0789 12868191    3.78%         x.26.27 D 2349675 2349674     31
 2358141 1661789      300.9729    51      305.6221      294.0844 12916710    3.78%          x.20.7 D 2358141 2358140     51
 2366616 1667010      295.9278    55      305.6221      294.0903 12964135    3.77%         x.26.27 N 2366616 2366615     33
 2375016 1672356      297.6915    57      305.6221      294.0960 13011470    3.77%          x.5.10 D 2375016 2375015     29
 2383200 1677545      297.0045    48      305.6221      294.1016 13058306    3.77%         x.39.35 D 2383200 2383199     36
 2391518 1682685      303.0723    49      305.6221      294.1066 13105681    3.77%         x.17.22 U 2391518 2391516     38
 2399921 1687820      301.6256    52      305.6221      294.1116 13152450    3.77%          x.2.22 D 2399921 2399920     48
 2408220 1692882      299.9881    49      305.6221      294.1172 13199927    3.76%          x.32.7 D 2408220 2408219     53
Elapsed time = 1474.95 sec. (1084190.38 ticks, tree = 4665.20 MB, solutions = 14)
Nodefile size = 2617.75 MB (1137.87 MB after compression)
 2416666 1698002      305.5148    43      305.6221      294.1232 13247816    3.76%           x.9.6 U 2416666 2416665     61
 2425080 1703225      300.0170    51      305.6221      294.1296 13295654    3.76%          x.16.7 D 2425080 2425079     43
 2433416 1708410      302.8024    48      305.6221      294.1350 13343976    3.76%          x.23.7 D 2433416 2433415     54
 2441784 1713617      298.7601    47      305.6221      294.1409 13391901    3.76%          x.3.35 D 2441784 2441783     57
 2450141 1718563      305.5598    49      305.6221      294.1470 13440244    3.75%          x.33.3 U 2450141 2450140     33
 2458330 1723607      302.4739    44      305.6221      294.1522 13487258    3.75%          x.32.7 D 2458330 2458329     55
 2466725 1728803      298.8327    54      305.6221      294.1582 13534871    3.75%          x.1.35 D 2466725 2466724     29
 2475137 1733988      301.0924    53      305.6221      294.1642 13582158    3.75%         x.20.35 D 2475137 2475136     48
 2483674 1739270      297.2712    55      305.6221      294.1694 13630756    3.75%         x.23.27 D 2483674 2483672     26
 2492119 1744564      302.0894    44      305.6221      294.1748 13678953    3.75%          x.23.7 D 2492119 2492118     52
Elapsed time = 1537.90 sec. (1122339.72 ticks, tree = 4805.73 MB, solutions = 14)
Nodefile size = 2758.50 MB (1192.97 MB after compression)
 2500460 1749607      301.8132    52      305.6221      294.1800 13726723    3.74%          x.23.3 U 2500460 2500459     39
 2508887 1754712      296.0423    53      305.6221      294.1852 13775276    3.74%          x.7.27 D 2508887 2508886     28
 2517185 1759920      298.2457    50      305.6221      294.1900 13823053    3.74%         x.39.10 D 2517185 2517184     29
 2525490 1765060      300.3741    52      305.6221      294.1951 13870756    3.74%         x.27.15 D 2525490 2525489     44
 2533950 1770395      303.2448    52      305.6221      294.2008 13919215    3.74%          x.2.22 D 2533950 2533949     43
 2542436 1775676      295.4345    55      305.6221      294.2059 13967483    3.74%          x.6.27 D 2542436 2542435     38
 2550800 1780824      296.9357    52      305.6221      294.2117 14015538    3.73%          x.1.35 D 2550800 2550799     30
 2559161 1785877        cutoff            305.6221      294.2172 14064587    3.73%          x.7.13 D 2559161 2559159     66
 2567473 1790961      303.6450    46      305.6221      294.2226 14112977    3.73%           x.2.7 D 2567473 2567472     51
 2575787 1796233      296.3072    49      305.6221      294.2279 14161012    3.73%         x.11.27 D 2575787 2575786     30
Elapsed time = 1600.98 sec. (1160501.43 ticks, tree = 4946.23 MB, solutions = 14)
Nodefile size = 2899.26 MB (1247.58 MB after compression)
 2584100 1801297      302.9568    45      305.6221      294.2330 14209223    3.73%         x.18.15 D 2584100 2584099     26
 2592514 1806550      296.2756    53      305.6221      294.2389 14257230    3.72%          x.8.27 D 2592514 2592513     30
 2600890 1811760      295.9643    52      305.6221      294.2449 14305483    3.72%         x.28.10 D 2600890 2600889     38
 2609394 1816939      304.3972    53      305.6221      294.2511 14354282    3.72%         x.23.27 D 2609394 2609393     26
 2617649 1822064        cutoff            305.6221      294.2563 14401199    3.72%          x.3.22 U 2617649 2617648     58
 2626189 1827316      302.9749    49      305.6221      294.2611 14449174    3.72%         x.24.15 U 2626189 643333     18
 2634540 1832321      297.1062    50      305.6221      294.2660 14496822    3.72%         x.37.10 D 2634540 2634538     24
 2642999 1837604      305.2979    42      305.6221      294.2708 14545292    3.71%          x.23.7 U 2642999 2642997     53
 2651446 1842941      296.9107    53      305.6221      294.2760 14593196    3.71%         x.18.15 D 2651446 2651445     54
 2659842 1848128      298.0452    49      305.6221      294.2810 14640954    3.71%         x.26.35 D 2659842 2659840     31
Elapsed time = 1664.26 sec. (1198651.85 ticks, tree = 5087.35 MB, solutions = 14)
Nodefile size = 3040.03 MB (1301.60 MB after compression)
 2668299 1853308      298.7043    49      305.6221      294.2860 14689451    3.71%         x.33.35 D 2668299 2668298     37
 2676606 1858457      296.2628    48      305.6221      294.2903 14736337    3.71%         x.18.35 D 2676606 2676605     40
 2685032 1863756      304.8708    50      305.6221      294.2954 14784672    3.71%         x.10.15 D 2685032 2685031     38
 2693510 1868876      302.6298    44      305.6221      294.3004 14832755    3.70%         x.14.27 D 2693510 2693509     59
 2701682 1873849      301.7495    59      305.6221      294.3051 14879317    3.70%         x.32.15 D 2701682 2701681     43
 2709970 1878878      301.1486    53      305.6221      294.3105 14927058    3.70%         x.28.10 D 2709970 2709969     43
 2718422 1884028      302.4211    43      305.6221      294.3153 14976153    3.70%           x.2.7 D 2718422 2718421     47
 2726785 1889197      295.2057    48      305.6221      294.3202 15023621    3.70%         x.23.27 D 2726785 2726784     25
 2735200 1894272      295.8774    52      305.6221      294.3251 15072765    3.70%          x.8.27 D 2735200 2735199     39
 2743616 1899522        cutoff            305.6221      294.3294 15120646    3.69%         x.27.10 U 2743616 2743614     54
Elapsed time = 1727.11 sec. (1236800.58 ticks, tree = 5227.10 MB, solutions = 14)
Nodefile size = 3179.81 MB (1354.64 MB after compression)
 2752137 1904774      296.8215    50      305.6221      294.3342 15169238    3.69%         x.16.10 U 2752137 190422     38
 2760606 1909760      297.3538    53      305.6221      294.3398 15217501    3.69%         x.24.15 D 2760606 2760605     23
 2769000 1914989      300.7212    49      305.6221      294.3449 15265749    3.69%         x.14.27 D 2769000 2768999     31
 2777173 1919976      305.0874    38      305.6221      294.3496 15312270    3.69%           x.9.7 D 2777173 2777171     67
 2785535 1925116      298.4616    54      305.6221      294.3547 15360200    3.69%         x.25.35 D 2785535 2785534     51
 2793939 1930259      298.2710    56      305.6221      294.3599 15408168    3.69%         x.24.35 D 2793939 2793938     43
 2802310 1935492      301.1529    48      305.6221      294.3649 15456367    3.68%          x.22.7 D 2802310 2802309     60
 2810764 1940651      301.6089    43      305.6221      294.3698 15505019    3.68%         x.16.27 D 2810764 2810763     50
 2819030 1945797      299.9307    51      305.6221      294.3746 15552023    3.68%         x.22.35 D 2819030 2819029     37
 2827472 1950991      300.0048    52      305.6221      294.3794 15600190    3.68%         x.10.22 D 2827472 2827471     45
Elapsed time = 1790.33 sec. (1274959.71 ticks, tree = 5367.07 MB, solutions = 14)
Nodefile size = 3319.62 MB (1407.88 MB after compression)
 2835978 1956199      295.7451    56      305.6221      294.3849 15648370    3.68%          x.9.15 D 2835978 2835977     27
 2844432 1961340      302.3545    52      305.6221      294.3898 15696868    3.68%         x.36.35 D 2844432 2844431     59
 2852798 1966461      303.8715    49      305.6221      294.3953 15744310    3.67%         x.16.22 D 2852798 2852797     64
 2861148 1971390      299.8454    46      305.6221      294.4006 15792040    3.67%         x.26.35 D 2861148 2861147     29
 2869480 1976386      295.3215    48      305.6221      294.4054 15840572    3.67%          x.1.35 U 2869480 172250     30
 2877890 1981441      305.5873    46      305.6221      294.4104 15888281    3.67%         x.39.22 U 2877890 2877889     68
 2886380 1986877      300.5387    49      305.6221      294.4161 15935956    3.67%         x.27.10 D 2886380 2886379     38
 2894740 1991940      300.1737    52      305.6221      294.4212 15983830    3.66%          x.15.3 U 2894740 2894739     27
 2903072 1997141        cutoff            305.6221      294.4259 16031871    3.66%         x.27.10 U 2903072 2903070     45
 2911570 2002270      298.7643    46      305.6221      294.4311 16079377    3.66%         x.16.10 D 2911570 2911569     33
Elapsed time = 1853.81 sec. (1313110.46 ticks, tree = 5506.50 MB, solutions = 14)
Nodefile size = 3459.44 MB (1460.51 MB after compression)
 2919864 2007243        cutoff            305.6221      294.4363 16127321    3.66%         x.30.10 U 2919864 2919862     56
 2927888 2012173      300.6151    56      305.6221      294.4415 16172397    3.66%          x.15.3 U 2927888 2927887     38
 2936307 2017206      297.0183    48      305.6221      294.4466 16219698    3.66%         x.11.10 D 2936307 2936306     32
 2944539 2022139      299.5465    48      305.6221      294.4515 16266929    3.66%         x.37.10 D 2944539 2944538     47
 2952717 2027024        cutoff            305.6221      294.4564 16313473    3.65%         x.18.35 U 2952717 2952715     42
 2961086 2032086      298.8895    53      305.6221      294.4610 16361696    3.65%         x.36.15 D 2961086 2961085     44
 2969500 2037182      299.3508    46      305.6221      294.4663 16409620    3.65%          x.0.27 D 2969500 2969499     60
 2977920 2042346      298.3013    54      305.6221      294.4711 16457658    3.65%         x.29.15 D 2977920 2977918     34
 2986400 2047291      297.6720    51      305.6221      294.4759 16506316    3.65%          x.6.27 D 2986400 2986399     28
 2994726 2052177      299.5799    54      305.6221      294.4812 16553432    3.65%         x.33.35 D 2994726 2994725     42
Elapsed time = 1916.04 sec. (1351259.94 ticks, tree = 5642.26 MB, solutions = 14)
Nodefile size = 3594.29 MB (1511.33 MB after compression)
 3003102 2057117      299.9791    51      305.6221      294.4862 16601135    3.64%         x.39.10 D 3003102 3003101     38
 3011722 2062105      301.4952    62      305.6221      294.4916 16649213    3.64%         x.16.27 D 3011722 3011720     53
 3020133 2067251      299.5483    50      305.6221      294.4963 16697606    3.64%         x.37.10 D 3020133 3020132     37
 3028448 2072145      302.1120    53      305.6221      294.5016 16745448    3.64%          x.23.3 D 3028448 3028447     52
 3036880 2077385      298.8693    42      305.6221      294.5064 16793487    3.64%         x.11.27 D 3036880 3036879     33
 3045250 2082557      295.5841    55      305.6221      294.5113 16841485    3.64%          x.7.27 D 3045250 3045249     29
 3053610 2087475      305.5961    47      305.6221      294.5158 16889888    3.63%         x.11.10 U 3053610 339214     38
 3061939 2092476      302.3992    48      305.6221      294.5208 16937638    3.63%          x.39.7 D 3061939 3061938     50
 3070333 2097407      298.5614    54      305.6221      294.5254 16986408    3.63%         x.35.10 D 3070333 3070332     39
 3078797 2102347      303.9686    53      305.6221      294.5306 17034669    3.63%          x.19.3 U 3078797 3078795     47
Elapsed time = 1979.14 sec. (1389419.75 ticks, tree = 5778.70 MB, solutions = 14)
Nodefile size = 3731.15 MB (1562.55 MB after compression)
 3087292 2107441      295.1728    63      305.6221      294.5352 17083048    3.63%         x.36.15 D 3087292 3087291     26
 3095764 2112505        cutoff            305.6221      294.5403 17131562    3.63%          x.24.8 U 3095764 3095763     77
 3104040 2117374      304.3291    43      305.6221      294.5455 17179283    3.62%          x.29.7 D 3104040 3104039     55
 3112446 2122344      301.3617    53      305.6221      294.5500 17227479    3.62%          x.16.7 D 3112446 3112445     46
 3120995 2127465      301.4845    50      305.6221      294.5550 17276079    3.62%          x.16.7 D 3120995 3120994     54
 3129389 2132396      302.7734    52      305.6221      294.5602 17323431    3.62%           x.2.7 D 3129389 3129388     48
 3137683 2137356      302.8327    46      305.6221      294.5653 17370490    3.62%         x.39.22 D 3137683 3137682     67
 3146095 2142223      300.7379    44      305.6221      294.5703 17418843    3.62%          x.36.7 D 3146095 3146094     49
 3154506 2147220      302.7219    42      305.6221      294.5752 17467566    3.61%          x.7.13 U 3154506 3154505     67
 3162940 2152214      295.9714    45      305.6221      294.5802 17516119    3.61%         x.36.15 D 3162940 3162939     34
Elapsed time = 2042.52 sec. (1427580.69 ticks, tree = 5914.32 MB, solutions = 14)
Nodefile size = 3867.03 MB (1612.76 MB after compression)
 3171425 2157362      302.7583    52      305.6221      294.5850 17564333    3.61%          x.3.22 D 3171425 3171424     60
 3179831 2162296      295.8276    51      305.6221      294.5899 17612878    3.61%         x.35.35 D 3179831 3179830     30
 3188280 2167293      299.1462    52      305.6221      294.5947 17661312    3.61%          x.3.10 D 3188280 3188279     22
 3196723 2172233      302.2534    47      305.6221      294.6001 17710756    3.61%          x.39.7 D 3196723 3196722     68
 3204987 2177094      298.7648    50      305.6221      294.6046 17757719    3.60%         x.11.10 D 3204987 3204986     41
 3213484 2182216      304.3236    50      305.6221      294.6093 17806325    3.60%         x.32.15 U 3213484 743000     19
 3221900 2187222      297.1547    40      305.6221      294.6140 17854250    3.60%         x.24.35 D 3221900 3221899     39
 3230139 2192105      301.8867    49      305.6221      294.6188 17901962    3.60%          x.11.7 D 3230139 3230138     52
 3238570 2197193      299.4326    58      305.6221      294.6231 17950313    3.60%         x.22.15 D 3238570 3238569     35
 3247095 2202374        cutoff            305.6221      294.6274 17998630    3.60%         x.26.35 U 3247095 2113819     32
Elapsed time = 2106.20 sec. (1465730.28 ticks, tree = 6050.76 MB, solutions = 14)
Nodefile size = 4002.92 MB (1662.56 MB after compression)
 3255549 2207401      294.6500    53      305.6221      294.6328 18046619    3.60%         x.39.35 D 3255549 1855147     34
 3263927 2212402        cutoff            305.6221      294.6374 18094706    3.59%         x.23.27 U 3263927 1786522     28
 3272338 2217531      304.9052    57      305.6221      294.6419 18142974    3.59%         x.16.27 U 3272338 503498     18
 3280799 2222715      303.4149    46      305.6221      294.6461 18190944    3.59%          x.37.7 D 3280799 3280798     72
 3289263 2227782      299.9177    55      305.6221      294.6506 18239591    3.59%         x.22.35 D 3289263 3289262     50
 3297740 2232830      302.8574    41      305.6221      294.6552 18286953    3.59%         x.22.38 D 3297740 3297739     70
 3306168 2237746      298.8481    50      305.6221      294.6598 18335760    3.59%         x.32.15 D 3306168 3306167     37
 3314590 2242734      303.1065    49      305.6221      294.6642 18383954    3.59%          x.29.7 D 3314590 3314589     49
 3322941 2247707      295.1204    55      305.6221      294.6692 18432209    3.58%         x.11.27 U 3322941 774327     18
 3331483 2252885        cutoff            305.6221      294.6738 18480451    3.58%         x.26.35 U 3331483 3331481     40
Elapsed time = 2177.34 sec. (1503880.19 ticks, tree = 6188.12 MB, solutions = 14)
Nodefile size = 4140.79 MB (1713.07 MB after compression)
 3339984 2257876        cutoff            305.6221      294.6786 18528231    3.58%         x.24.35 U 3339984 3339982     45
 3348381 2262759        cutoff            305.6221      294.6835 18575737    3.58%         x.20.35 U 3348381 3348379     64
 3356831 2267824      303.5320    43      305.6221      294.6884 18623921    3.58%         x.39.22 U 3356831 3356829     46
 3365158 2272607      304.3769    47      305.6221      294.6929 18671897    3.58%         x.39.10 D 3365158 3365156     29
 3373562 2277595      297.5762    57      305.6221      294.6974 18719400    3.57%         x.23.27 N 3373562 3373561     34
 3381981 2282536      296.6771    44      305.6221      294.7026 18767391    3.57%         x.38.27 D 3381981 3381980     27
 3390400 2287531      297.5821    53      305.6221      294.7067 18814163    3.57%          x.3.10 D 3390400 3390399     41
 3398815 2292538      298.8744    49      305.6221      294.7109 18862067    3.57%         x.39.35 D 3398815 3398814     38
 3407376 2297497      297.4284    44      305.6221      294.7151 18909814    3.57%          x.6.27 D 3407376 3407375     40
 3415807 2302291      297.4456    52      305.6221      294.7204 18957979    3.57%          x.6.27 D 3415807 3415806     26
Elapsed time = 2240.30 sec. (1542032.99 ticks, tree = 6322.50 MB, solutions = 14)
Nodefile size = 4274.69 MB (1762.26 MB after compression)
 3424081 2307246      298.1825    48      305.6221      294.7248 19004892    3.57%         x.39.35 D 3424081 3424080     39
 3432627 2312328      305.1527    51      305.6221      294.7292 19053966    3.56%         x.23.35 U 3432627 783872     37
 3441068 2317494      301.0003    45      305.6221      294.7339 19101717    3.56%         x.14.27 D 3441068 3441067     40
 3449597 2322639      298.9735    54      305.6221      294.7380 19150162    3.56%         x.16.10 D 3449597 3449596     36
 3458225 2327792      295.5319    50      305.6221      294.7431 19198889    3.56%         x.29.27 D 3458225 3458224     26
 3466678 2332730      299.0792    51      305.6221      294.7474 19247697    3.56%          x.6.27 D 3466678 3466677     32
 3475150 2337660      302.3380    43      305.6221      294.7519 19296342    3.56%          x.11.7 D 3475150 3475149     57
 3483494 2342722      298.6319    50      305.6221      294.7563 19343102    3.56%         x.29.15 D 3483494 3483493     48
 3491978 2347542      299.3829    47      305.6221      294.7607 19391722    3.55%         x.16.10 D 3491978 3491977     51
 3500364 2352456      297.3881    53      305.6221      294.7651 19439253    3.55%          x.6.27 D 3500364 3500363     32
Elapsed time = 2302.82 sec. (1580185.77 ticks, tree = 6458.93 MB, solutions = 14)
Nodefile size = 4411.57 MB (1812.29 MB after compression)
 3508652 2357225      296.9645    57      305.6221      294.7693 19486110    3.55%          x.7.27 D 3508652 3508651     17
 3517200 2362250      295.8318    51      305.6221      294.7736 19534441    3.55%         x.32.15 D 3517200 3517199     36
 3525663 2367281      296.0255    57      305.6221      294.7779 19583232    3.55%         x.36.15 D 3525663 3525662     33
 3534120 2372090      303.7500    50      305.6221      294.7826 19631138    3.55%           x.4.7 D 3534120 3534119     54
 3542571 2377110        cutoff            305.6221      294.7870 19679201    3.55%          x.39.9 D 3542571 3542568     67
 3551090 2382058      301.1688    52      305.6221      294.7911 19727137    3.54%          x.16.7 D 3551090 3551089     47
 3559560 2387060      296.4373    55      305.6221      294.7957 19775154    3.54%         x.26.27 D 3559560 3559559     31
 3568030 2392213      302.5480    45      305.6221      294.8000 19823387    3.54%          x.8.30 D 3568030 3568029     66
 3576405 2397096      301.6281    47      305.6221      294.8046 19871690    3.54%          x.20.7 D 3576405 3576404     60
 3584929 2402065      300.8818    50      305.6221      294.8096 19919590    3.54%          x.39.7 D 3584929 3584928     56
Elapsed time = 2370.08 sec. (1618338.25 ticks, tree = 6593.85 MB, solutions = 14)
Nodefile size = 4546.46 MB (1861.18 MB after compression)
 3593396 2406967      298.9867    51      305.6221      294.8139 19967558    3.54%          x.0.27 D 3593396 3593395     39
 3601859 2411947      297.7432    51      305.6221      294.8184 20015580    3.53%         x.18.35 D 3601859 3601858     42
 3610288 2416841      297.9169    47      305.6221      294.8227 20064104    3.53%         x.37.10 D 3610288 3610287     39
 3618835 2421795      298.8296    53      305.6221      294.8275 20112173    3.53%         x.13.27 D 3618835 3618834     44
 3627398 2426703      296.6333    54      305.6221      294.8320 20160691    3.53%         x.18.15 D 3627398 3627397     29
 3635747 2431630      304.4418    46      305.6221      294.8363 20208375    3.53%          x.36.7 D 3635747 3635746     46
 3644124 2436523      298.6888    55      305.6221      294.8413 20255893    3.53%          x.0.27 D 3644124 3644123     39
 3652560 2441293      295.3347    50      305.6221      294.8454 20303963    3.53%         x.35.35 D 3652560 3652559     20
 3661097 2446251      300.6215    55      305.6221      294.8499 20353084    3.52%          x.0.27 D 3661097 3661096     43
 3669639 2451269      296.4568    52      305.6221      294.8542 20402172    3.52%         x.20.35 U 3669639 206392     33
Elapsed time = 2436.92 sec. (1656486.75 ticks, tree = 6727.68 MB, solutions = 14)
Nodefile size = 4680.36 MB (1909.82 MB after compression)
 3678131 2456361      298.3306    50      305.6221      294.8581 20449805    3.52%         x.39.35 D 3678131 3678130     40
 3686516 2461272      304.2051    47      305.6221      294.8621 20497557    3.52%          x.2.22 D 3686516 3686515     61
 3694927 2466147      296.2215    52      305.6221      294.8661 20545102    3.52%         x.29.27 D 3694927 3694926     32
 3703420 2471056      296.3790    50      305.6221      294.8702 20594071    3.52%          x.6.27 D 3703420 3703419     37
 3711856 2475817      298.0387    56      305.6221      294.8748 20642135    3.52%          x.9.15 D 3711856 3711855     28
 3720292 2480802      295.7250    55      305.6221      294.8788 20690086    3.52%         x.36.15 D 3720292 3720291     37
 3728506 2485676      300.0912    43      305.6221      294.8830 20736232    3.51%         x.23.35 D 3728506 3728504     37
 3737016 2490623      303.0005    45      305.6221      294.8873 20784356    3.51%          x.20.7 D 3737016 3737015     48
 3745469 2495392      302.1216    48      305.6221      294.8916 20832790    3.51%          x.3.35 D 3745469 3745468     51
 3753922 2500170      302.5006    51      305.6221      294.8958 20881029    3.51%         x.16.22 D 3753922 3753921     55
Elapsed time = 2500.91 sec. (1694643.66 ticks, tree = 6860.70 MB, solutions = 14)
Nodefile size = 4813.24 MB (1957.60 MB after compression)
 3762290 2505110      300.3859    50      305.6221      294.9001 20928877    3.51%         x.36.35 D 3762290 3762289     48
 3770869 2509884      304.8266    43      305.6221      294.9042 20976743    3.51%         x.36.22 D 3770869 3770868     60
 3779323 2514593      296.0021    52      305.6221      294.9087 21024977    3.51%         x.10.15 U 3779323 1770712     19
 3787892 2519468      304.2010    50      305.6221      294.9133 21073923    3.50%         x.24.35 D 3787892 3787891     44
 3796255 2524406      302.7188    44      305.6221      294.9181 21122356    3.50%          x.17.7 D 3796255 3796254     61
 3804800 2529262      298.5197    59      305.6221      294.9223 21170679    3.50%         x.18.15 D 3804800 3804798     33
 3813340 2534117      295.7572    53      305.6221      294.9271 21219494    3.50%         x.18.15 D 3813340 3813339     43
 3821751 2538950      299.0702    54      305.6221      294.9314 21266442    3.50%          x.7.27 D 3821751 3821750     28
 3830064 2543766      301.5009    45      305.6221      294.9354 21313037    3.50%         x.35.10 D 3830064 3830063     39
 3838491 2548596      305.2851    51      305.6221      294.9396 21361768    3.50%          x.15.7 D 3838491 3838490     75
Elapsed time = 2564.41 sec. (1732798.49 ticks, tree = 6992.41 MB, solutions = 14)
Nodefile size = 4945.11 MB (2004.76 MB after compression)
 3846905 2553454      299.6658    48      305.6221      294.9439 21409373    3.49%         x.11.10 D 3846905 3846904     40
 3855295 2558149      295.2749    48      305.6221      294.9487 21458386    3.49%         x.28.10 U 3855295 2074275     48
 3863737 2562879      297.7307    47      305.6221      294.9530 21506539    3.49%         x.26.27 D 3863737 3863736     32
 3872373 2567858      295.2438    57      305.6221      294.9572 21554466    3.49%         x.35.35 D 3872373 3872372     16
 3880597 2572560      301.7055    52      305.6221      294.9616 21601656    3.49%          x.29.7 D 3880597 3880596     56
 3889205 2577436      301.9526    51      305.6221      294.9661 21651013    3.49%          x.11.7 D 3889205 3889204     59
 3897726 2582290      303.8596    46      305.6221      294.9702 21700469    3.49%         x.15.35 D 3897726 3897725     71
 3906110 2587178      297.7837    51      305.6221      294.9742 21748102    3.48%         x.33.35 D 3906110 3906109     43
 3914494 2591901      303.8997    55      305.6221      294.9787 21795716    3.48%          x.5.26 D 3914494 3914493     62
 3922977 2596663      297.7472    41      305.6221      294.9828 21844810    3.48%          x.7.27 D 3922977 3922976     25
Elapsed time = 2632.35 sec. (1770947.18 ticks, tree = 7123.16 MB, solutions = 14)
Nodefile size = 5075.97 MB (2051.80 MB after compression)
 3931514 2601334      299.2766    54      305.6221      294.9876 21892554    3.48%         x.10.15 D 3931514 3931513     32
 3939886 2606028      295.3161    46      305.6221      294.9922 21941119    3.48%          x.3.10 U 3939886 3443700     31
 3948281 2610659      302.1178    50      305.6221      294.9963 21990535    3.48%          x.36.7 D 3948281 3948280     46
 3956837 2615512      303.9752    37      305.6221      294.9999 22038466    3.48%           x.4.7 D 3956837 3956836     58
 3965216 2620227      299.2602    53      305.6221      295.0039 22086159    3.47%         x.37.10 D 3965216 3965215     51
 3973600 2624957      303.7477    48      305.6221      295.0078 22135105    3.47%         x.24.15 U 3973600 350931     26
 3982100 2629892      300.9910    54      305.6221      295.0117 22184137    3.47%          x.8.27 D 3982100 3982099     40
 3990536 2634678      301.3368    52      305.6221      295.0161 22233120    3.47%          x.12.7 D 3990536 3990535     54
 3999033 2639474      299.2395    53      305.6221      295.0207 22281762    3.47%          x.5.10 D 3999033 3999032     30
 4007516 2644193      296.0502    56      305.6221      295.0249 22330531    3.47%          x.7.27 D 4007516 4007515     28
Elapsed time = 2696.61 sec. (1809097.44 ticks, tree = 7252.46 MB, solutions = 14)
Nodefile size = 5204.82 MB (2097.86 MB after compression)
 4015870 2648999      304.7313    45      305.6221      295.0288 22378597    3.47%         x.10.22 D 4015870 4015869     45
 4024414 2653843      300.8351    54      305.6221      295.0332 22427511    3.46%         x.18.35 D 4024414 4024413     36
 4032921 2658546      299.1598    43      305.6221      295.0373 22476296    3.46%         x.13.27 D 4032921 4032920     45
 4041244 2663214      297.9012    53      305.6221      295.0416 22523942    3.46%         x.35.10 D 4041244 4041243     40
 4049600 2667820      301.2070    53      305.6221      295.0460 22571601    3.46%          x.36.7 D 4049600 4049599     49
 4058069 2672549      303.6199    48      305.6221      295.0501 22619987    3.46%           x.2.7 D 4058069 4058068     49
 4066568 2677362      297.4485    43      305.6221      295.0546 22668754    3.46%         x.37.15 D 4066568 4066567     40
 4075068 2682200      304.2115    45      305.6221      295.0589 22717187    3.46%         x.28.27 D 4075068 4075067     58
 4083664 2687084      295.5885    49      305.6221      295.0631 22765517    3.45%         x.39.35 D 4083664 4083663     34
 4092148 2691900      296.3559    53      305.6221      295.0674 22813109    3.45%         x.35.35 D 4092148 4092147     27
Elapsed time = 2758.69 sec. (1847253.14 ticks, tree = 7382.24 MB, solutions = 14)
Nodefile size = 5334.65 MB (2144.47 MB after compression)
 4100493 2696572      303.3594    55      305.6221      295.0715 22860830    3.45%         x.37.10 D 4100493 4100491     36
 4109010 2701356      302.6316    48      305.6221      295.0756 22908841    3.45%          x.2.22 D 4109010 4109009     53
 4117323 2706078      304.6467    53      305.6221      295.0795 22955454    3.45%          x.1.35 D 4117323 4117322     42
 4125615 2710755      302.1853    37      305.6221      295.0839 23002550    3.45%         x.17.22 D 4125615 4125614     43
 4134000 2715540      298.8920    49      305.6221      295.0879 23050481    3.45%         x.37.10 D 4134000 4133999     42
 4142433 2720187      304.6388    50      305.6221      295.0923 23099342    3.45%         x.24.35 U 4142433 1531234     37
 4150865 2724791      295.8626    44      305.6221      295.0966 23148077    3.44%         x.37.15 D 4150865 4150864     23
 4159396 2729659      297.8687    50      305.6221      295.1002 23196829    3.44%         x.16.10 D 4159396 4159395     39
 4167730 2734373      304.2900    47      305.6221      295.1045 23244052    3.44%          x.29.3 U 4167730 4167729     61
 4176102 2739050      299.7942    60      305.6221      295.1085 23291883    3.44%           x.4.7 D 4176102 4176101     50
Elapsed time = 2820.78 sec. (1885416.40 ticks, tree = 7510.48 MB, solutions = 14)
Nodefile size = 5463.51 MB (2190.54 MB after compression)
 4184544 2743797      297.1761    49      305.6221      295.1124 23340509    3.44%         x.10.15 D 4184544 4184543     41
 4193050 2748590      298.4388    54      305.6221      295.1162 23389252    3.44%         x.17.22 D 4193050 4193049     43
 4201455 2753231      305.5186    43      305.6221      295.1202 23437169    3.44%         x.24.35 D 4201455 4201454     57
 4209947 2758106      296.9133    52      305.6221      295.1244 23485690    3.43%         x.37.15 D 4209947 4209946     28
 4218431 2762878      304.7010    52      305.6221      295.1278 23533640    3.43%          x.1.35 D 4218431 4218430     41
 4226927 2767702      295.7047    48      305.6221      295.1312 23581868    3.43%         x.29.27 U 4226927 685994     36
 4235519 2772806      303.8138    51      305.6221      295.1351 23630568    3.43%         x.39.22 D 4235519 4235518     49
 4243944 2777614      305.0592    48      305.6221      295.1388 23677491    3.43%         x.13.27 D 4243944 4243943     58
 4252347 2782294      297.0645    54      305.6221      295.1425 23724661    3.43%         x.24.15 D 4252347 4252346     25
 4260644 2787129      299.2298    50      305.6221      295.1461 23772465    3.43%          x.7.27 D 4260644 4260643     34
Elapsed time = 2882.98 sec. (1923564.60 ticks, tree = 7641.29 MB, solutions = 14)
Nodefile size = 5593.35 MB (2236.36 MB after compression)
 4269103 2791855      297.1623    59      305.6221      295.1496 23820420    3.43%         x.10.15 D 4269103 4269102     23
 4277577 2796626      297.8632    53      305.6221      295.1531 23868823    3.43%         x.39.10 N 4277577 4277576     39
 4286027 2801361      304.4831    48      305.6221      295.1568 23915908    3.42%         x.16.10 U 4286027 181073     37
 4294592 2806179      298.6529    55      305.6221      295.1611 23964117    3.42%          x.5.10 D 4294592 4294590     36
 4302998 2810849      302.8329    56      305.6221      295.1651 24012261    3.42%         x.22.15 D 4302998 4302997     32
 4311330 2815424      304.2403    45      305.6221      295.1690 24060082    3.42%          x.11.7 D 4311330 4311329     54
 4319940 2820180      302.3236    43      305.6221      295.1731 24109187    3.42%          x.16.7 U 4319940 4319938     49
 4328449 2824889      295.7599    49      305.6221      295.1770 24157250    3.42%         x.22.15 D 4328449 4328448     22
 4336950 2829647        cutoff            305.6221      295.1812 24205486    3.42%         x.24.17 U 4336950 4336949     73
 4345228 2834341      302.2502    45      305.6221      295.1852 24252768    3.41%         x.30.22 D 4345228 4345227     74
Elapsed time = 2947.65 sec. (1961715.07 ticks, tree = 7769.70 MB, solutions = 14)
Nodefile size = 5722.18 MB (2282.07 MB after compression)
 4353780 2839211      300.0338    55      305.6221      295.1890 24301372    3.41%          x.0.27 D 4353780 4353779     47
 4362141 2843907      300.7994    52      305.6221      295.1927 24349197    3.41%         x.35.10 D 4362141 4362140     48
 4370540 2848532      303.4764    51      305.6221      295.1964 24396946    3.41%         x.16.27 D 4370540 4370539     45
 4378989 2853212      302.8651    54      305.6221      295.2004 24445589    3.41%          x.3.22 D 4378989 4378988     59
 4387560 2857969      303.3107    47      305.6221      295.2043 24494075    3.41%          x.17.7 D 4387560 4387559     47
 4395920 2862600      303.2949    39      305.6221      295.2081 24542300    3.41%          x.2.22 D 4395920 4395919     45
 4404420 2867304      298.5825    46      305.6221      295.2121 24590189    3.41%         x.26.27 D 4404420 4404419     26
 4412834 2872008      305.0046    45      305.6221      295.2161 24637917    3.40%         x.10.15 U 4412834 1474863     37
 4421210 2876811      301.3535    50      305.6221      295.2198 24685495    3.40%          x.11.7 D 4421210 4421209     52
 4429699 2881526        cutoff            305.6221      295.2239 24733525    3.40%         x.29.27 U 4429699 4429698     23
Elapsed time = 3009.78 sec. (1999865.88 ticks, tree = 7898.05 MB, solutions = 14)
Nodefile size = 5850.99 MB (2327.44 MB after compression)
 4438277 2886169      303.0868    53      305.6221      295.2276 24781912    3.40%          x.36.3 U 4438277 4438276     53
 4446765 2890983      295.5226    47      305.6221      295.2316 24830429    3.40%         x.32.15 D 4446765 4446764     33
 4455282 2895755      300.3754    51      305.6221      295.2352 24878634    3.40%         x.18.35 D 4455282 4455281     45
 4463810 2900496      304.5232    47      305.6221      295.2390 24927138    3.40%          x.5.13 D 4463810 4463809     54
 4472395 2905213      304.1658    52      305.6221      295.2428 24976027    3.40%         x.30.10 U 4472395 1571926     23
 4481009 2910205      302.5883    44      305.6221      295.2465 25024489    3.39%         x.20.35 D 4481009 4481008     61
 4489570 2914922      295.6983    58      305.6221      295.2502 25072245    3.39%         x.26.35 U 4489570 1445830     17
 4497940 2919467      299.8744    50      305.6221      295.2539 25119725    3.39%         x.24.35 D 4497940 4497939     48
 4506402 2924202      301.3597    45      305.6221      295.2576 25168467    3.39%          x.32.7 D 4506402 4506401     60
 4514971 2928934      297.5450    56      305.6221      295.2614 25215950    3.39%         x.36.15 D 4514971 4514970     35
Elapsed time = 3071.96 sec. (2038016.24 ticks, tree = 8027.00 MB, solutions = 14)
Nodefile size = 5979.82 MB (2373.15 MB after compression)
 4523493 2933607      300.5739    45      305.6221      295.2652 25264615    3.39%          x.16.7 D 4523493 4523492     36
 4531794 2938246      303.5404    54      305.6221      295.2689 25312311    3.39%          x.12.7 U 4531794 4531791     43
 4540179 2942929      304.4828    52      305.6221      295.2725 25360328    3.39%         x.10.15 U 4540179 2276091     20
 4548649 2947711        cutoff            305.6221      295.2762 25408113    3.39%          x.8.27 D 4548649 4548648     34
 4557189 2952336      301.4465    52      305.6221      295.2798 25456286    3.38%         x.30.10 D 4557189 4557187     45
 4565759 2957098      295.6981    58      305.6221      295.2835 25505022    3.38%          x.1.35 U 4565759 954351     25
 4574136 2961760      295.6310    56      305.6221      295.2873 25552400    3.38%         x.38.27 D 4574136 4574135     27
 4582628 2966416      299.8381    51      305.6221      295.2911 25601237    3.38%         x.11.10 D 4582628 4582627     37
 4591191 2971231        cutoff            305.6221      295.2950 25648544    3.38%         x.15.35 U 4591191 4591189     69
 4599557 2976140      305.0552    43      305.6221      295.2983 25696835    3.38%         x.20.35 D 4599557 4599555     48
Elapsed time = 3133.34 sec. (2076164.93 ticks, tree = 8155.42 MB, solutions = 14)
Nodefile size = 6107.65 MB (2418.00 MB after compression)
 4608165 2980977      301.1861    48      305.6221      295.3022 25744863    3.38%          x.9.18 U 4608165 4608164     59
 4616610 2985747      300.5936    53      305.6221      295.3058 25793368    3.38%           x.2.7 D 4616610 4616609     55
 4625076 2990532      302.8005    47      305.6221      295.3094 25840549    3.37%          x.17.3 N 4625076 4625075     47
 4633552 2995279      301.5660    48      305.6221      295.3129 25889677    3.37%         x.35.10 D 4633552 4633550     34
 4642106 2999991      300.0900    50      305.6221      295.3168 25938280    3.37%         x.39.10 D 4642106 4642105     36
 4650585 3004694      300.1713    52      305.6221      295.3203 25986613    3.37%         x.39.35 D 4650585 4650584     35
 4659164 3009370      303.1303    44      305.6221      295.3238 26035364    3.37%         x.24.35 D 4659164 4659163     41
 4667610 3013882      304.2308    51      305.6221      295.3275 26084131    3.37%          x.29.3 U 4667610 4667609     45
 4676180 3018564      301.5897    42      305.6221      295.3309 26132871    3.37%          x.2.22 D 4676180 4676179     42
 4684724 3023288      301.5374    50      305.6221      295.3344 26180932    3.37%           x.4.7 U 4684724 4684722     44
Elapsed time = 3195.08 sec. (2114316.98 ticks, tree = 8283.65 MB, solutions = 14)
Nodefile size = 6236.45 MB (2463.46 MB after compression)
 4693122 3028010      295.8703    50      305.6221      295.3373 26227947    3.37%         x.18.15 D 4693122 4693121     27
 4701670 3032687      299.9569    53      305.6221      295.3406 26276511    3.36%          x.32.7 D 4701670 4701669     55
 4710257 3037540      300.1680    50      305.6221      295.3442 26325036    3.36%         x.26.27 D 4710257 4710256     47
 4718734 3042130      303.6886    49      305.6221      295.3480 26373768    3.36%         x.15.35 D 4718734 4718733     73
 4727224 3046728      304.2853    53      305.6221      295.3514 26421914    3.36%          x.2.22 D 4727224 4727223     58
 4735740 3051450      300.6748    46      305.6221      295.3552 26470252    3.36%          x.8.27 D 4735740 4735739     44
 4744337 3056233      295.7241    54      305.6221      295.3587 26518712    3.36%          x.9.15 D 4744337 4744336     23
Starting limited solution polishing.
 4752640 3060824      296.4879    51      305.6221      295.3624 26565652    3.36%          x.1.35 D 4752640 4752639     30
 4760630 3065216        cutoff            305.6221      295.3658 26611659    3.36%          x.23.3 U 4760630 4760629     46
 4768476 3069636      302.5479    48      305.6221      295.3694 26657101    3.35%         x.16.27 D 4768476 4768475     55
Elapsed time = 3256.33 sec. (2152467.59 ticks, tree = 8409.73 MB, solutions = 14)
Nodefile size = 6362.27 MB (2508.05 MB after compression)
 4776668 3074163      303.0836    46      305.6221      295.3726 26703482    3.35%          x.30.7 D 4776668 4776667     60
 4784778 3078697      302.6281    48      305.6221      295.3759 26749204    3.35%          x.20.7 D 4784778 4784777     54
 4792846 3083173      299.5168    60      305.6221      295.3791 26795081    3.35%         x.26.27 D 4792846 4792845     33
 4800982 3087573      298.4438    59      305.6221      295.3827 26841231    3.35%         x.39.35 D 4800982 4800981     36
 4809200 3092062      303.9665    52      305.6221      295.3863 26887493    3.35%         x.13.27 D 4809200 4809199     55
 4817387 3096639      300.9556    47      305.6221      295.3898 26934167    3.35%         x.33.35 D 4817387 4817386     45
 4825600 3101302      304.8314    43      305.6221      295.3932 26980546    3.35%         x.13.27 D 4825600 4825599     70
 4833640 3105702      298.3792    56      305.6221      295.3964 27026311    3.35%          x.3.10 D 4833640 4833639     33
 4841754 3110102      296.6981    44      305.6221      295.3999 27072730    3.34%         x.37.10 D 4841754 4841753     29
 4849900 3114586      299.3712    47      305.6221      295.4033 27119166    3.34%          x.36.7 D 4849900 4849899     42
Elapsed time = 3321.09 sec. (2190624.18 ticks, tree = 8532.01 MB, solutions = 14)
Nodefile size = 6484.08 MB (2550.93 MB after compression)
 4858131 3119257      302.0863    49      305.6221      295.4064 27166257    3.34%         x.27.15 D 4858131 4858130     37
 4866265 3123756      300.1511    42      305.6221      295.4101 27212858    3.34%          x.27.7 D 4866265 4866264     52
 4874400 3128032      303.6045    45      305.6221      295.4133 27258165    3.34%         x.27.10 D 4874400 4874399     55
 4882601 3132511      300.2811    47      305.6221      295.4164 27304471    3.34%         x.32.15 D 4882601 4882600     44
 4890464 3136850      305.4475    48      305.6221      295.4193 27349457    3.34%          x.28.3 U 4890464 4890463     65
 4898578 3141250      300.7727    46      305.6221      295.4231 27395530    3.34%         x.29.15 D 4898578 4898577     29
 4906682 3145678      296.1470    52      305.6221      295.4264 27441501    3.34%         x.22.15 U 4906682 1277700     32
 4914796 3150083      300.8886    48      305.6221      295.4296 27487129    3.34%         x.26.35 D 4914796 4914795     33
 4922813 3154455      301.7225    59      305.6221      295.4328 27532062    3.33%         x.29.15 D 4922813 4922812     38
 4930970 3158868      301.4061    49      305.6221      295.4361 27578388    3.33%         x.39.22 D 4930970 4930969     41
Elapsed time = 3382.28 sec. (2228775.45 ticks, tree = 8652.46 MB, solutions = 14)
Nodefile size = 6604.85 MB (2593.84 MB after compression)
 4938975 3163287      299.1290    56      305.6221      295.4394 27622841    3.33%         x.10.15 D 4938975 4938974     33
 4947006 3167685      300.9559    44      305.6221      295.4424 27668765    3.33%         x.18.35 D 4947006 4947005     51
 4955200 3172103      298.4088    44      305.6221      295.4456 27715338    3.33%          x.1.35 D 4955200 4955199     33
 4963216 3176463      299.6750    55      305.6221      295.4489 27759936    3.33%         x.35.10 D 4963216 4963215     39
 4971200 3180840      302.1639    55      305.6221      295.4524 27805763    3.33%         x.22.35 D 4971200 4971199     37
 4979404 3185354      301.6434    46      305.6221      295.4555 27851926    3.33%         x.31.22 D 4979404 4979403     62
 4987511 3189820      297.2840    50      305.6221      295.4587 27897890    3.33%         x.26.35 D 4987511 4987510     25
 4995793 3194315      303.5754    46      305.6221      295.4622 27944434    3.32%          x.29.3 U 4995793 4995792     57
 5003911 3198842        cutoff            305.6221      295.4657 27990769    3.32%         x.16.22 D 5003911 5003910     60
 5012010 3203296      304.0910    51      305.6221      295.4688 28036402    3.32%          x.0.27 D 5012010 5012008     58
Elapsed time = 3443.27 sec. (2266933.51 ticks, tree = 8773.32 MB, solutions = 14)
Nodefile size = 6725.66 MB (2636.52 MB after compression)
 5020084 3207895      297.2199    51      305.6221      295.4718 28081945    3.32%         x.18.15 D 5020084 5020083     23
 5028215 3212294      296.7436    53      305.6221      295.4749 28128324    3.32%         x.25.35 U 5028215 1519707     24
 5036318 3216663        cutoff            305.6221      295.4783 28174593    3.32%         x.11.27 U 5036318 3105419     27
 5044349 3220952      301.9657    44      305.6221      295.4818 28220524    3.32%         x.20.35 D 5044349 5044348     57
 5052512 3225327      300.4109    50      305.6221      295.4850 28267124    3.32%         x.33.35 D 5052512 5052511     36
 5060748 3229896      298.2543    48      305.6221      295.4880 28312134    3.32%         x.11.27 D 5060748 5060747     44
 5068903 3234417      302.0110    53      305.6221      295.4914 28359284    3.31%         x.35.10 D 5068903 5068902     36
 5077104 3238960      305.3754    49      305.6221      295.4946 28405881    3.31%         x.20.35 U 5077104 709732     37
 5085267 3243464      300.9025    46      305.6221      295.4976 28451547    3.31%         x.26.27 D 5085267 5085266     49
 5093550 3248104      301.9124    44      305.6221      295.5007 28498044    3.31%         x.39.22 D 5093550 5093549     46
Elapsed time = 3503.98 sec. (2305082.97 ticks, tree = 8895.20 MB, solutions = 14)
Nodefile size = 6847.48 MB (2679.28 MB after compression)
 5101629 3252464      299.8673    53      305.6221      295.5043 28543281    3.31%         x.11.10 D 5101629 5101628     38
 5109597 3257028      299.7184    44      305.6221      295.5069 28588207    3.31%         x.29.15 D 5109597 5109596     33
 5117441 3261290      299.2815    53      305.6221      295.5099 28633023    3.31%          x.16.7 D 5117441 5117440     40
 5125290 3265509      297.3070    52      305.6221      295.5131 28677924    3.31%          x.6.27 D 5125290 5125289     35
 5133406 3269925      299.0705    48      305.6221      295.5159 28723083    3.31%          x.16.7 D 5133406 5133405     44
 5141525 3274313      305.3627    46      305.6221      295.5192 28768302    3.31%         x.16.27 D 5141525 5141524     57
 5149750 3278843      301.3510    52      305.6221      295.5222 28813705    3.30%          x.17.7 D 5149750 5149749     51
 5157945 3283276        cutoff            305.6221      295.5258 28860529    3.30%           x.7.7 D 5157945 5157944     51
 5166000 3287647      302.1921    48      305.6221      295.5285 28905429    3.30%          x.20.7 D 5166000 5165999     52
 5173956 3291928      303.7300    42      305.6221      295.5322 28950662    3.30%          x.29.3 U 5173956 5173955     52
Elapsed time = 3564.15 sec. (2343235.43 ticks, tree = 9014.39 MB, solutions = 14)
Nodefile size = 6967.26 MB (2721.02 MB after compression)
 5182030 3296382      303.2116    44      305.6221      295.5354 28996529    3.30%          x.16.7 D 5182030 5182029     42
 5190071 3300771        cutoff            305.6221      295.5385 29041747    3.30%          x.7.13 U 5190071 5190070     52
 5198256 3305202      302.9160    53      305.6221      295.5419 29088410    3.30%          x.23.3 D 5198256 5198254     57
 5206398 3309647      301.4239    44      305.6221      295.5452 29134154    3.30%          x.20.7 D 5206398 5206397     56
 5214610 3314148      299.8472    42      305.6221      295.5486 29179991    3.30%          x.16.7 D 5214610 5214609     48

Gomory fractional cuts applied:  18
User cuts applied:  196

Root node processing (before b&c):
  Real time             =    0.11 sec. (75.49 ticks)
Sequential b&c:
  Real time             = 3599.93 sec. (2369587.68 ticks)
                          ------------
Total (root+branch&cut) = 3600.04 sec. (2369663.17 ticks)

Solution status: 107
Objective value:  3.0562209073e+02
Solution status is not CPX_STAT_OPTIMAL
Node: 5222183
