proble size: m = 5 , n = 5 , seed = 2 
Benders' cuts separated to cut off: Only integer infeasible solutions.
seed = 2
Version identifier: 20.1.0.0 | 2020-11-10 | 9bedb6d68
CPXPARAM_Threads                                 1
CPXPARAM_RandomSeed                              2
CPXPARAM_MIP_Strategy_CallbackReducedLP          0
CPXPARAM_MIP_Strategy_Search                     1
CPXPARAM_TimeLimit                               3600
CPXPARAM_MIP_Tolerances_AbsMIPGap                0
CPXPARAM_MIP_Tolerances_MIPGap                   0
Legacy callback                                  L
Tried aggregator 1 time.
Reduced MIP has 40 rows, 1640 columns, and 1600 nonzeros.
Reduced MIP has 1600 binaries, 0 generals, 0 SOSs, and 0 indicators.
Presolve time = 0.04 sec. (0.63 ticks)
Probing time = 0.01 sec. (2.48 ticks)
Clique table members: 40.
MIP emphasis: balance optimality and feasibility.
MIP search method: traditional branch-and-cut.
Parallel mode: none, using 1 thread.
Root relaxation solution time = 0.03 sec. (0.34 ticks)

        Nodes                                         Cuts/
   Node  Left     Objective  IInf  Best Integer    Best Bound    ItCnt     Gap         Variable B NodeID Parent  Depth

      0     0        0.0000    26                      0.0000        0         
*     0+    0                         1018.9473        0.0000           100.00%
*     0+    0                          872.3544        0.0000           100.00%
      0     0      182.8557    47      872.3544     Fract: 23       96   79.04%
*     0+    0                          689.4544      182.8557            73.48%
      0     0      238.9809    61      689.4544     Fract: 19      169   65.34%
*     0+    0                          599.0916      238.9809            60.11%
*     0+    0                          590.4667      238.9809            59.53%
*     0+    0                          535.6977      238.9809            55.39%
*     0+    0                          398.6941      238.9809            40.06%
      0     2      284.7188    59      398.6941      284.7318      169   28.58%                        0             0
Elapsed time = 0.21 sec. (56.82 ticks, tree = 0.01 MB, solutions = 7)
*    10+   10                          357.8225      285.8783            20.11%
*    90+   90                          328.3201      285.8783            12.93%
    130   132      309.8221    48      328.3201      285.8783     1064   12.93%          x.0.21 D    130    129    102
*   260+  248                          326.3310      286.6312            12.17%
*   280+  262                          324.8358      286.6312            11.76%
*   320+  294                          322.0872      286.6312            11.01%
    340   316      312.0833    21      322.0872      286.6312     2394   11.01%          x.6.14 U    340    338    136
*   410+  258                          307.5306      286.9138             6.70%
    580   402      299.3950    49      307.5306      287.4415     3961    6.53%         x.21.29 D    580    579     30
    938   728      300.7524    54      307.5306      290.8951     6326    5.41%         x.29.13 D    938    937     51
   1381  1137      302.7418    57      307.5306      291.7495     8768    5.13%         x.29.29 D   1381   1380     58
   1811  1519      296.4165    51      307.5306      292.1024    11403    5.02%           x.7.7 D   1811   1810     17
   2311  1965      295.1481    50      307.5306      292.2372    14329    4.97%         x.23.21 U   2311   2310     25
   2797  2407      302.1697    53      307.5306      292.3485    17260    4.94%          x.0.31 D   2797   2796     45
   3319  2879      294.9666    56      307.5306      292.4171    19757    4.91%         x.39.22 D   3319   3318     26
*  3340+ 2818                          306.9039      292.4171             4.72%
   5060  4337      299.0773    51      306.9039      292.7484    28728    4.61%         x.11.10 D   5060   5059     52
Elapsed time = 3.03 sec. (3163.89 ticks, tree = 12.15 MB, solutions = 14)
   7142  6229      299.2515    49      306.9039      293.0351    39264    4.52%         x.25.35 D   7142   7141     36
   9210  8103      303.7174    40      306.9039      293.2040    49586    4.46%          x.13.6 D   9210   9209     61
  11385 10046      303.9308    52      306.9039      293.3794    61223    4.41%         x.16.13 D  11385  11384     71
* 13298 11602      integral     0      306.5967      293.5387    70573    4.26%
  13742 12005      304.5076    40      306.5967      293.5742    73066    4.25%         x.30.12 D  13742  13741     67
  15963 13900      295.6996    58      306.5967      293.6968    85459    4.21%         x.39.22 D  15963  15962     17
  18211 15900      301.9060    48      306.5967      293.8448    97356    4.16%          x.36.4 D  18211  18210     46
* 19200+16604                          306.4547      293.8886             4.10%
  20155 17439      303.3416    43      306.4547      293.9304   107838    4.09%         x.39.35 D  20155  20154     48
  22277 19219      300.6423    52      306.4547      294.0717   119156    4.04%          x.4.13 D  22277  22276     45
  24433 21016      304.8541    38      306.4547      294.1995   130980    4.00%         x.23.35 D  24433  24432     70
  26682 22844      302.0715    56      306.4547      294.2969   142646    3.97%          x.32.7 D  26682  26681     46
Elapsed time = 12.27 sec. (12702.85 ticks, tree = 64.40 MB, solutions = 16)
  28849 24604      300.4334    53      306.4547      294.3960   153916    3.93%         x.16.29 U  28849  28848     29
* 29770+25344                          306.4234      294.4147             3.92%
  30790 26194      298.9638    50      306.4234      294.4532   163701    3.91%          x.15.7 D  30790  30789     30
  32987 28007      299.1377    51      306.4234      294.5017   174966    3.89%          x.26.4 D  32987  32986     33
* 34000+28324                          306.1623      294.5400             3.80%
  34891 29049      302.9892    47      306.1623      294.5704   184883    3.79%         x.11.27 D  34891  34890     46
  37074 30830      304.4911    50      306.1623      294.6391   196339    3.76%         x.35.36 D  37074  37073     58
  39290 32505      302.3153    41      306.1623      294.7184   207954    3.74%         x.30.22 D  39290  39289     55
  41505 34173      298.6965    52      306.1623      294.7932   219362    3.71%         x.16.22 D  41505  41504     23
  43740 35883      303.4921    37      306.1623      294.8603   230776    3.69%          x.1.35 D  43740  43739     57
  45957 37653      304.9036    57      306.1623      294.9147   241929    3.67%          x.29.7 D  45957  45956     10
  48177 39341      305.2760    49      306.1623      294.9666   253129    3.66%          x.26.4 U  48177  48175     34
Elapsed time = 21.62 sec. (22242.03 ticks, tree = 111.92 MB, solutions = 18)
  50411 41110      296.3849    57      306.1623      295.0194   264406    3.64%          x.16.7 N  50411  50410     17
  52655 42865      297.7104    54      306.1623      295.0734   275483    3.62%          x.11.7 D  52655  52654     27
  54822 44485      303.9521    57      306.1623      295.1318   286899    3.60%          x.17.4 D  54822  54821     44
  57073 46218      296.5254    60      306.1623      295.1931   298350    3.58%          x.2.22 D  57073  57072     24
  59297 47956      300.1454    51      306.1623      295.2322   309546    3.57%         x.13.27 D  59297  59296     47
  61560 49731      302.2596    47      306.1623      295.2709   320758    3.56%          x.0.27 D  61560  61559     47
* 63050+50150                          306.0114      295.3022             3.50%
  63555 50529      305.9867    56      306.0114      295.3094   331238    3.50%         x.16.29 U  63555  63554     34
  65649 52163      298.9520    58      306.0114      295.3362   341911    3.49%          x.17.7 D  65649  65648     28
  67925 53964      302.8293    45      306.0114      295.3816   353440    3.47%          x.1.35 D  67925  67924     60
  70165 55692      297.9765    51      306.0114      295.4152   364722    3.46%          x.27.7 D  70165  70164     23
Elapsed time = 30.99 sec. (31782.38 ticks, tree = 157.66 MB, solutions = 19)
  72397 57402      301.0128    49      306.0114      295.4581   376399    3.45%           x.5.2 D  72397  72396     35
  74662 59123      305.9584    44      306.0114      295.4942   387633    3.44%         x.28.21 U  74662  74661     80
  76869 60797      303.9416    44      306.0114      295.5289   399146    3.43%         x.29.27 U  76869  76867     34
  79135 62546      303.9316    47      306.0114      295.5596   410475    3.42%          x.14.7 D  79135  79134     53
  81314 64232      304.5318    45      306.0114      295.5952   422281    3.40%         x.35.20 D  81314  81313     71
  83556 65971      302.6221    53      306.0114      295.6284   433824    3.39%          x.0.27 D  83556  83555     52
  85750 67679      302.0775    56      306.0114      295.6553   445432    3.38%         x.26.27 D  85750  85749     47
  88036 69453      303.5605    50      306.0114      295.6869   456741    3.37%          x.30.7 D  88036  88035     64
  90302 71183      298.4208    49      306.0114      295.7245   468141    3.36%          x.36.4 D  90302  90301     43
  92522 72895      305.9422    51      306.0114      295.7532   479745    3.35%          x.29.3 U  92522  92520     48
Elapsed time = 40.29 sec. (41320.78 ticks, tree = 208.59 MB, solutions = 19)
* 93890+73121                          305.8772      295.7707             3.30%
  94525 73619      298.5844    52      305.8772      295.7804   489846    3.30%         x.12.38 D  94525  94524     37
  96627 75210      298.1358    47      305.8772      295.8098   501207    3.29%          x.32.7 D  96627  96626     26
  98900 76966      301.7261    51      305.8772      295.8439   512895    3.28%         x.22.38 U  98900  98898     31
 101100 78631      305.8445    37      305.8772      295.8690   524015    3.27%          x.0.37 U 101100 101099     57
 103380 80380      297.3995    53      305.8772      295.9028   535217    3.26%         x.36.22 D 103380 103379     37
 105606 82041      300.7099    52      305.8772      295.9294   546465    3.25%         x.23.27 D 105606 105605     43
 107910 83794      304.3369    36      305.8772      295.9542   557752    3.24%         x.35.35 N 107910 107909     72
 110176 85558      305.8668    42      305.8772      295.9816   569156    3.24%         x.28.11 D 110176 110174     93
 112427 87274      300.0078    62      305.8772      296.0074   580347    3.23%         x.26.27 D 112427 112426     55
 114694 88998      303.6139    50      305.8772      296.0309   591797    3.22%          x.14.7 D 114694 114692     65
Elapsed time = 49.67 sec. (50860.27 ticks, tree = 253.63 MB, solutions = 20)
 116983 90735      304.9695    56      305.8772      296.0669   603432    3.21%         x.34.29 D 116983 116981     21
 119230 92400      301.2153    42      305.8772      296.0975   614989    3.20%         x.14.27 D 119230 119229     56
 121498 94111      299.2927    57      305.8772      296.1235   626617    3.19%         x.16.22 D 121498 121497     24
 123741 95759      300.0259    49      305.8772      296.1513   638539    3.18%         x.32.22 D 123741 123740     42
 125983 97464      304.7531    39      305.8772      296.1847   650524    3.17%          x.14.7 D 125983 125982     55
 128211 99144      301.3709    52      305.8772      296.2112   661893    3.16%          x.15.7 D 128211 128210     44
 130403 100808      300.4019    55      305.8772      296.2363   673508    3.15%          x.30.7 D 130403 130402     30
 132687 102554      301.4552    54      305.8772      296.2605   685145    3.14%          x.22.7 D 132687 132686     32
 134901 104238      302.0426    59      305.8772      296.2815   696564    3.14%          x.15.7 D 134901 134900     41
 137143 105901      304.4377    52      305.8772      296.3081   708531    3.13%         x.22.35 D 137143 137142     66
Elapsed time = 58.98 sec. (60399.55 ticks, tree = 300.90 MB, solutions = 20)
 139380 107600      297.5741    53      305.8772      296.3345   720230    3.12%          x.3.22 D 139380 139379     19
 141600 109277      304.1057    40      305.8772      296.3586   731815    3.11%          x.30.0 D 141600 141599     66
 143866 110980      304.4561    43      305.8772      296.3824   743558    3.10%         x.28.21 D 143866 143865     55
 146128 112697        cutoff            305.8772      296.3991   755088    3.10%          x.17.7 U 146128  34921     22
 148418 114457      301.7817    57      305.8772      296.4261   766639    3.09%          x.0.38 D 148418 148417     45
 150717 116204      302.6391    42      305.8772      296.4483   777832    3.08%         x.30.22 D 150717 150716     63
 152979 117896      299.7333    50      305.8772      296.4738   789312    3.07%           x.2.7 D 152979 152978     25
 155248 119607      302.9363    48      305.8772      296.4921   800347    3.07%          x.0.37 U 155248 155246     52
 157558 121380      299.6778    51      305.8772      296.5139   811649    3.06%         x.16.27 D 157558 157557     57
 159871 123116      300.6431    42      305.8772      296.5365   823000    3.05%          x.22.8 D 159871 159870     68
Elapsed time = 68.41 sec. (69942.96 ticks, tree = 349.04 MB, solutions = 20)
 162100 124780      301.6390    54      305.8772      296.5584   834677    3.05%          x.29.3 U 162100 162099     58
 164400 126573      303.8576    36      305.8772      296.5731   845992    3.04%          x.22.3 D 164400 164399     66
 166659 128210      299.9701    49      305.8772      296.5939   857726    3.03%          x.6.27 D 166659 166658     52
 168946 129972      301.3121    38      305.8772      296.6142   868925    3.03%         x.33.35 D 168946 168945     54
 171254 131687      301.5746    59      305.8772      296.6292   880241    3.02%         x.23.27 D 171254 171253     44
 173494 133395      303.1425    53      305.8772      296.6520   891346    3.02%          x.29.3 U 173494 173493     52
 175817 135089      297.2087    45      305.8772      296.6707   902416    3.01%          x.9.22 D 175817 175816     27
 178152 136821      302.1812    50      305.8772      296.6920   913245    3.00%          x.35.4 D 178152 178151     55
 180400 138556      303.9780    50      305.8772      296.7121   924488    3.00%         x.23.27 D 180400 180399     39
 182694 140292      305.1993    32      305.8772      296.7345   935482    2.99%          x.4.22 D 182694 182693     81
Elapsed time = 77.71 sec. (79487.41 ticks, tree = 400.05 MB, solutions = 20)
 184997 142042      298.2190    53      305.8772      296.7497   946360    2.98%         x.18.38 D 184997 184996     45
 187241 143740      302.2615    54      305.8772      296.7707   958057    2.98%           x.6.4 D 187241 187240     42
 189517 145413      301.0845    52      305.8772      296.7937   969750    2.97%          x.5.26 U 189517 189516     22
 191800 147145      302.5377    36      305.8772      296.8137   980796    2.96%         x.24.35 D 191800 191799     77
 194143 148922      302.6584    53      305.8772      296.8337   992117    2.96%           x.8.4 D 194143 194142     58
 196445 150669      299.4400    52      305.8772      296.8473  1003562    2.95%          x.30.0 D 196445 196444     36
 198777 152443      300.1329    53      305.8772      296.8670  1014984    2.95%         x.10.22 D 198777 198775     37
 201075 154245      304.9014    53      305.8772      296.8798  1026267    2.94%          x.7.27 D 201075 201073     42
 203325 155877      299.5512    51      305.8772      296.8956  1037474    2.94%           x.7.7 D 203325 203324     28
 212411 162715      305.2137    39      305.8772      296.9570  1082981    2.92%          x.21.5 D 212411 212410     95
Elapsed time = 89.73 sec. (91886.70 ticks, tree = 464.46 MB, solutions = 20)
*220400+163290                          305.5445      297.0202             2.79%
 221350 163973      299.6896    65      305.5445      297.0283  1126612    2.79%          x.3.22 D 221350 221349     26
 230490 170841      300.0410    48      305.5445      297.0903  1170794    2.77%         x.26.27 D 230490 230489     51
 239670 177608      303.9343    38      305.5445      297.1490  1216345    2.75%          x.21.9 D 239670 239669     63
 248751 184179      303.1413    59      305.5445      297.2073  1262018    2.73%          x.20.7 D 248751 248750     27
 257953 190944      299.1750    49      305.5445      297.2644  1307602    2.71%         x.18.38 N 257953 151046     44
 267240 197944      301.2164    42      305.5445      297.3159  1352952    2.69%         x.39.35 D 267240 267239     79
 276440 204931      302.3089    35      305.5445      297.3648  1398028    2.68%         x.25.35 D 276440 276439     66
 285730 211830      302.4203    42      305.5445      297.4154  1443262    2.66%         x.30.22 D 285730 285729     63
 294979 218748      303.9665    41      305.5445      297.4665  1488787    2.64%         x.22.37 U 294979 294977     46
 304220 225491      300.9008    50      305.5445      297.5119  1534321    2.63%          x.6.27 D 304220 304219     44
Elapsed time = 126.91 sec. (130038.66 ticks, tree = 642.11 MB, solutions = 21)
 313398 232188      303.5431    41      305.5445      297.5525  1579689    2.62%         x.23.35 D 313398 313397     71
 322687 238945      297.6053    58      305.5445      297.6011  1624972    2.60%          x.5.32 U 322687 136292     23
 331871 245623      298.0489    54      305.5445      297.6439  1670317    2.59%          x.9.22 D 331871 331870     35
 341174 252554      304.4015    47      305.5445      297.6855  1715496    2.57%         x.24.35 D 341174 341173     59
 350580 259738      303.9508    41      305.5445      297.7231  1760234    2.56%         x.33.35 D 350580 350579     69
 359855 266663      298.9102    58      305.5445      297.7610  1804860    2.55%         x.17.22 D 359855 359854     27
 369112 273624      299.7432    53      305.5445      297.7973  1850195    2.54%          x.6.14 D 369112 369111     68
 378487 280586      302.7275    46      305.5445      297.8361  1894976    2.52%          x.30.0 D 378487 378486     69
 387759 287349      300.9200    47      305.5445      297.8726  1939883    2.51%         x.14.27 D 387759 387758     60
 397098 294267      303.8003    56      305.5445      297.9064  1984588    2.50%          x.5.26 U 397098 397097     32
Elapsed time = 163.75 sec. (168188.39 ticks, tree = 839.89 MB, solutions = 21)
 406437 301297      304.4120    40      305.5445      297.9411  2029106    2.49%         x.35.36 D 406437 406436     73
 415650 308247      301.3978    50      305.5445      297.9728  2074169    2.48%          x.30.0 D 415650 415649     64
 425072 315257        cutoff            305.5445      298.0057  2118736    2.47%          x.3.10 D 425072 425070     71
 434562 322415      302.0395    49      305.5445      298.0362  2162658    2.46%          x.30.0 D 434562 434561     53
 443813 329340      299.5772    53      305.5445      298.0640  2206967    2.45%         x.31.22 N 443813 443812     36
 453144 336317      303.8868    39      305.5445      298.0904  2251366    2.44%           x.8.9 D 453144 453143     78
 462480 343260      304.4539    50      305.5445      298.1214  2295054    2.43%          x.30.0 D 462480 462479     61
 471758 350268      300.8561    52      305.5445      298.1489  2339597    2.42%         x.10.22 D 471758 471757     24
 481167 357391      304.2849    40      305.5445      298.1739  2384628    2.41%         x.24.30 D 481167 481166     63
 490472 364291      300.7414    56      305.5445      298.1986  2429408    2.40%          x.36.4 D 490472 490471     39
Elapsed time = 200.59 sec. (206338.88 ticks, tree = 1039.30 MB, solutions = 21)
 499798 371304      301.9670    49      305.5445      298.2245  2473195    2.40%         x.12.38 D 499798 499797     39
 509172 378328        cutoff            305.5445      298.2501  2517763    2.39%         x.30.22 U 509172 509170     58
 518716 385559      303.5092    35      305.5445      298.2719  2561917    2.38%         x.35.10 D 518716 518715     92
 528147 392684      301.8165    59      305.5445      298.2928  2606750    2.37%         x.26.27 D 528147 528146     56
 537586 399845      304.2754    36      305.5445      298.3152  2650806    2.37%         x.19.11 D 537586 537585     65
 546952 406900      302.6206    55      305.5445      298.3358  2694542    2.36%          x.0.27 D 546952 546951     50
 556297 413890      304.5794    51      305.5445      298.3585  2739045    2.35%         x.19.11 U 556297 556296     47
 565615 420877        cutoff            305.5445      298.3800  2783175    2.34%          x.36.7 U 565615  32879     17
 575108 427954      301.9303    53      305.5445      298.4025  2827513    2.34%          x.0.27 N 575108 575107     45
 584400 434762      300.1234    58      305.5445      298.4235  2871942    2.33%          x.35.4 D 584400 584399     52
Elapsed time = 237.40 sec. (244492.36 ticks, tree = 1240.67 MB, solutions = 21)
 593871 441938        cutoff            305.5445      298.4434  2915650    2.32%          x.2.22 U 593871 268712     26
 603292 448993      299.6881    49      305.5445      298.4639  2959859    2.32%          x.30.0 D 603292 603291     56
 612610 455961      300.6359    44      305.5445      298.4824  3004154    2.31%          x.13.4 D 612610 612609     64
 621982 462912      298.5551    55      305.5445      298.5004  3048489    2.31%         x.22.38 U 621982 114594     31
 631290 469875      302.1077    52      305.5445      298.5191  3092630    2.30%          x.39.7 D 631290 631289     30
 640788 477065      302.8871    36      305.5445      298.5373  3136491    2.29%          x.31.6 U 640788 640787     80
 650198 484186      303.4802    43      305.5445      298.5541  3179807    2.29%         x.22.20 D 650198 650197     83
 659603 491268      303.4717    51      305.5445      298.5700  3223105    2.28%          x.8.27 U 659603 659601     44
 668947 498075      299.8900    60      305.5445      298.5868  3266989    2.28%         x.16.22 D 668947 668946     36
 678400 505120      303.3742    35      305.5445      298.6024  3311032    2.27%         x.16.37 U 678400 678399     73
Elapsed time = 274.02 sec. (282646.31 ticks, tree = 1442.59 MB, solutions = 21)
 687906 512371      302.1603    57      305.5445      298.6196  3355169    2.27%          x.17.7 D 687906 687905     28
 697240 519286      301.0308    50      305.5445      298.6348  3399172    2.26%          x.0.27 D 697240 697239     50
 706718 526279      304.8839    50      305.5445      298.6509  3443045    2.26%         x.39.35 D 706718 706717     62
 716072 533290      302.5475    47      305.5445      298.6674  3486826    2.25%           x.8.4 D 716072 716071     49
 725570 540423      302.2596    54      305.5445      298.6817  3530679    2.25%          x.0.27 D 725570 725569     57
 735016 547433      300.9577    52      305.5445      298.6960  3574903    2.24%         x.13.38 D 735016 735015     40
 744410 554375      299.7975    48      305.5445      298.7115  3619035    2.24%           x.6.4 D 744410 744409     45
 753811 561296      299.3124    55      305.5445      298.7252  3663890    2.23%          x.16.4 D 753811 753810     43
 763177 568264      301.8508    46      305.5445      298.7404  3708057    2.23%          x.14.7 D 763177 763176     66
 772634 575225      299.0302    50      305.5445      298.7550  3752906    2.22%          x.26.4 D 772634 772633     37
Elapsed time = 310.23 sec. (320796.59 ticks, tree = 1644.81 MB, solutions = 21)
 781962 582148      304.5005    41      305.5445      298.7692  3797007    2.22%         x.33.35 D 781962 781961     74
 791314 589049      305.0740    55      305.5445      298.7827  3842364    2.21%         x.22.38 D 791314 791313     46
 800744 596142      303.4750    46      305.5445      298.7970  3886143    2.21%         x.13.27 D 800744 800743     67
 810133 603102      304.8147    47      305.5445      298.8097  3930492    2.20%          x.29.3 U 810133 810132     58
 819576 610153      301.2093    59      305.5445      298.8224  3975051    2.20%          x.0.38 D 819576 819575     39
 829011 617179      303.7985    52      305.5445      298.8351  4019916    2.20%          x.5.26 D 829011 829009     55
 838362 624132      301.8552    64      305.5445      298.8475  4063967    2.19%         x.18.38 D 838362 838361     35
 847770 631187      303.7459    46      305.5445      298.8602  4108458    2.19%          x.26.5 U 847770 847769     60
 857167 638140      301.4419    44      305.5445      298.8727  4153382    2.18%          x.2.19 D 857167 857166     53
 866553 645024      305.1910    42      305.5445      298.8844  4198289    2.18%         x.30.22 D 866553 866551     59
Elapsed time = 346.57 sec. (358945.62 ticks, tree = 1840.08 MB, solutions = 21)
 875967 652057      304.2811    43      305.5445      298.8965  4243480    2.18%         x.24.30 D 875967 875966     76
 885354 658918      298.9271    50      305.5445      298.9079  4288302    2.17%         x.22.15 D 885354 838922     39
 894778 665886      303.1557    57      305.5445      298.9198  4332056    2.17%           x.8.4 D 894778 894777     60
 904100 672831      301.3952    52      305.5445      298.9309  4376857    2.16%          x.8.27 D 904100 904099     43
 913419 679779      304.6000    42      305.5445      298.9413  4421532    2.16%         x.23.27 N 913419 913417     52
 922675 686642      304.0283    36      305.5445      298.9521  4466278    2.16%         x.24.30 D 922675 922674     64
 931961 693569      299.8180    52      305.5445      298.9629  4510885    2.15%          x.13.4 D 931961 931960     50
 941320 700514      301.7631    55      305.5445      298.9734  4556244    2.15%          x.30.7 U 941320 344290     35
 950600 707446      304.9643    38      305.5445      298.9834  4601148    2.15%         x.25.35 D 950600 950599     55
 959908 714331      300.5540    53      305.5445      298.9935  4646117    2.14%         x.13.27 D 959908 959907     51
Elapsed time = 382.87 sec. (397096.26 ticks, tree = 2041.32 MB, solutions = 21)
 968496 720620      300.9844    60      305.5445      299.0029  4688321    2.14%         x.13.38 D 968496 968495     55
 976547 726575      303.8722    41      305.5445      299.0107  4726342    2.14%         x.23.35 D 976547 976546     57
 984717 732639      301.6765    53      305.5445      299.0196  4765907    2.14%          x.0.38 D 984717 984716     48
 992714 738534      305.0561    54      305.5445      299.0281  4804496    2.13%          x.1.29 U 992714 992713     48
 1000960 744641      305.2323    39      305.5445      299.0370  4844477    2.13%         x.35.35 D 1000960 1000958     54
 1009828 751073      302.9833    49      305.5445      299.0463  4887772    2.13%          x.30.8 D 1009828 1009827     53
 1018600 757496      301.0094    49      305.5445      299.0550  4930192    2.12%          x.13.4 D 1018600 1018599     47
 1027160 763699      302.7431    49      305.5445      299.0639  4971603    2.12%         x.14.27 D 1027160 1027159     51
 1035665 769871      304.3547    40      305.5445      299.0716  5013057    2.12%         x.27.17 D 1035665 1035664     75
 1044236 776116      305.4219    34      305.5445      299.0804  5055718    2.12%         x.30.20 D 1044236 1044235     85
Elapsed time = 438.79 sec. (435246.18 ticks, tree = 2209.90 MB, solutions = 21)
Nodefile size = 162.66 MB (80.19 MB after compression)
 1053025 782580      301.7926    48      305.5445      299.0884  5097934    2.11%         x.12.29 U 1053025 1053024     48
 1061650 788933      304.9877    48      305.5445      299.0966  5139898    2.11%          x.29.3 U 1061650 1061649     46
 1070510 795524      302.6855    44      305.5445      299.1049  5182751    2.11%         x.11.27 D 1070510 1070509     63
 1079160 801834      305.2807    42      305.5445      299.1125  5223816    2.11%         x.21.25 U 1079160 1079159     56
 1088003 808311      299.1203    57      305.5445      299.1204  5266996    2.10%         x.13.29 D 1088003 914316     40
 1096529 814553      300.4726    56      305.5445      299.1284  5307998    2.10%           x.6.4 D 1096529 1096528     41
 1105124 820811      304.1150    56      305.5445      299.1364  5350430    2.10%          x.0.38 D 1105124 1105123     55
 1113736 827086      302.5371    50      305.5445      299.1445  5392424    2.09%          x.1.35 D 1113736 1113735     61
 1122492 833499      302.5615    44      305.5445      299.1520  5434528    2.09%         x.39.35 D 1122492 1122491     54
 1130764 839547      305.3862    40      305.5445      299.1588  5474582    2.09%          x.0.21 N 1130764 1130763     60
Elapsed time = 497.12 sec. (473405.08 ticks, tree = 2382.80 MB, solutions = 21)
Nodefile size = 335.29 MB (164.01 MB after compression)
 1139328 845735      300.4445    51      305.5445      299.1659  5515321    2.09%         x.36.22 D 1139328 1139327     34
 1147965 852020      300.5633    47      305.5445      299.1736  5557363    2.09%         x.23.21 U 1147965  29593     35
 1156321 858120      304.3646    41      305.5445      299.1811  5598270    2.08%          x.0.21 D 1156321 1156319     56
 1165219 864595      303.4485    54      305.5445      299.1895  5641205    2.08%         x.25.35 D 1165219 1165218     69
 1174000 870967      302.2739    58      305.5445      299.1971  5683274    2.08%         x.30.22 D 1174000 1173999     48
 1182744 877210      303.0039    38      305.5445      299.2048  5724379    2.07%         x.13.11 U 1182744 1182743     80
 1191168 883336      303.9632    45      305.5445      299.2121  5764924    2.07%          x.36.4 D 1191168 1191167     45
 1199628 889475      299.8811    55      305.5445      299.2189  5805737    2.07%          x.30.7 D 1199628 1199627     40
 1208409 895914      302.4050    56      305.5445      299.2262  5848259    2.07%         x.26.27 D 1208409 1208408     50
 1217236 902255      303.9829    59      305.5445      299.2335  5889974    2.07%          x.30.8 D 1217236 1217235     44
Elapsed time = 555.80 sec. (511561.74 ticks, tree = 2553.74 MB, solutions = 21)
Nodefile size = 505.92 MB (245.02 MB after compression)
 1225783 908522      303.2259    55      305.5445      299.2400  5932106    2.06%         x.11.27 D 1225783 1225782     49
 1234390 914827      300.5473    53      305.5445      299.2467  5973714    2.06%         x.14.27 D 1234390 1234389     54
 1242899 921031      304.3391    55      305.5445      299.2529  6014022    2.06%         x.23.27 D 1242899 1242897     44
 1251574 927302      305.1480    46      305.5445      299.2609  6056621    2.06%          x.26.5 U 1251574 1251573     56
 1260084 933486      300.6003    56      305.5445      299.2672  6097642    2.05%          x.16.4 U 1260084 900218     42
 1268720 939848      300.7909    49      305.5445      299.2737  6139628    2.05%         x.22.37 D 1268720 1268719     65
 1277218 946067      302.1140    64      305.5445      299.2801  6180400    2.05%         x.36.22 D 1277218 1277217     30
 1285408 952096      304.7825    41      305.5445      299.2868  6219177    2.05%          x.22.3 D 1285408 1285407     71
 1294000 958375      303.4950    40      305.5445      299.2935  6260770    2.05%         x.39.35 D 1294000 1293999     67
 1302450 964558      305.3616    36      305.5445      299.3003  6301679    2.04%          x.0.21 D 1302450 1302449     52
Elapsed time = 614.97 sec. (549714.41 ticks, tree = 2723.55 MB, solutions = 21)
Nodefile size = 676.55 MB (324.24 MB after compression)
 1311026 970794      304.7782    48      305.5445      299.3066  6342839    2.04%         x.18.35 D 1311026 1311025     75
 1319633 977029      304.6695    35      305.5445      299.3131  6384517    2.04%         x.24.30 D 1319633 1319632     85
 1328298 983259      299.4500    42      305.5445      299.3199  6426744    2.04%         x.12.29 D 1328298 1116775     47
 1336840 989296      300.4110    45      305.5445      299.3264  6467456    2.04%          x.15.7 D 1336840 1336839     56
 1345459 995455      299.5857    52      305.5445      299.3323  6508712    2.03%         x.12.38 N 1345459 164672     35
 1354059 1001617      302.1545    46      305.5445      299.3390  6550362    2.03%         x.14.27 D 1354059 1354058     51
 1362480 1007602      305.2926    49      305.5445      299.3452  6590841    2.03%         x.16.29 U 1362480 1362479     53
 1371066 1013810      305.2241    43      305.5445      299.3514  6631324    2.03%          x.29.3 N 1371066 1371065     57
 1379527 1019979      300.0314    54      305.5445      299.3568  6671496    2.03%         x.35.35 D 1379527 1379526     56
 1388353 1026305      303.9870    53      305.5445      299.3633  6713142    2.02%         x.35.35 D 1388353 1388352     64
Elapsed time = 674.22 sec. (587864.18 ticks, tree = 2891.88 MB, solutions = 21)
Nodefile size = 844.17 MB (400.14 MB after compression)
 1396819 1032477      303.6550    45      305.5445      299.3693  6753532    2.02%          x.8.19 D 1396819 1396818     83
 1405043 1038333        cutoff            305.5445      299.3750  6792477    2.02%          x.8.12 D 1405043 1405042     67
 1413520 1044366      301.1473    54      305.5445      299.3805  6833231    2.02%          x.30.8 D 1413520 1413519     56
 1422706 1051020        cutoff            305.5445      299.3872  6877181    2.02%          x.0.21 U 1422706 1422705     62
 1431477 1057284      300.9205    53      305.5445      299.3932  6919571    2.01%         x.16.27 D 1431477 1431476     48
 1439976 1063423      304.0129    52      305.5445      299.3991  6961385    2.01%         x.30.12 D 1439976 1439975     61
 1448370 1069433      304.3119    33      305.5445      299.4047  7002728    2.01%         x.13.11 U 1448370 1448369     71
 1456955 1075566      302.9048    53      305.5445      299.4101  7043759    2.01%         x.26.27 D 1456955 1456954     57
 1465690 1081917      302.7611    46      305.5445      299.4162  7085784    2.01%         x.24.30 D 1465690 1465689     65
 1474434 1088210      301.6350    47      305.5445      299.4228  7128583    2.00%         x.23.21 N 1474434 1474433     50
Elapsed time = 734.11 sec. (626014.37 ticks, tree = 3060.63 MB, solutions = 21)
Nodefile size = 1012.80 MB (474.62 MB after compression)
 1483228 1094570      299.4369    52      305.5445      299.4288  7171117    2.00%         x.18.38 U 1483228 407790     38
 1491741 1100577      303.2694    46      305.5445      299.4344  7212518    2.00%          x.35.4 D 1491741 1491740     55
 1500315 1106721      302.0323    56      305.5445      299.4399  7253746    2.00%          x.0.21 D 1500315 1500314     61
 1509060 1113073      300.4679    51      305.5445      299.4456  7296666    2.00%          x.30.7 D 1509060 1509059     48
 1517401 1119109        cutoff            305.5445      299.4508  7337678    1.99%          x.15.7 U 1517401 1517399     53
 1525550 1125028      303.4481    46      305.5445      299.4557  7376224    1.99%          x.5.20 D 1525550 1525549     68
 1533940 1131077      299.8096    55      305.5445      299.4610  7416720    1.99%          x.16.4 D 1533940 1533939     36
 1542308 1137105      303.3196    46      305.5445      299.4664  7457432    1.99%          x.1.35 D 1542308 1542307     75
 1550515 1143105      299.5819    60      305.5445      299.4711  7497105    1.99%          x.3.22 U 1550515  11860     26
 1559330 1149409      301.6051    52      305.5445      299.4764  7540193    1.99%          x.5.34 D 1559330 1559329     49
Elapsed time = 793.99 sec. (664163.61 ticks, tree = 3227.46 MB, solutions = 21)
Nodefile size = 1180.43 MB (547.48 MB after compression)
 1567800 1155555      300.1914    49      305.5445      299.4812  7581899    1.98%         x.11.27 D 1567800 1567799     43
 1576201 1161535      305.1247    37      305.5445      299.4864  7623323    1.98%         x.25.35 D 1576201 1576200     55
 1584761 1167687      303.0170    42      305.5445      299.4917  7664841    1.98%           x.5.2 D 1584761 1584760     64
 1593290 1173845      301.4654    49      305.5445      299.4966  7706137    1.98%         x.18.38 D 1593290 1593289     43
 1601764 1179834      299.5301    57      305.5445      299.5012  7747404    1.98%         x.34.29 D 1601764 1341757     39
 1610209 1185704        cutoff            305.5445      299.5064  7790023    1.98%         x.25.35 U 1610209 1610207     58
 1618870 1191883      305.1058    39      305.5445      299.5117  7832316    1.97%          x.0.31 D 1618870 1618869     63
 1627235 1197801      303.0418    50      305.5445      299.5169  7873644    1.97%          x.30.0 U 1627235 1627234     64
 1635389 1203541      300.1054    59      305.5445      299.5217  7914225    1.97%         x.16.29 D 1635389 195730     32
 1643695 1209417      304.8715    46      305.5445      299.5265  7955514    1.97%          x.1.35 D 1643695 1643694     63
Elapsed time = 853.77 sec. (702314.79 ticks, tree = 3391.08 MB, solutions = 21)
Nodefile size = 1344.08 MB (617.36 MB after compression)
 1652017 1215260      303.0798    53      305.5445      299.5313  7997176    1.97%           x.8.4 D 1652017 1652016     48
 1660376 1221120      303.6716    44      305.5445      299.5361  8039560    1.97%         x.35.36 D 1660376 1660375     71
 1668798 1227061      305.3007    41      305.5445      299.5410  8082109    1.96%         x.20.12 D 1668798 1668797     73
 1677358 1233082        cutoff            305.5445      299.5461  8124213    1.96%         x.20.12 U 1677358 1677357     71
 1685868 1239047      302.5297    41      305.5445      299.5513  8165537    1.96%         x.10.29 U 1685868 1685867     44
 1694657 1245196      302.6393    56      305.5445      299.5562  8208226    1.96%         x.13.27 D 1694657 1694656     51
 1703500 1251384      303.5020    44      305.5445      299.5614  8251499    1.96%         x.35.20 D 1703500 1703499     61
 1712153 1257460      303.4286    46      305.5445      299.5662  8293755    1.96%          x.0.21 U 1712153 1712152     39
 1720655 1263488      303.5995    48      305.5445      299.5710  8334898    1.96%         x.24.35 N 1720655 1720654     64
 1729111 1269377      303.0706    54      305.5445      299.5759  8376725    1.95%         x.16.22 D 1729111 1729110     29
Elapsed time = 913.89 sec. (740487.40 ticks, tree = 3554.58 MB, solutions = 21)
Nodefile size = 1506.73 MB (685.63 MB after compression)
 1737581 1275427      303.5947    49      305.5445      299.5801  8418370    1.95%          x.2.19 D 1737581 1737580     71
 1746133 1281509      301.6037    51      305.5445      299.5852  8459759    1.95%         x.11.27 D 1746133 1746132     40
 1754617 1287464        cutoff            305.5445      299.5897  8501587    1.95%         x.23.35 U 1754617 1754615     64
 1763200 1293585      301.5639    51      305.5445      299.5944  8543906    1.95%         x.11.27 U 1763200 243531     51
 1771971 1299740      303.3846    50      305.5445      299.5993  8586132    1.95%         x.22.38 D 1771971 1771970     49
 1780601 1305713      302.6527    46      305.5445      299.6040  8628235    1.94%          x.35.4 D 1780601 1780600     48
 1789360 1311965      303.7183    45      305.5445      299.6085  8669703    1.94%         x.30.26 D 1789360 1789359     57
 1798322 1318412      301.7752    56      305.5445      299.6127  8711870    1.94%          x.8.27 D 1798322 1798321     55
 1807166 1324707      302.8511    50      305.5445      299.6170  8754433    1.94%         x.12.29 U 1807166 1807165     53
 1815906 1330924      301.5215    54      305.5445      299.6213  8796035    1.94%          x.8.27 U 1815906 900223     46
Elapsed time = 975.54 sec. (778670.19 ticks, tree = 3722.35 MB, solutions = 21)
Nodefile size = 1675.37 MB (755.09 MB after compression)
 1824192 1336835      304.6782    42      305.5445      299.6254  8836180    1.94%         x.19.14 D 1824192 1824191     69
 1832418 1342522      302.2660    47      305.5445      299.6300  8876270    1.94%         x.33.29 U 1832418 1832417     46
 1841000 1348507      300.8202    50      305.5445      299.6346  8917325    1.93%         x.12.29 U 1841000 1840999     53
 1849726 1354702      300.9693    51      305.5445      299.6391  8959101    1.93%         x.16.27 D 1849726 1849725     51
 1858525 1360867      301.4362    49      305.5445      299.6439  9001539    1.93%         x.13.27 D 1858525 1858524     61
 1866901 1366873      300.6683    58      305.5445      299.6479  9041429    1.93%         x.16.27 D 1866901 1866900     56
 1875564 1372960      303.4457    43      305.5445      299.6518  9083034    1.93%         x.27.16 D 1875564 1875563     54
 1884443 1379272      303.9422    51      305.5445      299.6562  9126485    1.93%          x.0.21 D 1884443 1884441     48
 1893400 1385679      304.6729    51      305.5445      299.6605  9168640    1.93%          x.30.0 U 1893400 1893398     56
 1902246 1392044      303.8938    55      305.5445      299.6647  9210128    1.92%          x.30.7 D 1902246 1902245     54
Elapsed time = 1036.76 sec. (816822.43 ticks, tree = 3888.98 MB, solutions = 21)
Nodefile size = 1842.01 MB (822.45 MB after compression)
 1911210 1398483      302.7260    46      305.5445      299.6692  9253272    1.92%           x.6.4 D 1911210 1911209     39
 1920240 1405013      300.3644    51      305.5445      299.6729  9295578    1.92%         x.22.38 D 1920240 1920239     36
 1929285 1411441      305.1889    54      305.5445      299.6766  9338368    1.92%         x.18.38 D 1929285 1929284     32
 1938260 1417807      302.8407    54      305.5445      299.6811  9380399    1.92%          x.15.7 D 1938260 1938259     55
 1947220 1424244      304.9868    37      305.5445      299.6854  9422387    1.92%         x.13.11 U 1947220 1947219     66
 1956301 1430778      302.1285    48      305.5445      299.6887  9465395    1.92%         x.23.27 D 1956301 1956300     40
 1965317 1437270      304.3943    49      305.5445      299.6928  9508168    1.92%         x.23.21 D 1965317 1965315     45
 1974363 1443692      301.5585    52      305.5445      299.6970  9550840    1.91%          x.6.27 U 1974363 1719167     42
 1983370 1450147      304.4397    41      305.5445      299.7012  9593799    1.91%         x.23.21 U 1983370 1983369     60
 1992417 1456620      300.8559    60      305.5445      299.7054  9635903    1.91%          x.5.10 D 1992417 1992416     44
Elapsed time = 1100.47 sec. (854980.93 ticks, tree = 4065.05 MB, solutions = 21)
Nodefile size = 2017.62 MB (892.29 MB after compression)
 2001090 1462792      302.1903    53      305.5445      299.7091  9676069    1.91%         x.11.27 U 2001090 2001088     40
 2009988 1469031      302.4343    56      305.5445      299.7133  9717787    1.91%          x.30.7 D 2009988 2009987     56
 2018332 1474951        cutoff            305.5445      299.7168  9757793    1.91%          x.8.13 U 2018332 2018330     87
 2027000 1481139      300.2484    48      305.5445      299.7209  9798630    1.91%          x.0.38 D 2027000 2026999     44
 2035646 1487291      304.2486    51      305.5445      299.7246  9839252    1.90%         x.16.10 D 2035646 2035645     61
 2044310 1493455      301.4825    57      305.5445      299.7284  9879852    1.90%          x.0.38 D 2044310 2044309     41
 2053300 1499850      301.5183    47      305.5445      299.7327  9922368    1.90%         x.23.35 D 2053300 2053299     56
 2062118 1505892      301.7860    47      305.5445      299.7369  9964670    1.90%          x.26.4 D 2062118 2062117     46
 2070718 1511933      304.9559    46      305.5445      299.7409 10006076    1.90%          x.1.35 D 2070718 2070717     66
 2079221 1517905      302.9404    38      305.5445      299.7449 10046507    1.90%         x.25.35 D 2079221 2079219     74
Elapsed time = 1162.37 sec. (893130.08 ticks, tree = 4232.15 MB, solutions = 21)
Nodefile size = 2184.26 MB (958.12 MB after compression)
 2087647 1523772      303.5833    37      305.5445      299.7486 10087736    1.90%         x.24.35 D 2087647 2087646     73
 2096129 1529779      304.5344    38      305.5445      299.7519 10128631    1.90%         x.16.10 D 2096129 2096128     60
 2104888 1536008      301.6253    52      305.5445      299.7557 10170424    1.89%          x.13.4 D 2104888 2104887     55
 2113375 1541967      302.1448    48      305.5445      299.7591 10210645    1.89%          x.17.4 U 2113375 1680403     49
 2121846 1547918      303.9440    46      305.5445      299.7624 10252356    1.89%         x.20.12 D 2121846 2121844     67
 2130468 1553809      300.0360    52      305.5445      299.7663 10293963    1.89%         x.36.22 D 2130468 2130467     38
 2139246 1559955      302.3960    49      305.5445      299.7701 10335673    1.89%          x.36.4 D 2139246 2139245     40
 2147990 1566014      304.9132    45      305.5445      299.7739 10378499    1.89%         x.25.35 D 2147990 2147989     54
 2156631 1572081      299.9407    48      305.5445      299.7778 10420499    1.89%          x.36.4 U 2156631 218442     45
 2165438 1578177      304.3760    56      305.5445      299.7815 10463950    1.89%         x.11.27 U 2165438 2165436     45
Elapsed time = 1224.22 sec. (931282.98 ticks, tree = 4396.50 MB, solutions = 21)
Nodefile size = 2348.93 MB (1022.99 MB after compression)
 2174153 1584358      301.7166    55      305.5445      299.7852 10506890    1.88%          x.6.27 D 2174153 2174152     49
 2182857 1590407      305.3769    43      305.5445      299.7891 10549049    1.88%          x.30.0 D 2182857 2182856     70
 2191726 1596562      302.7559    51      305.5445      299.7927 10592923    1.88%         x.11.27 D 2191726 2191725     50
 2200395 1602648        cutoff            305.5445      299.7967 10636144    1.88%         x.39.35 U 2200395 2200393     53
 2208729 1608487      304.3517    43      305.5445      299.8007 10677903    1.88%         x.19.11 U 2208729 2208728     66
 2217399 1614504      301.8954    57      305.5445      299.8044 10720361    1.88%          x.13.4 D 2217399 2217398     47
 2226100 1620487      301.7957    54      305.5445      299.8081 10763492    1.88%         x.13.38 D 2226100 2226099     50
 2234515 1626222      300.0848    56      305.5445      299.8117 10804927    1.88%         x.29.27 D 2234515 2234514     37
 2243064 1632176      303.6391    54      305.5445      299.8151 10847172    1.88%          x.13.4 U 2243064 2243062     58
 2251915 1638306      303.0823    47      305.5445      299.8188 10890817    1.87%           x.5.2 D 2251915 2251914     56
Elapsed time = 1286.21 sec. (969432.48 ticks, tree = 4560.48 MB, solutions = 21)
Nodefile size = 2512.60 MB (1087.25 MB after compression)
 2260793 1644466      304.8085    42      305.5445      299.8225 10934951    1.87%         x.21.25 U 2260793 2260792     72
 2269634 1650672      302.0004    48      305.5445      299.8263 10977953    1.87%         x.19.11 D 2269634 2269632     47
 2278444 1656886      300.1465    52      305.5445      299.8298 11020938    1.87%         x.29.27 D 2278444 2278443     40
 2287172 1662867      302.2533    36      305.5445      299.8331 11063637    1.87%          x.5.14 D 2287172 2287171     59
 2296000 1669035      301.6140    51      305.5445      299.8365 11107271    1.87%          x.30.0 U 2296000 2295999     32
 2304833 1675170      303.1932    40      305.5445      299.8401 11150515    1.87%         x.20.12 D 2304833 2304832     66
 2313744 1681349      301.3568    51      305.5445      299.8435 11194379    1.87%         x.13.38 D 2313744 2313743     43
 2322753 1687638      302.5915    47      305.5445      299.8467 11238346    1.86%         x.26.27 D 2322753 2322752     43
 2331210 1693385      304.1092    44      305.5445      299.8502 11280819    1.86%          x.15.7 D 2331210 2331209     51
 2340000 1699391      304.2717    42      305.5445      299.8540 11324951    1.86%         x.22.35 D 2340000 2339999     57
Elapsed time = 1349.29 sec. (1007591.20 ticks, tree = 4727.06 MB, solutions = 21)
Nodefile size = 2679.26 MB (1152.22 MB after compression)
 2348760 1705462      301.3288    52      305.5445      299.8575 11368166    1.86%          x.13.4 D 2348760 2348759     46
 2357110 1711110      303.9921    59      305.5445      299.8611 11409071    1.86%         x.34.29 D 2357110 2357109     70
 2365630 1717030      303.4794    46      305.5445      299.8643 11451447    1.86%          x.0.27 D 2365630 2365629     52
 2374081 1722876      302.3077    51      305.5445      299.8677 11492973    1.86%          x.26.4 D 2374081 2374080     49
 2382271 1728533      302.2944    45      305.5445      299.8709 11533618    1.86%          x.1.35 D 2382271 2382270     58
 2390609 1734217      302.7986    55      305.5445      299.8744 11575451    1.86%          x.13.4 D 2390609 2390608     52
 2399360 1740221      300.1556    48      305.5445      299.8779 11618689    1.85%          x.36.4 U 2399360 536440     35
 2408112 1746255      305.4097    51      305.5445      299.8815 11662286    1.85%          x.1.35 U 2408112 2408109     67
 2416498 1752044      303.3807    50      305.5445      299.8850 11703270    1.85%          x.35.4 D 2416498 2416497     53
 2424997 1757928      300.6433    56      305.5445      299.8881 11744654    1.85%         x.13.38 D 2424997 2424996     59
Elapsed time = 1410.57 sec. (1045752.97 ticks, tree = 4886.69 MB, solutions = 21)
Nodefile size = 2838.94 MB (1213.53 MB after compression)
 2433597 1763879      305.4687    39      305.5445      299.8916 11786502    1.85%          x.26.5 D 2433597 2433595     60
 2441987 1769596      301.8438    50      305.5445      299.8951 11828168    1.85%         x.16.10 D 2441987 2441986     48
 2450406 1775406      301.3296    49      305.5445      299.8979 11869558    1.85%           x.6.4 D 2450406 2450405     44
 2459000 1781306      305.0443    41      305.5445      299.9013 11911379    1.85%         x.12.29 U 2459000 2458999     58
 2467910 1787457      301.5768    45      305.5445      299.9044 11955696    1.85%          x.7.27 D 2467910 2467909     45
 2476785 1793540      302.9230    50      305.5445      299.9080 11999246    1.84%          x.8.12 U 2476785 2476783     64
 2485638 1799615      304.9762    41      305.5445      299.9115 12043070    1.84%         x.20.12 N 2485638 2485637     68
 2494530 1805649      301.6924    49      305.5445      299.9147 12086287    1.84%         x.25.35 D 2494530 2494529     64
 2503310 1811721      301.6187    48      305.5445      299.9182 12129038    1.84%          x.17.4 U 2503310 740202     40
 2511634 1817661      304.3677    52      305.5445      299.9214 12170483    1.84%          x.36.4 D 2511634 2511633     49
Elapsed time = 1472.81 sec. (1083903.93 ticks, tree = 5049.59 MB, solutions = 21)
Nodefile size = 3001.62 MB (1276.11 MB after compression)
 2520033 1823386      301.9864    52      305.5445      299.9247 12212410    1.84%         x.23.21 U 2520033 2520032     49
 2528850 1829323      304.2501    41      305.5445      299.9279 12256225    1.84%         x.34.12 D 2528850 2528849     69
 2537710 1835362      305.3906    42      305.5445      299.9315 12299638    1.84%          x.1.35 N 2537710 2537709     62
 2546427 1841289      303.5641    51      305.5445      299.9345 12343460    1.84%          x.2.19 D 2546427 2546426     63
 2555221 1847317      301.1930    51      305.5445      299.9377 12386524    1.84%           x.6.4 D 2555221 2555220     42
 2563950 1853232      301.1565    45      305.5445      299.9409 12430334    1.83%          x.0.38 D 2563950 2563949     44
 2572722 1859160      301.6679    51      305.5445      299.9443 12473759    1.83%         x.23.21 U 2572722 2572721     43
 2581340 1865059      302.3037    49      305.5445      299.9473 12516793    1.83%          x.7.27 D 2581340 2581339     47
 2590053 1871000      304.7622    30      305.5445      299.9504 12559533    1.83%         x.19.11 D 2590053 2590051     74
 2598691 1876953      302.9051    58      305.5445      299.9533 12601407    1.83%         x.26.27 D 2598691 2598690     51
Elapsed time = 1535.16 sec. (1122053.54 ticks, tree = 5211.28 MB, solutions = 21)
Nodefile size = 3163.30 MB (1338.07 MB after compression)
 2607478 1882954      303.6407    46      305.5445      299.9566 12644497    1.83%          x.19.4 D 2607478 2607477     65
 2616297 1889034      303.8956    41      305.5445      299.9594 12687979    1.83%         x.19.20 D 2616297 2616296     64
 2625138 1894970      303.8726    50      305.5445      299.9629 12732182    1.83%         x.16.10 D 2625138 2625137     55
 2634137 1901071      300.5544    56      305.5445      299.9661 12776475    1.83%           x.6.4 D 2634137 2634136     38
 2642959 1907040      304.2652    49      305.5445      299.9691 12819899    1.82%          x.0.21 U 2642959 2642958     62
 2651931 1913109      303.0695    54      305.5445      299.9722 12863691    1.82%         x.14.27 D 2651931 2651930     65
 2660513 1919023      303.6419    49      305.5445      299.9752 12906981    1.82%          x.6.27 D 2660513 2660512     49
 2669405 1924980      302.6686    52      305.5445      299.9785 12951204    1.82%          x.6.14 D 2669405 2669404     44
 2678068 1930836      302.6145    47      305.5445      299.9815 12993863    1.82%          x.8.27 D 2678068 2678067     54
 2686648 1936612      304.3496    53      305.5445      299.9843 13036328    1.82%         x.18.38 D 2686648 2686647     61
Elapsed time = 1598.24 sec. (1160202.21 ticks, tree = 5373.96 MB, solutions = 21)
Nodefile size = 3326.97 MB (1399.95 MB after compression)
 2694790 1942180      301.7124    57      305.5445      299.9869 13076525    1.82%          x.30.0 U 2694790 2694789     45
 2703270 1947873      301.6553    50      305.5445      299.9900 13118799    1.82%          x.26.4 D 2703270 2703269     51
 2711855 1953636      300.3437    45      305.5445      299.9927 13161463    1.82%          x.36.4 U 2711855 761945     34
 2720180 1959317      300.7049    49      305.5445      299.9957 13204299    1.82%         x.25.35 D 2720180 2720178     61
 2728274 1964812      302.1651    55      305.5445      299.9985 13244102    1.82%         x.23.27 D 2728274 2728273     43
 2736904 1970684      302.9864    42      305.5445      300.0016 13286941    1.81%         x.30.22 D 2736904 2736903     45
 2745524 1976472      303.6136    56      305.5445      300.0046 13330517    1.81%          x.17.4 D 2745524 2745523     39
 2754231 1982389      302.1652    49      305.5445      300.0074 13373486    1.81%         x.30.25 D 2754231 2754230     61
 2762850 1988209      304.1746    48      305.5445      300.0104 13415812    1.81%         x.16.10 N 2762850 2762849     68
 2771395 1993901      300.3468    54      305.5445      300.0132 13458451    1.81%          x.6.27 D 2771395 2771394     47
Elapsed time = 1659.53 sec. (1198352.78 ticks, tree = 5530.21 MB, solutions = 21)
Nodefile size = 3482.67 MB (1458.80 MB after compression)
 2780108 1999869      302.6624    54      305.5445      300.0162 13501671    1.81%         x.13.38 D 2780108 2780107     55
 2788822 2005716      303.0832    52      305.5445      300.0193 13546035    1.81%          x.2.19 D 2788822 2788821     67
 2797710 2011714      303.9318    39      305.5445      300.0221 13590547    1.81%           x.6.5 D 2797710 2797709     65
 2806672 2017719      301.1055    58      305.5445      300.0249 13635040    1.81%          x.26.4 U 2806672 1776095     38
 2815353 2023451      302.9087    48      305.5445      300.0277 13679167    1.81%         x.11.27 U 2815353 2815351     42
 2824210 2029312      305.0687    39      305.5445      300.0305 13722929    1.80%         x.39.35 D 2824210 2824209     59
 2833111 2035330        cutoff            305.5445      300.0334 13765988    1.80%         x.35.12 D 2833111 2833110     57
 2841901 2041297      300.3417    52      305.5445      300.0360 13809679    1.80%          x.0.38 D 2841901 2841900     47
 2850579 2047133      303.5049    47      305.5445      300.0388 13852817    1.80%          x.6.14 D 2850579 2850578     56
 2859197 2052961      305.0614    44      305.5445      300.0415 13895877    1.80%          x.0.21 U 2859197 2859196     63
Elapsed time = 1722.63 sec. (1236508.60 ticks, tree = 5691.29 MB, solutions = 21)
Nodefile size = 3643.36 MB (1519.21 MB after compression)
 2867890 2058856      304.1328    51      305.5445      300.0443 13938390    1.80%         x.39.35 D 2867890 2867889     74
 2876532 2064642      304.7199    53      305.5445      300.0471 13980852    1.80%          x.1.35 U 2876532 2876530     52
 2884820 2070242      305.2137    38      305.5445      300.0495 14022663    1.80%         x.23.35 D 2884820 2884819     68
 2893230 2075936      300.2833    52      305.5445      300.0521 14064471    1.80%         x.18.38 U 2893230 533691     41
 2901719 2081579      302.5836    50      305.5445      300.0549 14106987    1.80%         x.27.23 D 2901719 2901717     49
 2910485 2087545        cutoff            305.5445      300.0575 14150380    1.80%          x.8.12 D 2910485 2910484     62
 2918880 2093139      302.0830    52      305.5445      300.0604 14193297    1.79%         x.12.29 U 2918880 2918879     46
 2927236 2098820      302.5579    52      305.5445      300.0630 14235099    1.79%         x.30.22 D 2927236 2927235     47
 2935990 2104708      302.7691    51      305.5445      300.0657 14278567    1.79%         x.11.27 D 2935990 2935989     51
 2944751 2110540      301.3726    50      305.5445      300.0685 14322625    1.79%          x.0.21 D 2944751 2944749     54
Elapsed time = 1784.76 sec. (1274660.63 ticks, tree = 5848.28 MB, solutions = 21)
Nodefile size = 3801.05 MB (1577.97 MB after compression)
 2953507 2116382      300.4010    55      305.5445      300.0712 14366058    1.79%          x.17.4 D 2953507 2953506     47
 2961976 2122168      300.4422    46      305.5445      300.0736 14407283    1.79%          x.8.27 D 2961976 2961975     44
 2970806 2128025      303.9460    57      305.5445      300.0766 14451461    1.79%          x.0.38 D 2970806 2970804     44
 2979626 2133949        cutoff            305.5445      300.0794 14494712    1.79%         x.16.27 D 2979626 2979625     48
 2988610 2139985      303.5005    50      305.5445      300.0820 14539679    1.79%          x.13.4 D 2988610 2988609     53
 2997380 2145850      302.2989    53      305.5445      300.0847 14583231    1.79%          x.8.27 D 2997380 2997379     49
 3006428 2151998      303.1723    51      305.5445      300.0873 14628168    1.79%          x.2.19 U 3006428 3006426     61
 3015330 2158012      303.4665    53      305.5445      300.0902 14672934    1.79%         x.13.27 D 3015330 3015329     59
 3024180 2163864      301.8022    53      305.5445      300.0930 14716875    1.78%          x.13.4 D 3024180 3024179     53
 3032451 2169478      300.7207    58      305.5445      300.0955 14757234    1.78%          x.2.19 D 3032451 3032450     41
Elapsed time = 1847.83 sec. (1312810.84 ticks, tree = 6009.01 MB, solutions = 21)
Nodefile size = 3961.74 MB (1637.52 MB after compression)
 3040883 2175040      303.8917    42      305.5445      300.0980 14799191    1.78%         x.39.35 D 3040883 3040882     64
 3049328 2180805      303.9633    47      305.5445      300.1005 14841355    1.78%         x.25.35 D 3049328 3049327     45
 3057634 2186259      304.4751    42      305.5445      300.1031 14883035    1.78%         x.25.35 U 3057634 3057632     70
 3065898 2191696      305.0165    51      305.5445      300.1056 14924601    1.78%          x.0.21 U 3065898 3065897     57
 3074570 2197510      305.4997    35      305.5445      300.1082 14967828    1.78%          x.31.6 U 3074570 3074569     78
 3083373 2203348      302.3497    59      305.5445      300.1111 15011675    1.78%         x.11.27 N 3083373 3083372     47
 3092136 2209175        cutoff            305.5445      300.1139 15055937    1.78%         x.23.21 U 3092136 3092135     55
 3100990 2214997        cutoff            305.5445      300.1164 15100530    1.78%          x.7.27 D 3100990 3100989     52
 3109586 2220791      300.5548    54      305.5445      300.1191 15143794    1.78%         x.18.38 D 3109586 3109585     50
 3118240 2226475      304.3991    33      305.5445      300.1215 15187119    1.77%         x.28.27 D 3118240 3118239    102
Elapsed time = 1909.77 sec. (1350967.45 ticks, tree = 6164.43 MB, solutions = 21)
Nodefile size = 4117.43 MB (1694.86 MB after compression)
 3127069 2232401      302.4315    59      305.5445      300.1240 15231087    1.77%         x.10.22 D 3127069 3127068     38
 3135598 2238145      304.4633    56      305.5445      300.1265 15272972    1.77%          x.5.32 U 3135598 3135597     47
 3144034 2243745      302.0869    52      305.5445      300.1290 15314524    1.77%         x.11.27 D 3144034 3144033     41
 3152698 2249521      302.5870    51      305.5445      300.1315 15356252    1.77%          x.29.3 U 3152698 3152697     47
 3161418 2255384      301.7378    44      305.5445      300.1342 15399325    1.77%          x.2.19 D 3161418 3161417     48
 3170211 2261299      302.7965    45      305.5445      300.1366 15443127    1.77%          x.6.27 U 3170211 316439     44
 3179014 2267311      302.3566    55      305.5445      300.1392 15486486    1.77%         x.30.26 D 3179014 3179013     55
 3187904 2273292      301.2842    47      305.5445      300.1418 15530048    1.77%          x.30.2 D 3187904 3187903     51
 3196688 2279090      304.4617    48      305.5445      300.1443 15574436    1.77%         x.39.35 N 3196688 3196687     55
 3205069 2284680      304.2783    44      305.5445      300.1465 15616822    1.77%          x.6.14 D 3205069 3205068     67
Elapsed time = 1972.43 sec. (1389122.16 ticks, tree = 6323.17 MB, solutions = 21)
Nodefile size = 4276.12 MB (1753.03 MB after compression)
 3213611 2290376      305.5017    41      305.5445      300.1488 15659617    1.77%          x.1.35 D 3213611 3213610     56
 3222201 2296096      305.2768    42      305.5445      300.1513 15702451    1.77%         x.32.38 D 3222201 3222200     30
 3230958 2301976        cutoff            305.5445      300.1540 15745345    1.76%         x.39.11 D 3230958 3230957     88
 3239637 2307733        cutoff            305.5445      300.1563 15788086    1.76%         x.39.35 D 3239637 3239636     59
 3248515 2313530      302.7744    56      305.5445      300.1590 15832233    1.76%          x.15.7 D 3248515 3248514     49
 3256956 2319164      301.6673    42      305.5445      300.1613 15873876    1.76%          x.6.27 D 3256956 3256955     45
 3265430 2324995      301.7327    50      305.5445      300.1638 15915545    1.76%         x.23.27 U 3265430 3077394     43
 3273813 2330619      301.5577    58      305.5445      300.1661 15957533    1.76%         x.26.27 D 3273813 3273812     48
 3282582 2336490      304.7337    38      305.5445      300.1684 16000591    1.76%          x.8.12 U 3282582 3282580     64
 3291265 2342350      301.6736    44      305.5445      300.1708 16045002    1.76%          x.26.4 N 3291265 3291264     44
Elapsed time = 2034.75 sec. (1427271.24 ticks, tree = 6480.45 MB, solutions = 21)
Nodefile size = 4432.82 MB (1810.33 MB after compression)
 3300167 2348301      304.6589    45      305.5445      300.1734 16089657    1.76%         x.35.12 D 3300167 3300166     71
 3308865 2353882        cutoff            305.5445      300.1761 16133717    1.76%          x.30.7 U 3308865  87165     42
 3317754 2359730        cutoff            305.5445      300.1786 16178274    1.76%         x.13.27 U 3317754 1113407     56
 3326599 2365550      303.4212    47      305.5445      300.1813 16222283    1.76%           x.6.5 D 3326599 3326598     67
 3335374 2371435      301.0590    50      305.5445      300.1837 16266786    1.75%          x.26.4 D 3335374 3335373     45
 3344260 2377416      303.4425    49      305.5445      300.1861 16311514    1.75%           x.8.4 D 3344260 3344259     59
 3352960 2383205      302.7917    39      305.5445      300.1884 16354698    1.75%          x.26.5 D 3352960 3352957     62
 3361812 2389055      300.4826    47      305.5445      300.1909 16398573    1.75%          x.2.19 D 3361812 3361811     49
 3370806 2395053      302.4709    52      305.5445      300.1935 16442465    1.75%          x.36.4 D 3370806 3370805     53
 3379705 2400893      303.3893    57      305.5445      300.1958 16486855    1.75%         x.35.35 D 3379705 3379704     68
Elapsed time = 2098.40 sec. (1465420.79 ticks, tree = 6640.10 MB, solutions = 21)
Nodefile size = 4592.50 MB (1868.01 MB after compression)
 3388552 2406856      302.1891    46      305.5445      300.1984 16530184    1.75%         x.33.19 U 3388552 3388550     60
 3397300 2412781      303.1101    49      305.5445      300.2006 16573542    1.75%          x.26.4 D 3397300 3397299     48
 3406025 2418547      301.5610    49      305.5445      300.2031 16617051    1.75%         x.35.35 D 3406025 3406024     62
 3414770 2424437      304.0481    57      305.5445      300.2054 16660255    1.75%         x.30.22 D 3414770 3414769     55
 3423460 2430092      302.6889    50      305.5445      300.2077 16704019    1.75%         x.26.27 D 3423460 3423459     38
 3432340 2435996      304.7187    37      305.5445      300.2101 16748704    1.75%         x.24.35 D 3432340 3432339     64
 3441137 2441766      305.3402    42      305.5445      300.2124 16792625    1.75%         x.30.25 D 3441137 3441136     59
 3449904 2447529      305.2959    38      305.5445      300.2147 16836349    1.74%          x.3.10 U 3449904 3449903     65
 3458069 2452853      300.2260    59      305.5445      300.2171 16878008    1.74%          x.30.8 D 3458069 3458068     44
 3466160 2458243      301.0453    52      305.5445      300.2193 16918059    1.74%          x.7.27 D 3466160 3466159     43
Elapsed time = 2162.49 sec. (1503571.22 ticks, tree = 6796.51 MB, solutions = 21)
Nodefile size = 4749.21 MB (1924.75 MB after compression)
 3474393 2463618      300.7726    50      305.5445      300.2216 16959058    1.74%          x.8.29 D 3474393 3474392     51
 3482575 2469108      303.2590    42      305.5445      300.2238 16999825    1.74%         x.19.14 D 3482575 3482574     56
 3491181 2474659      300.9172    49      305.5445      300.2262 17042122    1.74%         x.14.27 D 3491181 3491180     50
 3499710 2480328      302.8381    42      305.5445      300.2284 17084316    1.74%         x.19.11 U 3499710 3499709     60
 3508121 2485949      304.9359    49      305.5445      300.2306 17126434    1.74%         x.19.11 D 3508121 3508120     59
 3516406 2491432      302.9373    47      305.5445      300.2329 17168074    1.74%         x.25.35 D 3516406 3516405     38
 3525135 2497201      304.0849    44      305.5445      300.2352 17211941    1.74%         x.30.26 N 3525135 3525133     63
 3533980 2503114      300.9531    46      305.5445      300.2375 17256351    1.74%          x.2.19 D 3533980 3533979     69
 3542911 2509080      305.0688    39      305.5445      300.2399 17300569    1.74%         x.12.38 D 3542911 3542910     94
 3551887 2515100      304.9336    48      305.5445      300.2422 17344735    1.74%         x.39.35 D 3551887 3551886     61
Elapsed time = 2226.88 sec. (1541752.92 ticks, tree = 6951.59 MB, solutions = 21)
Nodefile size = 4903.92 MB (1980.96 MB after compression)
 3560690 2520881      301.8002    52      305.5445      300.2446 17388036    1.73%         x.26.27 D 3560690 3560689     66
 3569600 2526890      304.0928    41      305.5445      300.2469 17432450    1.73%          x.1.35 D 3569600 3569599     63
 3578362 2532764      304.6529    51      305.5445      300.2492 17476130    1.73%          x.13.4 N 3578362 3578361     54
 3587130 2538643      305.4083    37      305.5445      300.2516 17519021    1.73%          x.5.20 D 3587130 3587128     68
 3595859 2544432      301.1172    53      305.5445      300.2540 17561870    1.73%         x.32.38 D 3595859 3595858     43
 3604660 2550308      303.2041    52      305.5445      300.2561 17606026    1.73%          x.8.27 D 3604660 3604659     47
 3613385 2556187      301.4517    43      305.5445      300.2584 17648548    1.73%         x.35.35 D 3613385 3613384     46
 3622150 2562102      302.2353    59      305.5445      300.2605 17691996    1.73%          x.7.27 D 3622150 3622149     37
 3630711 2567671      300.6121    60      305.5445      300.2626 17734878    1.73%         x.22.35 D 3630711 3630710     45
 3639387 2573346        cutoff            305.5445      300.2648 17778364    1.73%          x.31.6 U 3639387 3639386     62
Elapsed time = 2292.66 sec. (1579904.04 ticks, tree = 7110.45 MB, solutions = 21)
Nodefile size = 5062.63 MB (2037.81 MB after compression)
 3648249 2579193      304.9035    44      305.5445      300.2671 17822988    1.73%          x.5.13 D 3648249 3648248     56
 3657362 2585246      301.7099    49      305.5445      300.2696 17867567    1.73%         x.33.35 D 3657362 3657361     64
 3666340 2591141      302.3045    57      305.5445      300.2718 17911573    1.73%         x.13.27 D 3666340 3666339     62
 3674990 2596857      302.5665    51      305.5445      300.2740 17954534    1.72%          x.1.35 D 3674990 3674989     52
 3683542 2602548      301.3409    45      305.5445      300.2762 17996655    1.72%         x.35.35 D 3683542 3683541     54
 3691912 2608215      300.3244    52      305.5445      300.2783 18037875    1.72%          x.36.4 D 3691912 3691911     50
 3700430 2613915      300.6800    49      305.5445      300.2805 18080450    1.72%          x.3.22 U 3700430 544454     43
 3708928 2619523      303.7776    42      305.5445      300.2826 18122452    1.72%         x.36.22 N 3708928 3708927     49
 3717563 2625311      304.0188    58      305.5445      300.2846 18165921    1.72%         x.13.27 D 3717563 3717562     62
 3726270 2630904      301.3263    53      305.5445      300.2867 18209871    1.72%           x.6.4 D 3726270 3726269     44
Elapsed time = 2358.42 sec. (1618059.58 ticks, tree = 7267.41 MB, solutions = 21)
Nodefile size = 5220.33 MB (2094.51 MB after compression)
 3734989 2636642      305.1438    46      305.5445      300.2889 18252864    1.72%          x.5.32 U 3734989 3734988     51
 3743294 2642073      303.2887    47      305.5445      300.2908 18295165    1.72%         x.21.25 U 3743294 3743293     62
 3752231 2647908      302.9323    53      305.5445      300.2933 18339687    1.72%         x.13.29 U 3752231 3752230     47
 3760939 2653557      303.1675    45      305.5445      300.2956 18382397    1.72%         x.13.27 D 3760939 3760938     57
 3769470 2659273        cutoff            305.5445      300.2975 18424962    1.72%         x.35.12 U 3769470 3769468     60
 3778017 2664853      300.8507    46      305.5445      300.2997 18467949    1.72%         x.33.35 D 3778017 3778016     40
 3786455 2670327      303.3774    51      305.5445      300.3020 18511239    1.72%          x.35.4 D 3786455 3786454     49
 3794937 2675869      304.7391    37      305.5445      300.3042 18553468    1.72%         x.33.35 D 3794937 3794936     58
 3803334 2681297      305.4311    40      305.5445      300.3063 18594997    1.71%         x.28.21 U 3803334 3803333     89
 3811880 2686961      304.4696    34      305.5445      300.3082 18636435    1.71%         x.13.11 U 3811880 3811878     74
Elapsed time = 2423.02 sec. (1656229.12 ticks, tree = 7420.31 MB, solutions = 21)
Nodefile size = 5373.05 MB (2149.41 MB after compression)
 3820506 2692594      303.4288    49      305.5445      300.3103 18679025    1.71%         x.11.27 D 3820506 3820505     43
 3829068 2698187      305.1974    43      305.5445      300.3125 18721566    1.71%         x.19.20 N 3829068 3829067     52
 3837681 2703887        cutoff            305.5445      300.3145 18765023    1.71%          x.8.30 D 3837681 3837680     80
 3846080 2709329      301.2179    55      305.5445      300.3163 18806774    1.71%           x.8.4 D 3846080 3846079     45
 3854780 2715041      301.2456    51      305.5445      300.3184 18849320    1.71%         x.35.35 U 3854780 3854778     64
 3863479 2720653      303.7539    50      305.5445      300.3204 18893712    1.71%         x.23.35 D 3863479 3863478     57
 3872258 2726506      303.7068    41      305.5445      300.3225 18936802    1.71%         x.35.12 D 3872258 3872257     81
 3880469 2731879      304.1321    57      305.5445      300.3243 18978303    1.71%         x.10.29 U 3880469 3880468     46
 3888600 2737213      305.3384    44      305.5445      300.3264 19019236    1.71%         x.18.35 D 3888600 3888599     60
 3897301 2743013      303.0278    48      305.5445      300.3283 19062756    1.71%         x.21.25 U 3897301 3897300     50
Elapsed time = 2487.81 sec. (1694385.87 ticks, tree = 7573.19 MB, solutions = 21)
Nodefile size = 5525.77 MB (2203.97 MB after compression)
 3905943 2748784      305.2721    39      305.5445      300.3304 19106377    1.71%         x.10.15 D 3905943 3905941    104
 3914717 2754590      303.2390    54      305.5445      300.3323 19149774    1.71%         x.16.27 N 3914717 3914716     49
 3923400 2760335      304.9130    55      305.5445      300.3343 19192077    1.71%          x.17.4 D 3923400 3923399     44
 3932200 2766123      304.6829    27      305.5445      300.3363 19236291    1.70%         x.22.35 D 3932200 3932199     76
 3940982 2771829      302.5353    60      305.5445      300.3384 19279465    1.70%         x.26.27 D 3940982 3940981     56
 3949945 2777680      302.6602    59      305.5445      300.3406 19323772    1.70%         x.30.12 D 3949945 3949944     49
 3958791 2783410      304.6931    49      305.5445      300.3426 19368139    1.70%           x.6.4 D 3958791 3958790     46
 3967300 2788983      303.7761    44      305.5445      300.3444 19411328    1.70%          x.35.4 D 3967300 3967299     46
 3975733 2794594      301.1623    58      305.5445      300.3462 19452880    1.70%         x.32.38 D 3975733 3975732     41
 3984386 2800221      304.5185    52      305.5445      300.3482 19496348    1.70%          x.36.4 D 3984386 3984385     47
Elapsed time = 2552.95 sec. (1732535.88 ticks, tree = 7729.23 MB, solutions = 21)
Nodefile size = 5681.49 MB (2259.00 MB after compression)
 3993017 2805877      303.0141    41      305.5445      300.3501 19539091    1.70%         x.36.35 D 3993017 3993016     70
 4002000 2811656      304.1486    51      305.5445      300.3524 19583239    1.70%          x.17.4 D 4002000 4001999     40
 4010817 2817472      301.5402    49      305.5445      300.3544 19626449    1.70%         x.12.38 D 4010817 4010816     50
 4019757 2823329      303.2664    48      305.5445      300.3563 19670645    1.70%          x.0.21 U 4019757 4019756     55
 4028548 2829222      304.5834    50      305.5445      300.3582 19715284    1.70%         x.18.38 D 4028548 4028547     64
 4037223 2834884      305.0317    44      305.5445      300.3602 19758960    1.70%          x.3.10 D 4037223 4037221     78
 4046011 2840716      305.0434    42      305.5445      300.3620 19802873    1.70%          x.5.10 D 4046011 4046010     68
 4054830 2846450      300.4834    55      305.5445      300.3641 19847294    1.70%         x.25.35 D 4054830 4054829     50
 4063694 2852265      304.7260    40      305.5445      300.3662 19891810    1.69%          x.31.6 D 4063694 4063692     74
 4072722 2858143      302.1738    49      305.5445      300.3683 19936569    1.69%         x.13.27 D 4072722 4072721     63
Elapsed time = 2625.47 sec. (1770685.22 ticks, tree = 7887.20 MB, solutions = 21)
Nodefile size = 5840.21 MB (2315.49 MB after compression)
 4081548 2863891      301.6802    48      305.5445      300.3703 19980919    1.69%          x.2.19 D 4081548 4081547     45
 4090154 2869639      301.0641    52      305.5445      300.3722 20022675    1.69%         x.14.27 D 4090154 4090153     53
 4098851 2875183      303.0274    49      305.5445      300.3742 20065631    1.69%         x.26.12 D 4098851 4098850     63
 4107067 2880515        cutoff            305.5445      300.3759 20106034    1.69%         x.19.11 U 4107067 4107065     46
 4115165 2885809      304.8812    53      305.5445      300.3778 20146126    1.69%         x.11.27 D 4115165 4115163     50
 4123510 2891172      304.4819    41      305.5445      300.3796 20187654    1.69%         x.35.12 D 4123510 4123509     86
 4132005 2896713      304.5475    50      305.5445      300.3814 20229739    1.69%         x.19.11 D 4132005 4132003     37
 4140841 2902469        cutoff            305.5445      300.3833 20272276    1.69%          x.7.27 U 4140841 3127987     41
 4149718 2908280      301.2167    50      305.5445      300.3852 20315191    1.69%         x.30.26 U 4149718 4149717     35
 4158461 2913920      303.4743    39      305.5445      300.3874 20358679    1.69%         x.18.35 D 4158461 4158460     61
Elapsed time = 2688.60 sec. (1808835.24 ticks, tree = 8039.35 MB, solutions = 21)
Nodefile size = 5991.93 MB (2369.05 MB after compression)
 4167034 2919522      302.3120    54      305.5445      300.3893 20400409    1.69%          x.6.27 D 4167034 4167033     48
 4175672 2925276        cutoff            305.5445      300.3912 20441591    1.69%          x.17.7 U 4175672 271629     29
 4184667 2931192      305.5261    39      305.5445      300.3931 20485120    1.69%         x.21.25 U 4184667 4184666     60
 4193729 2937187      303.7205    41      305.5445      300.3948 20528470    1.69%         x.35.35 N 4193729 4193728     69
 4202122 2942710      303.1981    52      305.5445      300.3966 20569036    1.68%         x.14.27 D 4202122 4202121     50
 4210950 2948558      302.9263    46      305.5445      300.3984 20611666    1.68%          x.36.4 D 4210950 4210949     43
 4219940 2954548      303.2242    47      305.5445      300.4003 20654033    1.68%         x.38.20 D 4219940 4219939     52
 4228827 2960442      304.4264    36      305.5445      300.4020 20696271    1.68%         x.35.10 D 4228827 4228826     74
 4237336 2966059      303.0325    53      305.5445      300.4039 20736783    1.68%          x.26.4 D 4237336 4237335     46
 4245990 2971790      303.8234    52      305.5445      300.4056 20777110    1.68%         x.14.27 D 4245990 4245989     48
Elapsed time = 2752.79 sec. (1846989.09 ticks, tree = 8197.18 MB, solutions = 21)
Nodefile size = 6149.64 MB (2423.43 MB after compression)
 4254744 2977603      303.3240    40      305.5445      300.4075 20818096    1.68%         x.16.10 D 4254744 4254743     83
 4263587 2983425      304.1650    55      305.5445      300.4093 20859582    1.68%          x.30.0 D 4263587 4263586     55
 4272026 2989030      304.0270    38      305.5445      300.4111 20898778    1.68%         x.36.35 D 4272026 4272025     55
 4280036 2994297      302.6018    56      305.5445      300.4127 20935730    1.68%          x.16.4 D 4280036 4280035     47
 4288937 3000097      300.6624    59      305.5445      300.4145 20977693    1.68%         x.29.27 D 4288937 4288936     41
 4297649 3005933      304.1603    51      305.5445      300.4162 21018321    1.68%          x.1.35 D 4297649 4297648     57
 4306580 3011815      304.7131    51      305.5445      300.4180 21058242    1.68%          x.15.7 D 4306580 4306579     49
 4315680 3017887      301.5615    52      305.5445      300.4198 21101023    1.68%          x.0.21 D 4315680 4315678     56
 4324244 3023411      302.6775    52      305.5445      300.4215 21140444    1.68%          x.17.4 D 4324244 4324243     49
 4332680 3029059      303.4729    55      305.5445      300.4233 21179835    1.68%          x.0.21 D 4332680 4332678     49
Elapsed time = 2815.92 sec. (1885138.50 ticks, tree = 8353.35 MB, solutions = 21)
Nodefile size = 6306.34 MB (2477.79 MB after compression)
 4341074 3034656      303.5859    60      305.5445      300.4250 21218261    1.68%          x.30.0 D 4341074 4341073     57
 4349725 3040491      303.3361    57      305.5445      300.4268 21257975    1.67%          x.7.27 N 4349725 4349724     44
 4358733 3046430      302.6004    51      305.5445      300.4285 21299738    1.67%         x.30.25 D 4358733 4358732     51
 4367582 3052255        cutoff            305.5445      300.4302 21340831    1.67%         x.38.20 U 4367582 4367581     77
 4376605 3058282      303.8034    45      305.5445      300.4319 21382882    1.67%         x.34.12 D 4376605 4376604     81
 4385554 3064206      304.0916    37      305.5445      300.4335 21424966    1.67%         x.32.38 D 4385554 4385552     93
 4394314 3069895      301.8733    50      305.5445      300.4352 21465374    1.67%          x.1.35 D 4394314 4394313     46
 4403034 3075695      304.5150    48      305.5445      300.4370 21506809    1.67%          x.0.37 U 4403034 4403033     68
 4412121 3081677      302.8822    53      305.5445      300.4388 21549176    1.67%         x.20.12 D 4412121 4412120     62
 4421170 3087537      303.4216    54      305.5445      300.4406 21592492    1.67%          x.35.4 D 4421170 4421169     69
Elapsed time = 2880.57 sec. (1923287.67 ticks, tree = 8512.88 MB, solutions = 21)
Nodefile size = 6465.06 MB (2533.04 MB after compression)
 4430021 3093329      300.9403    48      305.5445      300.4424 21634807    1.67%         x.16.29 D 4430021 298043     44
 4439110 3099312      302.9227    57      305.5445      300.4441 21677825    1.67%          x.7.27 U 4439110 4439108     59
 4448054 3105146      300.8514    53      305.5445      300.4459 21720899    1.67%         x.30.26 D 4448054 4448053     58
 4456838 3110862      302.9697    41      305.5445      300.4477 21763672    1.67%         x.16.10 D 4456838 4456836     71
 4465763 3116760      302.6761    57      305.5445      300.4495 21805574    1.67%          x.13.4 U 4465763 2693383     53
 4474600 3122489      304.1449    53      305.5445      300.4513 21847956    1.67%         x.33.19 D 4474600 4474599     52
 4483140 3128028      304.1539    49      305.5445      300.4530 21888623    1.67%         x.11.27 D 4483140 4483139     42
 4491996 3133847      300.5797    56      305.5445      300.4547 21931648    1.67%          x.7.16 N 4491996 1405299     36
 4500930 3139730      305.4667    39      305.5445      300.4563 21974725    1.67%         x.35.35 U 4500930 4500928     56
 4509805 3145426      302.4760    47      305.5445      300.4580 22017445    1.66%         x.30.25 D 4509805 4509804     46
Elapsed time = 2952.54 sec. (1961440.53 ticks, tree = 8670.77 MB, solutions = 21)
Nodefile size = 6623.79 MB (2588.43 MB after compression)
 4518592 3151090        cutoff            305.5445      300.4598 22060220    1.66%          x.8.19 D 4518592 4518591     83
 4527338 3156890        cutoff            305.5445      300.4614 22102697    1.66%          x.0.37 D 4527338 4527336     52
 4535957 3162532      304.0027    41      305.5445      300.4630 22144880    1.66%         x.25.35 D 4535957 4535956     60
 4544329 3167931      302.1021    61      305.5445      300.4647 22185240    1.66%         x.18.38 D 4544329 4544328     58
 4552997 3173606      304.9921    46      305.5445      300.4666 22226998    1.66%         x.16.10 N 4552997 4552995     56
 4561982 3179419        cutoff            305.5445      300.4683 22270987    1.66%         x.23.21 U 4561982 4561980     53
 4570445 3185010      305.2329    37      305.5445      300.4699 22310970    1.66%          x.29.3 U 4570445 4570444     55
 4578725 3190395      304.6813    45      305.5445      300.4715 22351322    1.66%          x.6.27 D 4578725 4578723     46
 4586605 3195601      303.1917    53      305.5445      300.4732 22389098    1.66%          x.0.21 D 4586605 4586602     62
 4594988 3201055      303.7839    43      305.5445      300.4747 22429348    1.66%         x.19.11 U 4594988 4594987     56
Elapsed time = 3014.96 sec. (1999589.04 ticks, tree = 8822.51 MB, solutions = 21)
Nodefile size = 6775.53 MB (2641.92 MB after compression)
 4603668 3206790      304.3989    57      305.5445      300.4765 22470989    1.66%         x.10.29 U 4603668 4603667     52
 4612562 3212520      303.7252    42      305.5445      300.4783 22513909    1.66%         x.23.21 D 4612562 4612561     64
 4621584 3218347        cutoff            305.5445      300.4800 22556513    1.66%         x.26.27 U 4621584 4621582     61
 4630201 3223869      300.5071    48      305.5445      300.4816 22597697    1.66%         x.11.27 D 4630201 1174082     53
 4638846 3229526      303.7602    57      305.5445      300.4834 22639063    1.66%         x.23.27 N 4638846 4638845     34
 4647470 3235017      300.6848    42      305.5445      300.4848 22680115    1.66%          x.2.19 D 4647470 4647469     55
 4656051 3240627      301.4306    43      305.5445      300.4865 22721247    1.66%         x.30.26 D 4656051 4656050     57
 4664699 3246174      303.2709    48      305.5445      300.4881 22762702    1.65%          x.35.4 D 4664699 4664698     43
 4673236 3251738      300.8184    51      305.5445      300.4898 22803003    1.65%          x.2.19 U 4673236 2543047     48
 4681861 3257258      304.3876    45      305.5445      300.4915 22844834    1.65%          x.1.35 D 4681861 4681859     56
Elapsed time = 3078.12 sec. (2037737.43 ticks, tree = 8975.83 MB, solutions = 21)
Nodefile size = 6928.26 MB (2695.49 MB after compression)
 4690500 3262859      304.9898    42      305.5445      300.4932 22886510    1.65%         x.20.12 D 4690500 4690499     85
 4699258 3268648      303.0934    38      305.5445      300.4949 22927847    1.65%          x.0.21 N 4699258 4699257     63
 4708255 3274546      304.0053    42      305.5445      300.4968 22970469    1.65%         x.20.12 D 4708255 4708253     62
 4716924 3280106        cutoff            305.5445      300.4985 23012075    1.65%         x.35.35 U 4716924 4716922     50
 4725680 3285862      302.9060    50      305.5445      300.5000 23053491    1.65%         x.19.14 D 4725680 4725679     50
 4734439 3291581      302.9556    52      305.5445      300.5017 23096537    1.65%          x.30.8 D 4734439 4734438     52
 4743360 3297478        cutoff            305.5445      300.5033 23138831    1.65%         x.26.17 D 4743360 4743359     91
 4752121 3303208      303.6293    51      305.5445      300.5050 23180228    1.65%          x.35.4 D 4752121 4752120     58
 4761220 3309082      302.0563    56      305.5445      300.5067 23223150    1.65%         x.10.29 N 4761220 4761219     50
 4770175 3314979      304.3410    47      305.5445      300.5083 23266488    1.65%         x.23.21 U 4770175 4770174     40
Elapsed time = 3141.77 sec. (2075887.42 ticks, tree = 9133.27 MB, solutions = 21)
Nodefile size = 7085.98 MB (2750.15 MB after compression)
 4779266 3320902      303.7642    44      305.5445      300.5102 23309958    1.65%         x.27.23 N 4779266 4779265     54
 4788335 3326776      301.8896    47      305.5445      300.5120 23352834    1.65%           x.8.4 D 4788335 4788334     44
 4797131 3332494      302.6862    49      305.5445      300.5136 23395386    1.65%         x.11.27 D 4797131 4797130     52
 4806001 3338237      300.8224    56      305.5445      300.5152 23438336    1.65%          x.26.4 D 4806001 4806000     30
 4815110 3344242      304.8336    41      305.5445      300.5168 23481530    1.65%          x.0.21 D 4815110 4815108     58
 4823843 3350003      302.5859    49      305.5445      300.5182 23523062    1.65%         x.21.25 U 4823843 4823842     71
 4832395 3355524      301.4150    55      305.5445      300.5200 23563889    1.64%          x.16.4 D 4832395 4832394     43
 4841126 3361029      305.3301    37      305.5445      300.5218 23606633    1.64%          x.6.14 D 4841126 4841125     62
 4849726 3366609      300.5378    56      305.5445      300.5235 23648288    1.64%         x.10.29 D 4849726 3126635     48
 4858320 3372051      302.5106    54      305.5445      300.5252 23690052    1.64%         x.34.29 U 4858320 4858319     47
Elapsed time = 3205.32 sec. (2114089.35 ticks, tree = 9288.96 MB, solutions = 21)
Nodefile size = 7241.73 MB (2804.27 MB after compression)
 4867011 3377750      302.0445    53      305.5445      300.5268 23731778    1.64%          x.16.4 D 4867011 4867010     50
 4875819 3383505      301.4710    53      305.5445      300.5285 23773235    1.64%          x.35.4 N 4875819 4875818     45
 4884192 3388933        cutoff            305.5445      300.5301 23814368    1.64%         x.21.25 U 4884192 4884191     46
 4893082 3394650      302.7582    53      305.5445      300.5319 23858072    1.64%          x.6.27 D 4893082 4893081     49
 4901852 3400234      304.7819    39      305.5445      300.5335 23900556    1.64%          x.1.35 D 4901852 4901851     46
Starting limited solution polishing.
 4910524 3405786      301.7333    54      305.5445      300.5352 23943126    1.64%          x.0.38 D 4910524 4910523     46
 4918996 3411293      304.4388    43      305.5445      300.5369 23984628    1.64%         x.27.16 D 4918996 4918995     61
 4927210 3416546      303.7977    44      305.5445      300.5385 24024708    1.64%           x.5.2 D 4927210 4927209     66
 4935348 3421751      303.6514    48      305.5445      300.5399 24064689    1.64%         x.18.35 D 4935348 4935347     68
 4943595 3427059      304.6042    49      305.5445      300.5414 24104798    1.64%         x.16.26 D 4943595 4943594     52
Elapsed time = 3272.72 sec. (2152252.27 ticks, tree = 9439.02 MB, solutions = 21)
Nodefile size = 7391.47 MB (2856.52 MB after compression)
 4951467 3432233      301.1331    60      305.5445      300.5428 24142479    1.64%         x.33.29 D 4951467 4951466     47
 4959436 3437468      305.3531    49      305.5445      300.5441 24180675    1.64%         x.21.25 N 4959436 4959435     53
 4967490 3442654      303.3762    49      305.5445      300.5456 24219113    1.64%         x.26.27 D 4967490 4967489     47
 4975830 3447989      301.3332    49      305.5445      300.5473 24259331    1.64%         x.11.27 D 4975830 4975829     50
 4983763 3453031      305.1859    30      305.5445      300.5487 24298640    1.64%         x.28.21 U 4983763 4983762     68
 4991764 3458307      301.1565    48      305.5445      300.5501 24337803    1.63%         x.25.35 U 4991764 3866843     55
 4999590 3463396      305.3966    46      305.5445      300.5517 24376200    1.63%          x.2.19 D 4999590 4999589     49
 5007930 3468680      300.8508    40      305.5445      300.5531 24416421    1.63%         x.35.35 D 5007930 5007929     59
 5016590 3474353      301.3925    49      305.5445      300.5546 24458731    1.63%          x.35.4 D 5016590 5016589     48
 5025152 3480003      302.2435    55      305.5445      300.5560 24499573    1.63%         x.11.27 D 5025152 5025151     40
Elapsed time = 3338.55 sec. (2190419.10 ticks, tree = 9583.43 MB, solutions = 21)
Nodefile size = 7536.23 MB (2906.84 MB after compression)
 5033360 3485338      301.1841    47      305.5445      300.5576 24539776    1.63%           x.8.4 D 5033360 5033359     54
 5041443 3490533      302.9421    49      305.5445      300.5590 24579267    1.63%         x.30.33 D 5041443 5041442     67
 5049825 3495995      305.4106    34      305.5445      300.5606 24620143    1.63%         x.36.35 D 5049825 5049824     68
 5058401 3501485      304.7396    43      305.5445      300.5621 24662335    1.63%           x.5.2 D 5058401 5058400     53
 5066523 3506769      304.5500    37      305.5445      300.5636 24702481    1.63%         x.10.15 D 5066523 5066522     84
 5074854 3512127      303.9228    39      305.5445      300.5652 24743207    1.63%          x.1.35 D 5074854 5074853     86
 5083283 3517578      303.9867    48      305.5445      300.5667 24784304    1.63%          x.30.0 D 5083283 5083282     70
 5091890 3523052      301.4817    60      305.5445      300.5684 24827041    1.63%           x.6.4 U 5091890 521369     48
 5100038 3528264      304.0864    48      305.5445      300.5698 24866662    1.63%          x.17.4 D 5100038 5100037     46
 5108610 3533651      303.9125    46      305.5445      300.5714 24908848    1.63%          x.0.21 U 5108610 5108609     63
Elapsed time = 3402.79 sec. (2228587.57 ticks, tree = 9729.80 MB, solutions = 21)
Nodefile size = 7681.99 MB (2958.19 MB after compression)
 5117070 3539178      303.2712    51      305.5445      300.5728 24950825    1.63%         x.23.35 D 5117070 5117069     72
 5125472 3544456      305.3006    39      305.5445      300.5743 24992911    1.63%          x.10.8 D 5125472 5125471     94
 5133769 3549761      303.4046    43      305.5445      300.5759 25033919    1.63%          x.30.0 U 5133769 5133768     44
 5142043 3555082      302.7552    41      305.5445      300.5774 25075189    1.63%         x.21.25 D 5142043 5142040     53
 5150420 3560374      305.3591    49      305.5445      300.5790 25117348    1.63%          x.30.2 D 5150420 5150419     58
 5158860 3565779      304.9015    38      305.5445      300.5806 25159323    1.62%         x.25.35 D 5158860 5158859     69
 5166984 3571047      304.5549    36      305.5445      300.5819 25198850    1.62%         x.20.17 U 5166984 5166983     99
 5175440 3576426      301.5511    52      305.5445      300.5835 25240890    1.62%         x.20.12 D 5175440 5175439     48
 5184023 3581803      303.2257    51      305.5445      300.5850 25282691    1.62%           x.6.4 D 5184023 5184021     53
 5192482 3587080      301.0107    54      305.5445      300.5866 25324770    1.62%         x.30.33 D 5192482 5192481     55
Elapsed time = 3466.84 sec. (2266741.75 ticks, tree = 9875.56 MB, solutions = 21)
Nodefile size = 7827.76 MB (3009.60 MB after compression)
 5200973 3592442      304.5750    55      305.5445      300.5880 25366643    1.62%          x.0.21 U 5200973 5200972     73
 5209270 3597703      301.4433    58      305.5445      300.5895 25407372    1.62%          x.6.27 D 5209270 5209269     54
 5217401 3602886      304.0751    44      305.5445      300.5910 25447036    1.62%           x.6.5 D 5217401 5217400     67
 5225576 3608112      304.5630    41      305.5445      300.5925 25486746    1.62%         x.18.35 D 5225576 5225575     64
 5234000 3613508      301.9132    45      305.5445      300.5939 25527302    1.62%          x.30.3 D 5234000 5233999     54
 5242488 3618834      301.1247    49      305.5445      300.5955 25568870    1.62%         x.32.38 D 5242488 5242487     46
 5251083 3624479      303.3963    46      305.5445      300.5969 25611172    1.62%         x.35.12 D 5251083 5251082     57
 5259613 3629934      303.0343    46      305.5445      300.5984 25653422    1.62%         x.36.35 D 5259613 5259612     61
 5268346 3635630      304.8056    52      305.5445      300.5998 25695574    1.62%         x.25.35 D 5268346 5268345     59
 5276802 3640928      300.6920    56      305.5445      300.6014 25736772    1.62%          x.8.27 N 5276802 5276801     38
Elapsed time = 3531.04 sec. (2304904.36 ticks, tree = 10022.46 MB, solutions = 21)
Nodefile size = 7974.52 MB (3060.66 MB after compression)
 5285329 3646439      302.5818    56      305.5445      300.6029 25779173    1.62%         x.16.27 D 5285329 5285328     61
 5293845 3651899      300.8990    50      305.5445      300.6044 25821077    1.62%         x.32.38 U 5293845 1231226     45
 5302223 3657409      303.1111    50      305.5445      300.6059 25862233    1.62%         x.12.29 U 5302223 5302222     43
 5310692 3662760      303.3339    53      305.5445      300.6076 25903354    1.62%         x.29.27 D 5310692 5310691     32
 5319117 3668023      304.2174    32      305.5445      300.6091 25944679    1.62%         x.23.21 U 5319117 5319116     66
 5327630 3673477      303.5722    53      305.5445      300.6107 25986129    1.61%          x.13.4 D 5327630 5327629     49
 5336130 3678876      302.6056    53      305.5445      300.6123 26028760    1.61%          x.13.4 U 5336130 1713025     61
 5344703 3684282      301.4522    51      305.5445      300.6138 26071127    1.61%         x.33.35 D 5344703 5344702     70
 5353271 3689656      301.6320    42      305.5445      300.6154 26113170    1.61%          x.36.4 N 5353271 3146657     42
 5361655 3694961      302.5874    54      305.5445      300.6170 26154601    1.61%         x.27.23 D 5361655 5361653     42
Elapsed time = 3595.59 sec. (2343054.44 ticks, tree = 10169.86 MB, solutions = 21)
Nodefile size = 8122.28 MB (3112.28 MB after compression)

Gomory fractional cuts applied:  22
User cuts applied:  193

Root node processing (before b&c):
  Real time             =    0.29 sec. (57.06 ticks)
Sequential b&c:
  Real time             = 3599.79 sec. (2350544.19 ticks)
                          ------------
Total (root+branch&cut) = 3600.08 sec. (2350601.24 ticks)

Solution status: 107
Objective value:  3.0554454729e+02
Solution status is not CPX_STAT_OPTIMAL
Node: 5367405
