proble size: m = 5 , n = 5 , seed = 3 
Benders' cuts separated to cut off: Integer and fractional infeasible solutions.
seed = 3
Version identifier: 20.1.0.0 | 2020-11-10 | 9bedb6d68
CPXPARAM_Threads                                 1
CPXPARAM_RandomSeed                              3
CPXPARAM_MIP_Strategy_CallbackReducedLP          0
CPXPARAM_MIP_Strategy_Search                     1
CPXPARAM_TimeLimit                               3600
CPXPARAM_MIP_Tolerances_AbsMIPGap                0
CPXPARAM_MIP_Tolerances_MIPGap                   0
Legacy callback                                  LU
Tried aggregator 1 time.
Reduced MIP has 40 rows, 1640 columns, and 1600 nonzeros.
Reduced MIP has 1600 binaries, 0 generals, 0 SOSs, and 0 indicators.
Presolve time = 0.00 sec. (0.63 ticks)
Probing time = 0.00 sec. (2.48 ticks)
Clique table members: 40.
MIP emphasis: balance optimality and feasibility.
MIP search method: traditional branch-and-cut.
Parallel mode: none, using 1 thread.
Root relaxation solution time = 0.00 sec. (0.34 ticks)

        Nodes                                         Cuts/
   Node  Left     Objective  IInf  Best Integer    Best Bound    ItCnt     Gap         Variable B NodeID Parent  Depth

      0     0        0.0000    26                      0.0000        0         
*     0+    0                         1018.9473        0.0000           100.00%
*     0+    0                          872.3544        0.0000           100.00%
      0     0      179.7096    51      872.3544     Fract: 25      100   79.40%
*     0+    0                          670.8969      179.7096            73.21%
      0     0      243.3320    58      670.8969     Fract: 10      157   63.73%
*     0+    0                          489.6011      243.3320            50.30%
      0     0      285.5902    57      489.6011      Cuts: 21      193   41.67%
*     0+    0                          406.3396      285.5902            29.72%
      0     0      287.7214    57      406.3396      Fract: 1      200   29.19%
*     0+    0                          383.6852      287.7214            25.01%
      0     0      290.9589    60      383.6852 UserPurge2: 6      214   24.17%
*     0+    0                          353.2939      290.9589            17.64%
      0     0      291.5671    61      353.2939 UserPurge2: 1      216   17.47%
      0     0      291.6781    58      353.2939 UserPurge2: 2      220   17.44%
*     0+    0                          344.0707      291.6781            15.23%
*     0+    0                          306.1169      291.6781             4.72%
      0     2      291.8222    62      306.1169      291.8663      220    4.66%                        0             0
Elapsed time = 0.09 sec. (96.77 ticks, tree = 0.01 MB, solutions = 9)
     29    30      303.2880    58      306.1169      299.1141     2554    2.29%         x.36.34 N     29     26     19
     63    60      303.6283    43      306.1169      299.1179     4389    2.29%          x.0.37 N     63     62     18
     96    84      302.0262    57      306.1169      299.1519     5760    2.28%          x.5.13 N     96     95     15
    133   118      304.5893    30      306.1169      299.1519     6840    2.28%          x.13.6 N    133    132     52
    180   155      304.0047    50      306.1169      299.1535     9124    2.27%          x.0.37 D    180    179     19
    222   183      303.0003    40      306.1169      299.2224    10608    2.25%          x.9.18 N    222    221     22
    271   217      305.4164    34      306.1169      299.5089    12166    2.16%          x.8.12 D    271    270     21
    311   249      301.8294    59      306.1169      299.9583    13721    2.01%          x.23.7 D    311    310      8
    357   286      303.0579    54      306.1169      299.9763    15668    2.01%           x.8.9 N    357    355     10
    551   434      303.5653    54      306.1169      300.6108    23001    1.80%         x.21.13 N    551    550     13
Elapsed time = 2.49 sec. (3241.73 ticks, tree = 5.34 MB, solutions = 9)
    800   641      303.5448    47      306.1169      300.7392    31580    1.76%           x.8.4 D    800    799     14
*   870+  692                          305.9555      300.7445             1.70%
*   930+  736                          305.9202      300.8100             1.67%
*   930+  736                          305.9202      300.8100             1.67%
   1020   812      302.9037    56      305.9202      300.9360    38577    1.63%          x.16.4 D   1020   1019     21
   1209   965      304.0861    54      305.9202      301.0332    45035    1.60%          x.8.12 N   1209   1208     18
   1418  1136      305.3159    41      305.9202      301.1012    52481    1.58%         x.39.10 N   1418   1417     54
   1694  1359      302.1569    58      305.9202      301.1887    60117    1.55%          x.0.38 D   1694   1693     16
   1945  1561      304.7189    47      305.9202      301.2592    67634    1.52%           x.8.9 U   1945   1943     24
   2216  1780      303.8464    48      305.9202      301.3389    75496    1.50%         x.28.32 U   2216   2215     25
   2483  2005      303.4875    48      305.9202      301.4082    83164    1.47%         x.28.10 D   2483   2482     36
   2756  2227      302.5304    56      305.9202      301.4755    91165    1.45%          x.5.13 D   2756   2755     13
   3024  2462      304.5713    46      305.9202      301.5142    97954    1.44%          x.17.4 D   3024   3023     18
Elapsed time = 9.24 sec. (12816.61 ticks, tree = 40.05 MB, solutions = 12)
   3270  2668      305.4144    45      305.9202      301.5442   105236    1.43%           x.4.7 D   3270   3269     32
*  3440+ 2677                          305.6425      301.5673             1.33%
*  3460+ 2696                          305.6424      301.5673             1.33%
*  3460+ 2696                          305.6424      301.5673             1.33%
   3510  2743      304.5192    52      305.6424      301.5817   111680    1.33%          x.26.4 N   3510   3509     24
   3730  2912      302.0220    56      305.6424      301.6585   118636    1.30%          x.9.18 N   3730   3075     15
   3938  3062      303.8585    54      305.6424      301.7386   125417    1.28%          x.6.14 D   3938   3936     25
   4186  3261      304.5748    48      305.6424      301.7545   132558    1.27%          x.13.6 N   4186   4185     44
   4428  3448      303.4013    57      305.6424      301.7817   140094    1.26%         x.28.10 N   4428   4427     14
   4670  3651      303.5013    55      305.6424      301.8134   146747    1.25%         x.28.10 N   4670   4669     11
   4915  3839      304.4858    44      305.6424      301.8498   153758    1.24%           x.8.9 N   4915   4914     45
   5130  3993      303.5561    53      305.6424      301.8950   160521    1.23%         x.21.20 N   5130   5129     31
   5389  4191      304.7082    52      305.6424      301.9257   168502    1.22%          x.5.13 D   5389   5388     38
Elapsed time = 15.78 sec. (22410.45 ticks, tree = 74.52 MB, solutions = 15)
   5619  4347      302.3942    57      305.6424      301.9678   176160    1.20%          x.5.32 U   5619   5618      9
   5839  4487      304.9728    49      305.6424      302.0222   184113    1.18%          x.0.38 U   5839   3121     17
   6051  4617      303.3972    51      305.6424      302.0549   191242    1.17%         x.24.13 D   6051   6050     20
   6308  4804      302.4738    56      305.6424      302.0863   199095    1.16%         x.22.38 U   6308   3493      8
   6557  4989      304.4536    49      305.6424      302.1136   206387    1.15%         x.24.13 U   6557   6555     12
   6800  5164      303.7651    53      305.6424      302.1411   213845    1.15%         x.11.27 D   6800   6799     15
   7018  5316      305.1520    45      305.6424      302.1663   221376    1.14%          x.37.6 N   7018   7017     26
   7219  5458      304.1724    46      305.6424      302.1933   228205    1.13%         x.22.26 U   7219   7217     22
   7428  5603      304.6023    49      305.6424      302.2209   235969    1.12%           x.6.4 D   7428   7427     18
   7646  5768      304.6254    53      305.6424      302.2410   243240    1.11%         x.24.13 U   7646   7644     10
Elapsed time = 22.26 sec. (31979.74 ticks, tree = 107.99 MB, solutions = 15)
   7900  5956      304.2264    49      305.6424      302.2788   250405    1.10%          x.25.6 D   7900   7899     24
   8122  6126      304.8474    41      305.6424      302.2891   256913    1.10%          x.6.39 D   8122   8121     18
   8371  6311      304.3345    43      305.6424      302.3114   264023    1.09%         x.16.29 U   8371   8370     36
   8610  6484      303.7455    49      305.6424      302.3427   271279    1.08%         x.22.15 D   8610   8609     29
   8851  6656      304.3508    52      305.6424      302.3681   278033    1.07%          x.6.39 N   8851   8850     19
   9082  6826      305.0762    53      305.6424      302.3879   285074    1.06%         x.19.11 N   9082   9080     22
   9302  6992      304.1529    59      305.6424      302.4058   291850    1.06%         x.26.13 N   9302   9301     23
   9564  7201        cutoff            305.6424      302.4312   298297    1.05%         x.18.16 D   9564   9562     28
   9792  7376      305.4477    35      305.6424      302.4458   304892    1.05%         x.39.10 N   9792   9791     42
  10039  7549      304.5738    55      305.6424      302.4648   311817    1.04%          x.17.3 U  10039   1008     10
Elapsed time = 28.68 sec. (41562.68 ticks, tree = 147.45 MB, solutions = 15)
  10291  7751      305.0712    47      305.6424      302.4805   318747    1.03%         x.27.23 N  10291  10290     26
  10510  7903      305.2111    39      305.6424      302.4967   325784    1.03%           x.8.9 N  10510  10509     34
  10754  8084      302.8719    55      305.6424      302.5136   332428    1.02%         x.26.13 N  10754   4826     11
  10969  8244      304.9720    55      305.6424      302.5308   339064    1.02%          x.0.37 N  10969  10968     52
  11200  8397      304.9923    63      305.6424      302.5446   345870    1.01%          x.5.13 N  11200  11199     17
  11425  8539      305.4721    46      305.6424      302.5610   352992    1.01%         x.18.13 N  11425  11424     26
  11660  8705      305.4042    40      305.6424      302.5803   359885    1.00%          x.5.25 N  11660  11658     26
  11900  8863      304.0149    46      305.6424      302.5920   366992    1.00%         x.22.26 U  11900  11899     18
  12132  9025      304.8434    46      305.6424      302.6013   373669    1.00%          x.6.20 D  12132  12131     19
  12391  9222      304.6466    56      305.6424      302.6112   380036    0.99%          x.5.32 N  12391  12390     23
Elapsed time = 35.11 sec. (51183.62 ticks, tree = 186.03 MB, solutions = 15)
  12636  9407      305.0960    66      305.6424      302.6224   386309    0.99%         x.24.13 N  12636  12635     24
  12859  9561      303.6858    62      305.6424      302.6428   392896    0.98%         x.30.12 N  12859   3663     15
  13117  9752      304.9918    47      305.6424      302.6524   399015    0.98%         x.21.13 D  13117  13116     36
  13353  9906      303.5533    53      305.6424      302.6759   405575    0.97%          x.0.21 D  13353   6262     18
  13606 10103      304.9819    40      305.6424      302.6875   411326    0.97%         x.21.25 N  13606  13605     46
  13865 10306      305.4213    48      305.6424      302.7006   417554    0.96%         x.19.11 U  13865  13864     13
  14088 10471      304.4891    51      305.6424      302.7141   423352    0.96%         x.11.27 D  14088  14087     38
* 14110+10302                          305.5445      302.7151             0.93%
* 14130+10321                          305.5445      302.7151             0.93%
  14251 10407      305.1283    34      305.5445      302.7268   427386    0.92%         x.27.23 N  14251  14250     33
  14444 10538      304.3326    50      305.5445      302.7388   432388    0.92%         x.21.13 U  14444     27     19
  14670 10693      304.6028    44      305.5445      302.7532   437053    0.91%          x.8.30 N  14670  14668     49
Elapsed time = 41.33 sec. (60744.58 ticks, tree = 221.59 MB, solutions = 17)
  14885 10825      304.5204    52      305.5445      302.7684   443115    0.91%         x.18.13 N  14885    605     17
  15120 10981      304.9652    44      305.5445      302.7848   449511    0.90%         x.27.23 N  15120  15119     16
  15338 11099      304.6979    46      305.5445      302.7995   455143    0.90%          x.13.6 D  15338  15337     38
  15581 11272      304.5295    50      305.5445      302.8086   461000    0.90%         x.21.13 U  15581   2029     12
  15816 11441      305.3884    55      305.5445      302.8152   466159    0.89%          x.17.4 N  15816   4844     15
  16052 11616      305.2465    54      305.5445      302.8232   472262    0.89%           x.8.4 N  16052   4845     16
  16304 11791      304.5694    40      305.5445      302.8363   478551    0.89%         x.28.34 D  16304  16303     39
  16528 11939      304.8302    38      305.5445      302.8488   484800    0.88%          x.5.32 U  16528  16527     18
  16772 12114      304.3327    54      305.5445      302.8553   490842    0.88%         x.28.10 N  16772  16771     20
  16997 12274        cutoff            305.5445      302.8618   496456    0.88%          x.8.12 D  16997  16994     42
Elapsed time = 47.53 sec. (70345.72 ticks, tree = 260.17 MB, solutions = 17)
  17247 12475      304.3093    39      305.5445      302.8666   502178    0.88%          x.8.34 N  17247  17246     36
  17480 12625      303.3631    54      305.5445      302.8757   508718    0.87%          x.6.20 D  17480  17479     20
  17736 12809      303.6321    40      305.5445      302.8836   514856    0.87%         x.19.11 U  17736  17735     23
  17990 12989      303.5797    44      305.5445      302.8880   520826    0.87%           x.6.5 D  17990  17989     26
  18226 13156      305.3808    48      305.5445      302.8967   527062    0.87%         x.22.15 N  18226  18225     26
  18462 13321      303.6083    56      305.5445      302.9021   533482    0.86%         x.28.10 N  18462  17318     10
  18700 13474      304.8397    55      305.5445      302.9104   539538    0.86%           x.8.4 N  18700   1017     19
  18948 13630      305.4774    38      305.5445      302.9169   545805    0.86%         x.21.25 N  18948  18947     19
  19170 13760      304.5555    48      305.5445      302.9250   551521    0.86%          x.6.23 D  19170  19169     19
  19407 13915      304.2519    40      305.5445      302.9302   557068    0.86%          x.30.0 D  19407  19406     26
Elapsed time = 53.79 sec. (79934.20 ticks, tree = 301.11 MB, solutions = 17)
  19630 14052      303.0925    52      305.5445      302.9352   563337    0.85%         x.19.14 D  19630  19629     14
  19861 14202      305.4254    21      305.5445      302.9435   569626    0.85%          x.5.25 U  19861  19859     45
  20086 14349        cutoff            305.5445      302.9492   575394    0.85%          x.35.4 U  20086   4849     20
  20299 14484      303.3550    59      305.5445      302.9557   581346    0.85%           x.6.4 D  20299  20298      8
  20541 14653      304.1080    55      305.5445      302.9613   587463    0.85%         x.19.11 N  20541  13147     17
  20760 14808      304.6244    47      305.5445      302.9674   593428    0.84%          x.37.6 D  20760  20759     27
  20990 14960      305.0181    42      305.5445      302.9725   599186    0.84%         x.11.27 N  20990  20989     21
  21217 15127      304.8854    46      305.5445      302.9764   605245    0.84%          x.37.6 N  21217  21216     39
  21472 15310      305.1446    47      305.5445      302.9825   611226    0.84%         x.16.29 D  21472  21471     35
  22400 15904      304.1515    45      305.5445      303.0067   633778    0.83%         x.19.13 D  22400  22399     31
Elapsed time = 61.86 sec. (92371.77 ticks, tree = 351.99 MB, solutions = 17)
  23335 16509      305.0416    45      305.5445      303.0287   656595    0.82%          x.0.21 N  23335  23333     29
  24182 17019      304.3636    52      305.5445      303.0515   679943    0.82%         x.19.20 D  24182  24181     26
  25014 17512      304.6724    55      305.5445      303.0696   703056    0.81%         x.28.10 N  25014  14947     15
  25868 18014      305.1939    49      305.5445      303.0917   725820    0.80%         x.19.11 U  25868  25867     31
  26790 18595      305.5104    24      305.5445      303.1112   748698    0.80%           x.4.7 N  26790  26789     40
  27624 19018      303.6788    50      305.5445      303.1305   771415    0.79%         x.19.11 D  27624  27623     16
  28507 19511      304.7977    41      305.5445      303.1473   793615    0.78%          x.9.18 U  28507  28506     24
  29360 19984      304.9501    41      305.5445      303.1680   815801    0.78%         x.19.11 U  29360  29358     27
  30197 20457      303.6282    39      305.5445      303.1871   837542    0.77%           x.6.0 U  30197  30196     40
  31050 20993      303.5352    48      305.5445      303.1985   859513    0.77%          x.30.8 D  31050  31049     21
Elapsed time = 86.68 sec. (130553.30 ticks, tree = 488.98 MB, solutions = 17)
  31855 21439      304.4417    47      305.5445      303.2146   881499    0.76%         x.30.25 U  31855  17951     18
  32646 21877      303.8364    52      305.5445      303.2279   902557    0.76%         x.27.13 N  32646  32645     44
  33438 22322        cutoff            305.5445      303.2397   924261    0.75%         x.28.32 U  33438  33437     22
  34247 22763        cutoff            305.5445      303.2566   946343    0.75%         x.29.27 D  34247  34245     35
  35040 23230      303.8667    53      305.5445      303.2688   968579    0.74%         x.22.15 N  35040  19338     12
  35795 23606      304.8967    42      305.5445      303.2813   990970    0.74%         x.28.34 N  35795  35794     22
  36569 24043      304.2007    54      305.5445      303.2943  1012733    0.74%          x.9.18 N  36569  10386     17
* 36990+24032                          305.5015      303.3021             0.72%
  37225 24158      305.2799    41      305.5015      303.3076  1031739    0.72%         x.26.13 N  37225  37223     26
  37949 24542      303.5699    45      305.5015      303.3219  1051597    0.71%          x.9.18 U  37949  37948     19
  38684 24914      304.0885    46      305.5015      303.3381  1071874    0.71%         x.26.13 D  38684  38683     21
Elapsed time = 111.16 sec. (168746.77 ticks, tree = 603.00 MB, solutions = 18)
  39462 25333        cutoff            305.5015      303.3488  1093130    0.70%           x.8.4 U  39462   9710     27
  40236 25703      304.9463    51      305.5015      303.3619  1114455    0.70%          x.17.4 N  40236  10010     23
  40990 26056      304.7145    57      305.5015      303.3754  1134435    0.70%          x.30.0 U  40990  40988     20
  41740 26408      304.7988    51      305.5015      303.3903  1155323    0.69%         x.19.14 D  41740  41739     31
  42529 26806      305.0860    39      305.5015      303.4051  1177032    0.69%          x.4.13 N  42529  42528     47
  43292 27148      305.2232    51      305.5015      303.4167  1199294    0.68%         x.22.26 N  43292  43291     28
  44171 27568      305.0121    43      305.5015      303.4284  1222597    0.68%         x.27.13 N  44171  44169     36
  45014 27950        cutoff            305.5015      303.4397  1244769    0.67%          x.8.12 D  45014  45012     26
  45842 28409      305.2944    43      305.5015      303.4504  1266865    0.67%         x.35.12 N  45842  45841     29
  46604 28807      304.9798    49      305.5015      303.4620  1287479    0.67%          x.8.12 N  46604  46603     31
Elapsed time = 136.00 sec. (206934.48 ticks, tree = 721.35 MB, solutions = 18)
  47366 29191      305.4699    54      305.5015      303.4735  1307714    0.66%         x.28.10 N  47366  47365     31
  48111 29581      304.7856    41      305.5015      303.4856  1328033    0.66%         x.23.27 D  48111  48110     29
  48920 30036      305.4727    38      305.5015      303.4946  1347864    0.66%         x.27.23 N  48920  48919     35
  49670 30418      304.7349    47      305.5015      303.5030  1368614    0.65%          x.5.32 U  49670  49669     27
  50423 30809      303.8754    51      305.5015      303.5120  1387898    0.65%         x.14.13 D  50423  50422     28
  51196 31194      305.3275    57      305.5015      303.5209  1407672    0.65%         x.34.12 N  51196  22350     38
  51952 31532      304.8374    40      305.5015      303.5321  1427503    0.64%           x.8.9 D  51952  51951     29
  52727 31920      304.0936    41      305.5015      303.5405  1446699    0.64%         x.27.23 U  52727  52726     43
  53480 32322      305.1074    50      305.5015      303.5507  1466617    0.64%         x.24.13 U  53480  53479     16
  54237 32679        cutoff            305.5015      303.5600  1487144    0.64%           x.8.9 D  54237  54236     20
Elapsed time = 160.25 sec. (245120.61 ticks, tree = 843.09 MB, solutions = 18)
  54990 33069      304.6492    55      305.5015      303.5682  1506993    0.63%         x.19.11 N  54990  54989     20
  55774 33452      305.1579    45      305.5015      303.5781  1527187    0.63%         x.14.13 D  55774  55773     34
  56513 33844      304.5022    38      305.5015      303.5850  1547274    0.63%           x.8.9 N  56513  56511     34
  57280 34183      305.2749    42      305.5015      303.5975  1566401    0.62%         x.28.32 U  57280  57279     27
  58070 34521        cutoff            305.5015      303.6095  1587201    0.62%          x.5.26 D  58070  58069     23
  58888 34891      305.1735    34      305.5015      303.6195  1608316    0.62%         x.19.20 N  58888  38844     19
  59715 35272      304.3314    48      305.5015      303.6279  1628381    0.61%         x.19.11 U  59715  59714     22
  60492 35639        cutoff            305.5015      303.6359  1649065    0.61%         x.18.13 U  60492  23404     30
  61310 35966      304.6444    54      305.5015      303.6458  1670054    0.61%         x.22.15 U  61310  61309     12
  62102 36271      304.4243    43      305.5015      303.6542  1691072    0.60%         x.28.34 N  62102  62101     25
Elapsed time = 185.59 sec. (283303.79 ticks, tree = 961.57 MB, solutions = 18)
  62907 36677      305.1056    42      305.5015      303.6612  1711780    0.60%           x.6.5 N  62907  62906     35
  63684 36926      303.8413    51      305.5015      303.6745  1733126    0.60%          x.6.39 D  63684  63683     24
  64455 37245      304.7942    39      305.5015      303.6839  1753572    0.59%           x.6.0 N  64455  64454     21
  65203 37524      305.3008    45      305.5015      303.6932  1773683    0.59%         x.22.15 D  65203  65201     12
  65975 37824      304.9629    46      305.5015      303.7024  1794196    0.59%          x.6.23 D  65975  65974     25
  66717 38112      304.4957    43      305.5015      303.7092  1814415    0.59%          x.26.4 N  66717  66716     33
  67455 38407        cutoff            305.5015      303.7167  1834549    0.58%         x.35.12 U  67455  67453     34
  68237 38709      304.3271    43      305.5015      303.7241  1854534    0.58%         x.21.13 N  68237  68236     28
  69030 39065        cutoff            305.5015      303.7322  1874535    0.58%         x.19.39 U  69030  37035     33
  69777 39369      304.0710    51      305.5015      303.7401  1894628    0.58%         x.23.21 N  69777  69775     21
Elapsed time = 211.09 sec. (321484.32 ticks, tree = 1066.42 MB, solutions = 18)
  70531 39653        cutoff            305.5015      303.7481  1914038    0.57%         x.22.38 U  70531  28637     16
  71292 39965      305.0161    52      305.5015      303.7559  1933453    0.57%         x.22.15 D  71292  71291     23
  72015 40239      304.4749    58      305.5015      303.7639  1953309    0.57%         x.22.15 N  72015  29874     17
  72752 40554      304.9251    46      305.5015      303.7698  1973310    0.57%         x.14.13 N  72752  72751     22
  73458 40767      304.3862    43      305.5015      303.7786  1993372    0.56%         x.36.15 N  73458  73457     53
  74215 41071      305.3143    55      305.5015      303.7861  2013630    0.56%          x.6.14 N  74215  44091     15
  74970 41358      305.4256    34      305.5015      303.7937  2032866    0.56%         x.35.20 N  74970  74969     32
  75692 41671      304.3558    46      305.5015      303.7994  2052524    0.56%          x.9.18 N  75692  75691     19
  76405 41919      304.8873    28      305.5015      303.8077  2071805    0.55%         x.14.13 N  76405  76404     45
  77157 42176      305.3823    47      305.5015      303.8156  2091683    0.55%         x.34.12 N  77157  77156     49
Elapsed time = 236.49 sec. (359685.59 ticks, tree = 1164.72 MB, solutions = 18)
  77893 42403      304.5273    52      305.5015      303.8236  2110708    0.55%           x.6.0 N  77893  68158     30
  78617 42675      304.8012    58      305.5015      303.8316  2129813    0.55%          x.30.8 N  78617  23008     17
  79385 42955        cutoff            305.5015      303.8390  2148284    0.54%         x.14.13 D  79385  79384     40
  80125 43190      304.6539    53      305.5015      303.8451  2167935    0.54%         x.19.11 N  80125  80124     18
  80874 43457      305.3673    41      305.5015      303.8514  2187867    0.54%         x.19.11 N  80874  80873     29
  81620 43753      303.8944    48      305.5015      303.8587  2206876    0.54%         x.36.36 D  81620  81619     44
  82328 43990      304.2070    48      305.5015      303.8651  2226516    0.54%         x.19.11 N  82328  20098     18
  83077 44275      305.1468    51      305.5015      303.8721  2245378    0.53%          x.6.27 N  83077   2291     18
  83790 44523      305.3794    44      305.5015      303.8793  2264829    0.53%         x.27.23 N  83790  83789     27
  84543 44808      305.4145    42      305.5015      303.8857  2283076    0.53%         x.35.12 N  84543  84542     30
Elapsed time = 261.68 sec. (397879.91 ticks, tree = 1259.65 MB, solutions = 18)
  85295 45020      305.0837    48      305.5015      303.8934  2302163    0.53%          x.26.4 N  85295  85294     20
  86013 45227        cutoff            305.5015      303.9013  2320255    0.52%          x.36.4 D  86013  86012     22
  86753 45455      305.4945    45      305.5015      303.9084  2339352    0.52%         x.28.10 N  86753  86752     22
  87475 45663        cutoff            305.5015      303.9145  2357860    0.52%         x.19.13 U  87475  56373     28
  88159 45907      304.3107    48      305.5015      303.9208  2376319    0.52%         x.28.11 N  88159  88158     29
  88878 46183        cutoff            305.5015      303.9267  2395305    0.52%          x.17.4 U  88878  10241     40
  89596 46366      305.4440    49      305.5015      303.9356  2413786    0.51%         x.23.27 N  89596   8214     10
  90300 46592      304.7994    44      305.5015      303.9423  2431892    0.51%          x.0.37 N  90300  90299     42
  91039 46879      304.5877    49      305.5015      303.9477  2449682    0.51%          x.5.32 N  91039  17775     14
  91753 47166      305.0944    43      305.5015      303.9541  2467771    0.51%         x.19.11 N  91753  91751     19
Elapsed time = 286.76 sec. (436078.86 ticks, tree = 1347.09 MB, solutions = 18)
  92520 47421      304.4592    39      305.5015      303.9608  2486555    0.50%         x.22.26 N  92520  92519     28
  93213 47683        cutoff            305.5015      303.9659  2505027    0.50%         x.13.11 D  93213  93211     29
  93942 47870      304.6069    50      305.5015      303.9727  2523867    0.50%           x.6.0 N  93942  93941     26
  94644 48071      305.3708    47      305.5015      303.9791  2542678    0.50%         x.28.34 N  94644  90611     38
  95343 48289      304.9581    39      305.5015      303.9853  2560763    0.50%          x.0.37 N  95343  95342     30
  96072 48521      304.9453    52      305.5015      303.9912  2578534    0.49%          x.9.18 N  96072  96071     17
  96777 48784      304.8752    59      305.5015      303.9974  2596600    0.49%          x.6.23 U  96777  96775     18
  97488 48997      305.1778    45      305.5015      304.0029  2615301    0.49%         x.28.19 N  97488  97487     39
  98203 49171      305.4402    35      305.5015      304.0099  2634230    0.49%          x.8.30 N  98203  98202     34
  98894 49386      305.3858    40      305.5015      304.0157  2652782    0.49%         x.28.19 N  98894  98893     35
Elapsed time = 311.71 sec. (474266.77 ticks, tree = 1431.16 MB, solutions = 18)
  99616 49628      305.4254    32      305.5015      304.0213  2670741    0.48%         x.21.25 N  99616  99615     20
 100308 49856      305.2672    41      305.5015      304.0264  2688301    0.48%          x.17.3 N 100308 100307     38
 100979 50081      304.6266    46      305.5015      304.0312  2705600    0.48%          x.6.23 N 100979 100978     31
 101690 50277      304.6975    39      305.5015      304.0373  2722485    0.48%          x.37.6 N 101690 101689     25
 102355 50466      304.3821    42      305.5015      304.0421  2739576    0.48%         x.21.25 N 102355 102353     40
 103021 50643      304.3867    49      305.5015      304.0483  2757165    0.48%          x.19.3 N 103021 103020     24
 103690 50856      304.3832    55      305.5015      304.0535  2774166    0.47%         x.19.20 N 103690 103689     12
 104346 51020      304.3271    47      305.5015      304.0589  2791943    0.47%         x.21.25 N 104346  25107     28
 105026 51194        cutoff            305.5015      304.0642  2809189    0.47%          x.19.3 U 105026  56765     18
 105680 51370      304.1693    43      305.5015      304.0698  2825999    0.47%          x.8.12 N 105680   3133     29
Elapsed time = 336.28 sec. (512477.03 ticks, tree = 1508.59 MB, solutions = 18)
 106356 51549      304.5198    44      305.5015      304.0751  2843777    0.47%         x.18.13 N 106356 106355     22
 107003 51701      304.3103    48      305.5015      304.0811  2860592    0.46%         x.28.34 N 107003 107002     34
 107654 51873        cutoff            305.5015      304.0862  2877058    0.46%          x.8.12 D 107654 107652     16
 108320 52034      304.8988    32      305.5015      304.0912  2893874    0.46%          x.8.12 N 108320 108319     51
 109000 52233      304.8369    39      305.5015      304.0960  2910492    0.46%          x.8.30 N 109000 108999     43
 109690 52406      305.3613    46      305.5015      304.1014  2928015    0.46%          x.6.23 N 109690  70276     20
 110371 52539      305.4542    40      305.5015      304.1075  2944775    0.46%         x.34.12 N 110371 110370     38
 111008 52689        cutoff            305.5015      304.1125  2961215    0.45%          x.8.12 D 111008 111007     37
 111697 52846      305.3646    42      305.5015      304.1181  2978512    0.45%         x.21.13 N 111697 111696     26
 112352 52966      305.4017    46      305.5015      304.1239  2994614    0.45%         x.34.12 N 112352 112351     58
Elapsed time = 360.72 sec. (550669.46 ticks, tree = 1573.77 MB, solutions = 18)
 113010 53104      305.3388    50      305.5015      304.1282  3010978    0.45%          x.3.12 N 113010  21251     33
 113668 53233      304.8992    51      305.5015      304.1331  3027379    0.45%         x.28.11 N 113668 113667     24
 114330 53431        cutoff            305.5015      304.1375  3044184    0.45%          x.21.2 U 114330   8369     35
 114977 53548      305.3587    47      305.5015      304.1431  3061036    0.44%         x.19.11 N 114977 114976     20
 115641 53687        cutoff            305.5015      304.1482  3076789    0.44%         x.28.11 D 115641  71356     31
 116320 53860      304.4917    46      305.5015      304.1525  3093036    0.44%         x.11.27 N 116320 116318     29
 116996 53988        cutoff            305.5015      304.1580  3109536    0.44%         x.28.19 U 116996 116994     38
 117636 54119      304.4750    50      305.5015      304.1638  3125811    0.44%         x.19.11 N 117636 117635     28
 118318 54288      305.3793    45      305.5015      304.1685  3142142    0.44%         x.29.27 N 118318 118317     39
 118970 54408      304.9656    35      305.5015      304.1739  3158413    0.43%          x.0.24 N 118970 118969     37
Elapsed time = 385.25 sec. (588859.82 ticks, tree = 1634.43 MB, solutions = 18)
 119621 54562      305.3779    39      305.5015      304.1783  3174440    0.43%         x.16.29 N 119621 119620     45
 120298 54715      305.2164    46      305.5015      304.1829  3190866    0.43%         x.28.19 N 120298 120297     33
 120975 54853      305.2229    51      305.5015      304.1884  3207025    0.43%           x.6.0 N 120975 120974     14
 121631 54961      305.1707    40      305.5015      304.1930  3223407    0.43%         x.13.11 N 121631 121630     21
 122303 55156      304.4484    37      305.5015      304.1971  3239626    0.43%          x.28.2 N 122303 122302     29
 122954 55238      304.3359    49      305.5015      304.2025  3255390    0.43%           x.6.0 N 122954  36569     18
 123612 55391        cutoff            305.5015      304.2079  3271011    0.42%          x.13.6 U 123612  20148     31
 124247 55537      304.9801    38      305.5015      304.2124  3287446    0.42%         x.28.34 N 124247 124246     16
 124899 55670      305.3382    48      305.5015      304.2172  3303916    0.42%         x.27.23 N 124899 124898     35
 125570 55826      304.7740    57      305.5015      304.2222  3320774    0.42%         x.19.11 N 125570 125569     22
Elapsed time = 409.49 sec. (627033.20 ticks, tree = 1694.96 MB, solutions = 18)
 126205 55978      305.2252    24      305.5015      304.2268  3336637    0.42%          x.28.2 N 126205 126204     39
 126840 56053      305.1733    33      305.5015      304.2324  3352605    0.42%          x.8.30 N 126840 126839     35
 127488 56113        cutoff            305.5015      304.2381  3368381    0.41%         x.19.11 U 127488 127487     44
 128154 56297      304.2478    50      305.5015      304.2423  3384225    0.41%          x.6.39 N 128154 111138     32
 128840 56386      304.7055    40      305.5015      304.2475  3400023    0.41%         x.28.19 N 128840 128839     29
 129508 56493      305.1488    35      305.5015      304.2527  3416309    0.41%         x.36.15 N 129508 129507     36
 130172 56633      305.2492    54      305.5015      304.2571  3432384    0.41%          x.6.31 N 130172 130171     20
 130830 56744      305.0954    40      305.5015      304.2614  3448745    0.41%         x.18.13 N 130830 130829     32
 131497 56859      305.4814    40      305.5015      304.2662  3464976    0.40%         x.28.10 N 131497 131496     19
 132139 56922        cutoff            305.5015      304.2718  3480982    0.40%          x.19.3 U 132139  75873     20
Elapsed time = 433.77 sec. (665209.05 ticks, tree = 1745.95 MB, solutions = 18)
 132770 57061      305.4280    49      305.5015      304.2754  3497465    0.40%          x.5.32 N 132770  31562     15
 133417 57143      304.3119    52      305.5015      304.2803  3513919    0.40%         x.22.15 N 133417 133416     14
 134073 57243      305.3983    46      305.5015      304.2849  3529706    0.40%          x.6.14 N 134073 134071     20
 134750 57332      304.9755    39      305.5015      304.2893  3546046    0.40%         x.28.10 N 134750 134749     17
 135398 57401      304.8511    37      305.5015      304.2942  3561626    0.40%          x.37.6 N 135398 135397     31
 136058 57458      305.4313    49      305.5015      304.2999  3577710    0.39%         x.24.13 N 136058 136057     16
 136726 57530      304.5543    59      305.5015      304.3049  3593149    0.39%          x.6.23 N 136726  26107     23
 137377 57606      304.6630    55      305.5015      304.3100  3609386    0.39%         x.30.26 N 137377 137375     28
 138030 57710        cutoff            305.5015      304.3139  3624453    0.39%          x.37.6 D 138030 138029     53
 138693 57836      304.4763    57      305.5015      304.3183  3639812    0.39%         x.19.11 N 138693 125494     13
Elapsed time = 458.11 sec. (703404.13 ticks, tree = 1790.22 MB, solutions = 18)
 139356 57942      305.2210    48      305.5015      304.3224  3655357    0.39%         x.28.10 N 139356 139355     20
 139998 58033        cutoff            305.5015      304.3269  3671468    0.38%         x.18.13 D 139998 139997     27
 140657 58232      304.9548    39      305.5015      304.3305  3687316    0.38%          x.4.13 N 140657 140656     51
 141275 58305      305.3435    39      305.5015      304.3353  3703308    0.38%          x.4.13 N 141275 141274     25
 141926 58449      304.6326    51      305.5015      304.3391  3718856    0.38%          x.6.23 N 141926  52042     12
 142577 58544      304.5820    51      305.5015      304.3431  3734405    0.38%          x.6.39 N 142577 142576     18
 143224 58675        cutoff            305.5015      304.3464  3749604    0.38%         x.30.33 U 143224   6085     15
 143860 58776        cutoff            305.5015      304.3503  3765130    0.38%         x.14.13 U 143860 143858     29
 144514 58854      305.1565    40      305.5015      304.3535  3780919    0.38%           x.6.0 U 144514 144513     32
 145194 58966      305.3049    28      305.5015      304.3571  3795969    0.37%         x.21.24 N 145194 145193     35
Elapsed time = 482.26 sec. (741575.73 ticks, tree = 1842.74 MB, solutions = 18)
 145835 59042      305.1450    47      305.5015      304.3613  3812055    0.37%          x.6.23 N 145835  22263     15
 146480 59128      305.2620    45      305.5015      304.3655  3827675    0.37%         x.21.13 N 146480 146479     21
 147140 59191      305.4854    34      305.5015      304.3694  3842828    0.37%          x.37.6 N 147140 147138     42
 147793 59278      304.4452    42      305.5015      304.3733  3857913    0.37%         x.28.19 N 147793 147792     29
 148456 59297        cutoff            305.5015      304.3785  3873328    0.37%         x.22.38 U 148456  54502     31
 149091 59390        cutoff            305.5015      304.3822  3889029    0.37%         x.21.25 D 149091 149090     14
 149738 59464      305.1987    44      305.5015      304.3863  3904354    0.37%          x.8.12 N 149738 149737     34
 150378 59525      304.8797    51      305.5015      304.3901  3920264    0.36%          x.8.12 N 150378  60744     58
 151009 59631        cutoff            305.5015      304.3938  3935301    0.36%         x.28.19 U 151009  96385     49
 151667 59697        cutoff            305.5015      304.3980  3950402    0.36%          x.8.12 D 151667 151665     25
Elapsed time = 506.69 sec. (779762.53 ticks, tree = 1881.96 MB, solutions = 18)
 152313 59684        cutoff            305.5015      304.4019  3965769    0.36%         x.28.19 D 152313 152312     42
 152979 59743      305.2691    41      305.5015      304.4063  3980864    0.36%         x.18.13 N 152979 152978     43
 153660 59787      305.0956    44      305.5015      304.4109  3995712    0.36%         x.28.10 N 153660 153659     17
 154305 59748        cutoff            305.5015      304.4162  4011269    0.36%           x.8.9 D 154305 154304     54
 154940 59848      305.3250    28      305.5015      304.4200  4026186    0.35%          x.8.12 N 154940 154939     18
 155589 59932      304.4781    52      305.5015      304.4234  4041815    0.35%           x.6.0 N 155589 109213     16
 156220 59988      304.9332    49      305.5015      304.4272  4057548    0.35%         x.23.27 N 156220 156219     30
 156893 60069      305.3617    37      305.5015      304.4308  4072772    0.35%         x.28.19 N 156893 156892     43
 157577 60109        cutoff            305.5015      304.4354  4087936    0.35%          x.3.12 U 157577 157575     29
 158227 60175      304.9885    34      305.5015      304.4395  4103227    0.35%         x.21.25 N 158227 158226     24
Elapsed time = 531.00 sec. (817954.77 ticks, tree = 1912.91 MB, solutions = 18)
 158893 60220      304.8931    43      305.5015      304.4436  4118612    0.35%         x.23.27 N 158893 158892     28
 159542 60270        cutoff            305.5015      304.4477  4134320    0.34%          x.8.34 U 159542  35819     56
 160180 60227      304.8419    33      305.5015      304.4527  4149595    0.34%         x.21.24 N 160180   6652     44
 160841 60290        cutoff            305.5015      304.4558  4164568    0.34%          x.8.12 D 160841 160840     32
 161510 60344      305.0978    38      305.5015      304.4595  4179839    0.34%         x.28.19 N 161510 161509     25
 162172 60336      304.7581    45      305.5015      304.4640  4194945    0.34%          x.0.37 N 162172  19663     27
 162800 60358      305.4080    32      305.5015      304.4678  4210387    0.34%         x.35.35 N 162800 162798     43
 163450 60328        cutoff            305.5015      304.4721  4225020    0.34%          x.17.3 U 163450 163448     28
 164090 60359      305.3508    52      305.5015      304.4760  4240255    0.34%          x.30.0 N 164090 164089     20
 164712 60375      304.9788    47      305.5015      304.4800  4255112    0.33%          x.28.2 N 164712 164711     37
Elapsed time = 555.20 sec. (856162.22 ticks, tree = 1934.02 MB, solutions = 18)
 165350 60390      304.4967    42      305.5015      304.4836  4269942    0.33%         x.19.14 D 165350 165349     24
 166000 60434      304.8208    39      305.5015      304.4871  4285209    0.33%          x.8.12 N 166000  42194     23
 166668 60454      305.4642    48      305.5015      304.4914  4299978    0.33%         x.21.13 N 166668 166667     17
 167320 60486      305.3186    40      305.5015      304.4953  4314597    0.33%          x.36.4 N 167320 167319     24
 167950 60465        cutoff            305.5015      304.4992  4330008    0.33%           x.6.0 D 167950  33768     18
 168596 60534      305.1159    49      305.5015      304.5025  4344622    0.33%         x.18.13 N 168596 168595     22
 169230 60600      305.3647    44      305.5015      304.5059  4359525    0.33%          x.4.13 N 169230 169229     47
 169908 60537        cutoff            305.5015      304.5109  4374092    0.32%         x.28.10 U 169908  23821     13
 170566 60567      305.0644    42      305.5015      304.5146  4389025    0.32%           x.8.9 N 170566 170565     30
 171211 60545      305.0862    39      305.5015      304.5189  4402963    0.32%          x.0.37 N 171211 171210     52
Elapsed time = 579.37 sec. (894431.01 ticks, tree = 1954.22 MB, solutions = 18)
 171874 60567      305.4395    28      305.5015      304.5226  4417634    0.32%          x.28.2 N 171874 171873     49
 172520 60568      305.3889    30      305.5015      304.5264  4432002    0.32%         x.13.11 N 172520 172519     23
 173165 60569      305.3978    40      305.5015      304.5301  4446908    0.32%         x.21.25 N 173165  74920     23
 173798 60597      305.0911    33      305.5015      304.5335  4461092    0.32%         x.21.24 N 173798 173797     27
 174447 60598      304.6942    54      305.5015      304.5373  4475637    0.32%         x.28.11 N 174447 174446     28
 175116 60589      304.9973    50      305.5015      304.5411  4490031    0.31%          x.36.4 D 175116 175115     25
 175770 60567      304.8187    37      305.5015      304.5447  4504765    0.31%         x.28.34 N 175770 175769     54
 176415 60521      305.1272    43      305.5015      304.5493  4519405    0.31%         x.22.26 N 176415 176414     18
 177058 60507      304.9831    53      305.5015      304.5533  4533862    0.31%         x.28.19 N 177058 177057     27
 177688 60507      304.8163    44      305.5015      304.5573  4548054    0.31%           x.6.0 N 177688 104699     45
Elapsed time = 603.36 sec. (932625.88 ticks, tree = 1966.81 MB, solutions = 18)
 178364 60496        cutoff            305.5015      304.5610  4562796    0.31%         x.24.13 U 178364 178362     20
 179031 60489      305.0209    47      305.5015      304.5649  4577110    0.31%         x.18.13 N 179031 179030     39
 179694 60461      304.9007    42      305.5015      304.5684  4591036    0.31%          x.6.23 N 179694 172999     25
 180385 60405      305.1376    33      305.5015      304.5732  4605429    0.30%         x.21.25 N 180385 180384     26
 181062 60352      304.9993    51      305.5015      304.5773  4619295    0.30%          x.6.27 N 181062 181061     22
 181709 60364      305.1149    43      305.5015      304.5807  4633661    0.30%         x.18.13 N 181709 181708     25
 182370 60336      305.0390    46      305.5015      304.5849  4647654    0.30%         x.22.26 N 182370  20833     21
 183025 60259      304.9296    42      305.5015      304.5897  4661804    0.30%          x.37.6 N 183025 133206     40
 183680 60194      305.1806    45      305.5015      304.5942  4676547    0.30%          x.37.6 N 183680   4973     23
 184350 60121      304.6657    28      305.5015      304.5981  4690874    0.30%          x.8.12 N 184350  48710     42
Elapsed time = 626.69 sec. (970824.22 ticks, tree = 1967.91 MB, solutions = 18)
 185030 60016      305.1341    44      305.5015      304.6023  4705375    0.29%          x.6.23 N 185030 185029     17
 185679 59979      305.2931    38      305.5015      304.6058  4719578    0.29%          x.0.37 N 185679 185678     28
 186358 59836      305.1483    46      305.5015      304.6104  4734230    0.29%         x.28.10 N 186358 186357     17
 187029 59756      304.7767    50      305.5015      304.6147  4748977    0.29%         x.28.11 N 187029  52469     21
 187724 59619      305.1702    41      305.5015      304.6195  4763347    0.29%         x.35.35 N 187724 152373     57
 188364 59554        cutoff            305.5015      304.6238  4777415    0.29%         x.14.13 U 188364 188362     41
 189035 59503        cutoff            305.5015      304.6276  4791593    0.29%         x.19.33 U 189035 164779     18
 189692 59436      305.0946    54      305.5015      304.6316  4806328    0.28%          x.6.23 N 189692 189691     18
 190359 59337      304.9931    38      305.5015      304.6357  4820432    0.28%         x.36.15 N 190359 109709     28
 191019 59224      305.3139    32      305.5015      304.6397  4834737    0.28%           x.2.7 N 191019 191018     48
Elapsed time = 650.13 sec. (1009021.23 ticks, tree = 1950.23 MB, solutions = 18)
 191698 59121        cutoff            305.5015      304.6439  4848522    0.28%           x.8.4 U 191698 154520     38
 192348 59080      305.0288    33      305.5015      304.6475  4862575    0.28%          x.0.37 N 192348 192347     23
 193022 58942      305.3217    32      305.5015      304.6517  4876184    0.28%           x.4.7 N 193022 193021     41
 193708 58817        cutoff            305.5015      304.6559  4890345    0.28%          x.4.13 D 193708 193707     31
 194370 58714      305.1665    42      305.5015      304.6601  4904766    0.28%         x.28.19 N 194370 194369     28
 195025 58607        cutoff            305.5015      304.6638  4919720    0.27%         x.19.11 U 195025 135588     43
 195688 58548      305.0248    47      305.5015      304.6682  4934042    0.27%          x.6.14 N 195688 195687     20
 196349 58499        cutoff            305.5015      304.6719  4948284    0.27%          x.5.32 D 196349  11059     22
 197012 58431        cutoff            305.5015      304.6754  4961848    0.27%         x.18.13 U 197012  66751     20
 197670 58397        cutoff            305.5015      304.6789  4975622    0.27%         x.35.12 D 197670 197669     26
Elapsed time = 673.39 sec. (1047204.57 ticks, tree = 1935.16 MB, solutions = 18)
 198322 58288      304.9575    38      305.5015      304.6830  4989471    0.27%         x.28.19 N 198322 198321     21
 199000 58180      305.0285    37      305.5015      304.6869  5003562    0.27%         x.21.25 N 199000 198999     56
 199681 58084      305.2989    45      305.5015      304.6914  5017248    0.27%           x.9.6 N 199681 199680     31
 200368 57968        cutoff            305.5015      304.6956  5031259    0.26%          x.26.4 D 200368 200367     27
 201025 57856      305.2174    53      305.5015      304.6994  5045047    0.26%         x.28.32 N 201025  78336     24
 201687 57795      305.1502    47      305.5015      304.7025  5058707    0.26%         x.28.34 N 201687 201686     30
 202340 57690      304.7429    58      305.5015      304.7060  5072079    0.26%           x.6.0 N 202340  75703     21
 202995 57540      305.2046    52      305.5015      304.7098  5085413    0.26%          x.6.23 N 202995 181597     29
 203666 57466      304.9776    38      305.5015      304.7134  5098903    0.26%         x.21.25 N 203666 117333     29
 204339 57395      304.9179    47      305.5015      304.7174  5113140    0.26%          x.37.6 N 204339   5993     28
Elapsed time = 696.43 sec. (1085397.77 ticks, tree = 1914.03 MB, solutions = 18)
 205012 57233      305.3482    47      305.5015      304.7214  5127342    0.26%          x.0.37 N 205012 157628     57
 205653 57151        cutoff            305.5015      304.7246  5141155    0.25%         x.35.12 U 205653 205651     30
 206332 56974      305.1638    43      305.5015      304.7290  5154422    0.25%          x.0.31 N 206332 206331     31
 206999 56837      304.7584    43      305.5015      304.7328  5167722    0.25%          x.37.6 N 206999   6578     31
 207661 56753      304.9335    35      305.5015      304.7362  5180991    0.25%          x.28.2 N 207661 207660     43
 208355 56637      304.9029    46      305.5015      304.7401  5194085    0.25%          x.37.6 N 208355  31415     29
 209060 56473      305.1343    33      305.5015      304.7444  5207398    0.25%         x.29.27 N 209060  98235     28
 209729 56322      305.0995    39      305.5015      304.7486  5220410    0.25%         x.19.11 N 209729 209727     34
 210405 56150      305.2784    41      305.5015      304.7526  5234041    0.25%         x.35.35 N 210405  64275     42
 211108 56086      305.1114    33      305.5015      304.7559  5248212    0.24%         x.14.13 N 211108 211107     40
Elapsed time = 719.79 sec. (1123584.33 ticks, tree = 1881.75 MB, solutions = 18)
 211769 55967      305.1556    42      305.5015      304.7598  5261022    0.24%         x.35.12 N 211769 167288     31
 212445 55833      305.4470    53      305.5015      304.7635  5273805    0.24%          x.26.4 N 212445 115982     44
 213147 55670        cutoff            305.5015      304.7676  5287909    0.24%         x.21.13 U 213147  12304     19
 213914 55437      305.0792    50      305.5015      304.7724  5301568    0.24%         x.18.13 N 213914 213913     27
 214659 55208        cutoff            305.5015      304.7778  5316010    0.24%           x.8.9 U 214659 214657     27
 215428 54966        cutoff            305.5015      304.7825  5330507    0.24%         x.21.13 U 215428  75647     29
 216202 54679      305.2601    41      305.5015      304.7879  5344558    0.23%          x.26.4 N 216202  82049     30
 216979 54396      305.3425    38      305.5015      304.7932  5358591    0.23%         x.14.13 N 216979 216978     26
 217728 54134        cutoff            305.5015      304.7976  5373242    0.23%         x.28.28 U 217728 123344     39
 218477 53920        cutoff            305.5015      304.8019  5387526    0.23%         x.28.19 U 218477 218475     24
Elapsed time = 744.19 sec. (1161762.64 ticks, tree = 1818.92 MB, solutions = 18)
 219208 53700      305.0949    49      305.5015      304.8064  5402030    0.23%           x.6.4 N 219208 219207     19
 219983 53522      305.4944    44      305.5015      304.8109  5415946    0.23%         x.28.10 N 219983 131284     20
 220713 53302      305.4502    36      305.5015      304.8148  5429838    0.22%         x.14.13 N 220713 220712     39
 221463 53094        cutoff            305.5015      304.8189  5444244    0.22%         x.28.32 D 221463 221462     18
 222189 52925      305.0565    46      305.5015      304.8229  5458345    0.22%         x.19.14 N 222189 222188     49
 222928 52704      304.8396    39      305.5015      304.8270  5472410    0.22%           x.6.0 N 222928  71642     37
 223675 52473        cutoff            305.5015      304.8317  5485856    0.22%         x.28.11 D 223675 223673     36
 224421 52265        cutoff            305.5015      304.8364  5499554    0.22%          x.26.4 U 224421 156556     31
 225168 52035      305.1835    46      305.5015      304.8407  5513306    0.22%         x.35.12 N 225168  26230     34
 225926 51790        cutoff            305.5015      304.8454  5526636    0.21%         x.28.34 U 225926  54418     17
Elapsed time = 769.30 sec. (1199939.13 ticks, tree = 1757.60 MB, solutions = 18)
 226670 51559      305.4473    50      305.5015      304.8495  5540257    0.21%         x.28.10 N 226670 226669     31
 227433 51344        cutoff            305.5015      304.8540  5553712    0.21%         x.39.10 D 227433 227432     43
 228172 51112      305.1698    41      305.5015      304.8584  5567678    0.21%         x.19.11 N 228172  71347     22
 228934 50846        cutoff            305.5015      304.8627  5580573    0.21%         x.19.14 U 228934 183261     15
 229684 50630      304.8782    36      305.5015      304.8671  5593886    0.21%          x.0.37 N 229684 198839     31
 230448 50399        cutoff            305.5015      304.8717  5607647    0.21%         x.19.14 U 230448  15137     22
 231207 50117      305.2556    46      305.5015      304.8764  5620949    0.20%          x.36.4 N 231207 231206     18
 232000 49828      305.4789    32      305.5015      304.8810  5633288    0.20%         x.21.25 N 232000 231999     21
 232774 49574      305.0655    56      305.5015      304.8850  5646687    0.20%          x.6.23 N 232774 232773     19
 233541 49306      305.2321    27      305.5015      304.8894  5660096    0.20%         x.39.10 D 233541 233540     24
Elapsed time = 794.49 sec. (1238116.64 ticks, tree = 1683.11 MB, solutions = 18)
 234319 49051        cutoff            305.5015      304.8939  5672951    0.20%           x.6.4 U 234319  21533     23
 235073 48746        cutoff            305.5015      304.8986  5686239    0.20%           x.6.5 D 235073  43970     37
 235862 48449        cutoff            305.5015      304.9033  5698979    0.20%          x.6.23 U 235862 185637     13
 236601 48174        cutoff            305.5015      304.9070  5712592    0.19%         x.18.13 U 236601 192773     30
 237349 47918      305.3587    54      305.5015      304.9112  5725783    0.19%          x.6.23 N 237349 183514     17
 238117 47643      305.3271    29      305.5015      304.9156  5738567    0.19%         x.21.25 N 238117 222387     18
 238906 47335      305.3162    46      305.5015      304.9201  5750953    0.19%         x.24.13 N 238906  15477     27
 239678 47056      305.1899    41      305.5015      304.9249  5763937    0.19%         x.35.12 N 239678  51928     30
 240459 46751        cutoff            305.5015      304.9295  5776949    0.19%         x.18.13 U 240459  48126     20
 241221 46465        cutoff            305.5015      304.9339  5789904    0.19%          x.0.37 D 241221 104782     33
Elapsed time = 820.00 sec. (1276283.17 ticks, tree = 1594.81 MB, solutions = 18)
 242022 46131        cutoff            305.5015      304.9387  5802350    0.18%          x.8.30 U 242022  66199     26
 242827 45756        cutoff            305.5015      304.9435  5815043    0.18%         x.19.11 U 242827  76698     23
 243660 45323        cutoff            305.5015      304.9492  5826946    0.18%         x.18.13 U 243660  10252     51
 244469 44982        cutoff            305.5015      304.9541  5839399    0.18%          x.16.4 U 244469  10505     30
 245268 44577      305.0872    52      305.5015      304.9589  5852565    0.18%          x.5.32 N 245268 149820     22
 246143 44084      305.3222    36      305.5015      304.9647  5864288    0.18%          x.30.0 D 246143 246142     17
 247009 43544      305.0121    52      305.5015      304.9711  5875847    0.17%          x.19.3 D 247009 247008     42
 247862 43073      305.2234    37      305.5015      304.9771  5887736    0.17%         x.35.35 N 247862  16821     45
 248722 42536        cutoff            305.5015      304.9828  5899134    0.17%         x.21.13 U 248722 218042     19
 249557 42032        cutoff            305.5015      304.9882  5910894    0.17%         x.21.24 D 249557 156607     28
Elapsed time = 845.96 sec. (1314446.96 ticks, tree = 1449.08 MB, solutions = 18)
 250421 41500      305.2532    47      305.5015      304.9944  5922201    0.17%         x.28.10 N 250421   2475     29
 251283 40966        cutoff            305.5015      304.9999  5933752    0.16%         x.19.11 D 251283  58928     13
 252134 40479      305.0172    54      305.5015      305.0054  5945042    0.16%          x.6.39 N 252134 117076     17
 252999 39956        cutoff            305.5015      305.0115  5956655    0.16%          x.0.24 U 252999 252997     28
 253861 39468        cutoff            305.5015      305.0171  5967889    0.16%         x.14.13 U 253861 186921     40
 254732 38943        cutoff            305.5015      305.0225  5979036    0.16%          x.0.37 U 254732 254731     14
 255587 38454        cutoff            305.5015      305.0281  5990339    0.15%         x.21.24 U 255587 199340     43
 256432 37974        cutoff            305.5015      305.0334  6001418    0.15%          x.0.37 D 256432 148800     17
 257296 37462        cutoff            305.5015      305.0392  6012726    0.15%         x.36.33 U 257296  96315     25
 258182 36821        cutoff            305.5015      305.0460  6023328    0.15%          x.3.12 U 258182 139244     30
Elapsed time = 872.20 sec. (1352618.55 ticks, tree = 1274.92 MB, solutions = 18)
 259084 36230      305.4292    45      305.5015      305.0520  6033912    0.15%         x.21.13 N 259084   9263     27
 259971 35668        cutoff            305.5015      305.0581  6044267    0.15%           x.8.9 U 259971  59153     22
 260852 35056        cutoff            305.5015      305.0648  6054623    0.14%         x.36.15 U 260852 122999     51
 261746 34423        cutoff            305.5015      305.0708  6064413    0.14%          x.6.14 D 261746 261745     48
 262627 33848        cutoff            305.5015      305.0764  6074749    0.14%         x.11.27 U 262627  74278     37
 263532 33219        cutoff            305.5015      305.0832  6084217    0.14%          x.0.24 U 263532 133439     39
 264454 32555      305.3389    34      305.5015      305.0901  6093070    0.13%          x.8.12 N 264454 227092     35
 265349 31993        cutoff            305.5015      305.0958  6102919    0.13%          x.0.37 D 265349 155405     19
 266252 31356        cutoff            305.5015      305.1024  6112610    0.13%          x.36.4 U 266252  49946     21
 267186 30680        cutoff            305.5015      305.1093  6121866    0.13%         x.28.34 U 267186 180275     25
Elapsed time = 898.86 sec. (1390799.23 ticks, tree = 1065.35 MB, solutions = 18)
 268087 30032        cutoff            305.5015      305.1156  6130830    0.13%           x.9.6 U 268087 191863     26
 269016 29362      305.4723    32      305.5015      305.1223  6139977    0.12%         x.29.27 N 269016  95683     36
 269933 28672        cutoff            305.5015      305.1296  6148919    0.12%         x.16.29 U 269933 269931     52
 270828 28023      305.3704    45      305.5015      305.1363  6157821    0.12%         x.27.23 N 270828 270827     35
 271715 27420      305.3351    34      305.5015      305.1426  6166896    0.12%          x.37.6 N 271715  18413     25
 272634 26736        cutoff            305.5015      305.1491  6175385    0.12%          x.26.4 U 272634 175922     28
 273579 25975        cutoff            305.5015      305.1567  6183285    0.11%         x.21.13 U 273579  18590     33
 274523 25237      305.1806    43      305.5015      305.1646  6190914    0.11%         x.30.26 N 274523 274522     30
 275457 24526        cutoff            305.5015      305.1719  6198824    0.11%          x.5.13 U 275457 168412     27
 276399 23781      305.4287    32      305.5015      305.1791  6206231    0.11%          x.0.37 N 276399  59029     39
Elapsed time = 925.95 sec. (1428986.92 ticks, tree = 827.95 MB, solutions = 18)
 277339 23022        cutoff            305.5015      305.1868  6213794    0.10%          x.37.6 U 277339 119103     44
 278282 22284        cutoff            305.5015      305.1944  6221346    0.10%          x.6.39 U 278282 205262     20
 279259 21505        cutoff            305.5015      305.2020  6228486    0.10%          x.0.37 D 279259 182003     43
 280200 20743        cutoff            305.5015      305.2099  6235890    0.10%          x.0.24 U 280200 167550     43
 281166 19964        cutoff            305.5015      305.2178  6242699    0.09%         x.36.15 D 281166 281165     31
 282145 19111        cutoff            305.5015      305.2265  6248876    0.09%         x.14.13 U 282145  39097     50
 283146 18262        cutoff            305.5015      305.2362  6255059    0.09%         x.36.15 U 283146 230990     49
 284135 17412        cutoff            305.5015      305.2451  6260948    0.08%         x.28.19 U 284135 233230     51
 285138 16520        cutoff            305.5015      305.2541  6266679    0.08%         x.30.26 D 285138  17631     19
 286124 15651        cutoff            305.5015      305.2635  6272426    0.08%         x.35.35 D 286124 179757     45
Elapsed time = 954.05 sec. (1467152.31 ticks, tree = 546.35 MB, solutions = 18)
 287088 14860        cutoff            305.5015      305.2719  6278361    0.08%          x.36.4 U 287088 124574     29
 288072 13986      305.4197    30      305.5015      305.2820  6283653    0.07%         x.39.10 D 288072 288071     34
 289046 13138        cutoff            305.5015      305.2918  6289103    0.07%          x.3.12 U 289046  15665     41
 290043 12245        cutoff            305.5015      305.3023  6293542    0.07%         x.14.13 U 290043 256403     42
 291024 11376        cutoff            305.5015      305.3123  6298431    0.06%          x.26.4 U 291024  66014     25
 292003 10519        cutoff            305.5015      305.3231  6303200    0.06%           x.4.7 U 292003 217234     38
 292994  9625      305.4187    48      305.5015      305.3343  6307635    0.05%         x.28.11 N 292994 209751     22
 293979  8719        cutoff            305.5015      305.3454  6312247    0.05%         x.22.26 U 293979 177510     26
 294980  7806        cutoff            305.5015      305.3568  6316200    0.05%         x.35.35 D 294980 294979     32
 295975  6887        cutoff            305.5015      305.3696  6320032    0.04%         x.20.20 U 295975 209838     67
Elapsed time = 983.86 sec. (1505327.84 ticks, tree = 241.02 MB, solutions = 18)
 296984  5933        cutoff            305.5015      305.3828  6323561    0.04%         x.18.13 U 296984 111193     34
 298010  4948        cutoff            305.5015      305.3979  6326731    0.03%          x.26.4 U 298010  65489     28
 298988  4026        cutoff            305.5015      305.4123  6330076    0.03%         x.27.13 U 298988  34846     36
 299988  3069        cutoff            305.5015      305.4288  6332827    0.02%           x.9.6 U 299988 187651     57
 300972  2134        cutoff            305.5015      305.4471  6335603    0.02%         x.39.10 U 300972 126417     27
 301968  1157        cutoff            305.5015      305.4697  6337817    0.01%         x.31.33 U 301968 272815     56
 303000   134        cutoff            305.5015      305.4980  6339695    0.00%          x.6.14 U 303000 133838     27

Gomory fractional cuts applied:  20
User cuts applied:  5055

Root node processing (before b&c):
  Real time             =    0.10 sec. (97.66 ticks)
Sequential b&c:
  Real time             = 1004.49 sec. (1533347.23 ticks)
                          ------------
Total (root+branch&cut) = 1004.59 sec. (1533444.89 ticks)

Solution status: 101
Objective value:  3.0550150269e+02
Solution status is CPX_STAT_OPTIMAL
Node: 303135
