proble size: m = 5 , n = 5 , seed = 7 
Benders' cuts separated to cut off: Integer and fractional infeasible solutions.
seed = 7
Version identifier: 20.1.0.0 | 2020-11-10 | 9bedb6d68
CPXPARAM_Threads                                 1
CPXPARAM_RandomSeed                              7
CPXPARAM_MIP_Strategy_CallbackReducedLP          0
CPXPARAM_MIP_Strategy_Search                     1
CPXPARAM_TimeLimit                               3600
CPXPARAM_MIP_Tolerances_AbsMIPGap                0
CPXPARAM_MIP_Tolerances_MIPGap                   0
Legacy callback                                  LU
Tried aggregator 1 time.
Reduced MIP has 40 rows, 1640 columns, and 1600 nonzeros.
Reduced MIP has 1600 binaries, 0 generals, 0 SOSs, and 0 indicators.
Presolve time = 0.00 sec. (0.63 ticks)
Probing time = 0.00 sec. (2.48 ticks)
Clique table members: 40.
MIP emphasis: balance optimality and feasibility.
MIP search method: traditional branch-and-cut.
Parallel mode: none, using 1 thread.
Root relaxation solution time = 0.00 sec. (0.34 ticks)

        Nodes                                         Cuts/
   Node  Left     Objective  IInf  Best Integer    Best Bound    ItCnt     Gap         Variable B NodeID Parent  Depth

      0     0        0.0000    26                      0.0000        0         
*     0+    0                         1018.9473        0.0000           100.00%
*     0+    0                          872.3544        0.0000           100.00%
      0     0      182.8557    49      872.3544     Fract: 22      100   79.04%
*     0+    0                          704.0829      182.8557            74.03%
      0     0      226.4307    59      704.0829     Fract: 12      147   67.84%
*     0+    0                          476.6238      226.4307            52.49%
      0     0      279.4036    51      476.6238      Cuts: 20      176   41.38%
*     0+    0                          331.4593      279.4036            15.71%
      0     0      289.0807    58      331.4593 UserPurge2: 1      179   12.79%
      0     0      289.1429    58      331.4593 UserPurge2: 1      180   12.77%
      0     0      291.9420    58      331.4593 UserPurge2: 6      192   11.92%
      0     0      292.2236    57      331.4593 UserPurge2: 1      195   11.84%
      0     0      292.2304    58      331.4593 UserPurge2: 1      200   11.84%
      0     2      292.2304    60      331.4593      292.2456      200   11.83%                        0             0
Elapsed time = 0.09 sec. (87.83 ticks, tree = 0.01 MB, solutions = 5)
*    10+   10                          309.2745      299.0493             3.31%
     25    18      305.2830    52      309.2745      299.0493     1835    3.31%         x.24.10 N     25     24     21
     57    39      300.4872    65      309.2745      299.4002     3287    3.19%          x.29.3 N     57      1      2
*    60+   27                          306.5693      299.4002             2.34%
*    70+   35                          306.3772      299.4002             2.28%
     84    49      306.3528    42      306.3772      299.4002     4737    2.28%         x.35.36 N     84     82     19
    131    84      305.0688    36      306.3772      299.7951     6023    2.15%          x.29.7 N    131    130     45
    170   112      301.2493    58      306.3772      300.0683     7688    2.06%         x.24.13 D    170    169      5
    226   163      303.9865    45      306.3772      300.2477     9501    2.00%         x.18.15 N    226    225     18
    282   203      305.9867    44      306.3772      300.3914    10988    1.95%         x.27.25 N    282    281     25
*   290+  204                          306.1599      300.4438             1.87%
*   300+  193                          305.6425      300.4438             1.70%
*   300+  193                          305.6424      300.4438             1.70%
*   330+  215                          305.6424      300.4438             1.70%
    348   227      302.1342    63      305.6424      300.4874    12275    1.69%          x.17.3 N    348      6      6
    390   264      303.5798    46      305.6424      300.6938    13534    1.62%          x.0.37 N    390    389     30
    607   440      303.3128    58      305.6424      301.0911    20493    1.49%         x.27.23 N    607    606     24
Elapsed time = 2.40 sec. (3260.37 ticks, tree = 5.06 MB, solutions = 12)
    867   647      305.5000    48      305.6424      301.2500    28549    1.44%          x.5.32 U    867    866     16
   1130   852      303.1839    47      305.6424      301.5157    35835    1.35%         x.23.27 D   1130   1129     24
   1440  1088      303.8226    44      305.6424      301.7831    43673    1.26%          x.6.23 D   1440   1439     39
*  1470+ 1093                          305.5461      301.7965             1.23%
   1670  1239      304.2070    41      305.5461      301.9236    49672    1.19%          x.30.8 D   1670   1669     31
   1933  1428      305.0846    33      305.5461      302.0669    55989    1.14%         x.19.11 N   1933   1932     21
   2226  1637      303.3169    50      305.5461      302.2100    63301    1.09%         x.28.32 U   2226   2225     23
   2549  1892      303.0379    53      305.5461      302.3267    70512    1.05%         x.27.10 D   2549   2548     22
   2868  2126      303.4355    56      305.5461      302.4231    77926    1.02%         x.28.32 D   2868    172      8
   3157  2338      302.4794    59      305.5461      302.4794    84846    1.00%         x.12.38 D   3157   3156     14
   3481  2573      304.8146    16      305.5461      302.5227    92062    0.99%          x.21.9 N   3481   3480     49
Elapsed time = 8.83 sec. (12820.58 ticks, tree = 38.63 MB, solutions = 13)
   3823  2831      302.6472    56      305.5461      302.5564    99082    0.98%          x.30.0 D   3823   3822     14
   4170  3090      302.6928    52      305.5461      302.6249   106200    0.96%         x.38.27 N   4170    546      6
   4512  3323      303.3058    55      305.5461      302.6779   114158    0.94%         x.30.12 D   4512   4511     19
   4860  3578      304.1207    43      305.5461      302.7127   121738    0.93%         x.38.20 D   4860   4859     34
   5200  3788      305.0154    38      305.5461      302.7600   129272    0.91%         x.20.38 D   5200   5199     38
   5530  3998      303.6712    50      305.5461      302.8063   136341    0.90%         x.18.38 D   5530   5529     15
   5855  4211      303.6242    48      305.5461      302.8450   142991    0.88%         x.23.21 N   5855   5853      9
   6150  4389      303.2374    51      305.5461      302.8696   149742    0.88%         x.30.26 N   6150   6149     15
   6470  4582      304.8002    36      305.5461      302.8981   156462    0.87%          x.8.37 U   6470   6469     54
   6776  4737      305.5317    39      305.5461      302.9310   163495    0.86%          x.7.16 U   6776   6774     27
Elapsed time = 15.04 sec. (22386.05 ticks, tree = 78.87 MB, solutions = 13)
   7085  4916      303.9963    54      305.5461      302.9620   169922    0.85%          x.8.27 U   7085   2334     13
   7357  5064      305.1970    40      305.5461      302.9819   176814    0.84%         x.27.16 N   7357   7356     38
*  7570+ 5178                          305.5461      302.9968             0.83%
*  7600+ 5207                          305.5461      302.9968             0.83%
*  7610+ 5217                          305.5460      302.9968             0.83%
   7630  5232      303.8041    46      305.5460      302.9980   182855    0.83%          x.30.8 D   7630   7629     14
   7843  5376      305.0721    49      305.5460      303.0096   186895    0.83%          x.5.13 U   7843   7842     23
   8080  5488      304.4020    48      305.5460      303.0312   193097    0.82%         x.30.25 D   8080   8079     18
   8346  5649      305.4195    46      305.5460      303.0467   199257    0.82%         x.27.13 U   8346   2224     22
   8650  5847      305.0563    34      305.5460      303.0656   204562    0.81%         x.16.29 N   8650   8648     38
   8940  6022      304.3582    34      305.5460      303.0832   210588    0.81%          x.2.22 N   8940   8939     67
   9241  6201      305.2214    29      305.5460      303.1035   217019    0.80%          x.8.12 N   9241   9240     34
   9540  6352      303.7091    47      305.5460      303.1212   223064    0.79%          x.30.0 N   9540   3446     15
Elapsed time = 21.11 sec. (32014.24 ticks, tree = 111.98 MB, solutions = 16)
   9811  6512      303.2958    50      305.5460      303.1334   229030    0.79%         x.22.38 U   9811   2536     10
  10107  6698        cutoff            305.5460      303.1490   235047    0.78%          x.5.25 D  10107  10105     39
  10410  6855      303.2787    53      305.5460      303.1697   240369    0.78%         x.19.17 D  10410  10409     59
  10722  7055      304.8314    23      305.5460      303.1766   246130    0.78%         x.11.20 N  10722  10721     56
  11020  7238      303.4889    42      305.5460      303.1948   251609    0.77%          x.6.34 D  11020  11019     33
  11344  7465      303.8852    43      305.5460      303.2068   257835    0.77%          x.8.27 D  11344  11343     29
  11655  7648      305.4568    43      305.5460      303.2180   263372    0.76%         x.28.32 D  11655    311     29
  11971  7825      305.0466    40      305.5460      303.2298   269251    0.76%          x.6.39 N  11971  11970     45
  12240  8001      303.7154    50      305.5460      303.2414   275142    0.75%         x.16.29 N  12240   1425     25
  12503  8130      305.5039    52      305.5460      303.2590   281070    0.75%          x.0.21 U  12503  12502     16
Elapsed time = 27.03 sec. (41583.56 ticks, tree = 150.56 MB, solutions = 16)
  12810  8296      304.2290    28      305.5460      303.2757   287296    0.74%           x.2.7 D  12810  12809     60
  13102  8436      304.5235    36      305.5460      303.2895   293599    0.74%         x.17.22 D  13102  13101     34
  13386  8562      305.3254    47      305.5460      303.3020   299696    0.73%         x.39.10 D  13386  13384     15
  13700  8746      304.7824    46      305.5460      303.3144   305441    0.73%         x.32.15 D  13700  13699     22
  14023  8938      305.4363    31      305.5460      303.3243   311332    0.73%         x.16.29 N  14023  14022     53
  14313  9091      304.7629    44      305.5460      303.3339   317405    0.72%         x.27.13 D  14313  14311     26
  14605  9293      303.9867    44      305.5460      303.3419   323198    0.72%         x.19.39 D  14605  14604     50
  14912  9464      305.0809    56      305.5460      303.3517   329331    0.72%          x.7.13 D  14912  14911     29
  15200  9605      304.4963    43      305.5460      303.3665   335566    0.71%         x.29.39 D  15200  15199     30
  15500  9780      304.2405    36      305.5460      303.3772   341897    0.71%         x.32.20 D  15500  15499     52
Elapsed time = 32.94 sec. (51150.60 ticks, tree = 188.39 MB, solutions = 16)
  15803  9948      304.2541    46      305.5460      303.3884   348083    0.71%          x.30.0 D  15803  15802     24
* 16070+10109                          305.5446      303.3970             0.70%
* 16080+10118                          305.5446      303.3972             0.70%
* 16080+10118                          305.5446      303.3972             0.70%
  16080 10120      303.3975    48      305.5446      303.3972   353705    0.70%         x.19.39 D  16080  16079     45
  16272 10228      303.4718    56      305.5446      303.4022   357836    0.70%         x.30.26 N  16272   9369     18
  16480 10330      303.9714    46      305.5446      303.4094   362911    0.70%          x.6.39 D  16480  16479     35
  16718 10458        cutoff            305.5446      303.4151   367726    0.70%          x.5.13 U  16718   1879     12
  17012 10621      304.1341    41      305.5446      303.4233   373228    0.69%         x.39.10 D  17012  17011     29
  17243 10748        cutoff            305.5446      303.4290   379276    0.69%          x.6.23 U  17243  17242     18
  17520 10873      304.2380    48      305.5446      303.4432   384995    0.69%          x.6.23 D  17520  17519     35
  17790 11049      304.8386    50      305.5446      303.4480   390397    0.69%         x.23.21 U  17790  17789     17
  18076 11219      305.0567    26      305.5446      303.4538   396315    0.68%         x.27.17 D  18076  18075     53
Elapsed time = 38.78 sec. (60732.02 ticks, tree = 221.69 MB, solutions = 19)
  18340 11351      304.8875    32      305.5446      303.4626   401768    0.68%         x.27.16 D  18340  18339     32
  18639 11503      304.5081    47      305.5446      303.4743   407739    0.68%         x.14.13 N  18639  18638     37
  18910 11635      303.6212    54      305.5446      303.4823   413684    0.67%          x.30.0 N  18910  11396      8
  19189 11811      304.7661    33      305.5446      303.4889   419558    0.67%         x.27.25 N  19189  19188     49
  19458 11939      303.8064    45      305.5446      303.4986   425371    0.67%         x.19.11 D  19458  19457     18
  19710 12089      304.6549    40      305.5446      303.5059   431325    0.67%          x.5.32 U  19710  19709     40
  19982 12223      304.6599    48      305.5446      303.5139   437046    0.66%         x.22.15 D  19982  19981     19
  20299 12432      305.0355    38      305.5446      303.5184   442182    0.66%          x.3.10 N  20299  20298     40
  20570 12578      304.0307    47      305.5446      303.5269   447941    0.66%          x.6.39 D  20570  20569     27
  20838 12717      304.1777    46      305.5446      303.5314   453781    0.66%         x.21.13 D  20838  20837     36
Elapsed time = 44.64 sec. (70297.45 ticks, tree = 257.32 MB, solutions = 19)
  21134 12898      304.7018    49      305.5446      303.5375   459467    0.66%         x.39.10 N  21134  21133     36
  21420 13095      305.3633    38      305.5446      303.5427   465008    0.66%         x.27.33 N  21420  21419     39
  21705 13238      303.7393    38      305.5446      303.5498   470852    0.65%           x.4.7 D  21705  21704     53
  21978 13380      304.7156    25      305.5446      303.5563   477009    0.65%         x.16.29 N  21978  21977     50
  22250 13522      303.9788    39      305.5446      303.5676   482412    0.65%           x.4.7 D  22250  22249     47
  22532 13660      304.3605    42      305.5446      303.5741   488221    0.64%         x.22.37 N  22532  22531     23
  22806 13799      303.7399    49      305.5446      303.5803   494082    0.64%          x.37.6 N  22806   3578     45
  23086 13959      305.3904    42      305.5446      303.5876   499851    0.64%          x.8.13 N  23086   7405     42
  23384 14157      304.1483    45      305.5446      303.5929   505248    0.64%          x.4.36 D  23384  23382     53
  23655 14296      304.5880    61      305.5446      303.5989   511178    0.64%         x.23.21 D  23655  23652     25
Elapsed time = 50.50 sec. (79868.65 ticks, tree = 295.66 MB, solutions = 19)
  23912 14414      305.4625    17      305.5446      303.6061   516677    0.63%         x.26.35 N  23912  23911     51
  24147 14519      305.0365    51      305.5446      303.6142   521948    0.63%         x.24.13 U  24147  24146     24
  24414 14648      304.7129    42      305.5446      303.6209   527544    0.63%         x.28.10 N  24414  24413     13
  24670 14759      303.9242    55      305.5446      303.6290   533329    0.63%          x.30.0 N  24670  10551     13
  24936 14913      304.7734    44      305.5446      303.6346   538531    0.63%           x.4.7 N  24936  24935     17
  25202 15040      304.1209    38      305.5446      303.6446   543837    0.62%          x.4.36 N  25202  25201     40
  25437 15112      304.9382    42      305.5446      303.6549   549121    0.62%         x.38.27 U  25437  13618     29
  25694 15249      305.1262    31      305.5446      303.6609   554760    0.62%         x.29.27 N  25694  25693     68
  25944 15358        cutoff            305.5446      303.6658   560315    0.61%         x.21.13 U  25944  25942     17
  26953 15837      304.5315    30      305.5446      303.6910   582364    0.61%         x.34.12 N  26953  26952     49
Elapsed time = 58.10 sec. (92300.84 ticks, tree = 334.67 MB, solutions = 19)
  28111 16368      305.4752    51      305.5446      303.7222   607654    0.60%         x.14.13 N  28111   7467     20
  29227 16848      304.3314    57      305.5446      303.7491   633422    0.59%          x.0.21 N  29227  29226     24
  30340 17277        cutoff            305.5446      303.7747   657101    0.58%          x.0.37 D  30340  30339     30
  31406 17726        cutoff            305.5446      303.7935   681932    0.57%          x.3.10 D  31406  31405     23
  32400 18134      304.6380    46      305.5446      303.8153   705003    0.57%         x.23.27 N  32400  32399     33
  33450 18567      304.1896    55      305.5446      303.8337   727900    0.56%         x.30.25 N  33450  10188     17
  34480 19018      305.2065    41      305.5446      303.8514   751271    0.55%          x.9.15 D  34480  34479     32
  35541 19431      304.9886    47      305.5446      303.8698   774259    0.55%         x.22.38 N  35541  35540     10
  36530 19801      304.5485    48      305.5446      303.8872   797158    0.54%          x.36.4 N  36530  34500     34
  37583 20272        cutoff            305.5446      303.9021   819611    0.54%          x.36.4 U  37583  37581     21
Elapsed time = 82.01 sec. (130516.00 ticks, tree = 454.70 MB, solutions = 19)
  38481 20570        cutoff            305.5446      303.9213   841703    0.53%         x.29.27 D  38481  38479     28
  39478 21020        cutoff            305.5446      303.9363   863928    0.53%          x.4.31 U  39478  39476     48
  40411 21390      305.3667    46      305.5446      303.9486   885660    0.52%         x.28.10 N  40411  40410     24
  41467 21804      305.1406    51      305.5446      303.9658   907712    0.52%         x.21.13 N  41467  41465     43
* 41818 21652      integral     0      305.5016      303.9722   914447    0.50%
  42460 21856      305.4024    52      305.5016      303.9847   928832    0.50%         x.28.10 N  42460  42459     26
  43401 22092        cutoff            305.5016      304.0031   950039    0.49%         x.39.10 D  43401  43400     27
  44277 22276      305.0210    53      305.5016      304.0174   971191    0.49%         x.32.34 N  44277  14466     23
  45190 22557      304.9378    47      305.5016      304.0327   991717    0.48%         x.28.34 N  45190  45189     18
  46122 22826      304.9901    47      305.5016      304.0495  1011749    0.48%          x.16.4 N  46122  46121     19
  47044 23080      304.7584    44      305.5016      304.0627  1032543    0.47%          x.6.23 N  47044  47043     24
Elapsed time = 105.30 sec. (168685.64 ticks, tree = 540.30 MB, solutions = 20)
  48007 23406        cutoff            305.5016      304.0784  1053152    0.47%         x.27.34 U  48007  44894     65
  48898 23700      304.2840    39      305.5016      304.0929  1073158    0.46%         x.21.25 N  48898   7647     32
  49765 24014        cutoff            305.5016      304.1048  1092947    0.46%         x.24.13 D  49765  49764     13
  50661 24374      304.6034    50      305.5016      304.1169  1112624    0.45%         x.32.20 N  50661  50660     23
  51498 24656      304.3382    32      305.5016      304.1289  1130915    0.45%          x.0.37 N  51498  51497     51
  52400 24965      304.6497    50      305.5016      304.1409  1149555    0.45%         x.23.21 D  52400  52399     18
  53229 25164      304.9279    52      305.5016      304.1537  1168460    0.44%         x.23.21 N  53229  22125     11
  54053 25411        cutoff            305.5016      304.1650  1187408    0.44%          x.9.15 D  54053  54051     22
  54915 25626      305.1402    43      305.5016      304.1792  1206471    0.43%          x.4.36 U  54915  54913     43
  55752 25849      304.6890    48      305.5016      304.1930  1225289    0.43%         x.14.13 N  55752  55751     37
Elapsed time = 128.31 sec. (206908.55 ticks, tree = 626.06 MB, solutions = 20)
  56571 26027      305.3983    39      305.5016      304.2069  1243809    0.42%          x.8.30 N  56571  11151     41
  57412 26235      304.6778    46      305.5016      304.2179  1262447    0.42%          x.8.27 N  57412  57411     20
  58221 26398      305.0944    54      305.5016      304.2314  1281187    0.42%         x.19.14 N  58221  58220     32
  59082 26644      305.0897    49      305.5016      304.2440  1300200    0.41%         x.14.13 N  59082  59080     21
  59963 26845      304.8388    28      305.5016      304.2574  1318462    0.41%         x.13.11 N  59963  59962     48
  60790 27069      305.0627    53      305.5016      304.2677  1336662    0.40%          x.6.31 D  60790  60789     23
  61607 27263      304.5961    37      305.5016      304.2787  1355022    0.40%         x.23.27 N  61607  61606     44
  62424 27374        cutoff            305.5016      304.2920  1373044    0.40%         x.21.13 U  62424  49672     22
  63242 27551      305.1401    46      305.5016      304.3029  1391286    0.39%         x.19.11 N  63242  63241     20
  64033 27705      304.8396    37      305.5016      304.3129  1408560    0.39%          x.7.16 N  64033  64032     27
Elapsed time = 151.15 sec. (245089.17 ticks, tree = 689.46 MB, solutions = 20)
  64866 27896      304.9906    42      305.5016      304.3225  1426991    0.39%         x.32.20 N  64866   9060     45
  65714 28037      304.9327    33      305.5016      304.3326  1444009    0.38%          x.27.0 N  65714  65713     24
  66539 28213        cutoff            305.5016      304.3421  1462026    0.38%         x.16.29 U  66539  66536     43
  67354 28389      304.9098    38      305.5016      304.3506  1479848    0.38%          x.23.7 N  67354    720     30
  68186 28541      304.5696    45      305.5016      304.3611  1497185    0.37%         x.23.21 N  68186  43555     14
  68999 28761      304.8783    48      305.5016      304.3695  1514623    0.37%         x.28.10 N  68999  68998     23
  69798 28869      304.6078    41      305.5016      304.3793  1531525    0.37%         x.39.10 N  69798  69797     20
  70588 28979      305.4435    37      305.5016      304.3873  1548803    0.36%          x.7.16 D  70588  70587     33
  71400 29101      305.0937    21      305.5016      304.3970  1566091    0.36%         x.24.39 N  71400  71399     46
  72217 29212      304.9578    44      305.5016      304.4074  1583015    0.36%         x.19.20 N  72217  72216     18
Elapsed time = 173.66 sec. (283264.53 ticks, tree = 743.97 MB, solutions = 20)
  73002 29361      304.9167    56      305.5016      304.4141  1600441    0.36%          x.30.0 N  73002  73000      9
  73824 29511      304.8020    39      305.5016      304.4234  1617694    0.35%         x.11.27 D  73824  73823     26
  74650 29613      305.4016    46      305.5016      304.4327  1634421    0.35%         x.28.34 N  74650  74649     25
  75446 29673      305.1573    46      305.5016      304.4428  1651018    0.35%          x.8.13 N  75446  75445     35
  76238 29748      304.7977    50      305.5016      304.4528  1667423    0.34%          x.6.23 N  76238  76237     16
  77070 29885      304.5725    53      305.5016      304.4615  1684371    0.34%           x.6.4 N  77070  57816     22
  77844 29920        cutoff            305.5016      304.4713  1701603    0.34%         x.38.27 U  77844  26304     36
  78614 29972      304.4899    48      305.5016      304.4789  1719027    0.33%         x.19.20 N  78614  78613     22
  79400 30044      305.4460    18      305.5016      304.4872  1735862    0.33%         x.39.22 N  79400  79399     46
  80190 30117      305.3128    52      305.5016      304.4962  1752280    0.33%           x.6.4 N  80190  80189     19
Elapsed time = 196.31 sec. (321462.15 ticks, tree = 782.49 MB, solutions = 20)
  80964 30171      304.7762    24      305.5016      304.5053  1768881    0.33%         x.21.24 N  80964  59372     57
  81743 30229      305.2821    54      305.5016      304.5126  1784965    0.32%         x.23.21 N  81743  81741     22
  82561 30229        cutoff            305.5016      304.5231  1801103    0.32%           x.4.7 U  82561  50007     59
  83322 30293      305.0302    53      305.5016      304.5304  1817639    0.32%           x.6.4 N  83322  83321     13
  84113 30297      304.7763    46      305.5016      304.5391  1833856    0.32%         x.28.10 N  84113  84112     30
  84890 30318      305.1756    53      305.5016      304.5473  1850635    0.31%          x.0.21 N  84890  26095     17
  85677 30385      305.0425    53      305.5016      304.5546  1866629    0.31%         x.18.13 N  85677  85676     25
  86489 30425      305.0360    34      305.5016      304.5649  1882218    0.31%          x.4.31 N  86489  86488     36
  87267 30425        cutoff            305.5016      304.5738  1898071    0.30%          x.8.27 U  87267  35763     22
  88050 30434      305.4375    43      305.5016      304.5835  1914439    0.30%         x.33.19 D  88050  88049     46
Elapsed time = 219.64 sec. (359670.73 ticks, tree = 805.52 MB, solutions = 20)
  88850 30409        cutoff            305.5016      304.5935  1930776    0.30%         x.13.11 D  88850  88848     27
  89650 30363        cutoff            305.5016      304.6021  1946178    0.29%          x.9.18 D  89650  80812     22
  90416 30359      305.3288    51      305.5016      304.6107  1961939    0.29%         x.19.11 N  90416  90415     20
  91209 30329      305.2178    44      305.5016      304.6191  1977598    0.29%         x.19.20 N  91209  91208     20
  92010 30239        cutoff            305.5016      304.6288  1993124    0.29%         x.28.10 D  92010  92009     11
  92782 30133      305.1587    50      305.5016      304.6390  2008892    0.28%           x.6.4 N  92782  85875     11
  93553 30077        cutoff            305.5016      304.6476  2024494    0.28%         x.13.11 U  93553  93552     22
  94344 30015        cutoff            305.5016      304.6571  2040183    0.28%          x.8.27 U  94344  54231     19
  95170 29840      305.3349    45      305.5016      304.6672  2055858    0.27%         x.28.32 N  95170  27560     30
  95933 29723      305.4823    44      305.5016      304.6767  2071586    0.27%         x.32.20 N  95933  95932     36
Elapsed time = 242.93 sec. (397855.95 ticks, tree = 798.78 MB, solutions = 20)
  96740 29574      305.2424    44      305.5016      304.6864  2087298    0.27%         x.30.26 N  96740  35826     22
  97580 29409      305.4479    38      305.5016      304.6969  2102755    0.26%          x.5.25 N  97580  97579     40
  98397 29209        cutoff            305.5016      304.7085  2118126    0.26%          x.8.13 U  98397  34239     25
  99212 29006      305.1704    45      305.5016      304.7204  2133030    0.26%          x.4.36 N  99212  99211     25
 100049 28842      305.1714    46      305.5016      304.7309  2147991    0.25%           x.6.4 N 100049 100048     20
 100863 28652      304.8602    34      305.5016      304.7411  2163376    0.25%          x.30.0 N 100863  41906     38
 101712 28414        cutoff            305.5016      304.7520  2178462    0.25%          x.5.10 U 101712  79023     20
 102639 28059        cutoff            305.5016      304.7669  2194256    0.24%         x.26.27 U 102639  56864     27
 103542 27796      305.4616    45      305.5016      304.7778  2210452    0.24%         x.13.11 N 103542   4689     32
 104437 27516        cutoff            305.5016      304.7902  2226054    0.23%         x.19.39 U 104437  27591     23
Elapsed time = 266.62 sec. (436034.15 ticks, tree = 749.59 MB, solutions = 20)
 105354 27271      305.1951    44      305.5016      304.8011  2242071    0.23%           x.4.7 N 105354  36493     35
 106261 27010        cutoff            305.5016      304.8130  2257770    0.23%         x.18.13 U 106261  16645     24
 107169 26691      305.1741    57      305.5016      304.8254  2273129    0.22%         x.19.11 N 107169  98519     12
 108072 26373      305.2133    42      305.5016      304.8368  2288484    0.22%          x.0.31 N 108072 108071     41
 109024 26018        cutoff            305.5016      304.8488  2303163    0.21%         x.18.13 U 109024  74681     57
 109954 25685        cutoff            305.5016      304.8609  2318468    0.21%         x.22.15 U 109954 109953     46
 110888 25360        cutoff            305.5016      304.8727  2333331    0.21%         x.14.13 U 110888 110886     38
 111811 25002      305.1257    44      305.5016      304.8860  2347588    0.20%         x.32.20 N 111811  12983     41
 112733 24587        cutoff            305.5016      304.8994  2362129    0.20%          x.5.32 D 112733  71391     30
 113669 24165      305.4740    49      305.5016      304.9116  2377055    0.19%         x.19.11 N 113669  83785     11
Elapsed time = 290.89 sec. (474219.10 ticks, tree = 666.70 MB, solutions = 20)
 114670 23670        cutoff            305.5016      304.9260  2390643    0.19%         x.33.19 U 114670 114668     49
 115601 23230        cutoff            305.5016      304.9385  2404949    0.18%          x.3.10 U 115601 115599     34
 116544 22745      305.3341    54      305.5016      304.9507  2418601    0.18%         x.18.38 N 116544   2936     14
 117513 22199        cutoff            305.5016      304.9639  2431889    0.18%         x.28.19 U 117513  81717     54
 118482 21689      305.4655    23      305.5016      304.9772  2445961    0.17%          x.8.12 N 118482  50003     34
 119462 21127        cutoff            305.5016      304.9906  2459465    0.17%          x.22.8 U 119462  20885     33
 120468 20549      305.0043    35      305.5016      305.0043  2472490    0.16%         x.20.38 N 120468  39946     60
 121414 20066        cutoff            305.5016      305.0158  2485857    0.16%         x.17.22 U 121414  42021     49
 122404 19462        cutoff            305.5016      305.0295  2498657    0.15%          x.6.20 U 122404 122403     31
 123359 18898        cutoff            305.5016      305.0430  2511612    0.15%         x.28.10 U 123359  90712     23
Elapsed time = 316.17 sec. (512397.93 ticks, tree = 527.70 MB, solutions = 20)
 124339 18298        cutoff            305.5016      305.0570  2523872    0.15%         x.39.22 U 124339  55884     47
 125355 17620        cutoff            305.5016      305.0726  2535583    0.14%         x.28.28 U 125355  37844     65
 126355 16948        cutoff            305.5016      305.0870  2547584    0.14%         x.16.29 D 126355  64515     32
 127413 16190        cutoff            305.5016      305.1034  2558899    0.13%          x.36.4 U 127413  31873     26
 128474 15414        cutoff            305.5016      305.1201  2569991    0.12%          x.1.35 U 128474 122363     80
 129565 14560        cutoff            305.5016      305.1374  2580086    0.12%          x.0.37 U 129565 129564     29
 130711 13643        cutoff            305.5016      305.1567  2589929    0.11%         x.19.20 U 130711  15536     36
 131837 12760        cutoff            305.5016      305.1743  2599631    0.11%         x.16.29 D 131837  32221     39
 132977 11809        cutoff            305.5016      305.1941  2608641    0.10%         x.28.34 U 132977  20317     60
 134097 10878      305.3543    31      305.5016      305.2139  2617653    0.09%          x.0.37 N 134097  37377     52
Elapsed time = 342.86 sec. (550563.46 ticks, tree = 306.49 MB, solutions = 20)
 135206  9979        cutoff            305.5016      305.2334  2626354    0.09%         x.38.27 U 135206  87545     67
 136384  8938        cutoff            305.5016      305.2553  2633913    0.08%         x.12.38 U 136384  26604     22
 137506  7988        cutoff            305.5016      305.2757  2642208    0.07%         x.26.12 U 137506  57639     39
 138706  6942        cutoff            305.5016      305.2996  2649447    0.07%          x.6.39 U 138706 138705     16
 139926  5801        cutoff            305.5016      305.3252  2655428    0.06%         x.23.27 U 139926  94617     18
 141210  4580        cutoff            305.5016      305.3548  2660488    0.05%         x.22.15 U 141210   7894     27
 142438  3396        cutoff            305.5016      305.3850  2665227    0.04%          x.7.16 U 142438 111257     26
 143713  2145        cutoff            305.5016      305.4214  2668825    0.03%         x.30.12 U 143713  31644     24
 145000   873        cutoff            305.5016      305.4649  2671648    0.01%         x.36.34 U 145000  95442     27

Gomory fractional cuts applied:  18
User cuts applied:  4059

Root node processing (before b&c):
  Real time             =    0.09 sec. (88.58 ticks)
Sequential b&c:
  Real time             =  369.16 sec. (587841.62 ticks)
                          ------------
Total (root+branch&cut) =  369.25 sec. (587930.21 ticks)

Solution status: 101
Objective value:  3.0550160000e+02
Solution status is CPX_STAT_OPTIMAL
Node: 145878
