proble size: m = 5 , n = 5 , seed = 8 
Benders' cuts separated to cut off: Only integer infeasible solutions.
seed = 8
Version identifier: 20.1.0.0 | 2020-11-10 | 9bedb6d68
CPXPARAM_Threads                                 1
CPXPARAM_RandomSeed                              8
CPXPARAM_MIP_Strategy_CallbackReducedLP          0
CPXPARAM_MIP_Strategy_Search                     1
CPXPARAM_TimeLimit                               3600
CPXPARAM_MIP_Tolerances_AbsMIPGap                0
CPXPARAM_MIP_Tolerances_MIPGap                   0
Legacy callback                                  L
Tried aggregator 1 time.
Reduced MIP has 40 rows, 1640 columns, and 1600 nonzeros.
Reduced MIP has 1600 binaries, 0 generals, 0 SOSs, and 0 indicators.
Presolve time = 0.00 sec. (0.63 ticks)
Probing time = 0.00 sec. (2.48 ticks)
Clique table members: 40.
MIP emphasis: balance optimality and feasibility.
MIP search method: traditional branch-and-cut.
Parallel mode: none, using 1 thread.
Root relaxation solution time = 0.00 sec. (0.34 ticks)

        Nodes                                         Cuts/
   Node  Left     Objective  IInf  Best Integer    Best Bound    ItCnt     Gap         Variable B NodeID Parent  Depth

      0     0        0.0000    26                      0.0000        0         
*     0+    0                         1018.9473        0.0000           100.00%
*     0+    0                          872.3544        0.0000           100.00%
      0     0      182.8557    47      872.3544     Fract: 23       90   79.04%
*     0+    0                          714.1277      182.8557            74.39%
      0     0      239.3159    47      714.1277     Fract: 17      145   66.49%
*     0+    0                          469.8037      239.3159            49.06%
*     0+    0                          403.8477      239.3159            40.74%
*     0+    0                          366.3127      239.3159            34.67%
      0     2      285.1896    62      366.3127      285.3259      145   22.11%                        0             0
Elapsed time = 0.08 sec. (83.31 ticks, tree = 0.01 MB, solutions = 6)
*    10+   10                          319.9719      287.4056            10.18%
    165   154      291.8565    53      319.9719      287.6808     1023   10.09%         x.28.21 D    165    163     11
    407   387      292.4779    61      319.9719      287.8463     2440   10.04%          x.5.32 D    407    406      6
    791   742      311.2473    51      319.9719      288.4158     4793    9.86%          x.9.15 D    791    790     68
   1214  1149      307.5762    47      319.9719      290.5387     7021    9.20%         x.37.13 D   1214   1213    105
   1730  1623      310.2184    47      319.9719      291.1126     9721    9.02%         x.12.32 D   1730   1729     77
   2270  2129      298.3795    52      319.9719      291.6712    12854    8.84%         x.35.13 D   2270   2269     44
*  2510+ 1858                          312.8681      291.7726             6.74%
   2688  2020      297.4107    47      312.8681      291.8231    15059    6.73%         x.18.16 U   2688   2687     39
   3097  2399      311.1883    36      312.8681      291.9426    17029    6.69%           x.4.7 D   3097   3096     82
*  3280+ 2220                          309.2012      291.9526             5.58%
   3420  2348      304.2130    49      309.2012      291.9757    18676    5.57%         x.17.13 D   3420   3419     55
*  3760+ 2392                          307.3993      292.0224             5.00%
*  3810+ 2442                          307.3993      292.0224             5.00%
*  3830+ 2459                          307.3993      292.0224             5.00%
*  4000+ 2470                          306.4533      292.0727             4.69%
   4825  3230      306.3334    50      306.4533      292.2725    26101    4.63%          x.0.21 U   4825   4824     59
Elapsed time = 2.92 sec. (3188.67 ticks, tree = 9.08 MB, solutions = 13)
   6707  4911      294.3984    51      306.4533      292.5495    36747    4.54%         x.23.27 D   6707   6706     25
   8643  6636      303.0523    52      306.4533      292.7340    47813    4.48%         x.36.27 D   8643   8641     60
  10650  8399      295.6933    55      306.4533      292.8799    59323    4.43%          x.2.22 D  10650  10649     24
  12941 10414      301.8726    50      306.4533      293.0448    72162    4.38%         x.36.22 D  12941  12940     54
  15114 12286      301.1171    43      306.4533      293.1975    85287    4.33%         x.11.13 D  15114  15113     44
  17222 14066      293.7211    54      306.4533      293.3177    98256    4.29%         x.39.30 U  17222   5749     17
  19331 15871      293.5772    63      306.4533      293.4210   111072    4.25%         x.19.11 D  19331  18812     29
  21470 17709      301.8343    51      306.4533      293.5116   123529    4.22%          x.36.7 D  21470  21469     34
  23584 19489      300.1815    43      306.4533      293.5912   136112    4.20%         x.39.30 D  23584  23583     39
* 25550+21092                          306.3176      293.6583             4.13%
  25605 21138      300.4796    53      306.3176      293.6588   148372    4.13%         x.12.14 D  25605  25604     39
Elapsed time = 12.20 sec. (12728.19 ticks, tree = 60.93 MB, solutions = 14)
  27375 22659      303.8874    49      306.3176      293.7254   159543    4.11%          x.8.13 D  27375  27374     55
  29432 24376      302.2361    48      306.3176      293.7923   172496    4.09%          x.15.3 D  29432  29431     48
  31540 26146      296.0614    49      306.3176      293.8436   185223    4.07%         x.23.27 D  31540  31539     20
  33618 27921      297.4263    61      306.3176      293.8974   197344    4.05%         x.39.22 D  33618  33617     22
  35678 29652      296.6065    59      306.3176      293.9467   209557    4.04%         x.16.27 D  35678  35677     33
* 36390+30039                          306.1526      293.9567             3.98%
  37472 30945      294.2906    64      306.1526      293.9774   219912    3.98%         x.35.36 D  37472  37471     13
  39493 32639      298.0497    59      306.1526      294.0246   231721    3.96%         x.28.21 U  39493  39491     37
  41580 34378      302.8258    58      306.1526      294.0780   244328    3.94%          x.28.3 D  41580  41579     32
  43620 36117      298.9715    55      306.1526      294.1306   256565    3.93%         x.16.27 D  43620  43619     32
  45680 37859      297.3084    53      306.1526      294.1736   268691    3.91%          x.8.12 D  45680  45679     34
Elapsed time = 21.55 sec. (22268.01 ticks, tree = 109.78 MB, solutions = 15)
  47779 39631      296.4597    62      306.1526      294.2260   281141    3.90%          x.2.22 D  47779  47778     24
  49870 41368      304.3585    52      306.1526      294.2716   293539    3.88%          x.7.27 U  49870  49867     22
  51953 43050      298.6215    49      306.1526      294.3112   305704    3.87%         x.35.13 D  51953  51952     41
  54058 44801      302.8400    51      306.1526      294.3451   318078    3.86%          x.19.3 D  54058  54057     44
  56127 46475      296.7994    54      306.1526      294.3831   330196    3.84%         x.31.22 D  56127  56126     33
  58195 48184      299.0053    58      306.1526      294.4221   342539    3.83%          x.5.14 D  58195  58194     47
  60320 49925      298.3524    56      306.1526      294.4581   354942    3.82%         x.16.22 D  60320  60319     35
  62400 51674      305.7395    45      306.1526      294.4900   366936    3.81%         x.16.29 U  62400  62399     43
  64490 53410      304.3896    50      306.1526      294.5188   379061    3.80%         x.18.13 D  64490  64489     48
  66540 55047      303.3963    51      306.1526      294.5564   391638    3.79%          x.20.7 D  66540  66539     32
Elapsed time = 30.94 sec. (31808.76 ticks, tree = 158.72 MB, solutions = 15)
  68631 56766      299.6109    55      306.1526      294.5865   404001    3.78%          x.33.3 D  68631  68630     34
  70760 58473      302.9214    47      306.1526      294.6135   416500    3.77%           x.2.7 D  70760  70758     49
  72840 60203      305.3267    43      306.1526      294.6359   429136    3.76%           x.7.7 D  72840  72839     48
  74849 61796      304.0733    56      306.1526      294.6639   441355    3.75%          x.29.7 U  74849  74846     39
  76840 63370      302.7535    57      306.1526      294.6922   453464    3.74%          x.3.22 D  76840  76839     33
  78899 65060      305.1282    59      306.1526      294.7136   465350    3.74%          x.11.3 D  78899  78898     56
  81007 66795      304.0821    52      306.1526      294.7409   476987    3.73%          x.20.7 D  81007  81006     55
  83184 68566      305.0902    56      306.1526      294.7680   489272    3.72%          x.11.7 D  83184  83183     59
  85260 70197      300.9163    45      306.1526      294.7952   500931    3.71%         x.17.13 D  85260  85259     51
  87420 71864        cutoff            306.1526      294.8231   513141    3.70%          x.1.13 U  87420  87418     55
Elapsed time = 40.39 sec. (41348.05 ticks, tree = 209.44 MB, solutions = 15)
  89533 73547      296.1985    51      306.1526      294.8500   525495    3.69%         x.23.27 U  89533   2667     19
  91600 75211      298.2829    53      306.1526      294.8707   537350    3.69%          x.11.7 D  91600  91599     28
  93730 76900      299.3843    48      306.1526      294.8996   549762    3.68%          x.27.7 D  93730  93728     37
  95853 78587      298.4692    50      306.1526      294.9207   562386    3.67%         x.26.27 D  95853  95852     25
  97938 80242      303.4299    49      306.1526      294.9379   574735    3.66%         x.35.33 D  97938  97937     54
 100053 81945      300.7880    52      306.1526      294.9555   586471    3.66%         x.39.35 D 100053 100052     39
 102177 83601      300.5434    48      306.1526      294.9809   598839    3.65%         x.35.12 D 102177 102176     36
 104314 85294      301.8137    50      306.1526      294.9984   611123    3.64%          x.28.2 D 104314 104313     44
 106431 86984      296.4697    58      306.1526      295.0188   623160    3.64%         x.35.20 D 106431 106430     31
 108525 88627      303.9067    46      306.1526      295.0396   635584    3.63%         x.35.35 D 108525 108524     59
Elapsed time = 49.83 sec. (50887.22 ticks, tree = 257.16 MB, solutions = 15)
 110630 90284      300.9615    45      306.1526      295.0572   647756    3.62%         x.16.29 U 110630 110629     46
 112715 91927      298.8680    52      306.1526      295.0762   659964    3.62%          x.0.37 U 112715 112714     35
 114808 93610      304.4774    58      306.1526      295.0921   672495    3.61%         x.28.21 D 114808 114807     58
 116930 95301      296.6055    60      306.1526      295.1100   684681    3.61%         x.10.22 D 116930 116929     32
 119054 96980      300.4883    58      306.1526      295.1266   696589    3.60%          x.9.22 D 119054 119053     23
 121180 98645      299.1611    52      306.1526      295.1484   708608    3.59%         x.28.10 D 121180 121179     38
 123282 100311      298.6049    59      306.1526      295.1640   720817    3.59%         x.28.19 D 123282 123281     42
 125404 101992      300.8029    50      306.1526      295.1793   733157    3.58%           x.7.7 N 125404 125403     33
 127495 103602      304.8867    50      306.1526      295.1954   745393    3.58%          x.0.31 D 127495 127494     63
 129602 105269      299.3617    52      306.1526      295.2079   757378    3.57%         x.14.27 D 129602 129601     42
Elapsed time = 59.37 sec. (60426.67 ticks, tree = 304.55 MB, solutions = 15)
 131750 106876      298.0738    53      306.1526      295.2245   769274    3.57%         x.14.27 D 131750 131749     31
 133856 108519      305.2895    58      306.1526      295.2446   781726    3.56%         x.11.27 U 133856  90065     27
 135989 110194      301.5328    51      306.1526      295.2618   793967    3.56%         x.19.13 D 135989 135988     61
 138100 111812      297.1794    56      306.1526      295.2790   805927    3.55%         x.14.27 D 138100 138099     30
 140230 113561      300.8246    46      306.1526      295.2961   817742    3.55%         x.21.13 D 140230 140229     54
 142362 115234      301.6698    49      306.1526      295.3131   829738    3.54%         x.27.23 U 142362 142361     37
 144483 116912      301.0343    53      306.1526      295.3243   841524    3.54%         x.16.27 D 144483 144482     36
 146598 118611      300.5594    50      306.1526      295.3397   853253    3.53%         x.35.10 D 146598 146597     48
 148705 120253      299.5742    47      306.1526      295.3552   865642    3.53%          x.11.7 D 148705 148704     46
 150811 121882      298.8934    54      306.1526      295.3706   877821    3.52%         x.10.22 D 150811 150810     29
Elapsed time = 68.85 sec. (69967.09 ticks, tree = 351.85 MB, solutions = 15)
 152930 123544      299.4455    47      306.1526      295.3845   889738    3.52%         x.16.27 D 152930 152929     33
 155079 125157      296.5148    61      306.1526      295.4015   901732    3.51%         x.31.22 D 155079 155078     24
 157190 126755      300.1138    55      306.1526      295.4152   914178    3.51%         x.28.10 D 157190 157189     36
 159326 128410      300.8228    51      306.1526      295.4290   926203    3.50%          x.19.3 D 159326 159325     58
 161433 129996      303.5853    45      306.1526      295.4432   938361    3.50%         x.35.35 D 161433 161432     31
 163589 131701      301.1215    45      306.1526      295.4598   950593    3.49%          x.11.7 D 163589 163588     50
 165681 133310      302.0075    51      306.1526      295.4743   962710    3.49%         x.10.22 D 165681 165680     27
 167778 134934      303.8317    51      306.1526      295.4893   974789    3.48%         x.14.13 U 167778 167776     39
 169920 136600      302.8681    48      306.1526      295.5006   986843    3.48%           x.4.7 D 169920 169919     45
 172000 138202      298.8065    61      306.1526      295.5164   998686    3.47%          x.29.7 D 172000 171999     39
Elapsed time = 78.38 sec. (79508.16 ticks, tree = 401.29 MB, solutions = 15)
 174164 139873      301.6662    57      306.1526      295.5273  1010651    3.47%          x.34.3 D 174164 174163     60
 176310 141614      297.4325    46      306.1526      295.5390  1022530    3.47%         x.19.11 D 176310 176309     39
 178408 143250      301.3166    43      306.1526      295.5521  1034164    3.46%         x.32.13 D 178408 178407     54
 180533 144944      303.4310    55      306.1526      295.5648  1045773    3.46%         x.14.13 D 180533 180532     54
 182676 146598      296.8906    49      306.1526      295.5774  1057640    3.45%         x.11.27 D 182676 182675     23
 184835 148215      304.7237    42      306.1526      295.5895  1069965    3.45%          x.31.6 U 184835 184834     65
 186966 149877      302.3464    52      306.1526      295.6018  1082248    3.45%          x.29.7 D 186966 186965     36
 189140 151534      297.2571    49      306.1526      295.6137  1094694    3.44%         x.16.22 D 189140 189139     24
 191263 153160      297.8699    56      306.1526      295.6261  1107066    3.44%         x.31.22 D 191263 191261     35
 199819 159703      300.2130    53      306.1526      295.6732  1155435    3.42%          x.0.27 D 199819 199818     37
Elapsed time = 90.96 sec. (91908.40 ticks, tree = 464.21 MB, solutions = 15)
 208250 166034      297.0209    67      306.1526      295.7157  1203279    3.41%         x.29.27 D 208250 208249     28
 216681 172403      301.3369    47      306.1526      295.7600  1252128    3.39%          x.4.36 D 216681 216680     35
 225070 178663      298.9188    57      306.1526      295.8008  1300569    3.38%          x.7.27 D 225070 225069     15
 233492 184855      298.0372    49      306.1526      295.8408  1349802    3.37%         x.14.13 N 233492 233491     49
 242050 191220      296.2322    60      306.1526      295.8809  1399309    3.36%          x.5.32 D 242050  33858     25
 250568 197477      303.9252    55      306.1526      295.9188  1447719    3.34%          x.5.13 D 250568 250567     53
 259165 203536      302.1607    51      306.1526      295.9506  1496145    3.33%         x.17.13 D 259165 259164     69
 267758 209560      302.9045    50      306.1526      295.9867  1544827    3.32%          x.33.3 D 267758 267757     58
 276312 215580      296.4804    52      306.1526      296.0175  1593068    3.31%           x.4.7 U 276312 143668     19
 284990 221647      300.3971    58      306.1526      296.0525  1641706    3.30%          x.17.7 D 284990 284989     45
Elapsed time = 129.43 sec. (130060.73 ticks, tree = 642.61 MB, solutions = 15)
 293676 227573      303.5038    53      306.1526      296.0864  1689954    3.29%          x.29.3 D 293676 293675     48
 302301 233554      303.1117    55      306.1526      296.1164  1737694    3.28%         x.39.22 D 302301 302300     27
 310789 239664      300.0079    51      306.1526      296.1460  1786061    3.27%          x.20.7 D 310789 310788     45
 319479 245875      296.3576    56      306.1526      296.1733  1834480    3.26%          x.8.12 U 319479  22614     33
 328060 251865      297.2455    61      306.1526      296.2005  1883212    3.25%          x.5.32 D 328060  57093     26
 336800 258120      299.0779    59      306.1526      296.2242  1931839    3.24%         x.14.27 D 336800 336799     42
 345424 264321      305.3255    43      306.1526      296.2483  1979728    3.24%          x.0.37 U 345424 345423     50
 354043 270301      302.6296    56      306.1526      296.2726  2028203    3.23%         x.35.36 D 354043 354042     42
 362720 276321      302.9869    50      306.1526      296.2966  2077085    3.22%          x.23.7 D 362720 362719     39
 371400 282303      302.4021    46      306.1526      296.3187  2125212    3.21%         x.37.10 U 371400 371398     46
Elapsed time = 167.72 sec. (168224.29 ticks, tree = 820.71 MB, solutions = 15)
 380066 288295      304.1908    48      306.1526      296.3449  2173607    3.20%          x.20.7 D 380066 380065     44
 388723 294397      305.9566    45      306.1526      296.3677  2222312    3.20%         x.21.13 U 388723 388721     65
 397330 300377      303.4902    52      306.1526      296.3899  2270734    3.19%          x.32.7 D 397330 397329     47
 406000 306475      297.6924    51      306.1526      296.4092  2319493    3.18%          x.8.27 D 406000 405999     29
 414680 312560      300.6357    52      306.1526      296.4284  2368306    3.18%          x.20.7 D 414680 414679     44
 423234 318439      298.5395    50      306.1526      296.4483  2417233    3.17%           x.7.7 N 423234 423233     46
 431739 324336      303.7880    56      306.1526      296.4677  2466821    3.16%          x.32.7 D 431739 431738     42
 440336 330221      302.3379    48      306.1526      296.4854  2516177    3.16%         x.39.35 U 440336 440334     38
 449022 336223      298.4275    58      306.1526      296.5055  2565252    3.15%         x.11.27 D 449022 449021     24
 457740 342183      300.0014    48      306.1526      296.5235  2613864    3.15%         x.11.10 D 457740 457739     46
Elapsed time = 205.90 sec. (206377.09 ticks, tree = 994.72 MB, solutions = 15)
 466430 348293      305.0328    49      306.1526      296.5407  2662305    3.14%         x.35.36 D 466430 466429     46
 475080 354371      302.9560    53      306.1526      296.5582  2711498    3.13%         x.20.12 D 475080 475079     60
 483722 360190      301.4704    54      306.1526      296.5753  2760134    3.13%         x.39.10 D 483722 483721     51
 492486 366278      297.2504    57      306.1526      296.5924  2809204    3.12%          x.23.7 D 492486 492485     37
 501188 372288      301.7140    46      306.1526      296.6078  2858209    3.12%         x.28.10 D 501188 501187     42
 509840 378327      298.5896    62      306.1526      296.6250  2907231    3.11%          x.32.7 D 509840 509839     44
 518533 384216      304.7262    52      306.1526      296.6408  2956266    3.11%          x.27.7 D 518533 518532     37
 527208 390113      303.9480    40      306.1526      296.6590  3005128    3.10%          x.26.3 D 527208 527207     58
 535912 396166      303.8462    45      306.1526      296.6739  3052799    3.10%         x.21.13 D 535912 535911     56
 544520 402090      298.4590    51      306.1526      296.6895  3101984    3.09%          x.16.7 D 544520 544519     27
Elapsed time = 243.72 sec. (244528.32 ticks, tree = 1169.50 MB, solutions = 15)
 553120 408072      298.6527    60      306.1526      296.7064  3151049    3.09%           x.7.7 D 553120 553119     42
 561866 414081      303.4017    52      306.1526      296.7228  3199955    3.08%         x.27.23 D 561866 561865     56
 570512 420056      303.2678    56      306.1526      296.7375  3249020    3.08%          x.22.7 D 570512 570511     46
 579130 425865      302.5983    51      306.1526      296.7520  3297782    3.07%          x.19.3 D 579130 579129     62
 587800 431905      299.7055    50      306.1526      296.7664  3347337    3.07%          x.29.7 D 587800 587799     34
 596528 437901        cutoff            306.1526      296.7801  3396030    3.06%         x.13.27 U 596528  66418     27
 605195 443954      302.4039    58      306.1526      296.7916  3445238    3.06%         x.39.35 D 605195 605194     40
 613891 449954      304.0241    45      306.1526      296.8053  3494447    3.05%          x.8.12 D 613891 613890     51
 622630 455776      304.7873    36      306.1526      296.8213  3543281    3.05%         x.24.10 D 622630 622629     78
 631264 461831      298.4177    56      306.1526      296.8337  3591408    3.04%         x.16.22 U 631264 303861     28
Elapsed time = 281.44 sec. (282678.90 ticks, tree = 1339.56 MB, solutions = 15)
 640055 467821      299.9634    52      306.1526      296.8472  3640348    3.04%          x.32.7 D 640055 640054     51
 648734 473705      300.8927    53      306.1526      296.8616  3689868    3.03%           x.7.7 D 648734 648733     45
 657513 479606        cutoff            306.1526      296.8755  3738954    3.03%         x.25.33 D 657513 657511     65
 666212 485445      297.8130    51      306.1526      296.8876  3787884    3.03%          x.0.21 U 666212  19251     37
 675018 491416      301.8562    53      306.1526      296.9020  3837002    3.02%         x.28.10 D 675018 675017     48
 683780 497361      300.4908    57      306.1526      296.9163  3886109    3.02%         x.16.10 D 683780 683779     52
 692430 503169      304.1072    54      306.1526      296.9294  3935125    3.01%         x.34.12 D 692430 692429     60
 701208 509048      301.6388    57      306.1526      296.9434  3983368    3.01%         x.37.10 D 701208 701207     50
 709961 514875      303.0492    53      306.1526      296.9551  4031696    3.00%          x.16.7 D 709961 709960     40
 718743 520832      300.6768    63      306.1526      296.9681  4079818    3.00%          x.0.27 D 718743 718742     33
Elapsed time = 319.35 sec. (320828.45 ticks, tree = 1512.61 MB, solutions = 15)
 727596 526892      302.9437    49      306.1526      296.9805  4128811    3.00%          x.28.3 D 727596 727595     54
 736314 532802      301.4821    56      306.1526      296.9909  4176764    2.99%          x.17.7 D 736314 736313     42
 745225 538969      302.8230    49      306.1526      297.0032  4225083    2.99%          x.5.32 U 745225 745224     48
 754032 544784      298.3335    62      306.1526      297.0147  4273924    2.98%          x.11.7 D 754032 754031     35
 762928 550989      305.5694    51      306.1526      297.0246  4322264    2.98%          x.29.7 U 762928 579778     35
 771779 556970      305.5144    43      306.1526      297.0366  4370710    2.98%          x.1.35 D 771779 771778     69
 780545 562950      299.2672    51      306.1526      297.0476  4418271    2.97%          x.22.7 D 780545 780544     49
 789381 568957      300.4748    53      306.1526      297.0605  4466759    2.97%          x.11.7 D 789381 789380     49
 798190 574987      297.8261    56      306.1526      297.0717  4515609    2.97%          x.3.22 D 798190 798189     37
 807022 580948      300.9874    57      306.1526      297.0832  4564063    2.96%         x.28.27 D 807022 807021     40
Elapsed time = 357.33 sec. (358977.65 ticks, tree = 1689.83 MB, solutions = 15)
 815870 587066      303.1611    59      306.1526      297.0956  4612438    2.96%          x.39.7 D 815870 815869     44
 824688 593016      298.2747    48      306.1526      297.1067  4661296    2.95%          x.17.7 D 824688 824687     34
 833486 598974        cutoff            306.1526      297.1172  4709545    2.95%          x.23.7 U 833486 115626     39
 842377 605125      304.3592    55      306.1526      297.1279  4757289    2.95%         x.30.12 D 842377 842376     55
 851204 611135      298.3686    57      306.1526      297.1394  4806000    2.94%         x.10.22 D 851204 851203     40
 860030 617090      305.7159    40      306.1526      297.1506  4853461    2.94%          x.1.35 D 860030 860029     67
 868906 623282      302.6487    58      306.1526      297.1621  4902058    2.94%         x.19.32 D 868906 868905     48
 877731 629409      301.9801    52      306.1526      297.1732  4950478    2.93%         x.11.10 D 877731 877730     50
 886466 635385      303.3207    48      306.1526      297.1847  4998853    2.93%          x.1.35 D 886466 886465     65
 895302 641460      297.7359    55      306.1526      297.1947  5047372    2.93%          x.23.7 D 895302 895301     29
Elapsed time = 395.33 sec. (397127.50 ticks, tree = 1862.10 MB, solutions = 15)
 904221 647446      303.3663    54      306.1526      297.2062  5096175    2.92%          x.30.0 U 904221 904220     53
 912987 653245      300.6426    48      306.1526      297.2165  5145122    2.92%          x.20.7 D 912987 912986     48
 921800 659289      298.8745    61      306.1526      297.2273  5192752    2.92%          x.27.7 D 921800 921799     46
 930618 665224      303.4160    50      306.1526      297.2373  5240897    2.91%         x.30.10 D 930618 930617     58
 939433 671239      302.3583    54      306.1526      297.2468  5288992    2.91%         x.16.10 D 939433 939432     47
 948213 677329      298.3005    58      306.1526      297.2574  5337307    2.91%         x.29.27 D 948213 948212     26
 957027 683324      299.0501    63      306.1526      297.2674  5385346    2.90%         x.26.27 D 957027 957026     27
 965807 689285      300.0477    49      306.1526      297.2775  5433590    2.90%         x.28.27 D 965807 965806     39
 974737 695302      302.5255    50      306.1526      297.2872  5481841    2.90%         x.39.35 D 974737 974736     50
 983630 701250      303.5197    63      306.1526      297.2970  5529619    2.89%          x.22.7 D 983630 983629     47
Elapsed time = 433.10 sec. (435276.79 ticks, tree = 2039.65 MB, solutions = 15)
 992100 707064      298.5703    57      306.1526      297.3059  5575694    2.89%          x.9.22 D 992100 992099     28
 1000125 712633      302.7665    54      306.1526      297.3139  5619012    2.89%         x.37.10 N 1000125 1000124     60
 1008008 717963      299.8839    57      306.1526      297.3222  5662823    2.88%         x.20.12 D 1008008 1008007     50
 1016184 723552        cutoff            306.1526      297.3316  5707161    2.88%          x.8.13 D 1016184 1016183     73
 1024308 729064      300.9284    51      306.1526      297.3398  5750913    2.88%         x.16.10 D 1024308 1024307     52
 1032459 734596        cutoff            306.1526      297.3490  5793928    2.88%          x.2.19 U 1032459 1032457     63
 1040588 740199      303.0243    52      306.1526      297.3571  5837200    2.87%         x.15.36 U 1040588 1040585     55
 1048611 745689      299.3827    53      306.1526      297.3658  5880788    2.87%           x.4.7 D 1048611 1048610     27
 1056821 751121      299.7831    46      306.1526      297.3750  5924232    2.87%          x.32.7 D 1056821 1056820     41
 1064938 756455      301.8019    49      306.1526      297.3840  5968591    2.86%         x.30.12 D 1064938 1064937     54
Elapsed time = 489.71 sec. (473439.42 ticks, tree = 2193.01 MB, solutions = 15)
Nodefile size = 145.90 MB (71.81 MB after compression)
 1073277 761983      301.4588    58      306.1526      297.3933  6012695    2.86%         x.16.10 D 1073277 1073276     42
 1081261 767442      298.0120    58      306.1526      297.4015  6054613    2.86%           x.4.7 D 1081261 1081260     37
 1089449 772912      300.7598    62      306.1526      297.4090  6098267    2.86%          x.0.27 D 1089449 1089448     33
 1097770 778508      304.4676    46      306.1526      297.4169  6142682    2.85%          x.3.30 D 1097770 1097769     60
 1106033 784075        cutoff            306.1526      297.4245  6187233    2.85%         x.25.33 D 1106033 1106031     56
 1114370 789759      299.7769    57      306.1526      297.4331  6231517    2.85%         x.26.35 D 1114370 1114369     45
 1122390 795157      300.7244    49      306.1526      297.4416  6274596    2.85%         x.35.10 D 1122390 1122389     54
 1130412 800456      301.2150    55      306.1526      297.4492  6317947    2.84%          x.29.7 D 1130412 1130411     31
 1138515 805859      305.1753    45      306.1526      297.4569  6361453    2.84%         x.25.33 U 1138515 1138514     60
 1146695 811426      302.5058    49      306.1526      297.4649  6404942    2.84%          x.5.32 U 1146695 1146694     54
Elapsed time = 547.32 sec. (511589.95 ticks, tree = 2345.55 MB, solutions = 15)
Nodefile size = 297.81 MB (145.90 MB after compression)
 1155034 816917      299.7562    53      306.1526      297.4731  6449036    2.84%          x.29.7 D 1155034 1155033     32
*1161760+819260                          306.0958      297.4793             2.81%
 1162872 819996      304.8696    48      306.0958      297.4805  6491040    2.81%         x.15.36 D 1162872 1162871     60
 1171190 825587      301.4194    47      306.0958      297.4886  6535451    2.81%         x.35.12 U 1171190 1171188     55
 1179571 831124      303.9743    44      306.0958      297.4974  6579896    2.81%          x.6.10 D 1179571 1179570     58
 1187931 836526      301.6590    53      306.0958      297.5052  6624811    2.81%         x.27.10 D 1187931 1187930     48
 1196200 842040      304.3016    55      306.0958      297.5131  6669137    2.80%           x.4.7 D 1196200 1196199     36
 1204458 847569      304.6040    45      306.0958      297.5215  6713041    2.80%         x.24.35 D 1204458 1204457     67
 1212577 852836      300.1090    59      306.0958      297.5289  6756511    2.80%          x.39.7 D 1212577 1212576     45
 1220880 858291      303.7051    50      306.0958      297.5366  6800539    2.80%         x.33.35 D 1220880 1220879     62
 1229391 863916      299.9780    59      306.0958      297.5439  6845919    2.79%          x.32.7 D 1229391 1229390     44
Elapsed time = 606.09 sec. (549750.90 ticks, tree = 2491.55 MB, solutions = 16)
Nodefile size = 443.69 MB (215.40 MB after compression)
 1237878 869383      299.1289    63      306.0958      297.5534  6890607    2.79%         x.16.27 D 1237878 1237877     34
 1246220 874862      302.9964    48      306.0958      297.5610  6935515    2.79%         x.27.10 D 1246220 1246219     51
 1254855 880524      298.2459    53      306.0958      297.5699  6981546    2.79%          x.36.7 D 1254855 1254854     37
 1263423 886119      303.5144    50      306.0958      297.5777  7027437    2.78%         x.24.35 D 1263423 1263422     65
 1271715 891550      299.5937    51      306.0958      297.5858  7071398    2.78%         x.36.22 D 1271715 1271714     45
 1279992 897004      303.1259    55      306.0958      297.5937  7115907    2.78%         x.16.10 U 1279992 1279990     47
 1288271 902376      304.1699    55      306.0958      297.6011  7159896    2.78%          x.17.3 D 1288271 1288270     60
 1296800 907925      300.9445    53      306.0958      297.6093  7205280    2.77%         x.28.10 D 1296800 1296799     47
 1305184 913448      300.4385    55      306.0958      297.6176  7249867    2.77%         x.13.27 D 1305184 1305183     37
 1313392 918896      303.4261    46      306.0958      297.6245  7293859    2.77%         x.24.35 D 1313392 1313391     63
Elapsed time = 665.92 sec. (587900.78 ticks, tree = 2644.53 MB, solutions = 16)
Nodefile size = 597.41 MB (286.90 MB after compression)
 1321988 924570      299.9411    50      306.0958      297.6318  7338513    2.77%         x.31.22 D 1321988 1321987     37
 1330595 930277      304.6403    57      306.0958      297.6395  7383806    2.76%         x.39.35 D 1330595 1330594     58
 1339220 936065      303.3914    46      306.0958      297.6472  7430030    2.76%         x.33.19 U 1339220 1339219     60
 1347594 941573      300.2096    51      306.0958      297.6549  7474501    2.76%         x.30.10 D 1347594 1347593     51
 1356066 947173      304.0833    58      306.0958      297.6628  7519792    2.75%         x.28.32 U 1356066 1356065     43
 1364726 952834      300.4593    50      306.0958      297.6710  7565944    2.75%          x.0.27 U 1364726 391811     23
 1373322 958537        cutoff            306.0958      297.6777  7611118    2.75%         x.14.27 U 1373322 1373320     37
 1381936 964120      298.6634    55      306.0958      297.6861  7656921    2.75%           x.2.7 D 1381936 1381935     41
 1390534 969584      303.8858    55      306.0958      297.6937  7703512    2.74%          x.2.19 D 1390534 1390533     75
 1399225 975342      298.4581    51      306.0958      297.7028  7749235    2.74%          x.22.7 D 1399225 1399224     38
Elapsed time = 727.35 sec. (626059.11 ticks, tree = 2801.62 MB, solutions = 16)
Nodefile size = 754.07 MB (357.87 MB after compression)
 1407600 980971      300.0914    53      306.0958      297.7095  7794118    2.74%           x.2.7 D 1407600 1407599     39
 1415693 986369      302.2577    56      306.0958      297.7154  7837321    2.74%         x.36.22 D 1415693 1415692     55
 1424040 991793      301.9172    63      306.0958      297.7230  7881098    2.74%          x.30.7 D 1424040 1424039     49
 1432520 997312      303.6181    55      306.0958      297.7307  7926244    2.73%          x.6.10 D 1432520 1432519     60
 1440922 1002749      305.1768    45      306.0958      297.7380  7970881    2.73%         x.24.35 D 1440922 1440921     68
 1449357 1008304      298.7045    52      306.0958      297.7445  8016512    2.73%          x.36.7 D 1449357 1449356     42
 1457909 1013686      299.6338    55      306.0958      297.7522  8061446    2.73%         x.13.27 D 1457909 1457907     46
 1466501 1019289      303.4924    55      306.0958      297.7595  8106987    2.72%         x.26.12 D 1466501 1466500     53
 1474996 1024842      302.3403    51      306.0958      297.7665  8151923    2.72%          x.0.21 D 1474996 1474995     61
 1483370 1030297      300.8505    48      306.0958      297.7735  8195882    2.72%         x.14.27 D 1483370 1483369     34
Elapsed time = 788.18 sec. (664217.81 ticks, tree = 2954.56 MB, solutions = 16)
Nodefile size = 906.73 MB (425.39 MB after compression)
 1491810 1035757      302.8303    52      306.0958      297.7799  8241161    2.72%         x.39.35 D 1491810 1491809     60
 1500413 1041472      302.0363    50      306.0958      297.7866  8286817    2.71%          x.5.10 D 1500413 1500412     46
 1509070 1047147      302.0694    58      306.0958      297.7936  8332679    2.71%         x.36.22 D 1509070 1509069     54
 1517532 1052549      298.4603    49      306.0958      297.8006  8378188    2.71%         x.17.22 D 1517532 1517531     32
 1526057 1058046      299.6703    52      306.0958      297.8078  8423149    2.71%           x.4.7 D 1526057 1526056     39
 1534575 1063629      302.0036    55      306.0958      297.8145  8468286    2.71%          x.17.7 D 1534575 1534574     33
 1542944 1069086      303.2591    52      306.0958      297.8216  8512632    2.70%          x.2.19 D 1542944 1542943     56
 1551350 1074618      300.2431    48      306.0958      297.8281  8557273    2.70%          x.32.7 D 1551350 1551349     42
 1560019 1080242      299.6236    58      306.0958      297.8351  8602824    2.70%          x.22.7 D 1560019 1560018     32
 1568626 1085851      299.4742    47      306.0958      297.8420  8648264    2.70%          x.7.27 D 1568626 1568625     26
Elapsed time = 849.81 sec. (702368.38 ticks, tree = 3109.15 MB, solutions = 16)
Nodefile size = 1061.40 MB (492.10 MB after compression)
 1577341 1091497      301.1385    54      306.0958      297.8494  8694489    2.69%          x.6.10 D 1577341 1577340     58
 1585733 1096814      298.4636    49      306.0958      297.8565  8739739    2.69%         x.27.23 D 1585733  56253     30
 1594000 1102321      299.5443    44      306.0958      297.8626  8783719    2.69%          x.17.7 D 1594000 1593999     36
 1602433 1107769      305.7627    49      306.0958      297.8689  8828760    2.69%          x.5.32 U 1602433 1602432     50
 1610494 1112893      305.6511    50      306.0958      297.8759  8871128    2.69%         x.35.12 U 1610494 1610492     68
 1619119 1118425      303.4150    51      306.0958      297.8824  8916277    2.68%          x.12.7 U 1619119 1619117     32
 1627728 1123991      303.2339    55      306.0958      297.8891  8961788    2.68%          x.5.10 N 1627728 1627727     41
 1636460 1129622      302.9606    53      306.0958      297.8961  9007862    2.68%         x.22.35 D 1636460 1636459     65
 1645084 1135069      302.1644    53      306.0958      297.9031  9053425    2.68%         x.23.35 D 1645084 1645083     48
 1653627 1140582      302.5457    55      306.0958      297.9098  9098399    2.67%         x.22.35 D 1653627 1653626     68
Elapsed time = 911.42 sec. (740526.87 ticks, tree = 3261.46 MB, solutions = 16)
Nodefile size = 1214.10 MB (556.48 MB after compression)
 1662260 1146297      302.1004    50      306.0958      297.9162  9144672    2.67%         x.39.35 D 1662260 1662259     46
 1670579 1151695      298.6270    48      306.0958      297.9230  9189550    2.67%           x.4.7 D 1670579 1670578     32
 1679200 1157146      302.6600    62      306.0958      297.9290  9234616    2.67%          x.9.22 D 1679200 1679199     46
 1687740 1162669      304.7777    46      306.0958      297.9358  9280161    2.67%         x.33.13 D 1687740 1687738     61
 1696410 1168187      301.3954    61      306.0958      297.9424  9325448    2.66%          x.27.7 D 1696410 1696408     35
 1705019 1173760      297.9894    55      306.0958      297.9485  9371284    2.66%         x.23.27 U 1705019 276691     18
 1713498 1179184      302.9880    47      306.0958      297.9553  9416279    2.66%         x.22.35 D 1713498 1713497     62
 1722009 1184809      304.1506    56      306.0958      297.9614  9461351    2.66%         x.15.36 D 1722009 1722008     55
 1730636 1190249      297.9685    48      306.0958      297.9685  9506839    2.66%         x.16.22 D 1730636 655583     26
 1739003 1195598      297.9747    62      306.0958      297.9748  9550884    2.65%          x.16.7 U 1739003 247798     34
Elapsed time = 973.42 sec. (778694.76 ticks, tree = 3414.59 MB, solutions = 16)
Nodefile size = 1366.82 MB (619.65 MB after compression)
 1747522 1201062      301.1136    63      306.0958      297.9806  9596437    2.65%          x.32.7 D 1747522 1747521     43
 1756189 1206783      303.0883    56      306.0958      297.9869  9642802    2.65%         x.16.10 D 1756189 1756188     57
 1764578 1212181      302.3495    35      306.0958      297.9930  9687357    2.65%          x.8.13 D 1764578 1764576     66
 1772933 1217473      302.0046    51      306.0958      297.9990  9730963    2.65%         x.19.11 D 1772933 1772932     56
*1775600+1196494                          305.6820      298.0014             2.51%
 1781163 1199828      305.4974    53      305.6820      298.0057  9774634    2.51%         x.35.32 D 1781163 1781162     67
 1789724 1205149        cutoff            305.6820      298.0120  9820622    2.51%          x.11.7 U 1789724 1789722     34
 1798258 1210395      303.1282    47      305.6820      298.0186  9865736    2.51%          x.6.10 D 1798258 1798257     53
 1807034 1215884      299.2330    60      305.6820      298.0253  9912113    2.50%           x.2.7 D 1807034 1807033     44
 1815455 1220972      299.9661    55      305.6820      298.0326  9957787    2.50%           x.2.7 D 1815455 1815454     37
 1823964 1226246      304.8567    41      305.6820      298.0395 10003240    2.50%          x.5.25 U 1823964 1823963     64
Elapsed time = 1035.23 sec. (816860.33 ticks, tree = 3500.29 MB, solutions = 17)
Nodefile size = 1452.69 MB (650.23 MB after compression)
 1832500 1231523      303.1131    57      305.6820      298.0457 10048600    2.50%         x.39.35 D 1832500 1832499     44
 1841028 1236692      300.1187    53      305.6820      298.0523 10094476    2.50%         x.16.22 U 1841028 715584     43
 1849505 1241777      302.3465    45      305.6820      298.0592 10139183    2.49%         x.23.21 U 1849505 1849504     53
 1858007 1247002        cutoff            305.6820      298.0650 10184860    2.49%          x.27.7 U 1858007 1858005     39
 1866562 1252177      303.8653    55      305.6820      298.0723 10230472    2.49%          x.2.19 D 1866562 1866561     65
 1875163 1257474      301.1933    53      305.6820      298.0785 10276824    2.49%          x.5.32 U 1875163 1875162     44
 1883787 1262723      300.4978    59      305.6820      298.0849 10322391    2.49%          x.22.7 D 1883787 1883786     51
 1892427 1267898      299.7147    52      305.6820      298.0920 10368352    2.48%          x.11.7 D 1892427 1892426     37
 1900933 1273066      300.2604    51      305.6820      298.0984 10413715    2.48%           x.2.7 D 1900933 1900932     32
 1909352 1278071      302.6535    41      305.6820      298.1047 10458974    2.48%         x.33.35 D 1909352 1909351     66
Elapsed time = 1096.52 sec. (855026.20 ticks, tree = 3644.96 MB, solutions = 17)
Nodefile size = 1597.54 MB (709.69 MB after compression)
 1918008 1283302      299.8482    55      305.6820      298.1107 10504527    2.48%          x.39.7 D 1918008 1918007     44
 1926604 1288651      302.7003    52      305.6820      298.1174 10550731    2.47%         x.30.10 D 1926604 1926603     51
 1935084 1293774      301.1158    59      305.6820      298.1238 10596842    2.47%          x.17.7 D 1935084 1935083     46
 1943609 1298857      303.3243    54      305.6820      298.1298 10642551    2.47%         x.27.23 U 1943609 1943608     52
 1952000 1303880      301.8544    51      305.6820      298.1367 10687905    2.47%         x.25.33 U 1952000 1951999     60
 1960654 1309099      301.1997    57      305.6820      298.1429 10734284    2.47%         x.10.22 D 1960654 1960653     26
 1969254 1314404      303.7370    45      305.6820      298.1490 10779599    2.46%         x.27.23 U 1969254 1969253     49
 1977619 1319447      301.1819    51      305.6820      298.1550 10824592    2.46%          x.17.7 D 1977619 1977618     39
 1986027 1324729      303.9027    54      305.6820      298.1609 10870043    2.46%          x.1.35 D 1986027 1986026     58
 1994685 1330117      299.4702    57      305.6820      298.1662 10915745    2.46%          x.36.7 D 1994685 1994684     36
Elapsed time = 1158.11 sec. (893182.80 ticks, tree = 3790.26 MB, solutions = 17)
Nodefile size = 1742.30 MB (768.01 MB after compression)
 2003190 1335205      299.8764    53      305.6820      298.1719 10962043    2.46%          x.29.7 D 2003190 2003189     28
 2011709 1340271      299.0553    55      305.6820      298.1782 11007040    2.45%          x.3.22 U 2011709 924953     40
 2020276 1345475      299.9107    53      305.6820      298.1839 11052566    2.45%          x.29.7 D 2020276 2020275     38
 2028832 1350638      301.3011    40      305.6820      298.1901 11098074    2.45%         x.25.33 U 2028832 2028831     52
 2037334 1355648      300.7842    51      305.6820      298.1964 11144234    2.45%         x.23.35 D 2037334 2037333     60
 2045908 1360728      302.6724    53      305.6820      298.2028 11190560    2.45%         x.31.22 D 2045908 2045907     44
 2054348 1365756      301.6277    65      305.6820      298.2090 11235294    2.44%          x.36.7 D 2054348 2054347     33
 2062830 1370911      303.9330    51      305.6820      298.2150 11280764    2.44%         x.20.35 D 2062830 2062829     61
 2071263 1376068      301.6019    54      305.6820      298.2212 11326015    2.44%         x.10.22 D 2071263 2071262     43
 2079883 1381289      303.3012    56      305.6820      298.2278 11372153    2.44%         x.30.10 D 2079883 2079882     55
Elapsed time = 1219.78 sec. (931333.32 ticks, tree = 3933.10 MB, solutions = 17)
Nodefile size = 1886.00 MB (824.80 MB after compression)
 2088505 1386596      299.6067    55      305.6820      298.2339 11418783    2.44%          x.11.7 D 2088505 2088504     42
 2097049 1391741      304.6986    30      305.6820      298.2403 11464436    2.43%         x.36.15 D 2097049 2097048     83
 2105780 1396932      301.4928    57      305.6820      298.2464 11511122    2.43%         x.11.10 D 2105780 2105779     52
 2114452 1402244      301.3131    52      305.6820      298.2524 11558363    2.43%         x.16.10 D 2114452 2114451     48
 2123051 1407369        cutoff            305.6820      298.2586 11604773    2.43%         x.35.12 D 2123051 2123050     56
 2131551 1412409      302.8209    58      305.6820      298.2642 11649630    2.43%          x.39.7 D 2131551 2131550     45
 2140038 1417432      303.0188    50      305.6820      298.2705 11695485    2.42%         x.27.10 D 2140038 2140037     52
 2148552 1422467      303.6507    55      305.6820      298.2764 11741547    2.42%           x.7.7 D 2148552 2148551     37
 2157208 1427433        cutoff            305.6820      298.2830 11787770    2.42%         x.30.12 D 2157208 2157207     58
 2165872 1432563      301.6243    49      305.6820      298.2893 11833655    2.42%         x.25.33 U 2165872 2165871     63
Elapsed time = 1281.48 sec. (969481.63 ticks, tree = 4076.27 MB, solutions = 17)
Nodefile size = 2028.72 MB (881.21 MB after compression)
 2174407 1437772      301.8526    47      305.6820      298.2950 11880012    2.42%         x.28.10 D 2174407 2174406     51
 2183000 1442824      301.8061    52      305.6820      298.3002 11926025    2.41%         x.18.35 D 2183000 2182999     54
 2191614 1447917      303.4128    45      305.6820      298.3065 11972873    2.41%         x.24.35 D 2191614 2191613     47
 2200273 1452992      298.3134    61      305.6820      298.3126 12019482    2.41%         x.28.10 U 2200273  81560     42
 2208910 1458162      300.3257    50      305.6820      298.3184 12065493    2.41%         x.16.22 D 2208910 2208909     31
 2217430 1463287      302.6474    49      305.6820      298.3242 12110604    2.41%          x.20.7 D 2217430 2217429     37
 2225948 1468319      302.4668    55      305.6820      298.3306 12156111    2.40%          x.22.7 D 2225948 2225947     39
 2234589 1473362      301.9008    50      305.6820      298.3371 12202438    2.40%          x.0.27 D 2234589 2234588     28
 2243190 1478475      298.9720    53      305.6820      298.3425 12247861    2.40%          x.16.7 D 2243190 2243189     24
 2251930 1483533      302.7344    46      305.6820      298.3490 12294293    2.40%         x.25.33 U 2251930 2251929     66
Elapsed time = 1343.43 sec. (1007633.03 ticks, tree = 4218.57 MB, solutions = 17)
Nodefile size = 2171.43 MB (936.55 MB after compression)
 2260644 1488624      304.5183    43      305.6820      298.3542 12340823    2.40%         x.33.35 D 2260644 2260643     62
 2269191 1493483      304.9569    47      305.6820      298.3599 12387805    2.40%         x.22.35 D 2269191 2269190     59
 2277790 1498511      303.8818    52      305.6820      298.3659 12434349    2.39%          x.1.35 D 2277790 2277789     53
 2286264 1503419      303.0379    61      305.6820      298.3719 12479635    2.39%         x.35.10 D 2286264 2286263     50
 2294750 1508391      305.1708    49      305.6820      298.3773 12525309    2.39%          x.29.3 D 2294750 2294748     47
 2303170 1513197      303.1887    60      305.6820      298.3830 12570559    2.39%         x.31.22 D 2303170 2303169     33
 2311849 1518287      302.6278    53      305.6820      298.3888 12616972    2.39%           x.4.7 N 2311849 2311848     40
 2320447 1523302      302.2429    54      305.6820      298.3941 12663593    2.38%         x.30.10 D 2320447 2320446     54
 2329080 1528298      301.8780    49      305.6820      298.4002 12709869    2.38%          x.5.10 D 2329080 2329079     46
 2337595 1533218      304.4364    55      305.6820      298.4062 12755724    2.38%          x.29.3 D 2337595 2337593     46
Elapsed time = 1404.72 sec. (1045788.65 ticks, tree = 4357.31 MB, solutions = 17)
Nodefile size = 2310.16 MB (989.89 MB after compression)
 2346247 1538100      299.2996    49      305.6820      298.4120 12802228    2.38%           x.4.7 D 2346247 2346246     32
 2354880 1543094      302.1463    57      305.6820      298.4169 12848676    2.38%          x.8.12 U 2354880 2354878     60
 2363417 1548082        cutoff            305.6820      298.4224 12894975    2.37%         x.16.22 U 2363417 922741     30
 2372072 1553151      303.0451    53      305.6820      298.4284 12941580    2.37%         x.37.10 D 2372072 2372071     55
 2380510 1558215      304.1623    54      305.6820      298.4334 12987271    2.37%          x.29.7 D 2380510 2380509     30
 2389220 1563329      303.9491    67      305.6820      298.4389 13033776    2.37%         x.36.22 D 2389220 2389219     48
 2397798 1568291      304.2214    49      305.6820      298.4443 13080057    2.37%         x.35.35 D 2397798 2397797     54
 2406270 1573397      301.2746    59      305.6820      298.4490 13126255    2.37%         x.30.10 D 2406270 2406269     61
 2414785 1578207      300.5047    49      305.6820      298.4544 13172279    2.36%          x.36.7 N 2414785 2414784     36
 2423354 1583277      301.4141    60      305.6820      298.4601 13218084    2.36%          x.20.7 D 2423354 2423353     41
Elapsed time = 1466.37 sec. (1083938.71 ticks, tree = 4497.08 MB, solutions = 17)
Nodefile size = 2449.90 MB (1043.19 MB after compression)
 2432016 1588323      301.8512    60      305.6820      298.4651 13264350    2.36%          x.17.7 D 2432016 2432015     41
 2440545 1593332      299.6859    53      305.6820      298.4704 13309786    2.36%          x.9.22 D 2440545 2440544     37
 2449265 1598435      305.1653    44      305.6820      298.4757 13355485    2.36%         x.23.21 U 2449265 2449264     59
 2457978 1603410      301.2560    47      305.6820      298.4814 13402155    2.36%         x.23.21 U 2457978 2457977     40
 2466453 1608330        cutoff            305.6820      298.4871 13447362    2.35%           x.4.7 U 2466453 1763446     42
 2474975 1613351        cutoff            305.6820      298.4920 13492424    2.35%         x.31.22 U 2474975 874353     37
 2483615 1618258      300.9566    54      305.6820      298.4972 13538614    2.35%          x.32.7 D 2483615 2483614     40
 2492275 1623287      304.5113    51      305.6820      298.5024 13584466    2.35%         x.24.35 D 2492275 2492274     73
 2500650 1628093      303.3952    48      305.6820      298.5073 13628631    2.35%          x.11.7 D 2500650 2500649     40
 2509110 1632998      302.3641    59      305.6820      298.5126 13674109    2.35%          x.6.10 D 2509110 2509109     59
Elapsed time = 1527.86 sec. (1122088.14 ticks, tree = 4635.92 MB, solutions = 17)
Nodefile size = 2588.66 MB (1095.28 MB after compression)
 2517726 1637882      299.6502    53      305.6820      298.5183 13720561    2.34%          x.7.27 N 2517726 2517725     24
 2526326 1642753      300.4266    57      305.6820      298.5233 13766039    2.34%          x.1.35 D 2526326 2526325     49
 2534899 1647581      300.5408    55      305.6820      298.5286 13812925    2.34%          x.32.7 D 2534899 2534898     49
 2543494 1652496      305.2672    35      305.6820      298.5341 13859083    2.34%         x.15.36 D 2543494 2543493     59
 2551900 1657310      301.1519    45      305.6820      298.5394 13904465    2.34%          x.2.19 D 2551900 2551899     47
 2560388 1662277        cutoff            305.6820      298.5446 13949752    2.33%         x.36.22 U 2560388 2560386     48
 2569049 1667137      300.0895    52      305.6820      298.5498 13996625    2.33%         x.27.23 U 2569049 2569048     53
 2577437 1671969      300.0227    57      305.6820      298.5549 14041950    2.33%          x.32.7 N 2577437 2577436     43
 2585809 1676788      303.3536    55      305.6820      298.5596 14087133    2.33%         x.14.27 D 2585809 2585808     49
 2594276 1681714      305.1720    50      305.6820      298.5648 14132705    2.33%         x.25.33 U 2594276 2594275     51
Elapsed time = 1589.01 sec. (1160237.11 ticks, tree = 4771.96 MB, solutions = 17)
Nodefile size = 2724.44 MB (1146.42 MB after compression)
 2602947 1686475      298.6751    46      305.6820      298.5708 14179079    2.33%         x.28.10 U 2602947 384041     38
 2611422 1691176      299.3277    63      305.6820      298.5758 14224779    2.32%          x.16.7 D 2611422 2611420     29
 2619890 1696047      301.3153    52      305.6820      298.5811 14270599    2.32%         x.27.13 U 2619890 190587     51
 2628429 1700829      303.8049    48      305.6820      298.5867 14317032    2.32%         x.28.10 D 2628429 2628428     47
 2636951 1705647      300.9211    47      305.6820      298.5916 14363463    2.32%         x.18.35 D 2636951 2636950     56
 2645440 1710538      304.5492    46      305.6820      298.5965 14409051    2.32%         x.27.23 U 2645440 2645439     46
 2653980 1715415      299.0606    44      305.6820      298.6015 14454598    2.32%         x.27.23 U 2653980 2653979     46
 2662638 1720324      302.0977    52      305.6820      298.6065 14500263    2.31%         x.10.22 D 2662638 2662637     37
 2671166 1725210      301.9421    49      305.6820      298.6115 14545787    2.31%          x.11.7 D 2671166 2671165     50
 2679840 1730038      303.6924    46      305.6820      298.6166 14593157    2.31%          x.1.35 U 2679840 2679838     47
Elapsed time = 1650.07 sec. (1198402.59 ticks, tree = 4906.92 MB, solutions = 17)
Nodefile size = 2859.23 MB (1196.78 MB after compression)
 2688383 1734936      302.9131    47      305.6820      298.6215 14640239    2.31%         x.18.35 D 2688383 2688382     61
 2696973 1739909      305.0419    51      305.6820      298.6264 14685965    2.31%          x.20.7 D 2696973 2696972     38
 2705611 1744881      301.4056    51      305.6820      298.6313 14732809    2.31%          x.32.7 D 2705611 2705610     42
 2714232 1749813      304.3660    53      305.6820      298.6360 14778412    2.30%         x.15.36 U 2714232 2714230     47
 2722879 1754819      300.5238    57      305.6820      298.6409 14824295    2.30%          x.27.7 D 2722879 2722878     45
 2731557 1759899      303.8291    52      305.6820      298.6454 14870555    2.30%          x.36.7 D 2731557 2731556     45
 2740030 1764615      303.7339    60      305.6820      298.6499 14916352    2.30%          x.17.7 D 2740030 2740029     41
 2748680 1769654      300.8452    49      305.6820      298.6540 14962877    2.30%          x.20.7 D 2748680 2748679     38
 2757200 1774569      302.4243    46      305.6820      298.6588 15009048    2.30%         x.24.35 D 2757200 2757199     58
 2765687 1779386      300.2636    52      305.6820      298.6635 15054726    2.30%          x.22.7 D 2765687 2765686     46
Elapsed time = 1711.90 sec. (1236570.04 ticks, tree = 5044.72 MB, solutions = 17)
Nodefile size = 2997.02 MB (1247.91 MB after compression)
 2773975 1783978      300.5373    55      305.6820      298.6684 15099260    2.29%         x.21.13 D 2773975 2773973     46
 2782614 1788771      303.7595    57      305.6820      298.6728 15145326    2.29%         x.30.10 D 2782614 2782613     53
 2791078 1793522      302.5376    33      305.6820      298.6777 15191541    2.29%         x.18.13 N 2791078 2791076     58
 2799778 1798491      303.1620    56      305.6820      298.6821 15238063    2.29%         x.25.33 U 2799778 2799777     60
 2808445 1803449      304.8916    37      305.6820      298.6867 15284902    2.29%         x.19.11 D 2808445 2808444     74
 2817060 1808274      302.9534    50      305.6820      298.6918 15331581    2.29%         x.14.27 D 2817060 2817059     42
 2825726 1813235      301.4022    48      305.6820      298.6963 15378429    2.29%          x.5.10 D 2825726 2825725     46
 2834236 1818072      302.6823    55      305.6820      298.7011 15425004    2.28%         x.39.10 D 2834236 2834235     46
 2842847 1822888      305.1376    50      305.6820      298.7064 15471519    2.28%         x.28.21 U 2842847 2842846     52
 2851580 1827667      302.8267    55      305.6820      298.7113 15518351    2.28%          x.22.7 D 2851580 2851579     40
Elapsed time = 1773.21 sec. (1274723.54 ticks, tree = 5179.57 MB, solutions = 17)
Nodefile size = 3131.85 MB (1297.60 MB after compression)
 2860143 1832507      301.9915    52      305.6820      298.7161 15563672    2.28%         x.11.10 D 2860143 2860142     39
 2868724 1837181      300.7794    51      305.6820      298.7212 15610051    2.28%          x.32.7 U 2868724 787472     36
 2877369 1842023      303.4569    51      305.6820      298.7260 15656041    2.28%          x.29.3 N 2877369 2877368     52
 2886070 1846895      304.0734    47      305.6820      298.7304 15702936    2.27%         x.18.13 D 2886070 2886068     65
 2894617 1851739      300.0421    43      305.6820      298.7347 15748089    2.27%           x.7.7 D 2894617 2894616     43
 2903063 1856356      305.2339    56      305.6820      298.7393 15792875    2.27%         x.28.34 D 2903063 2903062     77
 2911582 1861065      302.7340    46      305.6820      298.7436 15838455    2.27%          x.30.7 D 2911582 2911581     58
 2920294 1865916      303.0966    42      305.6820      298.7485 15885384    2.27%         x.37.10 D 2920294 2920293     50
 2928993 1870968      300.5859    58      305.6820      298.7526 15932525    2.27%          x.39.7 U 2928993 603107     35
 2937693 1875929      301.4218    54      305.6820      298.7575 15978954    2.27%         x.16.10 D 2937693 2937692     47
Elapsed time = 1834.71 sec. (1312873.05 ticks, tree = 5314.35 MB, solutions = 17)
Nodefile size = 3266.67 MB (1347.00 MB after compression)
 2946220 1880632      299.0947    58      305.6820      298.7621 16024309    2.26%          x.30.8 U 2946220 134327     30
 2954770 1885345      304.2120    39      305.6820      298.7667 16070705    2.26%         x.25.33 U 2954770 2954769     57
 2963383 1890129      299.9147    52      305.6820      298.7713 16117687    2.26%          x.36.7 N 2963383 2963382     37
 2972040 1894886      301.8341    49      305.6820      298.7759 16164631    2.26%         x.35.12 D 2972040 2972039     55
 2980685 1899644      303.5220    51      305.6820      298.7808 16211864    2.26%         x.28.10 D 2980685 2980684     55
 2989368 1904360      304.5049    44      305.6820      298.7854 16258934    2.26%         x.25.33 U 2989368 2989367     49
 2998114 1909274      303.7308    54      305.6820      298.7906 16305783    2.25%         x.34.12 D 2998114 2998113     53
 3006660 1914091      301.3832    60      305.6820      298.7951 16352211    2.25%          x.5.10 D 3006660 3006659     48
 3015112 1918778      305.5532    54      305.6820      298.7997 16398123    2.25%         x.35.32 D 3015112 3015111     47
 3023590 1923537      298.9134    52      305.6820      298.8044 16444676    2.25%          x.16.7 U 3023590 2121011     33
Elapsed time = 1895.87 sec. (1351031.14 ticks, tree = 5447.32 MB, solutions = 17)
Nodefile size = 3399.51 MB (1395.60 MB after compression)
 3031974 1928336      300.5319    54      305.6820      298.8087 16490222    2.25%          x.32.7 D 3031974 3031973     47
 3040512 1933023      304.6757    54      305.6820      298.8132 16536264    2.25%         x.20.12 D 3040512 3040511     53
 3048993 1937965      302.6896    59      305.6820      298.8174 16582985    2.25%         x.37.10 D 3048993 3048992     49
 3057460 1942735      303.2242    51      305.6820      298.8217 16628437    2.24%          x.22.7 D 3057460 3057459     41
 3066125 1947693      299.9894    57      305.6820      298.8261 16675084    2.24%          x.27.7 D 3066125 3066124     29
 3074722 1952466      304.1654    39      305.6820      298.8300 16721489    2.24%         x.27.13 D 3074722 3074720     68
 3083320 1957346      301.9010    54      305.6820      298.8344 16767936    2.24%         x.23.35 D 3083320 3083319     64
 3091920 1962259      304.9410    45      305.6820      298.8386 16814770    2.24%         x.22.35 D 3091920 3091919     73
 3100610 1967145      304.5810    61      305.6820      298.8429 16861418    2.24%         x.16.10 D 3100610 3100609     54
 3109143 1971886      305.2777    45      305.6820      298.8474 16907642    2.24%         x.23.35 D 3109143 3109142     56
Elapsed time = 1957.79 sec. (1389181.80 ticks, tree = 5582.33 MB, solutions = 17)
Nodefile size = 3535.36 MB (1444.94 MB after compression)
 3117870 1976538      300.9284    51      305.6820      298.8522 16955146    2.23%          x.12.7 D 3117870 3117869     22
 3126377 1981185      305.1925    49      305.6820      298.8568 17002326    2.23%         x.35.35 D 3126377 3126376     52
 3134900 1985899      303.3163    55      305.6820      298.8608 17047747    2.23%         x.28.10 U 3134900 3134898     49
 3143541 1990614      303.8947    45      305.6820      298.8651 17094362    2.23%         x.24.35 D 3143541 3143540     54
 3152000 1995137      302.6444    45      305.6820      298.8696 17140470    2.23%         x.24.35 D 3152000 3151999     61
 3160580 1999872      302.1094    45      305.6820      298.8739 17187193    2.23%         x.35.12 D 3160580 3160579     53
 3169273 2004706      300.8969    46      305.6820      298.8790 17234044    2.23%          x.16.7 D 3169273 3169271     34
 3177887 2009443      304.1313    50      305.6820      298.8835 17279789    2.22%         x.33.35 D 3177887 3177886     62
 3186491 2014131      303.2630    51      305.6820      298.8878 17326113    2.22%          x.30.7 D 3186491 3186490     52
 3195190 2018893      301.8395    46      305.6820      298.8918 17372980    2.22%         x.39.10 D 3195190 3195189     43
Elapsed time = 2019.23 sec. (1427339.64 ticks, tree = 5713.64 MB, solutions = 17)
Nodefile size = 3666.21 MB (1492.52 MB after compression)
 3203828 2023634      303.1916    41      305.6820      298.8959 17418714    2.22%         x.28.19 D 3203828 3203827     47
 3212333 2028335      302.1850    48      305.6820      298.9002 17465345    2.22%         x.25.33 D 3212333 3212331     45
 3220740 2032947      300.1287    47      305.6820      298.9048 17511099    2.22%          x.12.7 D 3220740 3220739     34
 3229310 2037584      300.4766    42      305.6820      298.9088 17557359    2.22%         x.24.30 D 3229310 3229309     48
 3237970 2042341      303.2676    55      305.6820      298.9130 17603880    2.21%         x.28.19 D 3237970 3237968     63
 3246552 2047085        cutoff            305.6820      298.9174 17650406    2.21%         x.18.13 U 3246552 3246551     78
 3255265 2051786      302.2506    57      305.6820      298.9219 17697399    2.21%          x.27.7 D 3255265 3255264     35
 3263985 2056606      303.5517    49      305.6820      298.9259 17744829    2.21%         x.30.10 D 3263985 3263984     51
 3272494 2061246      305.4010    45      305.6820      298.9302 17791434    2.21%         x.16.27 D 3272494 3272493     39
 3281200 2066017      304.7280    54      305.6820      298.9344 17838188    2.21%         x.33.35 D 3281200 3281199     58
Elapsed time = 2080.86 sec. (1465497.71 ticks, tree = 5845.26 MB, solutions = 17)
Nodefile size = 3798.08 MB (1540.03 MB after compression)
 3289760 2070725      304.6680    54      305.6820      298.9383 17885235    2.21%          x.1.35 U 3289760 3289758     54
 3298371 2075575      301.2367    58      305.6820      298.9422 17930931    2.20%          x.32.7 D 3298371 3298370     47
 3306706 2079978      301.8228    48      305.6820      298.9463 17977060    2.20%          x.39.7 D 3306706 3306705     35
 3315249 2084712      300.8036    53      305.6820      298.9501 18022373    2.20%          x.3.22 U 3315249 3315247     31
 3323878 2089401      301.1340    47      305.6820      298.9539 18067777    2.20%          x.32.7 D 3323878 3323877     37
 3332678 2094124      300.5484    55      305.6820      298.9577 18114015    2.20%          x.20.7 D 3332678 3332677     42
 3341160 2098524      301.9926    48      305.6820      298.9619 18159291    2.20%         x.25.35 D 3341160 3341159     56
 3349821 2103153      301.9482    55      305.6820      298.9657 18205827    2.20%          x.11.7 D 3349821 3349820     48
 3358523 2107740      304.6948    45      305.6820      298.9697 18252005    2.20%         x.24.35 D 3358523 3358522     60
 3367123 2112166      299.0385    61      305.6820      298.9738 18297999    2.19%         x.11.27 U 3367123 583817     28
Elapsed time = 2145.83 sec. (1503647.98 ticks, tree = 5974.15 MB, solutions = 17)
Nodefile size = 3926.95 MB (1586.01 MB after compression)
 3375710 2116692      299.5564    44      305.6820      298.9776 18343733    2.19%         x.28.34 U 3375710 618493     51
 3384384 2121315      303.9709    54      305.6820      298.9814 18390269    2.19%         x.33.35 D 3384384 3384383     73
 3393180 2126062      303.9758    47      305.6820      298.9856 18437024    2.19%          x.29.3 U 3393180 3393179     58
 3401946 2130685      300.8361    50      305.6820      298.9898 18483189    2.19%           x.7.7 D 3401946 3401945     39
 3410604 2135276      301.0249    53      305.6820      298.9938 18529144    2.19%         x.28.27 D 3410604 3410603     44
 3419369 2139799      300.9941    48      305.6820      298.9977 18575943    2.19%         x.24.35 D 3419369 3419368     49
 3427791 2144352      301.1927    46      305.6820      299.0016 18620286    2.19%          x.3.22 N 3427791 3427790     41
 3436415 2149052      300.5933    42      305.6820      299.0052 18665491    2.18%          x.22.7 D 3436415 3436414     38
 3445160 2153644      303.8160    53      305.6820      299.0091 18711653    2.18%          x.5.10 D 3445160 3445159     45
 3453847 2158287      304.1602    49      305.6820      299.0130 18757603    2.18%          x.8.13 D 3453847 3453845     63
Elapsed time = 2206.38 sec. (1541802.89 ticks, tree = 6102.96 MB, solutions = 17)
Nodefile size = 4055.81 MB (1632.19 MB after compression)
 3462584 2162869      302.8899    59      305.6820      299.0168 18804144    2.18%         x.27.23 U 3462584 3462583     53
 3471317 2167463      301.6939    53      305.6820      299.0209 18849831    2.18%          x.0.27 D 3471317 3471316     29
 3480098 2171955      301.2211    54      305.6820      299.0245 18896532    2.18%          x.20.7 D 3480098 3480097     45
 3488891 2176485        cutoff            305.6820      299.0286 18942908    2.18%          x.15.3 U 3488891 3488889     75
 3497575 2181172        cutoff            305.6820      299.0322 18989206    2.18%         x.16.27 U 3497575 384693     29
 3506293 2185758      301.7909    54      305.6820      299.0363 19035955    2.17%          x.20.7 D 3506293 3506292     42
 3515091 2190272        cutoff            305.6820      299.0402 19082832    2.17%         x.14.13 U 3515091 3515089     72
 3523753 2194681      301.1610    54      305.6820      299.0438 19129213    2.17%          x.17.7 D 3523753 3523752     46
 3532216 2199151      301.9632    53      305.6820      299.0473 19174628    2.17%         x.36.35 D 3532216 3532215     69
 3540920 2203799      301.4092    51      305.6820      299.0511 19220101    2.17%          x.39.7 D 3540920 3540919     36
Elapsed time = 2266.34 sec. (1579952.89 ticks, tree = 6230.06 MB, solutions = 17)
Nodefile size = 4182.67 MB (1677.41 MB after compression)
 3549510 2208344      301.8122    49      305.6820      299.0547 19266136    2.17%          x.20.7 D 3549510 3549509     40
 3558162 2212903      300.0198    45      305.6820      299.0582 19312507    2.17%          x.20.7 D 3558162 3558161     35
 3566820 2217452        cutoff            305.6820      299.0621 19358166    2.17%         x.28.27 U 3566820 2147082     30
 3575594 2222221      299.0966    51      305.6820      299.0658 19404271    2.16%          x.16.7 U 3575594 530545     27
 3584320 2226818      300.2564    51      305.6820      299.0701 19450558    2.16%           x.2.7 D 3584320 3584319     39
 3593052 2231355      301.7867    60      305.6820      299.0735 19496503    2.16%          x.20.7 D 3593052 3593051     42
 3601791 2235832      299.0825    47      305.6820      299.0776 19542382    2.16%          x.16.7 U 3601791 1244685     33
 3610276 2240497      304.9628    45      305.6820      299.0811 19587916    2.16%         x.20.12 D 3610276 3610275     59
 3618888 2245034        cutoff            305.6820      299.0847 19633758    2.16%          x.4.36 U 3618888 3618887     61
 3627717 2249756      304.5989    39      305.6820      299.0885 19680201    2.16%         x.15.36 U 3627717 3627715     59
Elapsed time = 2326.11 sec. (1618125.47 ticks, tree = 6358.42 MB, solutions = 17)
Nodefile size = 4310.54 MB (1723.05 MB after compression)
 3636541 2254196      305.3816    45      305.6820      299.0924 19726968    2.16%          x.4.27 D 3636541 3636540     57
 3645201 2258816      305.4435    48      305.6820      299.0962 19773172    2.15%         x.18.35 U 3645201 3645199     49
 3654031 2263294      303.5614    53      305.6820      299.0999 19819494    2.15%          x.32.7 D 3654031 3654029     44
 3662573 2267639      300.8921    59      305.6820      299.1038 19865496    2.15%         x.36.22 D 3662573 3662572     44
 3671135 2272154      300.2626    52      305.6820      299.1072 19911099    2.15%           x.2.7 D 3671135 3671134     34
 3679891 2276596      305.4963    52      305.6820      299.1108 19957743    2.15%         x.15.36 D 3679891 3679890     66
 3688505 2281211      300.2584    52      305.6820      299.1143 20002693    2.15%          x.12.7 D 3688505 3688504     32
 3697145 2285720      299.4697    47      305.6820      299.1180 20048307    2.15%          x.36.7 U 3697145 1510253     34
 3705850 2290231      302.3983    53      305.6820      299.1215 20094519    2.15%         x.18.35 D 3705850 3705849     58
 3714537 2294869      304.6575    50      305.6820      299.1252 20140090    2.14%          x.3.22 U 3714537 3714536     53
Elapsed time = 2393.01 sec. (1656274.48 ticks, tree = 6484.38 MB, solutions = 17)
Nodefile size = 4437.41 MB (1768.04 MB after compression)
 3723348 2299515      301.0789    51      305.6820      299.1286 20185804    2.14%          x.32.7 D 3723348 3723347     38
 3731910 2303866      302.7334    47      305.6820      299.1326 20231974    2.14%         x.20.35 D 3731910 3731909     67
 3740518 2308379      300.9798    45      305.6820      299.1358 20277703    2.14%          x.32.7 D 3740518 3740517     35
 3749160 2312782      303.9386    51      305.6820      299.1393 20322613    2.14%         x.16.10 D 3749160 3749159     53
 3758358 2317280      303.2780    48      305.6820      299.1430 20371716    2.14%          x.12.7 N 3758358 3758357     42
 3767060 2321820      303.6031    48      305.6820      299.1465 20417007    2.14%         x.37.10 D 3767060 3767059     52
 3775786 2326208      305.2823    42      305.6820      299.1500 20462178    2.14%         x.33.35 D 3775786 3775785     48
 3784413 2330698      302.4705    59      305.6820      299.1537 20507256    2.14%          x.20.7 D 3784413 3784412     40
 3793122 2335141      304.8261    58      305.6820      299.1572 20553190    2.13%         x.39.35 D 3793122 3793121     46
 3801696 2339669      302.7141    50      305.6820      299.1607 20598066    2.13%         x.36.32 U 3801696 3801695     48
Elapsed time = 2456.70 sec. (1694424.35 ticks, tree = 6609.51 MB, solutions = 17)
Nodefile size = 4562.29 MB (1812.34 MB after compression)
 3810320 2344150      301.9098    52      305.6820      299.1642 20643963    2.13%          x.32.7 D 3810320 3810319     41
 3819073 2348557      299.6809    49      305.6820      299.1676 20690344    2.13%          x.16.7 D 3819073 3819072     33
 3827791 2353048      302.4370    51      305.6820      299.1712 20736456    2.13%         x.23.35 D 3827791 3827790     54
 3836484 2357684      300.2655    54      305.6820      299.1748 20782790    2.13%          x.27.7 D 3836484 3836483     38
 3845155 2362119      305.0093    40      305.6820      299.1786 20828806    2.13%         x.33.19 U 3845155 3845152     62
 3853770 2366646      304.5117    53      305.6820      299.1821 20874217    2.13%          x.20.7 D 3853770 3853769     38
 3862796 2371121      301.7596    58      305.6820      299.1858 20923067    2.13%          x.16.7 D 3862796 3862795     36
 3871457 2375541      300.5521    56      305.6820      299.1894 20968440    2.12%         x.16.10 D 3871457 3871456     48
 3880003 2380018      304.2153    43      305.6820      299.1928 21013335    2.12%         x.15.36 D 3880003 3880002     60
 3888439 2384391      301.2652    59      305.6820      299.1965 21058383    2.12%          x.11.7 D 3888439 3888438     36
Elapsed time = 2519.73 sec. (1732582.57 ticks, tree = 6734.41 MB, solutions = 17)
Nodefile size = 4687.17 MB (1856.94 MB after compression)
 3897200 2388976      302.7796    55      305.6820      299.2000 21104497    2.12%         x.30.10 D 3897200 3897199     71
 3905760 2393296      302.4485    51      305.6820      299.2034 21150079    2.12%         x.30.12 D 3905760 3905759     67
 3914596 2397776      302.1721    62      305.6820      299.2071 21197388    2.12%         x.14.27 N 3914596 1779231     37
 3923249 2402188      303.6831    57      305.6820      299.2106 21242682    2.12%         x.33.19 D 3923249 3923248     74
 3931910 2406595      303.2309    53      305.6820      299.2141 21289239    2.12%         x.39.35 D 3931910 3931909     46
 3940601 2411018      305.5314    55      305.6820      299.2176 21335165    2.11%         x.13.27 D 3940601 3940600     35
 3949660 2415590      304.0559    56      305.6820      299.2213 21383384    2.11%          x.39.7 D 3949660 3949659     44
 3957977 2419947      300.1451    56      305.6820      299.2246 21428248    2.11%         x.22.35 D 3957977 3957976     64
 3966680 2424432      305.4890    55      305.6820      299.2282 21474337    2.11%         x.11.10 D 3966680 3966679     49
 3975255 2428925      299.2784    47      305.6820      299.2317 21519488    2.11%           x.2.7 U 3975255 932227     36
Elapsed time = 2581.53 sec. (1770735.00 ticks, tree = 6858.81 MB, solutions = 17)
Nodefile size = 4811.06 MB (1901.09 MB after compression)
 3984127 2433328      301.6476    50      305.6820      299.2352 21565713    2.11%          x.17.7 U 3984127 600230     33
 3993744 2438152      302.2571    59      305.6820      299.2388 21616383    2.11%          x.27.7 D 3993744 3993743     39
 4001786 2442280      304.7567    53      305.6820      299.2422 21657931    2.11%         x.33.35 D 4001786 4001785     50
 4010211 2446565      303.5463    47      305.6820      299.2455 21702779    2.11%         x.15.36 D 4010211 4010210     67
 4019374 2451054      302.2414    49      305.6820      299.2491 21751216    2.10%         x.16.27 U 4019374 1628725     24
 4029372 2455989      299.4148    54      305.6820      299.2527 21804297    2.10%          x.23.7 U 4029372 1973002     29
 4038090 2460392      301.9186    50      305.6820      299.2559 21851490    2.10%          x.11.7 D 4038090 4038089     41
 4047380 2465036      300.9806    54      305.6820      299.2596 21900863    2.10%          x.11.7 D 4047380 4047379     39
 4055370 2469145      303.1967    60      305.6820      299.2628 21942405    2.10%          x.20.7 D 4055370 4055369     47
 4064145 2473582      303.8805    48      305.6820      299.2661 21989863    2.10%         x.28.30 D 4064145 4064144     76
Elapsed time = 2648.20 sec. (1808883.79 ticks, tree = 6983.53 MB, solutions = 17)
Nodefile size = 4935.95 MB (1945.66 MB after compression)
 4073557 2478249      305.0280    47      305.6820      299.2696 22040591    2.10%         x.28.19 D 4073557 4073556     57
 4081963 2482546      299.5995    49      305.6820      299.2731 22085835    2.10%           x.2.7 U 4081963 643573     32
 4090860 2487050      303.8713    48      305.6820      299.2765 22132802    2.10%         x.16.10 D 4090860 4090859     45
 4099460 2491569      301.6436    53      305.6820      299.2799 22177994    2.09%         x.11.10 D 4099460 4099459     49
 4108040 2495898      301.5974    50      305.6820      299.2832 22223037    2.09%         x.16.27 D 4108040 4108039     45
 4117454 2500555      302.0857    46      305.6820      299.2868 22273222    2.09%         x.18.35 D 4117454 4117453     54
 4126384 2505068      300.4358    57      305.6820      299.2900 22320478    2.09%          x.11.7 D 4126384 4126383     32
 4135048 2509425      302.8296    42      305.6820      299.2931 22367094    2.09%         x.15.36 D 4135048 4135047     60
 4143655 2513883      303.2786    51      305.6820      299.2963 22412420    2.09%         x.20.35 N 4143655 4143654     52
 4152761 2518483      301.5644    48      305.6820      299.3001 22460191    2.09%         x.24.35 D 4152761 4152760     60
Elapsed time = 2709.17 sec. (1847045.52 ticks, tree = 7108.93 MB, solutions = 17)
Nodefile size = 5061.84 MB (1990.47 MB after compression)
 4161512 2522856      305.0825    54      305.6820      299.3034 22506957    2.09%         x.25.35 D 4161512 4161511     43
 4171286 2527840      301.5941    51      305.6820      299.3070 22558965    2.09%         x.22.35 D 4171286 4171285     60
 4179570 2532158      305.1187    41      305.6820      299.3100 22602772    2.08%         x.33.19 D 4179570 4179569     69
 4188525 2536561      301.7854    56      305.6820      299.3136 22651024    2.08%         x.14.27 D 4188525 4188524     32
 4197422 2541053      303.1655    48      305.6820      299.3167 22698336    2.08%           x.7.7 D 4197422 4197421     37
 4206090 2545468      303.9895    55      305.6820      299.3202 22743974    2.08%          x.22.7 D 4206090 4206089     46
 4215171 2550006      300.8708    51      305.6820      299.3234 22792425    2.08%          x.22.3 U 4215171  35109     30
 4224290 2554575      300.4236    54      305.6820      299.3269 22841144    2.08%         x.22.35 D 4224290 4224289     55
 4234532 2559543      303.8405    54      305.6820      299.3307 22895252    2.08%         x.20.35 D 4234532 4234531     61
 4243062 2563878      303.9975    39      305.6820      299.3337 22940675    2.08%         x.15.36 D 4243062 4243061     59
Elapsed time = 2769.74 sec. (1885202.84 ticks, tree = 7235.72 MB, solutions = 17)
Nodefile size = 5188.74 MB (2035.51 MB after compression)
 4251956 2568325      305.3196    32      305.6820      299.3368 22988163    2.08%         x.34.12 D 4251956 4251955     66
 4261375 2573024      299.6599    51      305.6820      299.3405 23038988    2.07%          x.23.7 U 4261375  77121     30
 4269861 2577290        cutoff            305.6820      299.3436 23084155    2.07%         x.33.35 U 4269861 4269859     45
 4278675 2581750      304.3595    41      305.6820      299.3467 23130396    2.07%          x.29.7 D 4278675 4278674     43
 4287461 2586107        cutoff            305.6820      299.3500 23176471    2.07%          x.16.7 U 4287461 3829605     29
 4296872 2590637      300.8116    60      305.6820      299.3537 23226302    2.07%          x.3.22 D 4296872 4296871     29
 4306939 2595572      301.8086    56      305.6820      299.3573 23280128    2.07%          x.39.7 U 4306939 2248523     46
 4316069 2600109      301.0709    48      305.6820      299.3606 23328802    2.07%          x.20.7 D 4316069 4316068     43
 4325169 2604600      304.4089    49      305.6820      299.3641 23377668    2.07%          x.37.6 D 4325169 4325168     63
 4334914 2609426      305.1089    46      305.6820      299.3675 23429608    2.07%         x.36.35 D 4334914 4334913     67
Elapsed time = 2829.98 sec. (1923351.83 ticks, tree = 7362.94 MB, solutions = 17)
Nodefile size = 5315.64 MB (2080.38 MB after compression)
 4344349 2614094      299.3728    50      305.6820      299.3708 23479932    2.06%          x.3.22 D 4344349 614789     24
 4353858 2618781        cutoff            305.6820      299.3744 23530676    2.06%         x.23.21 D 4353858 4353855     56
 4363253 2623551      301.4749    53      305.6820      299.3781 23580716    2.06%         x.18.35 D 4363253 4363252     43
 4371570 2627747      304.9325    42      305.6820      299.3813 23624504    2.06%         x.28.21 U 4371570 4371569     65
 4380190 2632038      301.8329    54      305.6820      299.3845 23670084    2.06%         x.35.32 U 4380190 4380189     50
 4388860 2636483      304.3213    54      305.6820      299.3873 23716001    2.06%         x.22.35 D 4388860 4388859     56
 4397318 2640674      302.6202    47      305.6820      299.3904 23759826    2.06%         x.23.35 D 4397318 4397317     49
 4405626 2644898      301.7497    48      305.6820      299.3934 23804366    2.06%         x.25.35 D 4405626 4405625     52
 4413876 2649123      302.9618    51      305.6820      299.3960 23849572    2.06%          x.8.12 U 4413876 4413874     58
 4423001 2653703      301.9692    54      305.6820      299.3994 23897819    2.06%         x.28.22 D 4423001 4423000     61
Elapsed time = 2889.67 sec. (1961502.87 ticks, tree = 7486.60 MB, solutions = 17)
Nodefile size = 5439.54 MB (2123.97 MB after compression)
 4431925 2658189      303.1761    59      305.6820      299.4026 23945731    2.05%          x.20.7 D 4431925 4431924     45
 4440747 2662702        cutoff            305.6820      299.4057 23993125    2.05%         x.28.32 U 4440747 4440746     38
 4449454 2667114        cutoff            305.6820      299.4086 24039083    2.05%         x.31.22 U 4449454 2998832     34
 4458319 2671645        cutoff            305.6820      299.4114 24086611    2.05%          x.22.7 U 4458319 4458317     49
 4466870 2676038      301.9895    41      305.6820      299.4144 24132738    2.05%         x.30.26 D 4466870 4466869     72
 4475587 2680459      305.5924    44      305.6820      299.4174 24179154    2.05%         x.25.35 D 4475587 4475586     36
 4484265 2684914        cutoff            305.6820      299.4202 24224811    2.05%         x.33.19 D 4484265 4484264     72
 4492830 2689222      300.3229    53      305.6820      299.4232 24270707    2.05%          x.7.27 D 4492830 4492829     29
 4502002 2693800      304.9903    44      305.6820      299.4261 24319524    2.05%          x.0.21 U 4502002 4502001     59
 4511860 2698665      304.4918    47      305.6820      299.4297 24371922    2.05%          x.20.7 D 4511860 4511859     40
Elapsed time = 2954.57 sec. (1999652.51 ticks, tree = 7612.20 MB, solutions = 17)
Nodefile size = 5564.44 MB (2167.72 MB after compression)
 4521514 2703441      299.5498    51      305.6820      299.4330 24422870    2.04%          x.17.7 U 4521514 479463     39
 4531291 2708299      304.9015    55      305.6820      299.4363 24475179    2.04%         x.28.21 D 4531291 4531289     61
 4540875 2713049      300.0376    56      305.6820      299.4396 24525625    2.04%         x.23.21 N 4540875 4540874     59
 4550131 2717671      303.8380    56      305.6820      299.4428 24574815    2.04%          x.22.7 D 4550131 4550130     45
 4558958 2722114      299.9700    54      305.6820      299.4460 24620669    2.04%         x.26.35 D 4558958 4558957     40
 4567312 2726395      303.8334    50      305.6820      299.4487 24665512    2.04%         x.23.21 N 4567312 4567310     66
 4576577 2730944      299.5919    53      305.6820      299.4518 24715209    2.04%          x.36.7 U 4576577 1717269     43
 4584571 2735147      303.0849    48      305.6820      299.4541 24758254    2.04%          x.8.12 D 4584571 4584570     63
 4593172 2739377      305.0758    43      305.6820      299.4572 24803888    2.04%          x.8.13 U 4593172 4593171     70
 4602551 2744020      301.7885    50      305.6820      299.4603 24853759    2.04%         x.20.35 D 4602551 4602550     50
Elapsed time = 3014.81 sec. (2037802.14 ticks, tree = 7738.87 MB, solutions = 17)
Nodefile size = 5691.34 MB (2212.66 MB after compression)
 4610899 2748224        cutoff            305.6820      299.4632 24898265    2.03%         x.21.13 U 4610899 4610896     59
 4620100 2752773      303.6587    47      305.6820      299.4662 24947512    2.03%         x.23.35 D 4620100 4620099     56
 4630215 2757778      301.5474    42      305.6820      299.4696 25001899    2.03%         x.36.35 D 4630215 4630214     57
 4640378 2762780      304.6602    58      305.6820      299.4730 25056558    2.03%          x.3.22 D 4640378 4640377     28
 4650420 2767670      300.3089    48      305.6820      299.4764 25109769    2.03%          x.29.7 U 4650420 2129398     38
 4658865 2771997      305.1744    45      305.6820      299.4791 25154562    2.03%         x.28.10 U 4658865 4658863     60
 4669200 2776973      300.3897    52      305.6820      299.4825 25209523    2.03%          x.12.7 D 4669200 4669199     38
 4678588 2781685      304.8558    54      305.6820      299.4855 25259280    2.03%         x.25.35 D 4678588 4678587     51
 4688625 2786532      300.8447    51      305.6820      299.4887 25312473    2.03%           x.2.7 D 4688625 4688624     39
 4698677 2791412      303.5128    39      305.6820      299.4921 25365780    2.02%          x.6.10 D 4698677 4698676     57
Elapsed time = 3075.56 sec. (2075961.12 ticks, tree = 7871.22 MB, solutions = 17)
Nodefile size = 5824.24 MB (2258.89 MB after compression)
 4706972 2795732      305.0089    43      305.6820      299.4946 25409260    2.02%          x.8.13 U 4706972 4706971     73
 4715530 2800041      304.3712    54      305.6820      299.4976 25454268    2.02%         x.35.12 D 4715530 4715529     61
 4723936 2804233      301.0053    59      305.6820      299.5002 25499689    2.02%         x.23.35 D 4723936 4723935     50
 4733012 2808703      300.9457    56      305.6820      299.5030 25547693    2.02%         x.14.27 D 4733012 4733011     47
 4743147 2813507      300.6490    45      305.6820      299.5065 25601695    2.02%         x.36.35 D 4743147 4743146     52
 4752853 2818253      305.0137    53      305.6820      299.5095 25653269    2.02%          x.11.7 D 4752853 4752852     40
 4761810 2822846      303.7345    52      305.6820      299.5125 25699904    2.02%          x.1.35 D 4761810 4761809     42
 4769910 2826998      300.8927    59      305.6820      299.5150 25742858    2.02%           x.2.7 D 4769910 4769909     41
 4779254 2831627        cutoff            305.6820      299.5179 25793033    2.02%          x.8.13 U 4779254 4779253     63
 4788130 2836100      302.9898    52      305.6820      299.5207 25839691    2.02%         x.30.10 D 4788130 4788129     61
Elapsed time = 3134.26 sec. (2114110.80 ticks, tree = 7996.06 MB, solutions = 17)
Nodefile size = 5948.15 MB (2302.01 MB after compression)
 4796324 2840371      304.9993    53      305.6820      299.5233 25882844    2.01%         x.33.19 D 4796324 4796323     68
 4804512 2844518      304.4399    44      305.6820      299.5259 25926121    2.01%         x.36.35 D 4804512 4804511     63
 4812692 2848656      300.4910    50      305.6820      299.5282 25969626    2.01%          x.12.7 D 4812692 4812691     33
 4822051 2853373      304.0785    43      305.6820      299.5313 26018932    2.01%         x.14.13 D 4822051 4822050     64
 4831327 2857883      305.4006    56      305.6820      299.5343 26068116    2.01%         x.20.12 U 4831327 4831325     68
 4841472 2862801      303.8844    40      305.6820      299.5377 26122137    2.01%         x.36.35 D 4841472 4841471     58
 4851534 2867717      305.1979    37      305.6820      299.5409 26175478    2.01%          x.4.13 U 4851534 4851533     62
 4860342 2872138      302.2537    47      305.6820      299.5438 26222131    2.01%         x.39.35 D 4860342 4860341     48
 4869699 2876825      301.6265    60      305.6820      299.5468 26271600    2.01%          x.27.7 D 4869699 4869698     46
 4879633 2881531      301.6543    50      305.6820      299.5501 26324296    2.01%           x.2.7 D 4879633 4879632     38
Elapsed time = 3193.34 sec. (2152258.95 ticks, tree = 8122.96 MB, solutions = 17)
Nodefile size = 6075.06 MB (2346.47 MB after compression)
 4889496 2886355        cutoff            305.6820      299.5530 26376648    2.01%          x.1.35 U 4889496 4889494     41
 4899249 2891228      302.5057    43      305.6820      299.5561 26428468    2.00%          x.39.7 D 4899249 4899248     44
 4907345 2895385      304.6873    50      305.6820      299.5585 26471568    2.00%         x.25.35 D 4907345 4907344     56
 4915870 2899628      304.9995    46      305.6820      299.5613 26516513    2.00%          x.2.19 D 4915870 4915869     59
 4925228 2904201      303.2920    49      305.6820      299.5643 26566142    2.00%         x.33.35 D 4925228 4925227     45
*4925520+2903650                          305.6694      299.5644             2.00%
 4934879 2908039      303.9441    53      305.6694      299.5675 26618226    2.00%         x.24.35 D 4934879 4934878     51
 4945047 2913074      302.5310    50      305.6694      299.5706 26672359    2.00%         x.18.35 D 4945047 4945046     51
Starting limited solution polishing.
 4955126 2918006      304.3345    48      305.6694      299.5740 26726079    1.99%         x.30.22 D 4955126 4955125     71
 4964995 2922783        cutoff            305.6694      299.5774 26778269    1.99%           x.4.7 U 4964995 3223464     45
 4973509 2927122      303.3115    52      305.6694      299.5800 26824000    1.99%         x.39.10 D 4973509 4973507     56
Elapsed time = 3253.09 sec. (2190432.75 ticks, tree = 8250.29 MB, solutions = 18)
Nodefile size = 6202.97 MB (2390.98 MB after compression)
 4982372 2931576      302.9773    46      305.6694      299.5826 26871003    1.99%         x.30.10 D 4982372 4982371     59
 4991232 2935838      303.7267    47      305.6694      299.5855 26918851    1.99%          x.29.3 U 4991232 4991231     48
 5001077 2940686      304.7018    56      305.6694      299.5883 26971098    1.99%         x.28.34 D 5001077 5001076     69
 5010263 2945207      301.9581    46      305.6694      299.5911 27019609    1.99%          x.29.3 U 5010263 5010262     52
 5019620 2949697      301.2523    55      305.6694      299.5942 27070143    1.99%          x.32.7 D 5019620 5019618     59
 5029325 2954437      303.5144    49      305.6694      299.5974 27122358    1.99%         x.20.35 D 5029325 5029324     59
 5039190 2959186      302.2427    48      305.6694      299.6002 27174221    1.99%         x.25.35 D 5039190 5039189     57
 5048392 2963716      303.9793    56      305.6694      299.6029 27223214    1.98%         x.36.22 D 5048392 5048391     52
 5058145 2968422      301.3409    47      305.6694      299.6060 27274517    1.98%          x.29.3 U 5058145 2464113     50
 5068036 2973184      302.8591    44      305.6694      299.6090 27327067    1.98%         x.20.35 D 5068036 5068035     64
Elapsed time = 3314.66 sec. (2228582.29 ticks, tree = 8378.94 MB, solutions = 18)
Nodefile size = 6331.88 MB (2436.62 MB after compression)
 5077567 2977858      302.3896    50      305.6694      299.6123 27378181    1.98%          x.0.27 U 5077567 312918     27
 5086846 2982400      302.8326    57      305.6694      299.6151 27427101    1.98%         x.27.23 D 5086846 5086844     48
 5096411 2987048      301.5555    54      305.6694      299.6182 27478132    1.98%         x.28.27 U 5096411 2743823     48
 5105013 2991394      301.6922    50      305.6694      299.6206 27524305    1.98%          x.3.30 U 5105013 5105011     64
 5112536 2995180      303.8800    47      305.6694      299.6228 27564514    1.98%          x.20.7 D 5112536 5112535     41
 5121492 2999572        cutoff            305.6694      299.6256 27612492    1.98%         x.13.27 U 5121492 333122     30
 5131047 3004165      303.0948    53      305.6694      299.6285 27662507    1.98%         x.28.22 D 5131047 5131046     60
 5140563 3008874      302.4039    50      305.6694      299.6314 27712899    1.98%          x.27.7 D 5140563 5140562     37
 5150109 3013557        cutoff            305.6694      299.6342 27763409    1.97%         x.21.13 U 5150109 5150108     75
 5159000 3017846      301.0191    53      305.6694      299.6373 27810194    1.97%          x.11.7 D 5159000 5158999     40
Elapsed time = 3374.25 sec. (2266731.70 ticks, tree = 8503.72 MB, solutions = 18)
Nodefile size = 6455.80 MB (2480.29 MB after compression)
 5167969 3022383      304.5064    43      305.6694      299.6401 27857899    1.97%         x.14.13 N 5167969 5167968     69
 5176288 3026554      302.9084    57      305.6694      299.6426 27902447    1.97%         x.25.35 D 5176288 5176287     57
 5185968 3031120      304.1582    43      305.6694      299.6456 27954060    1.97%          x.0.21 U 5185968 5185967     65
 5195475 3035765      303.7444    49      305.6694      299.6485 28004138    1.97%          x.29.3 U 5195475 5195474     53
 5204929 3040376        cutoff            305.6694      299.6513 28055469    1.97%         x.14.13 U 5204929 5204928     76
 5213362 3044626      300.3946    54      305.6694      299.6539 28100852    1.97%         x.18.35 D 5213362 5213361     47
 5221554 3048888      303.4072    61      305.6694      299.6562 28144241    1.97%         x.25.35 D 5221554 5221553     56
 5230103 3052967      303.9635    47      305.6694      299.6590 28188940    1.97%          x.32.7 D 5230103 5230102     37
 5239170 3057587      305.0233    30      305.6694      299.6616 28237081    1.97%         x.30.25 D 5239170 5239169     71
 5246979 3061561        cutoff            305.6694      299.6639 28278973    1.96%         x.27.10 D 5246979 5246977     70
Elapsed time = 3433.67 sec. (2304882.25 ticks, tree = 8625.80 MB, solutions = 18)
Nodefile size = 6578.72 MB (2523.16 MB after compression)
 5255520 3065840      303.9934    46      305.6694      299.6662 28324113    1.96%          x.5.10 D 5255520 5255519     59
 5264048 3070041        cutoff            305.6694      299.6687 28369430    1.96%         x.14.27 U 5264048 544362     44
 5271963 3074095      303.6136    47      305.6694      299.6710 28410555    1.96%         x.28.34 D 5271963 5271962     58
 5281297 3078649      302.7734    51      305.6694      299.6737 28460223    1.96%          x.20.7 D 5281297 5281296     47
 5290554 3083270      305.3590    47      305.6694      299.6765 28508979    1.96%         x.25.35 D 5290554 5290553     47
 5298380 3087266      304.4091    42      305.6694      299.6788 28550724    1.96%          x.8.13 N 5298380 5298378     66
 5307099 3091557      304.6980    47      305.6694      299.6815 28597748    1.96%         x.27.10 U 5307099 5307096     60
 5316600 3096105        cutoff            305.6694      299.6843 28647628    1.96%          x.20.7 U 5316600 995637     37
 5326171 3100812      301.8349    55      305.6694      299.6871 28698323    1.96%          x.16.7 D 5326171 5326170     41
 5335589 3105393      303.4427    45      305.6694      299.6899 28748820    1.96%         x.22.18 U 5335589 5335588     70
Elapsed time = 3492.57 sec. (2343031.80 ticks, tree = 8748.24 MB, solutions = 18)
Nodefile size = 6700.65 MB (2565.60 MB after compression)
 5343845 3109586      305.0793    43      305.6694      299.6922 28792984    1.96%         x.20.35 D 5343845 5343844     63
 5353417 3114282      302.7836    43      305.6694      299.6949 28844246    1.95%         x.18.35 D 5353417 5353416     56
 5363200 3119087      304.2961    45      305.6694      299.6977 28896351    1.95%         x.35.10 D 5363200 5363199     60
 5372091 3123375      303.7834    54      305.6694      299.7002 28943668    1.95%         x.25.35 D 5372091 5372090     59
 5381952 3127939      305.1779    56      305.6694      299.7032 28996076    1.95%          x.16.7 D 5381952 5381951     42
 5391037 3132491      303.4809    54      305.6694      299.7060 29044810    1.95%         x.36.35 D 5391037 5391036     53
 5400036 3136871      300.5823    48      305.6694      299.7087 29092739    1.95%          x.9.22 D 5400036 5400035     24
 5408910 3141367      301.9879    54      305.6694      299.7110 29138960    1.95%          x.39.7 D 5408910 5408909     51
 5418195 3145895      303.3678    49      305.6694      299.7136 29187971    1.95%         x.16.22 N 5418195 5418194     42
 5427846 3150591      302.0055    46      305.6694      299.7165 29238701    1.95%          x.11.7 D 5427846 5427845     39
Elapsed time = 3552.04 sec. (2381185.16 ticks, tree = 8874.51 MB, solutions = 18)
Nodefile size = 6826.56 MB (2609.60 MB after compression)
 5436900 3155097      304.8665    36      305.6694      299.7190 29286879    1.95%         x.14.13 D 5436900 5436898     61
 5446265 3159564        cutoff            305.6694      299.7218 29337031    1.95%          x.22.7 U 5446265 5446263     41
 5455879 3164296      302.2399    54      305.6694      299.7244 29388867    1.94%         x.28.19 D 5455879 5455878     56
 5464287 3168577      302.4446    48      305.6694      299.7271 29433158    1.94%         x.23.35 D 5464287 5464286     48
 5472554 3172709      304.2723    48      305.6694      299.7295 29476725    1.94%         x.37.10 D 5472554 5472553     58
 5482300 3177301      305.1803    50      305.6694      299.7323 29528099    1.94%         x.28.19 D 5482300 5482299     59
 5492056 3182081      305.0362    52      305.6694      299.7351 29580771    1.94%         x.27.23 U 5492056 5492055     57
 5501362 3186444      305.3910    41      305.6694      299.7379 29630561    1.94%         x.28.10 D 5501362 5501361     54

Gomory fractional cuts applied:  19
User cuts applied:  204

Root node processing (before b&c):
  Real time             =    0.10 sec. (83.54 ticks)
Sequential b&c:
  Real time             = 3599.92 sec. (2416691.47 ticks)
                          ------------
Total (root+branch&cut) = 3600.03 sec. (2416775.01 ticks)

Solution status: 107
Objective value:  3.0566936416e+02
Solution status is not CPX_STAT_OPTIMAL
Node: 5502454
