proble size: m = 5 , n = 5 , seed = 6 
Benders' cuts separated to cut off: Only integer infeasible solutions.
seed = 6
Version identifier: 20.1.0.0 | 2020-11-10 | 9bedb6d68
CPXPARAM_Threads                                 1
CPXPARAM_RandomSeed                              6
CPXPARAM_MIP_Strategy_CallbackReducedLP          0
CPXPARAM_MIP_Strategy_Search                     1
CPXPARAM_TimeLimit                               3600
CPXPARAM_MIP_Tolerances_AbsMIPGap                0
CPXPARAM_MIP_Tolerances_MIPGap                   0
Legacy callback                                  L
Tried aggregator 1 time.
Reduced MIP has 40 rows, 1640 columns, and 1600 nonzeros.
Reduced MIP has 1600 binaries, 0 generals, 0 SOSs, and 0 indicators.
Presolve time = 0.05 sec. (0.63 ticks)
Probing time = 0.01 sec. (2.48 ticks)
Clique table members: 40.
MIP emphasis: balance optimality and feasibility.
MIP search method: traditional branch-and-cut.
Parallel mode: none, using 1 thread.
Root relaxation solution time = 0.03 sec. (0.34 ticks)

        Nodes                                         Cuts/
   Node  Left     Objective  IInf  Best Integer    Best Bound    ItCnt     Gap         Variable B NodeID Parent  Depth

      0     0        0.0000    26                      0.0000        0         
*     0+    0                         1018.9473        0.0000           100.00%
*     0+    0                          872.3544        0.0000           100.00%
      0     0      182.8557    49      872.3544     Fract: 24       95   79.04%
*     0+    0                          689.4544      182.8557            73.48%
      0     0      239.6880    57      689.4544     Fract: 19      160   65.24%
*     0+    0                          523.3766      239.6880            54.20%
*     0+    0                          461.9879      239.6880            48.12%
*     0+    0                          448.2758      239.6880            46.53%
*     0+    0                          436.3484      239.6880            45.07%
*     0+    0                          377.4576      239.6880            36.50%
      0     2      286.0315    59      377.4576      286.0724      160   24.21%                        0             0
Elapsed time = 0.29 sec. (87.65 ticks, tree = 0.01 MB, solutions = 8)
*    10+   10                          360.4801      286.7578            20.45%
*    20+   20                          327.7711      286.7578            12.51%
*    30+   30                          327.4345      286.7578            12.42%
*    30+   30                          315.0846      286.7578             8.99%
    154   139      293.1886    58      315.0846      286.7753     1170    8.98%         x.27.23 D    154    152     14
*   300+  264                          314.3545      287.1283             8.66%
    360   326      307.9006    54      314.3545      287.1283     2299    8.66%          x.30.7 D    360    359     73
*   420+  370                          313.1818      287.2260             8.29%
*   520+  287                          307.3536      287.2490             6.54%
*   520+  277                          306.1998      287.2490             6.19%
    580   339      301.1832    49      306.1998      287.2490     3501    6.19%          x.4.21 D    580    579     69
    888   620      296.5338    52      306.1998      289.1450     5291    5.57%         x.32.14 U    888    887     29
   1240   937      295.6140    51      306.1998      289.6901     7626    5.39%         x.27.23 U   1240   1239     12
   1682  1334      305.2710    29      306.1998      289.9513    10008    5.31%         x.27.16 D   1682   1681     66
   2123  1737      296.1814    59      306.1998      290.3085    12521    5.19%         x.13.11 D   2123   2122     32
   2560  2130      296.1264    53      306.1998      290.5318    15273    5.12%         x.13.13 D   2560   2559     31
   3037  2568      305.1057    46      306.1998      290.6695    18104    5.07%          x.11.9 D   3037   3036     71
   5028  4353      292.8289    58      306.1998      291.2101    28362    4.90%          x.36.7 D   5028   5027     12
Elapsed time = 3.19 sec. (3203.83 ticks, tree = 12.20 MB, solutions = 16)
   7082  6222      295.9589    53      306.1998      291.4414    38955    4.82%          x.39.7 D   7082   7081     21
   9106  8072        cutoff            306.1998      291.6083    49340    4.77%         x.26.35 D   9106   9103     50
  11292 10048      303.7342    37      306.1998      291.8082    59985    4.70%           x.3.6 D  11292  11291     78
  13796 12326      300.3563    53      306.1998      291.9693    71917    4.65%          x.20.7 D  13796  13795     44
  16242 14514      302.6731    47      306.1998      292.1421    82979    4.59%         x.11.12 D  16242  16241     82
  18646 16696      300.0242    51      306.1998      292.3064    94309    4.54%         x.27.13 D  18646  18645     69
  21109 18917        cutoff            306.1998      292.3829   104924    4.51%         x.14.13 U  21109  21107     20
  23564 21126      294.5660    60      306.1998      292.5048   115670    4.47%          x.21.9 D  23564  23563     14
  26000 23305      300.4535    39      306.1998      292.5573   126342    4.46%         x.30.33 D  26000  25999     62
  28399 25447      294.9124    59      306.1998      292.6391   137219    4.43%          x.39.7 D  28399  28398     24
Elapsed time = 12.66 sec. (12744.31 ticks, tree = 70.83 MB, solutions = 16)
  30800 27585      300.7491    53      306.1998      292.7020   148233    4.41%          x.30.0 D  30800  30799     44
  33194 29707        cutoff            306.1998      292.7649   158762    4.39%          x.6.39 U  33194  33192     48
  35607 31877      302.6108    34      306.1998      292.8162   169609    4.37%         x.39.30 D  35607  35606     56
  38011 34024      303.1439    42      306.1998      292.8693   180220    4.35%          x.29.3 D  38011  38010     72
  40470 36236      297.7131    55      306.1998      292.9189   190805    4.34%         x.27.25 D  40470  40469     50
  42930 38449      303.7859    50      306.1998      292.9709   201159    4.32%          x.5.33 D  42930  42929     58
  45363 40572      302.4567    45      306.1998      293.0075   212039    4.31%         x.30.22 D  45363  45362     57
  47822 42767      303.9161    38      306.1998      293.0482   222788    4.30%         x.10.29 U  47822  47821     85
  50209 44875      303.6836    40      306.1998      293.0920   233412    4.28%          x.8.27 U  50209  50207     43
  52607 46980      295.9133    60      306.1998      293.1432   244281    4.26%          x.17.7 D  52607  52606     31
Elapsed time = 22.17 sec. (22290.72 ticks, tree = 131.05 MB, solutions = 16)
  55094 49184      293.1843    57      306.1998      293.1851   255242    4.25%          x.21.9 D  55094  41236     10
  57531 51324      305.2165    53      306.1998      293.2223   265901    4.24%          x.11.7 U  57531  57528     22
  59960 53412      302.2652    40      306.1998      293.2743   276826    4.22%         x.31.22 D  59960  59959     53
  62400 55548      301.3956    45      306.1998      293.3143   287330    4.21%          x.30.7 D  62400  62399     50
  64875 57749      298.1355    46      306.1998      293.3500   298089    4.20%         x.28.19 U  64875  64874     36
  67340 59939      301.6148    41      306.1998      293.3835   308690    4.19%         x.30.20 D  67340  67339     67
  69660 61971      296.3833    48      306.1998      293.4201   319352    4.17%         x.18.38 D  69660  69659     19
  72000 64024      294.5923    41      306.1998      293.4525   330228    4.16%          x.36.7 D  72000  71999     32
  74457 66173      296.9896    51      306.1998      293.4840   340698    4.15%          x.20.7 D  74457  74456     23
  76934 68325      297.8588    52      306.1998      293.5085   350961    4.14%          x.17.7 D  76934  76933     26
Elapsed time = 31.57 sec. (31836.66 ticks, tree = 192.22 MB, solutions = 16)
* 79230+70235                          306.1678      293.5351             4.13%
  79297 70295      294.0192    53      306.1678      293.5371   361589    4.13%          x.5.34 U  79297  20743     15
  81270 72010      294.3824    51      306.1678      293.5606   370461    4.12%          x.30.0 D  81270  81269     26
  83591 73963      300.4961    59      306.1678      293.6013   381720    4.10%          x.27.7 D  83591  83590     29
  85830 75852      298.4491    55      306.1678      293.6237   393227    4.10%          x.39.7 D  85830  85829     38
  88071 77747      298.8796    51      306.1678      293.6482   404864    4.09%          x.3.10 D  88071  88070     39
  90355 79661      297.6398    48      306.1678      293.6717   416602    4.08%          x.30.0 U  90355  90354     15
  92667 81591      296.3232    47      306.1678      293.7074   427917    4.07%          x.27.7 D  92667  92666     15
  94950 83521      303.5626    43      306.1678      293.7369   439373    4.06%          x.8.13 D  94950  94949     57
  97216 85419      298.4357    47      306.1678      293.7677   451015    4.05%           x.7.7 D  97216  97215     23
  99526 87325      295.8007    48      306.1678      293.7922   462382    4.04%          x.20.7 D  99526  99525     21
Elapsed time = 40.88 sec. (41377.00 ticks, tree = 244.45 MB, solutions = 17)
 101776 89209      296.3966    56      306.1678      293.8143   474142    4.03%         x.13.13 U 101776    157     18
 104092 91197      299.0148    60      306.1678      293.8387   486012    4.03%         x.39.22 D 104092 104091     58
 106262 93010      296.4913    53      306.1678      293.8627   497930    4.02%          x.30.7 N 106262 106261     41
 108460 94834      299.0154    44      306.1678      293.8861   509919    4.01%          x.5.33 D 108460 108459     46
 110679 96689      302.2764    51      306.1678      293.9111   521924    4.00%         x.27.25 U 110679 110678     43
 112857 98468      297.3419    57      306.1678      293.9369   533387    3.99%           x.5.9 D 112857 112856     48
 115119 100325      295.5713    50      306.1678      293.9613   545310    3.99%          x.5.10 U 115119  67606     14
 117348 102172      299.9711    53      306.1678      293.9802   557177    3.98%          x.2.19 D 117348 117347     42
 119600 104044      300.8897    42      306.1678      294.0007   569394    3.97%         x.19.11 U 119600 119599     65
 121870 105928      304.6485    39      306.1678      294.0187   581541    3.97%          x.0.21 U 121870 121869     64
Elapsed time = 50.27 sec. (50918.44 ticks, tree = 295.63 MB, solutions = 17)
 124048 107727      295.8520    53      306.1678      294.0432   593554    3.96%          x.12.7 D 124048 124047     21
 126233 109514      297.0791    53      306.1678      294.0625   605321    3.95%           x.7.7 D 126233 126232     22
 128458 111302      296.9253    55      306.1678      294.0850   617044    3.95%          x.21.9 D 128458 128457     41
 130733 113188      304.0687    47      306.1678      294.1042   628665    3.94%         x.11.10 D 130733 130732     47
 133006 115045      306.0988    36      306.1678      294.1272   640568    3.93%         x.19.11 U 133006 133005     56
 135210 116875      302.2773    47      306.1678      294.1490   651984    3.93%         x.11.10 D 135210 135209     57
 137481 118711      303.2320    48      306.1678      294.1707   663663    3.92%          x.2.10 D 137481 137480     74
 139670 120531      295.6355    58      306.1678      294.1899   675183    3.91%          x.29.7 D 139670 139668     23
 141923 122399      303.3779    44      306.1678      294.2097   686952    3.91%         x.12.38 D 141923 141922     37
 144230 124328      297.9743    43      306.1678      294.2273   698688    3.90%          x.16.7 D 144230 144229     19
Elapsed time = 59.74 sec. (60459.74 ticks, tree = 346.25 MB, solutions = 17)
 146518 126244      298.5987    48      306.1678      294.2443   710134    3.89%          x.11.7 D 146518 146517     20
 148777 128070      300.0213    56      306.1678      294.2625   721521    3.89%          x.39.7 D 148777 148776     35
 151044 129912      298.6166    55      306.1678      294.2791   733014    3.88%          x.11.7 D 151044 151043     25
 153352 131826      298.3346    54      306.1678      294.2954   744584    3.88%         x.30.12 D 153352 153351     35
 155686 133735      299.8166    40      306.1678      294.3138   755886    3.87%         x.18.13 D 155686 155685     63
 157909 135516      302.5277    48      306.1678      294.3305   767751    3.87%          x.17.7 D 157909 157908     28
 160157 137339      303.3041    42      306.1678      294.3477   779149    3.86%         x.18.38 D 160157 160156     58
 162411 139170      296.1916    54      306.1678      294.3639   790829    3.86%          x.12.7 D 162411 162410     13
 164632 140979      300.2933    51      306.1678      294.3834   803038    3.85%          x.5.25 D 164632 164631     32
 166930 142887      297.8596    55      306.1678      294.4018   814493    3.84%          x.5.16 D 166930 166929     38
Elapsed time = 69.26 sec. (69999.45 ticks, tree = 400.31 MB, solutions = 17)
 169133 144671      299.7280    52      306.1678      294.4178   826457    3.84%          x.17.7 D 169133 169132     28
 171432 146573      294.4976    60      306.1678      294.4326   837811    3.83%          x.5.25 D 171432 171431     27
 173679 148464        cutoff            306.1678      294.4441   848991    3.83%          x.9.18 D 173679 173678     67
 175955 150304      300.6749    48      306.1678      294.4591   860771    3.82%         x.16.22 D 175955 175954     33
 178240 152149      302.5072    55      306.1678      294.4740   871855    3.82%           x.5.6 D 178240 178239     42
 180477 153966      301.8491    48      306.1678      294.4854   883623    3.82%         x.14.13 D 180477 180476     42
 182687 155752      298.2402    55      306.1678      294.4989   894944    3.81%         x.21.20 D 182687 182686     42
 184858 157466      305.6958    37      306.1678      294.5135   906533    3.81%          x.5.22 D 184858 184857     69
 187050 159208      305.2841    36      306.1678      294.5278   918544    3.80%         x.18.13 D 187050 187049     65
 189337 161080      301.9481    38      306.1678      294.5408   930265    3.80%         x.31.22 D 189337 189336     37
Elapsed time = 78.71 sec. (79537.84 ticks, tree = 452.08 MB, solutions = 17)
 191551 162844      296.4146    62      306.1678      294.5571   941766    3.79%          x.20.7 D 191551 191550     20
 193790 164591      305.1408    37      306.1678      294.5694   953568    3.79%          x.6.39 U 193790 193788     52
 196013 166396      301.4808    40      306.1678      294.5821   965199    3.78%          x.3.22 D 196013 196012     42
 198280 168215      303.1624    50      306.1678      294.5942   976742    3.78%         x.39.10 D 198280 198279     54
 200503 170011      297.6396    45      306.1678      294.6088   988286    3.78%           x.4.7 D 200503 200502     20
 202770 171835      301.0235    47      306.1678      294.6202   999835    3.77%         x.27.23 U 202770 202769     28
 205003 173614      296.2251    51      306.1678      294.6338  1011814    3.77%          x.36.7 D 205003 205002     22
 207283 175494      295.0617    55      306.1678      294.6462  1023289    3.76%          x.21.9 U 207283 168121     23
 209573 177321      302.8509    51      306.1678      294.6585  1034884    3.76%          x.5.10 D 209573 209572     29
 218662 184460      296.8541    58      306.1678      294.7119  1081469    3.74%         x.12.38 D 218662 218661     20
Elapsed time = 90.99 sec. (91939.90 ticks, tree = 516.43 MB, solutions = 17)
 227549 191554      296.3652    54      306.1678      294.7566  1128671    3.73%          x.29.7 D 227549 227548     18
 236496 198629      298.3769    53      306.1678      294.7969  1175954    3.71%          x.20.7 D 236496 236495     29
 245398 205635      299.4866    55      306.1678      294.8373  1222808    3.70%          x.11.7 D 245398 245397     28
*246270+198121                          305.6221      294.8406             3.53%
 253947 204201      303.2604    31      305.6221      294.8766  1268507    3.52%         x.11.27 D 253947 253946     66
 262861 211189      300.6093    53      305.6221      294.9208  1316107    3.50%         x.22.38 D 262861 262860     28
 271772 218070      304.1194    45      305.6221      294.9674  1363866    3.49%         x.31.22 D 271772 271771     61
 280711 225016      303.6911    42      305.6221      295.0084  1411463    3.47%           x.2.2 U 280711 280709     42
 289574 231840      300.6880    50      305.6221      295.0448  1459045    3.46%         x.31.22 D 289574 289573     35
 298411 238706      302.8827    42      305.6221      295.0867  1507120    3.45%         x.11.27 D 298411 298410     42
 307375 245617      304.7461    43      305.6221      295.1233  1555582    3.44%         x.12.38 D 307375 307374     55
Elapsed time = 128.68 sec. (130088.45 ticks, tree = 690.01 MB, solutions = 18)
 316058 252333      302.3552    50      305.6221      295.1593  1603928    3.42%         x.23.24 U 316058 316057     48
 325049 259094      295.7245    55      305.6221      295.2017  1651704    3.41%         x.27.23 N 325049 190005     41
 333964 265943      301.1827    42      305.6221      295.2380  1699822    3.40%          x.2.22 D 333964 333963     53
 342850 272757      301.8185    41      305.6221      295.2727  1748154    3.39%          x.2.10 D 342850 342849     43
 351772 279622      299.3149    48      305.6221      295.3054  1796510    3.38%          x.11.7 D 351772 351771     30
 360590 286396      301.5649    43      305.6221      295.3368  1844735    3.37%         x.11.27 D 360590 360589     46
 369370 293038      301.3261    45      305.6221      295.3750  1893799    3.35%          x.21.8 D 369370 369369     51
 378400 299906      301.5870    38      305.6221      295.4073  1942346    3.34%          x.36.4 D 378400 378399     56
 387215 306509      301.7385    47      305.6221      295.4408  1991431    3.33%         x.18.13 D 387215 387214     44
 396049 313229      296.6866    57      305.6221      295.4719  2040111    3.32%           x.2.7 D 396049 396048     24
Elapsed time = 165.93 sec. (168242.10 ticks, tree = 880.13 MB, solutions = 18)
 404933 319927      304.6396    40      305.6221      295.5039  2088550    3.31%         x.34.29 D 404933 404932     61
 413829 326649      297.7320    51      305.6221      295.5334  2136611    3.30%          x.5.34 D 413829 413827     39
 422700 333495      300.4941    53      305.6221      295.5645  2183678    3.29%          x.17.7 D 422700 422699     33
 431549 340045      295.9187    55      305.6221      295.5920  2232120    3.28%         x.21.20 U 431549 295290     17
 440540 346793      297.4829    47      305.6221      295.6195  2280501    3.27%          x.32.7 D 440540 440539     28
 449486 353460      301.6752    48      305.6221      295.6473  2329077    3.26%         x.12.29 U 449486 449485     37
 458395 360209        cutoff            305.6221      295.6754  2376950    3.25%         x.14.13 D 458395 458394     50
 467303 366963      297.9868    56      305.6221      295.7006  2425236    3.25%           x.5.0 D 467303 467302     39
 476120 373524      305.3445    54      305.6221      295.7293  2473712    3.24%         x.18.38 D 476120 476119     21
 484955 380084      304.5717    45      305.6221      295.7558  2521794    3.23%         x.33.13 D 484955 484954     66
Elapsed time = 203.29 sec. (206392.06 ticks, tree = 1068.76 MB, solutions = 18)
 494012 386848      297.3913    54      305.6221      295.7822  2570390    3.22%          x.5.25 U 494012  71574     15
 503056 393715      297.9020    49      305.6221      295.8084  2618267    3.21%         x.21.20 U 503056 503054     38
 512059 400423      300.9533    55      305.6221      295.8310  2666137    3.20%          x.17.7 D 512059 512058     33
 521051 407014      299.5908    44      305.6221      295.8534  2714140    3.20%         x.13.25 U 521051 521050     39
 530000 413656      300.5815    46      305.6221      295.8764  2762931    3.19%         x.21.24 D 530000 529999     27
 539047 420382      302.8325    51      305.6221      295.9005  2810919    3.18%         x.22.38 U 539047 539045     38
 548065 427273      300.2731    50      305.6221      295.9225  2858049    3.17%          x.8.13 D 548065 548064     89
 557053 434003      298.8634    57      305.6221      295.9446  2905818    3.17%          x.3.10 D 557053 557052     48
 566020 440787      302.1391    43      305.6221      295.9665  2953520    3.16%         x.39.10 D 566020 566019     31
 575005 447564        cutoff            305.6221      295.9857  3001492    3.15%         x.35.13 U 575005 575004     42
Elapsed time = 240.58 sec. (244548.31 ticks, tree = 1259.81 MB, solutions = 18)
 583993 454401      299.8610    44      305.6221      296.0058  3048178    3.15%          x.2.22 D 583993 583992     32
 593176 461349      300.0396    53      305.6221      296.0276  3095104    3.14%          x.32.7 D 593176 593175     21
 602379 468345      301.8090    39      305.6221      296.0489  3142024    3.13%         x.11.10 D 602379 602378     43
 611315 475012      297.2200    53      305.6221      296.0679  3190118    3.13%          x.5.16 N 611315 611314     36
 620330 481685      296.3093    52      305.6221      296.0917  3238448    3.12%          x.17.7 D 620330 165879     41
 629334 488458      301.6695    39      305.6221      296.1105  3286165    3.11%          x.0.21 U 629334 629333     39
 638522 495456      297.3342    46      305.6221      296.1290  3332458    3.11%          x.5.25 U 638522 638521     36
 647574 502319      304.7573    36      305.6221      296.1457  3379514    3.10%          x.29.3 U 647574 647573     54
 656632 509100      302.0580    52      305.6221      296.1654  3426938    3.09%         x.16.10 D 656632 656631     37
 665923 516164      304.9443    39      305.6221      296.1836  3474020    3.09%         x.11.27 D 665923 665922     54
Elapsed time = 277.56 sec. (282698.31 ticks, tree = 1454.78 MB, solutions = 18)
 675170 523190      302.4840    39      305.6221      296.2009  3519553    3.08%         x.11.27 D 675170 675169     50
 684416 530275      301.5987    34      305.6221      296.2158  3565626    3.08%         x.24.15 D 684416 684415    101
 693637 537276      302.8977    32      305.6221      296.2331  3612182    3.07%         x.29.15 D 693637 693636     97
 702842 544189      299.9696    47      305.6221      296.2516  3659086    3.07%          x.21.8 D 702842 702841     64
 712021 551189      300.9655    44      305.6221      296.2677  3706289    3.06%         x.22.15 D 712021 712020     43
 721364 558284      298.3655    58      305.6221      296.2836  3752670    3.06%           x.7.7 D 721364 721363     28
 730520 565190      296.6632    51      305.6221      296.3002  3799968    3.05%         x.26.25 D 730520 148584     20
 739690 572236      299.0833    53      305.6221      296.3170  3846711    3.04%         x.12.38 D 739690 739689     29
 748976 579443      303.3806    36      305.6221      296.3329  3892126    3.04%         x.18.38 D 748976 748975     45
 758119 586409      297.5352    53      305.6221      296.3493  3938592    3.03%          x.21.2 D 758119 758118     41
Elapsed time = 314.56 sec. (320847.11 ticks, tree = 1655.29 MB, solutions = 18)
 767450 593453      301.4212    59      305.6221      296.3646  3985262    3.03%         x.13.25 U 767450 767449     50
 776600 600313      304.7278    44      305.6221      296.3808  4031852    3.02%          x.6.14 D 776600 776599     41
 785846 607264      299.9403    46      305.6221      296.3949  4078707    3.02%          x.6.23 U 785846 785845     28
 795128 614303      301.6604    41      305.6221      296.4106  4125111    3.01%         x.16.10 D 795128 795127     35
 804384 621287      300.4296    50      305.6221      296.4250  4171771    3.01%         x.10.29 U 804384 804383     51
 813655 628288      301.8095    51      305.6221      296.4395  4218556    3.00%          x.6.39 D 813655 813654     59
 823023 635458      297.4907    54      305.6221      296.4541  4264197    3.00%          x.20.7 D 823023 823022     23
 832248 642395      304.7185    22      305.6221      296.4670  4310448    3.00%          x.27.5 D 832248 832247     79
 841449 649369      298.7401    51      305.6221      296.4823  4356529    2.99%          x.5.14 D 841449 841448     37
 850844 656434      301.7037    41      305.6221      296.4961  4403398    2.99%          x.5.14 D 850844 850843     38
Elapsed time = 351.65 sec. (358995.47 ticks, tree = 1849.12 MB, solutions = 18)
 860059 663432      297.4871    54      305.6221      296.5118  4449861    2.98%          x.5.25 U 860059 860058     34
 869332 670492      299.1536    53      305.6221      296.5262  4496472    2.98%          x.20.7 D 869332 869331     38
 878770 677705      302.9876    51      305.6221      296.5397  4541931    2.97%           x.6.5 D 878770 878769     63
 888140 684800      298.1268    50      305.6221      296.5525  4587751    2.97%          x.39.7 D 888140 888139     31
 897576 692134      301.7542    51      305.6221      296.5654  4634330    2.96%         x.39.22 D 897576 897575     44
 906990 699369      304.7367    47      305.6221      296.5791  4680185    2.96%         x.28.25 D 906990 906989     65
 916219 706405      301.0409    51      305.6221      296.5916  4726880    2.95%          x.6.23 N 916219 916218     25
 925703 713665      302.8961    50      305.6221      296.6029  4771950    2.95%         x.13.25 U 925703 925702     58
 935130 720865      299.1209    47      305.6221      296.6148  4817827    2.95%         x.39.10 D 935130 935129     51
 944380 727973      301.7891    45      305.6221      296.6272  4861292    2.94%         x.28.10 D 944380 944379     46
Elapsed time = 390.19 sec. (397147.51 ticks, tree = 2054.25 MB, solutions = 18)
Nodefile size = 6.99 MB (3.55 MB after compression)
 953114 734703      302.6012    49      305.6221      296.6368  4903931    2.94%          x.4.13 D 953114 953113     60
 961534 741054      299.3412    44      305.6221      296.6478  4946057    2.94%          x.21.8 D 961534 961533     64
 969987 747527      302.9245    46      305.6221      296.6583  4987386    2.93%         x.21.14 D 969987 969986     50
 978480 753966      301.6376    46      305.6221      296.6693  5028133    2.93%         x.16.29 U 978480 978479     50
 986943 760404      304.2842    43      305.6221      296.6808  5069273    2.93%          x.2.19 D 986943 986942     71
 995446 766858      298.9905    44      305.6221      296.6920  5110807    2.92%         x.35.10 D 995446 995445     58
 1003847 773268      298.9251    55      305.6221      296.7016  5151780    2.92%          x.12.7 D 1003847 1003846     24
 1012264 779636      304.2772    40      305.6221      296.7130  5192678    2.92%         x.30.33 D 1012264 1012263     61
 1020954 786253      301.3839    41      305.6221      296.7240  5234916    2.91%          x.36.4 D 1020954 1020953     62
 1029674 792940      297.0931    48      305.6221      296.7345  5276464    2.91%          x.36.4 U 1029674  12539     45
Elapsed time = 449.63 sec. (435296.43 ticks, tree = 2229.36 MB, solutions = 18)
Nodefile size = 181.80 MB (91.91 MB after compression)
 1038313 799601      302.1575    58      305.6221      296.7442  5318061    2.90%         x.16.22 D 1038313 1038312     46
 1046737 806091      299.7868    52      305.6221      296.7549  5359369    2.90%          x.0.21 D 1046737 1046735     38
 1055356 812702      301.5362    43      305.6221      296.7651  5400818    2.90%         x.37.10 D 1055356 1055355     52
 1063571 819012      302.4453    38      305.6221      296.7750  5441405    2.89%         x.18.38 D 1063571 1063570     45
 1072113 825427      302.3816    42      305.6221      296.7851  5483480    2.89%         x.39.22 U 1072113 1072111     54
 1080649 831976      303.2912    46      305.6221      296.7941  5523933    2.89%           x.2.2 D 1080649 1080648     87
 1089282 838588      301.4343    43      305.6221      296.8036  5565723    2.89%          x.8.27 D 1089282 1089281     47
 1097709 844989      302.8398    46      305.6221      296.8132  5606061    2.88%          x.2.22 D 1097709 1097708     34
 1106276 851392      300.6097    48      305.6221      296.8228  5647730    2.88%         x.39.22 D 1106276 1106275     45
 1114891 858111      298.8671    60      305.6221      296.8308  5687979    2.88%          x.11.7 D 1114891 1114890     32
Elapsed time = 510.32 sec. (473444.95 ticks, tree = 2405.01 MB, solutions = 18)
Nodefile size = 357.69 MB (178.99 MB after compression)
 1123190 864526      303.7361    48      305.6221      296.8398  5727561    2.87%          x.9.18 U 1123190 1123189     53
 1131760 871144      298.6981    46      305.6221      296.8478  5768749    2.87%          x.17.7 D 1131760 1131759     30
 1140536 877962        cutoff            305.6221      296.8577  5810109    2.87%         x.20.12 D 1140536 1140535    124
 1148977 884389      299.3175    52      305.6221      296.8655  5851262    2.87%         x.39.10 D 1148977 1148976     34
 1157766 891192      301.0331    43      305.6221      296.8736  5892497    2.86%         x.22.15 D 1157766 1157765     67
 1166184 897665      300.5546    56      305.6221      296.8818  5933414    2.86%          x.39.7 D 1166184 1166183     30
 1174690 904110      303.8548    48      305.6221      296.8911  5974741    2.86%          x.9.13 D 1174690 1174689     57
 1183380 910782      303.2286    37      305.6221      296.9001  6016852    2.85%          x.5.30 D 1183380 1183379     71
 1191776 917350      297.4395    49      305.6221      296.9082  6057447    2.85%         x.39.10 D 1191776 1191775     34
 1200364 923895      302.4651    44      305.6221      296.9167  6098420    2.85%         x.11.27 D 1200364 1200363     50
Elapsed time = 571.87 sec. (511596.12 ticks, tree = 2582.32 MB, solutions = 18)
Nodefile size = 534.59 MB (264.25 MB after compression)
 1208830 930348      303.4925    47      305.6221      296.9248  6139357    2.85%          x.17.7 D 1208830 1208829     30
 1217560 937180      298.6753    53      305.6221      296.9322  6180215    2.84%          x.6.10 D 1217560 1217559     56
 1226127 943651      301.6513    46      305.6221      296.9401  6221602    2.84%          x.6.10 D 1226127 1226126     72
 1234892 950254      301.0615    42      305.6221      296.9488  6263935    2.84%         x.35.10 D 1234892 1234891     59
 1243330 956718      299.9605    49      305.6221      296.9559  6304367    2.84%          x.5.20 D 1243330 1243329     46
 1251909 963302      299.4454    51      305.6221      296.9638  6345112    2.83%         x.31.22 D 1251909 1251908     79
 1260313 969670      304.0538    47      305.6221      296.9719  6384750    2.83%          x.6.39 D 1260313 1260312     70
 1268710 976109      302.7863    43      305.6221      296.9790  6425062    2.83%         x.30.12 D 1268710 1268709     58
 1276852 982288      297.3913    49      305.6221      296.9861  6465720    2.83%          x.16.7 U 1276852 619550     16
 1285097 988614      300.5116    54      305.6221      296.9925  6506022    2.82%         x.39.10 D 1285097 1285096     70
Elapsed time = 633.78 sec. (549799.43 ticks, tree = 2756.74 MB, solutions = 18)
Nodefile size = 709.49 MB (346.44 MB after compression)
 1293523 995189      300.7372    47      305.6221      296.9993  6545215    2.82%         x.37.10 D 1293523 1293522     49
 1302228 1001926      299.3288    56      305.6221      297.0076  6586487    2.82%          x.22.7 D 1302228 1302227     26
 1310939 1008657      298.2161    52      305.6221      297.0148  6628706    2.82%         x.39.22 D 1310939 1310938     52
 1319452 1015213      302.7759    60      305.6221      297.0213  6670142    2.81%          x.6.23 U 1319452 1319451     44
 1328030 1021680      303.2546    42      305.6221      297.0286  6712517    2.81%          x.36.4 U 1328030 1328028     57
 1336400 1027991      297.0363    52      305.6221      297.0362  6754153    2.81%          x.5.25 D 1336400 1075383     30
 1344726 1034206      297.8052    56      305.6221      297.0442  6795357    2.81%         x.39.10 D 1344726 1344725     36
 1353300 1040676      302.4907    39      305.6221      297.0513  6837756    2.80%         x.22.15 D 1353300 1353299     42
 1361456 1046942      300.4226    48      305.6221      297.0575  6876613    2.80%          x.30.0 D 1361456 1361455     52
 1369806 1053359      297.4975    57      305.6221      297.0641  6915299    2.80%          x.3.10 D 1369806  33962     45
Elapsed time = 696.26 sec. (587967.45 ticks, tree = 2931.26 MB, solutions = 18)
Nodefile size = 883.38 MB (426.53 MB after compression)
 1378370 1059942      305.6108    48      305.6221      297.0710  6955848    2.80%          x.9.18 U 1378370 1378368     66
 1386716 1066275        cutoff            305.6221      297.0776  6995210    2.80%          x.0.21 D 1386716 1386715     50
 1395169 1072683      303.6321    53      305.6221      297.0852  7036641    2.79%         x.39.10 U 1395169 1395167     56
 1403587 1079062      300.4178    54      305.6221      297.0910  7077183    2.79%         x.39.10 D 1403587 1403586     39
 1411966 1085447      299.4370    59      305.6221      297.0973  7116237    2.79%         x.21.14 D 1411966 1411965     52
 1420495 1091917      300.9139    47      305.6221      297.1051  7158625    2.79%         x.12.38 D 1420495 1420494     43
 1428924 1098467      305.3806    35      305.6221      297.1112  7199315    2.78%         x.22.15 D 1428924 1428923     45
 1437470 1105120      300.8795    53      305.6221      297.1175  7239777    2.78%         x.28.10 D 1437470 1437469     36
 1445990 1111629      304.7048    38      305.6221      297.1242  7280582    2.78%           x.2.9 D 1445990 1445989     89
 1454583 1118198      300.4289    50      305.6221      297.1309  7320907    2.78%          x.5.25 U 1454583 1454582     40
Elapsed time = 759.59 sec. (626155.86 ticks, tree = 3106.02 MB, solutions = 18)
Nodefile size = 1058.28 MB (505.04 MB after compression)
 1463051 1124684      300.0578    53      305.6221      297.1369  7360637    2.78%          x.3.10 D 1463051 1463050     47
 1471805 1131429      304.7800    41      305.6221      297.1436  7402527    2.77%         x.35.13 U 1471805 1471804     61
 1480546 1138176      301.5364    59      305.6221      297.1497  7443421    2.77%         x.37.10 D 1480546 1480545     43
 1488941 1144507      304.8662    29      305.6221      297.1557  7484302    2.77%          x.0.37 U 1488941 1488940     95
 1497584 1151183      301.7485    51      305.6221      297.1620  7524969    2.77%         x.39.10 D 1497584 1497583     51
 1506121 1157813      303.8526    51      305.6221      297.1676  7564769    2.77%         x.37.10 D 1506121 1506120     48
 1514511 1164311      304.1527    42      305.6221      297.1729  7604328    2.76%         x.16.22 D 1514511 1514510     69
 1523010 1170844      302.7321    45      305.6221      297.1792  7645205    2.76%         x.11.27 D 1523010 1523009     65
 1531339 1177250      303.3793    40      305.6221      297.1853  7685265    2.76%           x.2.9 D 1531339 1531338     62
 1539706 1183646      304.2622    44      305.6221      297.1918  7725086    2.76%         x.11.27 D 1539706 1539705     48
Elapsed time = 823.57 sec. (664339.82 ticks, tree = 3282.41 MB, solutions = 18)
Nodefile size = 1235.18 MB (582.85 MB after compression)
 1548294 1190262      303.1367    38      305.6221      297.1969  7765881    2.76%          x.6.27 D 1548294 1548293     66
 1556682 1196733      302.0314    43      305.6221      297.2020  7805452    2.76%         x.11.27 D 1556682 1556681     65
 1565074 1203194        cutoff            305.6221      297.2074  7844312    2.75%          x.9.18 D 1565074 1565071     48
 1573521 1209660      297.2196    63      305.6221      297.2134  7884705    2.75%          x.5.16 D 1573521 1573520     43
 1582015 1216246      301.4488    40      305.6221      297.2182  7924204    2.75%          x.22.6 D 1582015 1582014     76
 1590216 1222669      302.6568    40      305.6221      297.2231  7962934    2.75%          x.4.13 D 1590216 1590215     59
 1598746 1229290      300.9700    49      305.6221      297.2292  8003074    2.75%          x.26.4 D 1598746 1598745     57
 1607200 1235673      302.6068    37      305.6221      297.2349  8043652    2.74%          x.36.4 D 1607200 1607198     39
 1615533 1242096      298.3740    44      305.6221      297.2408  8084172    2.74%         x.37.10 D 1615533 1615532     32
 1623738 1248380      303.5697    42      305.6221      297.2464  8124332    2.74%          x.6.39 D 1623738 1623737     70
Elapsed time = 887.22 sec. (702490.37 ticks, tree = 3456.88 MB, solutions = 18)
Nodefile size = 1409.08 MB (657.63 MB after compression)
 1632128 1254679      298.6843    50      305.6221      297.2518  8164591    2.74%         x.28.25 D 1632128 1632127     59
 1640817 1261431      302.6956    48      305.6221      297.2576  8203729    2.74%         x.30.25 D 1640817 1640816     42
 1649146 1267853      302.7549    58      305.6221      297.2625  8243658    2.74%         x.16.10 D 1649146 1649145     41
 1657408 1274226      297.3741    51      305.6221      297.2677  8282663    2.73%         x.10.25 D 1657408 1043574     38
 1665692 1280730      302.8095    47      305.6221      297.2721  8321453    2.73%          x.30.0 D 1665692 1665690     55
 1674241 1287308      304.6577    48      305.6221      297.2770  8362226    2.73%          x.0.37 U 1674241 1674240     88
 1682612 1293816      304.4984    46      305.6221      297.2825  8401201    2.73%          x.0.21 U 1682612 1682611     72
 1691097 1300367      302.5305    41      305.6221      297.2876  8441286    2.73%          x.28.7 D 1691097 1691096     85
 1699840 1307206      305.3490    34      305.6221      297.2929  8482264    2.73%         x.11.27 D 1699840 1699839     47
 1708350 1313840      299.4002    49      305.6221      297.2979  8521870    2.72%         x.37.10 D 1708350 1708349     49
Elapsed time = 951.97 sec. (740706.72 ticks, tree = 3633.29 MB, solutions = 18)
Nodefile size = 1585.97 MB (732.13 MB after compression)
 1716902 1320358      304.8963    37      305.6221      297.3033  8562558    2.72%         x.27.33 D 1716902 1716901     80
 1725194 1326713      298.8180    53      305.6221      297.3082  8601484    2.72%         x.30.10 D 1725194 1725192     40
 1733866 1333372      299.4083    56      305.6221      297.3137  8642110    2.72%         x.39.10 D 1733866 1733865     36
 1742482 1340013      299.2283    54      305.6221      297.3186  8681807    2.72%          x.11.7 D 1742482 1742481     30
 1750884 1346524      297.4632    51      305.6221      297.3234  8721257    2.72%           x.5.8 D 1750884 1750883     46
 1759540 1353270      302.7542    47      305.6221      297.3285  8762407    2.71%         x.39.22 D 1759540 1759539     57
 1767928 1359699      304.8878    40      305.6221      297.3331  8802532    2.71%         x.23.24 U 1767928 1767927     46
 1776528 1366385      302.2861    49      305.6221      297.3383  8842893    2.71%         x.22.35 D 1776528 1776527     51
 1784867 1372675      304.5986    38      305.6221      297.3432  8882382    2.71%          x.22.3 D 1784867 1784866     55
 1793710 1379609      300.1049    44      305.6221      297.3473  8922322    2.71%          x.29.3 U 1793710 1793709     53
Elapsed time = 1017.22 sec. (778918.15 ticks, tree = 3810.54 MB, solutions = 18)
Nodefile size = 1762.85 MB (805.23 MB after compression)
 1802131 1386071      301.9171    41      305.6221      297.3513  8962041    2.71%         x.39.22 D 1802131 1802130     40
 1810730 1392729      300.6977    50      305.6221      297.3559  9002331    2.70%           x.6.4 D 1810730 1810729     76
 1819028 1399005      299.7843    50      305.6221      297.3610  9041265    2.70%          x.3.10 D 1819028 1819027     38
 1827487 1405406      302.3608    37      305.6221      297.3663  9081053    2.70%         x.12.29 U 1827487 1827486     43
 1835615 1411623      298.7866    57      305.6221      297.3708  9120311    2.70%          x.17.7 D 1835615 1835614     29
 1844000 1418038      302.6162    51      305.6221      297.3761  9160115    2.70%          x.32.7 D 1844000 1843999     31
 1852489 1424535      305.1950    33      305.6221      297.3806  9201091    2.70%         x.28.19 D 1852489 1852488     79
 1860356 1430575        cutoff            305.6221      297.3848  9239597    2.70%         x.39.22 U 1860356 1860354     39
 1868591 1436860      302.2051    46      305.6221      297.3893  9279044    2.69%          x.29.3 U 1868591 1868590     58
 1876797 1443078      302.6415    53      305.6221      297.3939  9319271    2.69%           x.8.4 D 1876797 1876796     75
Elapsed time = 1081.31 sec. (817091.82 ticks, tree = 3981.61 MB, solutions = 18)
Nodefile size = 1933.76 MB (875.55 MB after compression)
 1885069 1449440      302.1600    50      305.6221      297.3982  9359016    2.69%          x.39.7 D 1885069 1885068     30
 1893501 1455915      300.9582    48      305.6221      297.4028  9400274    2.69%          x.6.39 D 1893501 1893500     54
 1902006 1462420      304.5228    41      305.6221      297.4073  9440602    2.69%          x.9.25 D 1902006 1902005     91
 1910801 1469349      303.4906    45      305.6221      297.4114  9480582    2.69%          x.9.22 D 1910801 1910800     52
 1919273 1475914      302.7365    56      305.6221      297.4159  9521784    2.69%         x.30.36 D 1919273 1919272     59
 1927701 1482334      305.2102    41      305.6221      297.4202  9562780    2.68%         x.18.13 D 1927701 1927700     61
 1935872 1488633      302.7992    36      305.6221      297.4243  9601901    2.68%         x.16.37 U 1935872 1935871     62
 1944263 1494963      304.7994    37      305.6221      297.4288  9642061    2.68%         x.22.38 D 1944263 1944262     64
 1952272 1501139      298.9614    51      305.6221      297.4328  9679254    2.68%         x.39.10 D 1952272 1952271     34
 1960635 1507526      303.1965    37      305.6221      297.4367  9719227    2.68%         x.34.25 D 1960635 1960634     78
Elapsed time = 1146.34 sec. (855306.17 ticks, tree = 4155.29 MB, solutions = 18)
Nodefile size = 2107.67 MB (946.56 MB after compression)
 1968926 1513918      298.7751    53      305.6221      297.4409  9758815    2.68%         x.11.10 D 1968926 1968925     37
 1977250 1520247      299.0694    46      305.6221      297.4452  9799011    2.68%         x.11.10 U 1977250 1441272     32
 1985433 1526576      299.5388    47      305.6221      297.4493  9837666    2.67%         x.27.10 D 1985433 1985432     41
 1993855 1532981      300.4618    49      305.6221      297.4544  9877636    2.67%          x.39.7 D 1993855 1993853     51
 2002384 1539571      301.9781    48      305.6221      297.4583  9916397    2.67%         x.19.11 U 2002384 2002383     80
 2010588 1545704      301.1038    38      305.6221      297.4628  9956103    2.67%         x.16.29 U 2010588 2010587     50
 2018680 1551833      304.1278    44      305.6221      297.4668  9995299    2.67%         x.11.27 D 2018680 2018679     85
 2027104 1558306      304.5742    41      305.6221      297.4711 10033991    2.67%           x.6.5 D 2027104 2027103     69
 2035650 1564871      301.8299    54      305.6221      297.4757 10074182    2.67%          x.6.39 D 2035650 2035649     56
 2044120 1571445      304.5565    42      305.6221      297.4801 10114160    2.66%           x.6.4 D 2044120 2044119     64
Elapsed time = 1211.36 sec. (893467.29 ticks, tree = 4327.55 MB, solutions = 18)
Nodefile size = 2279.56 MB (1015.01 MB after compression)
 2052828 1578078      297.7591    52      305.6221      297.4842 10155920    2.66%         x.30.33 D 2052828 2052827     56
 2061328 1584613      299.5498    55      305.6221      297.4884 10196231    2.66%         x.37.10 D 2061328 2061327     56
 2070018 1591164      305.2343    44      305.6221      297.4929 10237279    2.66%          x.36.4 D 2070018 2070017     64
 2078546 1597632      299.5615    51      305.6221      297.4967 10277236    2.66%         x.16.10 D 2078546 2078545     52
 2087028 1604183      302.1033    45      305.6221      297.5010 10316881    2.66%         x.19.20 D 2087028 2087027     45
 2095205 1610443      302.0198    46      305.6221      297.5047 10354867    2.66%           x.6.4 D 2095205 2095204     36
 2103600 1616890      300.2267    43      305.6221      297.5080 10394264    2.65%         x.39.22 D 2103600 2103599     40
 2112187 1623349      303.9004    45      305.6221      297.5120 10435774    2.65%          x.6.14 D 2112187 2112186     69
 2120581 1629773      302.8081    44      305.6221      297.5161 10474788    2.65%         x.19.11 U 2120581 2120580     59
 2129060 1636373      302.8499    42      305.6221      297.5200 10514504    2.65%           x.6.3 D 2129060 2129059     75
Elapsed time = 1277.57 sec. (931645.98 ticks, tree = 4502.53 MB, solutions = 18)
Nodefile size = 2455.43 MB (1083.66 MB after compression)
 2137578 1642878      300.2404    56      305.6221      297.5235 10554577    2.65%          x.2.22 N 2137578 2137577     34
 2146140 1649397      303.0044    49      305.6221      297.5271 10594550    2.65%         x.27.23 U 2146140 2146139     40
 2154760 1655993      305.3757    48      305.6221      297.5308 10634793    2.65%          x.29.3 U 2154760 2154758     65
 2163201 1662417      301.1800    47      305.6221      297.5346 10675247    2.65%         x.19.20 D 2163201 2163200     54
 2171420 1668723      301.4368    37      305.6221      297.5383 10713939    2.65%         x.26.27 D 2171420 2171419     44
 2179917 1675196      303.6194    51      305.6221      297.5420 10754257    2.64%         x.26.25 U 2179917 2179916     57
 2188397 1681675      304.8473    43      305.6221      297.5456 10794049    2.64%          x.2.33 D 2188397 2188396     82
 2196869 1688205      300.9409    40      305.6221      297.5495 10835678    2.64%         x.27.25 U 2196869 2196868     29
 2205231 1694570      300.2434    47      305.6221      297.5531 10875469    2.64%         x.22.33 D 2205231 2205230     85
 2213619 1700844      302.3123    51      305.6221      297.5571 10915435    2.64%         x.16.10 U 2213619 2213617     38
Elapsed time = 1343.40 sec. (969851.74 ticks, tree = 4676.29 MB, solutions = 18)
Nodefile size = 2629.31 MB (1150.78 MB after compression)
 2222293 1707445      300.5110    55      305.6221      297.5613 10957185    2.64%          x.2.22 D 2222293 2222292     27
 2230816 1713891      303.0576    43      305.6221      297.5651 10998050    2.64%         x.30.36 D 2230816 2230815     52
 2239195 1720265      299.7683    41      305.6221      297.5690 11038395    2.63%         x.39.10 N 2239195 2239194     37
 2247568 1726674      302.3534    42      305.6221      297.5723 11078628    2.63%          x.30.2 D 2247568 2247567     86
 2255940 1733055      302.8659    39      305.6221      297.5762 11118736    2.63%         x.33.13 U 2255940 2255939     45
 2264344 1739440      297.5796    52      305.6221      297.5796 11159855    2.63%          x.5.14 D 2264344 2264343     42
 2272902 1745924      304.2733    44      305.6221      297.5836 11200423    2.63%         x.20.25 U 2272902 2272899     59
 2281353 1752252      302.5084    49      305.6221      297.5870 11242079    2.63%         x.27.23 U 2281353 2281352     63
 2289638 1758507      299.5583    46      305.6221      297.5907 11281660    2.63%         x.28.10 D 2289638 2289637     56
 2298081 1764968      301.5769    48      305.6221      297.5941 11322230    2.63%          x.22.4 D 2298081 2298080     66
Elapsed time = 1409.40 sec. (1008029.36 ticks, tree = 4849.13 MB, solutions = 18)
Nodefile size = 2802.16 MB (1217.33 MB after compression)
 2306430 1771423      298.7852    53      305.6221      297.5977 11362105    2.63%          x.21.0 U 2306430 897629     35
 2314876 1777756      304.7506    41      305.6221      297.6010 11404437    2.62%          x.29.3 U 2314876 2314875     82
 2323255 1784086      303.8104    38      305.6221      297.6048 11444263    2.62%          x.2.33 D 2323255 2323254    101
 2331405 1790179      303.8979    41      305.6221      297.6082 11484413    2.62%         x.32.38 D 2331405 2331404     73
 2339525 1796236      303.8418    43      305.6221      297.6116 11524808    2.62%          x.36.4 D 2339525 2339524     81
 2347876 1802419      304.4791    33      305.6221      297.6154 11566398    2.62%         x.29.33 D 2347876 2347875     85
 2356347 1808724      301.1742    51      305.6221      297.6189 11607734    2.62%          x.21.0 U 2356347 2356345     61
 2364832 1815162      303.6004    40      305.6221      297.6224 11648655    2.62%         x.28.30 D 2364832 2364831     91
 2373319 1821629      303.0811    43      305.6221      297.6256 11689000    2.62%          x.9.22 D 2373319 2373318     54
 2381277 1827484      299.0045    53      305.6221      297.6292 11729423    2.62%         x.30.25 D 2381277 2381276     43
Elapsed time = 1474.69 sec. (1046177.85 ticks, tree = 5017.66 MB, solutions = 18)
Nodefile size = 2970.02 MB (1281.89 MB after compression)
 2389826 1833914      299.2404    55      305.6221      297.6330 11771210    2.61%           x.5.9 D 2389826 2389825     50
 2398468 1840455      298.7982    53      305.6221      297.6365 11812962    2.61%         x.11.10 D 2398468 2398467     36
 2407130 1847046      297.9373    58      305.6221      297.6399 11854205    2.61%         x.39.10 U 2407130 1596615     28
 2415456 1853317      298.6052    42      305.6221      297.6433 11895161    2.61%         x.28.10 D 2415456 2415455     31
 2424061 1859782      299.9347    52      305.6221      297.6469 11936546    2.61%         x.27.25 U 2424061 2424059     45
 2432544 1866170      303.5340    49      305.6221      297.6500 11976169    2.61%          x.3.22 U 2432544 2432542     58
 2440982 1872432      304.2916    38      305.6221      297.6540 12017135    2.61%         x.11.27 D 2440982 2440981     71
 2449141 1878560      304.5153    47      305.6221      297.6575 12056602    2.61%         x.22.15 D 2449141 2449140     50
 2457573 1884902      300.8704    48      305.6221      297.6611 12097310    2.60%         x.39.10 D 2457573 2457572     50
 2466000 1891238      298.3025    56      305.6221      297.6647 12137937    2.60%          x.23.7 D 2466000 2465999     26
Elapsed time = 1541.23 sec. (1084375.72 ticks, tree = 5189.52 MB, solutions = 18)
Nodefile size = 3141.85 MB (1346.31 MB after compression)
 2474323 1897558        cutoff            305.6221      297.6680 12177004    2.60%          x.4.13 U 2474323 2474321     69
 2482562 1903723      302.4436    42      305.6221      297.6711 12217255    2.60%          x.36.4 D 2482562 2482561     74
 2491172 1910257      302.9565    40      305.6221      297.6743 12257889    2.60%          x.2.33 D 2491172 2491171     73
 2499342 1916445      301.2752    55      305.6221      297.6778 12298554    2.60%         x.14.25 U 2499342 2499340     58
 2507804 1922860      299.7202    53      305.6221      297.6809 12338110    2.60%           x.7.7 D 2507804 2507803     28
 2516100 1929165      303.5512    43      305.6221      297.6840 12377717    2.60%          x.17.4 U 2516100 2516098     53
 2524570 1935550      303.7488    37      305.6221      297.6873 12417471    2.60%         x.35.13 D 2524570 2524568     48
 2533022 1942016      304.1155    47      305.6221      297.6905 12457651    2.60%         x.17.31 U 2533022 2533021     51
 2541438 1948443      298.8386    55      305.6221      297.6938 12497126    2.59%          x.9.22 D 2541438 2541437     50
 2550083 1954991      303.1234    41      305.6221      297.6971 12538176    2.59%          x.2.20 D 2550083 2550082     63
Elapsed time = 1607.53 sec. (1122629.65 ticks, tree = 5361.36 MB, solutions = 18)
Nodefile size = 3313.69 MB (1410.40 MB after compression)
 2558390 1961337      302.8235    38      305.6221      297.7005 12577184    2.59%         x.17.31 U 2558390 2558389     59
 2566913 1967761      298.9790    49      305.6221      297.7038 12617373    2.59%         x.35.10 D 2566913 2566912     53
 2575578 1974298      301.8388    42      305.6221      297.7070 12659914    2.59%          x.28.7 D 2575578 2575577    105
 2584180 1980761      302.7619    35      305.6221      297.7101 12701631    2.59%           x.8.4 D 2584180 2584179     61
 2592655 1987186        cutoff            305.6221      297.7130 12743568    2.59%         x.11.10 U 2592655 2592653     40
 2601046 1993459      302.1066    49      305.6221      297.7163 12784580    2.59%         x.13.25 D 2601046 2601045     51
 2609260 1999586      302.1766    48      305.6221      297.7190 12823666    2.59%         x.35.10 D 2609260 2609259     44
 2617820 2005977      304.1840    39      305.6221      297.7218 12863688    2.58%          x.8.27 D 2617820 2617819     57
 2626296 2012184      300.0432    51      305.6221      297.7251 12904873    2.58%         x.13.25 N 2626296 2626295     28
 2634736 2018501      305.3041    36      305.6221      297.7283 12946075    2.58%          x.17.4 D 2634736 2634735     67
Elapsed time = 1674.34 sec. (1160784.63 ticks, tree = 5532.54 MB, solutions = 18)
Nodefile size = 3485.53 MB (1473.87 MB after compression)
 2642910 2024643      302.0220    39      305.6221      297.7315 12986845    2.58%          x.6.39 D 2642910 2642909     59
 2651447 2031040      303.9698    45      305.6221      297.7345 13028476    2.58%         x.33.13 D 2651447 2651445     67
 2660020 2037486      297.9541    53      305.6221      297.7376 13070853    2.58%         x.12.13 D 2660020 2660019     48
 2668375 2043686      298.7956    53      305.6221      297.7408 13112251    2.58%          x.5.14 D 2668375 2668374     48
 2676707 2050041      303.3557    38      305.6221      297.7434 13152444    2.58%           x.6.5 D 2676707 2676705     55
 2685308 2056518      302.9479    55      305.6221      297.7466 13195317    2.58%         x.10.29 D 2685308 2685306     48
 2693600 2062742      301.2618    45      305.6221      297.7497 13235991    2.58%         x.24.25 D 2693600 2693599     64
 2701847 2068930      303.2358    53      305.6221      297.7528 13276583    2.57%         x.27.25 D 2701847 2701845     56
 2710113 2075188      299.2932    44      305.6221      297.7560 13315594    2.57%          x.2.22 D 2710113 2710112     35
 2718633 2081557      301.7841    47      305.6221      297.7591 13356561    2.57%         x.11.10 D 2718633 2718632     39
Elapsed time = 1740.72 sec. (1198968.38 ticks, tree = 5702.50 MB, solutions = 18)
Nodefile size = 3655.33 MB (1536.84 MB after compression)
 2727020 2087806      304.4755    28      305.6221      297.7625 13398312    2.57%          x.4.13 D 2727020 2727019     83
 2735620 2094108      298.2426    57      305.6221      297.7659 13441379    2.57%         x.16.10 D 2735620 2735619     44
 2744171 2100443      300.0027    46      305.6221      297.7689 13483548    2.57%         x.39.22 U 2744171 2744169     50
 2752516 2106690      298.5386    47      305.6221      297.7722 13523988    2.57%         x.11.10 D 2752516 2752515     53
 2760950 2113013      303.1445    43      305.6221      297.7749 13563829    2.57%          x.26.4 D 2760950 2760949     53
 2769510 2119491      301.0153    48      305.6221      297.7777 13603041    2.57%          x.5.38 D 2769510 2769509     39
 2778152 2125975      305.2117    31      305.6221      297.7805 13644401    2.57%         x.32.38 N 2778152 2778151     66
 2786541 2132276      304.3397    47      305.6221      297.7835 13685822    2.56%         x.12.25 U 2786541 2786539     56
 2795030 2138628      302.0119    34      305.6221      297.7865 13727489    2.56%          x.30.0 D 2795030 2795029     61
 2803296 2144813      298.6575    52      305.6221      297.7892 13768298    2.56%          x.3.10 D 2803296 2803295     30
Elapsed time = 1807.48 sec. (1237148.40 ticks, tree = 5873.03 MB, solutions = 18)
Nodefile size = 3825.18 MB (1599.24 MB after compression)
 2811918 2151237      303.8940    30      305.6221      297.7922 13811797    2.56%         x.27.17 D 2811918 2811917     57
 2820326 2157430      305.1867    50      305.6221      297.7950 13853304    2.56%          x.6.10 D 2820326 2820325     52
 2828711 2163645      301.8716    37      305.6221      297.7978 13895015    2.56%         x.28.19 D 2828711 2828710     76
 2836868 2169713      302.9524    48      305.6221      297.8008 13934767    2.56%         x.30.26 U 2836868 2836867     50
 2845366 2175993      298.0742    52      305.6221      297.8037 13975942    2.56%          x.30.0 U 2845366 1383461     38
 2853850 2182322      298.1208    48      305.6221      297.8066 14017142    2.56%          x.5.26 U 2853850 177978     26
 2862191 2188601      301.5114    46      305.6221      297.8095 14057846    2.56%           x.6.4 D 2862191 2862190     64
 2870650 2194959      301.6415    46      305.6221      297.8121 14099674    2.56%         x.31.22 D 2870650 2870649     38
 2878942 2201250      302.0492    32      305.6221      297.8151 14140183    2.55%          x.6.16 D 2878942 2878941     81
 2887050 2207340      302.8759    44      305.6221      297.8180 14180508    2.55%         x.10.29 U 2887050 2887049     44
Elapsed time = 1873.97 sec. (1275297.46 ticks, tree = 6041.58 MB, solutions = 18)
Nodefile size = 3993.97 MB (1661.32 MB after compression)
 2895297 2213467      300.7323    55      305.6221      297.8214 14220989    2.55%         x.16.10 D 2895297 2895296     49
 2903320 2219427      301.0704    48      305.6221      297.8242 14261758    2.55%         x.19.14 D 2903320 2903319     71
 2911829 2225766      302.5948    38      305.6221      297.8271 14303137    2.55%          x.13.5 U 2911829 2911828     79
 2920073 2231866      299.4545    53      305.6221      297.8298 14342995    2.55%         x.11.10 N 2920073 1973227     34
 2928570 2238287      301.5626    37      305.6221      297.8328 14384741    2.55%          x.30.7 D 2928570 2928569     49
 2937240 2244738      299.5034    49      305.6221      297.8360 14426957    2.55%         x.27.10 D 2937240 2937239     35
 2945700 2251080      302.2199    48      305.6221      297.8387 14468010    2.55%         x.27.23 U 2945700 2945699     51
 2954276 2257509      304.3450    31      305.6221      297.8412 14508789    2.55%         x.19.11 U 2954276 2954275     63
 2962910 2263967      299.3054    49      305.6221      297.8441 14550149    2.54%          x.30.8 D 2962910 2962909     31
 2971483 2270450      304.1877    43      305.6221      297.8467 14591415    2.54%          x.6.39 D 2971483 2971482     47
Elapsed time = 1941.09 sec. (1313451.76 ticks, tree = 6211.71 MB, solutions = 18)
Nodefile size = 4163.78 MB (1722.70 MB after compression)
 2979691 2276608      299.1526    55      305.6221      297.8492 14631190    2.54%         x.39.10 D 2979691 2979690     54
 2987977 2282809      299.6169    49      305.6221      297.8518 14672329    2.54%          x.9.22 D 2987977 2987976     53
 2996296 2288963      299.0371    46      305.6221      297.8543 14713841    2.54%         x.35.10 D 2996296 2996295     49
 3004441 2295091      301.6241    49      305.6221      297.8570 14752806    2.54%         x.32.38 D 3004441 3004440     49
 3012659 2301251      304.1896    43      305.6221      297.8593 14791056    2.54%         x.16.29 U 3012659 3012658     41
 3021250 2307588      300.0292    53      305.6221      297.8621 14832841    2.54%          x.5.20 D 3021250 3021249     49
 3029802 2314033      299.8764    52      305.6221      297.8646 14873764    2.54%          x.8.13 D 3029802 3029801     55
 3037967 2320246      305.1414    53      305.6221      297.8668 14912423    2.54%         x.26.25 U 3037967 3037966     51
 3046200 2326425      298.8560    49      305.6221      297.8695 14952944    2.54%          x.12.7 D 3046200 3046199     30
 3054383 2332547      302.8803    55      305.6221      297.8719 14992111    2.54%         x.27.25 U 3054383 3054382     55
Elapsed time = 2007.74 sec. (1351601.50 ticks, tree = 6379.07 MB, solutions = 18)
Nodefile size = 4331.62 MB (1783.04 MB after compression)
 3062680 2338699      305.3062    41      305.6221      297.8745 15032828    2.54%          x.27.0 U 3062680 3062678     84
 3071104 2345003      301.0717    46      305.6221      297.8770 15073500    2.53%         x.23.27 D 3071104 3071103     49
 3079440 2351288      302.1302    39      305.6221      297.8797 15113124    2.53%         x.31.22 D 3079440 3079438     67
 3087909 2357550      299.2579    46      305.6221      297.8825 15154223    2.53%         x.10.29 U 3087909 3087908     43
 3096200 2363801      299.1575    46      305.6221      297.8846 15193574    2.53%         x.23.24 U 3096200 3096199     60
 3104566 2370173        cutoff            305.6221      297.8871 15232158    2.53%          x.26.4 U 3104566 3104564     54
 3112883 2376293      298.8575    44      305.6221      297.8897 15272481    2.53%          x.21.9 U 3112883 3112880     38
 3121408 2382776      303.3012    49      305.6221      297.8922 15311887    2.53%           x.8.4 D 3121408 3121407     51
 3129568 2388910      298.2396    54      305.6221      297.8946 15350472    2.53%          x.30.0 U 3129568 2257585     47
 3137920 2395286      302.6361    40      305.6221      297.8972 15389851    2.53%         x.18.38 D 3137920 3137919     53
Elapsed time = 2081.37 sec. (1389792.08 ticks, tree = 6548.18 MB, solutions = 18)
Nodefile size = 4500.45 MB (1842.88 MB after compression)
 3146075 2401336      300.1040    52      305.6221      297.8999 15429433    2.53%          x.6.10 D 3146075 3146074     54
 3154644 2407752      302.9892    43      305.6221      297.9027 15469980    2.53%          x.0.21 N 3154644 3154643     59
 3163298 2414304      298.1695    53      305.6221      297.9050 15511198    2.53%          x.5.26 U 3163298 404106     22
 3171730 2420668      301.7970    33      305.6221      297.9075 15551205    2.52%          x.6.27 D 3171730 3171729     41
 3180398 2427133      300.6784    52      305.6221      297.9099 15592554    2.52%         x.11.10 D 3180398 3180397     31
 3188696 2433239      301.7914    47      305.6221      297.9122 15633292    2.52%          x.6.14 D 3188696 3188695     78
 3196978 2439478      304.1686    39      305.6221      297.9146 15673829    2.52%           x.2.2 D 3196978 3196977     60
 3205450 2445758      304.9612    34      305.6221      297.9170 15714662    2.52%          x.6.30 D 3205450 3205449    105
 3214152 2452203      298.3068    44      305.6221      297.9193 15757373    2.52%         x.18.38 D 3214152 3214151     58
 3222271 2458437      298.2754    59      305.6221      297.9220 15795974    2.52%         x.27.10 D 3222271 3222270     48
Elapsed time = 2148.29 sec. (1427940.56 ticks, tree = 6718.38 MB, solutions = 18)
Nodefile size = 4671.27 MB (1903.32 MB after compression)
 3230721 2464669      300.6581    44      305.6221      297.9244 15836347    2.52%         x.32.38 D 3230721 3230720     62
 3239243 2471017      303.7595    49      305.6221      297.9273 15877716    2.52%         x.30.33 D 3239243 3239242     70
 3247578 2477323      299.2388    43      305.6221      297.9298 15917379    2.52%         x.11.10 D 3247578 3247577     46
 3255980 2483594      299.2294    47      305.6221      297.9323 15959444    2.52%         x.11.27 N 3255980 1585003     35
 3264475 2489964      299.5640    49      305.6221      297.9345 16000340    2.52%         x.21.14 D 3264475 3264474     37
 3272800 2496244      304.6505    42      305.6221      297.9367 16040784    2.51%         x.39.22 D 3272800 3272799     68
 3280747 2502128      298.4706    45      305.6221      297.9390 16079449    2.51%         x.11.10 D 3280747 3280746     49
 3289148 2508422      301.9064    46      305.6221      297.9416 16120383    2.51%          x.6.10 D 3289148 3289147     63
 3297564 2514711      303.8463    52      305.6221      297.9440 16162159    2.51%         x.16.10 D 3297564 3297563     31
 3306075 2521006      302.1976    48      305.6221      297.9465 16204268    2.51%          x.29.3 U 3306075 3306074     82
Elapsed time = 2214.35 sec. (1466111.82 ticks, tree = 6887.05 MB, solutions = 18)
Nodefile size = 4840.07 MB (1963.08 MB after compression)
 3314403 2527208      305.0073    40      305.6221      297.9491 16244626    2.51%         x.19.11 D 3314403 3314401     61
 3323100 2533692      303.8301    42      305.6221      297.9516 16287193    2.51%          x.26.4 D 3323100 3323099     49
 3331427 2539818      302.7310    48      305.6221      297.9542 16328198    2.51%         x.33.13 U 3331427 3331426     58
 3339794 2546009      299.2678    47      305.6221      297.9569 16368929    2.51%          x.21.9 D 3339794 3339793     46
 3348017 2552002      300.4922    42      305.6221      297.9592 16409102    2.51%           x.6.4 D 3348017 3348016     33
 3356160 2557994      302.4025    46      305.6221      297.9616 16449436    2.51%         x.26.25 U 3356160 3356159     54
 3364448 2564048      301.2083    51      305.6221      297.9644 16491316    2.51%         x.39.10 D 3364448 3364447     32
 3372710 2570200      302.1988    50      305.6221      297.9665 16532603    2.50%         x.31.22 D 3372710 3372709     51
 3381179 2576383      304.8588    44      305.6221      297.9690 16574518    2.50%          x.29.3 U 3381179 3381178     60
 3389813 2582766      302.0908    57      305.6221      297.9713 16617023    2.50%         x.39.22 D 3389813 3389812     33
Elapsed time = 2285.56 sec. (1504261.01 ticks, tree = 7053.54 MB, solutions = 18)
Nodefile size = 5005.88 MB (2021.66 MB after compression)
 3397994 2588716      301.1098    43      305.6221      297.9739 16657138    2.50%          x.36.4 D 3397994 3397993     66
 3406478 2594996      302.2301    44      305.6221      297.9766 16698720    2.50%          x.29.3 D 3406478 3406476     44
 3414969 2601407      300.8755    50      305.6221      297.9787 16740950    2.50%         x.39.22 D 3414969 3414968     42
 3423230 2607364      302.6767    53      305.6221      297.9812 16782830    2.50%          x.36.4 D 3423230 3423229     67
 3431622 2613494      303.5228    46      305.6221      297.9836 16824168    2.50%          x.8.27 D 3431622 3431621     59
 3439891 2619540      305.4585    56      305.6221      297.9860 16866027    2.50%         x.35.10 U 3439891 3439889     41
 3448459 2625857      303.5764    42      305.6221      297.9884 16907931    2.50%         x.12.29 U 3448459 3448458     82
 3456503 2631817      303.5387    47      305.6221      297.9906 16947191    2.50%         x.26.27 D 3456503 3456502     88
 3464826 2637896      298.1239    48      305.6221      297.9929 16988521    2.50%          x.29.7 U 3464826 978812     27
 3473219 2644117      302.0125    35      305.6221      297.9950 17029870    2.50%          x.17.4 D 3473219 3473218     65
Elapsed time = 2351.76 sec. (1542427.21 ticks, tree = 7218.92 MB, solutions = 18)
Nodefile size = 5171.66 MB (2080.51 MB after compression)
 3481940 2650558      305.0491    49      305.6221      297.9976 17072100    2.49%           x.6.4 D 3481940 3481938     59
 3490455 2656814      299.3820    54      305.6221      298.0000 17114880    2.49%          x.5.34 D 3490455 3490454     47
 3499222 2663214      305.0668    52      305.6221      298.0025 17157911    2.49%          x.0.21 D 3499222 3499220     68
 3507820 2669521      303.5319    51      305.6221      298.0049 17199381    2.49%          x.22.3 D 3507820 3507819     52
 3515902 2675424      304.4903    48      305.6221      298.0071 17238683    2.49%         x.18.38 D 3515902 3515901     74
 3524255 2681605      303.7666    42      305.6221      298.0092 17280136    2.49%          x.22.3 D 3524255 3524254     43
 3532400 2687630      303.3292    35      305.6221      298.0114 17320664    2.49%         x.30.22 D 3532400 3532399     64
 3540719 2693749      303.4036    42      305.6221      298.0138 17361433    2.49%          x.6.34 D 3540719 3540718     72
 3549447 2700186      301.1520    49      305.6221      298.0162 17403264    2.49%           x.8.4 D 3549447 3549446     87
 3558014 2706383      298.0408    43      305.6221      298.0187 17446216    2.49%         x.21.20 U 3558014 1484729     44
Elapsed time = 2419.61 sec. (1580579.31 ticks, tree = 7386.78 MB, solutions = 18)
Nodefile size = 5339.44 MB (2139.08 MB after compression)
 3566310 2712512      305.4125    45      305.6221      298.0208 17486680    2.49%         x.17.31 D 3566310 3566308     56
 3574434 2718536      304.0244    33      305.6221      298.0229 17526044    2.49%         x.27.17 D 3574434 3574433     85
 3582681 2724648      298.9232    49      305.6221      298.0253 17565820    2.49%          x.26.4 U 3582681 640425     38
 3591096 2730854      303.9331    53      305.6221      298.0274 17606460    2.48%         x.18.13 U 3591096 3591095     49
 3599502 2737008      302.9668    45      305.6221      298.0297 17648586    2.48%           x.6.4 D 3599502 3599501     72
 3607610 2743097      302.2046    45      305.6221      298.0318 17686971    2.48%         x.22.35 D 3607610 3607609     55
 3616437 2749594      303.7411    48      305.6221      298.0344 17730028    2.48%          x.29.3 U 3616437 3616436     59
 3624570 2755586      299.5785    47      305.6221      298.0366 17769904    2.48%           x.6.4 D 3624570 3624569     47
 3633188 2762045      302.6945    46      305.6221      298.0387 17811262    2.48%          x.30.0 D 3633188 3633187     57
 3641559 2768197      299.8646    39      305.6221      298.0411 17852350    2.48%         x.37.10 D 3641559 3641558     35
Elapsed time = 2492.21 sec. (1618739.91 ticks, tree = 7553.41 MB, solutions = 18)
Nodefile size = 5506.24 MB (2196.99 MB after compression)
 3650047 2774426      304.8320    44      305.6221      298.0434 17894077    2.48%          x.21.0 D 3650047 3650046     50
 3658408 2780590      303.4976    52      305.6221      298.0457 17935554    2.48%         x.26.27 D 3658408 3658407     76
 3666840 2786867      299.5849    45      305.6221      298.0478 17975911    2.48%         x.39.10 D 3666840 3666839     27
 3675105 2793146      301.8835    50      305.6221      298.0499 18016154    2.48%          x.6.27 D 3675105 3675104     84
 3683355 2799245      304.3544    38      305.6221      298.0519 18055073    2.48%          x.24.8 D 3683355 3683354     84
 3691610 2805407      298.6952    39      305.6221      298.0541 18094552    2.48%         x.27.10 D 3691610 3691609     38
 3699849 2811508      302.3828    45      305.6221      298.0561 18135190    2.48%          x.6.10 D 3699849 3699848     41
 3708039 2817500      302.5271    59      305.6221      298.0582 18175797    2.47%         x.10.22 D 3708039 3708038     72
 3716555 2823773      302.1649    53      305.6221      298.0604 18217615    2.47%         x.16.10 D 3716555 3716554     63
 3724960 2829965      301.1584    47      305.6221      298.0627 18258585    2.47%         x.31.22 D 3724960 3724959     59
Elapsed time = 2560.32 sec. (1656889.65 ticks, tree = 7719.94 MB, solutions = 18)
Nodefile size = 5672.02 MB (2254.70 MB after compression)
 3733679 2836420      304.4537    50      305.6221      298.0651 18301044    2.47%          x.2.19 D 3733679 3733678     87
 3741880 2842519      299.8577    52      305.6221      298.0673 18339801    2.47%         x.31.22 D 3741880 3741879     58
 3750332 2848801      299.8644    52      305.6221      298.0691 18379726    2.47%         x.30.10 D 3750332 3750331     65
 3758690 2854861      299.9211    51      305.6221      298.0713 18420322    2.47%         x.24.25 D 3758690 3758689     66
 3767396 2861306      302.2921    50      305.6221      298.0737 18462901    2.47%         x.24.25 U 3767396 3767394     42
 3775876 2867541      304.9598    32      305.6221      298.0759 18503282    2.47%         x.24.10 D 3775876 3775875     72
 3784404 2873891      301.6076    38      305.6221      298.0778 18543602    2.47%           x.8.4 D 3784404 3784403     56
 3792970 2880173      300.5717    50      305.6221      298.0796 18584465    2.47%         x.11.10 D 3792970 3792969     31
 3801240 2886350      305.6128    39      305.6221      298.0815 18624301    2.47%         x.24.15 U 3801240 3801239     77
 3809334 2892332      300.5759    54      305.6221      298.0835 18663984    2.47%         x.27.25 U 3809334 3809333     49
Elapsed time = 2627.00 sec. (1695039.76 ticks, tree = 7888.04 MB, solutions = 18)
Nodefile size = 5840.81 MB (2312.86 MB after compression)
 3817851 2898626      304.2825    38      305.6221      298.0859 18704408    2.47%         x.11.27 D 3817851 3817850     46
 3826572 2905087      299.9901    52      305.6221      298.0882 18745327    2.47%         x.35.10 D 3826572 3826571     44
 3834737 2911137      302.2106    46      305.6221      298.0900 18785220    2.46%         x.30.12 D 3834737 3834736     69
 3843273 2917492      303.2365    47      305.6221      298.0922 18826472    2.46%         x.21.14 D 3843273 3843272     56
 3851662 2923681      300.1187    49      305.6221      298.0944 18867201    2.46%         x.26.25 U 3851662 3851661     39
 3860268 2930037      300.1961    40      305.6221      298.0964 18909010    2.46%          x.6.38 D 3860268 3860267     64
 3868399 2936047      302.2247    44      305.6221      298.0983 18948654    2.46%         x.23.24 U 3868399 3868398     56
 3876888 2942155      299.6250    50      305.6221      298.1005 18991003    2.46%         x.35.10 D 3876888 3876887     51
 3885385 2948404      298.7048    51      305.6221      298.1027 19031261    2.46%         x.16.10 D 3885385 3885384     33
 3893910 2954657      302.8904    52      305.6221      298.1047 19072207    2.46%          x.5.26 D 3893910 3893909     43
Elapsed time = 2695.43 sec. (1733208.38 ticks, tree = 8056.06 MB, solutions = 18)
Nodefile size = 6008.59 MB (2370.50 MB after compression)
 3902717 2961161      303.7875    46      305.6221      298.1069 19113489    2.46%         x.26.27 D 3902717 3902716     58
 3911030 2967345      301.4498    52      305.6221      298.1088 19154691    2.46%          x.6.10 D 3911030 3911029     46
 3919604 2973641      305.3353    36      305.6221      298.1109 19195320    2.46%         x.29.39 D 3919604 3919602     50
 3928002 2979731      300.0098    46      305.6221      298.1129 19236719    2.46%         x.30.10 D 3928002 3928001     49
 3936418 2985964      299.3255    51      305.6221      298.1148 19278029    2.46%         x.20.25 D 3936418 3936417     67
 3944917 2992124      300.8668    54      305.6221      298.1168 19318717    2.46%         x.39.10 D 3944917 3944916     41
 3953092 2998213      300.5743    56      305.6221      298.1188 19357253    2.46%          x.20.7 D 3953092 3953091     31
 3961324 3004421      299.1375    51      305.6221      298.1206 19396089    2.45%          x.30.2 D 3961324 3961323     65
 3970164 3010921      305.1203    41      305.6221      298.1226 19438865    2.45%         x.11.27 D 3970164 3970163     46
 3978621 3017201      303.9334    43      305.6221      298.1247 19479300    2.45%          x.0.21 U 3978621 3978620     60
Elapsed time = 2766.52 sec. (1771378.53 ticks, tree = 8224.65 MB, solutions = 18)
Nodefile size = 6177.37 MB (2427.93 MB after compression)
 3987040 3023396      304.3082    31      305.6221      298.1264 19518779    2.45%           x.2.9 D 3987040 3987039    103
 3995643 3029765        cutoff            305.6221      298.1285 19559162    2.45%         x.10.29 U 3995643 3995642     50
 4004195 3036111      302.1183    49      305.6221      298.1306 19600113    2.45%         x.11.10 D 4004195 4004194     43
 4012523 3042308      298.5598    48      305.6221      298.1326 19640051    2.45%         x.28.10 D 4012523 4012522     38
 4021002 3048564      301.9524    44      305.6221      298.1346 19679957    2.45%           x.8.4 D 4021002 4021001     60
 4029461 3054817      300.8266    48      305.6221      298.1364 19719891    2.45%         x.27.10 D 4029461 4029460     58
 4037789 3060958      303.8546    42      305.6221      298.1385 19760626    2.45%          x.0.21 U 4037789 4037788     52
 4046283 3067338      303.9427    55      305.6221      298.1405 19802232    2.45%         x.12.38 D 4046283 4046282     61
 4054653 3073494      305.2605    24      305.6221      298.1423 19843422    2.45%          x.31.6 U 4054653 4054652     65
 4063039 3079725      300.7832    42      305.6221      298.1442 19883076    2.45%          x.29.3 D 4063039 4063037     45
Elapsed time = 2834.18 sec. (1809541.41 ticks, tree = 8393.17 MB, solutions = 18)
Nodefile size = 6346.17 MB (2485.64 MB after compression)
 4071535 3085940      298.1540    46      305.6221      298.1461 19924815    2.45%         x.30.22 D 4071535 4071534     54
 4079938 3092118        cutoff            305.6221      298.1481 19965367    2.45%         x.27.13 U 4079938 4079936     75
 4088449 3098428      302.0474    53      305.6221      298.1499 20006250    2.44%          x.29.3 D 4088449 4088448     62
 4096741 3104461      302.3290    48      305.6221      298.1519 20047278    2.44%         x.10.29 U 4096741 4096740     59
 4105200 3110488      299.5349    44      305.6221      298.1540 20089946    2.44%         x.27.10 D 4105200 4105199     45
 4113673 3116631      303.6354    58      305.6221      298.1561 20131947    2.44%          x.39.7 D 4113673 4113672     38
 4122400 3123036      303.7221    53      305.6221      298.1582 20174502    2.44%          x.5.16 U 4122400 4122398     51
 4130904 3129212      304.8867    35      305.6221      298.1603 20216449    2.44%         x.18.38 D 4130904 4130903     54
 4139613 3135601      302.6304    45      305.6221      298.1627 20257323    2.44%          x.3.22 D 4139613 4139612     54
 4148527 3142102      298.7544    48      305.6221      298.1647 20300773    2.44%         x.35.10 D 4148527 4148526     47
Elapsed time = 2900.21 sec. (1847695.73 ticks, tree = 8561.35 MB, solutions = 18)
Nodefile size = 6513.93 MB (2542.82 MB after compression)
 4157306 3148515      298.7880    49      305.6221      298.1668 20343003    2.44%         x.11.10 D 4157306 4157305     31
 4165631 3154684      300.5681    54      305.6221      298.1687 20383513    2.44%          x.6.14 D 4165631 4165630     67
 4174230 3160913      302.8657    44      305.6221      298.1706 20424759    2.44%         x.39.22 D 4174230 4174229     57
 4182864 3167194      300.7390    48      305.6221      298.1725 20465757    2.44%         x.30.12 D 4182864 4182863     59
 4191433 3173519      302.3940    49      305.6221      298.1743 20506429    2.44%         x.37.10 D 4191433 4191431     60
 4199932 3179770      302.9500    41      305.6221      298.1764 20548303    2.44%          x.29.3 U 4199932 4199931     46
 4208411 3185945      304.5646    37      305.6221      298.1784 20590853    2.44%          x.13.5 U 4208411 4208410     78
 4216903 3192232      304.1391    51      305.6221      298.1802 20630284    2.43%         x.12.13 D 4216903 4216902     76
 4225436 3198351      304.8968    44      305.6221      298.1821 20672034    2.43%         x.33.13 N 4225436 4225435     43
 4233761 3204492      302.6555    46      305.6221      298.1841 20712444    2.43%          x.2.19 D 4233761 4233760     96
Elapsed time = 2968.65 sec. (1885844.17 ticks, tree = 8729.55 MB, solutions = 18)
Nodefile size = 6681.69 MB (2599.90 MB after compression)
 4241913 3210477      301.5652    37      305.6221      298.1860 20751791    2.43%          x.22.4 D 4241913 4241912     66
 4250439 3216699      302.7855    53      305.6221      298.1880 20793940    2.43%          x.26.4 U 4250439 4250437     47
 4259078 3222964      304.5561    41      305.6221      298.1901 20836748    2.43%          x.2.33 D 4259078 4259077     78
 4267360 3228992      301.0212    52      305.6221      298.1918 20876957    2.43%         x.11.10 D 4267360 4267359     29
 4275520 3234915      298.7183    50      305.6221      298.1935 20917655    2.43%         x.30.25 D 4275520 4275519     44
 4284091 3241159        cutoff            305.6221      298.1954 20959692    2.43%          x.26.4 U 4284091 4284089     62
 4292659 3247386      299.3673    54      305.6221      298.1975 21001506    2.43%         x.30.22 D 4292659 4292658     52
 4301172 3253549      301.7502    43      305.6221      298.1994 21042320    2.43%          x.29.3 U 4301172 4301170     59
 4309761 3259834      304.3405    47      305.6221      298.2013 21083752    2.43%          x.21.2 D 4309761 4309760     46
 4318156 3265899      305.5218    44      305.6221      298.2032 21124964    2.43%         x.17.31 D 4318156 4318154     55
Elapsed time = 3034.81 sec. (1923994.33 ticks, tree = 8895.08 MB, solutions = 18)
Nodefile size = 6847.45 MB (2656.76 MB after compression)
 4326623 3272091      303.3328    35      305.6221      298.2051 21166113    2.43%         x.10.22 D 4326623 4326622     68
 4335128 3278259      301.1939    49      305.6221      298.2071 21207775    2.43%          x.5.37 D 4335128 4335127     64
 4343350 3284128      299.5351    49      305.6221      298.2089 21247982    2.43%         x.30.25 D 4343350 4343349     58
 4351799 3290340      302.3545    47      305.6221      298.2107 21288654    2.43%          x.36.4 D 4351799 4351798     73
 4360167 3296412      303.6129    46      305.6221      298.2127 21330604    2.42%          x.6.20 D 4360167 4360166     53
 4368340 3302463      303.6471    41      305.6221      298.2144 21370611    2.42%         x.30.33 D 4368340 4368339     60
 4376846 3308662      304.4019    39      305.6221      298.2162 21412504    2.42%          x.9.25 D 4376846 4376845     58
 4385317 3314861      305.2708    47      305.6221      298.2179 21453152    2.42%          x.5.38 D 4385317 4385316     61
 4393649 3320863      302.9059    45      305.6221      298.2198 21493762    2.42%          x.0.21 U 4393649 4393648     43
 4401891 3326807      298.8301    45      305.6221      298.2217 21534583    2.42%         x.35.10 D 4401891 4401890     34
Elapsed time = 3105.32 sec. (1962158.75 ticks, tree = 9059.26 MB, solutions = 18)
Nodefile size = 7012.23 MB (2712.65 MB after compression)
 4410481 3333081      304.2515    40      305.6221      298.2235 21575113    2.42%          x.22.8 D 4410481 4410480     57
 4419000 3339277      304.6869    44      305.6221      298.2256 21616950    2.42%          x.30.6 D 4419000 4418999     66
 4427364 3345297      299.7639    54      305.6221      298.2276 21659154    2.42%         x.11.10 U 4427364 2745543     50
 4435745 3351394      303.1798    50      305.6221      298.2295 21699988    2.42%          x.6.27 D 4435745 4435744     81
 4443990 3357338      301.0811    52      305.6221      298.2314 21740830    2.42%         x.28.10 U 4443990 4443988     31
 4452399 3363500      298.7972    50      305.6221      298.2333 21781487    2.42%         x.14.25 D 4452399 4452398     70
 4460482 3369485      303.7473    48      305.6221      298.2350 21819871    2.42%          x.21.0 D 4460482 4460481     74
 4469200 3375793      300.6235    54      305.6221      298.2370 21862749    2.42%          x.17.7 D 4469200 4469199     33
 4477501 3381869      300.1394    51      305.6221      298.2387 21903377    2.42%         x.16.37 U 4477501 4477500     66
 4485849 3387979      301.1065    52      305.6221      298.2403 21943214    2.42%         x.23.24 U 4485849 4485848     65
Elapsed time = 3172.13 sec. (2000325.11 ticks, tree = 9224.17 MB, solutions = 18)
Nodefile size = 7176.98 MB (2768.53 MB after compression)
 4494130 3394060      302.0169    44      305.6221      298.2421 21982716    2.41%           x.6.5 D 4494130 4494129     55
 4502664 3400346      302.5761    49      305.6221      298.2438 22023012    2.41%         x.12.38 D 4502664 4502663     40
 4510967 3406429      301.2823    48      305.6221      298.2455 22063341    2.41%          x.5.14 D 4510967 4510966     45
 4519366 3412400      302.0832    51      305.6221      298.2472 22104377    2.41%         x.10.29 D 4519366 4519365     49
 4527854 3418465      303.1760    49      305.6221      298.2489 22147044    2.41%         x.24.25 U 4527854 4527852     38
 4536245 3424520      299.2594    45      305.6221      298.2506 22188103    2.41%          x.17.4 D 4536245 4536244     60
 4544917 3430853      302.2583    43      305.6221      298.2524 22229228    2.41%          x.9.22 D 4544917 4544916     61
 4553649 3437089      298.9218    49      305.6221      298.2543 22271162    2.41%          x.2.22 U 4553649  12443     35
 4561975 3443149      300.8203    52      305.6221      298.2559 22311292    2.41%         x.18.13 D 4561975 4561974     38
 4570696 3449400        cutoff            305.6221      298.2578 22354071    2.41%          x.2.19 D 4570696 4570695     84
Elapsed time = 3238.74 sec. (2038524.30 ticks, tree = 9389.74 MB, solutions = 18)
Nodefile size = 7342.75 MB (2823.98 MB after compression)
Starting limited solution polishing.
 4578532 3455058      302.2226    54      305.6221      298.2594 22392179    2.41%         x.39.10 N 4578532 4578531     31
 4586604 3460891      302.4705    57      305.6221      298.2611 22431112    2.41%         x.27.23 U 4586604 4586603     66
 4594722 3466711      304.3479    39      305.6221      298.2630 22471441    2.41%          x.6.27 D 4594722 4594721     75
 4602644 3472273      301.7586    50      305.6221      298.2646 22511780    2.41%          x.30.0 U 4602644 4602643     44
 4610950 3478189      301.3936    51      305.6221      298.2664 22553127    2.41%         x.13.13 U 4610950 3675407     39
 4619409 3484314      300.7133    58      305.6221      298.2684 22593756    2.41%         x.36.13 D 4619409 4619408     60
 4627365 3490030      299.1026    48      305.6221      298.2700 22633211    2.41%         x.30.17 D 4627365 4627364     34
 4635499 3495844      303.9271    45      305.6221      298.2717 22674108    2.41%         x.23.24 U 4635499 4635498     71
 4643570 3501583      299.3812    54      305.6221      298.2733 22713914    2.40%          x.5.34 D 4643570 4643569     56
 4651968 3507541      303.3655    47      305.6221      298.2752 22755493    2.40%           x.2.2 U 4651968 4651966     70
Elapsed time = 3305.00 sec. (2076674.40 ticks, tree = 9546.49 MB, solutions = 18)
Nodefile size = 7499.50 MB (2877.19 MB after compression)
 4660212 3513507        cutoff            305.6221      298.2769 22795884    2.40%         x.10.15 U 4660212 4660211     78
 4668279 3519340      302.9216    47      305.6221      298.2784 22834663    2.40%          x.5.38 D 4668279 4668278     50
 4676236 3525082      301.8232    46      305.6221      298.2802 22873425    2.40%          x.3.10 D 4676236 4676235     36
 4684343 3530859      299.5996    53      305.6221      298.2819 22913635    2.40%         x.10.22 D 4684343 4684342     39
 4692518 3536805      300.6492    50      305.6221      298.2835 22954460    2.40%          x.6.23 U 4692518 4692517     40
 4700463 3542482      298.6210    56      305.6221      298.2854 22993412    2.40%          x.30.0 U 4700463 2320290     44
 4708750 3548534      304.1038    41      305.6221      298.2871 23033625    2.40%         x.35.13 D 4708750 4708748     69
 4716490 3554067      304.1409    37      305.6221      298.2886 23072192    2.40%           x.8.4 D 4716490 4716489     78
 4724803 3560015      299.9532    49      305.6221      298.2904 23113239    2.40%         x.35.10 D 4724803 4724802     51
 4732902 3565859      301.1680    50      305.6221      298.2919 23153701    2.40%         x.11.10 D 4732902 4732901     31
Elapsed time = 3371.67 sec. (2114823.61 ticks, tree = 9703.73 MB, solutions = 18)
Nodefile size = 7656.26 MB (2929.99 MB after compression)
 4741068 3571780      303.6196    49      305.6221      298.2936 23193192    2.40%         x.27.25 U 4741068 4741067     37
 4748879 3577354        cutoff            305.6221      298.2953 23232288    2.40%         x.30.25 U 4748879 4748877     44
 4756864 3583087        cutoff            305.6221      298.2969 23272069    2.40%         x.35.13 U 4756864 4756863     74
 4765206 3589034      299.9890    45      305.6221      298.2986 23311960    2.40%         x.18.38 D 4765206 4765205     35
 4773398 3594957      301.3069    41      305.6221      298.3001 23352006    2.40%         x.19.11 U 4773398 4773397     57
 4781467 3600630      300.8984    60      305.6221      298.3018 23393032    2.40%          x.3.10 D 4781467 4781466     39
 4789670 3606445      299.9651    53      305.6221      298.3037 23433798    2.39%         x.19.11 U 4789670 4789669     57
 4797573 3612117      304.7444    43      305.6221      298.3052 23472238    2.39%         x.30.26 U 4797573 4797572     67
 4806022 3618230      299.1335    54      305.6221      298.3068 23513810    2.39%         x.39.10 D 4806022 4806021     55
 4813872 3623713      303.3809    55      305.6221      298.3084 23552621    2.39%         x.39.10 D 4813872 4813871     57
Elapsed time = 3439.06 sec. (2152972.49 ticks, tree = 9859.70 MB, solutions = 18)
Nodefile size = 7812.01 MB (2982.81 MB after compression)
 4821900 3629455      305.5713    46      305.6221      298.3100 23592198    2.39%          x.0.37 D 4821900 4821898     81
 4830190 3635414      304.5561    49      305.6221      298.3117 23633760    2.39%          x.9.22 D 4830190 4830189     42
 4838395 3641340      304.3776    37      305.6221      298.3134 23674406    2.39%         x.26.27 D 4838395 4838394     73
 4846541 3647207      305.0319    41      305.6221      298.3151 23714443    2.39%         x.33.13 U 4846541 4846540     60
 4854730 3653178        cutoff            305.6221      298.3168 23754619    2.39%          x.29.3 D 4854730 4854728     50
 4862906 3659032      301.4410    49      305.6221      298.3184 23794560    2.39%          x.8.13 D 4862906 4862905     48
 4871088 3664884      303.8233    43      305.6221      298.3200 23834977    2.39%         x.28.10 D 4871088 4871087     36
 4878940 3670570      298.7139    58      305.6221      298.3217 23873711    2.39%          x.5.33 D 4878940 4878939     51
 4886972 3676239      300.1060    52      305.6221      298.3232 23913020    2.39%         x.27.25 U 4886972 4886971     49
 4895000 3682019      302.6334    51      305.6221      298.3248 23952256    2.39%          x.3.10 D 4895000 4894999     56
Elapsed time = 3513.66 sec. (2191125.40 ticks, tree = 10016.88 MB, solutions = 18)
Nodefile size = 7969.75 MB (3035.36 MB after compression)
 4903102 3687890      302.1207    59      305.6221      298.3265 23991243    2.39%         x.39.10 D 4903102 4903101     57
 4911090 3693585      302.4605    50      305.6221      298.3280 24030964    2.39%         x.35.10 D 4911090 4911089     55
 4919066 3699184        cutoff            305.6221      298.3296 24070879    2.39%           x.2.7 U 4919066 2955424     24
 4926751 3704714      302.1615    38      305.6221      298.3312 24108697    2.39%         x.35.10 D 4926751 4926750     37
 4934550 3710215      303.1585    36      305.6221      298.3329 24148220    2.39%          x.2.33 D 4934550 4934549     68
 4942400 3715843      299.5666    58      305.6221      298.3345 24186002    2.38%           x.5.0 D 4942400 4942399     45
 4950419 3721574        cutoff            305.6221      298.3362 24225730    2.38%          x.2.39 U 4950419 4950418     72
 4958502 3727371      304.5724    46      305.6221      298.3379 24265981    2.38%         x.10.29 U 4958502 4958501     58
 4966682 3733224      305.5138    41      305.6221      298.3395 24305767    2.38%          x.17.4 D 4966682 4966681     61
 4975054 3739383      303.2696    46      305.6221      298.3412 24346353    2.38%         x.30.33 D 4975054 4975053     74
Elapsed time = 3579.65 sec. (2229299.56 ticks, tree = 10171.53 MB, solutions = 18)
Nodefile size = 8124.51 MB (3087.42 MB after compression)
 4983177 3745183      301.4528    45      305.6221      298.3428 24386160    2.38%          x.6.27 D 4983177 4983176     63
 4991430 3751049      303.3626    40      305.6221      298.3445 24425598    2.38%          x.2.19 U 4991430 4991428     50
 4999402 3756774      303.3934    42      305.6221      298.3458 24464400    2.38%          x.19.3 D 4999402 4999401     70

Gomory fractional cuts applied:  21
User cuts applied:  190

Root node processing (before b&c):
  Real time             =    0.38 sec. (87.88 ticks)
Sequential b&c:
  Real time             = 3599.72 sec. (2244561.73 ticks)
                          ------------
Total (root+branch&cut) = 3600.10 sec. (2244649.60 ticks)

Solution status: 107
Objective value:  3.0562206416e+02
Solution status is not CPX_STAT_OPTIMAL
Node: 4999795
