proble size: m = 5 , n = 5 , seed = 8 
Benders' cuts separated to cut off: Integer and fractional infeasible solutions.
seed = 8
Version identifier: 20.1.0.0 | 2020-11-10 | 9bedb6d68
CPXPARAM_Threads                                 1
CPXPARAM_RandomSeed                              8
CPXPARAM_MIP_Strategy_CallbackReducedLP          0
CPXPARAM_MIP_Strategy_Search                     1
CPXPARAM_TimeLimit                               3600
CPXPARAM_MIP_Tolerances_AbsMIPGap                0
CPXPARAM_MIP_Tolerances_MIPGap                   0
Legacy callback                                  LU
Tried aggregator 1 time.
Reduced MIP has 40 rows, 1640 columns, and 1600 nonzeros.
Reduced MIP has 1600 binaries, 0 generals, 0 SOSs, and 0 indicators.
Presolve time = 0.00 sec. (0.63 ticks)
Probing time = 0.00 sec. (2.48 ticks)
Clique table members: 40.
MIP emphasis: balance optimality and feasibility.
MIP search method: traditional branch-and-cut.
Parallel mode: none, using 1 thread.
Root relaxation solution time = 0.00 sec. (0.34 ticks)

        Nodes                                         Cuts/
   Node  Left     Objective  IInf  Best Integer    Best Bound    ItCnt     Gap         Variable B NodeID Parent  Depth

      0     0        0.0000    26                      0.0000        0         
*     0+    0                         1018.9473        0.0000           100.00%
*     0+    0                          872.3544        0.0000           100.00%
      0     0      182.8557    47      872.3544     Fract: 23       90   79.04%
*     0+    0                          714.1277      182.8557            74.39%
      0     0      239.3159    47      714.1277     Fract: 17      145   66.49%
*     0+    0                          469.8037      239.3159            49.06%
      0     0      288.3681    61      469.8037 UserPurge2: 16      194   38.62%
*     0+    0                          414.8449      288.3681            30.49%
      0     0      290.6000    58      414.8449      Fract: 1      198   29.95%
*     0+    0                          406.1454      290.6000            28.45%
      0     0      290.8226    60      406.1454 UserPurge2: 1      201   28.39%
      0     0      292.4211    61      406.1454 UserPurge2: 6      212   28.00%
*     0+    0                          353.6408      292.4211            17.31%
      0     0      292.5189    62      353.6408 UserPurge2: 1      214   17.28%
*     0+    0                          316.3542      292.5189             7.53%
*     0+    0                          307.8810      292.5189             4.99%
      0     2      292.5423    61      307.8810      292.7072      214    4.93%                        0             0
Elapsed time = 0.09 sec. (93.26 ticks, tree = 0.01 MB, solutions = 9)
*    10+   10                          307.5096      299.1630             2.71%
*    20+   20                          306.9613      299.1630             2.54%
     20    22      302.2895    48      306.9613      299.1630     1981    2.54%         x.23.21 N     20     18     12
     56    51      304.7654    40      306.9613      299.1630     3486    2.54%         x.11.16 N     56     54     40
     90    68      299.7294    63      306.9613      299.5557     4429    2.41%         x.22.18 N     90      1      2
    123   100      306.9053    37      306.9613      299.5557     5911    2.41%         x.23.27 N    123    121     27
    170   132      304.3991    60      306.9613      299.5613     7372    2.41%          x.4.36 U    170    169     21
    216   171      303.2897    54      306.9613      299.5819     9308    2.40%           x.8.9 N    216    215     28
    253   203      305.7953    44      306.9613      299.5819    10350    2.40%         x.23.35 N    253    252     65
    281   227      305.4082    61      306.9613      299.7124    11584    2.36%          x.26.5 N    281    280     28
    320   262      304.2181    50      306.9613      299.7322    13331    2.36%          x.23.7 U    320    317     20
*   450+  367                          306.9122      300.2303             2.18%
    522   432      305.9500    25      306.9122      300.2303    19681    2.18%          x.0.21 N    522    520     82
Elapsed time = 2.63 sec. (3304.16 ticks, tree = 5.24 MB, solutions = 12)
*   540+  413                          306.1599      300.3662             1.89%
    690   527      305.4781    37      306.1599      300.5347    26075    1.84%          x.6.23 U    690    689     40
    879   668      302.4777    56      306.1599      300.8888    33021    1.72%         x.23.21 U    879    878      9
   1072   811      302.0293    56      306.1599      301.0654    39829    1.66%         x.23.21 N   1072   1071     12
*  1090+  804                          305.9540      301.0968             1.59%
*  1270+  934                          305.8740      301.2141             1.52%
   1270   936      302.5229    55      305.8740      301.2141    46124    1.52%          x.30.0 D   1270   1269     10
   1463  1080      304.4194    50      305.8740      301.3654    51878    1.47%         x.16.29 U   1463   1462     17
   1680  1225      304.4702    48      305.8740      301.5717    58701    1.41%          x.5.32 U   1680   1679     15
   1881  1375      302.4464    55      305.8740      301.6576    65767    1.38%         x.23.21 N   1881   1880     10
   2122  1547      303.0872    47      305.8740      301.7637    72721    1.34%          x.36.3 N   2122    735     14
   2357  1714      305.0769    45      305.8740      301.8742    79929    1.31%          x.0.24 N   2357   2356     24
   2617  1896      305.0442    63      305.8740      301.9341    87391    1.29%         x.39.10 D   2617   2615     12
Elapsed time = 9.38 sec. (12890.96 ticks, tree = 30.80 MB, solutions = 15)
   2888  2097      303.4852    51      305.8740      302.0071    94400    1.26%         x.27.23 N   2888   2887     13
   3170  2303      305.2024    56      305.8740      302.0564   101753    1.25%         x.11.10 N   3170   3169     27
   3442  2492      303.4549    49      305.8740      302.1268   108798    1.23%         x.28.10 D   3442   3441     25
   3710  2693      304.9192    43      305.8740      302.2071   116334    1.20%         x.16.29 D   3710   3708     17
   3995  2897      303.4352    58      305.8740      302.2479   123829    1.19%          x.0.21 D   3995   3994     11
   4282  3097      304.5877    37      305.8740      302.2890   131645    1.17%          x.2.22 D   4282   4281     35
   4545  3281      305.2787    48      305.8740      302.3381   139468    1.16%         x.37.10 D   4545   4544     23
   4819  3481      304.1279    49      305.8740      302.4000   146659    1.14%          x.28.3 U   4819   1060     17
   5060  3652      304.2547    56      305.8740      302.4351   154375    1.12%          x.30.0 U   5060   5059     10
   5314  3825      302.7718    61      305.8740      302.4794   162487    1.11%          x.0.21 D   5314   4045     11
Elapsed time = 16.10 sec. (22444.09 ticks, tree = 69.03 MB, solutions = 15)
*  5560+ 3867                          305.6820      302.5175             1.04%
   5569  3878      303.4857    49      305.6820      302.5175   170047    1.04%         x.37.10 D   5569   5568     35
*  5570+ 3877                          305.6820      302.5175             1.04%
*  5580+ 3887                          305.6820      302.5175             1.04%
*  5730+ 3848                          305.5460      302.5296             0.99%
*  5740+ 3858                          305.5460      302.5296             0.99%
*  5740+ 3858                          305.5460      302.5296             0.99%
   5750  3870      304.5274    33      305.5460      302.5296   174342    0.99%           x.4.7 D   5750   5749     34
   5911  3953      304.4496    54      305.5460      302.5609   179177    0.98%         x.28.10 D   5911   5910     21
   6097  4060      303.9911    49      305.5460      302.5871   185481    0.97%          x.30.8 D   6097   6096     15
   6316  4204      305.1818    47      305.5460      302.6081   192380    0.96%          x.5.13 D   6316   6315     22
   6538  4333        cutoff            305.5460      302.6298   199082    0.95%          x.8.37 D   6538   6537     38
   6743  4473      304.6533    51      305.5460      302.6432   204522    0.95%          x.5.32 U   6743   6742     19
   6970  4624      302.9597    55      305.5460      302.6730   210954    0.94%          x.30.8 D   6970   6969      9
   7212  4792      304.3037    57      305.5460      302.7012   217944    0.93%          x.36.3 D   7212   7211     14
   7464  4939      303.5836    55      305.5460      302.7285   225209    0.92%          x.5.13 D   7464   7463     28
Elapsed time = 22.50 sec. (32001.43 ticks, tree = 93.67 MB, solutions = 21)
   7689  5087      304.9946    50      305.5460      302.7542   232378    0.91%          x.5.10 D   7689   7688     22
   7930  5233      303.0063    57      305.5460      302.7795   239371    0.91%         x.28.32 N   7930   7929     18
   8150  5381      303.8060    42      305.5460      302.7989   246113    0.90%          x.8.27 D   8150   8149     40
   8385  5538      304.5239    61      305.5460      302.8238   252918    0.89%         x.30.26 D   8385   8384     14
   8620  5662      303.6392    49      305.5460      302.8485   260048    0.88%          x.6.23 D   8620   8619     27
   8855  5814      304.8275    45      305.5460      302.8660   266727    0.88%          x.28.3 U   8855    635     15
   9076  5941      305.3950    32      305.5460      302.8847   273808    0.87%          x.0.37 N   9076   9075     29
   9316  6100      305.3928    45      305.5460      302.9035   281022    0.86%         x.39.18 N   9316   9314     20
   9559  6252      304.0883    55      305.5460      302.9218   288311    0.86%          x.33.3 U   9559    596     12
   9786  6374      304.6468    53      305.5460      302.9347   294959    0.85%         x.28.32 D   9786   9785     20
Elapsed time = 28.96 sec. (41568.98 ticks, tree = 125.50 MB, solutions = 21)
  10024  6524      304.4056    57      305.5460      302.9517   302014    0.85%         x.30.26 N  10024   4996     13
  10239  6660      303.7791    59      305.5460      302.9675   308909    0.84%         x.28.10 N  10239  10238     15
  10455  6772      303.4612    52      305.5460      302.9836   315647    0.84%         x.28.32 N  10455   7622     22
  10683  6907      304.0399    54      305.5460      303.0019   322615    0.83%          x.30.8 N  10683   6969      9
  10946  7077      305.1476    30      305.5460      303.0137   329260    0.83%          x.8.30 D  10946  10945     35
  11170  7221      303.3218    43      305.5460      303.0323   335700    0.82%          x.6.23 N  11170   5558     25
  11414  7375      304.5626    58      305.5460      303.0452   342235    0.82%          x.9.18 D  11414  10212     15
  11637  7487      304.4870    57      305.5460      303.0710   348948    0.81%          x.5.13 U  11637   6513     14
  11878  7625      304.5711    45      305.5460      303.0825   355823    0.81%         x.21.13 D  11878  11877     16
  12113  7762      304.2819    53      305.5460      303.0911   362335    0.80%         x.18.13 D  12113  12112     30
Elapsed time = 35.37 sec. (51138.76 ticks, tree = 157.51 MB, solutions = 21)
  12351  7899      304.8374    55      305.5460      303.1006   368897    0.80%          x.6.14 U  12351  12349     13
  12597  8060      304.7502    50      305.5460      303.1067   375754    0.80%          x.5.32 N  12597  12596     22
  12826  8187      304.6839    48      305.5460      303.1198   382137    0.79%         x.21.20 N  12826  12825     23
  13078  8338      304.7829    50      305.5460      303.1323   388636    0.79%         x.16.29 N  13078  13077     26
  13321  8481      304.6610    46      305.5460      303.1491   394743    0.78%         x.16.29 U  13321  13320     19
  13540  8619      304.4975    55      305.5460      303.1679   401366    0.78%         x.14.13 D  13540  13539     30
  13766  8757      304.6874    51      305.5460      303.1773   407690    0.78%         x.30.12 N  13766   4587     18
  14000  8885      304.8637    42      305.5460      303.1884   414109    0.77%         x.28.34 D  14000  13999     14
  14235  9028      303.8497    37      305.5460      303.2050   420833    0.77%         x.28.34 N  14235  14234     25
  14479  9180      305.3557    46      305.5460      303.2181   426985    0.76%         x.18.13 N  14479  14478     17
Elapsed time = 41.73 sec. (60743.40 ticks, tree = 191.50 MB, solutions = 21)
  14728  9331      305.0937    44      305.5460      303.2301   433413    0.76%           x.4.7 D  14728  14727     30
  14959  9476        cutoff            305.5460      303.2396   439797    0.75%         x.28.32 U  14959  14958     17
  15196  9626      305.5353    48      305.5460      303.2484   446186    0.75%          x.4.36 U  15196  15195     32
  15419  9758      305.0557    36      305.5460      303.2604   452483    0.75%          x.23.7 N  15419  15418     32
  15659  9911      304.2451    35      305.5460      303.2695   458463    0.75%          x.8.30 D  15659  15658     43
  15915 10087      305.1206    49      305.5460      303.2785   464578    0.74%         x.23.27 N  15915  15914     31
  16153 10252      305.0731    39      305.5460      303.2861   470588    0.74%          x.39.9 D  16153  16152     47
  16379 10378        cutoff            305.5460      303.2940   477120    0.74%          x.23.3 D  16379  16378     28
  16598 10491      303.6083    50      305.5460      303.3093   483382    0.73%         x.28.10 U  16598   2886     12
  16831 10651      304.4750    58      305.5460      303.3148   489461    0.73%         x.28.10 N  16831  16830     15
Elapsed time = 47.97 sec. (70297.98 ticks, tree = 227.21 MB, solutions = 21)
  17053 10751      304.4433    45      305.5460      303.3289   496568    0.73%         x.28.32 U  17053  17052     23
  17290 10858      303.7451    50      305.5460      303.3393   502617    0.72%          x.30.8 D  17290  17289     17
  17500 10963      304.6282    53      305.5460      303.3487   509165    0.72%         x.27.13 D  17500  17499     31
  17716 11092      303.7521    55      305.5460      303.3578   515534    0.72%         x.30.25 N  17716   6546      9
  17940 11212      304.3846    45      305.5460      303.3693   521951    0.71%         x.27.13 N  17940  17939     28
  18167 11344      303.4134    63      305.5460      303.3783   527854    0.71%         x.23.21 N  18167   4971     11
  18405 11497        cutoff            305.5460      303.3838   533840    0.71%         x.16.29 U  18405  18403     17
  18646 11604      304.2728    47      305.5460      303.3941   540153    0.70%           x.4.7 D  18646  18645     42
  18900 11728      304.3517    43      305.5460      303.4078   546175    0.70%         x.37.10 D  18900  18899     26
  19136 11872      305.1410    53      305.5460      303.4170   552418    0.70%         x.28.10 N  19136  19134     18
Elapsed time = 54.28 sec. (79881.99 ticks, tree = 257.66 MB, solutions = 21)
  19354 11988        cutoff            305.5460      303.4239   557741    0.69%          x.8.12 U  19354  19352     36
  19600 12141      304.1619    58      305.5460      303.4295   563496    0.69%          x.5.13 D  19600  19599     17
  19840 12255      304.4710    53      305.5460      303.4387   569286    0.69%         x.28.11 D  19840  19839     32
  20073 12363      303.7040    54      305.5460      303.4510   574893    0.69%         x.21.13 N  20073  20072     22
  20299 12481      303.6587    45      305.5460      303.4605   580708    0.68%          x.6.23 N  20299   8144     35
  20535 12637      305.1322    51      305.5460      303.4675   586570    0.68%         x.28.34 D  20535  20534     25
  20770 12767      304.0327    46      305.5460      303.4737   592724    0.68%         x.32.38 D  20770  20769     15
  21013 12888      304.5844    43      305.5460      303.4802   598465    0.68%          x.8.37 D  21013  21011     32
  21250 13010      304.9862    55      305.5460      303.4894   604488    0.67%         x.14.13 N  21250  21249     28
  22200 13448      304.3986    43      305.5460      303.5254   627908    0.66%          x.6.39 N  22200  17208     10
Elapsed time = 62.36 sec. (92335.22 ticks, tree = 297.82 MB, solutions = 21)
  23131 13900        cutoff            305.5460      303.5485   650444    0.65%           x.4.7 D  23131  23130     41
  24002 14314      304.7078    51      305.5460      303.5727   673059    0.65%         x.19.39 N  24002  24001     27
  24893 14714      304.4304    44      305.5460      303.6044   695358    0.64%          x.5.10 N  24893  24891     34
  25790 15148      305.2491    44      305.5460      303.6352   717787    0.63%          x.8.12 N  25790  25789     30
  26738 15525      304.6260    45      305.5460      303.6658   742164    0.62%         x.12.38 D  26738  26737     13
  27666 15902      304.7670    47      305.5460      303.6918   766099    0.61%          x.5.10 D  27666  27665     33
  28600 16163      305.3684    49      305.5460      303.7200   791140    0.60%         x.21.13 D  28600  28599     29
  29575 16608      304.7227    49      305.5460      303.7405   814274    0.59%         x.18.13 N  29575  29574     32
  30574 17006      304.7573    52      305.5460      303.7635   837271    0.58%         x.28.10 N  30574  30573     16
  31546 17390        cutoff            305.5460      303.7857   860322    0.58%         x.23.27 U  31546   7556     16
Elapsed time = 87.25 sec. (130516.89 ticks, tree = 406.24 MB, solutions = 21)
  32538 17758      305.3316    28      305.5460      303.8088   882989    0.57%           x.4.7 N  32538  32537     27
  33504 18106        cutoff            305.5460      303.8296   905722    0.56%         x.19.11 D  33504  33502     31
  34494 18538        cutoff            305.5460      303.8490   928205    0.56%         x.19.11 D  34494  34492     14
  35417 18816      304.3515    45      305.5460      303.8691   950974    0.55%         x.19.11 U  35417  35416     22
  36442 19258      304.8136    33      305.5460      303.8852   973082    0.54%         x.28.32 U  36442  36441     28
  37418 19625      304.3096    39      305.5460      303.9007   995056    0.54%          x.0.37 N  37418  37417     21
  38356 20024      303.9833    55      305.5460      303.9167  1016472    0.53%          x.6.39 D  38356  38355     16
  39282 20324      305.4151    55      305.5460      303.9351  1038392    0.53%         x.32.38 N  39282  26224     22
  40244 20709      305.1532    47      305.5460      303.9531  1059715    0.52%          x.0.37 D  40244  40243     19
  41230 21034      305.4928    41      305.5460      303.9696  1081532    0.52%         x.27.13 N  41230  41229     31
Elapsed time = 111.87 sec. (168684.21 ticks, tree = 511.89 MB, solutions = 21)
  42213 21361      304.4456    44      305.5460      303.9854  1102868    0.51%         x.13.38 D  42213  42212     18
  43223 21781      304.5042    38      305.5460      303.9978  1123717    0.51%          x.4.36 D  43223  43222     47
  44154 22112      305.1552    36      305.5460      304.0132  1144930    0.50%         x.27.23 N  44154  44153     39
  45090 22509      305.2849    37      305.5460      304.0255  1165832    0.50%           x.8.9 D  45090  45088     40
  46094 22908      304.8054    52      305.5460      304.0386  1186917    0.49%         x.21.13 D  46094  46093     20
* 46600 23086      integral     0      305.5446      304.0455  1198095    0.49%
  47099 23290        cutoff            305.5446      304.0498  1207266    0.49%          x.28.3 U  47099  47097     14
  48050 23608      304.5173    50      305.5446      304.0649  1228200    0.48%         x.16.29 N  48050   8750     19
  48970 23980      305.2673    35      305.5446      304.0765  1248528    0.48%         x.16.29 U  48970  48969     25
  49897 24345        cutoff            305.5446      304.0886  1268439    0.48%         x.16.29 U  49897  49896     38
  50793 24619      304.7808    45      305.5446      304.1032  1288538    0.47%          x.5.13 N  50793  50792     16
Elapsed time = 136.23 sec. (206851.09 ticks, tree = 620.30 MB, solutions = 22)
  51665 24876        cutoff            305.5446      304.1160  1307829    0.47%          x.5.10 U  51665  32214     21
* 51939 24601      integral     0      305.5016      304.1182  1313969    0.45%
  52542 24793      305.2343    40      305.5016      304.1258  1327295    0.45%         x.32.15 N  52542  52541     34
  53441 25047      304.2985    43      305.5016      304.1366  1346341    0.45%          x.0.37 N  53441  10409     26
  54366 25358      305.0766    42      305.5016      304.1466  1366089    0.44%          x.0.37 N  54366  54365     18
  55201 25585      304.5005    38      305.5016      304.1603  1385090    0.44%         x.27.23 N  55201  55200     33
  56090 25837      304.9745    34      305.5016      304.1716  1403773    0.44%         x.23.27 D  56090  56089     36
  56968 26079      305.4597    42      305.5016      304.1827  1423426    0.43%         x.21.20 N  56968  56966     24
  57823 26292      304.4394    51      305.5016      304.1962  1442114    0.43%          x.6.20 N  57823  57822     20
  58675 26519        cutoff            305.5016      304.2089  1460785    0.42%          x.23.7 D  58675  58674     30
  59528 26735      305.0555    51      305.5016      304.2213  1479069    0.42%         x.30.25 D  59528  59527     16
Elapsed time = 160.23 sec. (245021.26 ticks, tree = 692.15 MB, solutions = 23)
  60455 27069      304.6970    40      305.5016      304.2316  1497590    0.42%         x.28.34 N  60455  60454     30
  61306 27276      304.8123    41      305.5016      304.2430  1516471    0.41%         x.19.11 N  61306  61305     17
  62149 27533      304.8494    44      305.5016      304.2521  1535126    0.41%         x.19.11 N  62149  62148     43
  63021 27710      304.3469    45      305.5016      304.2632  1553736    0.41%          x.30.0 N  63021  63020     15
  63889 27928      304.7689    31      305.5016      304.2740  1572417    0.40%          x.15.5 D  63889  63888     37
  64732 28167      304.9515    50      305.5016      304.2834  1590423    0.40%         x.19.11 N  64732  25631     39
  65611 28393      304.6518    43      305.5016      304.2920  1608337    0.40%          x.0.37 N  65611  65610     19
  66496 28652      304.5532    39      305.5016      304.3009  1626561    0.39%         x.27.13 N  66496  66495     40
  67340 28922      304.4736    57      305.5016      304.3088  1644769    0.39%         x.19.14 N  67340  67339     16
  68218 29182        cutoff            305.5016      304.3173  1663304    0.39%         x.16.29 D  68218  68216     27
Elapsed time = 183.56 sec. (283203.26 ticks, tree = 773.74 MB, solutions = 23)
  69053 29388      305.2007    41      305.5016      304.3266  1681143    0.38%         x.16.29 N  69053  69052     28
  69849 29574      304.6688    48      305.5016      304.3350  1698795    0.38%          x.30.0 D  69849  69848     14
  70701 29820      304.8795    49      305.5016      304.3432  1716792    0.38%          x.6.39 N  70701  70700     14
  71527 29942        cutoff            305.5016      304.3533  1734364    0.38%          x.38.4 D  71527  71525     26
  72359 30093      305.3065    31      305.5016      304.3628  1752483    0.37%          x.38.4 N  72359  72358     32
  73177 30213        cutoff            305.5016      304.3732  1769872    0.37%         x.23.27 U  73177  14613     26
  74020 30360      304.6690    50      305.5016      304.3819  1787502    0.37%          x.6.39 D  74020  74019     23
  74823 30500      305.2708    33      305.5016      304.3920  1805829    0.36%           x.8.9 N  74823  74822     27
  75651 30606        cutoff            305.5016      304.4030  1823561    0.36%          x.8.30 U  75651  75649     34
  76465 30657      305.3227    39      305.5016      304.4148  1841267    0.36%          x.33.3 N  76465  76464     33
Elapsed time = 207.18 sec. (321380.28 ticks, tree = 828.03 MB, solutions = 23)
  77315 30734        cutoff            305.5016      304.4260  1858459    0.35%          x.0.37 U  77315  77313     19
  78125 30799      304.9848    44      305.5016      304.4362  1875410    0.35%          x.6.23 N  78125  78124     15
  78950 30877      305.1740    45      305.5016      304.4479  1893083    0.34%          x.6.39 N  78950  78949     17
  79767 30882      305.1335    43      305.5016      304.4577  1910667    0.34%          x.0.37 N  79767  48288     18
  80562 30883      305.2845    34      305.5016      304.4684  1927966    0.34%          x.0.37 N  80562  80560     23
  81381 30849        cutoff            305.5016      304.4800  1945163    0.33%          x.8.30 U  81381  81379     53
  82180 30865      305.1672    31      305.5016      304.4903  1962457    0.33%          x.38.4 N  82180  82179     29
  83003 30899      305.1678    27      305.5016      304.5006  1980258    0.33%         x.35.35 N  83003  83001     40
  83817 30900        cutoff            305.5016      304.5101  1997228    0.32%           x.6.4 U  83817  10774     28
  84633 30869      305.3548    35      305.5016      304.5220  2014962    0.32%         x.16.29 N  84633  84632     19
Elapsed time = 231.06 sec. (359578.02 ticks, tree = 846.56 MB, solutions = 23)
  85444 30856        cutoff            305.5016      304.5321  2032562    0.32%          x.16.7 D  85444  85443     49
  86276 30851      305.4847    42      305.5016      304.5421  2049197    0.31%          x.0.37 N  86276  86275     14
  87094 30793      305.4568    50      305.5016      304.5528  2066330    0.31%          x.0.21 N  87094  87093     16
  87897 30742      305.2218    52      305.5016      304.5621  2083324    0.31%         x.22.38 N  87897  87896     14
  88702 30701        cutoff            305.5016      304.5727  2100367    0.30%         x.19.20 U  88702  88701     16
  89494 30696      305.3179    35      305.5016      304.5821  2116864    0.30%          x.8.12 N  89494  89493     36
  90349 30685        cutoff            305.5016      304.5914  2133553    0.30%         x.16.29 D  90349  90347     42
  91159 30649      305.4431    42      305.5016      304.6009  2150530    0.29%         x.22.15 N  91159  91158     29
  91966 30607      305.2654    60      305.5016      304.6102  2167066    0.29%          x.6.23 N  91966  91965     14
  92810 30555      304.9710    41      305.5016      304.6208  2183807    0.29%          x.0.37 N  92810  92809     31
Elapsed time = 254.98 sec. (397769.77 ticks, tree = 849.66 MB, solutions = 23)
  93636 30466      305.1487    46      305.5016      304.6315  2200596    0.28%         x.22.38 N  93636  19606     23
  94468 30397        cutoff            305.5016      304.6420  2217099    0.28%         x.19.11 U  94468  94467     17
  95302 30292      305.2648    37      305.5016      304.6513  2233873    0.28%          x.0.37 N  95302  81155     46
  96135 30159      305.2637    42      305.5016      304.6629  2250590    0.27%          x.0.37 N  96135  96134     30
  96933 30059      305.3770    31      305.5016      304.6729  2267586    0.27%           x.4.7 N  96933  96932     44
  97757 29924      304.8689    50      305.5016      304.6828  2284260    0.27%         x.22.38 N  97757  66719     15
  98574 29777        cutoff            305.5016      304.6933  2300079    0.26%           x.4.7 U  98574  88629     33
  99405 29660        cutoff            305.5016      304.7036  2316211    0.26%          x.0.37 U  99405  99404     28
 100190 29523      304.7654    35      305.5016      304.7135  2332518    0.26%         x.19.11 N 100190  67946     36
 100990 29465      304.8713    42      305.5016      304.7218  2348739    0.26%           x.6.4 N 100990 100989     33
Elapsed time = 278.80 sec. (435958.39 ticks, tree = 830.19 MB, solutions = 23)
 101797 29292        cutoff            305.5016      304.7314  2364810    0.25%         x.35.10 U 101797  41574     50
 102644 29102      305.1347    28      305.5016      304.7417  2380642    0.25%         x.28.11 N 102644 102643     26
 103486 28971      305.0620    31      305.5016      304.7515  2396606    0.25%         x.16.29 N 103486  58538     30
 104327 28790      305.4206    19      305.5016      304.7618  2412454    0.24%         x.24.15 N 104327 104326     46
 105161 28656      305.4657    49      305.5016      304.7708  2428791    0.24%          x.6.23 N 105161  78302     19
 105985 28504      305.1535    47      305.5016      304.7805  2444270    0.24%          x.8.12 N 105985   8920     36
 106828 28284      305.4553    35      305.5016      304.7907  2460028    0.23%          x.6.31 N 106828  51798     20
 107628 28091      305.2652    45      305.5016      304.8004  2475678    0.23%         x.19.11 N 107628  40385     39
 108543 27817      305.2387    47      305.5016      304.8116  2492421    0.23%          x.0.37 N 108543  45920     32
 109455 27561      305.3017    21      305.5016      304.8229  2508562    0.22%         x.18.15 N 109455 109454     35
Elapsed time = 303.19 sec. (474159.71 ticks, tree = 786.76 MB, solutions = 23)
 110330 27349        cutoff            305.5016      304.8325  2525812    0.22%         x.24.15 U 110330  49501     45
 111222 27156      304.9221    43      305.5016      304.8429  2542508    0.22%         x.37.15 N 111222  37370     44
 112173 26849      305.2747    39      305.5016      304.8554  2558212    0.21%         x.22.38 N 112173  66038     22
 113080 26526        cutoff            305.5016      304.8669  2574767    0.21%          x.21.9 U 113080  56164     39
 114012 26249      304.9637    58      305.5016      304.8769  2590862    0.20%          x.6.31 N 114012 114010     22
 114957 25914      305.4203    46      305.5016      304.8887  2606407    0.20%          x.0.37 N 114957  43854     12
 115881 25602        cutoff            305.5016      304.8990  2622499    0.20%         x.22.38 U 115881  39704     17
 116792 25288      305.1775    40      305.5016      304.9087  2638266    0.19%          x.6.39 N 116792  23038     31
 117730 24944      305.3014    40      305.5016      304.9202  2653880    0.19%         x.28.34 N 117730 117729     36
 118682 24538      305.1559    50      305.5016      304.9322  2668768    0.19%         x.19.11 N 118682  90457     14
Elapsed time = 328.57 sec. (512336.65 ticks, tree = 709.66 MB, solutions = 23)
 119650 24123        cutoff            305.5016      304.9442  2683643    0.18%         x.16.29 U 119650 119649     34
 120608 23671        cutoff            305.5016      304.9571  2698589    0.18%         x.14.13 U 120608  43805     23
 121610 23259        cutoff            305.5016      304.9695  2713618    0.17%           x.6.4 U 121610  68929     29
 122580 22812        cutoff            305.5016      304.9816  2728638    0.17%         x.32.38 U 122580  86966     17
 123525 22367      305.2845    29      305.5016      304.9940  2743518    0.17%          x.8.37 N 123525 123524     28
 124488 21883        cutoff            305.5016      305.0057  2758649    0.16%         x.39.10 U 124488 120124     24
 125459 21422      305.4635    45      305.5016      305.0179  2772926    0.16%          x.0.31 N 125459 125458     20
 126408 20989        cutoff            305.5016      305.0295  2787381    0.15%         x.23.27 U 126408  31732     31
 127399 20469      305.4095    35      305.5016      305.0421  2801319    0.15%         x.19.11 N 127399  39683     23
 128379 19953      305.4958    51      305.5016      305.0538  2814769    0.15%          x.6.23 N 128379  97059     23
Elapsed time = 354.37 sec. (550502.92 ticks, tree = 583.85 MB, solutions = 23)
 129366 19453      305.0857    48      305.5016      305.0655  2828531    0.14%         x.12.38 D 129366 129365     24
 130371 18877      305.4888    34      305.5016      305.0795  2841769    0.14%          x.5.34 N 130371 130370     48
 131378 18273        cutoff            305.5016      305.0938  2854541    0.13%         x.19.20 U 131378 119176     29
 132377 17677        cutoff            305.5016      305.1070  2867220    0.13%          x.6.31 U 132377  97001     19
 133381 17079        cutoff            305.5016      305.1199  2880411    0.12%         x.22.35 U 133381  77980     49
 134421 16415        cutoff            305.5016      305.1338  2892359    0.12%         x.28.19 D 134421 134420     28
 135424 15817        cutoff            305.5016      305.1461  2904793    0.12%          x.6.39 U 135424  19265     16
 136511 15026        cutoff            305.5016      305.1623  2916108    0.11%         x.21.13 U 136511  71184     19
 137614 14202        cutoff            305.5016      305.1789  2926658    0.11%         x.22.38 D 137614 105182     23
 138728 13337        cutoff            305.5016      305.1961  2936752    0.10%          x.23.7 U 138728 119355     36
Elapsed time = 380.55 sec. (588660.92 ticks, tree = 394.53 MB, solutions = 23)
 139861 12437        cutoff            305.5016      305.2134  2946228    0.09%         x.14.13 U 139861  98322     34
 141013 11491        cutoff            305.5016      305.2318  2955180    0.09%         x.24.30 U 141013 134678     47
 142146 10560        cutoff            305.5016      305.2512  2963944    0.08%          x.6.23 U 142146  75642     27
 143293  9585        cutoff            305.5016      305.2699  2972685    0.08%         x.28.11 U 143293  67934     13
 144481  8513        cutoff            305.5016      305.2904  2980220    0.07%         x.19.20 U 144481  49019     31
 145687  7436        cutoff            305.5016      305.3118  2987056    0.06%          x.7.27 D 145687  22727     47
 146966  6231        cutoff            305.5016      305.3364  2992876    0.05%          x.6.14 U 146966  40274     39
 148183  5083        cutoff            305.5016      305.3595  2998702    0.05%         x.19.11 U 148183  59636     18
 149424  3912        cutoff            305.5016      305.3855  3004088    0.04%         x.32.38 U 149424  57692     31
 150711  2669        cutoff            305.5016      305.4184  3008134    0.03%         x.19.13 U 150711  44257     41
Elapsed time = 408.46 sec. (626828.56 ticks, tree = 79.91 MB, solutions = 23)
 152009  1398        cutoff            305.5016      305.4543  3011176    0.02%         x.22.15 U 152009 110673     18
 153338    74        cutoff            305.5016      305.4984  3013415    0.00%         x.32.38 U 153338  44680     28

Gomory fractional cuts applied:  18
User cuts applied:  4185

Root node processing (before b&c):
  Real time             =    0.10 sec. (94.07 ticks)
Sequential b&c:
  Real time             =  413.90 sec. (635035.36 ticks)
                          ------------
Total (root+branch&cut) =  413.99 sec. (635129.42 ticks)

Solution status: 101
Objective value:  3.0550156867e+02
Solution status is CPX_STAT_OPTIMAL
Node: 153413
