proble size: m = 5 , n = 5 , seed = 10 
Benders' cuts separated to cut off: Only integer infeasible solutions.
seed = 10
Version identifier: 20.1.0.0 | 2020-11-10 | 9bedb6d68
CPXPARAM_Threads                                 1
CPXPARAM_RandomSeed                              10
CPXPARAM_MIP_Strategy_CallbackReducedLP          0
CPXPARAM_MIP_Strategy_Search                     1
CPXPARAM_TimeLimit                               3600
CPXPARAM_MIP_Tolerances_AbsMIPGap                0
CPXPARAM_MIP_Tolerances_MIPGap                   0
Legacy callback                                  L
Tried aggregator 1 time.
Reduced MIP has 40 rows, 1640 columns, and 1600 nonzeros.
Reduced MIP has 1600 binaries, 0 generals, 0 SOSs, and 0 indicators.
Presolve time = 0.00 sec. (0.63 ticks)
Probing time = 0.00 sec. (2.48 ticks)
Clique table members: 40.
MIP emphasis: balance optimality and feasibility.
MIP search method: traditional branch-and-cut.
Parallel mode: none, using 1 thread.
Root relaxation solution time = 0.00 sec. (0.34 ticks)

        Nodes                                         Cuts/
   Node  Left     Objective  IInf  Best Integer    Best Bound    ItCnt     Gap         Variable B NodeID Parent  Depth

      0     0        0.0000    26                      0.0000        0         
*     0+    0                         1018.9473        0.0000           100.00%
*     0+    0                          872.3544        0.0000           100.00%
      0     0      182.8557    49      872.3544     Fract: 24       90   79.04%
*     0+    0                          689.4544      182.8557            73.48%
      0     0      238.9809    61      689.4544     Fract: 19      160   65.34%
*     0+    0                          599.0916      238.9809            60.11%
*     0+    0                          590.4667      238.9809            59.53%
*     0+    0                          535.6977      238.9809            55.39%
*     0+    0                          359.9094      238.9809            33.60%
      0     2      284.3761    64      359.9094      284.5022      160   20.95%                        0             0
Elapsed time = 0.07 sec. (67.71 ticks, tree = 0.01 MB, solutions = 7)
*    70+   70                          338.1359      285.2173            15.65%
*    90+   90                          332.9753      285.2173            14.34%
*   100+  100                          320.7807      285.2173            11.09%
*   110+  110                          312.6827      285.2173             8.78%
    151   140      289.8791    60      312.6827      285.2988      989    8.76%         x.17.22 D    151    150      4
    407   369      303.1099    61      312.6827      285.8570     2307    8.58%         x.29.39 D    407    406     50
*   600+  512                          309.9849      286.2475             7.66%
*   610+  515                          309.7892      286.2475             7.60%
    730   615      293.6176    59      309.7892      286.3221     4134    7.58%         x.36.13 D    730    729     29
*   840+  657                          307.7792      286.7485             6.83%
   1041   847      302.8465    58      307.7792      286.8484     6082    6.80%          x.0.13 D   1041   1040     45
   1421  1187      303.3369    44      307.7792      288.0970     8236    6.39%         x.11.33 D   1421   1420     41
   1873  1590      295.7101    56      307.7792      289.6570    10793    5.89%         x.21.24 D   1873   1872     29
   2328  2000      301.0687    58      307.7792      290.2098    13853    5.71%          x.11.7 D   2328   2327     37
   2831  2434      299.5221    59      307.7792      290.3630    16773    5.66%         x.10.13 D   2831   2830     46
   3354  2894      298.6577    50      307.7792      290.5362    19819    5.60%          x.1.13 D   3354   3353     35
   5439  4753      300.2285    56      307.7792      291.1160    31016    5.41%         x.39.13 D   5439   5438     46
Elapsed time = 3.02 sec. (3183.48 ticks, tree = 12.84 MB, solutions = 14)
   7531  6624      292.4628    55      307.7792      291.3449    41951    5.34%          x.29.3 U   7531   7529     14
   9685  8554      293.6426    49      307.7792      291.5808    53135    5.26%         x.26.17 U   9685   9684     13
* 10730+ 8985                          306.7902      291.6615             4.93%
  11637  9791      301.6049    50      306.7902      291.7249    63080    4.91%         x.37.13 D  11637  11636     46
  14000 11855      297.6929    48      306.7902      291.9161    75544    4.85%         x.33.13 D  14000  13999     32
  16405 13923      297.0192    51      306.7902      292.1206    87545    4.78%         x.10.29 U  16405  16404     22
  18792 15973      295.6242    55      306.7902      292.2473    99599    4.74%          x.7.13 D  18792  18791     22
  21133 18019      301.0747    46      306.7902      292.3682   111172    4.70%         x.21.25 U  21133  21132     57
  23543 20109      293.7693    51      306.7902      292.4755   122783    4.67%         x.23.21 U  23543   1110      3
  25907 22167      299.4293    46      306.7902      292.5684   134162    4.64%         x.17.13 D  25907  25906     42
* 27590+23327                          306.5775      292.6282             4.55%
  28037 23708      298.5509    59      306.5775      292.6420   145048    4.55%         x.32.13 D  28037  28036     42
Elapsed time = 12.70 sec. (12727.40 ticks, tree = 64.18 MB, solutions = 16)
  30121 25475      295.3461    49      306.5775      292.7288   156500    4.52%         x.24.17 U  30121  30120     24
  32363 27319      296.9807    48      306.5775      292.8245   168308    4.49%           x.2.7 D  32363  32362     23
  34639 29225        cutoff            306.5775      292.8707   179576    4.47%         x.29.27 D  34639  34638     38
  36979 31120      293.9363    57      306.5775      292.9325   191077    4.45%          x.3.22 D  36979  36978     18
  39219 32984      299.2570    52      306.5775      292.9894   202697    4.43%         x.21.13 D  39219  39218     31
  41464 34874      303.5981    59      306.5775      293.0531   214954    4.41%          x.36.7 D  41464  41463     19
  43707 36732      305.1003    46      306.5775      293.1080   226330    4.39%         x.23.10 D  43707  43706     96
  46000 38626      304.5874    46      306.5775      293.1503   238150    4.38%         x.36.22 D  46000  45999     67
  48272 40493      301.8593    53      306.5775      293.1981   249905    4.36%         x.36.13 D  48272  48271     43
  50489 42381      305.1981    52      306.5775      293.2379   261576    4.35%          x.17.7 D  50489  50488     19
Elapsed time = 22.27 sec. (22266.58 ticks, tree = 115.62 MB, solutions = 16)
  52827 44294      301.6058    53      306.5775      293.2946   273372    4.33%          x.0.33 D  52827  52826     51
  55150 46236      302.7903    49      306.5775      293.3346   285206    4.32%           x.5.8 D  55150  55149     48
  57479 48201      297.4196    49      306.5775      293.3695   297009    4.31%          x.2.22 D  57479  57478     16
  59823 50195        cutoff            306.5775      293.4097   308592    4.30%          x.8.30 U  59823  59820     45
  62154 52111      297.0038    48      306.5775      293.4537   319999    4.28%         x.18.13 D  62154  62153     34
  64407 54004      300.6140    50      306.5775      293.4901   331597    4.27%         x.29.13 D  64407  64406     55
  66746 55945      297.6284    56      306.5775      293.5239   342982    4.26%         x.35.13 D  66746  66745     44
  69072 57900      304.0735    58      306.5775      293.5614   354414    4.25%         x.23.27 D  69072  69071     27
  71377 59891      302.6851    60      306.5775      293.5867   365525    4.24%         x.10.13 D  71377  71376     62
  73755 61908      303.2296    43      306.5775      293.6115   376801    4.23%         x.28.27 D  73755  73754     75
Elapsed time = 31.79 sec. (31806.07 ticks, tree = 167.96 MB, solutions = 16)
  76188 63940      298.9251    51      306.5775      293.6368   387900    4.22%           x.5.8 D  76188  76187     48
  78580 65912      299.3308    48      306.5775      293.6668   399435    4.21%         x.39.10 D  78580  78579     39
  81016 67937      300.5250    46      306.5775      293.6895   410648    4.20%         x.24.13 U  81016  81014     34
  83375 69884      303.8194    52      306.5775      293.7126   421869    4.20%         x.17.22 U  83375  83374     15
  85717 71814      302.8381    44      306.5775      293.7349   432696    4.19%         x.11.13 D  85717  85716     68
  88140 73837      300.8654    58      306.5775      293.7579   443670    4.18%         x.33.13 D  88140  88139     55
  90553 75925      300.1154    55      306.5775      293.7797   454987    4.17%         x.11.13 D  90553  90552     57
  92910 77895      297.8359    63      306.5775      293.8038   466438    4.17%          x.22.7 D  92910  92909     32
  95313 79862      302.0790    51      306.5775      293.8258   477501    4.16%         x.20.17 U  95313  95312     32
  97763 81956      294.2759    53      306.5775      293.8500   488480    4.15%         x.39.22 U  97763  60497     16
Elapsed time = 41.45 sec. (41346.36 ticks, tree = 224.53 MB, solutions = 16)
 100219 83962      303.8053    55      306.5775      293.8745   499679    4.14%          x.11.7 U 100219  12427     17
 102641 85992      295.5494    51      306.5775      293.8986   510724    4.14%          x.3.22 D 102641 102640     15
 105010 87980      302.5966    45      306.5775      293.9205   521936    4.13%          x.1.13 D 105010 105009     62
 107450 90069      299.2996    51      306.5775      293.9386   532687    4.12%         x.20.17 U 107450 107449     27
 109863 92048      298.3029    59      306.5775      293.9609   543781    4.12%          x.3.10 D 109863 109862     38
 112230 93965      302.8004    42      306.5775      293.9847   555064    4.11%         x.35.13 D 112230 112229     59
 114705 96026      301.6163    43      306.5775      294.0014   566198    4.10%          x.0.28 D 114705 114704     47
 117149 98109      302.1673    55      306.5775      294.0228   576808    4.10%         x.14.13 D 117149 117148     33
 119596 100203      296.5400    54      306.5775      294.0452   587837    4.09%          x.17.7 D 119596 119595     25
 122011 102198      302.6895    48      306.5775      294.0620   598631    4.08%          x.0.27 D 122011 122010     49
Elapsed time = 51.18 sec. (50886.61 ticks, tree = 278.81 MB, solutions = 16)
 124444 104194      301.1744    56      306.5775      294.0810   609460    4.08%         x.21.25 U 124444 124443     58
 126900 106235      302.5917    48      306.5775      294.0974   620680    4.07%         x.28.10 D 126900 126899     39
 129407 108327      298.2312    62      306.5775      294.1133   631345    4.07%           x.5.2 D 129407 129406     41
 131938 110484      302.1594    49      306.5775      294.1339   641485    4.06%          x.38.4 D 131938 131936     54
 134379 112527      304.3245    52      306.5775      294.1493   652738    4.05%          x.2.22 U 134379 108498     21
 136804 114553      303.8989    55      306.5775      294.1689   663674    4.05%          x.9.22 D 136804 136803     22
 139265 116644      302.6727    56      306.5775      294.1845   674372    4.04%          x.5.10 U 139265 139263     36
 141745 118719      304.1545    48      306.5775      294.2006   684986    4.04%         x.17.13 D 141745 141744     77
 144173 120706      300.3461    47      306.5775      294.2164   695731    4.03%          x.5.10 D 144173 144172     35
 146607 122710      297.1882    56      306.5775      294.2354   706588    4.03%         x.17.17 U 146607 146606     18
Elapsed time = 60.91 sec. (60425.85 ticks, tree = 333.80 MB, solutions = 16)
 149073 124826      297.2981    56      306.5775      294.2485   717284    4.02%         x.10.22 D 149073 149072     25
 151464 126778      300.9919    59      306.5775      294.2621   728002    4.02%         x.32.38 D 151464 151463     29
 153941 128884      294.4296    60      306.5775      294.2738   738040    4.01%         x.39.22 U 153941 104037     15
 156300 130813      303.9675    49      306.5775      294.2908   749168    4.01%          x.8.27 D 156300 156299     46
 158757 132847      300.5396    52      306.5775      294.3058   759616    4.00%         x.37.10 D 158757 158756     57
*161120+125665                          305.6820      294.3254             3.72%
 161150 125696      302.3344    46      305.6820      294.3254   770536    3.72%          x.0.34 D 161150 161149     65
 163177 127345      299.5604    55      305.6820      294.3365   779617    3.71%         x.28.10 D 163177 163176     37
 165610 129322      299.8683    41      305.6820      294.3489   790424    3.71%          x.38.4 D 165610 165608     48
 168062 131233      302.9125    47      305.6820      294.3665   801207    3.70%          x.5.34 D 168062 168061     44
 170545 133212      297.3388    47      305.6820      294.3844   812225    3.70%         x.17.17 U 170545 170544     20
Elapsed time = 70.81 sec. (69968.28 ticks, tree = 365.09 MB, solutions = 17)
 172994 135164      301.9076    49      305.6820      294.3978   822715    3.69%          x.6.27 D 172994 172993     43
 175450 137125      300.7803    55      305.6820      294.4168   833533    3.69%          x.5.20 D 175450 175449     44
 177880 139064      295.7997    51      305.6820      294.4312   844466    3.68%         x.39.22 D 177880 177879     16
 180306 140969      300.4626    49      305.6820      294.4482   855161    3.68%          x.5.13 D 180306 180305     39
 182666 142854      297.5562    57      305.6820      294.4626   866168    3.67%         x.24.13 D 182666 182665     39
 185090 144766      298.6987    46      305.6820      294.4770   877100    3.67%          x.5.10 D 185090 185089     35
 187497 146775      299.1341    52      305.6820      294.4882   887786    3.66%          x.39.7 D 187497 187496     34
 189925 148675      304.1008    52      305.6820      294.5031   898408    3.66%          x.2.22 U 189925  65152     20
 192374 150661      300.0365    48      305.6820      294.5160   908914    3.65%         x.39.10 D 192374 192373     26
 194814 152557      302.6781    56      305.6820      294.5324   919371    3.65%          x.0.38 D 194814 194813     69
Elapsed time = 80.60 sec. (79508.29 ticks, tree = 417.26 MB, solutions = 17)
 197218 154497      300.9888    52      305.6820      294.5454   929970    3.64%          x.0.10 D 197218 197217     64
 199641 156421      300.8138    48      305.6820      294.5584   940679    3.64%         x.11.10 D 199641 199640     30
 202056 158307      303.8469    49      305.6820      294.5744   951778    3.63%          x.0.31 D 202056 202055     63
 204514 160275      296.9029    51      305.6820      294.5871   962478    3.63%          x.2.22 D 204514 204513     19
 206895 162212      301.9769    51      305.6820      294.5993   972882    3.63%          x.5.26 D 206895 206894     40
 209323 164093      297.2735    48      305.6820      294.6158   983597    3.62%         x.31.22 N 209323 209322     25
 211850 166060      299.4397    47      305.6820      294.6326   994167    3.61%          x.7.27 D 211850 211849     28
 214320 167985      304.3208    47      305.6820      294.6468  1004959    3.61%         x.29.20 D 214320 214319     44
 216754 169869      304.1379    40      305.6820      294.6585  1015642    3.61%          x.38.4 U 216754 216753     44
 226627 177498      301.7291    48      305.6820      294.7154  1058493    3.59%         x.35.10 D 226627 226626     46
Elapsed time = 93.28 sec. (91908.78 ticks, tree = 486.23 MB, solutions = 17)
 236398 185126      298.1755    57      305.6820      294.7662  1101327    3.57%         x.23.27 D 236398 236397     35
 246232 192847      303.7092    47      305.6820      294.8163  1144370    3.55%         x.21.25 D 246232 246230     45
 256069 200288      302.7347    45      305.6820      294.8697  1187129    3.54%         x.16.10 D 256069 256068     47
 265900 207930      304.7029    38      305.6820      294.9228  1229288    3.52%          x.7.16 D 265900 265899     83
 275621 215414      300.8085    57      305.6820      294.9735  1271907    3.50%          x.5.25 D 275621 275620     44
 285460 222827      296.1325    52      305.6820      295.0264  1314228    3.49%          x.3.22 D 285460 285459     20
 295203 230319      305.6043    40      305.6820      295.0685  1357452    3.47%          x.5.25 D 295203 295201     38
 304919 237650      305.4130    55      305.6820      295.1161  1401279    3.46%         x.23.27 U 304919  66002     23
 314660 245037      299.5531    59      305.6820      295.1597  1445374    3.44%          x.0.38 D 314660 314659     41
 324377 252315      305.6782    60      305.6820      295.2059  1489294    3.43%         x.29.27 D 324377 324376     24
Elapsed time = 132.35 sec. (130058.41 ticks, tree = 692.50 MB, solutions = 17)
 334195 259566      303.7413    45      305.6820      295.2547  1532303    3.41%          x.10.2 D 334195 334194     84
 343888 266802      299.7775    52      305.6820      295.2929  1576504    3.40%         x.27.10 D 343888 343887     37
 353640 274048      303.0289    46      305.6820      295.3365  1619960    3.38%          x.0.37 D 353640 353639     50
 363340 281316      301.3555    53      305.6820      295.3758  1663594    3.37%          x.38.4 U 363340 363339     49
 373100 288614      301.0858    44      305.6820      295.4155  1705881    3.36%          x.5.10 D 373100 373099     33
 382867 295879      296.2424    61      305.6820      295.4565  1749136    3.35%          x.16.7 D 382867 382866     30
 392783 303277      300.3810    52      305.6820      295.4964  1792114    3.33%          x.0.20 D 392783 392782     48
 402455 310455      302.5008    44      305.6820      295.5317  1835792    3.32%          x.22.7 D 402455 402454     36
 412380 317944      301.9508    55      305.6820      295.5659  1878968    3.31%         x.21.13 D 412380 412379     44
 422190 325215      304.5664    53      305.6820      295.6036  1921826    3.30%          x.5.13 D 422190 422189     38
Elapsed time = 171.29 sec. (168209.14 ticks, tree = 892.06 MB, solutions = 17)
 432035 332466      302.6604    46      305.6820      295.6379  1965032    3.29%          x.6.27 D 432035 432034     42
 441867 339828      295.8116    59      305.6820      295.6709  2007760    3.27%          x.5.25 D 441867 167294     29
 451518 346743      297.8087    59      305.6820      295.7064  2051834    3.26%         x.31.22 D 451518 451517     30
 461200 353640      302.0687    49      305.6820      295.7433  2096102    3.25%          x.0.26 D 461200 461199     62
 470711 360432      302.7582    52      305.6820      295.7760  2140763    3.24%         x.28.10 D 470711 470710     42
 480419 367282      300.2851    50      305.6820      295.8127  2185379    3.23%           x.5.8 D 480419 480418     47
 490109 374327      297.1402    58      305.6820      295.8420  2229478    3.22%          x.5.37 D 490109 490108     56
 499620 381051      304.3682    43      305.6820      295.8705  2274204    3.21%         x.27.20 D 499620 499619     55
 509281 387818      304.7080    56      305.6820      295.9020  2318372    3.20%           x.5.2 U 509281 509279     47
 519030 394751      299.6682    54      305.6820      295.9310  2362802    3.19%         x.17.17 U 519030 519029     33
Elapsed time = 210.30 sec. (206359.32 ticks, tree = 1087.41 MB, solutions = 17)
 528792 401632      300.9534    57      305.6820      295.9630  2406478    3.18%          x.27.7 U 528792 528790     33
 538490 408466      304.7795    42      305.6820      295.9967  2450440    3.17%         x.10.22 D 538490 538489     25
 548236 415364      303.9327    48      305.6820      296.0257  2494584    3.16%         x.16.27 D 548236 548235     49
 557930 422180      301.6206    48      305.6820      296.0514  2538580    3.15%         x.30.10 D 557930 557929     52
 567523 429031      298.7044    52      305.6820      296.0774  2583191    3.14%         x.27.33 D 567523 567522     42
 577166 435830      301.6308    51      305.6820      296.1027  2628133    3.13%         x.37.10 D 577166 577165     40
 586959 442691      302.6282    46      305.6820      296.1293  2672415    3.13%          x.27.0 D 586959 586958     67
 596712 449536      302.8399    44      305.6820      296.1545  2716477    3.12%          x.0.33 D 596712 596711     60
 606355 456316      305.1591    38      305.6820      296.1804  2760645    3.11%         x.28.19 N 606355 606354     66
 616198 463293      302.9578    56      305.6820      296.2067  2804125    3.10%         x.11.27 D 616198 616197     33
Elapsed time = 249.45 sec. (244508.95 ticks, tree = 1272.32 MB, solutions = 17)
 625900 470090      303.7454    35      305.6820      296.2296  2847498    3.09%         x.24.30 D 625900 625899     67
 635739 477047      301.6082    55      305.6820      296.2514  2891164    3.09%          x.38.4 U 635739 635738     40
 645486 483875      305.6128    39      305.6820      296.2742  2935137    3.08%          x.0.32 D 645486 645485     65
 655211 490774      300.5722    51      305.6820      296.2958  2979843    3.07%         x.35.10 D 655211 655210     48
 664898 497510      300.9156    52      305.6820      296.3186  3023453    3.06%          x.20.7 D 664898 664897     36
 674530 504202      303.9161    38      305.6820      296.3410  3067789    3.06%          x.0.24 D 674530 674529     54
 684204 511074        cutoff            305.6820      296.3628  3111875    3.05%         x.24.13 U 684204 684202     45
 693918 517740      301.2045    41      305.6820      296.3848  3155490    3.04%          x.0.27 D 693918 693917     48
 703777 524768      302.1440    55      305.6820      296.4037  3199113    3.04%         x.24.17 U 703777 703776     38
 713664 531968        cutoff            305.6820      296.4222  3242568    3.03%           x.7.0 D 713664 713663     80
Elapsed time = 288.49 sec. (282657.55 ticks, tree = 1462.67 MB, solutions = 17)
 723240 538687      299.5961    46      305.6820      296.4409  3286412    3.02%          x.2.22 D 723240 723239     22
 732968 545550      300.0068    57      305.6820      296.4626  3330813    3.02%         x.30.10 D 732968 732967     32
 742642 552366      299.2820    50      305.6820      296.4809  3374062    3.01%          x.9.22 D 742642 742641     30
 752380 559246      298.8890    44      305.6820      296.4993  3418695    3.00%         x.31.22 D 752380 752379     27
 762128 566045      297.1245    49      305.6820      296.5173  3463161    3.00%          x.0.38 D 762128 762127     36
 772000 573059      301.3451    51      305.6820      296.5359  3506527    2.99%         x.24.30 D 772000 771999     68
 781772 579905      302.3505    57      305.6820      296.5537  3550207    2.99%          x.8.27 D 781772 781771     32
 791575 586887      300.6758    50      305.6820      296.5711  3593252    2.98%          x.8.27 D 791575 791574     61
 801412 593853      303.0414    45      305.6820      296.5875  3636845    2.98%          x.0.34 D 801412 801411     47
 811139 600678      298.3486    54      305.6820      296.6048  3681084    2.97%          x.0.38 D 811139 811138     35
Elapsed time = 327.37 sec. (320814.82 ticks, tree = 1654.11 MB, solutions = 17)
 820955 607540      303.7142    38      305.6820      296.6219  3724545    2.96%          x.0.24 D 820955 820953     63
 830729 614437      296.7934    66      305.6820      296.6381  3768067    2.96%         x.12.38 D 830729 830728     20
 840494 621202      302.3014    56      305.6820      296.6544  3811772    2.95%          x.32.7 D 840494 840493     41
 850100 627808      298.3969    53      305.6820      296.6699  3855660    2.95%         x.12.38 U 850100 850098     27
 859900 634678      301.9246    52      305.6820      296.6855  3899669    2.94%         x.11.10 D 859900 859899     35
 869610 641404      303.4639    55      305.6820      296.7018  3944230    2.94%           x.2.7 D 869610 869609     31
 879510 648393      304.3326    42      305.6820      296.7176  3988624    2.93%         x.26.27 N 879510 879509     48
 889252 655200      300.3936    56      305.6820      296.7317  4032982    2.93%          x.6.27 D 889252 889251     58
 899000 662001      301.2712    50      305.6820      296.7483  4077005    2.92%          x.39.7 D 899000 898999     48
 908650 668706      303.5020    35      305.6820      296.7639  4121235    2.92%         x.27.34 D 908650 908649     60
Elapsed time = 366.18 sec. (358964.83 ticks, tree = 1837.61 MB, solutions = 17)
 918310 675211      299.0912    53      305.6820      296.7804  4165850    2.91%          x.29.7 N 918310 918309     52
 927980 681861      302.9192    46      305.6820      296.7956  4210899    2.91%          x.5.26 D 927980 927979     61
 937555 688449      303.1382    44      305.6820      296.8096  4255762    2.90%         x.27.20 D 937555 937554     75
 947151 695070        cutoff            305.6820      296.8240  4299830    2.90%          x.0.20 D 947151 947150     55
 956873 701905      299.5200    59      305.6820      296.8372  4343856    2.89%           x.5.2 D 956873 956872     49
*965820+705891                          305.6425      296.8498             2.88%
 966281 706221      301.0605    50      305.6425      296.8503  4386319    2.88%           x.5.8 D 966281 966280     53
 975888 712763      299.2618    61      305.6425      296.8654  4430545    2.87%          x.5.38 D 975888 975887     49
 985655 719642      301.5628    52      305.6425      296.8793  4474213    2.87%         x.32.38 D 985655 985654     41
 995450 726495      303.6793    53      305.6425      296.8940  4517686    2.86%         x.20.17 D 995450 995448     38
 1005283 733359      298.3141    52      305.6425      296.9095  4562638    2.86%         x.11.10 D 1005283 1005282     36
Elapsed time = 405.43 sec. (397114.60 ticks, tree = 2019.35 MB, solutions = 18)
 1015129 740311      299.4713    51      305.6425      296.9240  4606122    2.85%         x.27.23 U 1015129 1015128     30
 1024610 746985      302.3422    45      305.6425      296.9371  4648327    2.85%          x.0.20 U 1024610 1024607     34
 1033702 753198      304.5329    42      305.6425      296.9509  4688648    2.84%         x.24.15 D 1033702 1033701     63
 1042863 759490      299.6749    47      305.6425      296.9634  4729810    2.84%          x.0.26 D 1042863 1042862     33
 1051960 765912      301.8311    47      305.6425      296.9756  4769426    2.84%         x.32.38 D 1051960 1051959     41
 1060932 772213      300.3300    44      305.6425      296.9858  4808727    2.83%         x.11.27 D 1060932 1060931     37
 1069780 778523      302.5921    43      305.6425      296.9990  4847717    2.83%          x.0.27 D 1069780 1069779     51
 1078515 784718      302.5052    37      305.6425      297.0112  4885888    2.82%         x.12.29 U 1078515 1078514     79
 1087460 790947      300.9019    53      305.6425      297.0234  4926510    2.82%           x.2.7 D 1087460 1087459     26
 1096463 797330      302.0897    48      305.6425      297.0342  4965911    2.82%         x.37.10 D 1096463 1096462     78
Elapsed time = 462.28 sec. (435278.89 ticks, tree = 2188.01 MB, solutions = 18)
Nodefile size = 140.92 MB (71.61 MB after compression)
 1105419 803599      297.9998    61      305.6425      297.0470  5005937    2.81%         x.29.27 D 1105419 1105418     32
 1114216 809802      302.9990    47      305.6425      297.0590  5044310    2.81%          x.5.25 D 1114216 1114215     46
 1123230 815914      298.5101    47      305.6425      297.0705  5085447    2.80%          x.2.22 D 1123230 1123229     24
 1132249 822166      302.5437    54      305.6425      297.0828  5126705    2.80%         x.16.27 D 1132249 1132248     70
 1141280 828346      304.8000    50      305.6425      297.0939  5168352    2.80%          x.5.26 D 1141280 1141279     58
 1150081 834325      301.5374    40      305.6425      297.1044  5209575    2.79%          x.20.7 D 1150081 1150080     28
 1158923 840459      299.2296    52      305.6425      297.1166  5249289    2.79%         x.11.10 D 1158923 1158922     46
 1167798 846401      302.0893    56      305.6425      297.1276  5290458    2.79%          x.5.16 D 1167798 1167797     60
 1176866 852622      303.7383    40      305.6425      297.1379  5332270    2.78%          x.4.13 D 1176866 1176864     76
 1185986 858866      301.8239    53      305.6425      297.1487  5373250    2.78%         x.27.10 D 1185986 1185985     45
Elapsed time = 522.29 sec. (473433.17 ticks, tree = 2349.59 MB, solutions = 18)
Nodefile size = 301.85 MB (152.32 MB after compression)
 1194860 865057      303.5760    47      305.6425      297.1590  5412869    2.78%         x.27.23 U 1194860 1194859     52
 1203609 871024      304.2852    44      305.6425      297.1695  5452107    2.77%         x.11.10 D 1203609 1203607     41
 1212714 877218      303.9436    45      305.6425      297.1811  5493745    2.77%          x.38.4 U 1212714 1212713     52
 1221502 883311      299.1044    53      305.6425      297.1906  5533942    2.77%         x.39.22 D 1221502 1221501     27
 1230295 889455      297.9708    49      305.6425      297.2005  5572227    2.76%          x.3.22 D 1230295 1230294     14
 1239366 895746      302.0042    50      305.6425      297.2105  5614333    2.76%          x.10.2 D 1239366 1239365     53
 1248499 901980      299.6425    49      305.6425      297.2223  5655202    2.75%          x.0.38 D 1248499 1248498     29
 1257374 908131      298.3317    57      305.6425      297.2322  5695009    2.75%          x.5.37 D 1257374 1257373     39
 1266340 914443      300.3569    54      305.6425      297.2425  5735328    2.75%          x.5.16 D 1266340 1266339     46
 1275449 920738      305.2475    40      305.6425      297.2524  5777396    2.75%          x.29.5 D 1275449 1275448     59
Elapsed time = 583.33 sec. (511588.82 ticks, tree = 2512.01 MB, solutions = 18)
Nodefile size = 464.74 MB (232.19 MB after compression)
 1284291 926855      300.1132    51      305.6425      297.2625  5817920    2.74%          x.17.7 D 1284291 1284290     29
 1293365 933138      300.7288    51      305.6425      297.2730  5859060    2.74%         x.15.17 D 1293365 1293364     68
 1302419 939261      298.1820    51      305.6425      297.2825  5901100    2.74%           x.5.0 D 1302419 1302418     47
 1311366 945428      301.4261    52      305.6425      297.2921  5940888    2.73%           x.5.2 D 1311366 1311365     32
 1320261 951700      298.3547    51      305.6425      297.3009  5980763    2.73%          x.5.10 D 1320261 1320260     43
 1329292 957995      301.8662    47      305.6425      297.3100  6020937    2.73%          x.5.38 U 1329292 1103660     40
 1338476 964352      304.9121    54      305.6425      297.3195  6061495    2.72%          x.10.8 D 1338476 1338475     50
 1347047 970337        cutoff            305.6425      297.3277  6100218    2.72%          x.5.25 U 1347047 1347046     29
 1355945 976584      300.6595    55      305.6425      297.3370  6140935    2.72%         x.28.10 D 1355945 1355944     41
 1365158 983054      303.4500    52      305.6425      297.3458  6180603    2.71%         x.11.10 U 1365158 1365156     32
Elapsed time = 645.43 sec. (549761.41 ticks, tree = 2675.59 MB, solutions = 18)
Nodefile size = 628.62 MB (310.63 MB after compression)
 1374041 989208      305.3448    49      305.6425      297.3548  6220491    2.71%          x.0.20 U 1374041 1374039     55
 1382854 995423      298.6288    53      305.6425      297.3633  6258874    2.71%         x.10.38 D 1382854 1382853     29
 1392049 1001703      299.4089    54      305.6425      297.3718  6299048    2.71%         x.11.27 D 1392049 1392048     37
 1401186 1008089      298.9152    47      305.6425      297.3802  6339166    2.70%          x.6.27 D 1401186 1401185     64
 1409953 1014293      301.0757    44      305.6425      297.3889  6376943    2.70%          x.29.3 U 1409953 1409952     57
 1419218 1020838      300.1278    51      305.6425      297.3979  6416956    2.70%          x.5.26 D 1419218 1419217     45
 1428269 1027190      299.7137    55      305.6425      297.4070  6456571    2.69%         x.39.10 D 1428269 1428268     34
 1437057 1033365      303.5935    61      305.6425      297.4143  6494385    2.69%          x.24.8 D 1437057 1437056     42
 1446092 1039655      304.1598    48      305.6425      297.4228  6534031    2.69%         x.16.24 D 1446092 1446091     65
 1455402 1046247      297.5088    54      305.6425      297.4312  6574211    2.69%         x.31.22 D 1455402 358732     30
Elapsed time = 708.30 sec. (587909.83 ticks, tree = 2841.47 MB, solutions = 18)
Nodefile size = 794.48 MB (387.91 MB after compression)
 1464232 1052534      302.2370    52      305.6425      297.4392  6611669    2.68%         x.30.10 D 1464232 1464231     49
 1473180 1058718      297.7481    58      305.6425      297.4477  6651652    2.68%         x.27.23 D 1473180 1147645     54
 1482650 1065452      301.7319    53      305.6425      297.4559  6692137    2.68%          x.5.34 D 1482650 1482649     36
 1491604 1071754      300.9382    47      305.6425      297.4637  6731231    2.68%          x.5.25 U 1491604 1491603     44
 1500365 1077947      302.0968    47      305.6425      297.4720  6769177    2.67%         x.37.10 D 1500365 1500364     39
 1509474 1084145      301.0647    59      305.6425      297.4800  6808710    2.67%          x.5.20 D 1509474 1509473     44
 1518628 1090692      301.0102    47      305.6425      297.4876  6848757    2.67%          x.6.27 D 1518628 1518627     31
 1527783 1097156      300.5086    49      305.6425      297.4960  6888759    2.67%         x.10.38 D 1527783 1527782     30
 1536593 1103207      301.0370    46      305.6425      297.5032  6927771    2.66%         x.39.10 D 1536593 1536592     58
 1545918 1109603      302.4517    50      305.6425      297.5118  6968243    2.66%          x.0.37 D 1545918 1545917     73
Elapsed time = 771.44 sec. (626059.00 ticks, tree = 3007.79 MB, solutions = 18)
Nodefile size = 960.33 MB (463.32 MB after compression)
 1554950 1115835      299.7772    46      305.6425      297.5197  7008259    2.66%          x.5.25 D 1554950 1554949     42
 1564012 1122356      303.6231    58      305.6425      297.5269  7047629    2.66%          x.0.20 D 1564012 1564011     68
 1573079 1128578      298.7089    61      305.6425      297.5352  7087558    2.65%         x.37.10 D 1573079 1573078     61
 1582240 1134975      301.0504    48      305.6425      297.5432  7126764    2.65%          x.5.38 D 1582240 1582239     52
 1591476 1141522      303.3378    55      305.6425      297.5509  7166172    2.65%          x.0.37 D 1591476 1591475     85
 1600555 1147846      300.3893    49      305.6425      297.5589  7206272    2.64%           x.5.8 D 1600555 1600554     52
 1609744 1154198      302.6969    48      305.6425      297.5677  7246692    2.64%          x.5.38 D 1609744 1609743     48
 1618542 1160276      301.6095    49      305.6425      297.5762  7285829    2.64%          x.38.4 U 1618542 1618541     43
 1627542 1166556        cutoff            305.6425      297.5841  7325046    2.64%         x.35.36 D 1627542 1627540     76
 1636614 1172895      304.8835    47      305.6425      297.5912  7364300    2.63%          x.9.17 D 1636614 1636611     77
Elapsed time = 835.13 sec. (664244.58 ticks, tree = 3173.95 MB, solutions = 18)
Nodefile size = 1126.14 MB (536.83 MB after compression)
 1645721 1179303      299.8057    50      305.6425      297.5981  7403837    2.63%          x.36.7 D 1645721 1645720     28
 1654820 1185590      302.1268    49      305.6425      297.6050  7443697    2.63%          x.5.16 D 1654820 1654819     45
 1663979 1191916      298.3620    58      305.6425      297.6121  7484347    2.63%         x.39.10 U 1663979 547381     27
 1672993 1198135      300.6380    48      305.6425      297.6192  7523205    2.63%         x.12.38 U 1672993 1672990     25
 1681845 1204172      299.7651    50      305.6425      297.6261  7562950    2.62%          x.20.7 D 1681845 1681844     39
 1691106 1210572      301.4484    51      305.6425      297.6336  7603068    2.62%         x.39.10 D 1691106 1691105     41
 1700258 1216955      300.7291    56      305.6425      297.6415  7642334    2.62%          x.7.27 D 1700258 1700257     39
 1709689 1223441      300.7242    62      305.6425      297.6481  7683088    2.62%         x.20.17 U 1709689 1709688     53
 1718737 1229676      303.9471    46      305.6425      297.6551  7722183    2.61%           x.0.8 D 1718737 1718736     69
 1727850 1235947      300.9800    56      305.6425      297.6622  7761795    2.61%         x.27.10 D 1727850 1727849     44
Elapsed time = 899.76 sec. (702393.24 ticks, tree = 3339.46 MB, solutions = 18)
Nodefile size = 1291.93 MB (608.67 MB after compression)
 1737033 1242251      303.5750    61      305.6425      297.6693  7802165    2.61%         x.10.22 D 1737033 1737032     45
 1746347 1248727        cutoff            305.6425      297.6769  7842052    2.61%         x.13.13 U 1746347 1746346     76
 1755326 1254934      301.3880    57      305.6425      297.6835  7881027    2.60%          x.5.20 D 1755326 1755325     52
 1764463 1261231      300.5543    50      305.6425      297.6903  7921578    2.60%         x.26.27 D 1764463 1764462     28
 1773501 1267621      301.5909    44      305.6425      297.6971  7960796    2.60%         x.35.10 D 1773501 1773500     55
 1782483 1273810      305.0788    32      305.6425      297.7043  7999310    2.60%          x.0.37 U 1782483 1782481     58
 1791819 1280229      302.0131    55      305.6425      297.7112  8039580    2.59%         x.24.13 D 1791819 1791818     50
 1800924 1286420      301.7517    50      305.6425      297.7186  8079660    2.59%         x.16.10 D 1800924 1800923     44
 1809701 1292429      302.3724    45      305.6425      297.7246  8118295    2.59%          x.10.8 D 1809701 1809700     63
 1818975 1298892      298.3386    51      305.6425      297.7315  8158502    2.59%         x.18.38 D 1818975 1818974     36
Elapsed time = 964.42 sec. (740545.58 ticks, tree = 3504.72 MB, solutions = 18)
Nodefile size = 1456.73 MB (678.43 MB after compression)
 1828258 1305395      300.0353    58      305.6425      297.7381  8198617    2.59%          x.20.7 N 1828258 1828257     39
 1837390 1311737      299.8430    52      305.6425      297.7453  8237304    2.58%         x.16.22 D 1837390 1837389     31
 1846484 1318160      303.2314    51      305.6425      297.7511  8276243    2.58%          x.10.2 D 1846484 1846483     72
 1855672 1324460      303.2782    47      305.6425      297.7573  8315825    2.58%         x.27.11 D 1855672 1855671     74
 1864772 1330760      299.3402    52      305.6425      297.7638  8355265    2.58%          x.0.27 D 1864772 1864771     51
 1873723 1337017      305.1518    33      305.6425      297.7700  8395160    2.58%         x.25.35 D 1873723 1873722    108
 1882845 1343340      300.6314    50      305.6425      297.7766  8435614    2.57%         x.10.22 D 1882845 1882844     26
 1891779 1349544      298.5141    54      305.6425      297.7835  8475131    2.57%          x.7.27 D 1891779 1891778     24
 1900876 1355783      300.9838    60      305.6425      297.7900  8514801    2.57%          x.0.26 D 1900876 1900875     58
 1910010 1361992      303.0362    53      305.6425      297.7967  8554946    2.57%          x.0.24 D 1910010 1910009     41
Elapsed time = 1029.88 sec. (778695.24 ticks, tree = 3670.35 MB, solutions = 18)
Nodefile size = 1622.51 MB (748.32 MB after compression)
 1919063 1368269      301.0522    56      305.6425      297.8030  8594078    2.56%         x.31.22 D 1919063 1919062     35
 1928378 1374719      298.2083    51      305.6425      297.8089  8634139    2.56%         x.39.10 U 1928378 335807     31
 1937652 1381167      300.5020    48      305.6425      297.8150  8674143    2.56%          x.0.37 D 1937652 1937651     65
 1946390 1387352      300.0962    49      305.6425      297.8202  8711356    2.56%          x.5.38 D 1946390 1946389     40
 1955340 1393594      299.3687    48      305.6425      297.8262  8750561    2.56%          x.32.7 D 1955340 1955339     30
 1964295 1399836      305.3649    55      305.6425      297.8321  8789689    2.56%          x.39.7 D 1964295 1964294     48
 1973430 1406158      301.7788    54      305.6425      297.8377  8829745    2.55%          x.30.7 D 1973430 1973429     47
 1982576 1412551      304.2695    52      305.6425      297.8436  8869086    2.55%          x.0.34 D 1982576 1982575     58
 1991616 1418750      304.2606    54      305.6425      297.8494  8908990    2.55%          x.4.13 D 1991616 1991614     79
 2000863 1425130      300.2039    53      305.6425      297.8557  8949275    2.55%         x.11.27 D 2000863 2000862     49
Elapsed time = 1096.25 sec. (816844.02 ticks, tree = 3836.09 MB, solutions = 18)
Nodefile size = 1788.32 MB (816.96 MB after compression)
 2010017 1431337      302.4339    50      305.6425      297.8621  8989495    2.55%          x.38.4 U 2010017 2010016     41
 2019390 1437884      304.3337    46      305.6425      297.8686  9029894    2.54%          x.10.2 D 2019390 2019389     53
 2028509 1444251        cutoff            305.6425      297.8744  9069731    2.54%          x.11.7 U 2028509 2028507     40
 2037697 1450491      300.2721    47      305.6425      297.8799  9109363    2.54%          x.5.10 D 2037697 2037696     36
 2046943 1457002      298.8182    48      305.6425      297.8858  9149083    2.54%         x.11.27 D 2046943 2046942     64
 2056019 1463266      301.0147    44      305.6425      297.8912  9189180    2.54%          x.36.7 D 2056019 2056018     25
 2065046 1469516      299.6298    52      305.6425      297.8973  9228514    2.53%         x.35.10 D 2065046 2065045     37
 2074238 1475988      303.8971    51      305.6425      297.9031  9268678    2.53%          x.24.8 D 2074238 2074237     76
 2083323 1482224      303.7573    39      305.6425      297.9086  9307759    2.53%         x.24.17 U 2083323 2083322     40
 2092111 1488321      304.9924    48      305.6425      297.9142  9346404    2.53%          x.10.2 D 2092111 2092110     69
Elapsed time = 1163.09 sec. (854993.69 ticks, tree = 4001.99 MB, solutions = 18)
Nodefile size = 1954.06 MB (884.04 MB after compression)
 2101177 1494412      304.6234    46      305.6425      297.9199  9386764    2.53%          x.8.13 D 2101177 2101176     83
 2110185 1500436      300.5709    52      305.6425      297.9255  9426545    2.52%          x.3.22 D 2110185 2110184     25
 2119500 1506849      301.1951    44      305.6425      297.9316  9466565    2.52%         x.11.27 D 2119500 2119499     44
 2128642 1513150      304.0079    51      305.6425      297.9374  9505890    2.52%         x.10.15 D 2128642 2128641     76
 2138113 1519587      300.7036    41      305.6425      297.9436  9546521    2.52%         x.20.17 U 2138113 2138112     37
 2147160 1525802      298.8792    56      305.6425      297.9490  9586706    2.52%         x.35.10 D 2147160 2147159     41
 2156366 1532112      303.3413    60      305.6425      297.9540  9627647    2.52%          x.5.10 D 2156366 2156365     58
 2165611 1538378      302.6532    51      305.6425      297.9595  9667874    2.51%          x.27.0 D 2165611 2165610     78
 2174664 1544646      301.4815    60      305.6425      297.9650  9706986    2.51%           x.5.2 D 2174664 2174663     53
 2183866 1550905      300.9244    55      305.6425      297.9701  9746969    2.51%          x.12.7 D 2183866 2183865     26
Elapsed time = 1230.11 sec. (893150.38 ticks, tree = 4166.27 MB, solutions = 18)
Nodefile size = 2118.83 MB (949.89 MB after compression)
 2193022 1557199      304.4418    45      305.6425      297.9755  9786418    2.51%         x.24.35 D 2193022 2193021     55
 2202186 1563427      299.9906    45      305.6425      297.9809  9827156    2.51%           x.5.6 D 2202186 2202185     44
 2211512 1569856        cutoff            305.6425      297.9860  9867423    2.51%         x.14.13 U 2211512 2211510     68
 2220706 1576169      302.4676    58      305.6425      297.9910  9907412    2.50%         x.39.10 D 2220706 2220705     34
 2229738 1582410      299.1662    57      305.6425      297.9961  9946808    2.50%         x.23.27 D 2229738 2229737     29
 2238968 1588618      302.2982    52      305.6425      298.0012  9987632    2.50%          x.0.20 D 2238968 2238967     51
 2248034 1594860      301.8050    49      305.6425      298.0062 10026720    2.50%          x.8.27 D 2248034 2248033     48
 2257050 1600983      302.9803    46      305.6425      298.0114 10066621    2.50%         x.27.13 D 2257050 2257049     68
 2266314 1607393      300.6025    53      305.6425      298.0168 10106432    2.49%         x.13.38 N 2266314 2266313     30
 2275750 1613837      299.5429    57      305.6425      298.0219 10146868    2.49%         x.16.10 D 2275750 2275749     40
Elapsed time = 1297.42 sec. (931302.59 ticks, tree = 4331.49 MB, solutions = 18)
Nodefile size = 2283.59 MB (1015.07 MB after compression)
 2284706 1619825      300.0798    55      305.6425      298.0277 10186821    2.49%         x.32.38 D 2284706 2284705     28
 2293676 1625949      300.9980    56      305.6425      298.0327 10226080    2.49%          x.5.37 D 2293676 2293675     63
 2302984 1632360      301.4658    55      305.6425      298.0383 10266179    2.49%         x.11.10 D 2302984 2302983     52
 2312117 1638555        cutoff            305.6425      298.0440 10306116    2.49%         x.19.17 U 2312117 2312116     63
*2319860+1637724                          305.5461      298.0485             2.45%
 2321120 1638592      301.7138    56      305.5461      298.0494 10344195    2.45%         x.12.13 D 2321120 2321119     64
 2330388 1644824      303.8034    45      305.5461      298.0549 10385775    2.45%          x.32.7 D 2330388 2330387     48
 2339609 1651084      301.2539    56      305.5461      298.0604 10425895    2.45%           x.0.6 D 2339609 2339608     85
 2348990 1657389      300.0660    47      305.5461      298.0654 10468350    2.45%          x.0.24 D 2348990 2348989     56
 2358416 1663822      299.6242    56      305.5461      298.0712 10510335    2.45%          x.2.22 D 2358416 2358415     30
 2367662 1670006      303.0970    44      305.5461      298.0761 10551759    2.44%          x.0.38 D 2367662 2367661     45
Elapsed time = 1364.99 sec. (969453.30 ticks, tree = 4479.46 MB, solutions = 19)
Nodefile size = 2432.35 MB (1071.54 MB after compression)
 2377072 1676305      299.5208    51      305.5461      298.0811 10593649    2.44%         x.37.10 D 2377072 2377071     56
 2386138 1682260      302.0182    55      305.5461      298.0860 10635527    2.44%         x.11.10 D 2386138 2386137     66
 2395427 1688482      303.9386    38      305.5461      298.0907 10678643    2.44%         x.35.36 U 2395427 2395426     55
 2404856 1694765      301.2125    47      305.5461      298.0961 10721458    2.44%          x.0.37 D 2404856 2404855     38
 2414083 1700977      303.6298    60      305.5461      298.1012 10764313    2.44%          x.5.10 D 2414083 2414082     56
 2423409 1707297      303.9238    45      305.5461      298.1060 10807105    2.43%          x.16.4 D 2423409 2423408     72
 2432583 1713357      303.5187    43      305.5461      298.1108 10849591    2.43%          x.38.4 U 2432583 2432582     42
 2441921 1719554      300.0887    55      305.5461      298.1157 10892279    2.43%         x.35.10 U 2441921 463172     39
 2451200 1725539      300.8243    58      305.5461      298.1215 10935265    2.43%         x.28.10 D 2451200 2451199     39
 2460440 1731588      302.2327    53      305.5461      298.1272 10977149    2.43%          x.0.38 D 2460440 2460439     37
Elapsed time = 1435.36 sec. (1007611.50 ticks, tree = 4642.13 MB, solutions = 19)
Nodefile size = 2595.14 MB (1135.35 MB after compression)
 2469436 1737574      303.4240    51      305.5461      298.1317 11019092    2.43%         x.27.11 D 2469436 2469435     62
 2478451 1743409      300.5856    58      305.5461      298.1367 11061620    2.42%         x.28.10 D 2478451 2478449     34
 2487868 1749708      299.4379    58      305.5461      298.1423 11104096    2.42%          x.5.13 D 2487868 2487867     45
 2497256 1755977      299.2328    47      305.5461      298.1471 11147488    2.42%           x.5.2 D 2497256 2497255     36
 2506455 1761966      303.9484    43      305.5461      298.1522 11190595    2.42%          x.8.13 D 2506455 2506454     78
 2515418 1767511      304.4353    53      305.5461      298.1573 11234639    2.42%         x.20.17 U 2515418 2515417     48
 2524400 1773220      301.1437    57      305.5461      298.1628 11277551    2.42%         x.24.30 D 2524400 2524399     54
 2533538 1779082      304.1717    55      305.5461      298.1679 11320262    2.41%          x.5.34 D 2533538 2533537     73
 2542570 1784633      303.6204    50      305.5461      298.1736 11363990    2.41%         x.24.35 D 2542570 2542569     82
 2551810 1790485      299.7584    55      305.5461      298.1788 11409078    2.41%           x.5.0 D 2551810 2551809     48
Elapsed time = 1503.69 sec. (1045765.22 ticks, tree = 4797.75 MB, solutions = 19)
Nodefile size = 2749.96 MB (1196.09 MB after compression)
 2560880 1796245      298.6856    62      305.5461      298.1842 11452206    2.41%         x.28.10 D 2560880 2560879     39
 2570032 1802177      301.0746    51      305.5461      298.1892 11495589    2.41%         x.26.27 D 2570032 2570031     63
 2579353 1808165      299.0650    51      305.5461      298.1944 11540014    2.41%         x.27.23 D 2579353 215572     52
 2588527 1813996      303.3804    37      305.5461      298.1990 11583802    2.40%         x.18.13 D 2588527 2588525     72
 2597720 1820065      301.0329    51      305.5461      298.2040 11627352    2.40%         x.20.17 U 2597720 2597719     51
 2606804 1825823      303.6198    39      305.5461      298.2091 11671500    2.40%         x.10.15 D 2606804 2606803     71
 2615951 1831704      300.5017    47      305.5461      298.2143 11715228    2.40%         x.16.10 D 2615951 2615950     43
 2625142 1837775      299.0333    58      305.5461      298.2191 11758474    2.40%         x.22.38 D 2625142 2625141     32
 2634413 1843832      302.9988    52      305.5461      298.2241 11801256    2.40%          x.8.27 D 2634413 2634412     50
 2643504 1849717      304.3187    44      305.5461      298.2288 11844196    2.39%          x.2.19 D 2643504 2643503     44
Elapsed time = 1571.11 sec. (1083915.07 ticks, tree = 4954.21 MB, solutions = 19)
Nodefile size = 2906.80 MB (1257.44 MB after compression)
 2652680 1855746      298.3650    47      305.5461      298.2337 11887457    2.39%          x.4.13 D 2652680 1746031     48
 2661794 1861620      304.7340    51      305.5461      298.2386 11929910    2.39%          x.0.24 D 2661794 2661793     56
 2670942 1867508      301.8934    42      305.5461      298.2431 11973486    2.39%         x.27.13 D 2670942 2670941     51
 2679868 1873385      305.0088    43      305.5461      298.2474 12015795    2.39%          x.0.37 U 2679868 2679866     47
 2688930 1879318      302.2168    55      305.5461      298.2522 12059130    2.39%          x.27.7 D 2688930 2688929     36
 2698025 1885200      302.1711    52      305.5461      298.2565 12101797    2.39%         x.35.10 D 2698025 2698024     43
 2707302 1891110      299.4768    58      305.5461      298.2609 12145651    2.38%          x.5.10 D 2707302 2707301     32
 2716174 1896833      305.2442    47      305.5461      298.2650 12187995    2.38%          x.29.3 U 2716174 2716173     56
 2725323 1902894      302.4153    41      305.5461      298.2695 12231591    2.38%         x.20.17 U 2725323 2725322     54
 2734560 1908907      302.6187    44      305.5461      298.2742 12275103    2.38%          x.5.38 D 2734560 2734559     57
Elapsed time = 1638.54 sec. (1122084.68 ticks, tree = 5110.59 MB, solutions = 19)
Nodefile size = 3062.67 MB (1317.97 MB after compression)
 2743920 1914969      302.0556    51      305.5461      298.2787 12318603    2.38%         x.20.17 U 2743920 2743919     42
 2753112 1920974      300.9798    54      305.5461      298.2828 12361133    2.38%          x.5.37 D 2753112 2753111     58
 2762316 1926834      302.1040    51      305.5461      298.2871 12403623    2.38%         x.10.22 D 2762316 2762315     34
 2771651 1932898      300.5831    55      305.5461      298.2913 12447354    2.37%         x.28.10 D 2771651 2771650     37
 2780907 1938995      304.9341    52      305.5461      298.2953 12490797    2.37%         x.28.10 D 2780907 2780906     37
 2790144 1945134        cutoff            305.5461      298.2998 12533512    2.37%         x.24.13 U 2790144 2790142     57
 2799226 1950987      302.7267    43      305.5461      298.3043 12577198    2.37%          x.6.27 D 2799226 2799225     50
 2808390 1957068      300.3770    49      305.5461      298.3084 12621124    2.37%         x.12.38 D 2808390 2808388     31
 2817663 1962998      300.2347    55      305.5461      298.3125 12664183    2.37%          x.11.7 D 2817663 2817662     32
 2826969 1968955      300.3740    56      305.5461      298.3166 12707937    2.37%         x.37.10 D 2826969 2826968     42
Elapsed time = 1711.89 sec. (1160233.07 ticks, tree = 5269.21 MB, solutions = 19)
Nodefile size = 3221.54 MB (1378.99 MB after compression)
 2836170 1974893      302.4646    47      305.5461      298.3208 12751764    2.36%         x.16.27 D 2836170 2836169     67
 2845281 1980858      302.2060    52      305.5461      298.3254 12794971    2.36%         x.11.10 D 2845281 2845280     35
 2854339 1986616      298.5714    46      305.5461      298.3298 12837390    2.36%         x.28.10 U 2854339 745161     34
 2863481 1992446      303.2013    55      305.5461      298.3340 12880610    2.36%          x.0.24 D 2863481 2863480     46
 2872636 1998358      304.1099    48      305.5461      298.3380 12923379    2.36%         x.26.27 D 2872636 2872635     48
 2881600 2004111      302.4586    53      305.5461      298.3423 12966752    2.36%          x.0.27 D 2881600 2881599     68
 2890741 2010087      301.7333    58      305.5461      298.3459 13009576    2.36%         x.11.27 D 2890741 2890740     46
 2900072 2016169        cutoff            305.5461      298.3498 13053514    2.36%         x.16.10 U 2900072 2900070     42
 2909400 2022203      301.5910    51      305.5461      298.3543 13097286    2.35%          x.5.25 U 2909400 2909399     34
 2918608 2028152      301.9181    52      305.5461      298.3584 13140467    2.35%          x.5.34 D 2918608 2918607     50
Elapsed time = 1783.93 sec. (1198383.03 ticks, tree = 5425.59 MB, solutions = 19)
Nodefile size = 3378.41 MB (1438.97 MB after compression)
 2927600 2034014      304.1632    46      305.5461      298.3629 13184101    2.35%          x.8.13 U 2927600 2927599     65
 2936898 2040006      299.2050    50      305.5461      298.3667 13227395    2.35%          x.5.25 U 2936898 2936897     31
 2946229 2045977      300.0220    52      305.5461      298.3705 13270699    2.35%         x.35.10 D 2946229 2946228     38
 2955349 2051750      301.2803    60      305.5461      298.3744 13313816    2.35%           x.5.6 D 2955349 2955348     45
 2964721 2057766      303.7496    49      305.5461      298.3788 13357253    2.35%         x.21.13 D 2964721 2964720     82
 2973984 2063727      302.1167    48      305.5461      298.3829 13400873    2.34%         x.21.13 D 2973984 2973983     81
 2983243 2069641      302.1794    55      305.5461      298.3868 13444046    2.34%         x.27.10 D 2983243 2983242     47
 2992650 2075788      301.1547    55      305.5461      298.3909 13485292    2.34%          x.5.38 D 2992650 2992649     53
 3002049 2081802      304.0772    46      305.5461      298.3946 13528677    2.34%          x.5.13 D 3002049 3002048     47
 3011367 2087646      301.7794    48      305.5461      298.3981 13572272    2.34%          x.5.13 D 3011367 3011366     48
Elapsed time = 1857.66 sec. (1236535.57 ticks, tree = 5582.76 MB, solutions = 19)
Nodefile size = 3535.29 MB (1497.94 MB after compression)
 3020711 2093583      304.7187    42      305.5461      298.4020 13614961    2.34%         x.29.20 D 3020711 3020710     70
 3030009 2099450      303.0852    47      305.5461      298.4059 13658531    2.34%          x.0.34 D 3030009 3030008     67
 3039174 2105257      300.7751    44      305.5461      298.4104 13700957    2.34%          x.0.34 D 3039174 3039173     63
 3048343 2111135      299.1396    53      305.5461      298.4144 13743671    2.33%          x.5.13 D 3048343 3048342     45
 3057737 2117330      301.3804    50      305.5461      298.4183 13786557    2.33%          x.0.31 D 3057737 3057736     69
 3067105 2123396      299.7478    64      305.5461      298.4226 13828971    2.33%         x.28.10 U 3067105 581169     40
 3076335 2129313      299.8837    50      305.5461      298.4266 13871998    2.33%         x.32.38 D 3076335 3076334     30
 3085450 2134980      302.9164    42      305.5461      298.4305 13913920    2.33%         x.19.17 D 3085450 3085449     68
 3094721 2140786      305.1603    38      305.5461      298.4343 13956301    2.33%         x.24.30 D 3094721 3094720     44
 3104023 2146798      304.4969    52      305.5461      298.4377 14000014    2.33%          x.10.8 D 3104023 3104021     51
Elapsed time = 1924.83 sec. (1274691.98 ticks, tree = 5739.04 MB, solutions = 19)
Nodefile size = 3691.15 MB (1556.48 MB after compression)
 3113139 2152546      302.1986    54      305.5461      298.4420 14042704    2.33%         x.16.10 D 3113139 3113138     44
 3122452 2158456      301.6579    54      305.5461      298.4464 14085856    2.32%          x.0.26 D 3122452 3122451     67
 3131600 2164089      302.2797    46      305.5461      298.4504 14129093    2.32%          x.6.27 D 3131600 3131599     51
 3140869 2170052      301.9669    59      305.5461      298.4541 14170721    2.32%         x.26.27 D 3140869 3140868     63
 3150000 2175860      304.5406    52      305.5461      298.4581 14212927    2.32%         x.24.13 U 3150000 3149998     72
 3159240 2181798      300.1505    55      305.5461      298.4618 14255292    2.32%         x.30.10 D 3159240 3159239     38
 3168467 2187740      300.0049    54      305.5461      298.4655 14298237    2.32%         x.35.10 D 3168467 3168466     44
 3177849 2193799      304.0347    53      305.5461      298.4691 14341220    2.32%         x.35.36 U 3177849 3177848     94
 3187192 2199671      304.4312    49      305.5461      298.4729 14384242    2.31%         x.24.10 D 3187192 3187191     49
 3196210 2205543      299.6191    48      305.5461      298.4768 14426531    2.31%          x.0.38 D 3196210 3196209     34
Elapsed time = 1996.69 sec. (1312846.71 ticks, tree = 5894.22 MB, solutions = 19)
Nodefile size = 3846.99 MB (1614.82 MB after compression)
 3205570 2211691      302.2938    46      305.5461      298.4801 14468047    2.31%         x.18.38 D 3205570 3205569     28
 3214843 2217933      302.0807    51      305.5461      298.4834 14509877    2.31%          x.0.27 D 3214843 3214842     62
 3224112 2223984      304.4167    56      305.5461      298.4869 14552526    2.31%          x.0.24 D 3224112 3224111     63
 3233311 2229943      302.2743    53      305.5461      298.4904 14594531    2.31%           x.5.6 D 3233311 3233310     50
 3242668 2235914      304.0266    42      305.5461      298.4936 14637343    2.31%         x.30.10 D 3242668 3242667     62
 3251955 2241966        cutoff            305.5461      298.4968 14679435    2.31%         x.13.38 U 3251955 1594588     37
 3261310 2248046      304.6795    55      305.5461      298.5005 14721909    2.31%          x.8.13 U 3261310 3261309     44
 3270590 2254102      300.8087    49      305.5461      298.5040 14764870    2.30%         x.35.10 D 3270590 3270589     34
 3279806 2260124      305.3650    44      305.5461      298.5075 14808125    2.30%         x.38.20 U 3279806 3279805     72
 3289094 2266113      301.5781    53      305.5461      298.5113 14851329    2.30%         x.35.10 D 3289094 3289093     45
Elapsed time = 2066.18 sec. (1351009.30 ticks, tree = 6054.23 MB, solutions = 19)
Nodefile size = 4006.82 MB (1673.94 MB after compression)
 3298499 2272183      300.6217    52      305.5461      298.5152 14895111    2.30%         x.15.36 U 3298499 3298498     41
 3307754 2278217      300.6995    59      305.5461      298.5189 14938068    2.30%         x.26.27 D 3307754 3307753     64
 3317078 2284184      302.0434    52      305.5461      298.5225 14980137    2.30%          x.0.26 D 3317078 3317077     66
 3326371 2290062      302.6479    45      305.5461      298.5262 15023213    2.30%         x.37.10 D 3326371 3326370     36
 3335356 2295951      302.4477    46      305.5461      298.5296 15064193    2.30%           x.5.0 D 3335356 3335355     40
 3344493 2301951      300.9048    55      305.5461      298.5328 15106430    2.30%          x.5.10 D 3344493 3344492     36
 3353724 2307843      303.8815    45      305.5461      298.5362 15149529    2.29%          x.6.27 D 3353724 3353723     58
 3362700 2313519      300.1549    57      305.5461      298.5397 15191776    2.29%          x.11.7 U 3362700 834993     27
 3371874 2319380        cutoff            305.5461      298.5431 15235224    2.29%         x.18.13 U 3371874 3371873     77
 3381178 2325355      304.6061    29      305.5461      298.5467 15278185    2.29%          x.31.6 N 3381178 3381177     89
Elapsed time = 2141.70 sec. (1389158.30 ticks, tree = 6210.72 MB, solutions = 19)
Nodefile size = 4163.64 MB (1731.71 MB after compression)
 3390347 2331170      300.3788    41      305.5461      298.5505 15321318    2.29%          x.38.4 U 3390347 3390346     56
 3399509 2336949      301.9365    47      305.5461      298.5542 15364054    2.29%          x.38.4 U 3399509 3399508     57
 3408695 2342716      304.0609    47      305.5461      298.5576 15406601    2.29%         x.24.30 D 3408695 3408694     55
 3417983 2348608      303.8877    46      305.5461      298.5613 15449320    2.29%          x.0.24 D 3417983 3417982     63
 3427210 2354338      301.0358    50      305.5461      298.5650 15491466    2.28%         x.27.13 D 3427210 3427209     77
 3436402 2360103      305.2462    51      305.5461      298.5684 15533974    2.28%         x.14.13 U 3436402 3436401     52
 3445683 2365972      302.8542    51      305.5461      298.5719 15576607    2.28%         x.27.10 U 3445683 3445681     37
 3455018 2371894        cutoff            305.5461      298.5753 15619193    2.28%         x.35.10 U 3455018 3455016     40
 3464242 2377713      302.2773    47      305.5461      298.5789 15661903    2.28%         x.24.30 D 3464242 3464241     66
 3473530 2383537      304.3713    45      305.5461      298.5826 15705636    2.28%         x.24.15 D 3473530 3473529     53
Elapsed time = 2210.51 sec. (1427310.56 ticks, tree = 6364.42 MB, solutions = 19)
Nodefile size = 4317.44 MB (1788.48 MB after compression)
 3482903 2389585      303.9103    46      305.5461      298.5861 15748226    2.28%         x.21.13 D 3482903 3482902     68
 3492237 2395425      304.1140    43      305.5461      298.5897 15791599    2.28%          x.10.8 D 3492237 3492236     57
 3501573 2401225        cutoff            305.5461      298.5933 15835101    2.28%          x.39.7 U 3501573 777054     33
 3510713 2406870      305.3315    50      305.5461      298.5965 15876416    2.27%         x.33.19 U 3510713 3510712     68
 3519842 2412604      302.4810    47      305.5461      298.5998 15919053    2.27%         x.32.38 D 3519842 3519841     27
 3528950 2418276      303.4155    43      305.5461      298.6033 15960509    2.27%          x.0.20 D 3528950 3528949     53
 3538177 2423997      300.4576    55      305.5461      298.6063 16003119    2.27%          x.38.4 D 3538177 3538175     45
 3547623 2429796      302.8510    43      305.5461      298.6099 16047040    2.27%         x.28.10 D 3547623 3547622     50
 3556916 2435707      303.3563    46      305.5461      298.6130 16089209    2.27%          x.0.17 D 3556916 3556914     52
 3566177 2441509      298.9229    52      305.5461      298.6161 16132575    2.27%         x.30.10 D 3566177 3566176     53
Elapsed time = 2277.91 sec. (1465464.41 ticks, tree = 6517.57 MB, solutions = 19)
Nodefile size = 4470.24 MB (1844.77 MB after compression)
 3575390 2447099      303.9196    47      305.5461      298.6195 16176116    2.27%          x.27.0 D 3575390 3575389     64
 3584570 2452830      302.7677    62      305.5461      298.6231 16218920    2.27%         x.37.10 D 3584570 3584569     49
 3593971 2458659      304.6775    54      305.5461      298.6269 16262440    2.26%          x.38.4 U 3593971 3593970     55
 3603160 2464359      300.9432    43      305.5461      298.6305 16306200    2.26%         x.11.10 D 3603160 3603159     36
 3612277 2470077      303.9353    50      305.5461      298.6337 16348565    2.26%         x.19.17 U 3612277 3612274     57
 3621530 2475889      302.7344    50      305.5461      298.6369 16391140    2.26%         x.28.10 D 3621530 3621529     23
 3630733 2481515      300.3812    54      305.5461      298.6405 16434486    2.26%         x.12.38 D 3630733 3630732     27
 3639734 2486942      304.0829    46      305.5461      298.6437 16477498    2.26%          x.0.31 D 3639734 3639733     74
 3648883 2492595      302.6121    47      305.5461      298.6470 16520789    2.26%          x.20.7 D 3648883 3648882     37
 3657884 2498253      300.9946    53      305.5461      298.6501 16563029    2.26%           x.5.2 D 3657884 3657883     54
Elapsed time = 2343.88 sec. (1503615.44 ticks, tree = 6667.49 MB, solutions = 19)
Nodefile size = 4620.03 MB (1900.18 MB after compression)
 3666979 2503888      303.2379    54      305.5461      298.6534 16606448    2.26%          x.0.20 D 3666979 3666978     51
 3676268 2509718      298.8537    53      305.5461      298.6566 16649928    2.25%          x.9.17 D 3676268 3010761     39
 3685706 2515608      302.0562    54      305.5461      298.6598 16692900    2.25%          x.0.24 D 3685706 3685705     76
 3695067 2521496      303.1704    47      305.5461      298.6629 16736358    2.25%         x.24.35 D 3695067 3695066     92
 3704467 2527444      303.1613    35      305.5461      298.6663 16779596    2.25%          x.6.27 D 3704467 3704466     60
 3713880 2533511      303.9088    46      305.5461      298.6696 16822711    2.25%         x.11.27 D 3713880 3713879     57
 3723216 2539409      303.5243    53      305.5461      298.6727 16865344    2.25%          x.24.8 D 3723216 3723215     68
 3732503 2545387        cutoff            305.5461      298.6760 16908905    2.25%         x.17.17 U 3732503 3732502     57
 3741928 2551239      302.9304    50      305.5461      298.6796 16953317    2.25%          x.0.27 D 3741928 3741927     40
 3751179 2557022      303.5041    46      305.5461      298.6830 16995636    2.25%         x.27.17 U 3751179 3751178     61
Elapsed time = 2409.47 sec. (1541765.46 ticks, tree = 6822.74 MB, solutions = 19)
Nodefile size = 4775.76 MB (1956.71 MB after compression)
 3760369 2562815      302.9821    54      305.5461      298.6863 17037904    2.25%           x.5.2 D 3760369 3760368     62
 3769727 2568767      303.5964    59      305.5461      298.6894 17080847    2.24%          x.0.31 D 3769727 3769726     58
 3778979 2574612      303.5449    45      305.5461      298.6927 17123837    2.24%         x.15.36 U 3778979 3778978     57
 3788343 2580412      303.3272    50      305.5461      298.6960 17168320    2.24%         x.26.27 D 3788343 3788342     50
 3797662 2586114      302.8743    43      305.5461      298.6990 17211372    2.24%         x.24.13 D 3797662 3797661     69
 3806840 2591967      299.3012    57      305.5461      298.7025 17253595    2.24%         x.16.10 D 3806840 3806839     41
 3816010 2597632      305.5013    31      305.5461      298.7060 17296990    2.24%          x.2.19 D 3816010 3816009     64
 3824993 2603292      299.8231    44      305.5461      298.7092 17339523    2.24%          x.0.38 D 3824993 3824991     47
 3834287 2609011      303.9337    48      305.5461      298.7126 17382415    2.24%          x.0.27 D 3834287 3834286     60
 3843406 2614714      303.4122    53      305.5461      298.7155 17424287    2.24%          x.10.8 D 3843406 3843405     61
Elapsed time = 2475.22 sec. (1579914.01 ticks, tree = 6975.16 MB, solutions = 19)
Nodefile size = 4927.51 MB (2011.69 MB after compression)
 3852808 2620542        cutoff            305.5461      298.7185 17467043    2.23%          x.17.7 U 3852808 3852806     49
 3862109 2626263      303.4205    37      305.5461      298.7216 17509901    2.23%         x.27.10 D 3862109 3862108     44
 3871200 2632007      301.5034    55      305.5461      298.7246 17551721    2.23%          x.7.13 D 3871200 3871199     49
 3880420 2637679      302.7497    52      305.5461      298.7278 17593952    2.23%          x.22.7 D 3880420 3880419     42
 3889742 2643471      304.3606    48      305.5461      298.7311 17636373    2.23%          x.0.31 D 3889742 3889740     54
 3899100 2649349      303.7494    44      305.5461      298.7342 17678813    2.23%          x.8.13 D 3899100 3899099     71
 3908292 2655047      303.4291    52      305.5461      298.7374 17721839    2.23%          x.6.27 D 3908292 3908291     57
 3917614 2660812      304.2769    56      305.5461      298.7406 17764747    2.23%          x.6.27 D 3917614 3917613     50
 3926959 2666761      300.2774    51      305.5461      298.7436 17808122    2.23%         x.27.10 D 3926959 3926958     42
 3936330 2672695      305.0307    49      305.5461      298.7468 17850937    2.23%         x.21.13 U 3936330 3936329     39
Elapsed time = 2545.22 sec. (1618067.54 ticks, tree = 7128.32 MB, solutions = 19)
Nodefile size = 5081.24 MB (2067.28 MB after compression)
 3945607 2678564      301.2159    49      305.5461      298.7495 17893681    2.22%          x.6.27 D 3945607 3945606     59
 3954871 2684516      303.2163    55      305.5461      298.7524 17936134    2.22%          x.8.27 D 3954871 3954870     55
 3964380 2690517      302.7293    57      305.5461      298.7554 17980164    2.22%         x.14.13 D 3964380 3964378     64
 3973883 2696562      301.7234    60      305.5461      298.7581 18022807    2.22%          x.0.31 D 3973883 3973882     61
 3983240 2702576      299.8569    55      305.5461      298.7611 18064788    2.22%         x.23.27 D 3983240 3983239     41
 3992789 2708572      300.1255    54      305.5461      298.7642 18107637    2.22%         x.11.10 D 3992789 3992788     37
 4002043 2714604      299.9263    57      305.5461      298.7667 18148483    2.22%          x.39.7 D 4002043 4002042     58
 4011553 2720749      302.7125    53      305.5461      298.7695 18191710    2.22%          x.24.8 D 4011553 4011552     76
 4020890 2726631      302.3376    51      305.5461      298.7725 18235154    2.22%          x.32.7 D 4020890 4020889     50
 4030029 2732315      303.1849    49      305.5461      298.7757 18276733    2.22%          x.17.7 D 4030029 4030028     32
Elapsed time = 2611.38 sec. (1656224.12 ticks, tree = 7285.84 MB, solutions = 19)
Nodefile size = 5237.98 MB (2123.23 MB after compression)
 4039408 2738208      304.0938    50      305.5461      298.7784 18319089    2.21%         x.14.13 U 4039408 4039407     39
 4048818 2744092      300.4100    55      305.5461      298.7813 18361544    2.21%           x.5.2 D 4048818 4048817     59
 4058119 2749912      302.1692    43      305.5461      298.7843 18403300    2.21%          x.3.10 D 4058119 4058118     54
 4067377 2755367      301.6369    53      305.5461      298.7873 18446293    2.21%         x.30.10 D 4067377 4067376     62
 4076499 2760816      302.9693    49      305.5461      298.7904 18488780    2.21%         x.14.13 D 4076499 4076497     87
 4085800 2766180      304.7818    41      305.5461      298.7941 18531848    2.21%          x.5.25 U 4085800 4085799     59
 4095007 2771672      300.9108    59      305.5461      298.7975 18574838    2.21%         x.11.10 D 4095007 4095006     41
 4104123 2777208      299.4547    48      305.5461      298.8004 18617625    2.21%         x.30.17 D 4104123 4104122     42
 4113350 2782827      304.3750    50      305.5461      298.8032 18660315    2.21%         x.27.13 D 4113350 4113349     56
 4122730 2788444      301.3828    49      305.5461      298.8058 18702094    2.21%         x.27.11 D 4122730 4122729     80
Elapsed time = 2676.06 sec. (1694373.05 ticks, tree = 7434.10 MB, solutions = 19)
Nodefile size = 5386.72 MB (2176.77 MB after compression)
 4131807 2793853      301.7811    60      305.5461      298.8092 18743416    2.20%         x.27.10 D 4131807 4131806     42
 4141124 2799586      303.9097    52      305.5461      298.8119 18785694    2.20%         x.27.16 D 4141124 4141123     80
 4150480 2805295      303.9370    55      305.5461      298.8146 18827916    2.20%         x.24.15 D 4150480 4150479     54
 4159370 2810765      304.8315    50      305.5461      298.8174 18868284    2.20%          x.29.3 U 4159370 4159369     78
 4168610 2816637      300.2312    44      305.5461      298.8199 18909686    2.20%         x.14.13 D 4168610 4168608     72
 4177839 2822359      303.4932    52      305.5461      298.8229 18952441    2.20%         x.21.13 D 4177839 4177837     47
 4187350 2828164      301.2438    56      305.5461      298.8258 18995145    2.20%          x.9.17 U 4187350 3114356     47
 4196786 2833994        cutoff            305.5461      298.8287 19038332    2.20%          x.0.37 D 4196786 4196784     59
 4205944 2839621      302.3994    43      305.5461      298.8317 19080819    2.20%         x.11.27 D 4205944 4205943     40
 4215217 2845290      303.1520    49      305.5461      298.8347 19124278    2.20%          x.8.13 D 4215217 4215215     86
Elapsed time = 2747.13 sec. (1732535.65 ticks, tree = 7584.28 MB, solutions = 19)
Nodefile size = 5536.45 MB (2230.24 MB after compression)
 4224418 2851076      303.6977    58      305.5461      298.8373 19165963    2.20%          x.6.27 D 4224418 4224417     51
 4233765 2856810      304.0706    59      305.5461      298.8401 19208363    2.19%         x.27.33 N 4233765 4233764     61
 4243215 2862782      301.5193    52      305.5461      298.8428 19249898    2.19%         x.30.10 D 4243215 4243214     41
 4252669 2868661      302.3777    42      305.5461      298.8456 19293185    2.19%         x.27.16 D 4252669 4252668     71
 4262105 2874564      303.0045    43      305.5461      298.8484 19335189    2.19%         x.24.15 D 4262105 4262104     59
 4271576 2880443      302.7351    42      305.5461      298.8512 19378726    2.19%          x.10.8 D 4271576 4271575     58
 4280947 2886173      299.5992    58      305.5461      298.8539 19420984    2.19%         x.39.10 D 4280947 4280946     37
 4290340 2891937      303.7989    38      305.5461      298.8565 19463007    2.19%         x.14.13 D 4290340 4290338     64
 4299787 2897829      302.0697    46      305.5461      298.8593 19506196    2.19%          x.38.4 U 4299787 4299786     40
 4309260 2903698      300.5260    50      305.5461      298.8622 19548630    2.19%         x.11.27 D 4309260 4309259     37
Elapsed time = 2813.01 sec. (1770684.42 ticks, tree = 7738.56 MB, solutions = 19)
Nodefile size = 5691.16 MB (2284.87 MB after compression)
 4318623 2909436        cutoff            305.5461      298.8651 19590473    2.19%          x.4.13 U 4318623 4318622     93
 4328118 2915461      299.0137    56      305.5461      298.8677 19632228    2.19%         x.39.22 U 4328118 2563372     27
 4337616 2921357      298.9416    64      305.5461      298.8707 19675218    2.18%          x.5.20 D 4337616 4337615     57
 4347065 2927180      305.4007    50      305.5461      298.8734 19718383    2.18%         x.14.13 U 4347065 4347064     77
 4356494 2932967      302.7223    49      305.5461      298.8762 19760690    2.18%         x.24.15 D 4356494 4356493     48
 4365930 2938936      300.9871    46      305.5461      298.8791 19803414    2.18%         x.11.10 D 4365930 4365929     41
 4375413 2944940      302.0588    50      305.5461      298.8818 19846023    2.18%          x.8.27 D 4375413 4375412     59
 4384790 2950786      304.5091    48      305.5461      298.8845 19888427    2.18%         x.14.13 D 4384790 4384788     75
 4393852 2956436      301.0547    52      305.5461      298.8869 19929733    2.18%          x.22.7 D 4393852 4393851     44
 4402764 2961941        cutoff            305.5461      298.8895 19970558    2.18%         x.24.13 D 4402764 4402763     60
Elapsed time = 2878.57 sec. (1808833.58 ticks, tree = 7892.43 MB, solutions = 19)
Nodefile size = 5844.87 MB (2339.12 MB after compression)
 4411817 2967528      302.5728    51      305.5461      298.8922 20011274    2.18%           x.0.2 D 4411817 4411816     80
 4421145 2973230      299.3648    53      305.5461      298.8947 20053672    2.18%          x.29.3 D 4421145 528482     44
 4430460 2978907      301.3764    51      305.5461      298.8973 20095498    2.18%          x.0.38 N 4430460 4430459     36
 4439856 2984577      303.7748    46      305.5461      298.9001 20138639    2.18%          x.5.14 D 4439856 4439855     46
 4449335 2990447      304.4937    41      305.5461      298.9028 20180952    2.17%           x.2.7 D 4449335 4449333     42
 4458635 2996115      300.7311    56      305.5461      298.9054 20223567    2.17%         x.10.22 D 4458635 4458634     32
 4468124 3002018      302.1616    44      305.5461      298.9081 20266909    2.17%          x.0.24 D 4468124 4468123     50
 4477595 3007934      302.7940    53      305.5461      298.9109 20309242    2.17%          x.38.4 U 4477595 4477594     65
 4486942 3013663      301.3691    54      305.5461      298.9134 20351832    2.17%         x.30.10 U 4486942 3438109     52
 4496257 3019503      301.7248    54      305.5461      298.9158 20393289    2.17%           x.5.0 D 4496257 4496256     57
Elapsed time = 2944.53 sec. (1846991.48 ticks, tree = 8044.50 MB, solutions = 19)
Nodefile size = 5996.59 MB (2392.76 MB after compression)
 4505623 3025355      299.7451    56      305.5461      298.9184 20435592    2.17%          x.5.25 U 4505623 203746     37
 4515130 3031276      301.6004    59      305.5461      298.9206 20478803    2.17%          x.0.27 D 4515130 4515129     50
 4524439 3036969      301.4004    57      305.5461      298.9232 20521742    2.17%         x.23.27 D 4524439 4524438     49
 4533790 3042764      303.0352    55      305.5461      298.9257 20563792    2.17%          x.5.38 D 4533790 4533789     48
 4542870 3048303      298.9284    55      305.5461      298.9284 20605631    2.17%           x.5.3 D 4542870 2409241     52
 4552071 3053932      303.5499    46      305.5461      298.9310 20647853    2.17%          x.0.31 D 4552071 4552070     62
 4561530 3059695      302.5846    44      305.5461      298.9337 20691052    2.16%          x.8.27 D 4561530 4561529     46
 4570993 3065575      302.8460    50      305.5461      298.9362 20733569    2.16%           x.5.8 D 4570993 4570992     58
 4580140 3071191      301.6165    57      305.5461      298.9388 20775426    2.16%         x.23.27 D 4580140 4580139     64
 4588781 3076592      304.2704    47      305.5461      298.9413 20813589    2.16%         x.33.17 D 4588781 4588780     66
Elapsed time = 3018.87 sec. (1885176.31 ticks, tree = 8195.29 MB, solutions = 19)
Nodefile size = 6148.31 MB (2446.30 MB after compression)
 4598173 3082313      299.8128    44      305.5461      298.9438 20855701    2.16%          x.6.27 D 4598173 4598172     39
 4607406 3087928      302.2426    58      305.5461      298.9465 20897027    2.16%          x.38.4 U 4607406 4607405     59
 4616781 3093644      304.7611    44      305.5461      298.9489 20939479    2.16%         x.33.17 D 4616781 4616780     75
 4626148 3099309      304.0306    52      305.5461      298.9514 20981952    2.16%         x.24.17 U 4626148 4626147     38
 4635460 3105090      299.1057    47      305.5461      298.9537 21023687    2.16%         x.28.10 U 4635460 2788610     35
 4644878 3110859      301.3392    54      305.5461      298.9564 21066959    2.16%          x.5.25 U 4644878 4644877     39
 4654257 3116500      304.7509    46      305.5461      298.9593 21110518    2.16%         x.24.13 N 4654257 4654256     65
 4663556 3122026      299.0982    55      305.5461      298.9621 21153743    2.15%         x.30.10 U 4663556 569464     46
 4672860 3127369      303.0357    56      305.5461      298.9652 21197715    2.15%          x.5.34 D 4672860 4672859     47
 4682090 3132893        cutoff            305.5461      298.9677 21240217    2.15%         x.24.30 D 4682090 4682089     65
Elapsed time = 3084.14 sec. (1923325.23 ticks, tree = 8344.03 MB, solutions = 19)
Nodefile size = 6297.02 MB (2498.28 MB after compression)
 4691212 3138330      300.6811    52      305.5461      298.9703 21282177    2.15%         x.13.38 U 4691212 2791676     32
 4700480 3143705      299.4731    54      305.5461      298.9731 21325900    2.15%         x.23.27 D 4700480 4700479     58
 4709905 3149199      300.7994    56      305.5461      298.9760 21369474    2.15%          x.6.27 D 4709905 4709904     41
 4719317 3154693      303.0151    53      305.5461      298.9784 21413820    2.15%         x.28.10 D 4719317 4719316     37
 4728569 3160083      302.6690    41      305.5461      298.9809 21457636    2.15%           x.0.8 D 4728569 4728568     64
 4737811 3165422      304.1246    49      305.5461      298.9834 21501543    2.15%          x.24.8 D 4737811 4737810     81
 4747129 3170685      299.4794    58      305.5461      298.9861 21545344    2.15%         x.35.10 D 4747129 4747128     44
 4756620 3176392      301.8732    51      305.5461      298.9889 21589269    2.15%          x.0.26 D 4756620 4756619     54
 4765910 3181832      304.0819    46      305.5461      298.9914 21632813    2.15%          x.0.31 D 4765910 4765909     55
 4775319 3187450      304.3451    46      305.5461      298.9943 21677074    2.14%          x.5.33 D 4775319 4775318     68
Elapsed time = 3148.80 sec. (1961482.38 ticks, tree = 8488.18 MB, solutions = 19)
Nodefile size = 6440.75 MB (2549.73 MB after compression)
 4784560 3192781      302.3562    52      305.5461      298.9970 21721103    2.14%         x.20.17 U 4784560 4784559     36
 4793770 3198245      300.9708    51      305.5461      298.9996 21764616    2.14%         x.11.27 D 4793770 4793769     59
 4802938 3203864      305.0720    47      305.5461      299.0023 21806620    2.14%         x.21.13 D 4802938 4802937     79
 4812183 3209500      304.0278    49      305.5461      299.0048 21849857    2.14%          x.10.2 D 4812183 4812182     59
 4821449 3214965      300.0624    57      305.5461      299.0074 21893008    2.14%         x.35.10 D 4821449 4821448     50
 4830874 3220675      299.5111    52      305.5461      299.0101 21935876    2.14%         x.35.10 D 4830874 4830873     34
 4840221 3226260      301.3710    50      305.5461      299.0128 21979165    2.14%          x.5.34 D 4840221 4840220     30
 4849488 3231683      301.4751    49      305.5461      299.0152 22023812    2.14%          x.5.13 U 4849488 1008070     36
 4858766 3237160      300.2731    58      305.5461      299.0177 22067810    2.14%          x.5.16 D 4858766 4858765     56
 4868147 3242752      300.8737    58      305.5461      299.0202 22110911    2.14%         x.28.10 D 4868147 4868146     39
Elapsed time = 3213.49 sec. (1999631.02 ticks, tree = 8634.30 MB, solutions = 19)
Nodefile size = 6586.47 MB (2601.58 MB after compression)
 4877490 3248322      302.4177    60      305.5461      299.0226 22155518    2.14%         x.10.38 D 4877490 4877489     59
 4886769 3253816      300.7331    45      305.5461      299.0251 22198007    2.13%          x.38.4 D 4886769 4886767     36
 4895878 3259323      304.8919    50      305.5461      299.0274 22240515    2.13%          x.0.31 D 4895878 4895877     75
 4905038 3264792      303.8371    49      305.5461      299.0301 22283213    2.13%          x.8.13 D 4905038 4905036     52
Starting limited solution polishing.
 4914026 3270152      303.7442    51      305.5461      299.0322 22324910    2.13%          x.0.27 D 4914026 4914025     44
 4923061 3275683      302.7646    55      305.5461      299.0345 22366209    2.13%         x.27.10 D 4923061 4923060     44
 4931810 3280791      300.9717    46      305.5461      299.0368 22408107    2.13%           x.0.6 D 4931810 4931809     51
 4940662 3285995      304.8409    41      305.5461      299.0389 22448025    2.13%          x.8.13 D 4940662 4940661     73
 4949525 3291174      300.5552    55      305.5461      299.0414 22489824    2.13%          x.0.17 D 4949525 4949524     68
 4958471 3296560      302.5800    53      305.5461      299.0437 22530843    2.13%         x.26.27 D 4958471 4958470     45
Elapsed time = 3282.18 sec. (2037784.01 ticks, tree = 8776.43 MB, solutions = 19)
Nodefile size = 6729.20 MB (2652.22 MB after compression)
 4967269 3301925      305.4740    46      305.5461      299.0459 22570961    2.13%         x.27.23 D 4967269 4967267     45
 4976180 3307112      303.6691    57      305.5461      299.0482 22613060    2.13%          x.20.7 D 4976180 4976179     43
 4984995 3312211        cutoff            305.5461      299.0509 22655136    2.13%         x.24.10 U 4984995 4984993     45
 4994000 3317609      299.3082    48      305.5461      299.0535 22696753    2.12%          x.36.7 D 4994000 4993999     29
 5002894 3322883      305.5298    43      305.5461      299.0559 22737758    2.12%         x.21.13 U 5002894 5002893     72
 5011797 3328294      301.3748    48      305.5461      299.0582 22779216    2.12%          x.20.7 D 5011797 5011796     39
 5020700 3333618      301.2996    51      305.5461      299.0604 22820324    2.12%         x.11.27 D 5020700 5020699     32
 5029575 3338695      300.9070    56      305.5461      299.0630 22861535    2.12%         x.35.10 D 5029575 5029574     44
 5038267 3343814      302.9630    59      305.5461      299.0655 22900914    2.12%          x.32.7 D 5038267 5038266     38
 5047200 3349132      299.8165    54      305.5461      299.0678 22941714    2.12%         x.19.17 D 5047200 5047199     44
Elapsed time = 3347.88 sec. (2075942.00 ticks, tree = 8915.33 MB, solutions = 19)
Nodefile size = 6867.93 MB (2700.90 MB after compression)
 5056230 3354237      303.4277    55      305.5461      299.0704 22984100    2.12%          x.6.27 D 5056230 5056229     55
 5065210 3359419      300.5642    51      305.5461      299.0728 23025568    2.12%         x.11.27 D 5065210 5065209     45
 5074183 3364716      304.3275    49      305.5461      299.0749 23067221    2.12%          x.8.27 N 5074183 5074182     44
 5083131 3370133      300.1380    61      305.5461      299.0768 23107955    2.12%         x.37.10 D 5083131 5083130     44
 5092168 3375572      299.2251    54      305.5461      299.0793 23149367    2.12%         x.16.10 D 5092168 5092167     34
 5100975 3380780      300.5762    49      305.5461      299.0816 23189391    2.12%         x.35.10 D 5100975 5100974     45
 5109660 3385940      302.6338    55      305.5461      299.0837 23229536    2.12%         x.27.10 D 5109660 5109659     46
 5118525 3391156      301.6694    60      305.5461      299.0857 23269775    2.11%          x.5.13 D 5118525 5118524     39
 5127274 3396491      300.8893    55      305.5461      299.0878 23309738    2.11%          x.0.27 D 5127274 5127273     58
 5136000 3401821      304.5415    57      305.5461      299.0902 23349637    2.11%         x.27.10 D 5136000 5135999     56
Elapsed time = 3411.03 sec. (2114101.64 ticks, tree = 9054.53 MB, solutions = 19)
Nodefile size = 7006.66 MB (2749.57 MB after compression)
 5144832 3407140      300.3162    60      305.5461      299.0924 23390778    2.11%          x.5.14 D 5144832 5144831     57
 5153797 3412588      303.2116    44      305.5461      299.0946 23431901    2.11%          x.10.2 D 5153797 5153795     65
 5162701 3417810      299.6525    54      305.5461      299.0970 23472965    2.11%          x.5.37 D 5162701 5162700     54
 5171513 3423076      301.4101    51      305.5461      299.0990 23513650    2.11%         x.28.10 D 5171513 5171512     40
 5180408 3428441      305.1551    45      305.5461      299.1012 23554630    2.11%         x.35.36 D 5180408 5180406     50
 5189451 3433842      303.3372    56      305.5461      299.1035 23595620    2.11%         x.24.17 U 5189451 5189450     43
 5198390 3439237      302.1237    51      305.5461      299.1056 23636460    2.11%         x.21.13 D 5198390 5198388     64
 5207418 3444643      304.9542    46      305.5461      299.1080 23678472    2.11%          x.38.4 U 5207418 5207417     52
 5216257 3449975      300.3371    45      305.5461      299.1102 23718180    2.11%          x.9.22 D 5216257 5216256     18
 5225190 3455259      301.5202    58      305.5461      299.1124 23759972    2.11%         x.32.38 D 5225190 5225189     34
Elapsed time = 3474.75 sec. (2152251.41 ticks, tree = 9195.69 MB, solutions = 19)
Nodefile size = 7148.37 MB (2798.96 MB after compression)
 5233952 3460444      300.9187    50      305.5461      299.1146 23800250    2.10%          x.5.16 D 5233952 5233951     62
 5242835 3465664      301.6387    62      305.5461      299.1172 23841042    2.10%          x.32.7 D 5242835 5242834     39
 5251771 3471053      303.4026    46      305.5461      299.1193 23882210    2.10%          x.0.24 D 5251771 5251770     53
 5260450 3476160      302.4856    57      305.5461      299.1214 23923693    2.10%          x.0.38 D 5260450 5260449     40
 5269240 3481289        cutoff            305.5461      299.1236 23964956    2.10%          x.0.20 D 5269240 5269239     66
 5278054 3486493      299.5922    57      305.5461      299.1257 24006089    2.10%         x.39.10 D 5278054 5278053     33
 5287010 3491576      302.4643    56      305.5461      299.1280 24048207    2.10%          x.8.27 D 5287010 5287009     57
 5296040 3496757      303.3515    45      305.5461      299.1301 24090306    2.10%          x.8.27 D 5296040 5296039     46
 5304966 3502079      303.2338    52      305.5461      299.1322 24132284    2.10%          x.0.26 D 5304966 5304965     67
 5313788 3507279      301.5140    53      305.5461      299.1343 24173085    2.10%         x.20.17 U 5313788 5313787     37
Elapsed time = 3537.91 sec. (2190401.15 ticks, tree = 9333.12 MB, solutions = 19)
Nodefile size = 7286.11 MB (2847.02 MB after compression)
 5322504 3512250      303.2377    44      305.5461      299.1365 24213835    2.10%         x.24.13 D 5322504 5322503     60
 5331285 3517412      304.4635    39      305.5461      299.1386 24254243    2.10%          x.10.2 D 5331285 5331284     60
 5340236 3522814      304.9108    45      305.5461      299.1408 24295956    2.10%          x.6.27 D 5340236 5340235     56
 5349287 3528114      302.4596    57      305.5461      299.1428 24337060    2.10%          x.0.37 D 5349287 5349286     50
 5358313 3533328      302.9321    62      305.5461      299.1453 24379272    2.09%         x.13.38 D 5358313 5358312     38
 5367197 3538565      299.7627    58      305.5461      299.1479 24420458    2.09%         x.16.10 U 5367197 436972     49
 5376168 3543723      304.7574    49      305.5461      299.1502 24462552    2.09%         x.30.10 N 5376168 5376167     40
 5385107 3548870      302.2401    48      305.5461      299.1525 24503150    2.09%          x.7.27 D 5385107 5385106     27
 5394035 3554307      303.7523    46      305.5461      299.1545 24543493    2.09%         x.27.17 D 5394035 5394034     57

Gomory fractional cuts applied:  22
User cuts applied:  182

Root node processing (before b&c):
  Real time             =    0.14 sec. (67.92 ticks)
Sequential b&c:
  Real time             = 3599.94 sec. (2231880.71 ticks)
                          ------------
Total (root+branch&cut) = 3600.08 sec. (2231948.63 ticks)

Solution status: 107
Objective value:  3.0554607343e+02
Solution status is not CPX_STAT_OPTIMAL
Node: 5401480
