proble size: m = 5 , n = 5 , seed = 4 
Benders' cuts separated to cut off: Only integer infeasible solutions.
seed = 4
Version identifier: 20.1.0.0 | 2020-11-10 | 9bedb6d68
CPXPARAM_Threads                                 1
CPXPARAM_RandomSeed                              4
CPXPARAM_MIP_Strategy_CallbackReducedLP          0
CPXPARAM_MIP_Strategy_Search                     1
CPXPARAM_TimeLimit                               3600
CPXPARAM_MIP_Tolerances_AbsMIPGap                0
CPXPARAM_MIP_Tolerances_MIPGap                   0
Legacy callback                                  L
Tried aggregator 1 time.
Reduced MIP has 40 rows, 1640 columns, and 1600 nonzeros.
Reduced MIP has 1600 binaries, 0 generals, 0 SOSs, and 0 indicators.
Presolve time = 0.05 sec. (0.63 ticks)
Probing time = 0.01 sec. (2.48 ticks)
Clique table members: 40.
MIP emphasis: balance optimality and feasibility.
MIP search method: traditional branch-and-cut.
Parallel mode: none, using 1 thread.
Root relaxation solution time = 0.04 sec. (0.34 ticks)

        Nodes                                         Cuts/
   Node  Left     Objective  IInf  Best Integer    Best Bound    ItCnt     Gap         Variable B NodeID Parent  Depth

      0     0        0.0000    26                      0.0000        0         
*     0+    0                         1018.9473        0.0000           100.00%
*     0+    0                          872.3544        0.0000           100.00%
      0     0      182.8557    51      872.3544     Fract: 23       94   79.04%
*     0+    0                          711.0288      182.8557            74.28%
      0     0      225.1311    63      711.0288     Fract: 15      159   68.34%
*     0+    0                          557.8464      225.1311            59.64%
*     0+    0                          458.3800      225.1311            50.89%
*     0+    0                          402.2157      225.1311            44.03%
      0     2      277.8127    60      402.2157      277.9435      159   30.90%                        0             0
Elapsed time = 0.30 sec. (72.13 ticks, tree = 0.01 MB, solutions = 6)
*    10+   10                          399.0762      279.7087            29.91%
*    20+   20                          375.0642      280.6567            25.17%
*    30+   30                          329.1939      280.6567            14.74%
    154   156      314.0381    41      329.1939      280.6567      989   14.74%           x.0.2 D    154    153    129
    409   387      283.9025    58      329.1939      281.8097     2259   14.39%         x.22.18 U    409     13     14
*   760+  430                          307.5103      282.7528             8.05%
    761   433      286.6032    59      307.5103      282.7528     4139    8.05%         x.11.16 U    761    760      4
   1040   698      298.4039    50      307.5103      283.6524     6201    7.76%         x.38.27 D   1040   1039     41
   1440  1068      289.0180    62      307.5103      283.8766     8548    7.69%          x.4.13 D   1440   1439     36
   1930  1531      293.3629    49      307.5103      284.0135    11364    7.64%           x.4.7 D   1930   1929     49
   2429  1989      305.5196    52      307.5103      284.3379    14208    7.54%         x.23.31 D   2429   2428    161
   2961  2482      294.0316    58      307.5103      284.5760    17412    7.46%          x.4.29 D   2961   2960     63
   3467  2952      300.3746    53      307.5103      284.6634    20616    7.43%         x.27.16 D   3467   3466     82
   5596  4912      293.9047    56      307.5103      285.0326    32929    7.31%          x.27.3 D   5596   5595     49
Elapsed time = 3.23 sec. (3180.54 ticks, tree = 12.58 MB, solutions = 10)
   7697  6866      293.3401    61      307.5103      285.2213    44886    7.25%           x.7.3 D   7697   7696     60
   9839  8851      288.0676    59      307.5103      285.3742    57069    7.20%           x.8.3 D   9839   9838     34
  12140 10984      303.3942    55      307.5103      285.5479    69689    7.14%         x.24.13 D  12140  12139     96
  14551 13194      299.0072    56      307.5103      285.6479    83718    7.11%          x.21.3 D  14551  14550     42
  16892 15346      288.2884    56      307.5103      285.7561    97582    7.07%           x.3.3 D  16892  16891     31
  19291 17545      297.9856    62      307.5103      285.8473   111060    7.04%         x.34.29 D  19291  19290     78
  21640 19743      294.5136    60      307.5103      285.9103   124827    7.02%         x.23.21 D  21640  21639     70
  24000 21906      294.1497    55      307.5103      285.9808   138148    7.00%         x.38.27 D  24000  23999     46
  26301 24035      306.2874    49      307.5103      286.0544   152022    6.98%         x.18.35 D  26301  26300    114
  28574 26131      306.7476    44      307.5103      286.1202   165882    6.96%         x.18.34 D  28574  28573    121
Elapsed time = 12.63 sec. (12734.57 ticks, tree = 66.62 MB, solutions = 10)
  30826 28194      291.6727    46      307.5103      286.1898   179635    6.93%         x.38.27 D  30826  30825     35
  33119 30258      296.5485    54      307.5103      286.2678   193209    6.91%          x.24.3 U  33119  33117     37
  35330 32254      305.8357    46      307.5103      286.3294   206809    6.89%         x.19.11 U  35330  35328     74
  37604 34328      301.3312    57      307.5103      286.3775   220563    6.87%         x.26.13 D  37604  37603     75
  39857 36358      298.1592    52      307.5103      286.4517   234643    6.85%         x.26.13 D  39857  39856     34
  42099 38384        cutoff            307.5103      286.5139   248380    6.83%         x.17.17 U  42099  42097    102
  44417 40444      298.6920    54      307.5103      286.5736   261074    6.81%         x.24.13 D  44417  44416     70
  46676 42497      303.6036    56      307.5103      286.6200   274461    6.79%         x.21.13 D  46676  46675     80
  49022 44632      295.0326    60      307.5103      286.6782   287778    6.77%          x.10.3 D  49022  49021     51
  51307 46656      296.2139    60      307.5103      286.7369   300778    6.76%         x.39.22 D  51307  51306     58
Elapsed time = 22.15 sec. (22274.36 ticks, tree = 119.86 MB, solutions = 10)
  53600 48727      297.2510    55      307.5103      286.7782   313703    6.74%         x.38.24 D  53600  53599     72
* 54490+49492                          307.4966      286.7916             6.73%
  55627 50512      289.1924    54      307.4966      286.8145   324944    6.73%         x.26.27 D  55627  55626     35
  57815 52490      305.1652    51      307.4966      286.8710   337913    6.71%         x.24.13 D  57815  57814     98
  60100 54526      297.2751    60      307.4966      286.9385   350704    6.69%          x.4.18 D  60100  60099     36
  62309 56474      300.8469    56      307.4966      286.9842   363816    6.67%         x.26.13 N  62309  62308     70
  64565 58461      289.9742    58      307.4966      287.0315   377003    6.66%          x.6.27 D  64565  64564     35
  66812 60469      302.8337    55      307.4966      287.0807   390358    6.64%         x.28.19 D  66812  66811     67
  69053 62425      294.0790    56      307.4966      287.1296   404212    6.62%           x.7.7 D  69053  69052     39
  71321 64406      299.9438    50      307.4966      287.1825   417509    6.61%         x.26.13 D  71321  71320     55
  73580 66370      300.7141    43      307.4966      287.2312   430953    6.59%         x.13.29 D  73580  73579     64
Elapsed time = 31.66 sec. (31815.46 ticks, tree = 172.84 MB, solutions = 11)
  75853 68326      303.8387    54      307.4966      287.3164   444708    6.56%          x.2.22 U  75853  75851     56
  78050 70276      302.1737    49      307.4966      287.3598   458097    6.55%          x.2.22 D  78050  78048     43
  80313 72204      293.9765    55      307.4966      287.4098   471317    6.53%          x.15.8 U  80313  80311     41
  82528 74144        cutoff            307.4966      287.4715   484855    6.51%          x.3.12 U  82528  82526     66
  84813 76095      296.0822    53      307.4966      287.5242   497672    6.50%          x.32.3 D  84813  84812     52
* 86130+73709                          306.4140      287.5544             6.15%
  86819 74315      294.7318    55      306.4140      287.5626   509526    6.15%         x.17.22 D  86819  86818     38
  88918 76074      306.2967    47      306.4140      287.6062   522362    6.14%         x.37.30 U  88918  88917     63
  91088 77882      297.2857    54      306.4140      287.6563   535816    6.12%          x.23.7 D  91088  91087     37
  93274 79702      304.1821    59      306.4140      287.6960   549283    6.11%          x.37.3 D  93274  93273     70
  95481 81577      301.8670    54      306.4140      287.7643   563040    6.09%          x.30.3 U  95481  95479     36
Elapsed time = 41.26 sec. (41355.17 ticks, tree = 211.68 MB, solutions = 12)
  97682 83406      296.2246    60      306.4140      287.8146   576634    6.07%          x.31.3 D  97682  97681     46
  99881 85227      301.7592    58      306.4140      287.8796   590812    6.05%         x.38.36 D  99881  99880     81
 102104 87103      293.1308    56      306.4140      287.9329   604645    6.03%          x.12.3 D 102104 102103     45
 104333 88983      297.6800    57      306.4140      287.9769   618619    6.02%          x.38.4 D 104333 104332     65
 106490 90795      305.7710    40      306.4140      288.0176   632229    6.00%         x.32.15 D 106490 106489     72
 108700 92642      300.3980    48      306.4140      288.0800   646157    5.98%         x.37.10 D 108700 108699     52
 110910 94486      290.9598    48      306.4140      288.1275   660036    5.97%          x.6.27 D 110910 110909     33
 113116 96340      290.8156    59      306.4140      288.1640   674167    5.96%         x.29.27 U 113116  29378     25
 115301 98199      301.7859    41      306.4140      288.2107   687664    5.94%         x.39.35 D 115301 115300     44
 117485 100029      300.2615    52      306.4140      288.2597   701688    5.92%         x.16.29 U 117485 117484     85
Elapsed time = 50.99 sec. (50895.13 ticks, tree = 258.81 MB, solutions = 12)
 119658 101813      297.3206    56      306.4140      288.3160   715711    5.91%         x.39.10 D 119658 119657     25
 121858 103617      297.7153    47      306.4140      288.3554   729522    5.89%          x.10.3 D 121858 121857     57
 124063 105467      293.6941    55      306.4140      288.4021   743512    5.88%          x.11.7 D 124063 124062     47
 126310 107325      303.9918    53      306.4140      288.4522   756864    5.86%          x.16.7 U 126310 126308     60
 128523 109098      298.1511    49      306.4140      288.4920   770497    5.85%           x.0.3 D 128523 128522     54
 130759 110924      292.4808    50      306.4140      288.5243   783517    5.84%           x.2.7 D 130759 130758     40
 133019 112872      302.3114    56      306.4140      288.5641   796240    5.83%          x.27.3 D 133019 133018     87
 135255 114779      303.3632    51      306.4140      288.5942   809233    5.82%          x.20.3 D 135255 135254     77
 137560 116729      304.8963    44      306.4140      288.6371   822340    5.80%          x.1.29 U 137560 137559     85
 139928 118752      294.3332    53      306.4140      288.6805   835063    5.79%         x.18.15 D 139928 139927     44
Elapsed time = 60.82 sec. (60434.37 ticks, tree = 306.63 MB, solutions = 12)
 142220 120659      290.3019    57      306.4140      288.7141   847740    5.78%          x.8.27 D 142220 142219     32
 144546 122614      303.5204    47      306.4140      288.7480   860478    5.77%         x.26.13 D 144546 144545     49
 146929 124609      299.8310    52      306.4140      288.7761   872990    5.76%         x.10.22 D 146929 146928     83
 149213 126515      298.9696    54      306.4140      288.8129   886117    5.74%          x.5.32 D 149213 149212     59
 151497 128430      297.8762    53      306.4140      288.8541   899213    5.73%         x.18.13 D 151497 151496     63
 153822 130381      294.7833    57      306.4140      288.8863   912023    5.72%           x.2.7 D 153822 153821     33
 156084 132267      305.3541    43      306.4140      288.9218   924719    5.71%         x.25.33 U 156084 156083    100
 158375 134222      305.1354    44      306.4140      288.9455   937287    5.70%           x.5.2 D 158375 158374     89
 160701 136238      295.5032    56      306.4140      288.9743   950155    5.69%         x.28.35 D 160701 160700     49
 162995 138197      298.9795    44      306.4140      289.0046   963279    5.68%         x.35.35 D 162995 162994     77
Elapsed time = 70.58 sec. (69972.61 ticks, tree = 359.27 MB, solutions = 12)
 165317 140156      297.4408    62      306.4140      289.0409   976008    5.67%          x.21.3 D 165317 165316     50
 167650 142067      293.3587    53      306.4140      289.0670   988854    5.66%          x.11.7 D 167650 167649     40
 169970 144064      296.7543    51      306.4140      289.0937  1001490    5.65%          x.23.7 D 169970 169969     26
 172310 146059      296.9757    53      306.4140      289.1291  1014718    5.64%           x.9.3 D 172310 172309     65
 174661 147987      296.2671    49      306.4140      289.1579  1026910    5.63%          x.39.3 D 174661 174660     53
 177035 149989      303.4144    47      306.4140      289.1860  1039655    5.62%         x.29.21 D 177035 177034     97
 179330 151922      303.5107    50      306.4140      289.2135  1052431    5.61%         x.38.20 D 179330 179329     96
 181660 153864      293.6886    57      306.4140      289.2454  1065049    5.60%           x.7.7 D 181660 181659     37
 184001 155881      301.1642    59      306.4140      289.2717  1078012    5.59%         x.18.15 D 184001 184000     32
*184926 149352      integral     0      305.6425      289.2818  1082869    5.35%
 186340 150553      304.7528    47      305.6425      289.3030  1090835    5.35%         x.37.10 D 186340 186339     88
Elapsed time = 80.47 sec. (79515.28 ticks, tree = 390.90 MB, solutions = 13)
 188631 152477      299.6479    51      305.6425      289.3304  1103689    5.34%         x.16.29 U 188631 188630     64
 191009 154484      296.6931    55      305.6425      289.3539  1116685    5.33%          x.36.7 D 191009 191008     30
 193357 156401      301.5026    48      305.6425      289.3857  1129350    5.32%          x.28.8 D 193357 193356     51
 195648 158310      300.2484    51      305.6425      289.4157  1142419    5.31%          x.24.3 D 195648 195647     39
 197960 160218      299.6254    52      305.6425      289.4389  1155160    5.30%         x.26.35 D 197960 197959     60
 200242 162036      296.3418    59      305.6425      289.4637  1168461    5.29%          x.7.27 D 200242 200241     37
 202545 163947      299.8365    49      305.6425      289.4844  1181259    5.29%         x.26.27 D 202545 202544     38
 204800 165752      302.2688    54      305.6425      289.5120  1194307    5.28%          x.2.39 U 204800 204799     61
 207100 167637      298.2883    54      305.6425      289.5332  1207241    5.27%         x.10.29 D 207100 207099     41
 216400 175322      303.0712    49      305.6425      289.6289  1258605    5.24%          x.2.22 D 216400 216399     52
Elapsed time = 93.17 sec. (91919.49 ticks, tree = 455.87 MB, solutions = 13)
 225600 182909      297.6249    48      305.6425      289.7120  1310065    5.21%         x.20.17 U 225600 225599     55
 234829 190339      305.4056    51      305.6425      289.7969  1361420    5.18%         x.38.10 D 234829 234828     92
 244000 197868      296.2090    58      305.6425      289.8739  1413074    5.16%          x.1.35 D 244000 243999     48
 253230 205481      301.3510    41      305.6425      289.9535  1464917    5.13%          x.5.32 D 253230 253229     39
 262342 212918      302.6368    53      305.6425      290.0292  1516727    5.11%         x.39.10 D 262342 262341     50
 271562 220449      294.5023    53      305.6425      290.0986  1568991    5.09%          x.36.7 D 271562 271561     47
 280532 227739      290.7857    55      305.6425      290.1654  1621626    5.06%          x.6.27 D 280532 280531     30
 289605 235229        cutoff            305.6425      290.2259  1673056    5.04%           x.1.3 U 289605 289602     65
 298642 242497      296.6027    62      305.6425      290.2938  1725592    5.02%         x.28.21 D 298642 298641     61
 307798 250060      296.0928    51      305.6425      290.3580  1776693    5.00%         x.28.24 D 307798 307797     51
Elapsed time = 132.20 sec. (130075.91 ticks, tree = 651.27 MB, solutions = 13)
 316864 257575      292.7173    51      305.6425      290.4184  1829049    4.98%         x.35.35 D 316864 316863     41
 325935 264985      304.1052    53      305.6425      290.4760  1881769    4.96%          x.37.3 U 325935 325933     74
 335000 272308      298.5699    55      305.6425      290.5385  1933989    4.94%          x.36.7 N 335000 334999     37
 344190 280037      304.7702    49      305.6425      290.5829  1984820    4.93%          x.16.3 D 344190 344189     63
 353340 287473      297.4226    59      305.6425      290.6359  2036884    4.91%          x.12.3 D 353340 353339     52
 362360 294819      300.2882    45      305.6425      290.6854  2089583    4.89%         x.20.17 U 362360 362359     35
 371420 302127      299.3981    51      305.6425      290.7357  2141342    4.88%          x.28.8 D 371420 371419     73
 380540 309533      304.1733    39      305.6425      290.7784  2193119    4.86%         x.12.38 D 380540 380539     71
 389560 316969      303.5173    54      305.6425      290.8226  2244849    4.85%          x.3.12 D 389560 389558     43
 398688 324447      295.8385    60      305.6425      290.8684  2296350    4.83%          x.31.3 D 398688 398687     50
Elapsed time = 171.31 sec. (168228.54 ticks, tree = 844.22 MB, solutions = 13)
 407860 331924      302.0659    54      305.6425      290.9200  2347985    4.82%         x.26.27 D 407860 407859     33
 416917 339199      303.9703    52      305.6425      290.9677  2399776    4.80%         x.38.20 D 416917 416916    102
 425898 346303      304.7023    51      305.6425      291.0100  2451640    4.79%         x.16.29 U 425898 425897     59
 434980 353513      300.3435    48      305.6425      291.0605  2503286    4.77%          x.28.7 D 434980 434979     73
 444007 360645      296.7554    51      305.6425      291.1093  2555262    4.75%          x.18.3 D 444007 444006     65
 453080 367819      303.1996    51      305.6425      291.1532  2607995    4.74%         x.28.30 D 453080 453079     75
 462003 374657      291.2900    56      305.6425      291.1982  2660823    4.73%          x.5.13 D 462003 215567     30
 470965 381468      305.3254    41      305.6425      291.2460  2712888    4.71%          x.8.12 U 470965 470964     85
 480019 388281      303.9056    59      305.6425      291.2929  2766143    4.69%         x.28.27 D 480019 480018     51
 488960 394991      293.4384    49      305.6425      291.3363  2819697    4.68%          x.16.7 D 488960 488959     47
Elapsed time = 210.16 sec. (206379.50 ticks, tree = 1032.22 MB, solutions = 13)
 497908 401734      304.2753    53      305.6425      291.3775  2872620    4.67%          x.27.3 D 497908 497907     68
 506999 408642      293.5179    55      305.6425      291.4250  2924816    4.65%         x.26.27 D 506999 506998     45
 516001 415640      300.1050    47      305.6425      291.4661  2976507    4.64%         x.28.19 D 516001 516000     39
 525045 422480      301.9020    53      305.6425      291.5023  3028443    4.63%          x.16.3 D 525045 525044     50
 534058 429025      296.2075    57      305.6425      291.5447  3080943    4.61%         x.18.15 D 534058 534057     41
 543116 436017      292.9688    57      305.6425      291.5811  3132916    4.60%         x.29.27 D 543116 543115     16
 552113 442932      303.6684    49      305.6425      291.6195  3186120    4.59%         x.28.21 D 552113 552111     47
 561115 449828      296.1558    50      305.6425      291.6548  3239037    4.58%          x.13.3 D 561115 561114     48
 570015 456702      300.5295    56      305.6425      291.6884  3291944    4.57%          x.2.22 D 570015 570014     47
 579032 463589      298.6951    36      305.6425      291.7250  3344105    4.55%         x.20.17 U 579032 579031     36
Elapsed time = 248.71 sec. (244528.58 ticks, tree = 1207.51 MB, solutions = 13)
 588016 470502      300.2817    51      305.6425      291.7575  3397016    4.54%          x.15.8 D 588016 588015     44
 597040 477422      303.1561    45      305.6425      291.7903  3449811    4.53%         x.28.21 D 597040 597039     65
 606052 484526      297.4948    51      305.6425      291.8249  3501691    4.52%         x.39.22 D 606052 606051     62
 615200 491651      302.0607    53      305.6425      291.8523  3552565    4.51%          x.39.3 D 615200 615199     74
 624406 498880      298.6333    50      305.6425      291.8824  3602415    4.50%          x.28.0 D 624406 624405     74
 633652 506000      301.1074    62      305.6425      291.9127  3653321    4.49%          x.25.3 D 633652 633651     69
 642837 513110      301.5848    54      305.6425      291.9436  3703643    4.48%          x.12.7 U 642837 572780     12
 651927 520304        cutoff            305.6425      291.9694  3754548    4.47%          x.39.9 D 651927 651926     78
 661200 527546      299.7900    62      305.6425      291.9941  3805108    4.47%          x.27.3 D 661200 661199     74
 670339 534547      296.4703    53      305.6425      292.0210  3856008    4.46%           x.7.7 D 670339 670338     37
Elapsed time = 287.50 sec. (282680.59 ticks, tree = 1393.88 MB, solutions = 13)
 679480 541639      303.0166    45      305.6425      292.0503  3907097    4.45%         x.33.35 D 679480 679479     82
 688727 548854      294.7077    55      305.6425      292.0757  3957484    4.44%          x.36.7 D 688727 688726     40
 697907 555986      296.1384    55      305.6425      292.1009  4008040    4.43%           x.4.7 D 697907 697906     27
 707077 563167      296.6183    53      305.6425      292.1265  4058308    4.42%           x.4.7 D 707077 707076     19
 716364 570411      305.3709    50      305.6425      292.1509  4108690    4.41%         x.16.29 D 716364 716363     26
 725500 577550      304.1371    57      305.6425      292.1754  4159095    4.41%          x.29.7 D 725500 725499     20
 734875 585048      299.2739    51      305.6425      292.1982  4209631    4.40%         x.17.22 D 734875 734874     75
 744162 592374      303.3518    55      305.6425      292.2227  4259867    4.39%          x.15.8 U 744162 744161     95
 753498 599607      299.3743    48      305.6425      292.2512  4309555    4.38%          x.17.7 D 753498 753497     66
 762899 606940      305.3661    43      305.6425      292.2748  4360141    4.37%         x.25.33 U 762899 762898     82
Elapsed time = 326.37 sec. (320831.24 ticks, tree = 1584.95 MB, solutions = 13)
 772214 614326      301.9160    50      305.6425      292.2997  4410479    4.37%          x.23.7 N 772214 381874     34
 781482 621631      303.3074    55      305.6425      292.3213  4460820    4.36%           x.9.3 D 781482 781481     38
 790724 628876      299.1382    51      305.6425      292.3439  4511016    4.35%          x.5.10 D 790724 790723     54
 799971 636122      295.0735    50      305.6425      292.3656  4561836    4.34%          x.31.3 D 799971 799970     52
 809200 643276      298.0887    48      305.6425      292.3894  4612333    4.34%          x.28.0 D 809200 809199     40
 818506 650561      297.3753    53      305.6425      292.4129  4662797    4.33%           x.8.3 D 818506 818505     48
 827883 657997      302.5901    38      305.6425      292.4336  4712659    4.32%         x.17.22 D 827883 827881     49
 837250 665499      299.0966    54      305.6425      292.4540  4762301    4.31%         x.28.10 U 837250 837248     45
 846490 672740      299.8931    43      305.6425      292.4731  4812082    4.31%         x.28.38 D 846490 846489     51
 855810 680070      304.2061    62      305.6425      292.4933  4862278    4.30%          x.16.7 D 855810 855809     37
Elapsed time = 365.16 sec. (358984.81 ticks, tree = 1779.11 MB, solutions = 13)
 865092 687330      295.5621    55      305.6425      292.5141  4912674    4.30%           x.9.3 D 865092 865091     43
 874378 694817      301.4892    52      305.6425      292.5337  4962315    4.29%         x.28.30 D 874378 874377     69
 883576 701969      304.6442    57      305.6425      292.5535  5012691    4.28%         x.25.33 U 883576 883575     70
 892855 709191      303.6276    54      305.6425      292.5729  5062819    4.28%           x.5.2 D 892855 892854     43
 902149 716526      300.3894    55      305.6425      292.5910  5112627    4.27%         x.10.22 D 902149 902148     94
 911514 723900        cutoff            305.6425      292.6118  5163056    4.26%           x.7.7 U 911514 911512     37
 920983 731470      298.2834    49      305.6425      292.6313  5212500    4.26%          x.3.22 D 920983 920982     56
 930508 739113      300.0285    51      305.6425      292.6495  5262372    4.25%         x.26.35 D 930508 930507     81
 939817 746548      292.9730    58      305.6425      292.6675  5312139    4.25%           x.4.7 N 939817 382479     34
 949239 754035      298.6063    50      305.6425      292.6857  5361650    4.24%          x.9.18 N 949239 949238     45
Elapsed time = 403.86 sec. (397133.36 ticks, tree = 1968.10 MB, solutions = 13)
 958705 761644      303.8216    50      305.6425      292.7019  5410286    4.23%          x.14.3 D 958705 958704     79
 967973 768773      301.0375    48      305.6425      292.7202  5460578    4.23%         x.28.31 D 967973 967972     68
 977403 776297      300.6101    52      305.6425      292.7386  5510359    4.22%          x.16.3 D 977403 977402     59
 986850 783757      302.7773    53      305.6425      292.7543  5559822    4.22%           x.9.3 N 986850 986848     53
 995544 790569      294.5200    53      305.6425      292.7701  5606279    4.21%         x.28.19 D 995544 995543     49
 1003786 796936      301.3338    49      305.6425      292.7833  5650404    4.21%         x.28.10 D 1003786 1003785     42
 1012146 803468      301.3784    51      305.6425      292.8005  5695143    4.20%         x.17.22 D 1012146 1012145     79
 1020523 810088      296.3261    57      305.6425      292.8148  5740007    4.20%          x.36.7 D 1020523 1020522     32
 1029571 817290      304.4923    46      305.6425      292.8313  5788126    4.19%          x.1.35 D 1029571 1029570     53
 1038584 824426      294.0731    52      305.6425      292.8456  5835720    4.19%          x.8.27 N 1038584 285396     33
Elapsed time = 456.17 sec. (435285.10 ticks, tree = 2145.10 MB, solutions = 13)
Nodefile size = 97.81 MB (48.88 MB after compression)
 1046890 830881      304.7687    30      305.6425      292.8593  5880234    4.18%         x.10.15 D 1046890 1046889     55
 1055809 837863      304.9480    55      305.6425      292.8747  5927483    4.18%          x.13.3 D 1055809 1055808     65
 1064317 844551      304.1123    57      305.6425      292.8911  5973042    4.17%          x.3.22 D 1064317 1064316     59
 1072993 851311      294.6769    65      305.6425      292.9062  6019422    4.17%          x.12.3 D 1072993 1072992     49
 1081477 857807      302.2566    45      305.6425      292.9206  6065588    4.16%         x.39.22 D 1081477 1081476     37
 1090116 864546      301.9917    53      305.6425      292.9354  6110948    4.16%          x.6.27 D 1090116 1090115     34
 1098825 871230      303.1509    51      305.6425      292.9512  6156787    4.15%         x.35.35 D 1098825 1098824     42
 1107336 877875      297.7287    47      305.6425      292.9664  6201955    4.15%          x.21.3 D 1107336 1107335     63
 1115910 884505      301.9230    57      305.6425      292.9815  6247404    4.14%         x.28.24 D 1115910 1115909     82
 1124210 891035      300.8117    52      305.6425      292.9954  6292069    4.14%         x.28.28 D 1124210 1124209     61
Elapsed time = 517.76 sec. (473435.87 ticks, tree = 2310.49 MB, solutions = 13)
Nodefile size = 263.49 MB (130.24 MB after compression)
 1132730 897680      294.6198    54      305.6425      293.0090  6337773    4.13%         x.28.28 D 1132730 1132729     52
 1141270 904387      302.1858    47      305.6425      293.0215  6383006    4.13%          x.10.3 D 1141270 1141269     57
 1150270 911388      303.9249    35      305.6425      293.0363  6430572    4.12%          x.1.30 D 1150270 1150269     87
 1159288 918373      300.8483    47      305.6425      293.0506  6478261    4.12%           x.8.3 U 1159288 1159286     44
 1168207 925314      299.0672    53      305.6425      293.0661  6524873    4.11%         x.28.10 D 1168207 1168206     63
 1176974 932051      301.7609    49      305.6425      293.0804  6572221    4.11%         x.16.29 U 1176974 1176973     54
 1185567 938529      304.2729    52      305.6425      293.0940  6619492    4.11%           x.9.3 D 1185567 1185566     42
 1194147 945306      299.4418    54      305.6425      293.1066  6664864    4.10%         x.22.38 D 1194147 1194146     80
 1202921 952255      294.7468    53      305.6425      293.1185  6710769    4.10%         x.39.10 N 1202921 1202920     25
 1211714 959129      305.3395    50      305.6425      293.1309  6757604    4.09%          x.3.22 D 1211714 1211713     42
Elapsed time = 581.51 sec. (511587.77 ticks, tree = 2479.59 MB, solutions = 13)
Nodefile size = 432.16 MB (210.96 MB after compression)
 1220620 966073      305.3549    39      305.6425      293.1445  6803977    4.09%         x.22.15 U 1220620 1220618     71
 1229574 973148      301.3788    58      305.6425      293.1568  6851066    4.09%         x.28.35 D 1229574 1229573     78
 1238650 980196      293.6469    55      305.6425      293.1693  6898841    4.08%          x.12.7 D 1238650 1238649     21
 1247470 987119      304.6359    50      305.6425      293.1817  6944591    4.08%          x.28.2 D 1247470 1247469     69
 1256320 993883      304.1792    41      305.6425      293.1954  6992485    4.07%          x.32.7 D 1256320 1256318     65
 1264919 1000442      303.8782    57      305.6425      293.2084  7038536    4.07%          x.39.3 D 1264919 1264918     57
 1273570 1007189      303.5140    57      305.6425      293.2219  7085504    4.06%         x.28.11 D 1273570 1273568     54
 1282548 1014145      299.3833    48      305.6425      293.2340  7133236    4.06%          x.24.3 U 1282548 670442     43
 1291533 1021256      302.0068    53      305.6425      293.2465  7180578    4.06%         x.20.17 D 1291533 1291530     58
 1300464 1028201      302.5319    55      305.6425      293.2574  7228701    4.05%           x.3.6 U 1300464 1300462     59
Elapsed time = 646.99 sec. (549739.89 ticks, tree = 2651.10 MB, solutions = 13)
Nodefile size = 603.80 MB (290.81 MB after compression)
 1309294 1035042      302.2594    57      305.6425      293.2682  7275213    4.05%           x.0.3 D 1309294 1309293     81
 1318034 1041728      296.0501    53      305.6425      293.2787  7322415    4.05%          x.3.22 D 1318034 1318033     47
 1326673 1048452      295.5876    53      305.6425      293.2898  7369669    4.04%          x.16.3 D 1326673 1326672     57
 1335356 1055361        cutoff            305.6425      293.2997  7416031    4.04%          x.38.4 U 1335356 1335355     95
 1344165 1062251      300.0945    46      305.6425      293.3104  7462411    4.03%         x.18.13 U 1344165 1344164     61
 1352938 1069067      298.3436    56      305.6425      293.3203  7508650    4.03%          x.21.3 D 1352938 1352937     60
 1361773 1075838      296.4499    53      305.6425      293.3319  7555832    4.03%          x.16.3 D 1361773 1361772     47
 1370318 1082525      303.6741    34      305.6425      293.3413  7601024    4.02%          x.8.12 U 1370318 1370317     44
 1379114 1089223      303.3155    47      305.6425      293.3530  7648766    4.02%          x.10.3 D 1379114 1379113     66
 1388040 1096093      302.5591    52      305.6425      293.3644  7696074    4.02%         x.28.30 D 1388040 1388039     79
Elapsed time = 712.19 sec. (587889.00 ticks, tree = 2819.69 MB, solutions = 13)
Nodefile size = 772.47 MB (367.50 MB after compression)
 1396992 1102995      303.8659    54      305.6425      293.3756  7743487    4.01%           x.3.3 D 1396992 1396991     46
 1405711 1109597      303.4818    46      305.6425      293.3862  7790587    4.01%         x.33.35 D 1405711 1405710     61
 1414267 1116217      299.6686    54      305.6425      293.3967  7836646    4.01%          x.5.13 D 1414267 1414266     84
 1422655 1122659      305.0245    41      305.6425      293.4073  7880939    4.00%         x.32.15 D 1422655 1422654     63
 1431092 1129140      293.8631    51      305.6425      293.4181  7925573    4.00%         x.10.22 D 1431092  46235     20
 1439918 1135896      300.6545    51      305.6425      293.4282  7973401    4.00%         x.18.38 U 1439918 1439917     61
 1448367 1142311      299.4774    50      305.6425      293.4382  8017884    3.99%           x.2.7 D 1448367 1448366     66
 1456956 1148907      304.9444    59      305.6425      293.4479  8063540    3.99%          x.37.3 D 1456956 1456955     86
 1465983 1155841      294.3077    60      305.6425      293.4585  8111364    3.99%          x.5.32 D 1465983 1465981     48
 1474936 1162666      299.9433    48      305.6425      293.4693  8158914    3.98%          x.12.7 D 1474936 1474935     59
Elapsed time = 777.23 sec. (626037.58 ticks, tree = 2985.04 MB, solutions = 13)
Nodefile size = 937.15 MB (440.26 MB after compression)
 1483941 1169525      303.6527    53      305.6425      293.4796  8206926    3.98%          x.5.10 D 1483941 1483940     84
 1492841 1176454      297.3219    43      305.6425      293.4898  8253996    3.98%         x.29.27 U 1492841 1492839     38
 1501937 1183369      300.7430    50      305.6425      293.5009  8301436    3.97%         x.28.35 D 1501937 1501936     62
 1510927 1190275      300.3793    56      305.6425      293.5114  8348020    3.97%         x.28.30 D 1510927 1510926     73
 1519491 1196944      299.0254    58      305.6425      293.5210  8393162    3.97%          x.12.3 D 1519491 1519490     51
 1528341 1203792      303.1890    54      305.6425      293.5314  8438819    3.96%          x.5.14 D 1528341 1528340     63
 1537107 1210468      298.5951    45      305.6425      293.5405  8485484    3.96%         x.33.35 D 1537107 1537106     36
 1545650 1216968      304.7297    57      305.6425      293.5501  8530192    3.96%          x.16.3 D 1545650 1545649     55
 1554410 1223714      304.3604    43      305.6425      293.5592  8575018    3.95%         x.24.35 D 1554410 1554409     90
 1562960 1230478      294.7608    50      305.6425      293.5674  8619907    3.95%          x.16.7 D 1562960 1562959     39
Elapsed time = 843.78 sec. (664187.50 ticks, tree = 3153.45 MB, solutions = 13)
Nodefile size = 1105.84 MB (513.87 MB after compression)
 1571744 1237432      303.3984    48      305.6425      293.5750  8664912    3.95%         x.28.35 D 1571744 1571743     84
 1580571 1244172      300.2912    56      305.6425      293.5848  8710692    3.95%          x.21.3 D 1580571 1580570     60
 1589702 1251283      296.8154    51      305.6425      293.5936  8757897    3.94%          x.25.3 D 1589702 1589701     83
 1598170 1257924      300.7190    57      305.6425      293.6022  8802395    3.94%          x.27.7 D 1598170 1598169     37
 1607063 1264875      297.6632    57      305.6425      293.6118  8848699    3.94%           x.6.3 D 1607063 1607062     55
 1616090 1271840      304.2335    46      305.6425      293.6223  8895443    3.93%          x.5.13 D 1616090 1616089     69
 1624925 1278740      295.9097    52      305.6425      293.6311  8940220    3.93%         x.35.35 D 1624925 1624924     47
 1633600 1285375      300.9527    41      305.6425      293.6395  8985126    3.93%         x.33.35 D 1633600 1633599     64
 1642849 1292496      298.8015    47      305.6425      293.6490  9031731    3.92%          x.27.7 D 1642849 1642848     40
 1651978 1299759      300.0185    53      305.6425      293.6572  9078724    3.92%          x.28.8 D 1651978 1651977     80
Elapsed time = 911.43 sec. (702337.51 ticks, tree = 3325.51 MB, solutions = 13)
Nodefile size = 1277.52 MB (587.37 MB after compression)
 1660586 1306460      304.3796    60      305.6425      293.6654  9122539    3.92%          x.5.26 D 1660586 1660585     81
 1669128 1312959      302.9165    46      305.6425      293.6739  9167294    3.92%         x.33.35 D 1669128 1669127     91
 1678125 1319834      298.8329    35      305.6425      293.6835  9214305    3.91%          x.7.13 U 1678125 1678124     40
 1686710 1326500      300.1657    56      305.6425      293.6917  9259581    3.91%           x.5.3 D 1686710 1686709     54
 1695718 1333523      303.4033    57      305.6425      293.7001  9307444    3.91%          x.5.32 D 1695718 1695717     71
 1704790 1340557      305.1917    56      305.6425      293.7094  9354241    3.90%         x.35.35 D 1704790 1704789     44
 1713270 1347159      296.2698    54      305.6425      293.7183  9398836    3.90%          x.27.7 D 1713270 1713269     43
 1721253 1353415      300.8398    56      305.6425      293.7251  9439585    3.90%           x.6.3 D 1721253 1721252     40
 1729896 1360198      298.1809    53      305.6425      293.7325  9484521    3.90%           x.7.3 D 1729896 1729895     72
 1738720 1367127      298.0384    51      305.6425      293.7409  9530435    3.89%          x.5.13 D 1738720 1738719     63
Elapsed time = 978.21 sec. (740493.85 ticks, tree = 3492.80 MB, solutions = 13)
Nodefile size = 1445.20 MB (658.18 MB after compression)
 1747653 1373903      302.4213    50      305.6425      293.7488  9576266    3.89%          x.5.26 D 1747653 1747652     73
 1756238 1380381      298.1838    62      305.6425      293.7569  9620915    3.89%           x.7.3 D 1756238 1756237     65
 1764700 1386952      302.8503    51      305.6425      293.7644  9664880    3.89%         x.18.15 D 1764700 1764699     76
 1773664 1393892      295.7625    55      305.6425      293.7724  9711282    3.88%          x.11.7 U 1773664 338348     25
 1782521 1400775      301.2841    48      305.6425      293.7798  9757977    3.88%         x.33.35 D 1782521 1782520     69
 1791172 1407446      304.9542    56      305.6425      293.7873  9802699    3.88%          x.32.7 D 1791172 1791171     85
 1799985 1414211      296.9594    53      305.6425      293.7947  9848543    3.88%           x.3.3 D 1799985 1799984     45
 1808766 1421141      304.2167    53      305.6425      293.8017  9894620    3.87%         x.17.22 D 1808766 1808765     49
 1817200 1427684      296.4671    52      305.6425      293.8099  9938096    3.87%          x.24.3 D 1817200 1817199     50
 1825786 1434405      298.5485    56      305.6425      293.8169  9982642    3.87%         x.28.21 D 1825786 1825785     65
Elapsed time = 1045.31 sec. (778668.23 ticks, tree = 3659.87 MB, solutions = 13)
Nodefile size = 1612.89 MB (727.81 MB after compression)
 1834416 1441023      299.1542    51      305.6425      293.8250 10026489    3.87%           x.8.3 D 1834416 1834415     47
 1843100 1447736      301.6032    44      305.6425      293.8330 10070999    3.86%         x.24.15 D 1843100 1843099     44
 1851820 1454466      294.2972    58      305.6425      293.8401 10116065    3.86%          x.5.32 U 1851820  72615     39
 1860800 1461589      297.4526    61      305.6425      293.8463 10161386    3.86%          x.16.3 D 1860800 1860799     60
 1869777 1468521      305.4281    50      305.6425      293.8538 10208672    3.86%          x.20.3 D 1869777 1869776     93
 1878503 1475478      301.5688    54      305.6425      293.8602 10252555    3.85%         x.16.29 U 1878503 1878502     65
 1887341 1482416      302.4685    54      305.6425      293.8681 10297025    3.85%         x.28.19 D 1887341 1887340     54
 1896286 1489329      301.2283    54      305.6425      293.8747 10343111    3.85%          x.25.3 D 1896286 1896285     79
 1905236 1496238      304.8806    41      305.6425      293.8823 10388716    3.85%          x.3.12 U 1905236 1905235     57
 1914157 1503138      299.9771    52      305.6425      293.8897 10433670    3.85%         x.11.10 D 1914157 1914156     79
Elapsed time = 1113.62 sec. (816833.88 ticks, tree = 3830.56 MB, solutions = 13)
Nodefile size = 1783.59 MB (798.30 MB after compression)
 1923210 1510289      301.7965    50      305.6425      293.8975 10478811    3.84%         x.28.27 D 1923210 1923209     63
 1932310 1517302      299.8364    60      305.6425      293.9053 10526240    3.84%         x.28.35 D 1932310 1932309     89
 1941298 1524336      304.7990    57      305.6425      293.9127 10571769    3.84%         x.18.15 U 1941298  82945     39
 1950340 1531299      304.0544    48      305.6425      293.9196 10618428    3.84%          x.24.3 D 1950340 1950339     55
 1959540 1538437      300.5083    52      305.6425      293.9274 10664673    3.83%          x.32.3 D 1959540 1959539     72
 1968234 1545205      295.2618    58      305.6425      293.9343 10710107    3.83%          x.28.2 D 1968234 1968233     36
 1976830 1551930      301.6098    47      305.6425      293.9410 10753920    3.83%         x.20.17 U 1976830 1976829     70
 1985521 1558695      296.1259    48      305.6425      293.9476 10797375    3.83%          x.16.7 D 1985521 1985520     40
 1994496 1565591      305.1135    39      305.6425      293.9548 10843907    3.82%           x.5.2 D 1994496 1994495     74
 2003453 1572563      295.0661    59      305.6425      293.9615 10888851    3.82%         x.28.13 D 2003453 2003452     65
Elapsed time = 1182.61 sec. (854984.14 ticks, tree = 4003.00 MB, solutions = 13)
Nodefile size = 1955.27 MB (867.49 MB after compression)
 2012220 1579403      298.0209    56      305.6425      293.9676 10934000    3.82%          x.16.3 D 2012220 2012219     58
 2021131 1586381      304.6037    44      305.6425      293.9747 10979901    3.82%           x.5.8 D 2021131 2021130     75
 2030190 1593436      303.1144    54      305.6425      293.9814 11026029    3.82%          x.11.7 U 2030190 423684     21
 2039444 1600622      294.8542    50      305.6425      293.9883 11072182    3.81%         x.28.34 U 2039444 141004     51
 2048324 1607466      302.8168    50      305.6425      293.9949 11117849    3.81%         x.38.26 D 2048324 2048323     90
 2057190 1614306      300.2063    58      305.6425      294.0015 11164020    3.81%          x.17.7 D 2057190 2057189     56
 2065480 1620836      305.0396    39      305.6425      294.0071 11207202    3.81%          x.5.34 D 2065480 2065478     52
 2074520 1627929      305.2828    24      305.6425      294.0133 11252402    3.80%         x.22.35 D 2074520 2074519     68
 2083664 1634988      300.1094    55      305.6425      294.0207 11298775    3.80%          x.12.3 D 2083664 2083663     48
 2092663 1641968      299.0519    47      305.6425      294.0276 11344827    3.80%          x.5.34 D 2092663 2092662     66
Elapsed time = 1252.18 sec. (893135.00 ticks, tree = 4175.37 MB, solutions = 13)
Nodefile size = 2127.97 MB (936.80 MB after compression)
 2101591 1648978      303.8986    59      305.6425      294.0338 11389884    3.80%          x.24.3 U 2101591 2101588     54
 2110497 1655809      305.3694    44      305.6425      294.0400 11436502    3.80%          x.5.32 U 2110497 2110495     29
 2119203 1662633      305.4529    54      305.6425      294.0459 11481230    3.79%         x.28.38 U 2119203 2119201     73
 2128019 1669443      298.9592    50      305.6425      294.0537 11526730    3.79%         x.24.13 D 2128019 2128018     86
 2137136 1676519      304.9788    53      305.6425      294.0596 11572816    3.79%         x.10.29 D 2137136 2137134     67
 2146044 1683503        cutoff            305.6425      294.0653 11617664    3.79%          x.32.7 U 2146044 2146041     74
 2154980 1690394      300.6489    36      305.6425      294.0720 11663910    3.79%         x.18.38 D 2154980 2154979     61
 2164037 1697509      301.7994    53      305.6425      294.0776 11710415    3.78%          x.1.35 D 2164037 2164036     72
 2172878 1704497      301.2574    47      305.6425      294.0842 11756026    3.78%         x.28.19 D 2172878 2172877     46
 2181919 1711569        cutoff            305.6425      294.0908 11802264    3.78%          x.32.7 U 2181919 2181917     71
Elapsed time = 1322.04 sec. (931283.87 ticks, tree = 4348.25 MB, solutions = 13)
Nodefile size = 2300.66 MB (1006.38 MB after compression)
 2190910 1718443        cutoff            305.6425      294.0978 11848278    3.78%          x.3.12 D 2190910 2190908     48
 2199538 1725024      295.1965    59      305.6425      294.1040 11892654    3.78%         x.35.35 D 2199538 2199537     43
 2208603 1731825      296.2376    57      305.6425      294.1113 11939267    3.77%          x.3.22 D 2208603 2208602     57
 2217625 1738681      305.5778    46      305.6425      294.1173 11985850    3.77%          x.15.8 D 2217625 2217624     89
 2226660 1745588      294.8018    56      305.6425      294.1229 12033074    3.77%           x.3.3 D 2226660 2226659     43
 2235858 1752705      304.5196    54      305.6425      294.1298 12078970    3.77%         x.28.10 D 2235858 2235857     22
 2244790 1759657      302.7892    35      305.6425      294.1360 12124641    3.76%         x.20.17 U 2244790 2244789     61
 2253592 1766389      300.8250    51      305.6425      294.1421 12170458    3.76%         x.28.31 D 2253592 2253591     79
 2262198 1772920      294.8907    50      305.6425      294.1486 12214855    3.76%          x.28.7 D 2262198 2262197     63
 2271071 1779768      300.8688    52      305.6425      294.1541 12261299    3.76%         x.28.20 D 2271071 2271070     87
Elapsed time = 1391.65 sec. (969455.49 ticks, tree = 4517.65 MB, solutions = 13)
Nodefile size = 2470.38 MB (1074.05 MB after compression)
 2279695 1786233      303.3887    54      305.6425      294.1605 12307482    3.76%          x.7.18 U 2279695 2279694     53
 2288500 1792986      304.0118    52      305.6425      294.1664 12353656    3.75%          x.3.22 D 2288500 2288499     50
 2297423 1799827      304.5071    45      305.6425      294.1729 12400524    3.75%           x.0.3 D 2297423 2297422     82
 2305988 1806481      296.2807    53      305.6425      294.1782 12445255    3.75%          x.3.22 D 2305988 2305987     52
 2314983 1813366      301.0125    53      305.6425      294.1840 12491906    3.75%          x.32.3 D 2314983 2314982     51
 2323920 1820124      298.4639    56      305.6425      294.1899 12538619    3.75%         x.35.35 D 2323920 2323919     40
 2333005 1827120      298.3844    54      305.6425      294.1960 12585787    3.75%         x.39.10 D 2333005 2333004     29
 2341923 1833915      303.7224    54      305.6425      294.2025 12633627    3.74%          x.20.7 D 2341923 2341922     59
 2350929 1840853      303.2560    53      305.6425      294.2084 12680147    3.74%         x.10.22 D 2350929 2350928     82
 2359865 1847717      303.1605    48      305.6425      294.2145 12727411    3.74%         x.20.17 U 2359865 2359864     84
Elapsed time = 1461.58 sec. (1007604.32 ticks, tree = 4686.47 MB, solutions = 13)
Nodefile size = 2639.11 MB (1140.55 MB after compression)
 2368549 1854399      300.2633    46      305.6425      294.2207 12772555    3.74%         x.25.33 U 2368549 2368548     68
 2377519 1861248      301.1591    51      305.6425      294.2265 12819332    3.74%         x.28.27 D 2377519 2377518     64
 2386271 1867925      300.8572    50      305.6425      294.2325 12865121    3.73%          x.20.7 D 2386271 2386270     57
 2394985 1874663      304.1295    52      305.6425      294.2383 12910610    3.73%          x.28.2 D 2394985 2394984     43
 2403503 1881012      305.0353    54      305.6425      294.2440 12954908    3.73%         x.38.20 U 2403503 2403502     79
 2412249 1887772      301.0323    47      305.6425      294.2493 13000858    3.73%          x.14.3 D 2412249 2412248     83
 2421169 1894711      303.4025    42      305.6425      294.2548 13046846    3.73%           x.1.3 D 2421169 2421168     97
 2429921 1901504      300.9840    55      305.6425      294.2596 13092817    3.72%         x.10.22 D 2429921 2429920     86
 2438740 1908293      301.8392    46      305.6425      294.2654 13139742    3.72%           x.0.3 D 2438740 2438739     69
 2447455 1915082      295.6142    55      305.6425      294.2712 13184638    3.72%          x.10.3 D 2447455 2447454     53
Elapsed time = 1531.18 sec. (1045769.01 ticks, tree = 4853.82 MB, solutions = 13)
Nodefile size = 2806.85 MB (1206.37 MB after compression)
 2456283 1921859      295.4597    53      305.6425      294.2772 13230205    3.72%         x.28.28 D 2456283 2456282     33
 2465380 1928848      304.0091    47      305.6425      294.2833 13277101    3.72%          x.28.0 D 2465380 2465379     74
 2474456 1935808      304.2824    58      305.6425      294.2887 13324852    3.71%         x.25.33 U 2474456 2474455    100
 2483530 1942662      299.5539    53      305.6425      294.2944 13371477    3.71%          x.31.3 D 2483530 2483529     71
 2492303 1949496      298.5583    49      305.6425      294.2999 13417363    3.71%          x.2.22 D 2492303 2492302     58
 2501215 1956378      295.4253    58      305.6425      294.3051 13463382    3.71%         x.35.35 D 2501215 2501214     41
 2510160 1963250      296.3607    50      305.6425      294.3103 13510157    3.71%         x.16.29 U 2510160 2510159     35
 2519069 1970138      303.7854    51      305.6425      294.3158 13556756    3.71%          x.5.34 D 2519069 2519068     64
 2527900 1976886      303.0028    57      305.6425      294.3214 13602707    3.70%          x.13.3 D 2527900 2527899     56
 2536743 1983694      301.5622    46      305.6425      294.3269 13649101    3.70%         x.37.30 D 2536743 2536742     45
Elapsed time = 1601.90 sec. (1083919.09 ticks, tree = 5024.30 MB, solutions = 13)
Nodefile size = 2976.59 MB (1271.60 MB after compression)
 2545650 1990577      298.4724    54      305.6425      294.3323 13695849    3.70%          x.25.3 D 2545650 2545649     70
 2554560 1997290        cutoff            305.6425      294.3375 13743244    3.70%          x.20.7 D 2554560 2554558     71
 2563700 2004361      303.4601    50      305.6425      294.3432 13790793    3.70%         x.17.22 U 2563700 1505520     24
 2572682 2011308      295.2111    58      305.6425      294.3484 13837935    3.70%          x.24.3 D 2572682 2572681     50
 2581467 2018009      303.2039    48      305.6425      294.3536 13884185    3.69%          x.12.7 U 2581467 2581465     50
 2590400 2024773      303.1085    46      305.6425      294.3592 13930503    3.69%         x.35.36 U 2590400 2590399     67
 2599223 2031428      303.4233    48      305.6425      294.3645 13976731    3.69%         x.28.24 D 2599223 2599222    103
 2608091 2038225      300.2225    49      305.6425      294.3696 14022863    3.69%          x.29.7 D 2608091 2608090     25
 2616932 2045038      304.9621    51      305.6425      294.3749 14069547    3.69%         x.28.11 N 2616932 2616931     57
 2625423 2051328      305.2203    32      305.6425      294.3797 14114780    3.68%         x.23.21 D 2625423 2625422     56
Elapsed time = 1672.64 sec. (1122080.81 ticks, tree = 5192.30 MB, solutions = 13)
Nodefile size = 3145.33 MB (1335.76 MB after compression)
 2634226 2058077      303.6595    43      305.6425      294.3852 14159838    3.68%          x.27.3 D 2634226 2634225     74
 2643310 2065016      304.9320    33      305.6425      294.3904 14206642    3.68%          x.0.37 U 2643310 2643308     65
 2652430 2071889      296.2722    54      305.6425      294.3960 14253797    3.68%          x.36.7 D 2652430 2652429     58
 2661538 2078745      296.4112    55      305.6425      294.4017 14300613    3.68%          x.38.4 U 2661538  24947     67
 2670471 2085507      300.3534    38      305.6425      294.4071 14347678    3.68%         x.11.16 U 2670471 2670470     60
 2679450 2092347      301.7767    51      305.6425      294.4114 14394922    3.67%         x.39.35 D 2679450 2679449     48
 2687994 2098755      296.8534    59      305.6425      294.4166 14440186    3.67%          x.27.7 D 2687994 2687993     40
 2696995 2105689      301.1668    54      305.6425      294.4218 14486911    3.67%          x.3.22 D 2696995 2696994     48
 2705560 2112232      303.8450    47      305.6425      294.4263 14531917    3.67%          x.37.3 D 2705560 2705559    100
 2714445 2118906      300.5589    52      305.6425      294.4310 14578968    3.67%         x.28.35 D 2714445 2714444     60
Elapsed time = 1743.08 sec. (1160233.69 ticks, tree = 5360.18 MB, solutions = 13)
Nodefile size = 3313.06 MB (1399.10 MB after compression)
 2723463 2125611      295.0733    53      305.6425      294.4357 14626369    3.67%          x.6.27 D 2723463 2723462     51
 2732583 2132578        cutoff            305.6425      294.4404 14673397    3.67%          x.27.3 U 2732583 2732581     76
 2741281 2139202      295.2749    57      305.6425      294.4453 14718813    3.66%         x.26.35 D 2741281 2741280     43
 2750121 2145959      297.0695    50      305.6425      294.4502 14764178    3.66%         x.26.35 D 2750121 2750120     49
 2759331 2153015      298.5405    61      305.6425      294.4551 14810558    3.66%          x.11.7 D 2759331 2759330     24
 2768195 2159942      296.6416    54      305.6425      294.4598 14855953    3.66%          x.28.8 D 2768195 2768194     52
 2777349 2167002      297.0158    54      305.6425      294.4639 14902591    3.66%           x.2.7 D 2777349 2777348     42
 2786348 2173914      305.0029    55      305.6425      294.4685 14947817    3.66%          x.2.39 U 2786348 2786347     89
 2795320 2180658        cutoff            305.6425      294.4728 14994747    3.65%          x.27.3 D 2795320 2795319     99
 2804250 2187486      300.0070    44      305.6425      294.4774 15039933    3.65%          x.31.3 D 2804250 2804249     81
Elapsed time = 1813.98 sec. (1198385.39 ticks, tree = 5530.56 MB, solutions = 13)
Nodefile size = 3482.80 MB (1462.70 MB after compression)
 2813069 2194008      299.8669    49      305.6425      294.4826 15086034    3.65%         x.28.31 D 2813069 2813068     73
 2821808 2200430      301.2332    50      305.6425      294.4877 15132647    3.65%          x.3.22 D 2821808 2821806     53
 2830640 2206891      299.7384    52      305.6425      294.4923 15179869    3.65%         x.11.10 D 2830640 2830639     54
 2839762 2213590      303.9609    52      305.6425      294.4968 15227591    3.65%          x.30.0 D 2839762 2839760     92
 2848674 2220069        cutoff            305.6425      294.5021 15273928    3.64%          x.31.3 U 2848674 2848672     65
 2857709 2226673      299.5339    49      305.6425      294.5072 15320902    3.64%         x.28.21 D 2857709 2857708     55
 2866701 2233262      304.9168    56      305.6425      294.5126 15367918    3.64%           x.6.3 D 2866701 2866700     43
 2875854 2240027      301.1753    50      305.6425      294.5181 15415649    3.64%          x.39.3 N 2875854 2875853     78
 2884709 2246456      305.0004    44      305.6425      294.5226 15462441    3.64%         x.10.22 D 2884709 2884708     74
 2893723 2253347      295.1968    61      305.6425      294.5271 15507920    3.64%         x.17.22 U 2893723 240350     46
Elapsed time = 1883.82 sec. (1236549.96 ticks, tree = 5694.21 MB, solutions = 13)
Nodefile size = 3646.57 MB (1524.45 MB after compression)
 2902560 2259806      301.3657    50      305.6425      294.5318 15554064    3.64%          x.24.3 D 2902560 2902559     71
 2911536 2266480      303.8549    51      305.6425      294.5359 15601222    3.63%         x.16.29 N 2911536 2911535     69
 2920490 2273107      299.4914    57      305.6425      294.5407 15647092    3.63%          x.30.3 D 2920490 2920489     48
 2929340 2279636      301.3014    50      305.6425      294.5447 15692558    3.63%         x.33.35 D 2929340 2929339    102
 2938110 2286115      302.7231    54      305.6425      294.5494 15738173    3.63%         x.28.21 D 2938110 2938109     55
 2946827 2292653      302.8055    46      305.6425      294.5538 15782827    3.63%           x.1.3 D 2946827 2946826     82
 2955830 2299354      303.9007    41      305.6425      294.5581 15828696    3.63%          x.1.35 D 2955830 2955829     67
 2964798 2306008      304.9939    53      305.6425      294.5633 15874841    3.62%         x.33.35 D 2964798 2964797     64
 2974041 2312945      305.2487    46      305.6425      294.5680 15921711    3.62%         x.24.15 D 2974041 2974040    100
 2982676 2319362        cutoff            305.6425      294.5725 15966768    3.62%          x.27.3 U 2982676 2982674     74
Elapsed time = 1953.83 sec. (1274701.81 ticks, tree = 5858.22 MB, solutions = 13)
Nodefile size = 3810.32 MB (1585.33 MB after compression)
 2991334 2325850        cutoff            305.6425      294.5770 16011563    3.62%          x.37.3 U 2991334 2991332     74
 3000071 2332434      301.6180    45      305.6425      294.5813 16055437    3.62%         x.37.15 D 3000071 3000070     57
 3008831 2338945      298.9133    58      305.6425      294.5855 16100810    3.62%          x.17.7 D 3008831 3008830     24
 3017670 2345413      302.2748    54      305.6425      294.5903 16147263    3.62%         x.39.10 D 3017670 3017669     45
 3026836 2352152        cutoff            305.6425      294.5948 16195002    3.61%          x.20.7 D 3026836 3026835     68
 3035491 2358602      296.2748    54      305.6425      294.5989 16240392    3.61%           x.8.3 D 3035491 3035490     70
 3044470 2365178      296.8889    56      305.6425      294.6035 16288178    3.61%          x.32.7 D 3044470 3044469     69
 3053444 2371832      303.5226    40      305.6425      294.6081 16334555    3.61%         x.25.33 U 3053444 3053443     72
 3062090 2378145      299.5948    58      305.6425      294.6123 16380709    3.61%           x.5.3 D 3062090 3062089     60
 3071050 2384510      303.3745    52      305.6425      294.6171 16428270    3.61%          x.32.7 D 3071050 3071049     80
Elapsed time = 2023.61 sec. (1312851.47 ticks, tree = 6020.06 MB, solutions = 13)
Nodefile size = 3972.08 MB (1645.68 MB after compression)
 3079964 2391158      296.4730    60      305.6425      294.6213 16474468    3.61%          x.39.3 D 3079964 3079963     78
 3088820 2397608      305.2294    52      305.6425      294.6260 16521619    3.60%          x.4.29 D 3088820 3088819     87
 3097855 2404269      302.9930    47      305.6425      294.6305 16568616    3.60%          x.24.3 U 3097855 3097852     44
 3106680 2410794      298.3592    52      305.6425      294.6348 16615933    3.60%         x.39.22 D 3106680 3106679     37
 3115544 2417373        cutoff            305.6425      294.6392 16662057    3.60%         x.37.10 U 3115544 3115542     61
 3124290 2423602      302.0049    41      305.6425      294.6441 16710408    3.60%         x.25.33 U 3124290 3124289     67
 3133226 2430239      297.6561    52      305.6425      294.6483 16757885    3.60%         x.28.27 D 3133226 3133225     36
 3141852 2436794      302.3610    58      305.6425      294.6529 16802522    3.60%         x.28.27 D 3141852 3141851     55
 3150560 2443160      300.4243    55      305.6425      294.6577 16848535    3.59%          x.21.3 D 3150560 3150559     64
 3159025 2449413      301.9628    46      305.6425      294.6617 16892672    3.59%           x.5.2 D 3159025 3159024     63
Elapsed time = 2093.47 sec. (1351001.89 ticks, tree = 6181.29 MB, solutions = 13)
Nodefile size = 4133.84 MB (1705.73 MB after compression)
 3167886 2455955      304.0687    56      305.6425      294.6660 16939121    3.59%          x.1.35 D 3167886 3167884     53
 3176798 2462409      299.1905    47      305.6425      294.6708 16987313    3.59%          x.30.8 U 3176798 3176797     55
 3185661 2469019      303.5125    40      305.6425      294.6747 17034415    3.59%         x.33.35 D 3185661 3185660     70
 3194637 2475592      302.8984    54      305.6425      294.6789 17082010    3.59%         x.11.10 D 3194637 3194636     60
 3203498 2482166      303.8783    59      305.6425      294.6831 17129204    3.59%           x.1.3 D 3203498 3203497     96
 3212037 2488434      303.2866    47      305.6425      294.6873 17174195    3.58%          x.21.3 D 3212037 3212036     83
 3220660 2494739      298.2365    56      305.6425      294.6918 17219900    3.58%          x.28.8 D 3220660 3220659     74
 3229686 2501358      298.9700    55      305.6425      294.6961 17267590    3.58%          x.24.3 D 3229686 3229685     45
 3238650 2507997      300.8468    50      305.6425      294.6999 17315438    3.58%         x.35.10 D 3238650 3238649     63
 3247528 2514598      303.5525    61      305.6425      294.7041 17362737    3.58%          x.12.3 D 3247528 3247527     51
Elapsed time = 2163.39 sec. (1389151.90 ticks, tree = 6343.25 MB, solutions = 13)
Nodefile size = 4295.61 MB (1764.79 MB after compression)
 3256642 2521312      299.1352    57      305.6425      294.7084 17410458    3.58%          x.4.18 U 3256642  28821     30
 3265301 2527537      295.4252    61      305.6425      294.7129 17457638    3.58%         x.35.35 N 3265301 3265300     47
 3274306 2534143      296.5528    51      305.6425      294.7170 17505156    3.57%         x.36.36 U 3274306 3274305     42
 3283166 2540631      305.0240    60      305.6425      294.7209 17551399    3.57%          x.3.10 D 3283166 3283165     41
 3291827 2546919      297.6386    49      305.6425      294.7252 17597521    3.57%         x.28.11 D 3291827 3291826     42
 3300367 2553250      299.7784    55      305.6425      294.7290 17642240    3.57%         x.28.20 D 3300367 3300366     73
 3309188 2559629      302.0178    52      305.6425      294.7329 17688488    3.57%         x.28.19 D 3309188 3309187     65
 3317570 2565660      295.0986    54      305.6425      294.7371 17732898    3.57%         x.17.22 U 3317570 107159     41
 3325734 2571656      304.5589    37      305.6425      294.7408 17776101    3.57%         x.10.22 D 3325734 3325733     99
 3334572 2578169      299.7466    47      305.6425      294.7448 17822779    3.57%         x.28.21 D 3334572 3334571     67
Elapsed time = 2232.37 sec. (1427302.19 ticks, tree = 6501.20 MB, solutions = 13)
Nodefile size = 4453.39 MB (1822.18 MB after compression)
 3343360 2584505      297.9036    49      305.6425      294.7496 17869304    3.56%          x.5.10 D 3343360 3343359     38
 3352197 2591017      302.4446    47      305.6425      294.7536 17915466    3.56%          x.17.7 D 3352197 3352196     48
 3361263 2597543      299.3672    46      305.6425      294.7577 17961913    3.56%          x.21.3 D 3361263 3361262     75
 3370365 2604261      299.9974    49      305.6425      294.7616 18009168    3.56%         x.17.22 D 3370365 3370363     54
 3379144 2610725      301.1799    54      305.6425      294.7656 18055376    3.56%          x.21.3 D 3379144 3379143     79
 3388140 2617324      294.8790    54      305.6425      294.7695 18102011    3.56%           x.7.7 U 3388140 734316     21
 3397038 2623881      297.8873    48      305.6425      294.7732 18148622    3.56%           x.8.3 D 3397038 3397037     50
 3406130 2630542      296.8616    49      305.6425      294.7772 18196329    3.55%          x.36.7 D 3406130 3406129     42
 3415094 2637109      297.6658    63      305.6425      294.7812 18242797    3.55%           x.2.7 N 3415094 3415093     41
 3423848 2643381      294.8672    49      305.6425      294.7854 18289094    3.55%         x.26.27 U 3423848 552722     15
Elapsed time = 2302.69 sec. (1465451.34 ticks, tree = 6663.18 MB, solutions = 13)
Nodefile size = 4616.15 MB (1881.02 MB after compression)
 3432876 2649982      295.2870    58      305.6425      294.7891 18337025    3.55%          x.3.22 U 3432876 357243     28
 3441978 2656436      298.9284    51      305.6425      294.7928 18385326    3.55%          x.24.3 D 3441978 3441977     62
 3450993 2663022      301.9843    39      305.6425      294.7963 18432027    3.55%         x.35.10 D 3450993 3450992     79
 3459916 2669448      298.8300    56      305.6425      294.8005 18478627    3.55%         x.11.10 D 3459916 3459915     38
 3468769 2675837      302.3649    43      305.6425      294.8050 18525153    3.55%          x.20.3 D 3468769 3468768     86
 3477665 2682236      295.9594    59      305.6425      294.8090 18571462    3.54%          x.16.7 D 3477665 3477664     42
 3486580 2688668      305.0778    49      305.6425      294.8130 18618197    3.54%          x.32.7 D 3486580 3486579     54
 3495580 2695215      304.6123    47      305.6425      294.8170 18665057    3.54%           x.7.3 D 3495580 3495579     87
 3504386 2701620      304.1955    50      305.6425      294.8207 18710686    3.54%         x.28.28 D 3504386 3504385     55
 3513031 2708032      297.0947    61      305.6425      294.8248 18756724    3.54%           x.6.3 D 3513031 3513030     44
Elapsed time = 2372.45 sec. (1503600.74 ticks, tree = 6823.82 MB, solutions = 13)
Nodefile size = 4775.91 MB (1938.16 MB after compression)
 3521868 2714500      302.3311    44      305.6425      294.8283 18803313    3.54%          x.21.3 D 3521868 3521867     80
 3530696 2720983      302.8611    58      305.6425      294.8319 18849665    3.54%          x.7.18 U 3530696 3530695     71
 3539338 2727401      302.9613    50      305.6425      294.8353 18894773    3.54%          x.20.3 D 3539338 3539337     97
 3548196 2733749      304.0242    42      305.6425      294.8394 18941814    3.53%         x.33.35 D 3548196 3548195     87
 3557005 2740292      298.5632    53      305.6425      294.8427 18987419    3.53%         x.16.29 U 3557005 3557004     55
 3565786 2746783      301.1450    49      305.6425      294.8463 19033659    3.53%          x.28.0 D 3565786 3565785     74
 3574507 2753127      302.1895    51      305.6425      294.8500 19079504    3.53%          x.5.32 D 3574507 3574506     58
 3583140 2759455      304.1866    33      305.6425      294.8536 19125240    3.53%         x.27.15 D 3583140 3583139     67
 3591680 2765557      300.5156    47      305.6425      294.8578 19170520    3.53%         x.28.31 D 3591680 3591679     67
 3600414 2771882      301.5663    46      305.6425      294.8617 19216548    3.53%          x.38.4 U 3600414 3600413     75
Elapsed time = 2441.67 sec. (1541758.81 ticks, tree = 6982.42 MB, solutions = 13)
Nodefile size = 4934.67 MB (1995.50 MB after compression)
 3609126 2778396      304.9434    43      305.6425      294.8655 19262545    3.53%         x.33.29 D 3609126 3609125     81
 3618033 2784755      301.0413    53      305.6425      294.8692 19308877    3.52%          x.13.3 U 3618033 1801937     46
 3626823 2791256      297.3893    52      305.6425      294.8729 19355366    3.52%          x.39.3 D 3626823 3626822     60
 3635368 2797370      295.4137    55      305.6425      294.8772 19400826    3.52%         x.28.10 D 3635368 3635367     47
 3644450 2804062      300.1788    48      305.6425      294.8810 19447872    3.52%         x.37.10 D 3644450 3644449     49
 3653298 2810619      303.2727    52      305.6425      294.8845 19493543    3.52%         x.11.10 D 3653298 3653297     52
 3662138 2816917      299.0962    53      305.6425      294.8883 19540070    3.52%          x.31.3 D 3662138 3662137     55
 3670948 2823375      303.1509    42      305.6425      294.8921 19585539    3.52%          x.2.39 U 3670948 3670947     69
 3679766 2829848      302.4828    61      305.6425      294.8961 19632821    3.52%           x.9.3 D 3679766 3679765     53
 3688716 2836208      299.3751    49      305.6425      294.8998 19680447    3.51%          x.32.3 D 3688716 3688715     60
Elapsed time = 2511.27 sec. (1579907.66 ticks, tree = 7142.23 MB, solutions = 13)
Nodefile size = 5094.43 MB (2052.88 MB after compression)
 3697684 2842714      297.8861    53      305.6425      294.9039 19727882    3.51%         x.22.18 U 3697684 3697683     32
 3706451 2848974      297.3938    53      305.6425      294.9077 19773633    3.51%          x.21.3 D 3706451 3706450     66
 3715145 2855421      298.0640    51      305.6425      294.9112 19818933    3.51%         x.24.35 D 3715145 3715144     46
 3723499 2861574      298.5060    52      305.6425      294.9148 19863178    3.51%          x.28.8 D 3723499 3723498     69
 3731900 2867811      298.4756    47      305.6425      294.9185 19907072    3.51%         x.28.24 D 3731900 3731899     55
 3740607 2874071      305.1179    50      305.6425      294.9222 19953463    3.51%         x.16.29 U 3740607 3740606     75
 3749614 2880618      303.5583    44      305.6425      294.9261 20001427    3.51%         x.22.15 D 3749614 3749613     86
 3758628 2887219      303.0759    55      305.6425      294.9296 20049501    3.51%         x.39.22 D 3758628 3758627     55
 3767253 2893528      304.0005    50      305.6425      294.9332 20093973    3.50%          x.39.7 D 3767253 3767252     70
 3776200 2900102      301.7612    47      305.6425      294.9366 20140190    3.50%         x.17.22 D 3776200 3776199     60
Elapsed time = 2586.91 sec. (1618064.42 ticks, tree = 7300.94 MB, solutions = 13)
Nodefile size = 5253.19 MB (2109.91 MB after compression)
 3785119 2906622        cutoff            305.6425      294.9406 20186747    3.50%         x.16.10 U 3785119 3785117     88
 3794060 2913139      297.1325    49      305.6425      294.9445 20233064    3.50%          x.3.22 D 3794060 3794059     53
 3803352 2919879      304.7400    42      305.6425      294.9483 20281951    3.50%          x.5.14 D 3803352 3803351     55
 3812201 2926293      295.8936    54      305.6425      294.9521 20328088    3.50%          x.3.10 D 3812201 3812200     49
 3820981 2932760      297.3259    52      305.6425      294.9558 20374916    3.50%          x.12.7 D 3820981 3820980     41
 3829922 2939218      304.0176    40      305.6425      294.9597 20421982    3.50%         x.31.22 D 3829922 3829921     48
 3838883 2945675      299.9764    52      305.6425      294.9629 20468683    3.49%           x.4.3 D 3838883 3838882     46
 3847610 2951882      298.1822    56      305.6425      294.9665 20513437    3.49%          x.39.3 D 3847610 3847609     83
 3856480 2958284      305.2405    35      305.6425      294.9699 20559504    3.49%         x.29.21 D 3856480 3856479     54
 3865240 2964509      303.2187    55      305.6425      294.9735 20605604    3.49%          x.2.22 D 3865240 3865239     70
Elapsed time = 2658.57 sec. (1656220.83 ticks, tree = 7460.93 MB, solutions = 13)
Nodefile size = 5413.95 MB (2167.25 MB after compression)
 3873810 2970639      298.2813    51      305.6425      294.9772 20650015    3.49%         x.39.22 D 3873810 3873809     26
 3882573 2976792      295.8719    51      305.6425      294.9806 20695361    3.49%         x.11.10 D 3882573 3882572     51
 3891313 2983000      297.2027    51      305.6425      294.9843 20739456    3.49%          x.5.10 D 3891313 3891312     52
 3900200 2989298      298.4499    46      305.6425      294.9878 20786206    3.49%          x.3.22 N 3900200 3900199     37
 3908700 2995323      303.9231    45      305.6425      294.9917 20829024    3.48%          x.27.3 D 3908700 3908699     97
 3917181 3001299      304.0720    57      305.6425      294.9954 20872944    3.48%          x.31.3 D 3917181 3917180     63
 3925784 3007439      303.0227    47      305.6425      294.9993 20917923    3.48%         x.16.29 U 3925784 3925783     71
 3934737 3013895      300.0338    50      305.6425      295.0030 20964430    3.48%         x.28.20 D 3934737 3934736     70
 3943693 3020276      304.0929    50      305.6425      295.0065 21010900    3.48%         x.25.33 U 3943693 3943692     75
 3952410 3026411      301.5056    39      305.6425      295.0101 21055835    3.48%         x.11.16 U 3952410 3952409     50
Elapsed time = 2728.22 sec. (1694395.60 ticks, tree = 7614.71 MB, solutions = 13)
Nodefile size = 5567.74 MB (2221.87 MB after compression)
 3961467 3032796      303.4977    45      305.6425      295.0141 21104064    3.48%          x.5.20 D 3961467 3961466     65
 3970441 3039257      302.9344    40      305.6425      295.0174 21150193    3.48%         x.20.17 U 3970441 3970440     66
 3979437 3045469      303.8483    52      305.6425      295.0217 21197233    3.47%          x.27.7 D 3979437 3979436     54
 3988442 3051945      297.7358    53      305.6425      295.0258 21243697    3.47%          x.28.8 D 3988442 3988441     67
 3997584 3058358      295.4223    48      305.6425      295.0294 21290981    3.47%          x.32.7 D 3997584 3997583     31
 4006662 3064900      304.3304    47      305.6425      295.0330 21337971    3.47%         x.25.33 U 4006662 4006661     63
 4015577 3071333      303.9535    56      305.6425      295.0365 21383426    3.47%          x.10.3 D 4015577 4015576     70
 4024400 3077605      304.5322    49      305.6425      295.0405 21428141    3.47%         x.29.15 D 4024400 4024399     81
 4033390 3084011      298.1801    63      305.6425      295.0441 21474247    3.47%          x.20.7 D 4033390 4033389     52
 4042310 3090466      302.2549    42      305.6425      295.0476 21519595    3.47%          x.31.3 U 4042310 4042308     55
Elapsed time = 2799.52 sec. (1732546.74 ticks, tree = 7773.87 MB, solutions = 13)
Nodefile size = 5726.51 MB (2277.94 MB after compression)
 4051308 3096806      305.3991    45      305.6425      295.0512 21565626    3.47%         x.33.35 D 4051308 4051307     72
 4060338 3103150      302.6967    50      305.6425      295.0547 21612940    3.46%          x.32.3 D 4060338 4060337     68
 4069200 3109365      296.9827    56      305.6425      295.0582 21659199    3.46%          x.27.7 D 4069200 4069199     52
 4078044 3115662      298.0100    59      305.6425      295.0620 21704884    3.46%          x.5.32 D 4078044 4078043     65
 4087002 3122071      299.6734    61      305.6425      295.0651 21751655    3.46%         x.28.30 D 4087002 4087001     72
 4095920 3128460      302.8103    41      305.6425      295.0685 21797522    3.46%         x.37.15 D 4095920 4095919     64
 4104751 3134771      300.1329    50      305.6425      295.0718 21843611    3.46%          x.20.7 D 4104751 4104750     74
 4113403 3140962      305.1523    43      305.6425      295.0751 21888865    3.46%         x.10.15 D 4113403 4113402     81
 4122348 3147394      303.5509    42      305.6425      295.0786 21934882    3.46%         x.31.22 D 4122348 4122347    103
 4131423 3153824      302.2684    48      305.6425      295.0824 21980979    3.46%          x.2.22 D 4131423 4131422     50
Elapsed time = 2870.34 sec. (1770707.30 ticks, tree = 7931.26 MB, solutions = 13)
Nodefile size = 5884.29 MB (2333.41 MB after compression)
 4140535 3160482      301.2377    47      305.6425      295.0856 22027849    3.45%         x.28.38 D 4140535 4140534     75
 4149263 3166773      301.7067    48      305.6425      295.0891 22073245    3.45%         x.22.15 D 4149263 4149262     61
 4158490 3173520      296.9864    45      305.6425      295.0923 22120384    3.45%           x.3.3 D 4158490 4158489     44
 4167573 3179951      303.1085    43      305.6425      295.0960 22167887    3.45%          x.0.24 D 4167573 4167572     59
 4176490 3186321      305.0665    29      305.6425      295.0994 22214722    3.45%          x.3.35 D 4176490 4176489     75
 4185450 3192909      304.4401    53      305.6425      295.1026 22260071    3.45%          x.32.3 D 4185450 4185448     72
 4194468 3199614      300.9525    42      305.6425      295.1059 22306373    3.45%         x.28.27 D 4194468 4194467     55
 4203377 3205969      299.8271    56      305.6425      295.1094 22353375    3.45%           x.2.7 D 4203377 4203376     42
 4212060 3212331      303.5464    56      305.6425      295.1124 22398501    3.45%          x.3.10 D 4212060 4212059     60
 4220491 3218610        cutoff            305.6425      295.1152 22441665    3.44%          x.37.3 U 4220491 4220489    105
Elapsed time = 2945.45 sec. (1808940.85 ticks, tree = 8092.21 MB, solutions = 13)
Nodefile size = 6045.05 MB (2389.89 MB after compression)
 4229516 3225111      297.9465    45      305.6425      295.1184 22487013    3.44%          x.5.34 D 4229516 4229515     84
 4238510 3231782      302.8424    54      305.6425      295.1215 22533141    3.44%           x.7.3 D 4238510 4238509     77
 4247352 3238329      303.3567    56      305.6425      295.1243 22578141    3.44%          x.5.20 D 4247352 4247351     42
 4256296 3244939      304.6387    49      305.6425      295.1273 22624160    3.44%         x.35.35 D 4256296 4256295     85
 4265141 3251309      304.7833    46      305.6425      295.1306 22669999    3.44%         x.25.33 U 4265141 4265140     64
 4274259 3257930      305.3142    50      305.6425      295.1336 22717708    3.44%          x.27.3 D 4274259 4274258    110
 4283142 3264394      304.4208    48      305.6425      295.1369 22763045    3.44%           x.7.3 U 4283142 4283140     79
 4291910 3270684      300.9215    58      305.6425      295.1399 22808104    3.44%         x.28.20 D 4291910 4291909     70
 4300835 3277147      298.1157    54      305.6425      295.1431 22853252    3.44%          x.9.18 U 4300835 4300834     35
 4309766 3283791      304.4012    52      305.6425      295.1460 22899100    3.43%         x.33.35 D 4309766 4309765     72
Elapsed time = 3016.23 sec. (1847090.09 ticks, tree = 8254.14 MB, solutions = 13)
Nodefile size = 6206.81 MB (2446.47 MB after compression)
 4318503 3290085      299.2531    58      305.6425      295.1492 22944160    3.43%         x.28.27 D 4318503 4318502     57
 4327534 3296682      301.4369    51      305.6425      295.1524 22990922    3.43%           x.5.2 D 4327534 4327533     84
 4336593 3303350      303.0135    37      305.6425      295.1556 23037244    3.43%         x.20.17 U 4336593 4336592     79
 4345794 3310118      297.0058    47      305.6425      295.1589 23084803    3.43%          x.13.3 D 4345794 4345793     56
 4354735 3316538      302.6505    48      305.6425      295.1620 23132204    3.43%         x.35.36 U 4354735 4354734     45
 4363291 3322811      303.6208    52      305.6425      295.1651 23175780    3.43%          x.31.3 D 4363291 4363290     68
 4372366 3329368      295.5751    58      305.6425      295.1685 23222409    3.43%          x.20.7 D 4372366 4372365     56
 4380874 3335579      301.1608    34      305.6425      295.1714 23266549    3.43%          x.9.15 D 4380874 4380873     51
 4389867 3342022      304.8206    52      305.6425      295.1747 23313565    3.42%         x.33.35 D 4389867 4389866     65
 4398802 3348485      295.7066    57      305.6425      295.1780 23360299    3.42%          x.5.32 D 4398802 4398801     36
Elapsed time = 3086.22 sec. (1885264.82 ticks, tree = 8414.85 MB, solutions = 13)
Nodefile size = 6367.58 MB (2502.31 MB after compression)
 4407609 3354810      304.8809    46      305.6425      295.1814 23406271    3.42%          x.39.3 D 4407609 4407608     70
 4416702 3361232      303.7234    45      305.6425      295.1845 23453148    3.42%         x.37.15 D 4416702 4416701     51
 4425694 3367720      299.5356    56      305.6425      295.1874 23499400    3.42%         x.28.38 D 4425694 4425693     70
 4434746 3374314        cutoff            305.6425      295.1906 23546319    3.42%         x.34.29 D 4434746 4434744     60
 4443676 3380824      301.0987    53      305.6425      295.1936 23592618    3.42%          x.27.7 U 4443676 2233228     46
 4452685 3387378      303.8000    54      305.6425      295.1969 23639870    3.42%          x.20.7 D 4452685 4452684     54
 4461372 3393684      298.8855    51      305.6425      295.1997 23683896    3.42%         x.28.11 U 4461372 4461369     52
 4470299 3400138      298.3243    53      305.6425      295.2027 23729525    3.42%          x.12.3 D 4470299 4470298     61
 4479119 3406451      303.4254    44      305.6425      295.2058 23774641    3.41%          x.1.35 D 4479119 4479118     40
 4488158 3413050      303.7894    50      305.6425      295.2087 23821087    3.41%         x.16.29 U 4488158 4488157     70
Elapsed time = 3155.99 sec. (1923414.98 ticks, tree = 8575.27 MB, solutions = 13)
Nodefile size = 6527.36 MB (2557.47 MB after compression)
 4497334 3419668      298.0468    48      305.6425      295.2120 23868103    3.41%          x.3.10 D 4497334 4497333     46
 4506180 3426022      299.3766    46      305.6425      295.2149 23915158    3.41%         x.10.29 D 4506180 4506179     39
 4515416 3432763      303.8036    43      305.6425      295.2181 23962388    3.41%          x.1.35 D 4515416 4515415     65
 4524200 3439266      302.3654    48      305.6425      295.2208 24007520    3.41%         x.28.20 D 4524200 4524199     67
 4533048 3445642      298.7101    59      305.6425      295.2239 24053306    3.41%          x.15.8 U 4533048 4533046     66
 4541938 3452109      303.6229    38      305.6425      295.2269 24099247    3.41%         x.16.29 U 4541938 4541937     71
 4550693 3458444      304.4223    49      305.6425      295.2299 24143904    3.41%         x.37.10 D 4550693 4550692    104
 4559663 3464868      296.7676    46      305.6425      295.2333 24191226    3.41%         x.28.10 U 4559663 2091573     25
 4568720 3471385      304.7305    38      305.6425      295.2366 24238545    3.40%         x.35.10 D 4568720 4568719     65
 4577683 3477878      300.3545    38      305.6425      295.2396 24286240    3.40%         x.25.33 U 4577683 4577682     46
Elapsed time = 3226.46 sec. (1961564.49 ticks, tree = 8736.30 MB, solutions = 13)
Nodefile size = 6689.13 MB (2612.56 MB after compression)
 4586531 3484370      299.2017    54      305.6425      295.2427 24332180    3.40%         x.39.35 D 4586531 4586530     62
Starting limited solution polishing.
 4595304 3490732        cutoff            305.6425      295.2460 24377421    3.40%         x.39.11 U 4595304 4595303     67
 4603603 3496723      295.2679    57      305.6425      295.2489 24421094    3.40%          x.2.39 D 4603603 119185     29
 4611760 3502590      302.0069    52      305.6425      295.2515 24464214    3.40%         x.28.34 D 4611760 4611759     39
 4620016 3508470      302.7160    48      305.6425      295.2545 24507402    3.40%          x.3.10 D 4620016 4620015     45
 4628220 3514375      304.9625    42      305.6425      295.2573 24550680    3.40%         x.28.11 D 4628220 4628219     60
 4636045 3520003      297.4264    53      305.6425      295.2600 24592106    3.40%         x.37.10 D 4636045 4636044     59
 4644882 3526436      301.3346    47      305.6425      295.2629 24638186    3.40%         x.16.29 U 4644882 4644881     96
 4652872 3532212      304.6879    44      305.6425      295.2657 24679742    3.40%          x.7.13 U 4652872 4652871     54
 4660816 3537905      300.4876    50      305.6425      295.2681 24721164    3.39%          x.28.2 D 4660816 4660815     43
Elapsed time = 3301.27 sec. (1999730.35 ticks, tree = 8885.45 MB, solutions = 13)
Nodefile size = 6837.92 MB (2663.81 MB after compression)
 4669200 3543936      301.6072    34      305.6425      295.2710 24764484    3.39%         x.32.15 D 4669200 4669199     62
 4677877 3550147      305.3495    48      305.6425      295.2738 24809687    3.39%         x.39.35 D 4677877 4677876     63
 4686080 3556000      303.0886    47      305.6425      295.2771 24852685    3.39%         x.32.15 D 4686080 4686079     76
 4694693 3562180      303.3472    52      305.6425      295.2799 24898282    3.39%          x.5.10 D 4694693 4694692     62
 4703086 3568188      297.0689    53      305.6425      295.2824 24943163    3.39%          x.12.7 D 4703086 4703085     38
 4711155 3573965      301.0072    46      305.6425      295.2849 24984563    3.39%          x.27.7 N 4711155 4711154     52
 4719600 3579971      299.1830    49      305.6425      295.2879 25029079    3.39%          x.16.3 D 4719600 4719599     61
 4727953 3585942      303.2823    53      305.6425      295.2907 25073221    3.39%         x.11.10 D 4727953 4727952     59
 4736357 3592052      298.9141    54      305.6425      295.2934 25116674    3.39%          x.16.3 D 4736357 4736356     68
 4745100 3598370      304.0029    51      305.6425      295.2964 25162764    3.39%         x.11.10 D 4745100 4745099     55
Elapsed time = 3373.56 sec. (2037889.00 ticks, tree = 9035.68 MB, solutions = 13)
Nodefile size = 6987.71 MB (2715.13 MB after compression)
 4753664 3604487      303.5775    53      305.6425      295.2996 25208187    3.38%          x.16.3 D 4753664 4753663     90
 4762236 3610722      303.4195    41      305.6425      295.3028 25253677    3.38%         x.18.35 D 4762236 4762235     72
 4770971 3617012      296.0459    49      305.6425      295.3056 25298842    3.38%          x.1.35 D 4770971 4770970     59
 4779767 3623358      304.4635    49      305.6425      295.3084 25344174    3.38%          x.5.34 D 4779767 4779766     70
 4788444 3629658      298.3042    55      305.6425      295.3109 25389669    3.38%          x.5.10 D 4788444 4788443     72
 4796762 3635614      303.9051    44      305.6425      295.3138 25434054    3.38%         x.16.10 D 4796762 4796761     66
 4805098 3641622      300.0373    47      305.6425      295.3162 25478566    3.38%         x.31.22 D 4805098 4805097     59
 4813670 3647705      304.0121    49      305.6425      295.3191 25524179    3.38%          x.16.7 U 4813670 4813668    107
 4822363 3653855      295.4403    47      305.6425      295.3218 25570183    3.38%          x.20.7 D 4822363 4822361     50
 4830959 3660083      302.6379    40      305.6425      295.3245 25614584    3.38%         x.35.36 U 4830959 4830958     43
Elapsed time = 3444.81 sec. (2076037.70 ticks, tree = 9189.00 MB, solutions = 13)
Nodefile size = 7141.51 MB (2767.86 MB after compression)
 4839708 3666199      301.8536    53      305.6425      295.3276 25661089    3.37%          x.39.3 U 4839708 202199     52
 4848150 3672281      303.9964    50      305.6425      295.3303 25704363    3.37%         x.35.10 D 4848150 4848149     70
 4856649 3678470      296.2226    60      305.6425      295.3330 25748198    3.37%         x.39.35 U 4856649 1300024     48
 4865222 3684689      296.9242    53      305.6425      295.3358 25791487    3.37%         x.39.10 D 4865222 4865221     49
 4874000 3691047      298.8950    54      305.6425      295.3388 25835729    3.37%          x.27.7 D 4874000 4873999     60
 4882720 3697389      302.3689    35      305.6425      295.3415 25880269    3.37%         x.20.17 U 4882720 4882719     48
 4891362 3703796      296.2189    49      305.6425      295.3443 25925012    3.37%          x.5.10 D 4891362 4891361     54
 4899940 3709990      297.9056    45      305.6425      295.3470 25968810    3.37%         x.28.35 D 4899940 4899939     71
 4908505 3716335      304.9550    47      305.6425      295.3497 26013865    3.37%         x.39.22 D 4908505 4908504     58
 4917131 3722571      303.8504    50      305.6425      295.3524 26058586    3.37%         x.37.10 D 4917131 4917130     66
Elapsed time = 3515.18 sec. (2114195.00 ticks, tree = 9344.25 MB, solutions = 13)
Nodefile size = 7296.29 MB (2820.32 MB after compression)
 4925380 3728428      298.6663    54      305.6425      295.3552 26100150    3.37%          x.32.3 D 4925380 4925379     61
 4934274 3734901      299.1068    50      305.6425      295.3575 26145520    3.37%          x.20.7 D 4934274 4934273     58
 4942889 3741133      302.7793    49      305.6425      295.3600 26189854    3.36%          x.20.7 D 4942889 4942888     54
 4951169 3747213      302.0968    53      305.6425      295.3625 26231838    3.36%          x.28.2 D 4951169 4951168     67
 4959408 3753240      300.1881    45      305.6425      295.3649 26275287    3.36%         x.10.29 U 4959408 4959407     60
 4968196 3759634      302.5398    33      305.6425      295.3677 26320583    3.36%          x.0.27 D 4968196 4968195     75
 4977042 3766002      303.8868    41      305.6425      295.3705 26366213    3.36%           x.5.2 D 4977042 4977041     72
 4985666 3772187      299.2592    44      305.6425      295.3733 26411318    3.36%         x.10.15 D 4985666 4985665     52
 4993553 3777871      305.1970    54      305.6425      295.3756 26451531    3.36%         x.20.17 D 4993553 4993551     65
 5001560 3783563      300.2219    48      305.6425      295.3782 26492908    3.36%          x.32.3 D 5001560 5001559     62
Elapsed time = 3583.89 sec. (2152348.53 ticks, tree = 9495.77 MB, solutions = 13)
Nodefile size = 7448.09 MB (2871.49 MB after compression)
 5009161 3788912      303.5336    44      305.6425      295.3804 26532841    3.36%         x.35.10 D 5009161 5009160     83
 5016920 3794570      302.9805    54      305.6425      295.3827 26573252    3.36%         x.17.22 D 5016920 5016919     57
Advanced basis not built.

Gomory fractional cuts applied:  23
User cuts applied:  161

Root node processing (before b&c):
  Real time             =    0.35 sec. (72.31 ticks)
Sequential b&c:
  Real time             = 3599.70 sec. (2165647.59 ticks)
                          ------------
Total (root+branch&cut) = 3600.05 sec. (2165719.89 ticks)

Solution status: 107
Objective value:  3.0564246391e+02
Solution status is not CPX_STAT_OPTIMAL
Node: 5021040
