proble size: m = 5 , n = 5 , seed = 9 
Benders' cuts separated to cut off: Only integer infeasible solutions.
seed = 9
Version identifier: 20.1.0.0 | 2020-11-10 | 9bedb6d68
CPXPARAM_Threads                                 1
CPXPARAM_RandomSeed                              9
CPXPARAM_MIP_Strategy_CallbackReducedLP          0
CPXPARAM_MIP_Strategy_Search                     1
CPXPARAM_TimeLimit                               3600
CPXPARAM_MIP_Tolerances_AbsMIPGap                0
CPXPARAM_MIP_Tolerances_MIPGap                   0
Legacy callback                                  L
Tried aggregator 1 time.
Reduced MIP has 40 rows, 1640 columns, and 1600 nonzeros.
Reduced MIP has 1600 binaries, 0 generals, 0 SOSs, and 0 indicators.
Presolve time = 0.00 sec. (0.63 ticks)
Probing time = 0.00 sec. (2.48 ticks)
Clique table members: 40.
MIP emphasis: balance optimality and feasibility.
MIP search method: traditional branch-and-cut.
Parallel mode: none, using 1 thread.
Root relaxation solution time = 0.00 sec. (0.34 ticks)

        Nodes                                         Cuts/
   Node  Left     Objective  IInf  Best Integer    Best Bound    ItCnt     Gap         Variable B NodeID Parent  Depth

      0     0        0.0000    26                      0.0000        0         
*     0+    0                         1018.9473        0.0000           100.00%
*     0+    0                          872.3544        0.0000           100.00%
      0     0      182.8557    49      872.3544     Fract: 24      102   79.04%
*     0+    0                          706.4921      182.8557            74.12%
      0     0      219.5769    58      706.4921     Fract: 15      145   68.92%
*     0+    0                          551.3443      219.5769            60.17%
*     0+    0                          525.9554      219.5769            58.25%
*     0+    0                          510.4010      219.5769            56.98%
*     0+    0                          469.7647      219.5769            53.26%
*     0+    0                          435.8283      219.5769            49.62%
      0     2      282.0352    59      435.8283      282.2933      145   35.23%                        0             0
Elapsed time = 0.07 sec. (72.13 ticks, tree = 0.01 MB, solutions = 8)
*    10+   10                          334.8397      282.8017            15.54%
*    60+   60                          320.8052      282.8017            11.85%
    158   144      291.1158    50      320.8052      282.8934     1114   11.82%         x.39.10 D    158    156     13
    473   450      303.8954    54      320.8052      284.5278     2925   11.31%         x.17.13 D    473    472     73
    840   788      318.5942    30      320.8052      285.1127     4658   11.13%          x.11.4 D    840    839    135
   1280  1195      295.7248    51      320.8052      286.4157     7292   10.72%          x.28.3 U   1280   1278     13
   1769  1647      294.6831    51      320.8052      287.0385     9832   10.53%         x.39.25 D   1769   1768     27
*  2000+ 1502                          313.9472      287.7286             8.35%
*  2000+ 1295                          311.3174      287.7286             7.58%
*  2010+ 1305                          311.3174      287.7286             7.58%
*  2140+ 1105                          307.2507      288.2460             6.19%
   2158  1125      301.1892    33      307.2507      288.2460    11879    6.19%           x.2.7 D   2158   2157     41
*  2170+ 1135                          307.2507      288.2460             6.19%
   2450  1381      295.9667    50      307.2507      288.5896    13762    6.07%         x.21.13 D   2450   2449     32
*  2760+ 1638                          307.1009      288.8970             5.93%
   2832  1708      293.0770    51      307.1009      288.9053    16027    5.92%          x.23.3 D   2832   2831     13
*  3130+ 1906                          306.4771      288.9884             5.71%
   3150  1928      300.4328    40      306.4771      288.9884    18073    5.71%         x.20.17 D   3150   3149     33
*  3680+ 2351                          306.2453      289.2486             5.55%
   4639  3191      290.5521    58      306.2453      290.1444    27490    5.26%         x.39.10 D   4639   4638     10
Elapsed time = 2.91 sec. (3182.72 ticks, tree = 8.96 MB, solutions = 18)
   6530  4890      292.4469    48      306.2453      290.7333    38396    5.07%         x.35.10 D   6530   6529     16
   8460  6609      304.2176    50      306.2453      291.0250    49762    4.97%          x.30.3 D   8460   8459     42
  10439  8370      294.2807    50      306.2453      291.2570    61537    4.89%         x.39.10 D  10439  10438     16
  12650 10303      292.9378    49      306.2453      291.5342    74819    4.80%         x.37.10 U  12650   4896     14
  14840 12232      297.8025    44      306.2453      291.7503    87579    4.73%          x.17.3 D  14840  14839     31
  16989 14075      301.6433    47      306.2453      291.9257   100170    4.68%         x.39.22 D  16989  16988     43
  19119 15898      301.0279    46      306.2453      292.1149   113033    4.61%          x.0.21 U  19119  19118     43
  21200 17705      302.1857    54      306.2453      292.2494   125625    4.57%         x.24.13 D  21200  21199     42
  23281 19462      302.8532    51      306.2453      292.3758   138744    4.53%         x.12.38 D  23281  23280     41
  25359 21214      293.8621    54      306.2453      292.4826   151360    4.49%         x.11.10 D  25359  25358     15
Elapsed time = 12.15 sec. (12725.40 ticks, tree = 60.84 MB, solutions = 18)
  27468 23043      300.4367    44      306.2453      292.5851   164183    4.46%         x.14.13 D  27468  27467     34
  29552 24850      294.8581    44      306.2453      292.6622   177282    4.44%         x.30.10 D  29552  29551     20
  31614 26592      297.5943    57      306.2453      292.7535   190084    4.41%          x.9.22 D  31614  31613     28
  33683 28380      303.8354    41      306.2453      292.8441   203281    4.38%         x.13.13 D  33683  33682     51
  35723 30134      300.2062    46      306.2453      292.9028   216588    4.36%          x.9.34 D  35723  35722     38
  37747 31832      299.2384    53      306.2453      292.9742   229794    4.33%         x.26.27 D  37747  37746     32
* 38340+31390                          305.6425      292.9912             4.14%
  39600 32438      298.2091    49      305.6425      293.0291   241089    4.13%         x.26.25 D  39600  39599     23
  41630 34148      297.6840    49      305.6425      293.0825   253931    4.11%          x.2.22 D  41630  41629     47
  43708 35871      294.8118    47      305.6425      293.1553   266761    4.09%          x.3.10 D  43708  43707     17
  45707 37542      304.3966    57      305.6425      293.2006   279493    4.07%         x.14.13 D  45707  45706     52
Elapsed time = 21.51 sec. (22269.18 ticks, tree = 108.18 MB, solutions = 19)
  47754 39253      300.5869    54      305.6425      293.2491   292370    4.05%         x.12.38 D  47754  47753     41
  49801 40979      295.4232    48      305.6425      293.2937   305347    4.04%         x.26.13 D  49801  49800     27
  51871 42733      304.1441    54      305.6425      293.3388   318212    4.03%         x.13.25 D  51871  51869     55
  53908 44436      303.7940    55      305.6425      293.3761   330651    4.01%          x.4.13 D  53908  53907     37
  55970 46190      304.1455    45      305.6425      293.4209   343476    4.00%         x.13.38 D  55970  55969     48
  58050 47901      300.2571    50      305.6425      293.4742   356328    3.98%         x.12.38 D  58050  58049     29
  60160 49667      303.4768    50      305.6425      293.5215   369010    3.97%         x.26.25 D  60160  60159     55
  62252 51422      301.3593    50      305.6425      293.5593   381498    3.95%         x.23.27 D  62252  62251     27
  64335 53115      303.2955    42      305.6425      293.6059   394326    3.94%         x.22.18 D  64335  64334     40
  66391 54821      295.7936    55      305.6425      293.6444   407153    3.93%           x.9.6 D  66391  66390     26
Elapsed time = 30.87 sec. (31809.24 ticks, tree = 156.81 MB, solutions = 19)
  68437 56540      304.6689    40      305.6425      293.6832   419749    3.91%          x.21.0 D  68437  68436     64
  70500 58261      300.8290    53      305.6425      293.7228   432275    3.90%           x.9.9 D  70500  70499     52
  72557 59973      301.2962    50      305.6425      293.7609   445033    3.89%          x.0.21 U  72557  72556     49
  74610 61658        cutoff            305.6425      293.7912   457846    3.88%         x.24.13 U  74610  74608     27
  76683 63397      298.6002    51      305.6425      293.8190   470350    3.87%          x.5.25 U  76683  76682     28
  78740 65072      304.9984    49      305.6425      293.8532   483149    3.86%         x.22.38 D  78740  78739     27
  80813 66803      299.6349    56      305.6425      293.8843   495647    3.85%          x.8.27 D  80813  80812     36
  82900 68548      303.7244    39      305.6425      293.9092   507981    3.84%           x.9.3 D  82900  82899     53
  84962 70254      301.3081    47      305.6425      293.9327   520909    3.83%          x.36.3 U  84962  84960     31
  87056 71940        cutoff            305.6425      293.9607   533716    3.82%         x.14.13 U  87056  87054     41
Elapsed time = 40.22 sec. (41348.84 ticks, tree = 207.82 MB, solutions = 19)
  89096 73668      298.5410    58      305.6425      293.9869   546177    3.81%         x.26.13 D  89096  89094     31
  91176 75337      295.9446    61      305.6425      294.0267   558903    3.80%         x.12.38 D  91176  91175     27
  93188 76951      301.8674    45      305.6425      294.0576   571841    3.79%          x.23.3 D  93188  93187     42
  95270 78653      294.4561    48      305.6425      294.0850   584508    3.78%         x.11.10 U  95270  32042     18
  97301 80262      304.2796    43      305.6425      294.1119   597331    3.77%         x.20.17 D  97301  97299     33
  99415 81958      299.6722    48      305.6425      294.1405   609951    3.76%          x.8.27 D  99415  99414     38
 101460 83574      305.2838    50      305.6425      294.1713   622961    3.75%          x.9.13 D 101460 101459     16
 103539 85266      294.4251    57      305.6425      294.1886   635719    3.75%         x.37.10 D 103539 103538     19
 105589 86960      298.1051    53      305.6425      294.2127   648220    3.74%         x.21.13 D 105589 105588     37
 107655 88610      296.0008    52      305.6425      294.2416   661134    3.73%         x.32.38 D 107655 107654     26
Elapsed time = 49.64 sec. (50888.91 ticks, tree = 254.73 MB, solutions = 19)
 109702 90225      301.4005    57      305.6425      294.2675   673758    3.72%          x.19.3 D 109702 109701     58
 111691 91793      295.9866    54      305.6425      294.2921   686523    3.71%         x.10.38 D 111691 111690     26
 113750 93457      303.1586    47      305.6425      294.3162   699360    3.71%         x.39.22 D 113750 113749     56
 115822 95120      296.9941    52      305.6425      294.3410   712013    3.70%         x.26.27 D 115822 115821     45
 117901 96788      301.4191    41      305.6425      294.3658   724944    3.69%          x.9.34 D 117901 117900     40
 119936 98440      301.2615    51      305.6425      294.3868   737267    3.68%         x.29.27 D 119936 119935     41
 122000 100107      299.2581    50      305.6425      294.4145   750287    3.67%         x.29.27 D 122000 121999     30
 124067 101783      302.3130    42      305.6425      294.4368   763582    3.67%           x.2.2 D 124067 124066     52
 126107 103404      296.5016    51      305.6425      294.4546   776788    3.66%         x.20.25 D 126107 126106     32
 128153 105023      304.3342    51      305.6425      294.4804   789941    3.65%         x.23.21 U 128153 128150     45
Elapsed time = 59.07 sec. (60431.72 ticks, tree = 300.93 MB, solutions = 19)
 130210 106684      298.2760    51      305.6425      294.4996   802498    3.65%         x.21.25 D 130210 130209     26
 132279 108378      294.8237    48      305.6425      294.5151   815166    3.64%         x.26.25 D 132279 132278     25
 134360 110052      304.0176    54      305.6425      294.5322   828475    3.64%          x.23.3 D 134360 134359     41
 136449 111752      298.1141    47      305.6425      294.5508   841171    3.63%         x.13.38 D 136449 136448     28
 138539 113418      301.1681    44      305.6425      294.5687   853974    3.62%          x.0.21 N 138539 138538     40
 140565 115029      294.9535    53      305.6425      294.5880   866803    3.62%          x.8.12 D 140565 140564     10
 142620 116619      296.7548    49      305.6425      294.6074   879731    3.61%         x.24.13 D 142620 142619     29
 144684 118288        cutoff            305.6425      294.6233   892850    3.61%          x.15.3 U 144684 144682     43
 146710 119912      294.9835    52      305.6425      294.6396   905795    3.60%         x.35.12 U 146710  30043     19
 148800 121629      297.2518    47      305.6425      294.6552   918745    3.59%         x.39.10 D 148800 148799     24
Elapsed time = 68.54 sec. (69976.98 ticks, tree = 347.68 MB, solutions = 19)
 150878 123302      296.3510    45      305.6425      294.6745   931761    3.59%         x.16.10 D 150878 150877     20
 152985 125023      304.2925    48      305.6425      294.6885   944227    3.58%         x.20.17 D 152985 152984     45
 155010 126639      304.4774    45      305.6425      294.7097   957195    3.58%          x.36.3 U 155010 155009     55
 157100 128251      295.6355    54      305.6425      294.7250   970246    3.57%         x.16.10 D 157100 157099     30
 159200 129917      298.2905    48      305.6425      294.7407   983107    3.57%           x.9.6 D 159200 159199     33
 161270 131574      298.0312    50      305.6425      294.7603   996144    3.56%         x.10.38 D 161270 161269     16
 163334 133230      302.5895    38      305.6425      294.7775  1009256    3.55%         x.39.35 N 163334 163333     52
 165408 134870      303.9813    48      305.6425      294.7936  1022391    3.55%           x.9.6 D 165408 165407     34
 167505 136553      305.1581    55      305.6425      294.8090  1035227    3.54%          x.36.7 D 167505 167504     59
 169561 138198      294.9367    51      305.6425      294.8227  1048036    3.54%         x.29.27 U 169561  79977     26
Elapsed time = 77.95 sec. (79527.38 ticks, tree = 397.30 MB, solutions = 19)
 171603 139863      297.9944    51      305.6425      294.8350  1060653    3.54%         x.29.20 N 171603 171602     36
 173666 141509      304.6734    42      305.6425      294.8467  1073094    3.53%          x.9.22 D 173666 173665     60
 175755 143151      302.6608    52      305.6425      294.8656  1085620    3.53%         x.35.10 U 175755  36204     19
 177830 144766      298.1534    48      305.6425      294.8832  1098370    3.52%         x.12.38 D 177830 177829     24
 179860 146359      299.6570    49      305.6425      294.8980  1111522    3.52%          x.12.7 D 179860 179859     32
 181967 148049      298.2810    52      305.6425      294.9117  1124448    3.51%         x.38.27 D 181967 181966     38
 184031 149690      304.9973    46      305.6425      294.9281  1137454    3.51%         x.21.13 D 184031 184030     51
 186110 151356      301.5283    50      305.6425      294.9431  1150368    3.50%         x.30.12 D 186110 186109     44
 188176 152991      303.8754    44      305.6425      294.9558  1163158    3.50%         x.27.23 U 188176 188175     40
 196425 159466      302.9018    54      305.6425      295.0088  1215501    3.48%         x.23.21 U 196425 196423     31
Elapsed time = 90.24 sec. (91928.59 ticks, tree = 458.89 MB, solutions = 19)
 204723 166040      303.1751    43      305.6425      295.0571  1267329    3.46%          x.37.6 D 204723 204722     47
 212972 172620      301.2395    51      305.6425      295.1023  1318457    3.45%         x.13.38 D 212972 212971     39
 221250 179053      305.2837    39      305.6425      295.1520  1369713    3.43%         x.39.35 D 221250 221249     48
 229506 185580      298.1730    51      305.6425      295.1979  1421719    3.42%         x.39.35 D 229506 229505     34
 237848 192121      295.9520    46      305.6425      295.2401  1473095    3.40%         x.18.38 D 237848 237847     31
 246159 198623      298.5101    51      305.6425      295.2863  1524551    3.39%         x.37.10 D 246159 246158     17
 254474 205098        cutoff            305.6425      295.3279  1575734    3.37%          x.23.7 U 254474 254472     56
 262739 211585      299.5584    53      305.6425      295.3674  1627092    3.36%          x.9.15 D 262739 262738     40
 271018 218025      305.3590    47      305.6425      295.4069  1678312    3.35%          x.37.6 D 271018 271017     53
 279406 224620      295.4459    50      305.6425      295.4460  1730085    3.34%         x.30.25 D 279406  35661     25
Elapsed time = 128.09 sec. (130077.58 ticks, tree = 644.41 MB, solutions = 19)
 287720 231022      304.7955    46      305.6425      295.4823  1782133    3.32%           x.9.7 D 287720 287719     62
 295993 237539      297.3488    50      305.6425      295.5159  1834007    3.31%         x.12.38 D 295993 295992     25
 304293 244014      296.7630    47      305.6425      295.5481  1885692    3.30%         x.21.25 U 304293 125532     24
 312539 250419      297.0184    54      305.6425      295.5807  1937879    3.29%         x.10.38 D 312539 312538     23
 320781 256821      297.8561    49      305.6425      295.6161  1990386    3.28%         x.24.13 U 320781 320778     37
 329100 263316      301.9471    51      305.6425      295.6460  2042718    3.27%          x.2.22 U 329100 329097     27
 337366 269736      305.3229    52      305.6425      295.6762  2094391    3.26%         x.35.10 U 337366  52749     15
 345685 276216      297.7925    48      305.6425      295.7082  2146665    3.25%         x.13.38 U 345685  80880     29
 354018 282701      302.9429    49      305.6425      295.7374  2199140    3.24%         x.36.32 U 354018 354017     37
 362291 289100      297.9569    53      305.6425      295.7661  2250635    3.23%         x.26.27 D 362291 362290     27
Elapsed time = 166.04 sec. (168229.56 ticks, tree = 831.39 MB, solutions = 19)
 370520 295479      296.3652    49      305.6425      295.7951  2302349    3.22%         x.26.25 D 370520 370519     24
 378844 301979      304.5553    53      305.6425      295.8203  2354480    3.21%         x.24.13 D 378844 378842     36
 387130 308312      303.7585    49      305.6425      295.8462  2406890    3.21%         x.20.17 U 387130 387129     49
 395443 314621      297.9957    60      305.6425      295.8708  2459226    3.20%         x.26.25 D 395443 395442     26
 403682 321004      296.5160    48      305.6425      295.8953  2511149    3.19%          x.9.36 D 403682 403681     36
 412044 327504      304.6485    47      305.6425      295.9197  2562552    3.18%          x.4.36 U 412044 412043     62
 420411 334012      304.4483    48      305.6425      295.9428  2614316    3.17%         x.26.13 D 420411 420410     41
 428748 340468      301.9562    50      305.6425      295.9661  2666242    3.17%          x.4.36 U 428748 428747     51
 437048 346901      297.5747    50      305.6425      295.9895  2717925    3.16%         x.29.27 U 437048 437046     28
 445428 353360      303.1849    54      305.6425      296.0118  2769179    3.15%          x.9.36 D 445428 445427     42
Elapsed time = 203.96 sec. (206380.32 ticks, tree = 1015.89 MB, solutions = 19)
 453739 359803      299.1106    47      305.6425      296.0335  2821253    3.14%          x.9.22 D 453739 453738     29
 462106 366280      301.0557    48      305.6425      296.0535  2873685    3.14%           x.9.8 D 462106 462105     40
 470450 372655      296.1003    49      305.6425      296.0757  2926236    3.13%          x.9.22 U 470450 261845     20
 478856 379172      300.1140    51      305.6425      296.0968  2978226    3.12%         x.39.25 D 478856 478855     45
 487160 385495      303.7411    33      305.6425      296.1173  3030543    3.12%         x.26.13 D 487160 487159     53
 495534 391908      300.0569    46      305.6425      296.1367  3081432    3.11%         x.13.38 D 495534 495533     34
 503860 398317      301.2511    47      305.6425      296.1580  3133511    3.10%          x.23.7 D 503860 503859     38
 512190 404718      301.0911    53      305.6425      296.1774  3185064    3.10%           x.7.7 D 512190 512189     43
 520570 411051      299.1356    43      305.6425      296.1994  3237969    3.09%          x.6.27 D 520570 520569     34
 528929 417502      301.1792    47      305.6425      296.2184  3291045    3.08%         x.20.17 U 528929 528928     45
Elapsed time = 241.73 sec. (244531.18 ticks, tree = 1200.79 MB, solutions = 19)
 537207 423797      297.7522    49      305.6425      296.2371  3343375    3.08%         x.16.10 U 537207 110275     28
 545470 430139      300.7418    52      305.6425      296.2545  3395620    3.07%         x.12.38 D 545470 545469     37
 553805 436493      298.9002    45      305.6425      296.2717  3448882    3.07%         x.12.38 D 553805 553804     29
 562118 442773        cutoff            305.6425      296.2887  3501155    3.06%         x.20.17 U 562118 562117     54
 570439 449017      302.9786    48      305.6425      296.3084  3554002    3.05%          x.23.7 D 570439 570438     55
 578795 455380      299.2587    48      305.6425      296.3272  3606274    3.05%         x.22.38 D 578795 578794     24
 587146 461759      299.8196    49      305.6425      296.3440  3658371    3.04%           x.9.6 D 587146 587145     31
 595383 467881      298.4338    49      305.6425      296.3622  3710148    3.04%          x.8.27 D 595383 595382     30
 603718 474147      297.6751    53      305.6425      296.3784  3762688    3.03%         x.18.38 D 603718 603717     36
 612045 480386        cutoff            305.6425      296.3958  3815005    3.03%         x.29.13 U 612045 612043     67
Elapsed time = 279.49 sec. (282679.92 ticks, tree = 1383.01 MB, solutions = 19)
*615850+481066                          305.5461      296.4034             2.99%
 620110 484306      299.1559    46      305.5461      296.4116  3865259    2.99%         x.23.21 D 620110 620109     31
 628452 490542      299.2290    54      305.5461      296.4278  3917949    2.98%          x.36.3 D 628452 628451     30
 636816 496747      302.2334    48      305.5461      296.4440  3970975    2.98%         x.26.27 D 636816 636815     37
 645130 503075      304.9261    48      305.5461      296.4583  4022245    2.97%         x.27.23 U 645130 645129     35
 653474 509347      303.6655    56      305.5461      296.4735  4074343    2.97%          x.0.27 D 653474 653473     52
 661833 515636      304.6483    43      305.5461      296.4876  4126498    2.96%         x.21.20 D 661833 661832     62
 670201 521929      297.3860    47      305.5461      296.5017  4179549    2.96%         x.16.10 D 670201 670200     17
 678458 528160      302.0683    49      305.5461      296.5160  4231722    2.96%          x.23.7 D 678458 678457     40
 686718 534323      300.4530    50      305.5461      296.5305  4283890    2.95%         x.27.25 U 686718 686717     29
 695032 540560      300.4283    49      305.5461      296.5455  4336650    2.95%          x.5.13 D 695032 695031     43
Elapsed time = 317.21 sec. (320829.42 ticks, tree = 1552.49 MB, solutions = 20)
 703313 546855      302.7306    50      305.5461      296.5614  4388907    2.94%         x.26.27 D 703313 703312     42
 711652 553063      304.3776    47      305.5461      296.5757  4441207    2.94%           x.9.8 D 711652 711651     54
 719980 559237      303.6423    53      305.5461      296.5911  4494260    2.93%         x.22.18 D 719980 719979     39
 728382 565490      299.6924    54      305.5461      296.6065  4546415    2.93%         x.13.38 D 728382 728381     41
 736717 571721      298.8900    41      305.5461      296.6207  4599012    2.92%         x.11.27 N 736717 736716     31
 745109 577981      301.6669    48      305.5461      296.6345  4651859    2.92%          x.23.7 D 745109 745108     47
 753454 584244      305.0380    45      305.5461      296.6491  4705580    2.91%         x.22.18 U 753454 753451     43
 761772 590513      305.3272    48      305.5461      296.6615  4757319    2.91%         x.16.10 U 761772 415726     23
 770088 596680      303.6109    49      305.5461      296.6751  4810128    2.90%         x.37.25 D 770088 770087     57
 778389 602865      302.2191    55      305.5461      296.6879  4862193    2.90%          x.23.7 D 778389 778388     53
Elapsed time = 354.77 sec. (358978.25 ticks, tree = 1734.11 MB, solutions = 20)
 786700 608952      301.2109    46      305.5461      296.7011  4914800    2.89%          x.29.5 D 786700 786699     42
 794904 615007      299.8600    48      305.5461      296.7146  4968055    2.89%         x.32.38 D 794904 794903     18
 803148 621208      300.7892    50      305.5461      296.7275  5021341    2.89%           x.9.6 D 803148 803147     41
 811381 627293      303.0788    44      305.5461      296.7411  5074522    2.88%          x.25.6 D 811381 811380     51
 819604 633328      300.2203    54      305.5461      296.7541  5128083    2.88%         x.10.38 D 819604 819603     31
 827954 639558      300.2614    47      305.5461      296.7680  5181265    2.87%         x.26.25 D 827954 827953     30
 836270 645651      303.4058    52      305.5461      296.7799  5234584    2.87%           x.2.7 D 836270 836269     64
 844593 651831      303.4647    51      305.5461      296.7936  5288048    2.86%         x.35.12 D 844593 844592     42
 852853 657914      304.4885    48      305.5461      296.8076  5340842    2.86%         x.36.32 U 852853 852852     39
 861172 664023      298.9155    50      305.5461      296.8200  5393479    2.86%          x.12.7 D 861172 861171     34
Elapsed time = 392.29 sec. (397128.33 ticks, tree = 1906.41 MB, solutions = 20)
 869496 670052      301.4754    44      305.5461      296.8340  5446592    2.85%         x.13.38 D 869496 869495     45
 877770 676135      302.1429    49      305.5461      296.8475  5499503    2.85%          x.9.15 D 877770 877768     38
 885962 682120        cutoff            305.5461      296.8596  5552953    2.84%          x.13.6 U 885962 885960     49
 894222 688144      301.0487    50      305.5461      296.8706  5606300    2.84%           x.9.9 D 894222 894221     43
 902513 694225      302.1923    52      305.5461      296.8819  5658839    2.84%          x.9.13 D 902513 902512     37
 910826 700383      303.1850    54      305.5461      296.8937  5711923    2.83%         x.35.35 D 910826 910825     38
 919160 706411      303.1811    54      305.5461      296.9057  5764922    2.83%          x.22.3 D 919160 919159     41
 927370 712337      300.3700    51      305.5461      296.9173  5818034    2.82%         x.28.25 U 927370 407732     28
 934940 717794      303.1284    49      305.5461      296.9293  5867159    2.82%         x.30.25 U 934940 934939     37
 942500 723310      301.1360    42      305.5461      296.9390  5915832    2.82%          x.9.26 D 942500 942499     47
Elapsed time = 434.30 sec. (435280.35 ticks, tree = 2079.94 MB, solutions = 20)
Nodefile size = 31.94 MB (15.87 MB after compression)
 949920 728793      297.9135    51      305.5461      296.9481  5963774    2.81%           x.9.6 U 949920 406665     30
 957599 734377      300.0639    45      305.5461      296.9589  6012148    2.81%          x.6.27 D 957599 957598     29
 965279 739994      300.7603    47      305.5461      296.9708  6061567    2.81%         x.39.22 D 965279 965278     39
 972822 745501      304.9718    52      305.5461      296.9800  6108912    2.80%         x.30.25 U 972822 972821     28
 980441 751049      299.5000    54      305.5461      296.9899  6157423    2.80%         x.14.25 D 980441 980440     50
 987982 756508        cutoff            305.5461      297.0003  6205367    2.80%          x.9.22 D 987982 987981     41
 995417 761956      301.1252    42      305.5461      297.0097  6253321    2.79%          x.23.7 D 995417 995416     43
 1003072 767528      302.9695    53      305.5461      297.0189  6301000    2.79%          x.6.27 D 1003072 1003071     39
 1010738 773038      301.3739    50      305.5461      297.0288  6350258    2.79%          x.0.21 U 1010738 1010736     43
 1018156 778480      303.2909    55      305.5461      297.0384  6398007    2.78%         x.30.10 D 1018156 1018155     41
Elapsed time = 491.73 sec. (473429.45 ticks, tree = 2231.37 MB, solutions = 20)
Nodefile size = 183.80 MB (91.03 MB after compression)
 1025560 783816      301.2536    42      305.5461      297.0478  6445189    2.78%          x.12.7 D 1025560 1025559     40
 1033444 789481      299.9077    41      305.5461      297.0569  6495223    2.78%         x.24.13 D 1033444 1033443     33
 1041128 795018      299.3258    60      305.5461      297.0665  6544238    2.78%         x.12.25 D 1041128 1041127     39
 1048724 800469      297.2486    47      305.5461      297.0748  6592966    2.77%         x.23.27 D 1048724 1048723     28
 1056171 805777      298.1526    52      305.5461      297.0845  6641646    2.77%         x.32.38 U 1056171 835089     35
 1063629 811152      299.0662    57      305.5461      297.0940  6690025    2.77%         x.39.35 U 1063629 1063627     32
 1071069 816503      301.1971    44      305.5461      297.1028  6737149    2.76%         x.28.21 U 1071069 1071067     38
 1078648 821962      299.2115    42      305.5461      297.1124  6785961    2.76%         x.22.38 U 1078648 1078646     22
 1086150 827325      298.7808    50      305.5461      297.1212  6835038    2.76%         x.26.25 D 1086150 1086149     32
 1093487 832645      304.1181    47      305.5461      297.1291  6882204    2.75%         x.20.38 D 1093487 1093486     40
Elapsed time = 549.35 sec. (511601.09 ticks, tree = 2380.06 MB, solutions = 20)
Nodefile size = 332.74 MB (163.95 MB after compression)
 1101018 838060      297.2986    54      305.5461      297.1379  6930951    2.75%          x.7.13 D 1101018 241839     27
 1108493 843446      302.4931    52      305.5461      297.1467  6980570    2.75%          x.9.15 D 1108493 1108492     37
 1116060 848844      304.1409    44      305.5461      297.1558  7029000    2.75%          x.37.6 D 1116060 1116059     53
 1123575 854202      303.2101    55      305.5461      297.1643  7076642    2.74%          x.9.33 D 1123575 1123574     47
 1131170 859625      298.5326    47      305.5461      297.1726  7124834    2.74%         x.32.38 D 1131170 1131169     29
 1138580 864860      303.7049    58      305.5461      297.1805  7172524    2.74%          x.7.25 D 1138580 1138579     46
 1145929 870028      301.7671    53      305.5461      297.1890  7220391    2.74%         x.23.25 D 1145929 1145928     63
 1153444 875439      299.2909    52      305.5461      297.1978  7269054    2.73%         x.39.35 D 1153444 1153443     35
 1160840 880693      301.3226    45      305.5461      297.2061  7316225    2.73%           x.2.7 D 1160840 1160839     37
 1168437 886094      299.5434    60      305.5461      297.2146  7365293    2.73%          x.9.22 D 1168437 1168436     26
Elapsed time = 607.19 sec. (549784.36 ticks, tree = 2526.79 MB, solutions = 20)
Nodefile size = 479.68 MB (234.73 MB after compression)
 1176047 891584      299.9046    53      305.5461      297.2224  7412990    2.72%         x.13.38 D 1176047 1176045     33
 1183736 897089      299.6602    47      305.5461      297.2309  7461973    2.72%          x.8.27 D 1183736 1183735     31
 1191297 902472      305.0664    56      305.5461      297.2396  7510369    2.72%         x.36.32 U 1191297 1191296     57
 1198630 907735      304.4335    45      305.5461      297.2470  7558603    2.72%         x.29.20 U 1198630 1198628     49
 1206203 913208      298.6065    45      305.5461      297.2550  7607862    2.71%         x.39.35 N 1206203 1206202     28
 1213899 918744      299.6064    53      305.5461      297.2629  7657062    2.71%         x.29.27 D 1213899 1213898     36
 1221662 924277      299.0248    48      305.5461      297.2715  7708167    2.71%         x.30.10 D 1221662 1221660     30
 1229361 929790      300.9470    55      305.5461      297.2798  7758006    2.71%          x.4.25 D 1229361 1229360     51
 1236960 935337      301.6523    48      305.5461      297.2875  7806720    2.70%         x.23.27 D 1236960 1236959     39
 1244550 940809      301.8682    51      305.5461      297.2949  7856127    2.70%         x.35.12 D 1244550 1244549     39
Elapsed time = 666.76 sec. (587976.00 ticks, tree = 2677.00 MB, solutions = 20)
Nodefile size = 629.61 MB (305.61 MB after compression)
 1252059 946169      303.1409    50      305.5461      297.3025  7904490    2.70%         x.16.29 U 1252059 1252058     53
 1259600 951531      299.2157    48      305.5461      297.3096  7952118    2.70%         x.23.27 U 1259600 367261     30
 1267178 957047      299.1886    49      305.5461      297.3177  8001109    2.69%         x.23.27 D 1267178 1267177     35
 1274559 962331      297.8378    51      305.5461      297.3248  8048865    2.69%         x.39.35 U 1274559 638422     20
 1282068 967702      303.6207    53      305.5461      297.3319  8096440    2.69%          x.7.13 U 1282068 1282066     35
 1289638 973145      297.8159    61      305.5461      297.3394  8146203    2.69%         x.35.12 U 1289638 218699     24
 1297055 978430      298.7632    49      305.5461      297.3468  8193627    2.68%         x.10.38 D 1297055 1297054     22
 1304370 983730      302.0015    52      305.5461      297.3534  8240480    2.68%         x.13.38 D 1304370 1304369     38
 1312065 989147      303.7939    34      305.5461      297.3608  8289044    2.68%         x.34.12 D 1312065 1312064     40
 1319231 994302      298.5221    52      305.5461      297.3666  8335485    2.68%         x.18.38 N 1319231 1319230     26
Elapsed time = 725.76 sec. (626140.14 ticks, tree = 2823.85 MB, solutions = 20)
Nodefile size = 776.53 MB (373.88 MB after compression)
 1326785 999716      304.5521    54      305.5461      297.3738  8385112    2.67%         x.22.18 D 1326785 1326783     44
 1334370 1005115      305.2109    46      305.5461      297.3810  8434540    2.67%         x.35.12 D 1334370 1334369     42
 1341774 1010417      303.3191    46      305.5461      297.3878  8482463    2.67%         x.26.35 D 1341774 1341773     48
 1349204 1015677      297.9229    59      305.5461      297.3942  8531110    2.67%         x.12.38 D 1349204 1349203     29
 1356832 1021122      304.5292    46      305.5461      297.4010  8581306    2.67%         x.16.27 D 1356832 1356831     53
 1364598 1026691      304.6216    49      305.5461      297.4075  8630469    2.66%          x.29.7 D 1364598 1364597     41
 1371899 1032047      303.3459    45      305.5461      297.4136  8677455    2.66%           x.9.6 D 1371899 1371898     45
 1379475 1037400      299.1193    55      305.5461      297.4199  8726123    2.66%         x.32.25 D 1379475 1379474     50
 1386947 1042752      303.5144    44      305.5461      297.4261  8774049    2.66%         x.32.25 D 1386947 1386946     49
 1394353 1048061      300.3691    50      305.5461      297.4323  8821163    2.66%         x.27.23 D 1394353 1394351     33
Elapsed time = 785.60 sec. (664325.81 ticks, tree = 2971.42 MB, solutions = 20)
Nodefile size = 924.44 MB (441.72 MB after compression)
 1401941 1053420      301.2518    44      305.5461      297.4389  8870318    2.65%         x.11.10 D 1401941 1401940     29
 1409249 1058745      303.5005    48      305.5461      297.4445  8917222    2.65%          x.9.22 D 1409249 1409248     40
 1416600 1063953      304.0511    55      305.5461      297.4507  8964799    2.65%          x.9.20 D 1416600 1416599     50
 1424100 1069286      299.1838    52      305.5461      297.4569  9013034    2.65%         x.32.38 D 1424100 1424099     27
 1431493 1074636      297.8930    51      305.5461      297.4634  9059748    2.65%          x.23.7 D 1431493 1431492     37
 1439121 1080080      303.2085    48      305.5461      297.4698  9108735    2.64%          x.2.22 D 1439121 1439120     59
 1446311 1085242      303.1168    43      305.5461      297.4763  9155597    2.64%          x.9.14 D 1446311 1446310     60
 1454060 1090781      299.9999    48      305.5461      297.4824  9204749    2.64%          x.6.27 D 1454060 1454059     24
 1461350 1095872      300.8388    52      305.5461      297.4884  9252044    2.64%         x.10.38 D 1461350 1461349     43
 1469013 1101325      301.9177    51      305.5461      297.4945  9301249    2.64%           x.7.7 D 1469013 1469012     39
Elapsed time = 845.30 sec. (702493.70 ticks, tree = 3117.66 MB, solutions = 20)
Nodefile size = 1070.36 MB (507.68 MB after compression)
 1476690 1106753      302.6172    49      305.5461      297.5006  9350426    2.63%          x.7.25 D 1476690 1476689     53
 1484103 1111937      301.8239    49      305.5461      297.5068  9398185    2.63%          x.36.3 U 1484103 1484101     33
 1491600 1117229      298.2581    51      305.5461      297.5130  9445826    2.63%         x.24.25 D 1491600 1491598     37
 1498850 1122357      301.0040    44      305.5461      297.5186  9492702    2.63%          x.11.7 D 1498850 1498849     43
 1506006 1127471      298.4238    50      305.5461      297.5243  9539127    2.63%         x.32.38 D 1506006 1506005     23
 1513534 1132825      297.6322    46      305.5461      297.5299  9587403    2.62%          x.23.7 D 1513534 1513532     33
 1521186 1138227      304.7590    46      305.5461      297.5365  9636143    2.62%         x.37.10 U 1521186 532124     16
 1528800 1143544      300.9540    49      305.5461      297.5427  9685077    2.62%          x.23.3 D 1528800 1528799     43
 1536356 1148897      305.1441    45      305.5461      297.5487  9733524    2.62%         x.16.29 U 1536356 1536355     44
 1543690 1154082      303.5389    44      305.5461      297.5542  9780724    2.62%         x.24.39 U 1543690 1543689     36
Elapsed time = 905.09 sec. (740660.07 ticks, tree = 3262.49 MB, solutions = 20)
Nodefile size = 1215.27 MB (572.16 MB after compression)
 1551269 1159507      303.3068    38      305.5461      297.5598  9827879    2.61%         x.39.22 U 1551269 1551267     38
 1558967 1164895      305.2295    50      305.5461      297.5654  9877202    2.61%         x.39.22 D 1558967 1558966     38
 1566680 1170264      303.2985    52      305.5461      297.5716  9926266    2.61%         x.35.12 D 1566680 1566679     34
 1574130 1175557      303.8570    51      305.5461      297.5772  9973047    2.61%           x.9.6 D 1574130 1574129     34
 1581771 1180932      301.0523    54      305.5461      297.5827 10022209    2.61%           x.2.7 D 1581771 1581770     35
 1589528 1186345      298.4707    51      305.5461      297.5882 10072210    2.60%         x.22.38 D 1589528 1589527     27
 1596970 1191666      304.2104    42      305.5461      297.5935 10120553    2.60%         x.35.37 D 1596970 1596969     63
 1604341 1196855      299.8995    50      305.5461      297.5990 10167779    2.60%         x.26.25 D 1604341 1604340     26
 1611826 1202138      298.0963    49      305.5461      297.6046 10215817    2.60%         x.39.35 D 1611826 1611825     31
 1619209 1207295      301.2270    46      305.5461      297.6101 10262250    2.60%         x.16.25 D 1619209 1619208     53
Elapsed time = 965.48 sec. (778834.02 ticks, tree = 3408.58 MB, solutions = 20)
Nodefile size = 1361.17 MB (636.32 MB after compression)
 1626773 1212638      302.4878    47      305.5461      297.6155 10310479    2.60%          x.0.21 U 1626773 1626772     45
 1634149 1217803      301.4571    50      305.5461      297.6210 10358271    2.59%         x.26.35 D 1634149 1634148     39
 1641663 1223045      304.9933    46      305.5461      297.6265 10407286    2.59%          x.8.12 U 1641663 1641661     43
 1649064 1228287      302.6028    50      305.5461      297.6313 10453673    2.59%          x.23.7 D 1649064 1649063     45
 1656760 1233686      300.4004    53      305.5461      297.6367 10502263    2.59%         x.23.21 D 1656760 1656759     47
 1664170 1238915      303.3039    55      305.5461      297.6418 10549785    2.59%         x.26.35 D 1664170 1664169     33
 1671680 1244230      301.4031    52      305.5461      297.6472 10597809    2.59%         x.20.25 D 1671680 1671679     42
 1679148 1249452      302.0413    60      305.5461      297.6527 10645403    2.58%         x.16.10 D 1679148 1679147     46
 1686659 1254695        cutoff            305.5461      297.6583 10692925    2.58%          x.0.21 D 1686659 1686658     50
 1693999 1259874      304.5914    41      305.5461      297.6630 10739741    2.58%         x.24.39 D 1693999 1693997     40
Elapsed time = 1025.28 sec. (816984.50 ticks, tree = 3552.95 MB, solutions = 20)
Nodefile size = 1505.08 MB (698.66 MB after compression)
 1701532 1265197      303.2415    45      305.5461      297.6680 10787762    2.58%          x.3.22 D 1701532 1701531     35
 1708753 1270262      301.6412    55      305.5461      297.6735 10833528    2.58%         x.35.10 D 1708753 1708752     42
 1716318 1275596      299.7075    46      305.5461      297.6788 10882250    2.57%         x.13.38 D 1716318 1716317     34
 1723643 1280753      300.6935    51      305.5461      297.6838 10928493    2.57%         x.10.38 D 1723643 1723642     32
 1731200 1286017      299.1746    53      305.5461      297.6888 10977406    2.57%         x.23.21 D 1731200 1731199     43
 1738570 1291253        cutoff            305.5461      297.6934 11024066    2.57%         x.16.29 D 1738570 1738568     40
 1746242 1296686      302.7036    49      305.5461      297.6987 11073082    2.57%         x.39.22 D 1746242 1746241     41
 1753920 1302075      302.4032    44      305.5461      297.7035 11122026    2.57%         x.22.18 U 1753920 1753919     41
 1761575 1307529      300.0424    50      305.5461      297.7084 11169735    2.57%           x.7.7 D 1761575 1761574     47
 1769098 1312809      299.0161    57      305.5461      297.7132 11217941    2.56%         x.27.10 D 1769098 1769097     32
Elapsed time = 1085.48 sec. (855205.06 ticks, tree = 3698.26 MB, solutions = 20)
Nodefile size = 1650.99 MB (761.25 MB after compression)
 1776873 1318289      302.2905    54      305.5461      297.7184 11267802    2.56%          x.1.25 D 1776873 1776872     50
 1784521 1323687      300.7386    58      305.5461      297.7233 11315651    2.56%         x.13.38 D 1784521 1784520     48
 1792066 1329049      298.1805    49      305.5461      297.7283 11363497    2.56%         x.12.25 D 1792066 1792065     52
 1799560 1334411      300.2820    51      305.5461      297.7331 11411730    2.56%          x.27.7 D 1799560 1799559     39
 1806996 1339711      300.6278    57      305.5461      297.7376 11458139    2.56%          x.23.7 D 1806996 1806995     40
 1814640 1345018      300.6853    55      305.5461      297.7426 11506652    2.55%          x.23.7 D 1814640 1814639     28
 1822294 1350428      305.0228    38      305.5461      297.7472 11554987    2.55%         x.24.39 U 1822294 1822293     45
 1829556 1355431      304.0735    49      305.5461      297.7519 11601161    2.55%         x.30.25 U 1829556 1829555     28
 1837215 1360853      298.3316    48      305.5461      297.7571 11650238    2.55%          x.23.7 D 1837215 1837214     38
 1844710 1366137      303.0692    48      305.5461      297.7614 11697501    2.55%          x.20.7 D 1844710 1844708     60
Elapsed time = 1146.05 sec. (893354.87 ticks, tree = 3844.69 MB, solutions = 20)
Nodefile size = 1796.89 MB (822.97 MB after compression)
 1852079 1371314      299.8606    50      305.5461      297.7665 11744012    2.55%         x.16.25 D 1852079 1852078     57
 1859409 1376399      303.5920    48      305.5461      297.7715 11790960    2.54%          x.9.15 D 1859409 1859408     39
 1866829 1381522      304.8604    43      305.5461      297.7761 11838362    2.54%          x.37.6 D 1866829 1866828     44
 1874404 1386795      303.2832    54      305.5461      297.7810 11885613    2.54%         x.26.35 D 1874404 1874403     40
 1881925 1392047      299.0144    48      305.5461      297.7858 11933119    2.54%           x.7.7 D 1881925 1881924     33
 1889416 1397328      301.5181    57      305.5461      297.7906 11980904    2.54%         x.20.25 D 1889416 1889415     47
 1897093 1402679      304.3357    56      305.5461      297.7953 12028758    2.54%          x.9.15 D 1897093 1897092     53
 1904516 1407879      303.1878    46      305.5461      297.7995 12075476    2.54%          x.2.33 D 1904516 1904515     48
 1912034 1413121      301.7643    49      305.5461      297.8040 12123262    2.53%         x.23.21 D 1912034 1912032     48
 1919309 1418174      298.5782    54      305.5461      297.8083 12168649    2.53%          x.9.22 D 1919309 1919308     33
Elapsed time = 1205.97 sec. (931506.85 ticks, tree = 3987.56 MB, solutions = 20)
Nodefile size = 1939.79 MB (883.36 MB after compression)
 1926707 1423395      302.5490    55      305.5461      297.8128 12215361    2.53%           x.2.7 D 1926707 1926706     48
 1934343 1428731      302.7388    44      305.5461      297.8175 12264332    2.53%         x.23.21 N 1934343 1934342     46
 1941840 1433992      303.1957    38      305.5461      297.8215 12311587    2.53%          x.2.33 D 1941840 1941839     41
 1949387 1439227      303.4156    57      305.5461      297.8263 12359708    2.53%         x.36.25 D 1949387 1949385     67
 1956928 1444459      304.2467    45      305.5461      297.8309 12407207    2.53%          x.11.7 D 1956928 1956927     44
 1964559 1449823        cutoff            305.5461      297.8352 12455290    2.52%         x.16.29 U 1964559 1964558     35
 1972070 1455015      299.8429    57      305.5461      297.8398 12502209    2.52%           x.9.8 D 1972070 1972069     47
 1979744 1460293      299.6833    56      305.5461      297.8443 12551273    2.52%         x.34.25 D 1979744 1979743     49
 1987334 1465552      298.7312    62      305.5461      297.8487 12599067    2.52%         x.30.25 D 1987334 1987333     38
 1994863 1470829      299.6737    44      305.5461      297.8531 12646580    2.52%           x.4.7 D 1994863 1994862     37
Elapsed time = 1266.65 sec. (969682.98 ticks, tree = 4132.13 MB, solutions = 20)
Nodefile size = 2084.69 MB (943.90 MB after compression)
 2002441 1476208      299.7664    55      305.5461      297.8573 12694607    2.52%         x.29.27 D 2002441 2002440     35
 2010124 1481450      304.6351    43      305.5461      297.8614 12743256    2.52%         x.29.13 N 2010124 2010123     65
 2017333 1486385      299.0314    50      305.5461      297.8653 12788400    2.51%          x.36.7 D 2017333 2017332     38
 2024796 1491571      302.1935    47      305.5461      297.8690 12834724    2.51%         x.16.29 U 2024796 2024795     34
 2032409 1496872      302.3607    54      305.5461      297.8732 12881633    2.51%         x.27.23 U 2032409 2032408     40
 2039994 1502181      298.7472    48      305.5461      297.8771 12929565    2.51%         x.23.27 D 2039994 2039993     26
 2047792 1507575      299.7827    50      305.5461      297.8818 12976934    2.51%          x.2.22 D 2047792 2047791     41
 2055306 1512886      303.4487    55      305.5461      297.8859 13023327    2.51%          x.9.22 D 2055306 2055305     40
 2062809 1518077      302.2124    47      305.5461      297.8901 13069574    2.51%          x.29.7 D 2062809 2062808     41
 2070271 1523217      298.1447    47      305.5461      297.8942 13115631    2.50%          x.23.7 D 2070271 2070270     40
Elapsed time = 1327.23 sec. (1007863.55 ticks, tree = 4275.98 MB, solutions = 20)
Nodefile size = 2228.60 MB (1002.98 MB after compression)
 2077994 1528569      305.3838    20      305.5461      297.8986 13164132    2.50%         x.39.22 D 2077994 2077993     51
 2085540 1533778      303.8750    56      305.5461      297.9030 13211015    2.50%          x.9.22 D 2085540 2085539     40
 2092895 1538771      303.2497    38      305.5461      297.9072 13256609    2.50%          x.27.7 D 2092895 2092894     47
 2100205 1543868        cutoff            305.5461      297.9111 13302209    2.50%           x.2.7 D 2100205 2100203     55
 2107976 1549269      299.6894    47      305.5461      297.9151 13351015    2.50%           x.4.7 D 2107976 2107975     34
 2115600 1554539      304.9762    48      305.5461      297.9193 13398728    2.50%         x.24.13 D 2115600 2115599     49
 2123290 1559835      300.9635    49      305.5461      297.9235 13447246    2.49%         x.22.18 U 2123290 2123289     39
 2130817 1565112      298.3464    45      305.5461      297.9272 13493830    2.49%         x.23.27 U 2130817 279497     19
 2138197 1570214      299.7130    53      305.5461      297.9309 13539493    2.49%         x.23.21 D 2138197 2138196     39
 2145705 1575392      299.9490    45      305.5461      297.9347 13586087    2.49%          x.36.3 U 2145705 2145703     34
Elapsed time = 1387.68 sec. (1046036.94 ticks, tree = 4419.25 MB, solutions = 20)
Nodefile size = 2371.51 MB (1061.03 MB after compression)
 2153127 1580565      301.9232    50      305.5461      297.9382 13632387    2.49%          x.9.22 U 2153127 2153125     51
 2160711 1585815      298.1514    44      305.5461      297.9417 13678751    2.49%         x.35.10 D 2160711 2160710     29
 2168315 1591136      301.4424    51      305.5461      297.9455 13724947    2.49%          x.11.7 D 2168315 2168314     47
 2176018 1596476      301.5163    46      305.5461      297.9493 13773224    2.49%         x.22.18 U 2176018 2176017     34
 2183710 1601792      300.4391    43      305.5461      297.9531 13821204    2.49%         x.10.38 N 2183710 2183709     28
 2191307 1607046      301.6783    48      305.5461      297.9568 13869423    2.48%         x.23.21 D 2191307 2191306     45
 2198985 1612250      300.8319    52      305.5461      297.9607 13917667    2.48%          x.9.20 D 2198985 2198984     48
 2206532 1617340      303.7073    45      305.5461      297.9647 13965402    2.48%          x.11.7 D 2206532 2206531     45
 2213883 1622436      305.0407    52      305.5461      297.9684 14011591    2.48%         x.11.21 D 2213883 2213882     44
 2221609 1627796      299.1015    52      305.5461      297.9722 14059902    2.48%           x.4.7 D 2221609 2221608     39
Elapsed time = 1448.67 sec. (1084276.50 ticks, tree = 4563.14 MB, solutions = 20)
Nodefile size = 2515.42 MB (1119.18 MB after compression)
 2229270 1633163      298.6837    53      305.5461      297.9757 14108026    2.48%         x.39.35 D 2229270 2229269     27
 2236990 1638565      300.4182    46      305.5461      297.9794 14156231    2.48%          x.9.13 D 2236990 2236989     43
 2244316 1643683      299.3875    51      305.5461      297.9830 14202724    2.48%          x.23.7 D 2244316 2244315     39
 2251895 1649006      298.2758    56      305.5461      297.9868 14250383    2.47%          x.29.7 D 2251895 2251894     44
 2259570 1654337      300.2356    52      305.5461      297.9906 14298067    2.47%          x.12.7 D 2259570 2259569     28
 2267156 1659603      297.9984    47      305.5461      297.9945 14345864    2.47%         x.30.25 D 2267156 990793     28
 2274620 1664705      304.7168    50      305.5461      297.9983 14393055    2.47%         x.24.13 D 2274620 2274619     39
 2282246 1669953      300.3913    47      305.5461      298.0018 14440688    2.47%         x.32.38 D 2282246 2282245     28
 2289566 1674990      303.7314    48      305.5461      298.0052 14485847    2.47%          x.11.7 D 2289566 2289565     45
 2297157 1680243      300.2307    55      305.5461      298.0087 14532324    2.47%         x.10.38 D 2297157 2297156     27
Elapsed time = 1508.78 sec. (1122445.67 ticks, tree = 4707.15 MB, solutions = 20)
Nodefile size = 2659.32 MB (1176.88 MB after compression)
 2304970 1685658      302.6772    42      305.5461      298.0126 14581240    2.47%           x.2.7 D 2304970 2304969     54
 2312590 1690935      305.4327    48      305.5461      298.0161 14627972    2.46%         x.16.29 U 2312590 2312589     55
 2320416 1696306      303.7293    50      305.5461      298.0199 14676858    2.46%           x.9.6 D 2320416 2320415     49
 2327850 1701413      301.1526    46      305.5461      298.0237 14723652    2.46%         x.27.23 U 2327850 2327849     34
 2335300 1706561      300.9155    60      305.5461      298.0271 14769197    2.46%         x.11.27 D 2335300 2335299     32
 2343010 1711960      299.3670    49      305.5461      298.0305 14816933    2.46%         x.22.38 D 2343010 2343009     37
 2350327 1717049      300.4631    54      305.5461      298.0343 14862095    2.46%          x.9.22 D 2350327 2350326     30
 2357810 1722161      304.0522    42      305.5461      298.0381 14909509    2.46%          x.20.7 U 2357810 2357808     56
 2365543 1727517      304.9446    49      305.5461      298.0419 14957552    2.46%         x.16.29 D 2365543 2365541     49
 2372984 1732656      301.9542    53      305.5461      298.0450 15003703    2.45%         x.23.21 N 2372984 2372983     59
Elapsed time = 1569.41 sec. (1160664.22 ticks, tree = 4851.07 MB, solutions = 20)
Nodefile size = 2803.24 MB (1234.19 MB after compression)
 2380570 1737970      305.0712    46      305.5461      298.0481 15051673    2.45%         x.24.13 D 2380570 2380569     46
 2388027 1743149      304.9327    48      305.5461      298.0514 15097566    2.45%          x.3.22 D 2388027 2388026     49
 2395743 1748426        cutoff            305.5461      298.0546 15146148    2.45%          x.37.6 D 2395743 2395742     48
 2403160 1753452      300.6112    46      305.5461      298.0581 15192277    2.45%         x.24.39 U 2403160 2403159     39
 2410939 1758733      301.5238    50      305.5461      298.0614 15240050    2.45%         x.23.27 D 2410939 2410938     30
 2418646 1764063      302.3404    46      305.5461      298.0645 15288307    2.45%          x.9.36 D 2418646 2418645     43
 2426169 1769207      300.4726    45      305.5461      298.0678 15335576    2.45%         x.26.25 U 2426169 2426168     30
 2433810 1774497      298.7252    49      305.5461      298.0710 15383553    2.45%         x.22.38 U 2433810 1702604     25
 2441293 1779684      299.0832    45      305.5461      298.0738 15429964    2.45%         x.26.35 U 2441293 2441291     33
 2448917 1784873      299.0681    45      305.5461      298.0773 15477944    2.44%         x.12.38 D 2448917 2448916     15
Elapsed time = 1629.94 sec. (1198814.16 ticks, tree = 4994.45 MB, solutions = 20)
Nodefile size = 2947.14 MB (1291.13 MB after compression)
 2456779 1790152      302.3894    52      305.5461      298.0810 15528019    2.44%          x.6.27 D 2456779 2456778     46
 2464266 1795240      301.1689    56      305.5461      298.0847 15575231    2.44%         x.13.38 D 2464266 2464265     35
 2471861 1800388      298.4759    49      305.5461      298.0880 15623086    2.44%          x.29.7 D 2471861 2471860     43
 2479273 1805406      302.0184    60      305.5461      298.0915 15670098    2.44%         x.27.23 U 2479273 2479272     51
 2486820 1810621      304.9660    45      305.5461      298.0950 15716908    2.44%          x.12.7 D 2486820 2486819     45
 2494474 1815817      300.3015    60      305.5461      298.0985 15765008    2.44%         x.23.25 D 2494474 2494473     50
 2502201 1821148      305.3748    37      305.5461      298.1020 15813007    2.44%          x.0.21 D 2502201 2502200     40
 2509670 1826371      299.3918    49      305.5461      298.1050 15859600    2.44%         x.21.25 U 2509670 412558     35
 2517170 1831534      301.7514    57      305.5461      298.1081 15907187    2.43%          x.9.33 D 2517170 2517169     58
 2524830 1836752      304.7796    40      305.5461      298.1115 15955721    2.43%           x.9.6 D 2524830 2524829     54
Elapsed time = 1691.24 sec. (1236976.71 ticks, tree = 5136.92 MB, solutions = 20)
Nodefile size = 3089.05 MB (1347.16 MB after compression)
 2532202 1841762      301.8548    52      305.5461      298.1146 16001780    2.43%         x.14.25 D 2532202 2532201     61
 2539680 1846843      304.7528    58      305.5461      298.1178 16048824    2.43%         x.35.35 D 2539680 2539679     43
 2547200 1851997      305.5245    46      305.5461      298.1213 16096266    2.43%         x.27.23 U 2547200 2547199     49
 2554629 1857120      303.0924    51      305.5461      298.1245 16143473    2.43%          x.0.21 D 2554629 2554628     47
 2562110 1862274      303.5932    46      305.5461      298.1278 16190368    2.43%          x.9.33 D 2562110 2562109     41
 2569883 1867575      300.3240    49      305.5461      298.1314 16238605    2.43%          x.27.7 D 2569883 2569882     50
 2577205 1872563      301.0634    54      305.5461      298.1343 16285901    2.43%         x.35.12 D 2577205 2577204     30
 2584716 1877708      305.4397    47      305.5461      298.1376 16332175    2.42%         x.36.32 U 2584716 2584715     46
 2592275 1882826      300.7829    55      305.5461      298.1409 16379475    2.42%           x.9.6 D 2592275 2592274     36
 2599640 1887785      305.1438    50      305.5461      298.1440 16426047    2.42%           x.2.7 D 2599640 2599639     37
Elapsed time = 1758.93 sec. (1275138.30 ticks, tree = 5277.03 MB, solutions = 20)
Nodefile size = 3229.96 MB (1402.37 MB after compression)
 2607118 1892846      299.0662    48      305.5461      298.1474 16472601    2.42%           x.7.7 D 2607118 2607117     31
 2614553 1897932      302.3743    55      305.5461      298.1503 16518450    2.42%          x.28.3 D 2614553 2614552     43
 2622146 1902966      304.9384    47      305.5461      298.1536 16566679    2.42%         x.35.32 D 2622146 2622145     49
 2629773 1908168      298.5069    51      305.5461      298.1568 16614427    2.42%          x.23.7 D 2629773 2629772     31
 2637534 1913394      303.9390    49      305.5461      298.1602 16663782    2.42%          x.6.27 D 2637534 2637533     40
 2644845 1918329      302.3700    51      305.5461      298.1632 16709916    2.42%          x.9.26 U 2644845  86908     32
 2652489 1923525      299.2069    50      305.5461      298.1666 16758793    2.42%          x.3.10 D 2652489 2652488     32
 2660099 1928774      303.7972    50      305.5461      298.1696 16806471    2.41%         x.21.25 U 2660099 2660098     32
 2667761 1933972      304.0039    36      305.5461      298.1727 16855072    2.41%          x.7.16 D 2667761 2667760     60
 2675217 1939068      303.2946    52      305.5461      298.1761 16901774    2.41%         x.28.21 D 2675217 2675216     40
Elapsed time = 1820.22 sec. (1313363.44 ticks, tree = 5417.86 MB, solutions = 20)
Nodefile size = 3370.88 MB (1457.60 MB after compression)
 2682727 1944110      303.2615    38      305.5461      298.1796 16948728    2.41%           x.2.7 D 2682727 2682726     44
 2690282 1949183      304.8766    35      305.5461      298.1829 16995904    2.41%           x.7.0 D 2690282 2690281     65
 2697524 1954083      299.3904    55      305.5461      298.1858 17040749    2.41%          x.9.25 D 2697524 2697523     46
 2704948 1959105      302.6099    54      305.5461      298.1886 17087534    2.41%         x.27.23 U 2704948 2704947     45
 2712465 1964185        cutoff            305.5461      298.1914 17134862    2.41%           x.2.7 U 2712465 2712463     40
 2719920 1969250      303.4285    53      305.5461      298.1947 17181910    2.41%          x.6.27 D 2719920 2719919     40
 2727368 1974363      298.6371    50      305.5461      298.1978 17228974    2.40%          x.23.7 D 2727368 2727367     37
 2734795 1979440      304.6578    52      305.5461      298.2007 17275620    2.40%         x.39.22 D 2734795 2734794     43
 2742260 1984547      302.3571    49      305.5461      298.2035 17322237    2.40%           x.2.7 D 2742260 2742259     47
 2749728 1989636      302.7183    52      305.5461      298.2065 17368863    2.40%          x.2.33 D 2749728 2749727     56
Elapsed time = 1885.48 sec. (1351513.68 ticks, tree = 5556.76 MB, solutions = 20)
Nodefile size = 3508.79 MB (1511.83 MB after compression)
 2757200 1994659      299.1997    46      305.5461      298.2092 17415753    2.40%          x.23.7 D 2757200 2757199     33
 2764917 1999836      299.8321    46      305.5461      298.2127 17464090    2.40%         x.24.25 D 2764917 2764916     47
 2772330 2004888      300.5642    55      305.5461      298.2154 17510908    2.40%          x.6.27 D 2772330 2772329     29
 2779860 2010062      305.3568    40      305.5461      298.2183 17558353    2.40%          x.4.36 U 2779860 2779859     44
 2787327 2015123      300.2267    49      305.5461      298.2214 17605044    2.40%         x.28.21 D 2787327 2787326     32
 2794904 2020223      304.3910    46      305.5461      298.2244 17653110    2.40%           x.7.0 D 2794904 2794903     51
 2802495 2025387        cutoff            305.5461      298.2272 17700511    2.40%         x.30.10 U 2802495 2802493     32
 2809917 2030409      301.2209    49      305.5461      298.2300 17746838    2.39%         x.23.21 D 2809917 2809916     42
 2817430 2035505      305.4335    51      305.5461      298.2329 17794070    2.39%         x.24.39 U 2817430 2817428     41
 2824692 2040424      302.8593    49      305.5461      298.2357 17839589    2.39%          x.9.33 D 2824692 2824690     51
Elapsed time = 1945.62 sec. (1389770.08 ticks, tree = 5696.21 MB, solutions = 20)
Nodefile size = 3648.70 MB (1566.04 MB after compression)
 2832232 2045575      300.4450    44      305.5461      298.2384 17887372    2.39%           x.7.7 D 2832232 2832231     33
 2839762 2050719      301.1780    48      305.5461      298.2414 17934111    2.39%          x.29.7 D 2839762 2839761     39
 2847296 2055878      304.1768    42      305.5461      298.2442 17981539    2.39%         x.20.20 D 2847296 2847295     55
 2854657 2060826      298.3256    48      305.5461      298.2470 18028609    2.39%         x.26.35 U 2854657 461241     26
 2862293 2066025      301.0683    46      305.5461      298.2500 18076664    2.39%         x.16.10 D 2862293 2862292     28
 2869910 2071160      300.9900    42      305.5461      298.2530 18125198    2.39%          x.36.7 D 2869910 2869909     34
 2877266 2076103      299.8901    42      305.5461      298.2559 18171358    2.39%          x.23.7 D 2877266 2877265     36
 2884902 2081240      304.2742    48      305.5461      298.2588 18219943    2.39%         x.20.17 U 2884902 2884901     46
 2891988 2086088      303.4502    45      305.5461      298.2614 18265902    2.38%          x.36.7 D 2891988 2891987     41
 2899622 2091137        cutoff            305.5461      298.2643 18313146    2.38%         x.18.38 U 2899622 882645     27
Elapsed time = 2012.18 sec. (1427931.93 ticks, tree = 5835.49 MB, solutions = 20)
Nodefile size = 3787.62 MB (1619.41 MB after compression)
 2907232 2096278      300.8214    43      305.5461      298.2672 18360813    2.38%         x.35.12 D 2907232 2907231     25
 2914785 2101372      300.3218    61      305.5461      298.2700 18408275    2.38%           x.9.9 D 2914785 2914784     51
 2922241 2106321      305.1596    37      305.5461      298.2731 18456083    2.38%           x.7.0 D 2922241 2922240     45
 2929707 2111237      303.8174    46      305.5461      298.2760 18503413    2.38%           x.2.7 D 2929707 2929706     49
 2937109 2116296      299.2250    43      305.5461      298.2785 18549949    2.38%          x.8.27 D 2937109 2937108     33
 2944617 2121256      301.3934    49      305.5461      298.2813 18596364    2.38%         x.21.25 N 2944617 2944616     36
 2952013 2126268      305.0980    48      305.5461      298.2842 18642749    2.38%         x.35.35 U 2952013 2952011     41
 2959368 2131221      303.6558    53      305.5461      298.2868 18689421    2.38%          x.0.21 D 2959368 2959367     39
 2966908 2136330      301.9218    49      305.5461      298.2897 18737577    2.37%           x.9.9 D 2966908 2966907     51
 2974500 2141398      303.5989    48      305.5461      298.2925 18785941    2.37%         x.23.21 D 2974500 2974499     41
Elapsed time = 2072.52 sec. (1466103.23 ticks, tree = 5973.52 MB, solutions = 20)
Nodefile size = 3925.53 MB (1672.65 MB after compression)
 2981870 2146377      302.6242    44      305.5461      298.2955 18832233    2.37%          x.36.7 D 2981870 2981869     47
 2989567 2151556      304.5471    51      305.5461      298.2986 18880369    2.37%         x.29.20 D 2989567 2989566     61
 2996877 2156510      305.1344    38      305.5461      298.3014 18926396    2.37%          x.2.33 D 2996877 2996876     45
 3004470 2161562      303.6763    56      305.5461      298.3042 18974061    2.37%         x.37.25 D 3004470 3004469     69
 3012310 2166843      305.3732    43      305.5461      298.3071 19023149    2.37%           x.7.7 D 3012310 3012309     35
 3019800 2171887      301.0840    50      305.5461      298.3099 19070531    2.37%          x.23.7 D 3019800 3019799     44
 3027211 2176861      301.4646    49      305.5461      298.3124 19117264    2.37%          x.23.7 D 3027211 3027210     39
 3034713 2181871      299.2353    46      305.5461      298.3151 19164039    2.37%           x.4.7 D 3034713 3034712     31
 3042347 2187055      299.9107    44      305.5461      298.3177 19212363    2.37%         x.18.38 D 3042347 3042346     33
 3049759 2192031        cutoff            305.5461      298.3205 19259340    2.36%         x.35.35 U 3049759 2541282     30
Elapsed time = 2136.49 sec. (1504253.82 ticks, tree = 6112.54 MB, solutions = 20)
Nodefile size = 4065.44 MB (1726.00 MB after compression)
 3057254 2197065      304.0974    52      305.5461      298.3231 19306370    2.36%         x.12.38 D 3057254 3057253     39
 3064393 2201826      298.4366    51      305.5461      298.3255 19352410    2.36%          x.23.7 D 3064393 3064392     29
 3071928 2206852      301.2756    51      305.5461      298.3282 19400697    2.36%          x.9.25 D 3071928 3071927     50
 3079396 2211849      303.4754    51      305.5461      298.3309 19448374    2.36%          x.6.27 D 3079396 3079395     32
 3087144 2217082      302.6788    54      305.5461      298.3336 19496099    2.36%         x.23.27 D 3087144 3087143     39
 3094391 2221977      301.6365    49      305.5461      298.3361 19542007    2.36%         x.30.12 D 3094391 3094390     40
 3101868 2226969      302.3199    51      305.5461      298.3386 19589547    2.36%         x.39.22 D 3101868 3101867     40
 3109466 2232105      305.2029    40      305.5461      298.3412 19637947    2.36%         x.23.21 D 3109466 3109464     45
 3117184 2237240      298.7243    52      305.5461      298.3438 19686245    2.36%         x.12.25 D 3117184 3117183     46
 3124744 2242317      304.1378    39      305.5461      298.3463 19733540    2.36%         x.27.33 U 3124744 3124742     52
Elapsed time = 2196.84 sec. (1542402.18 ticks, tree = 6250.64 MB, solutions = 20)
Nodefile size = 4203.35 MB (1778.65 MB after compression)
 3132348 2247321      302.1344    53      305.5461      298.3492 19782359    2.36%         x.16.25 D 3132348 3132347     51
 3139959 2252394      302.2254    47      305.5461      298.3519 19829951    2.35%         x.20.17 D 3139959 3139957     48
 3147520 2257521      300.1659    43      305.5461      298.3546 19877078    2.35%         x.16.29 N 3147520 3147519     30
 3155169 2262644      300.2266    54      305.5461      298.3571 19924456    2.35%         x.28.25 D 3155169 3155168     48
 3162921 2267785      305.2988    54      305.5461      298.3597 19972909    2.35%         x.24.13 D 3162921 3162920     44
 3170695 2273036      300.2730    45      305.5461      298.3622 20021695    2.35%           x.9.6 D 3170695 3170694     40
 3178148 2277964      301.1064    61      305.5461      298.3649 20068505    2.35%         x.34.25 D 3178148 3178147     46
 3185860 2283125      301.1973    49      305.5461      298.3678 20116632    2.35%          x.0.21 D 3185860 3185859     30
 3193318 2288056      301.9764    47      305.5461      298.3701 20164207    2.35%          x.6.27 D 3193318 3193317     37
 3200800 2293061      300.9694    51      305.5461      298.3727 20211373    2.35%          x.23.7 D 3200800 3200799     35
Elapsed time = 2257.50 sec. (1580596.38 ticks, tree = 6390.01 MB, solutions = 20)
Nodefile size = 4342.26 MB (1831.22 MB after compression)
 3208367 2298022      303.1871    52      305.5461      298.3750 20257917    2.35%          x.22.3 D 3208367 3208366     39
 3215810 2303034      299.7108    48      305.5461      298.3776 20304749    2.35%          x.23.7 D 3215810 3215809     24
 3223340 2308129      302.5330    52      305.5461      298.3800 20352032    2.35%         x.23.25 D 3223340 3223339     58
 3230864 2313144      305.0485    50      305.5461      298.3826 20399568    2.34%          x.0.21 D 3230864 3230863     50
 3238337 2318112      305.1844    54      305.5461      298.3852 20447049    2.34%         x.22.18 D 3238337 3238336     47
 3245936 2323276      299.0835    52      305.5461      298.3878 20495639    2.34%         x.27.23 U 3245936 3245935     28
 3253690 2328480      302.2718    53      305.5461      298.3904 20544617    2.34%          x.2.33 D 3253690 3253689     57
 3261159 2333481      300.3178    56      305.5461      298.3928 20591368    2.34%         x.20.25 D 3261159 3261158     50
 3268746 2338504      304.8795    45      305.5461      298.3954 20638779    2.34%           x.2.2 D 3268746 3268745     55
 3276305 2343619      302.9481    47      305.5461      298.3978 20687058    2.34%         x.22.18 N 3276305 3276304     39
Elapsed time = 2321.55 sec. (1618746.38 ticks, tree = 6528.87 MB, solutions = 20)
Nodefile size = 4481.16 MB (1883.59 MB after compression)
 3283833 2348720      305.3896    39      305.5461      298.4002 20733970    2.34%           x.7.0 D 3283833 3283832     59
 3291450 2353823      299.2979    53      305.5461      298.4026 20782201    2.34%         x.27.23 U 3291450 3291449     37
 3298916 2358856      304.9396    54      305.5461      298.4049 20828946    2.34%         x.10.25 U 3298916 3298915     45
 3306238 2363703      299.8969    53      305.5461      298.4073 20874762    2.34%         x.10.38 D 3306238 3306237     31
 3313886 2368835      302.5610    49      305.5461      298.4099 20923089    2.34%         x.23.21 D 3313886 3313884     64
 3321459 2373875      304.9086    48      305.5461      298.4125 20970228    2.33%          x.4.36 U 3321459 3321458     46
 3329141 2379154      299.5392    51      305.5461      298.4150 21017294    2.33%           x.4.7 D 3329141 3329139     39
 3336510 2384059      302.8911    45      305.5461      298.4176 21063010    2.33%          x.7.16 D 3336510 3336509     57
 3344115 2389086      298.8806    52      305.5461      298.4201 21111664    2.33%         x.24.13 D 3344115 3344114     34
 3351583 2394066      303.0480    41      305.5461      298.4226 21157447    2.33%           x.7.7 D 3351583 3351582     53
Elapsed time = 2383.32 sec. (1656896.21 ticks, tree = 6667.40 MB, solutions = 20)
Nodefile size = 4620.07 MB (1936.35 MB after compression)
 3359280 2399275      300.1027    55      305.5461      298.4250 21205913    2.33%         x.20.25 D 3359280 3359279     43
 3366737 2404204      301.0828    50      305.5461      298.4276 21253082    2.33%         x.22.18 U 3366737 3366736     36
 3374428 2409334        cutoff            305.5461      298.4298 21301265    2.33%          x.13.6 U 3374428 3374426     55
 3381788 2414326      300.6485    44      305.5461      298.4320 21347433    2.33%          x.36.3 D 3381788 3381787     30
 3389364 2419410      305.0843    49      305.5461      298.4344 21395734    2.33%         x.13.38 D 3389364 3389363     41
 3396929 2424505      300.1981    47      305.5461      298.4367 21443137    2.33%         x.10.38 D 3396929 3396928     25
 3404587 2429599      301.5133    42      305.5461      298.4392 21491071    2.33%           x.4.7 D 3404587 3404586     40
 3411947 2434497      301.2422    49      305.5461      298.4414 21536855    2.33%          x.36.7 D 3411947 3411946     32
 3419538 2439476      302.2681    54      305.5461      298.4439 21584074    2.32%         x.11.25 D 3419538 3419537     51
 3427200 2444514      298.8532    48      305.5461      298.4463 21632780    2.32%         x.32.38 D 3427200 3427199     26
Elapsed time = 2445.93 sec. (1695053.10 ticks, tree = 6805.97 MB, solutions = 20)
Nodefile size = 4757.97 MB (1988.26 MB after compression)
 3434827 2449585      304.2770    43      305.5461      298.4488 21681369    2.32%          x.4.36 U 3434827 3434826     63
 3442056 2454327      299.3691    53      305.5461      298.4511 21727504    2.32%         x.23.27 D 3442056 3442055     27
 3449492 2459222      301.5986    48      305.5461      298.4533 21774434    2.32%          x.23.7 D 3449492 3449491     33
 3456862 2464001      302.7689    51      305.5461      298.4556 21820854    2.32%          x.12.7 D 3456862 3456861     37
 3464270 2468891      300.9608    38      305.5461      298.4580 21867496    2.32%         x.24.39 U 3464270 3464269     47
 3472058 2474023      300.3182    52      305.5461      298.4605 21915939    2.32%          x.28.3 D 3472058 3472057     36
 3479602 2479013      302.0413    61      305.5461      298.4631 21963988    2.32%         x.26.35 D 3479602 3479601     40
 3487061 2483805      303.3542    58      305.5461      298.4654 22010384    2.32%         x.10.25 U 3487061 3487060     34
 3494607 2488824      301.1114    55      305.5461      298.4678 22057968    2.32%         x.39.35 D 3494607 3494606     43
 3502103 2493770        cutoff            305.5461      298.4701 22104002    2.32%         x.30.12 U 3502103 3502102     48
Elapsed time = 2514.19 sec. (1733305.14 ticks, tree = 6941.25 MB, solutions = 20)
Nodefile size = 4893.87 MB (2040.03 MB after compression)
 3509682 2498722      303.0792    46      305.5461      298.4724 22151448    2.32%         x.18.38 D 3509682 3509681     28
 3517250 2503739      300.0533    53      305.5461      298.4747 22199023    2.31%          x.36.3 D 3517250 3517249     37
 3524718 2508615      304.9057    45      305.5461      298.4773 22246293    2.31%         x.16.29 D 3524718 3524717     54
 3532281 2513519      299.0893    51      305.5461      298.4796 22293416    2.31%           x.4.7 D 3532281 3532280     39
 3539896 2518494      305.2624    49      305.5461      298.4818 22341520    2.31%         x.30.12 U 3539896 3539895     42
 3547192 2523227        cutoff            305.5461      298.4840 22386956    2.31%          x.12.7 D 3547192 3547191     45
 3554763 2528111      301.2945    47      305.5461      298.4862 22434861    2.31%         x.22.18 U 3554763 3554762     45
 3562041 2532931      303.3201    50      305.5461      298.4884 22481348    2.31%           x.4.7 U 3562041 3562038     30
 3569585 2537855      301.2249    49      305.5461      298.4907 22529509    2.31%          x.29.7 D 3569585 3569584     29
 3576990 2542751      303.6456    51      305.5461      298.4928 22575647    2.31%          x.36.7 D 3576990 3576989     51
Elapsed time = 2574.93 sec. (1771487.16 ticks, tree = 7075.78 MB, solutions = 20)
Nodefile size = 5027.79 MB (2091.04 MB after compression)
 3584497 2547682      303.9375    49      305.5461      298.4952 22622659    2.31%         x.36.32 N 3584497 3584496     46
 3591968 2552580      301.2180    48      305.5461      298.4975 22668997    2.31%          x.29.5 D 3591968 3591967     35
 3599379 2557412      303.8349    57      305.5461      298.4997 22716036    2.31%         x.30.25 D 3599379 3599377     40
 3607050 2562422      304.5092    40      305.5461      298.5020 22765123    2.31%          x.2.33 D 3607050 3607049     49
 3614347 2567156      300.9459    52      305.5461      298.5044 22811345    2.30%         x.22.18 U 3614347 3614346     41
 3621773 2572014      301.1907    52      305.5461      298.5065 22857117    2.30%          x.12.7 D 3621773 3621772     45
 3629286 2576964      304.6177    47      305.5461      298.5086 22904622    2.30%           x.7.0 D 3629286 3629285     63
 3636635 2581752      301.8549    47      305.5461      298.5108 22951708    2.30%         x.11.27 D 3636635 3636634     45
 3644139 2586662      300.4214    55      305.5461      298.5130 22998525    2.30%         x.27.23 U 3644139 3644138     44
 3651624 2591550      300.5008    59      305.5461      298.5152 23045038    2.30%           x.2.7 D 3651624 3651623     43
Elapsed time = 2635.54 sec. (1809637.04 ticks, tree = 7209.78 MB, solutions = 20)
Nodefile size = 5162.70 MB (2141.58 MB after compression)
 3659250 2596665      302.9976    46      305.5461      298.5175 23093190    2.30%          x.9.34 D 3659250 3659249     49
 3666754 2601550      304.7741    39      305.5461      298.5197 23140940    2.30%         x.36.32 U 3666754 3666753     35
 3674320 2606395      305.4562    52      305.5461      298.5222 23188427    2.30%         x.36.32 U 3674320 3674318     61
 3681851 2611246      300.8995    50      305.5461      298.5246 23236132    2.30%           x.9.8 U 3681851 800810     37
 3689431 2616254      301.2242    46      305.5461      298.5267 23283187    2.30%          x.23.7 D 3689431 3689430     46
 3697008 2621181      302.2427    55      305.5461      298.5289 23331024    2.30%         x.26.35 D 3697008 3697007     42
 3704655 2626229      304.4336    39      305.5461      298.5310 23378216    2.30%         x.16.29 D 3704655 3704653     34
 3712201 2631141      303.0247    52      305.5461      298.5335 23425157    2.30%          x.29.7 D 3712201 3712200     44
 3719602 2635965      304.9999    39      305.5461      298.5358 23472184    2.29%         x.34.12 D 3719602 3719601     45
 3727054 2640915      304.1560    49      305.5461      298.5379 23518852    2.29%          x.0.21 D 3727054 3727052     44
Elapsed time = 2696.07 sec. (1847795.29 ticks, tree = 7345.38 MB, solutions = 20)
Nodefile size = 5297.60 MB (2191.99 MB after compression)
 3734800 2646021      305.0256    36      305.5461      298.5400 23566934    2.29%         x.29.20 D 3734800 3734798     50
 3742428 2651007        cutoff            305.5461      298.5423 23615299    2.29%         x.10.22 U 3742428 3742426     55
 3749686 2655835      300.3350    56      305.5461      298.5443 23661254    2.29%         x.23.27 D 3749686 3749685     39
 3757081 2660751      304.6386    34      305.5461      298.5465 23708119    2.29%         x.25.33 U 3757081 3757080     50
 3764649 2665779        cutoff            305.5461      298.5487 23756188    2.29%          x.0.21 D 3764649 3764648     45
 3772445 2670955      303.5413    35      305.5461      298.5508 23804336    2.29%          x.3.22 D 3772445 3772444     55
 3779976 2675933      302.3221    55      305.5461      298.5531 23851593    2.29%         x.34.25 U 3779976 354368     48
 3787414 2680886      299.2674    54      305.5461      298.5551 23898262    2.29%         x.22.38 D 3787414 3787413     32
 3794883 2685749      303.3124    45      305.5461      298.5573 23944123    2.29%          x.3.22 D 3794883 3794882     34
 3802537 2690737      304.4631    40      305.5461      298.5594 23992642    2.29%         x.20.17 U 3802537 3802536     57
Elapsed time = 2761.86 sec. (1885967.00 ticks, tree = 7482.23 MB, solutions = 20)
Nodefile size = 5434.51 MB (2243.13 MB after compression)
 3809980 2695714      301.3519    50      305.5461      298.5613 24039351    2.29%           x.9.7 D 3809980 3809979     47
 3817630 2700804      300.3964    53      305.5461      298.5633 24087859    2.29%         x.27.23 U 3817630 3817629     37
 3825105 2705795        cutoff            305.5461      298.5654 24135484    2.28%           x.2.7 D 3825105 3825104     62
 3832567 2710635        cutoff            305.5461      298.5676 24182881    2.28%         x.39.35 U 3832567 1182130     27
 3840101 2715635        cutoff            305.5461      298.5696 24229860    2.28%          x.0.21 D 3840101 3840100     40
 3847499 2720549      299.5793    51      305.5461      298.5717 24275907    2.28%           x.9.9 D 3847499 3847498     46
 3854972 2725501      303.2884    50      305.5461      298.5738 24322754    2.28%          x.23.7 D 3854972 3854971     42
 3862322 2730396      303.3453    49      305.5461      298.5758 24369070    2.28%          x.22.3 D 3862322 3862321     38
 3869728 2735224      304.3630    55      305.5461      298.5777 24415313    2.28%          x.29.5 D 3869728 3869727     49
 3876996 2740033      304.8288    36      305.5461      298.5798 24461452    2.28%         x.13.38 D 3876996 3876995     42
Elapsed time = 2822.63 sec. (1924116.76 ticks, tree = 7617.60 MB, solutions = 20)
Nodefile size = 5570.42 MB (2294.01 MB after compression)
 3884692 2745016      303.0796    55      305.5461      298.5821 24509832    2.28%          x.9.25 D 3884692 3884691     52
 3892090 2749880      300.9370    43      305.5461      298.5842 24556550    2.28%         x.30.10 D 3892090 3892089     39
 3899656 2754839        cutoff            305.5461      298.5863 24604908    2.28%         x.20.17 U 3899656 3899655     44
 3907300 2759916      303.0815    47      305.5461      298.5883 24652794    2.28%          x.36.7 D 3907300 3907299     44
 3914813 2764880      303.9367    56      305.5461      298.5905 24700223    2.28%          x.8.12 D 3914813 3914812     40
 3922092 2769626      300.1823    46      305.5461      298.5924 24746372    2.28%         x.18.38 U 3922092 592481     27
 3929673 2774644      299.1468    49      305.5461      298.5945 24794447    2.28%          x.2.22 D 3929673 3929671     35
 3937237 2779679      299.3991    45      305.5461      298.5966 24842192    2.27%          x.8.27 D 3937237 3937236     32
 3944769 2784607      301.5126    43      305.5461      298.5985 24889827    2.27%           x.9.7 D 3944769 3944768     54
 3952180 2789505      300.6091    54      305.5461      298.6005 24937172    2.27%          x.12.7 N 3952180 3952179     29
Elapsed time = 2883.70 sec. (1962266.83 ticks, tree = 7753.48 MB, solutions = 20)
Nodefile size = 5706.32 MB (2344.43 MB after compression)
 3959727 2794493      300.1669    48      305.5461      298.6024 24984184    2.27%         x.36.32 U 3959727 3959725     42
 3966981 2799217      300.1006    57      305.5461      298.6043 25030042    2.27%         x.26.35 D 3966981 3966980     45
 3974470 2804137      298.8568    51      305.5461      298.6062 25076354    2.27%         x.12.38 D 3974470 3974469     19
 3982219 2809297      302.8391    51      305.5461      298.6082 25124651    2.27%          x.0.21 U 3982219 3982218     40
 3989704 2814183      304.2221    48      305.5461      298.6102 25170882    2.27%         x.13.38 D 3989704 3989703     57
 3997439 2819258        cutoff            305.5461      298.6123 25219331    2.27%         x.35.35 U 3997439 3511586     40
 4004806 2824077        cutoff            305.5461      298.6143 25265579    2.27%          x.12.7 U 4004806 2914307     41
 4012435 2829105      300.4658    53      305.5461      298.6164 25312035    2.27%           x.9.9 D 4012435 4012434     44
 4019987 2834164      301.5336    42      305.5461      298.6185 25359378    2.27%          x.2.33 D 4019987 4019986     50
 4027422 2839128      303.7854    58      305.5461      298.6206 25405857    2.27%           x.9.8 D 4027422 4027421     47
Elapsed time = 2944.58 sec. (2000426.27 ticks, tree = 7889.78 MB, solutions = 20)
Nodefile size = 5842.24 MB (2394.51 MB after compression)
 4034948 2844065      301.8965    51      305.5461      298.6225 25453284    2.27%           x.4.7 D 4034948 4034947     30
 4042519 2849052      303.5325    44      305.5461      298.6245 25500429    2.27%         x.38.27 D 4042519 4042518     32
 4050078 2854047      301.9002    51      305.5461      298.6267 25548370    2.26%         x.11.27 U 4050078 4050076     35
 4057569 2858925      301.9327    47      305.5461      298.6288 25596165    2.26%          x.0.21 D 4057569 4057568     39
 4065075 2863811      302.4771    41      305.5461      298.6308 25643233    2.26%           x.2.7 D 4065075 4065074     62
 4072648 2868891      299.7280    57      305.5461      298.6326 25691437    2.26%          x.23.7 U 4072648 1982533     33
 4080320 2873935      304.1929    46      305.5461      298.6347 25739423    2.26%          x.9.33 U 4080320 2080711     49
 4087862 2878769      303.4601    53      305.5461      298.6369 25787167    2.26%         x.10.25 D 4087862 4087861     48
 4095433 2883766      305.0799    37      305.5461      298.6388 25834931    2.26%         x.30.12 D 4095433 4095432     51
 4102821 2888552      305.3068    51      305.5461      298.6406 25880944    2.26%         x.36.25 U 4102821 4102820     48
Elapsed time = 3010.91 sec. (2038576.15 ticks, tree = 8025.53 MB, solutions = 20)
Nodefile size = 5978.14 MB (2444.36 MB after compression)
 4110417 2893413        cutoff            305.5461      298.6423 25927488    2.26%          x.37.6 D 4110417 4110416     49
 4117965 2898240      305.3006    42      305.5461      298.6442 25974134    2.26%         x.16.29 D 4117965 4117964     40
 4125639 2903259      299.4642    52      305.5461      298.6461 26022489    2.26%          x.0.21 D 4125639 4125638     31
 4133295 2908105      304.5661    49      305.5461      298.6482 26070444    2.26%         x.27.23 U 4133295 4133294     42
 4141002 2912991      305.1341    46      305.5461      298.6502 26118867    2.26%           x.2.2 D 4141002 4141001     61
 4148438 2917865      300.2801    66      305.5461      298.6520 26164949    2.26%          x.23.7 D 4148438 4148437     44
 4156028 2922851        cutoff            305.5461      298.6538 26211585    2.26%         x.34.12 U 4156028 4156025     48
 4163608 2927628      304.0470    54      305.5461      298.6558 26259633    2.26%           x.9.8 D 4163608 4163607     47
 4171086 2932490        cutoff            305.5461      298.6577 26306281    2.25%          x.12.7 U 4171086 4171084     44
 4178203 2937063      301.0434    47      305.5461      298.6596 26350130    2.25%          x.23.7 D 4178203 4178201     33
Elapsed time = 3070.81 sec. (2076768.23 ticks, tree = 8158.79 MB, solutions = 20)
Nodefile size = 6111.03 MB (2493.84 MB after compression)
 4185709 2941879      305.1629    41      305.5461      298.6614 26396771    2.25%          x.4.36 U 4185709 4185708     35
 4193437 2946897        cutoff            305.5461      298.6634 26445415    2.25%          x.12.7 U 4193437 3889773     51
 4200738 2951749      304.0568    55      305.5461      298.6652 26491262    2.25%         x.30.12 D 4200738 4200737     51
 4208177 2956617      303.8034    41      305.5461      298.6669 26538416    2.25%         x.20.17 U 4208177 4208176     60
 4215600 2961403      298.9299    54      305.5461      298.6689 26584816    2.25%         x.30.10 D 4215600 4215599     23
 4223341 2966429        cutoff            305.5461      298.6709 26633365    2.25%         x.30.10 U 4223341 4223340     32
 4230800 2971372      302.4586    54      305.5461      298.6728 26680455    2.25%         x.14.25 D 4230800 4230799     61
 4238284 2976258        cutoff            305.5461      298.6747 26726249    2.25%         x.39.35 D 4238284 4238283     36
 4245768 2981081      301.8236    46      305.5461      298.6767 26773834    2.25%         x.27.33 U 4245768 4245766     44
 4253460 2986100      301.5773    47      305.5461      298.6786 26821919    2.25%         x.10.38 D 4253460 4253459     38
Elapsed time = 3131.72 sec. (2114931.34 ticks, tree = 8293.47 MB, solutions = 20)
Nodefile size = 6245.93 MB (2544.01 MB after compression)
 4260885 2990904      300.9611    60      305.5461      298.6804 26868228    2.25%          x.9.25 D 4260885 4260884     51
 4268137 2995588      299.4027    48      305.5461      298.6822 26914648    2.25%           x.9.8 D 4268137 4268136     38
 4275756 3000447      304.3567    43      305.5461      298.6841 26962617    2.25%          x.2.33 D 4275756 4275755     38
 4283091 3005184      302.6221    50      305.5461      298.6859 27009170    2.25%         x.39.25 D 4283091 4283090     44
 4290529 3010039      302.0861    45      305.5461      298.6878 27056076    2.24%          x.11.7 D 4290529 4290528     48
 4297965 3014872      302.3302    43      305.5461      298.6895 27103251    2.24%         x.29.20 D 4297965 4297964     39
 4305447 3019729      304.6138    50      305.5461      298.6914 27150915    2.24%         x.39.22 U 4305447 4305445     49
 4312920 3024614      302.3566    49      305.5461      298.6932 27197958    2.24%         x.34.12 D 4312920 4312919     36
 4320439 3029472      302.4627    50      305.5461      298.6950 27245647    2.24%          x.36.7 D 4320439 4320438     41
 4328129 3034528      300.7686    50      305.5461      298.6969 27293808    2.24%          x.8.27 D 4328129 4328128     35
Elapsed time = 3192.44 sec. (2153131.05 ticks, tree = 8426.49 MB, solutions = 20)
Nodefile size = 6378.81 MB (2593.27 MB after compression)
 4335587 3039298      302.5090    53      305.5461      298.6989 27340985    2.24%          x.27.7 D 4335587 4335586     41
 4343097 3044097      299.3376    53      305.5461      298.7006 27387597    2.24%          x.29.7 D 4343097 4343096     34
 4350591 3048963      300.2354    49      305.5461      298.7024 27434929    2.24%         x.28.25 D 4350591 4350590     40
 4358227 3053915      303.4541    45      305.5461      298.7042 27481897    2.24%         x.35.32 U 4358227 4358225     38
 4365691 3058698      302.3860    43      305.5461      298.7059 27529471    2.24%           x.2.7 D 4365691 4365690     42
 4373074 3063460      302.1506    47      305.5461      298.7078 27575466    2.24%         x.22.18 U 4373074 4373073     41
 4380746 3068401      300.7075    52      305.5461      298.7097 27623708    2.24%          x.23.7 D 4380746 4380745     24
Starting limited solution polishing.
 4388040 3073100      298.7227    46      305.5461      298.7115 27669934    2.24%         x.26.35 D 4388040 1600521     24
 4395390 3077841      301.3210    52      305.5461      298.7134 27716135    2.24%         x.24.25 D 4395390 4395389     50
 4402558 3082492      300.0341    52      305.5461      298.7153 27761416    2.24%           x.9.6 D 4402558 4402556     39
Elapsed time = 3253.12 sec. (2191321.60 ticks, tree = 8558.24 MB, solutions = 20)
Nodefile size = 6510.70 MB (2641.71 MB after compression)
 4409795 3087137      302.0656    57      305.5461      298.7170 27806826    2.24%         x.15.32 U 4409795 4409794     45
 4417070 3091794      304.4413    41      305.5461      298.7187 27852845    2.23%          x.2.22 D 4417070 4417069     40
 4424495 3096541      300.9003    56      305.5461      298.7206 27899597    2.23%         x.34.25 D 4424495 4424494     41
 4431654 3101076      299.6205    49      305.5461      298.7224 27945469    2.23%           x.9.8 D 4431654 4431653     33
 4438799 3105690      300.6147    46      305.5461      298.7242 27990096    2.23%          x.6.27 D 4438799 4438798     28
 4446059 3110331      301.4554    57      305.5461      298.7260 28035238    2.23%          x.7.13 D 4446059 4446058     30
 4453468 3115114      300.6715    52      305.5461      298.7278 28081522    2.23%          x.23.7 D 4453468 4453467     47
 4461000 3119903        cutoff            305.5461      298.7297 28129127    2.23%         x.26.35 U 4461000 4460998     36
 4468215 3124658      302.6849    46      305.5461      298.7314 28173642    2.23%           x.9.6 D 4468215 4468214     43
 4475467 3129439      299.4524    58      305.5461      298.7332 28218641    2.23%          x.29.5 D 4475467 4475466     39
Elapsed time = 3318.44 sec. (2229470.41 ticks, tree = 8687.20 MB, solutions = 20)
Nodefile size = 6639.57 MB (2689.12 MB after compression)
 4482741 3134245      303.5892    40      305.5461      298.7349 28263886    2.23%           x.2.7 D 4482741 4482740     38
 4490162 3139031      304.7951    41      305.5461      298.7367 28309245    2.23%          x.0.21 D 4490162 4490161     37
 4497400 3143626      299.9537    51      305.5461      298.7384 28354667    2.23%         x.32.38 D 4497400 4497398     32
 4504800 3148264      299.6490    47      305.5461      298.7401 28400509    2.23%          x.0.21 D 4504800 4504799     35
 4511905 3152860      303.0623    55      305.5461      298.7417 28445480    2.23%         x.13.38 D 4511905 4511904     37
 4519228 3157439      303.5903    49      305.5461      298.7435 28491315    2.23%           x.2.2 D 4519228 4519227     51
 4526496 3162070      301.5072    51      305.5461      298.7453 28536938    2.23%          x.27.7 D 4526496 4526495     46
 4533792 3166739        cutoff            305.5461      298.7471 28582843    2.23%          x.22.3 U 4533792 4533790     44
 4541103 3171419      301.1345    42      305.5461      298.7490 28629217    2.22%         x.36.32 U 4541103 4541102     38
 4548399 3176110      301.0059    55      305.5461      298.7508 28675073    2.22%         x.26.35 N 4548399 4548398     31
Elapsed time = 3378.67 sec. (2267650.64 ticks, tree = 8815.40 MB, solutions = 20)
Nodefile size = 6767.48 MB (2735.56 MB after compression)
 4555400 3180629      300.0192    53      305.5461      298.7523 28719382    2.22%          x.11.7 D 4555400 4555399     51
 4562540 3185178      300.2119    52      305.5461      298.7540 28763963    2.22%         x.20.25 D 4562540 4562539     34
 4569921 3189896      300.8893    43      305.5461      298.7556 28810932    2.22%          x.0.21 D 4569921 4569920     36
 4577406 3194664      304.4039    47      305.5461      298.7575 28857553    2.22%           x.7.7 D 4577406 4577405     43
 4584600 3199223      304.6744    41      305.5461      298.7593 28903147    2.22%           x.7.7 D 4584600 4584599     48
 4592131 3204024      301.0623    54      305.5461      298.7612 28949934    2.22%          x.11.7 D 4592131 4592130     35
 4599380 3208692      303.7581    50      305.5461      298.7629 28995987    2.22%         x.35.35 U 4599380 4599379     41
 4606422 3213112      304.8854    54      305.5461      298.7646 29039828    2.22%         x.35.35 N 4606422 4606420     55
 4613577 3217727      299.8299    48      305.5461      298.7663 29084954    2.22%         x.38.27 D 4613577 4613576     37
 4620895 3222333      300.1052    56      305.5461      298.7681 29130929    2.22%           x.4.7 D 4620895 4620894     29
Elapsed time = 3438.49 sec. (2305810.62 ticks, tree = 8942.34 MB, solutions = 20)
Nodefile size = 6895.36 MB (2782.63 MB after compression)
 4628310 3227062      300.9485    48      305.5461      298.7699 29177279    2.22%         x.22.18 U 4628310 4628309     36
 4635750 3231806      302.3467    50      305.5461      298.7716 29224791    2.22%         x.24.13 D 4635750 4635749     41
 4643026 3236438      303.8669    45      305.5461      298.7734 29270990    2.22%          x.36.7 D 4643026 4643025     37
 4650370 3241061      301.6879    49      305.5461      298.7750 29316934    2.22%         x.14.25 D 4650370 4650369     57
 4657468 3245631        cutoff            305.5461      298.7765 29362145    2.22%         x.11.21 D 4657468 4657467     49
 4664825 3250339      300.4420    45      305.5461      298.7781 29409031    2.22%         x.23.21 D 4664825 4664824     33
 4672015 3254844      301.4720    46      305.5461      298.7798 29454701    2.21%         x.24.13 D 4672015 4672014     32
 4679400 3259584      299.9018    55      305.5461      298.7815 29501327    2.21%           x.4.7 D 4679400 4679399     34
 4686742 3264330      302.7966    50      305.5461      298.7833 29547966    2.21%         x.22.18 D 4686742 4686741     33
 4693925 3268915      298.7989    57      305.5461      298.7849 29593681    2.21%         x.11.27 U 4693925 138316     33
Elapsed time = 3498.64 sec. (2343967.50 ticks, tree = 9070.29 MB, solutions = 20)
Nodefile size = 7023.26 MB (2829.58 MB after compression)
 4701276 3273661        cutoff            305.5461      298.7864 29640158    2.21%          x.36.7 D 4701276 4701275     40
 4708276 3278065      303.2080    57      305.5461      298.7882 29685035    2.21%          x.9.33 D 4708276 4708275     56
 4715648 3282912      300.7733    49      305.5461      298.7898 29730881    2.21%         x.18.38 D 4715648 4715647     25
 4722801 3287576      304.0451    44      305.5461      298.7912 29776393    2.21%         x.39.22 D 4722801 4722800     51
 4729905 3292116        cutoff            305.5461      298.7929 29821158    2.21%         x.27.33 U 4729905 4729902     39
 4737105 3296689      304.4152    48      305.5461      298.7946 29867321    2.21%         x.39.35 D 4737105 4737104     35
 4744248 3301292      299.1975    48      305.5461      298.7961 29911975    2.21%         x.35.35 D 4744248 4744247     28
 4751520 3305954      299.9301    56      305.5461      298.7976 29957744    2.21%         x.16.25 D 4751520 4751519     40
 4758879 3310627      299.6210    54      305.5461      298.7994 30003893    2.21%         x.28.21 D 4758879 4758878     39
 4766140 3315273      301.8297    54      305.5461      298.8009 30049025    2.21%           x.4.7 D 4766140 4766139     39
Elapsed time = 3558.09 sec. (2382117.41 ticks, tree = 9197.64 MB, solutions = 20)
Nodefile size = 7150.16 MB (2875.75 MB after compression)
 4773400 3319929      303.7503    55      305.5461      298.8026 30094055    2.21%          x.31.6 U 4773400 4773398     55
 4780797 3324617      303.7707    53      305.5461      298.8042 30140786    2.21%         x.37.25 D 4780797 4780795     64
 4788018 3329258      299.5173    46      305.5461      298.8058 30185999    2.21%          x.8.12 D 4788018 4788017     29
 4795159 3333750      301.4759    43      305.5461      298.8075 30232141    2.21%          x.36.3 U 4795159 4795158     33
 4802695 3338585      300.2671    50      305.5461      298.8092 30279897    2.20%           x.4.7 D 4802695 4802694     35
 4809816 3343160      301.8809    43      305.5461      298.8108 30324672    2.20%           x.4.7 D 4809816 4809815     29
Advanced basis not built.

Gomory fractional cuts applied:  19
User cuts applied:  198

Root node processing (before b&c):
  Real time             =    0.14 sec. (72.38 ticks)
Sequential b&c:
  Real time             = 3599.94 sec. (2413479.82 ticks)
                          ------------
Total (root+branch&cut) = 3600.08 sec. (2413552.21 ticks)

Solution status: 107
Objective value:  3.0554607343e+02
Solution status is not CPX_STAT_OPTIMAL
Node: 4816870
