proble size: m = 5 , n = 5 , seed = 5 
Benders' cuts separated to cut off: Integer and fractional infeasible solutions.
seed = 5
Version identifier: 20.1.0.0 | 2020-11-10 | 9bedb6d68
CPXPARAM_Threads                                 1
CPXPARAM_RandomSeed                              5
CPXPARAM_MIP_Strategy_CallbackReducedLP          0
CPXPARAM_MIP_Strategy_Search                     1
CPXPARAM_TimeLimit                               3600
CPXPARAM_MIP_Tolerances_AbsMIPGap                0
CPXPARAM_MIP_Tolerances_MIPGap                   0
Legacy callback                                  LU
Tried aggregator 1 time.
Reduced MIP has 40 rows, 1640 columns, and 1600 nonzeros.
Reduced MIP has 1600 binaries, 0 generals, 0 SOSs, and 0 indicators.
Presolve time = 0.05 sec. (0.63 ticks)
Probing time = 0.01 sec. (2.48 ticks)
Clique table members: 40.
MIP emphasis: balance optimality and feasibility.
MIP search method: traditional branch-and-cut.
Parallel mode: none, using 1 thread.
Root relaxation solution time = 0.03 sec. (0.34 ticks)

        Nodes                                         Cuts/
   Node  Left     Objective  IInf  Best Integer    Best Bound    ItCnt     Gap         Variable B NodeID Parent  Depth

      0     0        0.0000    26                      0.0000        0         
*     0+    0                         1018.9473        0.0000           100.00%
*     0+    0                          872.3544        0.0000           100.00%
      0     0      182.8557    49      872.3544     Fract: 23       91   79.04%
*     0+    0                          689.8416      182.8557            73.49%
      0     0      248.5997    53      689.8416     Fract: 22      173   63.96%
*     0+    0                          486.0083      248.5997            48.85%
      0     0      265.1889    63      486.0083      Fract: 1      186   45.44%
*     0+    0                          446.7688      265.1889            40.64%
      0     0      293.0046    65      446.7688 UserPurge2: 12      211   34.42%
*     0+    0                          402.8486      293.0046            27.27%
      0     0      293.5606    62      402.8486 UserPurge2: 3      219   27.13%
*     0+    0                          341.8490      293.5606            14.13%
      0     0      293.8995    63      341.8490 UserPurge2: 1      221   14.03%
*     0+    0                          306.0914      293.8995             3.98%
      0     2      294.2114    65      306.0914      294.2519      221    3.87%                        0             0
Elapsed time = 0.29 sec. (85.99 ticks, tree = 0.01 MB, solutions = 8)
*    20+   20                          305.6820      300.5923             1.67%
     26    28      303.8345    48      305.6820      300.5923     2156    1.67%          x.0.37 N     26     25     18
     67    58      305.1323    42      305.6820      300.8658     3833    1.58%          x.4.29 N     67     66     29
    110    90      304.9068    64      305.6820      301.3044     5513    1.43%         x.23.21 N    110    109     13
    148   117      304.3144    53      305.6820      301.5013     7415    1.37%         x.13.11 D    148    147     17
    200   150      303.4829    57      305.6820      301.6707     8928    1.31%          x.0.24 D    200    199     15
    269   200      303.7598    57      305.6820      302.0203    10893    1.20%          x.16.7 D    269    268      9
    340   263      305.4325    42      305.6820      302.1786    13277    1.15%         x.16.29 N    340    339     21
    414   322      305.3161    50      305.6820      302.2303    15323    1.13%         x.35.36 N    414    413     30
    480   371      303.4088    53      305.6820      302.3557    17596    1.09%          x.28.3 N    480    479      7
    772   599      303.5251    49      305.6820      302.7196    26356    0.97%          x.29.7 U    772    771     11
Elapsed time = 2.64 sec. (3295.89 ticks, tree = 6.75 MB, solutions = 9)
   1066   796      304.7986    56      305.6820      302.8805    35384    0.92%         x.14.13 N   1066   1065     23
   1359  1007      304.9933    59      305.6820      302.9649    44246    0.89%         x.18.13 N   1359   1358     27
   1660  1228      303.7320    47      305.6820      303.0326    52460    0.87%         x.27.23 U   1660   1659     13
   1962  1430      305.4049    49      305.6820      303.1051    61567    0.84%          x.8.30 D   1962   1961     15
   2245  1615      303.8111    50      305.6820      303.1658    69775    0.82%         x.37.15 N   2245   2244     17
   2520  1779      303.5315    55      305.6820      303.2497    78172    0.80%         x.27.23 U   2520   2519     14
   2818  1972      303.6783    48      305.6820      303.3033    85841    0.78%         x.37.15 U   2818   2817      9
*  3040+ 2122                          305.6424      303.3248             0.76%
   3119  2188      305.4432    29      305.6424      303.3271    92659    0.76%          x.2.22 N   3119   3118     37
   3337  2325      304.3272    48      305.6424      303.3568    98748    0.75%         x.19.20 N   3337   3336     17
*  3400+ 2320                          305.5446      303.3625             0.71%
*  3400+ 2320                          305.5445      303.3625             0.71%
*  3410+ 2330                          305.5445      303.3625             0.71%
*  3430+ 2319                          305.5015      303.3625             0.70%
*  3440+ 2326                          305.5015      303.3625             0.70%
   3562  2387      305.0175    53      305.5015      303.3793   103589    0.69%          x.8.30 D   3562   3561     16
Elapsed time = 9.20 sec. (12857.84 ticks, tree = 34.65 MB, solutions = 15)
   3802  2530      304.2708    48      305.5015      303.4092   109067    0.68%         x.23.21 N   3802   3801     13
   4090  2705      304.2527    46      305.5015      303.4238   115257    0.68%         x.27.23 N   4090   4089     14
   4400  2898      304.8685    40      305.5015      303.4511   122715    0.67%         x.39.10 N   4400   4399     19
   4720  3081      305.4231    55      305.5015      303.4866   130439    0.66%          x.0.21 U   4720   4717     20
   5070  3271      303.9595    48      305.5015      303.5147   137288    0.65%         x.27.25 N   5070   2910      9
   5410  3474      304.3394    48      305.5015      303.5332   144469    0.64%         x.38.27 D   5410   5409     19
   5745  3691      304.1771    46      305.5015      303.5491   152028    0.64%          x.3.30 D   5745   5744     24
   6044  3848      304.1321    50      305.5015      303.5697   159765    0.63%         x.23.21 N   6044    964     11
   6379  4021      304.2106    50      305.5015      303.5963   167033    0.62%         x.37.15 U   6379   6378     22
   6665  4163      304.7278    58      305.5015      303.6198   174320    0.62%           x.6.4 N   6665   3608     13
Elapsed time = 15.50 sec. (22446.42 ticks, tree = 67.37 MB, solutions = 15)
   6956  4303      303.9562    58      305.5015      303.6433   181115    0.61%          x.3.30 N   6956   2422     14
   7235  4443      304.3831    47      305.5015      303.6670   188051    0.60%          x.23.7 D   7235   7234     18
   7507  4589      304.9661    44      305.5015      303.6868   195185    0.59%          x.36.7 N   7507   7506     20
   7795  4725      304.4220    55      305.5015      303.7019   201762    0.59%          x.3.30 D   7795   7794     15
   8092  4865      303.9500    53      305.5015      303.7167   208424    0.58%         x.12.38 D   8092   8091     16
   8382  5007      303.9678    60      305.5015      303.7327   214825    0.58%         x.37.30 N   8382   8381     14
   8663  5099      304.5644    47      305.5015      303.7486   221816    0.57%          x.0.21 D   8663   8662     24
   8970  5234      305.0501    38      305.5015      303.7672   228711    0.57%         x.37.28 N   8970   8969     38
   9246  5331      305.4102    52      305.5015      303.7847   235859    0.56%         x.14.13 N   9246   9245     23
   9534  5441      305.3526    43      305.5015      303.8056   242546    0.56%         x.28.10 N   9534   9533     24
Elapsed time = 21.70 sec. (31997.08 ticks, tree = 93.29 MB, solutions = 15)
   9790  5549      304.7261    39      305.5015      303.8148   248715    0.55%           x.2.7 D   9790   9789     26
  10061  5666      304.7590    51      305.5015      303.8278   255501    0.55%         x.23.21 D  10061  10060     29
  10341  5771      305.4659    31      305.5015      303.8398   262009    0.54%          x.1.28 N  10341  10340     29
  10624  5867        cutoff            305.5015      303.8528   268811    0.54%         x.35.13 U  10624   4044     27
  10896  5955      305.2114    43      305.5015      303.8728   275208    0.53%          x.0.21 N  10896  10895     23
  11171  6033      304.4438    53      305.5015      303.8916   281960    0.53%          x.3.30 D  11171  11170     16
  11487  6166      304.6207    47      305.5015      303.9076   287944    0.52%         x.24.30 N  11487  11486     27
  11787  6265        cutoff            305.5015      303.9240   294317    0.52%           x.9.6 U  11787  11785     40
  12064  6347      304.6404    48      305.5015      303.9423   300163    0.51%          x.6.39 D  12064  12063     17
  12369  6484      305.3440    44      305.5015      303.9558   306454    0.51%         x.37.30 N  12369  12368     21
Elapsed time = 27.84 sec. (41548.55 ticks, tree = 115.90 MB, solutions = 15)
  12629  6574      305.1474    52      305.5015      303.9720   312708    0.50%         x.27.23 N  12629  12628     23
  12894  6653      304.9834    49      305.5015      303.9880   319092    0.50%          x.3.30 N  12894  12893     15
  13190  6750      305.4532    16      305.5015      304.0021   325361    0.49%         x.11.16 D  13190  13189     32
  13447  6799      304.5413    47      305.5015      304.0135   331371    0.49%         x.23.21 U  13447   5739     19
  13695  6857        cutoff            305.5015      304.0234   337586    0.48%         x.36.34 D  13695  13694     22
  13940  6901        cutoff            305.5015      304.0389   344264    0.48%          x.3.30 U  13940   5827     13
  14200  6968      305.4681    31      305.5015      304.0529   350344    0.47%           x.8.9 N  14200  14199     39
  14450  7030      305.2192    50      305.5015      304.0658   356311    0.47%         x.38.27 D  14450  14449     12
  14718  7122        cutoff            305.5015      304.0791   362346    0.47%         x.36.32 U  14718  14716     23
  14996  7234      304.6488    57      305.5015      304.0906   367890    0.46%         x.22.38 N  14996  12730     21
Elapsed time = 33.97 sec. (51122.91 ticks, tree = 133.62 MB, solutions = 15)
  15260  7299      304.6669    34      305.5015      304.1051   373707    0.46%         x.37.15 N  15260  15259     28
  15549  7388      305.4342    41      305.5015      304.1168   379620    0.45%         x.16.29 N  15549  15547     18
  15809  7438      304.7555    47      305.5015      304.1291   385348    0.45%         x.19.11 U  15809  15808     14
  16076  7482      305.4168    28      305.5015      304.1431   391307    0.44%         x.39.10 N  16076  16075     34
  16332  7515      305.1127    47      305.5015      304.1570   397397    0.44%         x.32.38 D  16332  16331     19
  16600  7590      305.3281    45      305.5015      304.1705   403638    0.44%         x.27.23 N  16600  12125     18
  16880  7626      305.1120    43      305.5015      304.1843   409496    0.43%         x.32.38 D  16880  16879     18
  17154  7700      305.1324    48      305.5015      304.1940   415185    0.43%          x.29.7 D  17154  17153     25
  17416  7755      304.8016    64      305.5015      304.2055   420956    0.42%         x.22.38 U  17416  17415      7
  17672  7836        cutoff            305.5015      304.2134   426641    0.42%          x.2.22 U  17672  17670     25
Elapsed time = 40.01 sec. (60691.22 ticks, tree = 148.96 MB, solutions = 15)
  17924  7890      304.7714    38      305.5015      304.2223   432405    0.42%          x.0.21 N  17924  17923     27
  18207  7972      304.9689    55      305.5015      304.2337   438078    0.42%         x.37.30 D  18207  18206     12
  18493  8013      304.6499    45      305.5015      304.2452   443837    0.41%         x.27.25 D  18493  18492     17
  18742  8083      305.3937    39      305.5015      304.2541   449645    0.41%         x.27.23 N  18742  18741     20
  18983  8121      304.8079    55      305.5015      304.2637   454897    0.41%         x.27.25 U  18983    642     10
  19248  8192      305.4241    49      305.5015      304.2713   460553    0.40%         x.27.23 N  19248  19246     26
  19502  8203      304.8823    51      305.5015      304.2830   466205    0.40%          x.3.30 D  19502  19501     16
  19755  8223      305.2018    33      305.5015      304.2921   471768    0.40%         x.17.22 N  19755  19754     30
  19983  8260      304.6548    50      305.5015      304.3046   477490    0.39%          x.8.30 D  19983  19982     25
  20243  8319      304.8698    39      305.5015      304.3130   482949    0.39%         x.36.34 N  20243  20242     28
Elapsed time = 45.93 sec. (70254.23 ticks, tree = 162.10 MB, solutions = 15)
  20525  8394      305.1433    39      305.5015      304.3254   488823    0.38%         x.18.13 D  20525  20524     29
  20780  8451      304.6848    48      305.5015      304.3355   494561    0.38%         x.27.23 N  20780   4989     23
  21020  8505      305.4721    40      305.5015      304.3452   500473    0.38%          x.0.24 N  21020  21019     21
  21291  8549      305.3864    44      305.5015      304.3536   506066    0.38%         x.29.27 D  21291  21290     27
  21550  8575      304.8051    48      305.5015      304.3686   511829    0.37%          x.36.4 D  21550  21549     19
  21802  8599      304.7126    46      305.5015      304.3790   517271    0.37%          x.30.8 N  21802  21801     23
  22040  8631      305.4112    56      305.5015      304.3887   522726    0.36%         x.22.38 N  22040  22039     19
  22285  8641      305.3072    41      305.5015      304.3992   528318    0.36%         x.19.11 N  22285  22284     27
  22519  8672      304.7117    50      305.5015      304.4084   533699    0.36%         x.22.38 N  22519   6160     18
  22796  8700        cutoff            305.5015      304.4209   538844    0.35%         x.28.10 U  22796   3099     18
Elapsed time = 51.87 sec. (79838.09 ticks, tree = 173.11 MB, solutions = 15)
  23032  8701      305.1102    56      305.5015      304.4330   544568    0.35%          x.8.30 N  23032   4562     13
  23292  8715      305.0223    42      305.5015      304.4430   550068    0.35%          x.8.13 N  23292  23291     26
  23545  8717        cutoff            305.5015      304.4524   555390    0.34%         x.27.16 U  23545  20351     18
  23787  8732      305.2543    49      305.5015      304.4614   560714    0.34%         x.27.23 N  23787  23785     25
  24033  8726      305.0295    40      305.5015      304.4708   565815    0.34%          x.31.6 N  24033  24032     20
  24268  8744      304.7447    46      305.5015      304.4800   570993    0.33%         x.36.34 N  24268  24267     23
  24510  8749      305.3695    48      305.5015      304.4909   576217    0.33%         x.27.25 N  24510  24509     15
  24755  8769        cutoff            305.5015      304.4974   581600    0.33%          x.31.6 U  24755  24754     24
  24995  8763      304.8835    47      305.5015      304.5038   586899    0.33%          x.3.30 N  24995  24994     24
  25951  8848      304.6604    42      305.5015      304.5337   608181    0.32%          x.8.30 N  25951  12435     23
Elapsed time = 59.35 sec. (92263.47 ticks, tree = 179.86 MB, solutions = 15)
  26901  8912      305.3196    30      305.5015      304.5619   628772    0.31%         x.36.32 N  26901  26900     32
  27840  8911      305.1650    54      305.5015      304.5936   648986    0.30%         x.35.13 N  27840  27839     23
  28800  8864      305.3515    52      305.5015      304.6265   668684    0.29%         x.39.30 N  28800  13152     13
  29743  8741      305.2534    54      305.5015      304.6589   689229    0.28%          x.3.30 N  29743   7719     19
  30697  8668      304.7349    50      305.5015      304.6891   709496    0.27%          x.8.30 N  30697  10003     27
  31653  8534      305.4470    43      305.5015      304.7260   729277    0.25%         x.19.11 N  31653  31652     18
  32589  8364      304.7997    41      305.5015      304.7617   748665    0.24%          x.37.6 N  32589  23267     18
  33559  8182      305.1216    42      305.5015      304.7946   767502    0.23%          x.31.6 N  33559  18130     25
  34538  7966      305.3578    50      305.5015      304.8312   786989    0.22%          x.0.21 N  34538  34537     26
  35527  7696        cutoff            305.5015      304.8640   805541    0.21%         x.27.25 D  35527  28775     22
Elapsed time = 82.42 sec. (130477.67 ticks, tree = 164.67 MB, solutions = 15)
  36542  7398        cutoff            305.5015      304.9003   823701    0.20%          x.0.24 U  36542  14626     26
  37540  7075        cutoff            305.5015      304.9363   841646    0.19%         x.32.38 U  37540  34026     23
  38640  6644      305.0893    40      305.5015      304.9761   860541    0.17%         x.22.38 N  38640  16803     23
  39748  6234      305.0795    51      305.5015      305.0148   878946    0.16%         x.22.38 N  39748  16810     22
  40896  5717        cutoff            305.5015      305.0566   896569    0.15%          x.3.30 U  40896   9527     19
  42023  5179        cutoff            305.5015      305.1019   913579    0.13%          x.23.3 U  42023   6102     23
  43212  4491        cutoff            305.5015      305.1508   929744    0.11%         x.19.11 D  43212  18730     16
  44425  3666      305.3977    58      305.5015      305.2102   943510    0.10%         x.36.34 N  44425  36196     18
  45727  2684      305.3927    51      305.5015      305.2786   954899    0.07%         x.29.27 N  45727   1783     19
  47077  1552      305.4954    52      305.5015      305.3537   964400    0.05%         x.19.11 N  47077  47076     17
Elapsed time = 106.70 sec. (168648.47 ticks, tree = 34.80 MB, solutions = 15)
  48547   173        cutoff            305.5015      305.4789   970073    0.01%         x.12.38 U  48547  39207     22

Gomory fractional cuts applied:  22
User cuts applied:  3122

Root node processing (before b&c):
  Real time             =    0.29 sec. (86.55 ticks)
Sequential b&c:
  Real time             =  109.13 sec. (172961.54 ticks)
                          ------------
Total (root+branch&cut) =  109.41 sec. (173048.09 ticks)

Solution status: 101
Objective value:  3.0550154542e+02
Solution status is CPX_STAT_OPTIMAL
Node: 48723
