proble size: m = 5 , n = 5 , seed = 1 
Benders' cuts separated to cut off: Integer and fractional infeasible solutions.
seed = 1
Version identifier: 20.1.0.0 | 2020-11-10 | 9bedb6d68
CPXPARAM_Threads                                 1
CPXPARAM_RandomSeed                              1
CPXPARAM_MIP_Strategy_CallbackReducedLP          0
CPXPARAM_MIP_Strategy_Search                     1
CPXPARAM_TimeLimit                               3600
CPXPARAM_MIP_Tolerances_AbsMIPGap                0
CPXPARAM_MIP_Tolerances_MIPGap                   0
Legacy callback                                  LU
Tried aggregator 1 time.
Reduced MIP has 40 rows, 1640 columns, and 1600 nonzeros.
Reduced MIP has 1600 binaries, 0 generals, 0 SOSs, and 0 indicators.
Presolve time = 0.04 sec. (0.63 ticks)
Probing time = 0.01 sec. (2.48 ticks)
Clique table members: 40.
MIP emphasis: balance optimality and feasibility.
MIP search method: traditional branch-and-cut.
Parallel mode: none, using 1 thread.
Root relaxation solution time = 0.03 sec. (0.34 ticks)

        Nodes                                         Cuts/
   Node  Left     Objective  IInf  Best Integer    Best Bound    ItCnt     Gap         Variable B NodeID Parent  Depth

      0     0        0.0000    26                      0.0000        0         
*     0+    0                         1018.9473        0.0000           100.00%
*     0+    0                          872.3544        0.0000           100.00%
      0     0      182.8557    47      872.3544     Fract: 23       91   79.04%
*     0+    0                          694.6517      182.8557            73.68%
      0     0      243.2340    62      694.6517     Fract: 19      182   64.98%
*     0+    0                          469.3512      243.2340            48.18%
      0     0      288.8921    62      469.3512 UserPurge2: 16      213   38.45%
*     0+    0                          423.9234      288.8921            31.85%
      0     0      291.6357    63      423.9234      Fract: 1      219   31.21%
*     0+    0                          383.5643      291.6357            23.97%
      0     0      293.1427    62      383.5643 UserPurge2: 4      225   23.57%
      0     0      293.1551    64      383.5643 UserPurge2: 1      229   23.57%
*     0+    0                          338.7285      293.1551            13.45%
*     0+    0                          306.8182      293.1551             4.45%
      0     2      293.4161    65      306.8182      293.7153      229    4.27%                        0             0
Elapsed time = 0.25 sec. (94.60 ticks, tree = 0.01 MB, solutions = 8)
     33    22      305.3106    53      306.8182      301.0694     2131    1.87%         x.21.13 N     33     32     26
     70    53      304.3680    53      306.8182      301.2418     3596    1.82%         x.27.16 N     70     68     29
*    90+   54                          305.9540      301.2418             1.54%
    101    67      304.1482    61      305.9540      301.3257     4745    1.51%          x.7.13 N    101    100     14
*   120+   79                          305.9202      301.3257             1.50%
*   120+   79                          305.9201      301.3257             1.50%
    147   103      305.3779    47      305.9201      301.3541     6122    1.49%          x.37.8 D    147    146     31
    197   145      305.1565    56      305.9201      301.3944     8160    1.48%         x.12.14 N    197    194     16
    247   183      302.6596    60      305.9201      301.4791     9613    1.45%         x.17.14 D    247    246     16
    303   228      305.1765    36      305.9201      301.5375    11101    1.43%         x.36.34 N    303    302     25
    359   271      304.0232    52      305.9201      301.5698    12832    1.42%         x.23.35 D    359    358     22
    432   325      305.4627    56      305.9201      301.6222    14893    1.40%          x.38.4 N    432    430     15
    708   532      303.2251    54      305.9201      301.8603    22591    1.33%         x.11.14 D    708    707     15
Elapsed time = 2.51 sec. (3225.99 ticks, tree = 5.66 MB, solutions = 11)
    995   722      302.8054    57      305.9201      302.1797    31431    1.22%          x.0.21 U    995    557     20
   1289   934      304.1268    52      305.9201      302.3697    40268    1.16%         x.19.14 D   1289   1288     11
*  1400+  915                          305.5445      302.4125             1.03%
   1520   985      304.0558    55      305.5445      302.4825    47566    1.00%          x.8.13 N   1520   1519     22
   1757  1096      304.2254    60      305.5445      302.6875    54829    0.94%         x.26.13 U   1757    767      4
   2032  1272      304.5053    51      305.5445      302.7791    62939    0.91%          x.39.9 N   2032   2030     19
   2306  1369      305.0765    53      305.5445      302.8905    70532    0.87%         x.12.14 N   2306   2305     10
   2603  1461      303.7922    51      305.5445      303.0437    78491    0.82%         x.13.14 D   2603   2602     14
   2871  1518      303.6719    53      305.5445      303.1616    86280    0.78%         x.19.11 D   2871   2870     30
   3141  1655      305.1157    41      305.5445      303.2345    94686    0.76%          x.23.7 N   3141   3139     20
   3473  1825      304.7748    58      305.5445      303.3227   102769    0.73%          x.0.21 D   3473   3472     26
Elapsed time = 8.97 sec. (12793.22 ticks, tree = 25.61 MB, solutions = 12)
   3742  1896      303.8548    57      305.5445      303.4367   111465    0.69%          x.8.13 N   3742   3741     22
*  3940  1996      integral     0      305.5445      303.4641   116368    0.68%
   4042  2010        cutoff            305.5445      303.5053   119142    0.67%         x.27.23 D   4042   4040     25
   4360  2131      304.9309    51      305.5445      303.5583   127082    0.65%         x.39.10 U   4360    979     30
   4700  2276      304.4352    53      305.5445      303.6404   135849    0.62%          x.13.5 D   4700   4699     21
   5088  2494      304.4732    44      305.5445      303.6899   143453    0.61%          x.8.13 D   5088   5087     38
   5464  2643      305.1559    44      305.5445      303.7534   151832    0.59%         x.16.29 N   5464   5463     27
   5833  2798      305.4672    48      305.5445      303.8133   159328    0.57%         x.23.21 N   5833   5831     16
   6205  2927        cutoff            305.5445      303.8576   166734    0.55%          x.6.23 D   6205   6204     29
   6553  3059      305.3669    43      305.5445      303.9050   174009    0.54%         x.36.34 N   6553   6552     30
   6886  3169      305.5307    30      305.5445      303.9558   181432    0.52%          x.39.9 N   6886   6884     44
Elapsed time = 15.16 sec. (22358.79 ticks, tree = 50.05 MB, solutions = 13)
   7253  3342        cutoff            305.5445      303.9895   188541    0.51%         x.33.13 U   7253   7252     34
   7631  3533      304.3495    48      305.5445      304.0130   195380    0.50%         x.24.39 N   7631   3217     26
   7974  3675      304.3364    49      305.5445      304.0458   202740    0.49%         x.39.14 N   7974   7973     15
   8328  3815        cutoff            305.5445      304.0737   209180    0.48%          x.12.7 U   8328   8326     42
   8670  3960        cutoff            305.5445      304.0999   216227    0.47%          x.23.7 U   8670   8668     31
   9014  4087      305.5424    36      305.5445      304.1206   223416    0.47%          x.39.9 N   9014   9013     23
   9391  4222      304.4280    51      305.5445      304.1507   230005    0.46%          x.30.0 N   9391   9390     32
   9732  4338      305.0944    37      305.5445      304.1737   236623    0.45%         x.39.10 D   9732   9731     27
  10116  4486        cutoff            305.5445      304.1994   243095    0.44%         x.28.10 U  10116   8284     24
  10500  4625      305.2951    30      305.5445      304.2220   249682    0.43%         x.30.26 D  10500  10499     36
Elapsed time = 21.03 sec. (31910.39 ticks, tree = 78.65 MB, solutions = 13)
  10849  4748      305.4177    61      305.5445      304.2402   256255    0.43%          x.30.0 N  10849  10847      6
  11212  4834      304.2727    51      305.5445      304.2724   262596    0.42%         x.19.11 N  11212   5869     22
  11573  4959        cutoff            305.5445      304.2908   269145    0.41%         x.24.30 D  11573  11572     40
  11944  5064      305.0487    42      305.5445      304.3133   275837    0.40%         x.36.34 N  11944   6482     29
  12299  5208      305.2656    33      305.5445      304.3270   282449    0.40%          x.29.7 N  12299  12297     34
  12663  5320      304.6971    60      305.5445      304.3464   288884    0.39%         x.30.26 N  12663  12661     22
  13009  5415      305.2620    42      305.5445      304.3631   295865    0.39%         x.18.15 N  13009  13008     34
  13364  5476      304.8026    39      305.5445      304.3812   302502    0.38%         x.30.26 N  13364  13363     31
  13705  5564      304.8535    42      305.5445      304.3972   308878    0.38%         x.39.30 D  13705  13704     41
  14043  5642      305.0379    43      305.5445      304.4156   315565    0.37%         x.28.19 D  14043  14042     34
Elapsed time = 26.79 sec. (41466.32 ticks, tree = 100.39 MB, solutions = 13)
  14370  5696        cutoff            305.5445      304.4347   321884    0.36%         x.18.13 U  14370    534     28
  14679  5743      304.6866    37      305.5445      304.4521   328102    0.36%          x.30.0 N  14679  14678     35
  14990  5833      304.7044    48      305.5445      304.4645   334266    0.35%         x.36.15 N  14990  14989     29
  15321  5902    infeasible            305.5445      304.4828   340809    0.35%         x.39.14 U  15321   1762     10
  15665  5959      304.8339    51      305.5445      304.5025   347462    0.34%         x.19.11 N  15665   7653     15
  15995  5996      305.0144    50      305.5445      304.5201   353594    0.34%         x.16.29 N  15995   8970     35
  16318  6044      305.4550    44      305.5445      304.5357   359735    0.33%         x.36.34 D  16318  16317     32
  16643  6083      305.3308    45      305.5445      304.5482   366037    0.33%         x.28.10 N  16643   9867     37
  16982  6165      305.5425    43      305.5445      304.5598   372135    0.32%         x.27.16 N  16982    363     26
  17290  6235      305.2093    50      305.5445      304.5746   378364    0.32%         x.28.10 U  17290  17288     36
Elapsed time = 32.48 sec. (51035.09 ticks, tree = 114.34 MB, solutions = 13)
  17605  6290        cutoff            305.5445      304.5864   384615    0.31%          x.39.9 U  17605  17604     42
  17944  6326      305.0589    42      305.5445      304.6007   390609    0.31%          x.5.25 N  17944  17942     26
  18238  6362      304.8809    55      305.5445      304.6114   396422    0.31%          x.6.23 N  18238   6356     32
  18549  6382      305.0266    50      305.5445      304.6270   402277    0.30%          x.30.0 N  18549  18548     26
  18833  6397        cutoff            305.5445      304.6407   408321    0.30%         x.35.13 U  18833  18831     47
  19150  6449      305.0649    50      305.5445      304.6525   414357    0.29%          x.5.25 N  19150  19149     18
  19470  6503      305.5147    28      305.5445      304.6635   420532    0.29%         x.12.29 N  19470  19469     36
  19784  6556      305.1131    42      305.5445      304.6722   426661    0.29%         x.28.19 D  19784  19783     26
  20070  6548      304.9991    40      305.5445      304.6822   432371    0.28%         x.36.34 N  20070   4978     34
  20383  6592      305.0802    33      305.5445      304.6914   438379    0.28%          x.12.7 N  20383   8150     34
Elapsed time = 38.12 sec. (60592.69 ticks, tree = 123.96 MB, solutions = 13)
  20670  6644      305.1621    43      305.5445      304.6989   444290    0.28%         x.30.12 D  20670  20669     28
  20939  6667      305.2313    37      305.5445      304.7097   450282    0.27%         x.12.29 N  20939  17560     28
  21221  6706      304.8373    38      305.5445      304.7170   455889    0.27%         x.19.11 D  21221  21220     26
  21510  6744      305.1888    48      305.5445      304.7255   461750    0.27%         x.36.34 N  21510  21509     32
  21834  6762      305.1704    39      305.5445      304.7410   467084    0.26%          x.8.30 D  21834  21833     37
  22121  6768        cutoff            305.5445      304.7515   472452    0.26%          x.36.7 U  22121   8518     37
  22406  6768      304.8351    51      305.5445      304.7640   478017    0.26%          x.39.9 N  22406   2778     40
  22710  6778        cutoff            305.5445      304.7727   483710    0.25%          x.6.39 U  22710   4705     27
  22992  6766        cutoff            305.5445      304.7822   489552    0.25%         x.28.10 U  22992  12473     25
  23282  6807      304.8693    46      305.5445      304.7920   495035    0.25%          x.6.39 N  23282  14113     27
Elapsed time = 43.69 sec. (70142.11 ticks, tree = 130.96 MB, solutions = 13)
  23571  6815      305.3736    42      305.5445      304.8025   500708    0.24%          x.6.23 N  23571  23570     31
  23859  6803      305.0623    49      305.5445      304.8149   505901    0.24%         x.30.26 N  23859  12026     25
  24160  6781      305.2908    37      305.5445      304.8270   511388    0.23%         x.28.10 N  24160  24159     28
  24458  6765      305.3588    41      305.5445      304.8367   517038    0.23%         x.27.13 N  24458  24457     41
  24750  6768      305.3728    45      305.5445      304.8449   522502    0.23%         x.24.30 N  24750  12574     43
  25051  6763        cutoff            305.5445      304.8530   527509    0.23%          x.13.5 D  25051  25050     49
  25333  6765      305.1994    38      305.5445      304.8613   533486    0.22%         x.39.30 N  25333  25332     24
  25627  6719      305.3732    39      305.5445      304.8731   538660    0.22%          x.4.13 N  25627  25626     31
  25904  6716      305.3435    44      305.5445      304.8821   543707    0.22%         x.36.34 N  25904  25903     30
  26208  6693      305.3211    32      305.5445      304.8922   549032    0.21%         x.26.35 N  26208   4226     41
Elapsed time = 49.19 sec. (79717.46 ticks, tree = 131.30 MB, solutions = 13)
  26498  6661      305.3738    31      305.5445      304.9018   554327    0.21%         x.28.11 N  26498  26497     27
  26779  6619      305.1758    41      305.5445      304.9104   559450    0.21%         x.22.15 N  26779  26778     30
  27054  6561      305.5354    35      305.5445      304.9225   564941    0.20%          x.6.23 N  27054  27053     21
  27353  6498        cutoff            305.5445      304.9329   570402    0.20%         x.36.32 U  27353  15449     35
  27650  6455      305.4465    27      305.5445      304.9438   575621    0.20%         x.24.39 N  27650  27649     44
  27924  6401        cutoff            305.5445      304.9535   580906    0.19%         x.18.13 U  27924  27922     36
  28219  6343      305.2233    38      305.5445      304.9654   585990    0.19%          x.8.30 N  28219  28218     25
  28498  6252        cutoff            305.5445      304.9781   591167    0.19%         x.22.15 U  28498  11747     38
  28792  6189        cutoff            305.5445      304.9880   596435    0.18%         x.24.30 U  28792  16305     39
  29960  5913      305.1732    50      305.5445      305.0322   616669    0.17%          x.5.25 N  29960   6766     33
Elapsed time = 56.35 sec. (92143.07 ticks, tree = 118.48 MB, solutions = 13)
  31143  5602        cutoff            305.5445      305.0727   635905    0.15%         x.30.26 D  31143  20118     14
  32333  5154        cutoff            305.5445      305.1179   654522    0.14%          x.6.39 U  32333  13841     32
* 33630  4282      integral     0      305.5015      305.1698   673685    0.11%
  33631  4280        cutoff            305.5015      305.1698   673708    0.11%         x.39.30 U  33631  17050     48
  35038  3389        cutoff            305.5015      305.2369   689788    0.09%         x.24.39 U  35038  35036     38
  36486  2297        cutoff            305.5015      305.3165   702880    0.06%          x.6.39 U  36486  28652     27
  38023   918        cutoff            305.5015      305.4182   711075    0.03%         x.22.15 U  38023  31803     32

Gomory fractional cuts applied:  21
User cuts applied:  2861

Root node processing (before b&c):
  Real time             =    0.25 sec. (95.12 ticks)
Sequential b&c:
  Real time             =   71.17 sec. (117310.62 ticks)
                          ------------
Total (root+branch&cut) =   71.42 sec. (117405.74 ticks)

Solution status: 101
Objective value:  3.0550152008e+02
Solution status is CPX_STAT_OPTIMAL
Node: 38967
