proble size: m = 5 , n = 5 , seed = 4 
Benders' cuts separated to cut off: Integer and fractional infeasible solutions.
seed = 4
Version identifier: 20.1.0.0 | 2020-11-10 | 9bedb6d68
CPXPARAM_Threads                                 1
CPXPARAM_RandomSeed                              4
CPXPARAM_MIP_Strategy_CallbackReducedLP          0
CPXPARAM_MIP_Strategy_Search                     1
CPXPARAM_TimeLimit                               3600
CPXPARAM_MIP_Tolerances_AbsMIPGap                0
CPXPARAM_MIP_Tolerances_MIPGap                   0
Legacy callback                                  LU
Tried aggregator 1 time.
Reduced MIP has 40 rows, 1640 columns, and 1600 nonzeros.
Reduced MIP has 1600 binaries, 0 generals, 0 SOSs, and 0 indicators.
Presolve time = 0.05 sec. (0.63 ticks)
Probing time = 0.01 sec. (2.48 ticks)
Clique table members: 40.
MIP emphasis: balance optimality and feasibility.
MIP search method: traditional branch-and-cut.
Parallel mode: none, using 1 thread.
Root relaxation solution time = 0.04 sec. (0.34 ticks)

        Nodes                                         Cuts/
   Node  Left     Objective  IInf  Best Integer    Best Bound    ItCnt     Gap         Variable B NodeID Parent  Depth

      0     0        0.0000    26                      0.0000        0         
*     0+    0                         1018.9473        0.0000           100.00%
*     0+    0                          872.3544        0.0000           100.00%
      0     0      182.8557    51      872.3544     Fract: 23       94   79.04%
*     0+    0                          711.0288      182.8557            74.28%
      0     0      225.1311    63      711.0288     Fract: 15      159   68.34%
*     0+    0                          557.8464      225.1311            59.64%
      0     0      277.9084    59      557.8464 UserPurge2: 18      197   50.18%
*     0+    0                          425.4621      277.9084            34.68%
      0     0      292.4303    58      425.4621 UserPurge2: 7      208   31.27%
*     0+    0                          374.2056      292.4303            21.85%
      0     0      292.8675    58      374.2056 UserPurge2: 1      210   21.74%
*     0+    0                          353.6408      292.8675            17.19%
      0     0      292.8941    58      353.6408 UserPurge2: 1      213   17.18%
*     0+    0                          352.7169      292.8941            16.96%
*     0+    0                          307.8810      292.8941             4.87%
      0     2      292.9299    59      307.8810      292.9661      213    4.84%                        0             0
Elapsed time = 0.31 sec. (73.62 ticks, tree = 0.01 MB, solutions = 9)
     25    27      305.0803    59      307.8810      299.1611     2085    2.83%          x.0.37 N     25     24     21
*    50+   34                          305.9202      299.6012             2.07%
*    50+   34                          305.9202      299.6012             2.07%
     61    46      303.1632    55      305.9202      299.6012     3684    2.07%         x.26.35 D     61     59     15
     93    70      303.6459    49      305.9202      299.8916     4932    1.97%          x.37.6 N     93     92     26
    143   101      300.6189    61      305.9202      300.3819     6356    1.81%          x.7.13 N    143      2      2
    207   153        cutoff            305.9202      300.5683     8259    1.75%         x.36.34 U    207    205     22
    268   202      302.1780    55      305.9202      300.8201    10180    1.67%         x.26.13 N    268    143      3
    308   232      301.6629    64      305.9202      300.9391    11606    1.63%         x.24.13 N    308    307      5
    360   276      305.3745    59      305.9202      301.1423    13411    1.56%         x.21.13 N    360    359     22
    440   337      303.1036    52      305.9202      301.2605    15670    1.52%         x.38.27 D    440    439     14
*   510+  380                          305.6424      301.3748             1.40%
    670   503      302.3592    61      305.6424      301.6740    22610    1.30%          x.8.27 D    670    669     12
Elapsed time = 2.62 sec. (3254.41 ticks, tree = 5.84 MB, solutions = 12)
    920   692      302.7257    55      305.6424      301.9021    30183    1.22%          x.9.18 U    920    919     12
   1186   880      304.5360    46      305.6424      302.2735    38760    1.10%         x.19.11 U   1186   1185     22
   1455  1052      304.5465    60      305.6424      302.3650    46758    1.07%         x.36.15 N   1455   1454     10
   1715  1231      304.2502    56      305.6424      302.4956    54177    1.03%         x.21.13 N   1715   1714     16
   2000  1440      304.6611    36      305.6424      302.5989    61660    1.00%         x.36.33 D   2000   1999     20
   2300  1637      305.1815    23      305.6424      302.6904    69859    0.97%         x.10.15 D   2300   2299     36
   2600  1848      305.4873    37      305.6424      302.7431    77497    0.95%         x.18.15 U   2600   2599     43
   2897  2048      304.8234    52      305.6424      302.7953    84788    0.93%         x.23.27 N   2897    830     15
   3200  2255      304.9083    40      305.6424      302.8345    91801    0.92%         x.36.36 D   3200   3199     51
   3508  2478      305.3792    33      305.6424      302.8564    98804    0.91%         x.18.15 N   3508   3507     47
Elapsed time = 9.05 sec. (12856.34 ticks, tree = 38.13 MB, solutions = 12)
   3841  2695      304.5237    47      305.6424      302.8960   105778    0.90%         x.11.10 D   3841   3840     17
*  4080+ 2806                          305.5461      302.9251             0.86%
   4128  2844      304.2607    48      305.5461      302.9276   112263    0.86%         x.36.15 D   4128   4127     28
   4408  3020        cutoff            305.5461      302.9659   118157    0.84%         x.22.38 U   4408   4407     10
   4720  3244      303.5829    51      305.5461      302.9887   124497    0.84%          x.36.7 D   4720   4719     24
   5021  3440      304.4504    40      305.5461      303.0121   131567    0.83%         x.17.22 D   5021   5020     38
   5336  3660      304.2871    51      305.5461      303.0349   138889    0.82%         x.27.13 D   5336   5335     31
   5663  3869      304.1518    51      305.5461      303.0531   145741    0.82%         x.32.38 D   5663   5662     28
*  5780+ 3931                          305.5446      303.0603             0.81%
*  5800+ 3949                          305.5446      303.0603             0.81%
   5920  4014      303.3602    51      305.5446      303.0672   150965    0.81%          x.5.20 D   5920   5919     19
   6190  4183      305.4065    34      305.5446      303.0781   156024    0.81%         x.19.11 D   6190   6189     20
   6460  4352      304.1339    47      305.5446      303.0976   161352    0.80%         x.13.38 D   6460   6459     21
Elapsed time = 15.10 sec. (22411.41 ticks, tree = 74.59 MB, solutions = 15)
   6775  4520      305.3068    26      305.5446      303.1147   167879    0.80%          x.8.12 N   6775   6774     29
   7067  4690      303.6185    52      305.5446      303.1325   174043    0.79%         x.23.21 U   7067   5031     25
   7380  4902      305.5317    43      305.5446      303.1491   180014    0.78%         x.28.32 U   7380   7379     30
   7712  5099      304.6376    44      305.5446      303.1675   186453    0.78%         x.24.13 N   7712   7710     18
   8015  5289        cutoff            305.5446      303.1818   192443    0.77%          x.14.1 D   8015   8013     31
   8321  5438      303.9225    48      305.5446      303.2016   198735    0.77%         x.39.10 D   8321   8319     35
   8616  5603      304.0920    47      305.5446      303.2165   204941    0.76%         x.36.15 N   8616   8614     32
   8924  5786      304.4387    47      305.5446      303.2289   210895    0.76%          x.30.0 D   8924   8923     27
   9255  5989      304.4415    47      305.5446      303.2436   216887    0.75%          x.0.24 N   9255   9254     37
   9524  6150      305.3012    45      305.5446      303.2561   223070    0.75%          x.5.25 U   9524   9523     30
Elapsed time = 21.06 sec. (31981.45 ticks, tree = 111.76 MB, solutions = 15)
   9807  6325        cutoff            305.5446      303.2623   228923    0.75%          x.0.31 U   9807   9805     22
  10104  6496      303.4663    55      305.5446      303.2788   234936    0.74%          x.5.25 U  10104  10103     13
  10418  6698      303.2971    53      305.5446      303.2935   240735    0.74%          x.5.13 D  10418    189     11
  10710  6868      305.3090    30      305.5446      303.3118   247114    0.73%          x.8.12 N  10710  10709     35
  11025  7030        cutoff            305.5446      303.3313   253102    0.72%         x.39.30 D  11025  11024     88
  11310  7205      304.5832    32      305.5446      303.3409   259082    0.72%         x.27.16 N  11310  11309     41
  11599  7346      305.5082    50      305.5446      303.3580   265285    0.72%         x.23.21 N  11599  11597     12
  11877  7518      303.8251    52      305.5446      303.3708   270936    0.71%          x.28.2 D  11877  11876     33
  12153  7650      303.7743    47      305.5446      303.3835   277238    0.71%          x.0.38 D  12153  12152     21
  12433  7811      305.1899    44      305.5446      303.3935   283093    0.70%         x.27.13 N  12433  12432     44
Elapsed time = 26.98 sec. (41539.58 ticks, tree = 148.17 MB, solutions = 15)
  12705  7947      304.6181    47      305.5446      303.4008   288966    0.70%          x.30.0 N  12705  12704     13
  12966  8086      305.4083    35      305.5446      303.4155   295158    0.70%         x.27.23 U  12966  12965     25
  13256  8242      304.1445    57      305.5446      303.4289   301186    0.69%          x.0.37 N  13256  13255     14
  13530  8374      304.1981    37      305.5446      303.4398   307256    0.69%          x.5.25 U  13530  13529     20
  13790  8501      304.7543    45      305.5446      303.4537   313653    0.68%         x.19.11 N  13790  13788     51
  14050  8633      305.0606    23      305.5446      303.4628   319732    0.68%         x.11.16 D  14050  14049     43
  14326  8793      305.2306    32      305.5446      303.4777   326121    0.68%         x.38.27 N  14326  14325     32
  14619  8952      303.7796    49      305.5446      303.4861   332320    0.67%          x.36.4 D  14619  14618     21
  14891  9103      304.1418    47      305.5446      303.4952   338146    0.67%          x.0.31 D  14891  14890     40
  15177  9254      304.0964    50      305.5446      303.5041   344653    0.67%         x.22.38 N  15177   3022     14
Elapsed time = 32.88 sec. (51103.81 ticks, tree = 182.07 MB, solutions = 15)
  15424  9392      305.2435    44      305.5446      303.5121   350731    0.67%         x.19.11 N  15424  15423     36
  15695  9522      305.2863    36      305.5446      303.5208   356771    0.66%         x.27.16 D  15695  15694     60
  15990  9643      304.1011    40      305.5446      303.5319   362797    0.66%          x.6.39 D  15990  15989     43
  16265  9780      305.4390    44      305.5446      303.5419   368965    0.66%         x.21.13 D  16265  16264     25
  16557  9942      304.5198    27      305.5446      303.5492   374427    0.65%         x.23.35 D  16557  16555     39
  16826 10035      304.8477    48      305.5446      303.5621   380936    0.65%         x.39.10 N  16826   3381     17
  17102 10144      303.9329    54      305.5446      303.5734   386647    0.65%          x.0.20 N  17102   1025      8
  17391 10274      304.4701    47      305.5446      303.5828   392685    0.64%         x.23.21 N  17391  17390     32
  17670 10437      304.9296    56      305.5446      303.5927   398974    0.64%         x.32.38 N  17670   3872      8
  17964 10585      304.9327    38      305.5446      303.6020   405093    0.64%         x.33.13 N  17964  17962     38
Elapsed time = 38.78 sec. (60671.93 ticks, tree = 214.06 MB, solutions = 15)
  18240 10706      303.9387    37      305.5446      303.6107   410977    0.63%         x.19.11 N  18240   5009     27
  18507 10842        cutoff            305.5446      303.6182   416802    0.63%         x.11.16 D  18507  18506     34
  18794 10953        cutoff            305.5446      303.6267   422949    0.63%         x.21.13 U  18794  18791     30
  19055 11084      303.9247    41      305.5446      303.6387   429179    0.62%          x.30.0 U  19055  19054     20
  19352 11224      305.1238    42      305.5446      303.6528   435411    0.62%         x.19.20 D  19352  19351     26
  19664 11364      304.3732    53      305.5446      303.6658   441731    0.61%          x.0.37 D  19664  19663     39
  19985 11534      304.6319    41      305.5446      303.6716   448511    0.61%          x.4.13 D  19985  19984     43
  20300 11709      303.7821    53      305.5446      303.6786   454965    0.61%          x.30.8 D  20300  20299     43
  20559 11831      304.9877    53      305.5446      303.6862   460937    0.61%          x.4.13 N  20559  20558     54
  20847 11946      305.3687    42      305.5446      303.6951   467530    0.61%         x.21.13 N  20847  20846     26
Elapsed time = 44.73 sec. (70234.43 ticks, tree = 247.39 MB, solutions = 15)
  21165 12101      304.7203    36      305.5446      303.7015   473871    0.60%         x.39.10 N  21165  21164     29
  21463 12253      304.0110    52      305.5446      303.7066   480478    0.60%          x.5.25 N  21463   3186     38
  21779 12422        cutoff            305.5446      303.7150   486343    0.60%         x.27.13 U  21779  21777     50
  22066 12595      305.2472    45      305.5446      303.7216   492637    0.60%          x.6.20 D  22066  22065     39
  22350 12706      303.7504    43      305.5446      303.7298   498459    0.59%         x.22.15 N  22350  20226     31
  22618 12816      304.4162    48      305.5446      303.7379   504857    0.59%          x.36.4 U  22618  14618     21
  22900 12950      305.3216    44      305.5446      303.7457   511198    0.59%          x.5.25 U  22900  22899     13
  23194 13069      304.7559    46      305.5446      303.7567   517074    0.59%          x.0.20 N  23194  17262     15
  23457 13184      305.5006    48      305.5446      303.7621   522908    0.58%           x.6.4 N  23457  23456     11
  23692 13273      305.2605    39      305.5446      303.7691   528892    0.58%         x.39.10 N  23692  23691     26
Elapsed time = 50.70 sec. (79810.74 ticks, tree = 280.97 MB, solutions = 15)
  23981 13372        cutoff            305.5446      303.7764   534820    0.58%         x.28.11 U  23981  11901     28
  24266 13481      304.0665    36      305.5446      303.7833   540631    0.58%           x.6.5 D  24266  24265     43
  24539 13587        cutoff            305.5446      303.7902   546550    0.57%          x.0.24 U  24539   2446     17
  24828 13709      303.7999    44      305.5446      303.7972   552481    0.57%          x.5.10 N  24828   3865     23
  25125 13840        cutoff            305.5446      303.8044   558313    0.57%         x.19.11 U  25125  25123     23
  25416 13953      304.7032    48      305.5446      303.8107   564012    0.57%          x.30.0 N  25416  25415     26
  25675 14069      304.9676    24      305.5446      303.8165   569725    0.57%         x.29.39 N  25675  25674     31
  25962 14213      305.5129    59      305.5446      303.8217   575836    0.56%         x.11.27 N  25962   1027     10
  26230 14309      304.9017    52      305.5446      303.8282   581771    0.56%          x.0.24 N  26230  26229     11
  27332 14758      303.8815    54      305.5446      303.8564   605045    0.55%          x.16.7 N  27332    379     18
Elapsed time = 58.38 sec. (92227.43 ticks, tree = 319.86 MB, solutions = 15)
  28390 15183      305.1086    41      305.5446      303.8795   628753    0.54%          x.30.8 D  28390  28389     44
  29513 15684      304.3109    48      305.5446      303.8985   651501    0.54%         x.13.38 D  29513  29512     15
  30583 16094      305.0751    47      305.5446      303.9250   674503    0.53%         x.19.11 D  30583  30582     15
  31606 16471      305.4104    45      305.5446      303.9496   697542    0.52%          x.8.13 N  31606  31604     42
  32700 16880      304.6526    48      305.5446      303.9737   720065    0.51%          x.0.20 D  32700  32699     17
  33759 17280      304.5374    46      305.5446      303.9953   742238    0.51%          x.5.25 N  33759  33758     11
  34800 17652      305.0874    33      305.5446      304.0149   764094    0.50%         x.39.10 D  34800  34799     33
  35845 18070        cutoff            305.5446      304.0320   786193    0.50%         x.11.10 U  35845  18261     42
  36860 18426      304.2926    54      305.5446      304.0491   807250    0.49%          x.30.0 D  36860  36859     16
  37887 18784      304.6278    44      305.5446      304.0690   828331    0.48%         x.19.11 N  37887  37886     16
Elapsed time = 81.53 sec. (130420.12 ticks, tree = 431.07 MB, solutions = 15)
  38874 19119      304.4525    52      305.5446      304.0856   848850    0.48%          x.13.5 D  38874  38873     19
  39762 19430        cutoff            305.5446      304.0996   869263    0.47%         x.19.11 U  39762  39760     20
  40800 19739        cutoff            305.5446      304.1173   889986    0.47%         x.39.10 U  40800  20360     23
  41843 20063      304.1658    53      305.5446      304.1349   909401    0.46%          x.0.24 N  41843   4773     10
  42794 20381      305.0202    44      305.5446      304.1507   928964    0.46%         x.28.19 N  42794  37097     38
  43756 20719        cutoff            305.5446      304.1633   948838    0.45%         x.27.23 D  43756  43754     26
  44716 21022      304.9493    46      305.5446      304.1781   968747    0.45%         x.14.13 D  44716  44715     28
  45681 21335      305.1397    46      305.5446      304.1940   988420    0.44%         x.19.11 N  45681  45679     39
  46609 21596      304.7182    53      305.5446      304.2109  1007996    0.44%         x.27.23 U  46609   2247     25
  47522 21828      305.0985    49      305.5446      304.2267  1027127    0.43%         x.18.13 N  47522  47521     16
Elapsed time = 104.20 sec. (168597.56 ticks, tree = 521.72 MB, solutions = 15)
  48489 22099      305.4854    20      305.5446      304.2417  1046333    0.43%           x.4.7 N  48489  48488     53
  49362 22321      305.4585    36      305.5446      304.2559  1065411    0.42%         x.19.11 D  49362  49361     22
  50255 22530      304.8553    54      305.5446      304.2690  1084140    0.42%         x.28.28 N  50255  29987     33
  51173 22756      304.7566    42      305.5446      304.2827  1102662    0.41%         x.19.20 N  51173  51172     43
  52109 23061      305.3591    39      305.5446      304.2950  1121357    0.41%          x.13.5 N  52109  52107     29
  53034 23318      305.0097    47      305.5446      304.3064  1140736    0.41%          x.5.25 U  53034  53033     14
  53987 23523        cutoff            305.5446      304.3186  1160196    0.40%           x.6.4 U  53987  53985     15
  54870 23746      305.0396    31      305.5446      304.3294  1179054    0.40%         x.17.22 N  54870  54868     45
  55848 23948      305.2346    43      305.5446      304.3433  1197394    0.39%         x.19.20 N  55848  55847     34
  56763 24130      304.7403    51      305.5446      304.3547  1215716    0.39%          x.26.5 N  56763    321     15
Elapsed time = 126.79 sec. (206769.67 ticks, tree = 596.35 MB, solutions = 15)
  57660 24290      305.0114    48      305.5446      304.3678  1234236    0.39%         x.30.26 D  57660  57659     41
  58564 24449      305.3418    25      305.5446      304.3790  1252421    0.38%         x.16.29 N  58564  58563     38
  59464 24587      304.5054    55      305.5446      304.3913  1271041    0.38%         x.23.21 N  59464  29806     30
  60375 24742      305.4482    51      305.5446      304.4027  1289539    0.37%         x.12.38 N  60375  60374     18
  61267 24862      305.4261    33      305.5446      304.4156  1307786    0.37%         x.36.34 N  61267  61266     43
  62198 24985      305.5000    43      305.5446      304.4294  1325629    0.36%         x.30.26 N  62198  62197     34
  63040 25086        cutoff            305.5446      304.4413  1343961    0.36%          x.30.8 U  63040  39036     38
  63906 25163      304.4552    48      305.5446      304.4552  1361677    0.36%          x.30.0 N  63906  46470     20
  64812 25243      305.5384    36      305.5446      304.4678  1378563    0.35%         x.19.11 N  64812  64811     19
  65696 25400      305.0155    40      305.5446      304.4782  1395800    0.35%         x.19.11 N  65696  65694     34
Elapsed time = 149.29 sec. (244947.18 ticks, tree = 644.16 MB, solutions = 15)
  66562 25519      304.8082    44      305.5446      304.4900  1413813    0.35%          x.8.13 N  66562  66561     39
  67425 25669        cutoff            305.5446      304.5002  1430827    0.34%          x.6.27 U  67425  22456     30
  68289 25732      305.2791    42      305.5446      304.5126  1447949    0.34%         x.28.11 N  68289  68288     50
  69127 25835      304.7094    45      305.5446      304.5230  1465346    0.33%          x.0.20 N  69127  44977     21
  69975 25907      305.3938    41      305.5446      304.5347  1482289    0.33%         x.36.34 N  69975  69974     42
  70872 25943      305.5071    44      305.5446      304.5452  1498945    0.33%         x.19.11 N  70872  70871     16
  71700 25990      305.0287    37      305.5446      304.5560  1515456    0.32%          x.13.5 N  71700  71699     27
  72546 26012      305.5246    24      305.5446      304.5680  1531955    0.32%         x.37.10 D  72546  72545     42
  73381 26079      305.0761    40      305.5446      304.5784  1548696    0.32%         x.19.11 N  73381  22195     25
  74258 26065      305.1753    23      305.5446      304.5914  1565241    0.31%          x.8.12 U  74258  74257     41
Elapsed time = 171.39 sec. (283128.35 ticks, tree = 676.08 MB, solutions = 15)
  75083 26143      304.9207    45      305.5446      304.6006  1582270    0.31%         x.22.15 N  75083  75082     17
  75937 26161      305.1940    55      305.5446      304.6110  1599210    0.31%          x.5.25 N  75937  38835     14
  76809 26138        cutoff            305.5446      304.6239  1615152    0.30%         x.19.11 D  76809  76807     37
  77630 26151      305.2301    31      305.5446      304.6338  1632357    0.30%         x.27.17 N  77630  77629     49
  78511 26186      305.2763    44      305.5446      304.6445  1648469    0.29%          x.30.0 N  78511  78509     14
  79369 26156      305.4470    53      305.5446      304.6550  1665174    0.29%          x.5.25 N  79369  79367     17
  80233 26116      304.6809    43      305.5446      304.6664  1680563    0.29%         x.28.19 N  80233  47688     40
  81072 26120      304.7409    56      305.5446      304.6762  1697202    0.28%         x.22.38 N  81072   1854     16
  81925 26001      305.0240    27      305.5446      304.6889  1712749    0.28%         x.29.27 N  81925  62917     45
  82755 26013      305.1546    38      305.5446      304.6970  1729134    0.28%         x.19.11 N  82755  82754     44
Elapsed time = 193.64 sec. (321327.69 ticks, tree = 688.50 MB, solutions = 15)
  83626 25976      305.4757    24      305.5446      304.7083  1745324    0.27%          x.8.12 N  83626  83625     45
  84504 25882        cutoff            305.5446      304.7191  1761365    0.27%          x.14.1 D  84504   4065     29
  85341 25795        cutoff            305.5446      304.7295  1777659    0.27%         x.35.36 U  85341  85339     47
  86179 25794        cutoff            305.5446      304.7388  1794018    0.26%         x.28.11 U  86179  13417     26
  87030 25809      305.1469    42      305.5446      304.7482  1809788    0.26%         x.14.13 N  87030  87029     43
  87860 25759      304.8734    43      305.5446      304.7572  1825917    0.26%         x.18.13 N  87860  87859     17
  88691 25706      305.0964    47      305.5446      304.7667  1842237    0.25%         x.22.38 N  88691  88689     19
  89514 25633      305.4314    45      305.5446      304.7755  1858152    0.25%         x.28.28 N  89514  81768     41
  90339 25623        cutoff            305.5446      304.7849  1874187    0.25%         x.35.13 D  90339  90338     58
  91200 25566      305.3347    50      305.5446      304.7939  1889443    0.25%          x.8.13 N  91200  91199     33
Elapsed time = 216.02 sec. (359532.69 ticks, tree = 689.09 MB, solutions = 15)
  92038 25440        cutoff            305.5446      304.8038  1904559    0.24%         x.38.27 U  92038  17045     19
  92934 25290        cutoff            305.5446      304.8145  1919906    0.24%         x.26.27 U  92934  49371     33
  93761 25217      305.5405    30      305.5446      304.8234  1935085    0.24%         x.27.13 N  93761  93760     39
  94617 25040      305.2393    33      305.5446      304.8337  1950447    0.23%          x.8.37 N  94617  53631     41
  95460 24863      304.9707    39      305.5446      304.8439  1965803    0.23%         x.19.11 N  95460  34932     47
  96298 24708      305.1972    45      305.5446      304.8536  1981142    0.23%         x.17.28 N  96298  86098     33
  97150 24600      305.1236    40      305.5446      304.8618  1996191    0.22%         x.22.37 N  97150  97149     29
  97992 24444        cutoff            305.5446      304.8718  2011214    0.22%         x.28.10 U  97992  97990     15
* 98417 23713      integral     0      305.5016      304.8756  2018571    0.20%
  98824 23627      305.2182    49      305.5016      304.8798  2026172    0.20%          x.5.26 N  98824  23126     13
  99686 23457        cutoff            305.5016      304.8901  2040601    0.20%          x.6.39 U  99686  87476     28
Elapsed time = 238.53 sec. (397711.36 ticks, tree = 643.08 MB, solutions = 16)
 100558 23171        cutoff            305.5016      304.9009  2054765    0.20%         x.18.13 U 100558 100556     27
 101482 22888        cutoff            305.5016      304.9127  2070110    0.19%          x.37.6 U 101482 101481     51
 102419 22573      305.3175    45      305.5016      304.9239  2086041    0.19%          x.30.0 N 102419  61934     17
 103368 22273      305.3162    42      305.5016      304.9348  2100856    0.19%         x.21.13 N 103368 103367     30
 104325 21951      305.0483    55      305.5016      304.9479  2116351    0.18%         x.36.15 N 104325 104324     28
 105242 21688        cutoff            305.5016      304.9583  2131378    0.18%          x.30.8 U 105242  18440     28
 106207 21329        cutoff            305.5016      304.9696  2145546    0.17%         x.39.11 D 106207  20101     37
 107184 20896        cutoff            305.5016      304.9830  2159781    0.17%         x.16.29 U 107184 107183     43
 108182 20410        cutoff            305.5016      304.9974  2173184    0.17%          x.5.25 D 108182  77283     25
 109148 20021        cutoff            305.5016      305.0103  2187744    0.16%          x.5.25 U 109148  42212     16
Elapsed time = 262.08 sec. (435876.70 ticks, tree = 557.12 MB, solutions = 16)
 110110 19619        cutoff            305.5016      305.0220  2202075    0.16%          x.0.37 U 110110 110109     19
 111094 19196      305.3536    56      305.5016      305.0334  2215529    0.15%         x.23.21 N 111094 111092     25
 112081 18776      305.3334    34      305.5016      305.0455  2229021    0.15%          x.13.5 N 112081 112080     23
 113052 18293        cutoff            305.5016      305.0586  2242386    0.15%          x.6.39 U 113052  72564     22
 114035 17811        cutoff            305.5016      305.0716  2255467    0.14%         x.27.23 D 114035  74875     34
 115030 17261      305.1557    43      305.5016      305.0851  2268141    0.14%         x.28.19 N 115030  81660     25
 116040 16696      305.1001    41      305.5016      305.0984  2280658    0.13%          x.30.0 N 116040  43093     31
 117020 16211      305.2652    25      305.5016      305.1105  2294018    0.13%         x.29.27 N 117020  47751     46
 118041 15555        cutoff            305.5016      305.1249  2305625    0.12%         x.21.13 U 118041  22250     30
 119070 14926        cutoff            305.5016      305.1396  2317235    0.12%         x.14.13 U 119070  12170     39
Elapsed time = 286.05 sec. (474044.52 ticks, tree = 420.94 MB, solutions = 16)
 120079 14256        cutoff            305.5016      305.1535  2328567    0.11%           x.5.2 U 120079   3698     15
 121109 13535        cutoff            305.5016      305.1703  2339130    0.11%          x.30.0 D 121109  86271     27
 122180 12757        cutoff            305.5016      305.1882  2348651    0.10%         x.22.15 U 122180 108782     24
 123232 11981      305.4783    50      305.5016      305.2053  2358789    0.10%         x.22.15 N 123232  88665     22
 124303 11190        cutoff            305.5016      305.2217  2368320    0.09%         x.21.25 D 124303   6075     55
 125374 10356      305.3301    51      305.5016      305.2384  2377221    0.09%         x.12.38 N 125374  32684     13
 126469  9462        cutoff            305.5016      305.2558  2385538    0.08%          x.30.8 U 126469   5456     32
 127566  8614        cutoff            305.5016      305.2737  2393968    0.07%         x.39.10 U 127566  14227     21
 128655  7678        cutoff            305.5016      305.2938  2401753    0.07%          x.6.27 U 128655  46007     23
 129766  6712        cutoff            305.5016      305.3147  2409078    0.06%         x.16.37 U 129766  55099     57
Elapsed time = 311.06 sec. (512215.97 ticks, tree = 191.34 MB, solutions = 16)
 130894  5668        cutoff            305.5016      305.3373  2414676    0.05%         x.27.23 D 130894   7370     24
 132025  4632        cutoff            305.5016      305.3604  2420698    0.05%         x.36.15 U 132025  31994     18
 133167  3561        cutoff            305.5016      305.3876  2425929    0.04%         x.28.28 U 133167  70908     28
 134325  2434        cutoff            305.5016      305.4178  2430027    0.03%         x.11.27 U 134325  89543     29
 135500  1290        cutoff            305.5016      305.4535  2433426    0.02%          x.8.12 U 135500 135499     33
 136689   118        cutoff            305.5016      305.4967  2436002    0.00%         x.21.13 U 136689   2902     21

Gomory fractional cuts applied:  20
User cuts applied:  4038

Root node processing (before b&c):
  Real time             =    0.32 sec. (74.33 ticks)
Sequential b&c:
  Real time             =  326.22 sec. (535822.64 ticks)
                          ------------
Total (root+branch&cut) =  326.53 sec. (535896.97 ticks)

Solution status: 101
Objective value:  3.0550159870e+02
Solution status is CPX_STAT_OPTIMAL
Node: 136808
