proble size: m = 5 , n = 5 , seed = 5 
Benders' cuts separated to cut off: Only integer infeasible solutions.
seed = 5
Version identifier: 20.1.0.0 | 2020-11-10 | 9bedb6d68
CPXPARAM_Threads                                 1
CPXPARAM_RandomSeed                              5
CPXPARAM_MIP_Strategy_CallbackReducedLP          0
CPXPARAM_MIP_Strategy_Search                     1
CPXPARAM_TimeLimit                               3600
CPXPARAM_MIP_Tolerances_AbsMIPGap                0
CPXPARAM_MIP_Tolerances_MIPGap                   0
Legacy callback                                  L
Tried aggregator 1 time.
Reduced MIP has 40 rows, 1640 columns, and 1600 nonzeros.
Reduced MIP has 1600 binaries, 0 generals, 0 SOSs, and 0 indicators.
Presolve time = 0.05 sec. (0.63 ticks)
Probing time = 0.01 sec. (2.48 ticks)
Clique table members: 40.
MIP emphasis: balance optimality and feasibility.
MIP search method: traditional branch-and-cut.
Parallel mode: none, using 1 thread.
Root relaxation solution time = 0.04 sec. (0.34 ticks)

        Nodes                                         Cuts/
   Node  Left     Objective  IInf  Best Integer    Best Bound    ItCnt     Gap         Variable B NodeID Parent  Depth

      0     0        0.0000    26                      0.0000        0         
*     0+    0                         1018.9473        0.0000           100.00%
*     0+    0                          872.3544        0.0000           100.00%
      0     0      182.8557    49      872.3544     Fract: 23       91   79.04%
*     0+    0                          689.8416      182.8557            73.49%
      0     0      248.5997    53      689.8416     Fract: 22      173   63.96%
*     0+    0                          486.0083      248.5997            48.85%
      0     0      265.1889    63      486.0083      Fract: 1      186   45.44%
*     0+    0                          446.7688      265.1889            40.64%
*     0+    0                          416.5314      265.1889            36.33%
*     0+    0                          402.7502      265.1889            34.16%
*     0+    0                          360.0099      265.1889            26.34%
*     0+    0                          348.0388      265.1889            23.80%
      0     2      289.3706    64      348.0388      289.5366      186   16.81%                        0             0
Elapsed time = 0.32 sec. (90.52 ticks, tree = 0.01 MB, solutions = 9)
    192   194      317.1807    35      348.0388      290.3337     1372   16.58%         x.25.10 D    192    191    159
*   340+  292                          332.0445      290.3597            12.55%
*   350+  198                          317.7135      290.3597             8.61%
*   360+  147                          307.8952      290.3597             5.70%
    422   198      306.2790    41      307.8952      290.3597     2605    5.70%         x.33.35 D    422    421     75
*   680+  390                          305.9936      291.0186             4.89%
    720   431      302.1448    29      305.9936      291.0186     4295    4.89%           x.6.5 D    720    718     56
   1087   752      295.1607    61      305.9936      291.5766     6302    4.71%         x.12.24 U   1087   1086     10
   1520  1130      296.2454    53      305.9936      292.3292     8678    4.47%         x.37.28 D   1520   1519     17
*  1730+ 1281                          305.6820      292.5640             4.29%
   1920  1453      297.0332    44      305.6820      292.6884    10863    4.25%          x.39.9 U   1920   1918     22
   2360  1841      297.4790    51      305.6820      292.9947    13205    4.15%          x.0.33 D   2360   2359     39
   2836  2264      295.6965    56      305.6820      293.1196    15893    4.11%         x.23.35 D   2836   2835     15
   3350  2729      303.9919    40      305.6820      293.1934    18350    4.09%         x.27.23 D   3350   3349     71
   5466  4566      296.2597    61      305.6820      293.7283    28766    3.91%         x.17.22 D   5466   5465     19
Elapsed time = 3.35 sec. (3209.68 ticks, tree = 12.40 MB, solutions = 14)
   7600  6417      298.7285    45      305.6820      293.9846    39464    3.83%          x.2.22 D   7600   7599     22
   9718  8272      296.2743    58      305.6820      294.2290    50297    3.75%          x.1.35 D   9718   9717     17
  12097 10317      298.1730    56      305.6820      294.3661    61652    3.70%         x.31.22 D  12097  12096     42
  14551 12333      300.2134    54      305.6820      294.5675    73950    3.64%         x.32.38 D  14551  14550     39
  16837 14227      296.4070    56      305.6820      294.6682    85850    3.60%         x.22.35 D  16837  16836     17
  19229 16211      299.8831    43      305.6820      294.7343    97512    3.58%          x.9.18 U  19229  19228     58
  21531 18083      300.0905    41      305.6820      294.8329   109331    3.55%         x.28.19 D  21531  21530     59
* 21890+18336                          305.6425      294.8525             3.53%
  23553 19684      298.0776    60      305.6425      294.9164   119047    3.51%          x.16.7 D  23553  23552     30
  25914 21630      299.1628    57      305.6425      295.0068   130400    3.48%          x.0.34 D  25914  25913     39
  28305 23626      296.6296    55      305.6425      295.0886   141620    3.45%         x.24.35 D  28305  28304     25
Elapsed time = 12.88 sec. (12755.09 ticks, tree = 63.89 MB, solutions = 15)
  30654 25588      303.2799    35      305.6425      295.1508   152896    3.43%         x.13.11 U  30654  30653     89
  33044 27592      303.7583    56      305.6425      295.2150   163873    3.41%          x.0.38 D  33044  33043     61
  35407 29542      301.9072    53      305.6425      295.2733   175184    3.39%         x.16.10 D  35407  35406     67
  37770 31452      304.9120    47      305.6425      295.3357   186646    3.37%         x.23.24 U  37770  37769     62
  40157 33392      298.8233    57      305.6425      295.3954   198204    3.35%         x.17.28 D  40157  40156     19
  42530 35296      300.8364    48      305.6425      295.4569   209792    3.33%         x.18.35 D  42530  42529     30
  44939 37264      301.5137    53      305.6425      295.5142   221224    3.31%          x.0.33 D  44939  44938     63
  47287 39193      302.5553    55      305.6425      295.5404   232596    3.31%          x.7.13 D  47287  47286     50
  49700 41137      297.1446    44      305.6425      295.5824   243920    3.29%          x.9.18 U  49700  49699     34
  52120 43094      303.4341    56      305.6425      295.6267   255501    3.28%           x.4.7 U  52120  52118     36
Elapsed time = 22.61 sec. (22294.33 ticks, tree = 116.83 MB, solutions = 15)
  54544 45075      300.2175    55      305.6425      295.6772   267254    3.26%          x.0.20 D  54544  54543     42
  56980 47038      297.5603    58      305.6425      295.7142   278497    3.25%          x.1.28 D  56980  56979     25
  59442 49028      298.2593    54      305.6425      295.7536   289852    3.24%         x.33.35 D  59442  59441     20
  61885 50985        cutoff            305.6425      295.7885   301348    3.22%          x.2.22 U  61885  61882     42
  64325 52956      299.9762    51      305.6425      295.8221   313000    3.21%          x.8.19 D  64325  64324     62
  66770 54898      300.6433    53      305.6425      295.8531   324327    3.20%          x.8.19 D  66770  66769     57
  69204 56828      300.3578    59      305.6425      295.8924   335309    3.19%         x.35.10 D  69204  69203     39
  71629 58772      303.8112    42      305.6425      295.9260   346461    3.18%         x.32.14 U  71629  71628     73
  74032 60658      299.5573    56      305.6425      295.9581   357552    3.17%         x.36.22 D  74032  74031     42
  76460 62559      303.0872    43      305.6425      295.9908   368960    3.16%          x.20.6 U  76460  76459     78
Elapsed time = 32.42 sec. (31834.19 ticks, tree = 168.38 MB, solutions = 15)
  78840 64428      301.4429    65      305.6425      296.0251   380151    3.15%          x.0.37 D  78840  78839     41
  81235 66381        cutoff            305.6425      296.0559   391496    3.14%         x.23.35 U  81235  12295     23
  83660 68353      300.9188    56      305.6425      296.0819   402870    3.13%          x.6.10 D  83660  83659     45
  86139 70354      301.8689    50      305.6425      296.1100   414172    3.12%           x.4.7 D  86139  86138     56
  88595 72376      302.1924    55      305.6425      296.1340   425224    3.11%          x.11.7 D  88595  88594     58
  91036 74313      299.5301    53      305.6425      296.1629   436444    3.10%         x.30.22 D  91036  91035     45
  93530 76330      300.2061    52      305.6425      296.1865   447728    3.09%         x.28.19 D  93530  93529     50
  95907 78285      301.6505    48      305.6425      296.2040   458956    3.09%         x.39.10 D  95907  95906     33
  98378 80246      301.3908    51      305.6425      296.2268   470063    3.08%         x.18.35 D  98378  98377     38
 100791 82207      301.2308    59      305.6425      296.2549   481000    3.07%           x.0.8 D 100791 100790     77
Elapsed time = 42.18 sec. (41373.28 ticks, tree = 223.25 MB, solutions = 15)
 103179 84100      302.6438    57      305.6425      296.2743   492539    3.07%         x.15.36 D 103179 103178     57
 105590 86055      302.8633    64      305.6425      296.2967   503829    3.06%         x.10.22 D 105590 105589     33
 108003 87984      297.3102    53      305.6425      296.3193   515033    3.05%         x.23.35 D 108003 108002     18
 110392 89937      298.5250    55      305.6425      296.3399   526386    3.04%          x.3.30 U 110392 110391     48
 112800 91853      301.6160    49      305.6425      296.3577   537993    3.04%          x.0.26 D 112800 112799     70
 115197 93722      299.8629    58      305.6425      296.3786   549461    3.03%          x.6.10 D 115197 115196     43
 117610 95711      302.9840    50      305.6425      296.4034   560695    3.02%          x.29.7 D 117610 117609     54
 120051 97656      298.7156    52      305.6425      296.4258   572279    3.02%         x.35.10 D 120051 120050     38
 122516 99634      300.7568    50      305.6425      296.4475   583330    3.01%         x.28.19 D 122516 122515     56
 124912 101518      297.2925    55      305.6425      296.4652   594666    3.00%         x.16.10 D 124912 124910     44
Elapsed time = 52.02 sec. (50919.77 ticks, tree = 274.40 MB, solutions = 15)
 127360 103408      304.3214    43      305.6425      296.4841   605949    3.00%         x.10.15 D 127360 127359     75
 129800 105358      298.8540    56      305.6425      296.5018   617094    2.99%         x.35.10 D 129800 129799     37
 132210 107233      298.4408    53      305.6425      296.5193   628563    2.98%         x.36.22 D 132210 132209     43
 134648 109195      301.2432    50      305.6425      296.5412   639485    2.98%           x.7.7 D 134648 134647     63
 137039 111065      304.6951    52      305.6425      296.5570   650854    2.97%         x.24.15 D 137039 137038     80
 139430 112940        cutoff            305.6425      296.5746   662480    2.97%          x.11.7 U 139430 139428     94
 141773 114794      304.4381    46      305.6425      296.5883   673686    2.96%         x.32.14 U 141773 141772     63
 144197 116773      298.7588    49      305.6425      296.6077   685169    2.96%          x.6.10 D 144197 144196     48
 146560 118664      301.7407    54      305.6425      296.6237   696559    2.95%          x.2.22 D 146560 146559     32
 148929 120549      300.2339    53      305.6425      296.6410   708121    2.95%         x.36.35 D 148929 148928     39
Elapsed time = 61.77 sec. (60458.92 ticks, tree = 324.82 MB, solutions = 15)
 151364 122467      301.1424    60      305.6425      296.6567   719421    2.94%         x.24.10 D 151364 151363     46
 153770 124348      297.5798    54      305.6425      296.6724   730731    2.93%          x.3.10 D 153770 153769     36
 156203 126326      303.1668    50      305.6425      296.6896   742023    2.93%          x.0.24 D 156203 156202     71
 158660 128337      302.7222    42      305.6425      296.7064   753203    2.92%         x.35.19 D 158660 158659     55
 161090 130225      303.4504    47      305.6425      296.7244   764702    2.92%         x.15.36 D 161090 161089     59
 163471 132098      302.5321    55      305.6425      296.7408   776154    2.91%          x.3.35 D 163471 163470     28
 165842 133996      301.4548    54      305.6425      296.7516   787649    2.91%         x.31.22 D 165842 165841     66
 168261 135932      297.6776    49      305.6425      296.7630   798775    2.91%         x.10.22 D 168261 168260     38
 170698 137817      298.7059    57      305.6425      296.7769   810334    2.90%          x.2.22 D 170698 170697     34
 173135 139721      305.4969    41      305.6425      296.7911   821476    2.90%         x.21.13 D 173135 173134     90
Elapsed time = 71.54 sec. (69998.36 ticks, tree = 378.58 MB, solutions = 15)
 175547 141606      305.2304    45      305.6425      296.8063   833060    2.89%         x.30.22 D 175547 175546     75
 178012 143588        cutoff            305.6425      296.8197   844239    2.89%         x.39.22 U 178012 178010     27
 180460 145480      297.0450    53      305.6425      296.8337   855570    2.88%          x.16.7 U 180460  63520     35
 182870 147340      302.7194    54      305.6425      296.8472   866993    2.88%         x.39.28 D 182870 182869     60
 185324 149267      298.6951    49      305.6425      296.8601   878608    2.87%          x.3.35 D 185324 185322     32
 187712 151188      303.1938    43      305.6425      296.8734   889912    2.87%         x.20.17 U 187712 187711     80
 190135 153078      297.5815    52      305.6425      296.8902   901398    2.86%         x.24.28 D 190135 190134     18
 192560 154994      297.0849    50      305.6425      296.9060   912450    2.86%         x.26.35 U 192560   5769     23
 194935 156872      297.1859    51      305.6425      296.9186   923842    2.85%         x.28.28 U 194935  12363     16
 197354 158736        cutoff            305.6425      296.9368   935273    2.85%         x.20.35 U 197354 127788     33
Elapsed time = 81.40 sec. (79537.36 ticks, tree = 430.67 MB, solutions = 15)
 199773 160598      301.6893    45      305.6425      296.9527   946704    2.84%         x.22.15 D 199773 199772     51
 202202 162538      297.6787    56      305.6425      296.9650   957902    2.84%         x.37.10 D 202202 202201     36
 204610 164418      303.6757    47      305.6425      296.9767   969319    2.84%         x.18.38 D 204610 204609     50
 207035 166274      300.4906    50      305.6425      296.9948   980699    2.83%         x.28.10 D 207035 207033     30
 209415 168141      303.5552    61      305.6425      297.0049   992161    2.83%         x.26.12 D 209415 209414     59
 211727 169885      300.9781    45      305.6425      297.0184  1003628    2.82%          x.29.5 D 211727 211726     54
 214146 171802        cutoff            305.6425      297.0312  1015127    2.82%         x.36.22 U 214146 214144     59
 216606 173685      298.9532    55      305.6425      297.0463  1026504    2.81%          x.26.5 U 216606 216604     50
 219000 175529      304.1118    41      305.6425      297.0593  1038115    2.81%         x.28.19 D 219000 218999     60
 228730 183226      299.6085    58      305.6425      297.1130  1083753    2.79%          x.9.22 D 228730 228729     21
Elapsed time = 94.11 sec. (91938.24 ticks, tree = 495.56 MB, solutions = 15)
 238329 190678      301.7070    49      305.6425      297.1596  1129671    2.78%          x.0.24 D 238329 238328     60
 247907 198077      297.9192    53      305.6425      297.2092  1175444    2.76%         x.18.38 D 247907 247906     40
 257526 205493      301.5863    51      305.6425      297.2466  1221208    2.75%          x.0.10 D 257526 257525     67
 267126 212860      301.8800    52      305.6425      297.2885  1266723    2.73%         x.39.22 D 267126 267125     52
 276674 220034      300.3119    57      305.6425      297.3302  1313013    2.72%         x.30.22 D 276674 276672     51
 286217 227182      302.1753    57      305.6425      297.3686  1359523    2.71%          x.11.7 D 286217 286216     54
 295858 234446      299.6201    52      305.6425      297.4055  1405285    2.69%         x.35.10 D 295858 295857     40
 305569 241697      298.9529    52      305.6425      297.4388  1451423    2.68%         x.36.35 D 305569 305568     28
 315152 248926      298.0669    51      305.6425      297.4754  1497986    2.67%         x.35.10 D 315152 315151     34
 324856 256192      299.2591    58      305.6425      297.5096  1543505    2.66%          x.5.10 D 324856 324855     35
Elapsed time = 133.45 sec. (130086.59 ticks, tree = 693.44 MB, solutions = 15)
 334498 263348      300.8447    49      305.6425      297.5432  1589460    2.65%          x.3.12 D 334498 334497     53
 344190 270518      304.0706    59      305.6425      297.5733  1634596    2.64%           x.2.7 D 344190 344189     60
 353762 277547      300.7428    50      305.6425      297.6036  1680663    2.63%         x.39.22 D 353762 353761     44
 363378 284636      301.4886    57      305.6425      297.6339  1726298    2.62%          x.29.5 D 363378 363377     52
 372990 291756      302.8126    41      305.6425      297.6642  1773291    2.61%          x.36.7 D 372990 372989     50
 382586 298708      303.4318    41      305.6425      297.6874  1818923    2.60%          x.31.6 U 382586 382585     61
 392251 305764      299.3838    58      305.6425      297.7166  1864472    2.59%         x.12.38 D 392251 392250     35
 401907 312760      304.1715    50      305.6425      297.7434  1911375    2.58%          x.2.39 D 401907 401906     55
 411610 319832      298.7280    54      305.6425      297.7697  1957070    2.58%          x.5.10 N 411610 411609     34
 421355 326894      302.2473    46      305.6425      297.7967  2002815    2.57%           x.4.7 D 421355 421354     52
Elapsed time = 172.71 sec. (168238.14 ticks, tree = 887.31 MB, solutions = 15)
 431103 333900      299.7025    56      305.6425      297.8216  2048532    2.56%          x.6.10 U 431103 362918     42
 440820 340957      299.3052    52      305.6425      297.8438  2094734    2.55%         x.36.35 U 440820  89304     28
 450600 347852      303.7443    51      305.6425      297.8682  2139670    2.54%         x.18.38 D 450600 450599     31
 460379 354814      303.9311    49      305.6425      297.8928  2185290    2.54%          x.3.10 D 460379 460378     29
 470000 361646      299.0508    54      305.6425      297.9131  2230371    2.53%         x.17.22 D 470000 469999     26
 479717 368537      301.9394    48      305.6425      297.9372  2275698    2.52%         x.36.22 D 479717 479716     47
 489465 375371      303.1353    53      305.6425      297.9614  2322071    2.51%         x.18.38 D 489465 489464     48
 499141 381968      299.9603    49      305.6425      297.9853  2367490    2.51%         x.15.35 D 499141 499140     48
 508857 388564      303.0257    55      305.6425      298.0056  2412482    2.50%          x.3.35 D 508857 508856     30
 518680 395358      302.0743    54      305.6425      298.0260  2457416    2.49%          x.26.5 U 518680 518679     51
Elapsed time = 211.92 sec. (206398.85 ticks, tree = 1073.03 MB, solutions = 15)
 528260 401965      300.8331    45      305.6425      298.0473  2503218    2.48%         x.39.35 D 528260 528259     25
 538000 408748      304.9994    39      305.6425      298.0672  2548899    2.48%          x.2.19 D 538000 537999     66
 547718 415416        cutoff            305.6425      298.0876  2595207    2.47%          x.6.10 U 547718 125100     50
 557490 422311      302.1652    44      305.6425      298.1064  2641422    2.47%         x.10.22 D 557490 557489     40
 567201 428948      301.6929    58      305.6425      298.1257  2688034    2.46%          x.6.10 D 567201 567200     42
 576923 435666      303.6417    49      305.6425      298.1445  2733887    2.45%          x.0.20 D 576923 576921     66
 586599 442486        cutoff            305.6425      298.1640  2780263    2.45%           x.2.7 D 586599 586598     62
 596272 449360      305.4529    51      305.6425      298.1806  2826011    2.44%         x.24.15 D 596272 596271     57
 605984 456125      300.3422    53      305.6425      298.1965  2872025    2.44%          x.0.38 D 605984 605983     43
 615716 462852      303.7019    53      305.6425      298.2156  2918215    2.43%          x.23.7 D 615716 615715     81
Elapsed time = 250.99 sec. (244550.10 ticks, tree = 1251.97 MB, solutions = 15)
 625319 469403      302.6115    61      305.6425      298.2311  2964345    2.42%          x.6.10 D 625319 625318     46
 635099 476074      305.2236    44      305.6425      298.2479  3010287    2.42%          x.31.6 U 635099 635098     77
 644660 482600      305.2341    48      305.6425      298.2619  3057008    2.41%          x.8.12 U 644660 644658     55
 654336 489165      302.7178    47      305.6425      298.2776  3103184    2.41%          x.0.10 D 654336 654335     70
 663890 495708      301.3060    54      305.6425      298.2939  3149405    2.40%         x.24.30 D 663890 663889     77
 673624 502540      300.1199    60      305.6425      298.3087  3195550    2.40%         x.16.22 D 673624 673623     37
 683300 509318      302.4122    50      305.6425      298.3233  3240988    2.39%          x.23.7 D 683300 683299     63
 692954 515980      303.4402    54      305.6425      298.3380  3287446    2.39%          x.0.20 D 692954 692953     60
 702631 522731      302.7134    57      305.6425      298.3528  3334299    2.39%         x.31.22 D 702631 702630     56
 712340 529545      300.5459    45      305.6425      298.3656  3380272    2.38%          x.23.7 D 712340 712339     52
Elapsed time = 290.24 sec. (282699.33 ticks, tree = 1433.87 MB, solutions = 15)
 721877 536135      301.7396    48      305.6425      298.3789  3426220    2.38%         x.24.10 D 721877 721876     57
 731500 542629      299.3862    58      305.6425      298.3929  3472270    2.37%         x.11.10 D 731500 731499     27
 741280 549370      301.1698    57      305.6425      298.4063  3517704    2.37%         x.12.38 D 741280 741279     25
 750896 555854      299.8474    63      305.6425      298.4207  3563873    2.36%         x.27.10 U 750896 108233     45
 760549 562473      302.5450    47      305.6425      298.4352  3610750    2.36%         x.18.38 D 760549 760548     51
 770210 569017      303.3525    45      305.6425      298.4493  3657566    2.35%          x.27.5 D 770210 770209     69
 779865 575589      300.4836    53      305.6425      298.4628  3704053    2.35%         x.36.22 D 779865 779864     54
 789503 582134      301.1914    58      305.6425      298.4758  3750923    2.34%         x.16.10 D 789503 789502     39
 799200 588767      302.4748    45      305.6425      298.4887  3796885    2.34%          x.3.10 D 799200 799199     38
 808921 595262      299.9811    61      305.6425      298.5032  3843081    2.34%         x.12.38 D 808921 808920     28
Elapsed time = 329.33 sec. (320851.05 ticks, tree = 1614.19 MB, solutions = 15)
 818555 601820      300.8616    54      305.6425      298.5151  3889444    2.33%         x.31.22 D 818555 818554     33
 828222 608391      300.7995    61      305.6425      298.5265  3935734    2.33%         x.24.10 D 828222 828221     39
 837730 614756      302.4309    60      305.6425      298.5381  3982432    2.32%          x.11.7 D 837730 837729     67
 847300 621288      303.3764    52      305.6425      298.5501  4028725    2.32%          x.15.5 D 847300 847298     61
 856869 627761      303.2933    43      305.6425      298.5617  4075497    2.32%         x.13.11 U 856869 856868     50
 866568 634270      303.5898    45      305.6425      298.5735  4122224    2.31%         x.23.21 U 866568 866567     68
 876187 640749      301.5496    57      305.6425      298.5851  4169013    2.31%         x.20.35 D 876187 876186     35
 885840 647227      303.5370    47      305.6425      298.5967  4216068    2.31%          x.6.10 D 885840 885839     44
 895460 653649      305.0126    46      305.6425      298.6078  4263326    2.30%           x.4.7 D 895460 895459     69
 905019 659948      299.8360    51      305.6425      298.6210  4310741    2.30%          x.21.5 D 905019 905018     66
Elapsed time = 368.39 sec. (359002.22 ticks, tree = 1785.70 MB, solutions = 15)
 914647 666358      300.3808    54      305.6425      298.6320  4357670    2.29%          x.5.10 D 914647 914646     32
 924265 672686      300.8658    54      305.6425      298.6439  4404288    2.29%         x.18.38 D 924265 924264     42
 934000 679174      299.2877    56      305.6425      298.6548  4451080    2.29%         x.28.10 U 934000 416592     32
 943562 685408      304.7985    46      305.6425      298.6659  4499005    2.28%          x.23.7 D 943562 943561     80
 953106 691856      301.4213    52      305.6425      298.6768  4545666    2.28%          x.0.38 D 953106 953105     45
 962773 698242        cutoff            305.6425      298.6874  4592142    2.28%         x.16.24 D 962773 962772     81
 972411 704595      303.8624    49      305.6425      298.6984  4638686    2.27%         x.30.12 U 972411 972410     52
 982022 710889      300.6059    58      305.6425      298.7093  4686352    2.27%          x.3.10 D 982022 982021     41
 991604 717118      304.6820    58      305.6425      298.7202  4733546    2.26%          x.11.7 D 991604 991603     56
 1001298 723658      305.5380    42      305.6425      298.7319  4780873    2.26%         x.23.21 D 1001298 1001297     54
Elapsed time = 407.26 sec. (397155.78 ticks, tree = 1961.95 MB, solutions = 15)
 1010952 730059      299.6233    52      305.6425      298.7427  4828316    2.26%          x.2.22 U 1010952 381759     32
 1020439 736269      301.5580    48      305.6425      298.7532  4875994    2.25%           x.4.7 D 1020439 1020438     57
 1030130 742693      303.5897    52      305.6425      298.7640  4923295    2.25%         x.37.10 D 1030130 1030129     40
 1039810 749003        cutoff            305.6425      298.7747  4970484    2.25%         x.14.28 U 1039810 119502     20
 1049409 755301      302.6894    51      305.6425      298.7855  5017371    2.24%          x.11.7 D 1049409 1049408     60
 1058390 761213      301.1390    48      305.6425      298.7953  5060809    2.24%         x.12.38 D 1058390 1058389     77
 1066915 766776      303.5171    57      305.6425      298.8041  5102349    2.24%         x.18.38 D 1066915 1066914     47
 1075711 772531      300.1936    48      305.6425      298.8131  5145033    2.23%           x.2.7 D 1075711 1075710     53
 1084362 778027        cutoff            305.6425      298.8214  5187988    2.23%          x.5.10 U 1084362 555721     37
 1092879 783661      300.1722    47      305.6425      298.8298  5229972    2.23%          x.29.5 U 1092879 277176     53
Elapsed time = 455.11 sec. (435305.89 ticks, tree = 2119.04 MB, solutions = 15)
Nodefile size = 71.94 MB (35.95 MB after compression)
 1101652 789445      305.5584    46      305.6425      298.8387  5272807    2.23%         x.36.22 D 1101652 1101651     47
 1110491 795165      303.4515    50      305.6425      298.8477  5316315    2.22%          x.8.12 U 1110491 1110489     46
 1119290 800984      303.9083    54      305.6425      298.8564  5359057    2.22%          x.16.7 D 1119290 1119289     47
 1128040 806765      301.0937    50      305.6425      298.8648  5401741    2.22%         x.18.38 D 1128040 1128039     51
 1136373 812274      300.6634    54      305.6425      298.8725  5442760    2.22%          x.7.13 D 1136373 1136372     47
 1144940 818000      302.0810    48      305.6425      298.8813  5483916    2.21%         x.18.38 D 1144940 1144939     43
 1153580 823745      304.4965    42      305.6425      298.8883  5525646    2.21%         x.26.12 D 1153580 1153579     72
 1162260 829603      300.2251    47      305.6425      298.8959  5568352    2.21%         x.13.11 U 1162260 1162259     49
 1170960 835424      305.0367    46      305.6425      298.9033  5610509    2.20%         x.20.17 U 1170960 1170959     70
 1179634 841172      303.6198    44      305.6425      298.9118  5652417    2.20%          x.3.30 U 1179634 1179633     50
Elapsed time = 512.25 sec. (473478.12 ticks, tree = 2267.40 MB, solutions = 15)
Nodefile size = 219.79 MB (109.38 MB after compression)
 1188323 846846      302.9911    50      305.6425      298.9206  5694895    2.20%         x.16.29 U 1188323 1188322     53
 1196984 852656      305.2410    41      305.6425      298.9281  5736402    2.20%          x.29.7 U 1196984 1196983     54
 1205691 858359      304.3239    34      305.6425      298.9359  5779187    2.19%         x.21.25 D 1205691 1205690     77
 1214606 864324      301.4523    62      305.6425      298.9427  5822089    2.19%         x.12.38 D 1214606 1214605     42
 1223672 870362      301.8476    59      305.6425      298.9505  5866528    2.19%         x.13.38 D 1223672 1223671     46
 1232920 876327      299.6385    40      305.6425      298.9588  5911692    2.19%         x.13.38 D 1232920 1232919     52
 1241831 882183      299.0345    59      305.6425      298.9666  5954809    2.18%          x.5.13 D 1241831 602865     38
 1250759 888003      303.1541    54      305.6425      298.9754  5999112    2.18%          x.8.12 D 1250759 1250758     48
 1259640 893785      305.4812    45      305.6425      298.9828  6042318    2.18%         x.20.17 U 1259640 1259639     50
 1268600 899611      302.3701    55      305.6425      298.9910  6086832    2.18%         x.19.11 U 1268600 1268599     49
Elapsed time = 571.02 sec. (511636.39 ticks, tree = 2418.15 MB, solutions = 15)
Nodefile size = 370.63 MB (182.89 MB after compression)
 1277552 905427        cutoff            305.6425      298.9989  6130483    2.17%          x.7.13 D 1277552 1277551     73
 1286722 911429      304.2727    43      305.6425      299.0065  6174110    2.17%          x.6.10 D 1286722 1286721     66
 1295745 917329      299.0141    51      305.6425      299.0141  6218102    2.17%         x.16.10 D 1295745 527394     36
 1304470 923134      305.1657    40      305.6425      299.0210  6260478    2.17%          x.16.7 D 1304470 1304469     56
 1313686 929120      305.1892    46      305.6425      299.0283  6304551    2.16%         x.32.14 U 1313686 1313685     99
 1322530 934861      303.7317    52      305.6425      299.0356  6347647    2.16%          x.27.7 D 1322530 1322529     61
 1331365 940608      299.3374    53      305.6425      299.0431  6391231    2.16%         x.36.35 D 1331365 1331364     28
 1340223 946420      302.2055    47      305.6425      299.0506  6434466    2.16%         x.24.10 D 1340223 1340222     53
 1349345 952477      304.0271    45      305.6425      299.0579  6478167    2.15%         x.28.19 D 1349345 1349344     65
 1358124 958265      303.8195    53      305.6425      299.0652  6521377    2.15%          x.29.7 D 1358124 1358122     60
Elapsed time = 631.03 sec. (549785.52 ticks, tree = 2569.45 MB, solutions = 15)
Nodefile size = 522.44 MB (255.34 MB after compression)
 1367038 963972      305.0220    41      305.6425      299.0723  6565609    2.15%         x.20.17 U 1367038 1367037     55
 1376501 970020      305.4848    36      305.6425      299.0804  6610991    2.15%          x.28.3 D 1376501 1376500     83
 1385684 975910      301.7270    52      305.6425      299.0882  6655928    2.14%         x.16.10 D 1385684 1385683     48
 1394483 981653        cutoff            305.6425      299.0945  6697855    2.14%          x.3.35 U 1394483 163363     31
 1403602 987502      300.8338    51      305.6425      299.1021  6742594    2.14%          x.29.5 D 1403602 1403601     60
 1413003 993512      299.7812    54      305.6425      299.1092  6787730    2.14%         x.17.22 N 1413003 1413002     36
 1421932 999405      303.1085    48      305.6425      299.1158  6831147    2.14%          x.3.10 D 1421932 1421931     43
 1430772 1005072      301.6619    46      305.6425      299.1227  6873369    2.13%          x.5.13 U 1430772 1430771     35
 1439156 1010497      303.8633    57      305.6425      299.1287  6914155    2.13%          x.0.28 D 1439156 1439155     75
 1447979 1016287      299.6821    60      305.6425      299.1347  6956846    2.13%         x.22.38 N 1447979 1447978     45
Elapsed time = 690.87 sec. (587935.02 ticks, tree = 2719.18 MB, solutions = 15)
Nodefile size = 671.25 MB (324.52 MB after compression)
 1456800 1022031      303.6294    51      305.6425      299.1409  7000203    2.13%           x.4.7 D 1456800 1456799     46
 1466000 1028086      303.8251    59      305.6425      299.1470  7044762    2.13%           x.6.5 D 1466000 1465999     56
 1475098 1034055      302.4141    57      305.6425      299.1536  7087966    2.12%         x.24.39 U 1475098 1475097     49
 1484215 1039974      301.7929    54      305.6425      299.1600  7131377    2.12%          x.0.38 D 1484215 1484214     40
 1492850 1045587      303.5606    48      305.6425      299.1657  7173597    2.12%         x.17.22 D 1492850 1492849     55
 1501637 1051300      300.7430    55      305.6425      299.1724  7216357    2.12%          x.6.10 U 1501637 124180     51
 1510590 1057054        cutoff            305.6425      299.1785  7259268    2.11%          x.31.6 U 1510590 1510589     96
 1519329 1062598      300.5238    54      305.6425      299.1847  7301375    2.11%          x.0.37 D 1519329 1519328     50
 1528470 1068462      300.9403    55      305.6425      299.1909  7345067    2.11%         x.18.38 D 1528470 1528469     49
 1537075 1074088      299.3630    54      305.6425      299.1966  7386600    2.11%          x.36.7 D 1537075 1537073     54
Elapsed time = 751.37 sec. (626089.12 ticks, tree = 2868.28 MB, solutions = 15)
Nodefile size = 821.05 MB (392.72 MB after compression)
 1545749 1079705      299.4875    53      305.6425      299.2020  7428541    2.11%         x.39.10 D 1545749 1545748     38
 1554518 1085340      304.4281    40      305.6425      299.2083  7472131    2.11%         x.12.24 U 1554518 1554517     74
 1563540 1091170      300.9530    52      305.6425      299.2148  7516523    2.10%          x.3.10 D 1563540 1563539     35
 1572735 1097124      304.6679    48      305.6425      299.2214  7561560    2.10%         x.27.10 D 1572735 1572734     43
 1581589 1102887      304.8232    57      305.6425      299.2270  7604678    2.10%         x.12.38 D 1581589 1581588     55
 1590725 1108629      301.9189    55      305.6425      299.2331  7648697    2.10%         x.35.35 D 1590725 1590724     39
 1599932 1114481      305.5149    37      305.6425      299.2395  7694559    2.09%         x.24.12 D 1599932 1599931     76
 1608830 1120200      304.9322    52      305.6425      299.2453  7738984    2.09%          x.27.7 D 1608830 1608829     56
 1618100 1126205      302.9954    46      305.6425      299.2515  7783577    2.09%         x.22.38 D 1618100 1618099     37
 1626740 1131711      301.2739    56      305.6425      299.2571  7825748    2.09%          x.7.13 D 1626740 1626739     45
Elapsed time = 812.38 sec. (664239.38 ticks, tree = 3016.93 MB, solutions = 15)
Nodefile size = 969.84 MB (459.20 MB after compression)
 1635555 1137263      304.4473    54      305.6425      299.2632  7868594    2.09%          x.17.7 D 1635555 1635554     56
 1644763 1143246      300.4729    59      305.6425      299.2693  7912968    2.09%         x.37.10 D 1644763 1644762     34
 1653284 1148696      303.8670    49      305.6425      299.2747  7954659    2.08%         x.16.22 D 1653284 1653283     69
 1662088 1154447        cutoff            305.6425      299.2805  7997959    2.08%         x.32.38 U 1662088 502860     44
 1670792 1160059      303.2264    58      305.6425      299.2865  8040223    2.08%          x.0.28 D 1670792 1670791     58
 1679977 1165940      300.8361    60      305.6425      299.2921  8084708    2.08%         x.16.22 U 1679977 100888     32
 1688923 1171737      304.0768    40      305.6425      299.2981  8127844    2.08%         x.17.22 D 1688923 1688921     43
 1697600 1177195      301.8547    52      305.6425      299.3036  8169569    2.07%          x.7.13 D 1697600 1697599     54
 1706200 1182652      303.4548    49      305.6425      299.3095  8211568    2.07%         x.16.29 U 1706200 1706199     59
 1715303 1188517      304.3055    43      305.6425      299.3148  8255061    2.07%          x.0.27 D 1715303 1715302     58
Elapsed time = 873.07 sec. (702396.09 ticks, tree = 3163.52 MB, solutions = 15)
Nodefile size = 1115.64 MB (522.85 MB after compression)
 1724421 1194415      304.1607    54      305.6425      299.3206  8299176    2.07%          x.6.10 D 1724421 1724420     46
 1733250 1200137      299.7619    50      305.6425      299.3257  8342423    2.07%          x.2.22 D 1733250 1733249     30
 1741825 1205764      301.3900    53      305.6425      299.3306  8383522    2.07%         x.17.22 U 1741825 1741824     59
 1750653 1211396      303.8212    52      305.6425      299.3356  8425766    2.06%          x.0.26 D 1750653 1750652     68
 1759719 1217202      303.5515    46      305.6425      299.3410  8470554    2.06%          x.0.34 D 1759719 1759718     68
 1768633 1223026      302.2144    49      305.6425      299.3461  8514066    2.06%         x.26.12 D 1768633 1768632     50
*1776100+1223579                          305.5446      299.3504             2.03%
 1777112 1224238      302.6441    45      305.5446      299.3509  8555345    2.03%          x.7.13 U 1777112 1777111     54
 1786080 1229972      304.0515    47      305.5446      299.3560  8597126    2.03%         x.15.35 D 1786080 1786079     64
 1795040 1235938      303.2657    42      305.5446      299.3608  8639734    2.02%         x.31.22 D 1795040 1795039     64
 1804492 1241989      304.4560    51      305.5446      299.3662  8683599    2.02%         x.24.30 D 1804492 1804491     58
Elapsed time = 934.86 sec. (740563.76 ticks, tree = 3301.45 MB, solutions = 16)
Nodefile size = 1254.43 MB (581.77 MB after compression)
 1813439 1247781      301.2204    53      305.5446      299.3711  8725486    2.02%          x.0.33 D 1813439 1813438     56
 1822416 1253617        cutoff            305.5446      299.3763  8767694    2.02%          x.0.20 U 1822416 1822415     66
 1831910 1259717      303.5056    52      305.5446      299.3816  8812172    2.02%         x.18.35 D 1831910 1831909     39
 1841260 1265670      300.0557    54      305.5446      299.3874  8856525    2.02%         x.35.10 U 1841260 452611     33
 1850465 1271586        cutoff            305.5446      299.3927  8901754    2.01%         x.35.12 D 1850465 1850464     75
 1859293 1277242      302.3267    48      305.5446      299.3977  8946087    2.01%          x.30.0 U 1859293 1859292     52
 1868069 1282611      301.5558    55      305.5446      299.4029  8990771    2.01%          x.30.0 U 1868069 1868068     51
 1876968 1288262      304.2166    48      305.5446      299.4079  9034979    2.01%          x.2.39 D 1876968 1876966     70
 1885839 1293888      300.8777    46      305.5446      299.4131  9079962    2.01%          x.39.7 D 1885839 1885838     54
 1894699 1299470      304.3613    54      305.5446      299.4178  9124427    2.01%          x.7.13 D 1894699 1894698     60
Elapsed time = 996.47 sec. (778722.84 ticks, tree = 3449.76 MB, solutions = 16)
Nodefile size = 1402.22 MB (645.50 MB after compression)
 1903569 1305045      302.9678    44      305.5446      299.4227  9169085    2.00%          x.3.30 D 1903569 1903567     61
 1912607 1310739      304.1737    47      305.5446      299.4278  9214807    2.00%         x.17.22 D 1912607 1912606     60
 1921782 1316526        cutoff            305.5446      299.4325  9260801    2.00%         x.35.12 D 1921782 1921781     67
 1930687 1322178      302.1252    54      305.5446      299.4376  9306033    2.00%         x.27.28 N 1930687 469311     37
 1939629 1327844      303.3747    52      305.5446      299.4419  9351641    2.00%         x.20.17 N 1939629 1939628     48
 1948740 1333626        cutoff            305.5446      299.4470  9397904    2.00%          x.23.7 U 1948740 1948738     52
 1957350 1338894      302.9798    54      305.5446      299.4526  9441386    1.99%          x.3.10 D 1957350 1957349     40
 1965854 1344270      303.7054    49      305.5446      299.4574  9484118    1.99%          x.0.20 D 1965854 1965853     65
 1974500 1349556      301.0457    43      305.5446      299.4622  9527324    1.99%         x.30.12 D 1974500 1974499     72
 1983192 1355004      302.0497    46      305.5446      299.4666  9570561    1.99%         x.31.22 D 1983192 1983191     57
Elapsed time = 1057.64 sec. (816872.36 ticks, tree = 3593.07 MB, solutions = 16)
Nodefile size = 1546.02 MB (706.45 MB after compression)
 1992029 1360395      303.1064    53      305.5446      299.4717  9614826    1.99%         x.22.38 D 1992029 1992028     41
 2000744 1365739      304.7074    41      305.5446      299.4765  9658582    1.99%          x.8.12 D 2000744 2000743     59
 2009813 1371498      303.2955    42      305.5446      299.4813  9703457    1.98%         x.32.38 D 2009813 2009812     46
 2018881 1377220      299.8076    53      305.5446      299.4858  9747464    1.98%         x.24.30 D 2018881 2018880     58
 2027831 1382937      305.2806    42      305.5446      299.4909  9790818    1.98%         x.32.14 U 2027831 2027830     74
 2036486 1388507      304.4632    53      305.5446      299.4952  9833628    1.98%         x.10.38 D 2036486 2036485     42
 2045281 1394138      301.0895    51      305.5446      299.4996  9876421    1.98%         x.20.38 D 2045281 2045280     68
 2054136 1399650      304.7447    51      305.5446      299.5041  9920154    1.98%          x.8.12 D 2054136 2054135     76
 2063060 1405309      304.0168    33      305.5446      299.5084  9963899    1.98%         x.15.36 D 2063060 2063059     79
 2071999 1410976      301.7860    54      305.5446      299.5131 10008172    1.97%         x.27.10 D 2071999 2071998     45
Elapsed time = 1118.78 sec. (855021.71 ticks, tree = 3737.52 MB, solutions = 16)
Nodefile size = 1689.83 MB (766.27 MB after compression)
 2081071 1416550      305.2588    50      305.5446      299.5177 10052799    1.97%         x.23.21 D 2081071 2081069     68
 2090040 1422071      302.5206    46      305.5446      299.5225 10097315    1.97%         x.27.10 D 2090040 2090039     45
 2099041 1427672      305.1301    51      305.5446      299.5271 10142624    1.97%         x.19.11 U 2099041 2099040     50
 2108060 1433439      304.9769    41      305.5446      299.5315 10187096    1.97%          x.8.28 D 2108060 2108059     67
 2116691 1438830      300.5523    54      305.5446      299.5361 10230009    1.97%         x.28.10 D 2116691 2116690     33
 2125301 1444312      300.8843    59      305.5446      299.5404 10273344    1.97%         x.31.22 U 2125301 512508     36
 2134009 1449706      300.4654    55      305.5446      299.5448 10317591    1.96%         x.37.10 D 2134009 2134008     34
 2143180 1455355      303.3045    46      305.5446      299.5493 10362782    1.96%          x.0.38 D 2143180 2143179     37
 2152217 1460973      303.9275    48      305.5446      299.5537 10407878    1.96%          x.7.13 D 2152217 2152214     59
 2161224 1466556      304.1690    38      305.5446      299.5580 10452966    1.96%          x.31.6 U 2161224 2161223     60
Elapsed time = 1180.39 sec. (893172.02 ticks, tree = 3880.92 MB, solutions = 16)
Nodefile size = 1833.62 MB (825.65 MB after compression)
 2170150 1472032      304.4297    42      305.5446      299.5630 10497906    1.96%           x.2.7 D 2170150 2170149     63
 2178710 1477122      305.0979    34      305.5446      299.5679 10540471    1.96%         x.32.14 U 2178710 2178709     78
 2187250 1482419      302.4460    61      305.5446      299.5721 10583095    1.95%         x.17.22 D 2187250 2187249     37
 2196324 1487962      304.8912    35      305.5446      299.5766 10628373    1.95%         x.12.24 D 2196324 2196323     80
 2205045 1493377      304.4930    47      305.5446      299.5806 10672114    1.95%          x.3.10 D 2205045 2205044     49
 2213910 1498907      304.9692    45      305.5446      299.5847 10716842    1.95%          x.21.5 D 2213910 2213909     68
 2222899 1504510      302.9323    51      305.5446      299.5891 10761300    1.95%          x.9.22 D 2222899 2222898     32
 2231847 1510066      302.6338    48      305.5446      299.5935 10806327    1.95%         x.24.39 U 2231847 2231846     57
 2240558 1515488      303.2819    47      305.5446      299.5973 10849512    1.95%          x.7.13 U 2240558 2240557     55
 2249314 1520956      302.3865    54      305.5446      299.6013 10893289    1.95%          x.0.38 D 2249314 2249313     47
Elapsed time = 1241.22 sec. (931323.17 ticks, tree = 4021.32 MB, solutions = 16)
Nodefile size = 1973.43 MB (882.79 MB after compression)
 2258010 1526291      305.3452    45      305.5446      299.6054 10936735    1.94%          x.24.8 D 2258010 2258009     92
 2266540 1531555      300.3881    50      305.5446      299.6095 10979655    1.94%          x.0.28 D 2266540 2266539     65
 2275584 1537196      302.9534    42      305.5446      299.6136 11024760    1.94%          x.11.7 D 2275584 2275583     55
 2284634 1542731      300.6652    45      305.5446      299.6177 11069912    1.94%         x.36.35 D 2284634 2284632     53
 2293685 1548429      302.0377    54      305.5446      299.6218 11115535    1.94%         x.36.22 D 2293685 2293684     55
 2302522 1553918      299.8663    53      305.5446      299.6257 11159048    1.94%           x.4.7 D 2302522 2302521     50
 2311376 1559372        cutoff            305.5446      299.6294 11202610    1.94%         x.30.12 U 2311376 2311375     71
 2320366 1564977      304.4500    41      305.5446      299.6338 11247246    1.93%         x.28.19 D 2320366 2320365     70
 2329200 1570531      303.4281    42      305.5446      299.6379 11291123    1.93%         x.16.26 D 2329200 2329199     77
 2338089 1576053      303.3547    49      305.5446      299.6414 11335495    1.93%          x.27.7 D 2338089 2338088     55
Elapsed time = 1303.44 sec. (969476.42 ticks, tree = 4163.47 MB, solutions = 16)
Nodefile size = 2116.22 MB (940.77 MB after compression)
 2346964 1581626      300.1363    51      305.5446      299.6453 11379551    1.93%          x.6.10 D 2346964 2346963     37
 2355810 1587172      303.5836    45      305.5446      299.6493 11423079    1.93%          x.20.7 D 2355810 2355809     85
 2364520 1592706      301.5572    48      305.5446      299.6534 11466518    1.93%           x.0.8 D 2364520 2364519     66
 2373170 1598132      299.6805    57      305.5446      299.6574 11509504    1.93%         x.12.38 U 2373170  68343     35
 2381960 1603712      301.6676    53      305.5446      299.6613 11552801    1.93%          x.7.13 D 2381960 2381959     43
 2390422 1609020      304.9368    41      305.5446      299.6650 11594510    1.92%         x.12.29 U 2390422 2390421     55
 2399310 1614670      301.3753    51      305.5446      299.6690 11637968    1.92%         x.30.10 D 2399310 2399309     37
 2408125 1620284        cutoff            305.5446      299.6727 11681382    1.92%          x.8.12 U 2408125 2408123     61
 2416735 1625741      301.8463    56      305.5446      299.6762 11723583    1.92%         x.28.10 D 2416735 2416734     42
 2425460 1631356      301.1657    50      305.5446      299.6797 11766669    1.92%         x.10.22 D 2425460 2425459     42
Elapsed time = 1365.15 sec. (1007669.05 ticks, tree = 4306.18 MB, solutions = 16)
Nodefile size = 2259.03 MB (997.62 MB after compression)
 2434095 1636627      305.4255    49      305.5446      299.6834 11808597    1.92%          x.15.5 D 2434095 2434094     50
 2442580 1642038      302.9354    39      305.5446      299.6872 11850572    1.92%          x.36.7 D 2442580 2442579     53
 2451610 1647688        cutoff            305.5446      299.6908 11894013    1.92%         x.30.10 U 2451610 292999     52
 2460722 1653345      302.6415    49      305.5446      299.6949 11938222    1.91%          x.27.7 D 2460722 2460721     61
 2469820 1658847      301.6960    44      305.5446      299.6989 11983057    1.91%          x.8.12 U 2469820 2469818     59
 2478525 1664243      302.4811    54      305.5446      299.7028 12026113    1.91%          x.2.10 D 2478525 2478524     44
 2487409 1669727      302.9654    51      305.5446      299.7066 12069392    1.91%         x.13.38 D 2487409 2487408     45
 2496176 1675220      305.1075    54      305.5446      299.7101 12113424    1.91%          x.29.7 U 2496176 2496173     56
 2504931 1680631      300.3839    51      305.5446      299.7138 12156964    1.91%         x.13.38 D 2504931 2504930     53
 2513759 1686087      300.0303    54      305.5446      299.7179 12199955    1.91%         x.18.38 D 2513759 2513758     37
Elapsed time = 1426.88 sec. (1045822.14 ticks, tree = 4447.43 MB, solutions = 16)
Nodefile size = 2399.83 MB (1052.98 MB after compression)
 2522184 1691360      303.4728    48      305.5446      299.7212 12241183    1.91%           x.7.7 D 2522184 2522183     59
 2531333 1697074      303.5486    50      305.5446      299.7252 12286190    1.90%          x.3.12 D 2531333 2531332     50
 2540363 1702731      302.8121    61      305.5446      299.7288 12330316    1.90%         x.13.38 D 2540363 2540362     50
 2549140 1708296      300.6020    52      305.5446      299.7325 12372675    1.90%          x.5.10 D 2549140 2549139     35
 2558023 1713793      300.1408    57      305.5446      299.7360 12416347    1.90%         x.24.15 D 2558023 2558022     55
 2567246 1719513      303.3814    54      305.5446      299.7399 12461628    1.90%          x.36.7 D 2567246 2567245     54
 2576607 1725488        cutoff            305.5446      299.7434 12507792    1.90%          x.7.13 D 2576607 2576606     59
 2585870 1731317      301.9994    51      305.5446      299.7469 12554084    1.90%          x.11.7 D 2585870 2585869     63
 2594943 1736898      303.1995    46      305.5446      299.7508 12599292    1.90%          x.21.5 D 2594943 2594942     78
 2604030 1742618      304.4749    43      305.5446      299.7546 12644187    1.89%         x.13.11 U 2604030 2604029     64
Elapsed time = 1490.17 sec. (1084004.52 ticks, tree = 4593.31 MB, solutions = 16)
Nodefile size = 2545.63 MB (1110.26 MB after compression)
 2613176 1748412        cutoff            305.5446      299.7583 12688982    1.89%         x.16.22 U 2613176 2613174     41
 2622024 1754059      302.1317    51      305.5446      299.7616 12732555    1.89%         x.32.38 D 2622024 2622023     64
 2631001 1759792      303.8561    49      305.5446      299.7650 12776570    1.89%          x.29.5 U 2631001 2630998     64
 2640143 1765588        cutoff            305.5446      299.7682 12821293    1.89%          x.7.13 D 2640143 2640141     66
 2649424 1771348      302.7155    51      305.5446      299.7719 12867420    1.89%          x.36.7 N 2649424 2649423     46
 2658640 1777085      300.5843    47      305.5446      299.7756 12913029    1.89%          x.15.5 D 2658640 2658639     65
 2667460 1782569      303.4166    51      305.5446      299.7791 12956839    1.89%         x.20.17 D 2667460 2667458     57
 2676400 1788166      304.1466    36      305.5446      299.7825 13000348    1.89%         x.32.14 U 2676400 2676399     80
 2685200 1793578      303.1336    42      305.5446      299.7862 13043658    1.88%         x.28.19 D 2685200 2685199     70
 2694043 1799070      304.2610    55      305.5446      299.7894 13088288    1.88%           x.2.7 D 2694043 2694042     70
Elapsed time = 1553.30 sec. (1122163.75 ticks, tree = 4738.99 MB, solutions = 16)
Nodefile size = 2691.43 MB (1166.94 MB after compression)
 2703170 1804864      303.3653    58      305.5446      299.7926 13132905    1.88%          x.23.7 D 2703170 2703169     62
 2712245 1810487      301.0370    57      305.5446      299.7963 13177594    1.88%         x.28.10 D 2712245 2712244     36
 2721500 1816233      304.5186    49      305.5446      299.7999 13222409    1.88%          x.23.7 D 2721500 2721499     50
 2730663 1821931      304.2510    50      305.5446      299.8035 13267315    1.88%         x.13.38 D 2730663 2730662     60
 2739862 1827539      303.6802    56      305.5446      299.8070 13312113    1.88%          x.20.7 D 2739862 2739861     63
 2749156 1833277      301.6959    54      305.5446      299.8106 13357194    1.88%         x.35.35 D 2749156 2749155     37
 2758221 1838987      300.1226    49      305.5446      299.8141 13402078    1.88%         x.19.11 D 2758221 2286515     61
 2767223 1844619      300.6635    59      305.5446      299.8173 13446620    1.87%         x.10.38 U 2767223 2603280     54
 2776251 1850243      304.4905    47      305.5446      299.8208 13491202    1.87%         x.35.12 U 2776251 2776249     58
 2785113 1855816      303.2692    45      305.5446      299.8240 13535443    1.87%          x.3.30 U 2785113 2785112     53
Elapsed time = 1617.38 sec. (1160313.63 ticks, tree = 4885.43 MB, solutions = 16)
Nodefile size = 2838.23 MB (1223.33 MB after compression)
 2794277 1861537      301.1571    51      305.5446      299.8276 13580251    1.87%           x.6.5 D 2794277 2794276     60
 2803646 1867310      301.8422    46      305.5446      299.8314 13626309    1.87%         x.24.10 D 2803646 2803645     70
 2812704 1873043        cutoff            305.5446      299.8348 13671097    1.87%          x.0.34 U 2812704 2812702     55
 2821736 1878655      304.5029    39      305.5446      299.8383 13715072    1.87%         x.20.38 D 2821736 2821735     56
 2830899 1884428      305.2541    45      305.5446      299.8418 13760713    1.87%          x.2.22 D 2830899 2830898     60
 2840345 1890296      301.5921    48      305.5446      299.8456 13807041    1.87%         x.23.21 D 2840345 2840344     53
 2849496 1896053        cutoff            305.5446      299.8487 13852558    1.86%         x.21.24 U 2849496 2849494     89
 2858578 1901794      303.6937    46      305.5446      299.8523 13897882    1.86%         x.23.21 U 2858578 2858576     59
 2867816 1907513      299.9643    46      305.5446      299.8556 13943269    1.86%         x.24.10 N 2867816 2867815     52
 2876827 1913037      303.7888    43      305.5446      299.8589 13988166    1.86%         x.28.19 D 2876827 2876826     89
Elapsed time = 1681.86 sec. (1198471.69 ticks, tree = 5033.10 MB, solutions = 16)
Nodefile size = 2986.04 MB (1280.21 MB after compression)
 2885961 1918754      300.2135    50      305.5446      299.8621 14032312    1.86%          x.5.10 D 2885961 2885960     34
 2894876 1924219      302.2786    45      305.5446      299.8654 14076484    1.86%           x.7.7 D 2894876 2894875     70
 2904053 1929844      304.6460    47      305.5446      299.8687 14122073    1.86%          x.0.20 D 2904053 2904052     57
 2913335 1935510      304.0106    40      305.5446      299.8722 14168157    1.86%           x.4.7 D 2913335 2913334     84
 2922140 1940911        cutoff            305.5446      299.8753 14212481    1.86%         x.19.11 D 2922140 2922138     80
 2930848 1946276      303.9142    38      305.5446      299.8785 14255903    1.85%         x.16.24 D 2930848 2930847     63
 2940290 1951969      300.5889    54      305.5446      299.8819 14302379    1.85%         x.15.36 U 2940290 2816775     51
 2949416 1957555      304.3962    56      305.5446      299.8852 14346865    1.85%         x.39.10 D 2949416 2949415     34
 2958180 1962883        cutoff            305.5446      299.8888 14391246    1.85%         x.23.21 D 2958180 2958178     58
 2967134 1968400      301.0579    57      305.5446      299.8922 14436452    1.85%         x.10.38 D 2967134 2967133     53
Elapsed time = 1745.12 sec. (1236620.46 ticks, tree = 5175.99 MB, solutions = 16)
Nodefile size = 3128.85 MB (1334.56 MB after compression)
 2976221 1973993      302.5812    52      305.5446      299.8956 14482098    1.85%         x.24.39 U 2976221 2976220     50
 2985448 1979566      302.4512    51      305.5446      299.8992 14528393    1.85%          x.2.22 D 2985448 2985447     47
 2994770 1985339      303.9554    47      305.5446      299.9023 14574498    1.85%          x.11.7 D 2994770 2994769     53
 3003662 1990841      302.3166    51      305.5446      299.9056 14617984    1.85%          x.0.31 D 3003662 3003661     58
 3012507 1996274      305.4979    33      305.5446      299.9088 14662216    1.84%           x.6.5 D 3012507 3012506     56
 3021439 2001817      303.4952    50      305.5446      299.9116 14705180    1.84%         x.27.10 D 3021439 3021438     45
 3030550 2007451      300.7009    55      305.5446      299.9150 14750613    1.84%          x.16.7 D 3030550 3030549     46
 3039775 2013172      304.9870    44      305.5446      299.9187 14796439    1.84%          x.0.37 D 3039775 3039774     57
 3049056 2018930        cutoff            305.5446      299.9220 14842701    1.84%          x.0.10 U 3049056 3049054     59
 3058194 2024488      303.9409    46      305.5446      299.9255 14887797    1.84%          x.5.34 D 3058194 3058192     62
Elapsed time = 1809.02 sec. (1274769.84 ticks, tree = 5320.74 MB, solutions = 16)
Nodefile size = 3273.66 MB (1389.08 MB after compression)
 3067430 2030031      304.1736    50      305.5446      299.9287 14934161    1.84%          x.36.7 D 3067430 3067429     55
 3076660 2035656      301.2130    56      305.5446      299.9317 14979276    1.84%          x.2.22 D 3076660 3076659     38
 3085889 2041251      301.4629    55      305.5446      299.9351 15025207    1.84%         x.36.35 D 3085889 3085888     43
 3094920 2046727      301.2950    44      305.5446      299.9384 15070453    1.83%         x.24.30 D 3094920 3094919     64
 3103843 2052053      301.2423    47      305.5446      299.9418 15114644    1.83%          x.7.13 D 3103843 3103842     56
 3113220 2057757      303.3618    50      305.5446      299.9450 15160870    1.83%          x.3.30 U 3113220 3113219     48
 3122429 2063317      302.4689    61      305.5446      299.9481 15206181    1.83%          x.5.10 D 3122429 3122428     41
 3131459 2068851      302.5565    57      305.5446      299.9512 15249838    1.83%         x.28.10 N 3131459 3131458     30
 3140251 2074159      302.2177    64      305.5446      299.9543 15293926    1.83%          x.29.7 D 3140251 3140250     51
 3148803 2079345      302.0335    45      305.5446      299.9575 15336269    1.83%          x.3.35 D 3148803 3148802     40
Elapsed time = 1872.10 sec. (1312920.52 ticks, tree = 5462.34 MB, solutions = 16)
Nodefile size = 3414.48 MB (1441.84 MB after compression)
 3157805 2084907      305.1879    45      305.5446      299.9601 15380113    1.83%          x.2.39 D 3157805 3157804     70
 3167026 2090512      304.2883    54      305.5446      299.9633 15424923    1.83%          x.29.7 D 3167026 3167025     43
 3176080 2096150      301.6546    42      305.5446      299.9664 15469745    1.83%         x.35.10 D 3176080 3176079     61
 3185207 2101739      304.9820    52      305.5446      299.9696 15514446    1.82%         x.22.15 D 3185207 3185204     47
 3194354 2107429        cutoff            305.5446      299.9727 15560229    1.82%         x.23.21 D 3194354 3194352     65
 3203611 2113292      300.5536    49      305.5446      299.9756 15605099    1.82%           x.4.7 N 3203611 3203610     47
 3212637 2118870      301.2367    55      305.5446      299.9788 15649460    1.82%         x.24.10 D 3212637 3212636     78
 3221474 2124301      300.6848    50      305.5446      299.9818 15693493    1.82%         x.32.38 D 3221474 3221473     42
 3230298 2129679      302.4465    56      305.5446      299.9849 15737235    1.82%         x.30.10 D 3230298 3230297     44
 3239070 2135182      304.6858    39      305.5446      299.9877 15779960    1.82%          x.8.12 U 3239070 3239069     61
Elapsed time = 1936.56 sec. (1351136.24 ticks, tree = 5606.43 MB, solutions = 16)
Nodefile size = 3559.30 MB (1496.09 MB after compression)
 3247990 2140797      304.3837    43      305.5446      299.9904 15824070    1.82%          x.29.5 D 3247990 3247989     65
 3257180 2146335      302.7990    43      305.5446      299.9934 15869661    1.82%         x.30.12 D 3257180 3257179     67
 3266493 2151975      302.5903    46      305.5446      299.9964 15915680    1.82%          x.8.12 D 3266493 3266492     56
 3275805 2157645      302.1981    43      305.5446      299.9995 15961096    1.81%          x.0.28 D 3275805 3275804     60
 3285121 2163357      301.0463    56      305.5446      300.0027 16006462    1.81%          x.0.10 D 3285121 3285120     66
 3294102 2168918      301.5586    42      305.5446      300.0053 16051464    1.81%          x.29.7 U 3294102 3294100     55
 3303109 2174342      301.7592    43      305.5446      300.0082 16096872    1.81%         x.12.24 D 3303109 3303107     73
 3312065 2179868      303.2471    43      305.5446      300.0108 16140613    1.81%         x.24.39 U 3312065 3312064     51
 3321162 2185316      301.0474    48      305.5446      300.0138 16185892    1.81%          x.3.10 D 3321162 3321161     29
 3330390 2190828      301.7105    56      305.5446      300.0166 16231390    1.81%         x.13.38 D 3330390 3330389     42
Elapsed time = 2001.27 sec. (1389286.32 ticks, tree = 5750.08 MB, solutions = 16)
Nodefile size = 3702.13 MB (1549.18 MB after compression)
 3339621 2196359      304.3125    45      305.5446      300.0195 16277451    1.81%          x.3.30 D 3339621 3339619     53
 3348899 2202059        cutoff            305.5446      300.0225 16323192    1.81%         x.11.10 U 3348899 2627972     37
 3358003 2207629      304.0546    51      305.5446      300.0253 16368516    1.81%          x.0.20 D 3358003 3358001     52
 3366914 2213067      304.6985    45      305.5446      300.0280 16412325    1.81%         x.13.38 D 3366914 3366913     69
 3375730 2218391      303.6388    47      305.5446      300.0305 16456720    1.80%          x.0.31 D 3375730 3375729     60
 3384588 2223683      300.8579    56      305.5446      300.0333 16500941    1.80%          x.0.37 D 3384588 3384587     58
 3393203 2228933      303.7190    46      305.5446      300.0357 16543752    1.80%          x.27.7 D 3393203 3393202     72
 3402018 2234187      303.1254    58      305.5446      300.0385 16586852    1.80%         x.16.29 D 3402018 3402016     51
 3410774 2239433      304.7919    45      305.5446      300.0412 16630728    1.80%         x.16.29 U 3410774 3410773     53
 3419825 2244786      301.3899    49      305.5446      300.0441 16675515    1.80%         x.31.22 N 3419825 3419824     51
Elapsed time = 2065.04 sec. (1427435.53 ticks, tree = 5889.34 MB, solutions = 16)
Nodefile size = 3841.96 MB (1600.69 MB after compression)
 3428943 2250415      303.1122    54      305.5446      300.0471 16720967    1.80%         x.12.38 D 3428943 3428942     47
 3438122 2255755        cutoff            305.5446      300.0501 16767449    1.80%          x.5.10 U 3438122 709557     35
 3447159 2261216      302.3929    41      305.5446      300.0528 16812060    1.80%         x.11.10 D 3447159 3447158     69
 3456323 2266690      302.8665    43      305.5446      300.0556 16856122    1.80%         x.36.22 D 3456323 3456322     66
 3465369 2272134      301.6340    55      305.5446      300.0584 16901842    1.80%         x.24.39 U 3465369 3465368     49
 3474400 2277679      300.5674    47      305.5446      300.0612 16946106    1.79%          x.5.13 D 3474400 3474399     55
 3483603 2283293        cutoff            305.5446      300.0638 16992148    1.79%         x.37.10 U 3483603 2329415     36
 3492800 2288776      300.9174    46      305.5446      300.0666 17037395    1.79%          x.0.28 D 3492800 3492799     58
 3501626 2294141      304.8680    43      305.5446      300.0693 17081857    1.79%         x.20.24 U 3501626 3501625     88
 3510281 2299329      300.7102    52      305.5446      300.0718 17124352    1.79%         x.30.10 D 3510281 3510280     51
Elapsed time = 2129.21 sec. (1465592.27 ticks, tree = 6030.12 MB, solutions = 16)
Nodefile size = 3982.79 MB (1652.39 MB after compression)
 3519096 2304758      304.0574    53      305.5446      300.0746 17167988    1.79%         x.24.39 U 3519096 3519095     47
 3528084 2310148        cutoff            305.5446      300.0776 17212179    1.79%           x.4.7 U 3528084 3528082     53
 3536978 2315459      302.3625    54      305.5446      300.0804 17256241    1.79%          x.0.33 D 3536978 3536977     80
 3545880 2320934      301.5162    42      305.5446      300.0828 17300043    1.79%         x.30.12 D 3545880 3545879     63
 3555130 2326557      301.8249    48      305.5446      300.0857 17345610    1.79%         x.27.10 D 3555130 3555129     42
 3564023 2331902      304.6678    44      305.5446      300.0885 17389114    1.79%          x.9.22 U 3564023 3564021     47
 3572863 2337157      301.6791    46      305.5446      300.0910 17433099    1.78%         x.17.22 D 3572863 3572862     51
 3581724 2342503        cutoff            305.5446      300.0935 17476893    1.78%         x.20.38 U 3581724 3581722     59
 3590699 2347977      303.3699    56      305.5446      300.0962 17521309    1.78%         x.36.22 U 3590699 1416776     54
 3600068 2353609      301.8451    44      305.5446      300.0990 17567191    1.78%          x.23.7 U 3600068 2332325     54
Elapsed time = 2193.17 sec. (1503742.40 ticks, tree = 6170.24 MB, solutions = 16)
Nodefile size = 4122.63 MB (1703.06 MB after compression)
 3609380 2359441      304.1160    51      305.5446      300.1016 17613852    1.78%         x.24.15 D 3609380 3609379     65
 3618622 2365236        cutoff            305.5446      300.1041 17659553    1.78%         x.18.38 U 3618622 2499790     47
 3627979 2370872      300.2754    53      305.5446      300.1070 17705704    1.78%         x.37.10 N 3627979 1170777     30
 3637142 2376337      301.3508    53      305.5446      300.1096 17751779    1.78%          x.11.7 D 3637142 3637141     65
 3646227 2381817      303.9575    33      305.5446      300.1122 17796410    1.78%         x.10.28 D 3646227 3646226     81
 3655079 2387232        cutoff            305.5446      300.1147 17840889    1.78%         x.12.24 D 3655079 3655078     78
 3663812 2392581      304.5179    33      305.5446      300.1171 17883650    1.78%         x.20.10 D 3663812 3663811     76
 3672529 2397872      302.0468    52      305.5446      300.1197 17927105    1.78%          x.27.7 D 3672529 3672528     60
 3681671 2403379      302.5883    52      305.5446      300.1222 17972194    1.77%         x.23.21 D 3681671 3681670     60
 3690970 2409008      301.6205    53      305.5446      300.1247 18018310    1.77%         x.37.10 D 3690970 3690969     34
Elapsed time = 2257.97 sec. (1541892.90 ticks, tree = 6313.23 MB, solutions = 16)
Nodefile size = 4265.46 MB (1755.25 MB after compression)
 3700155 2414372      304.4324    43      305.5446      300.1273 18063392    1.77%          x.28.3 D 3700155 3700154     81
 3708788 2419623        cutoff            305.5446      300.1298 18106034    1.77%         x.23.35 U 3708788 484264     22
 3717899 2425177      303.2782    55      305.5446      300.1321 18150825    1.77%         x.13.38 D 3717899 3717898     53
 3727216 2430712      302.2896    50      305.5446      300.1347 18196856    1.77%          x.11.7 D 3727216 3727215     62
 3736464 2436228      302.4725    47      305.5446      300.1376 18242408    1.77%         x.20.35 D 3736464 3736463     52
 3745140 2441393      305.0795    37      305.5446      300.1401 18284672    1.77%         x.10.15 D 3745140 3745139     69
 3754160 2446718      301.6447    54      305.5446      300.1429 18329411    1.77%         x.28.10 D 3754160 3754159     33
 3763183 2451951      302.9066    38      305.5446      300.1455 18374283    1.77%         x.12.24 D 3763183 3763182     58
 3772320 2457275      301.9951    52      305.5446      300.1480 18418724    1.77%          x.2.22 D 3772320 3772319     53
 3781185 2462528      300.9221    59      305.5446      300.1506 18463903    1.77%         x.35.10 D 3781185 3781184     34
Elapsed time = 2320.85 sec. (1580042.76 ticks, tree = 6451.36 MB, solutions = 16)
Nodefile size = 4404.30 MB (1805.60 MB after compression)
 3790170 2467942        cutoff            305.5446      300.1532 18508773    1.76%         x.20.35 U 3790170 3790168     46
 3799044 2473127      300.7550    51      305.5446      300.1558 18552921    1.76%         x.28.10 D 3799044 3799043     34
 3807880 2478292      305.2815    57      305.5446      300.1585 18597306    1.76%         x.36.22 D 3807880 3807879     50
 3816975 2483663      304.6641    50      305.5446      300.1612 18642810    1.76%         x.22.38 D 3816975 3816974     48
 3826034 2488959      302.2758    46      305.5446      300.1639 18688546    1.76%          x.3.30 N 3826034 3826033     46
 3835288 2494496      304.7262    49      305.5446      300.1664 18733578    1.76%           x.7.7 D 3835288 3835287     58
 3844559 2499994      300.8850    49      305.5446      300.1690 18779464    1.76%         x.13.38 D 3844559 3844558     58
 3853808 2505446      303.4793    37      305.5446      300.1715 18824980    1.76%         x.28.22 D 3853808 3853806     76
 3862510 2510745      305.5357    48      305.5446      300.1739 18868647    1.76%          x.0.24 D 3862510 3862509     49
 3871165 2515858      300.2047    54      305.5446      300.1764 18910986    1.76%          x.5.13 N 3871165 1638486     55
Elapsed time = 2383.45 sec. (1618194.51 ticks, tree = 6589.04 MB, solutions = 16)
Nodefile size = 4541.14 MB (1855.76 MB after compression)
 3880291 2521329      304.5704    46      305.5446      300.1791 18956589    1.76%          x.26.5 D 3880291 3880289     68
 3889377 2526772      300.6730    52      305.5446      300.1818 19002436    1.76%          x.23.7 D 3889377 3889376     61
 3898479 2532243      300.3968    62      305.5446      300.1844 19047993    1.75%         x.10.38 D 3898479 3898478     45
 3907811 2537745      305.2970    41      305.5446      300.1872 19095118    1.75%         x.23.35 D 3907811 3907810     44
 3917140 2543283      304.9713    41      305.5446      300.1897 19140822    1.75%         x.12.24 D 3917140 3917139     81
 3926363 2548787      303.4217    48      305.5446      300.1924 19186918    1.75%         x.30.12 D 3926363 3926362     71
 3935523 2554184      304.0603    47      305.5446      300.1949 19232754    1.75%          x.23.7 D 3935523 3935522     54
 3944650 2559706      303.7422    56      305.5446      300.1975 19277162    1.75%         x.36.35 D 3944650 3944649     44
 3953930 2565361      303.1596    48      305.5446      300.1999 19323305    1.75%         x.35.10 D 3953930 3953929     52
 3963186 2570933        cutoff            305.5446      300.2023 19369354    1.75%          x.2.10 U 3963186 482797     46
Elapsed time = 2447.43 sec. (1656344.96 ticks, tree = 6731.20 MB, solutions = 16)
Nodefile size = 4683.98 MB (1907.60 MB after compression)
 3972295 2576286      302.9608    51      305.5446      300.2050 19415999    1.75%         x.32.38 D 3972295 3972294     36
 3981612 2581699      301.3947    49      305.5446      300.2076 19462272    1.75%         x.35.10 D 3981612 3981611     40
 3990800 2587326      303.9639    57      305.5446      300.2100 19507860    1.75%         x.20.35 D 3990800 3990799     43
 4000109 2592803        cutoff            305.5446      300.2126 19553684    1.75%         x.11.10 U 4000109 1722674     41
 4009037 2598094      304.5119    41      305.5446      300.2149 19598696    1.74%          x.16.0 D 4009037 4009036     64
 4018258 2603576      302.1822    50      305.5446      300.2174 19643939    1.74%         x.20.17 U 4018258 4018257     64
 4027343 2609020      301.1470    49      305.5446      300.2197 19689491    1.74%          x.0.38 D 4027343 4027342     42
 4036550 2614564      305.2212    47      305.5446      300.2221 19734863    1.74%         x.19.11 U 4036550 4036549     60
 4045650 2620070      302.1702    52      305.5446      300.2245 19779535    1.74%          x.27.7 D 4045650 4045649     70
 4054758 2625438      302.8517    51      305.5446      300.2268 19825423    1.74%         x.22.12 D 4054758 4054757     59
Elapsed time = 2510.93 sec. (1694495.15 ticks, tree = 6871.89 MB, solutions = 16)
Nodefile size = 4824.83 MB (1958.44 MB after compression)
 4063984 2630930        cutoff            305.5446      300.2292 19871122    1.74%          x.0.27 U 4063984 4063982     66
 4072747 2636108      303.7396    48      305.5446      300.2313 19914693    1.74%         x.19.11 D 4072747 4072746     51
 4081600 2641498      304.9474    43      305.5446      300.2336 19959176    1.74%          x.27.5 D 4081600 4081599     65
 4090409 2646753      303.5832    43      305.5446      300.2359 20002912    1.74%          x.29.7 D 4090409 4090408     72
 4098707 2651720      302.4051    42      305.5446      300.2380 20044328    1.74%         x.24.30 N 4098707 4098706     75
 4107412 2657077      304.1894    41      305.5446      300.2403 20087168    1.74%         x.30.12 D 4107412 4107411     70
 4115784 2662168      305.2900    43      305.5446      300.2423 20128761    1.74%         x.28.11 U 4115784 4115783     67
 4124320 2667195      305.3301    57      305.5446      300.2446 20171855    1.73%         x.30.12 D 4124320 4124318     56
 4132947 2672286      300.4421    56      305.5446      300.2468 20214221    1.73%         x.24.39 N 4132947 873380     48
 4141460 2677455      303.1893    45      305.5446      300.2490 20256523    1.73%          x.15.5 D 4141460 4141459     55
Elapsed time = 2576.17 sec. (1732679.22 ticks, tree = 7006.17 MB, solutions = 16)
Nodefile size = 4958.68 MB (2006.74 MB after compression)
 4149856 2682474        cutoff            305.5446      300.2512 20298381    1.73%         x.27.28 U 4149856 2144388     31
 4158337 2687532      301.9325    53      305.5446      300.2534 20340797    1.73%          x.5.26 D 4158337 4158336     78
 4166990 2692760      303.3579    46      305.5446      300.2557 20383252    1.73%         x.30.22 D 4166990 4166989     48
 4175936 2698194      303.0309    55      305.5446      300.2580 20426811    1.73%          x.20.7 D 4175936 4175935     74
 4184360 2703257      303.6117    56      305.5446      300.2600 20469862    1.73%         x.37.10 D 4184360 4184359     38
 4192765 2708264      301.2485    48      305.5446      300.2623 20512324    1.73%         x.13.11 U 4192765 4192764     57
 4201349 2713216      304.2016    46      305.5446      300.2645 20554115    1.73%         x.16.26 D 4201349 4201348     84
 4209754 2718163      301.2075    56      305.5446      300.2668 20596302    1.73%         x.30.10 D 4209754 4209753     45
 4218300 2723144      303.6872    43      305.5446      300.2689 20638241    1.73%           x.4.7 D 4218300 4218299     54
 4226831 2728252      302.8956    49      305.5446      300.2711 20680490    1.73%          x.8.12 D 4226831 4226830     61
Elapsed time = 2636.17 sec. (1770829.32 ticks, tree = 7137.30 MB, solutions = 16)
Nodefile size = 5089.53 MB (2053.45 MB after compression)
 4235660 2733344      300.6233    46      305.5446      300.2736 20723724    1.73%         x.16.10 D 4235660 4235659     31
 4244150 2738396      300.5168    53      305.5446      300.2758 20766366    1.72%         x.13.38 D 4244150 4244149     59
 4252831 2743546      302.9430    55      305.5446      300.2779 20809967    1.72%           x.4.7 D 4252831 4252830     50
 4261020 2748469      302.9933    45      305.5446      300.2798 20850379    1.72%          x.6.10 D 4261020 4261019     43
 4269461 2753521      303.1021    42      305.5446      300.2819 20891658    1.72%           x.4.7 D 4269461 4269460     57
 4277757 2758386      304.4473    47      305.5446      300.2839 20932887    1.72%         x.24.39 N 4277757 4277755     45
 4286146 2763372      302.8882    49      305.5446      300.2860 20974433    1.72%         x.36.35 D 4286146 4286145     36
 4294764 2768620        cutoff            305.5446      300.2881 21017616    1.72%         x.22.15 D 4294764 4294763     60
 4303231 2773595      302.7364    46      305.5446      300.2902 21059588    1.72%          x.0.27 D 4303231 4303230     65
 4311976 2778678      302.1522    37      305.5446      300.2925 21102800    1.72%         x.23.21 U 4311976 4311975     64
Elapsed time = 2696.62 sec. (1808978.88 ticks, tree = 7267.45 MB, solutions = 16)
Nodefile size = 5220.39 MB (2100.46 MB after compression)
 4320481 2783683      304.1431    54      305.5446      300.2947 21145612    1.72%          x.0.24 D 4320481 4320480     53
 4329177 2788831      305.5270    37      305.5446      300.2969 21188604    1.72%          x.8.30 N 4329177 4329176     73
 4337821 2793945      302.5476    61      305.5446      300.2989 21232276    1.72%         x.32.38 D 4337821 4337820     55
 4346394 2798853      302.1028    48      305.5446      300.3013 21275186    1.72%         x.30.22 D 4346394 4346393     54
 4355100 2803912      301.8694    51      305.5446      300.3035 21318446    1.72%         x.22.38 D 4355100 4355099     54
 4363451 2808829      301.7371    49      305.5446      300.3057 21359103    1.71%           x.4.7 D 4363451 4363450     48
 4371858 2813732      305.3623    43      305.5446      300.3079 21401131    1.71%          x.36.7 D 4371858 4371857     61
 4380137 2818512      303.6807    45      305.5446      300.3101 21442644    1.71%          x.2.10 D 4380137 4380136     68
 4388674 2823534      303.4975    50      305.5446      300.3123 21486127    1.71%          x.17.7 D 4388674 4388673     66
 4397181 2828507      303.0487    49      305.5446      300.3145 21528274    1.71%          x.20.7 D 4397181 4397180     56
Elapsed time = 2758.02 sec. (1847212.64 ticks, tree = 7396.11 MB, solutions = 16)
Nodefile size = 5348.26 MB (2146.30 MB after compression)
 4405460 2833304      300.3165    54      305.5446      300.3165 21569474    1.71%          x.0.24 D 4405460 2546608     65
 4413885 2838141      305.2941    54      305.5446      300.3186 21612073    1.71%         x.32.14 D 4413885 4413883     78
 4422583 2843247      305.0822    34      305.5446      300.3207 21654818    1.71%         x.30.12 D 4422583 4422582     89
 4431154 2848146        cutoff            305.5446      300.3227 21697433    1.71%         x.13.11 D 4431154 4431152     60
 4439682 2853098      301.6568    52      305.5446      300.3248 21740325    1.71%         x.20.38 D 4439682 4439681     49
 4448387 2858092      300.5866    56      305.5446      300.3270 21783528    1.71%           x.2.7 U 4448387  64387     48
 4456867 2863110      303.9306    45      305.5446      300.3291 21825807    1.71%          x.8.30 D 4456867 4456866     67
 4465645 2868161      302.5292    56      305.5446      300.3313 21869858    1.71%         x.30.22 D 4465645 4465644     61
 4473978 2873049      304.8003    48      305.5446      300.3332 21911965    1.71%          x.31.6 U 4473978 4473977     70
 4482370 2877980      305.4377    40      305.5446      300.3352 21954088    1.70%         x.13.11 U 4482370 4482369     64
Elapsed time = 2819.13 sec. (1885361.76 ticks, tree = 7523.83 MB, solutions = 16)
Nodefile size = 5476.13 MB (2192.47 MB after compression)
 4490805 2882915      304.4863    40      305.5446      300.3372 21996653    1.70%         x.10.24 D 4490805 4490804     75
 4499565 2888075        cutoff            305.5446      300.3393 22040023    1.70%         x.35.12 U 4499565 4499563     65
 4507903 2892882      304.2221    54      305.5446      300.3415 22081883    1.70%          x.8.12 D 4507903 4507902     50
 4516272 2897752      304.8892    53      305.5446      300.3435 22123719    1.70%          x.0.34 U 4516272 4516270     65
 4524626 2902620      302.7991    57      305.5446      300.3455 22165389    1.70%         x.30.10 D 4524626 4524625     43
 4533246 2907675        cutoff            305.5446      300.3477 22208943    1.70%          x.23.7 U 4533246 4533244     74
 4541668 2912605      302.9937    52      305.5446      300.3498 22251403    1.70%         x.17.22 U 4541668 4541666     24
 4550139 2917565      303.7077    34      305.5446      300.3516 22294879    1.70%         x.15.36 D 4550139 4550137     76
 4558535 2922635      304.0808    46      305.5446      300.3536 22337650    1.70%           x.7.7 D 4558535 4558534     49
 4566912 2927516      303.5560    56      305.5446      300.3556 22380364    1.70%          x.5.10 D 4566912 4566911     34
Elapsed time = 2878.96 sec. (1923539.43 ticks, tree = 7651.71 MB, solutions = 16)
Nodefile size = 5604.00 MB (2238.07 MB after compression)
 4575666 2932729      301.6899    57      305.5446      300.3577 22424617    1.70%         x.30.10 D 4575666 4575665     39
 4584215 2937647      304.5385    54      305.5446      300.3597 22467145    1.70%          x.2.10 D 4584215 4584214     75
 4592850 2942692      304.5043    40      305.5446      300.3618 22510467    1.70%          x.10.8 D 4592850 4592849     69
 4601270 2947446      302.0585    54      305.5446      300.3639 22553740    1.70%          x.5.13 D 4601270 4601269     51
 4609977 2952368      302.3930    49      305.5446      300.3659 22598150    1.69%         x.17.22 D 4609977 4609976     40
 4618321 2957281      302.0637    50      305.5446      300.3679 22639918    1.69%         x.10.22 U 4618321 464121     27
 4626995 2962238      302.3810    46      305.5446      300.3704 22683364    1.69%          x.11.7 D 4626995 4626994     64
 4635689 2967298      301.0886    57      305.5446      300.3725 22727053    1.69%         x.24.10 U 4635689 854196     45
 4644050 2972127      304.0807    50      305.5446      300.3744 22769367    1.69%          x.10.8 D 4644050 4644049     83
 4652709 2977168      301.4160    54      305.5446      300.3765 22812180    1.69%         x.20.38 D 4652709 4652708     79
Elapsed time = 2944.48 sec. (1961695.99 ticks, tree = 7779.87 MB, solutions = 16)
Nodefile size = 5732.86 MB (2284.22 MB after compression)
 4661248 2982088      301.1375    51      305.5446      300.3785 22855399    1.69%         x.27.10 D 4661248 4661247     39
 4669644 2987037      300.7124    56      305.5446      300.3804 22896456    1.69%          x.7.13 D 4669644 4669643     50
 4678244 2991934      303.3894    36      305.5446      300.3824 22940091    1.69%           x.0.2 D 4678244 4678243     71
 4686798 2996893      303.4361    47      305.5446      300.3845 22983178    1.69%          x.36.7 N 4686798 4686797     68
 4695388 3001991      304.4248    30      305.5446      300.3864 23026443    1.69%         x.20.24 U 4695388 4695387     87
 4704040 3006976      300.6170    46      305.5446      300.3885 23070542    1.69%          x.5.13 D 4704040 4704039     54
 4712640 3012083      303.5796    47      305.5446      300.3904 23113693    1.69%          x.27.7 D 4712640 4712639     67
 4721242 3016980        cutoff            305.5446      300.3924 23157056    1.69%          x.2.39 U 4721242 4721241     80
 4729959 3022104      302.4399    52      305.5446      300.3944 23200445    1.69%          x.0.24 D 4729959 4729958     67
 4738385 3027026      303.8285    48      305.5446      300.3964 23242412    1.68%         x.20.38 D 4738385 4738384     66
Elapsed time = 3004.95 sec. (1999852.92 ticks, tree = 7908.60 MB, solutions = 16)
Nodefile size = 5860.73 MB (2330.02 MB after compression)
 4746807 3031916      301.5046    50      305.5446      300.3985 23285146    1.68%         x.13.38 U 4746807 2110493     45
 4755169 3036750      303.1677    52      305.5446      300.4003 23328116    1.68%         x.16.29 D 4755169 4755167     46
 4763689 3041528      304.5797    46      305.5446      300.4022 23370982    1.68%          x.5.13 D 4763689 4763688     72
 4772192 3046437      304.4386    42      305.5446      300.4041 23414199    1.68%          x.0.31 D 4772192 4772191     64
 4780577 3051275      303.4571    36      305.5446      300.4059 23456075    1.68%          x.0.26 D 4780577 4780576     60
 4788923 3056098      302.3203    49      305.5446      300.4078 23498208    1.68%           x.4.7 D 4788923 4788922     58
 4797024 3060823      300.4094    55      305.5446      300.4094 23538093    1.68%          x.2.10 D 4797024 1446243     48
 4805805 3065821      301.9776    49      305.5446      300.4114 23582260    1.68%          x.11.7 D 4805805 4805804     60
 4814113 3070518      301.2236    60      305.5446      300.4133 23622975    1.68%          x.0.38 D 4814113 4814112     37
 4822837 3075531      304.4302    46      305.5446      300.4151 23667517    1.68%         x.35.36 D 4822837 4822836     88
Elapsed time = 3063.82 sec. (2038059.23 ticks, tree = 8033.80 MB, solutions = 16)
Nodefile size = 5986.60 MB (2375.39 MB after compression)
 4831400 3080483      304.0051    40      305.5446      300.4169 23709865    1.68%         x.26.12 D 4831400 4831399     65
 4840328 3085574      303.7051    46      305.5446      300.4190 23754964    1.68%          x.28.3 D 4840328 4840327     74
 4848835 3090601      303.5785    46      305.5446      300.4209 23796913    1.68%         x.21.25 D 4848835 4848834     72
 4857387 3095466      304.2198    49      305.5446      300.4228 23840731    1.68%          x.32.7 D 4857387 4857386     69
 4865900 3100372      303.4070    51      305.5446      300.4245 23883153    1.68%          x.0.26 D 4865900 4865899     54
 4874348 3105252      302.3467    53      305.5446      300.4263 23925456    1.68%          x.0.37 D 4874348 4874347     65
 4882734 3110023      301.6489    47      305.5446      300.4281 23967604    1.67%         x.39.10 D 4882734 4882733     23
 4891469 3115108      305.0057    36      305.5446      300.4299 24011545    1.67%         x.32.12 D 4891469 4891468     60
 4900010 3120017      304.4676    37      305.5446      300.4317 24054309    1.67%           x.1.5 D 4900010 4900009     74
 4908839 3124957      304.8243    55      305.5446      300.4337 24098885    1.67%          x.7.13 D 4908839 4908838     46
Elapsed time = 3123.00 sec. (2076208.53 ticks, tree = 8161.42 MB, solutions = 16)
Nodefile size = 6113.47 MB (2420.19 MB after compression)
 4917448 3129973      302.2721    56      305.5446      300.4355 24142782    1.67%          x.11.7 N 4917448 4917447     49
 4925924 3134798      302.9065    53      305.5446      300.4373 24185318    1.67%         x.12.29 U 4925924 4925923     87
 4934169 3139578      303.2207    44      305.5446      300.4391 24226532    1.67%          x.0.28 D 4934169 4934168     61
 4942512 3144349      301.4874    46      305.5446      300.4409 24267985    1.67%          x.39.9 U 4942512 4942511     58
 4950753 3149189      304.7081    51      305.5446      300.4426 24309009    1.67%         x.10.29 U 4950753 4950752     60
 4959311 3154079      300.5740    50      305.5446      300.4445 24352207    1.67%          x.5.13 D 4959311 2517974     44
 4967978 3158966      304.2159    50      305.5446      300.4464 24395807    1.67%          x.0.24 D 4967978 4967977     71
 4976320 3163765      302.0294    42      305.5446      300.4482 24437145    1.67%          x.16.0 D 4976320 4976319     76
 4984798 3168765      304.3338    40      305.5446      300.4500 24480041    1.67%          x.28.3 D 4984798 4984797     78
 4993433 3173735      305.1877    34      305.5446      300.4519 24523821    1.67%          x.31.6 U 4993433 4993432     63
Elapsed time = 3181.74 sec. (2114375.56 ticks, tree = 8287.32 MB, solutions = 16)
Nodefile size = 6240.35 MB (2465.18 MB after compression)
 5001970 3178624      305.3524    47      305.5446      300.4538 24566592    1.67%          x.3.30 U 5001970 5001969     59
 5010550 3183503      303.8180    36      305.5446      300.4556 24608873    1.67%          x.5.10 D 5010550 5010549     36
 5019026 3188457      301.3702    51      305.5446      300.4573 24652005    1.66%         x.13.38 D 5019026 5019025     57
 5027678 3193505      304.0642    52      305.5446      300.4591 24696489    1.66%         x.16.29 U 5027678 5027677     54
 5036130 3198288      302.0933    50      305.5446      300.4610 24739212    1.66%         x.36.35 D 5036130 5036129     36
 5044400 3203021      305.0445    46      305.5446      300.4628 24780427    1.66%         x.35.12 D 5044400 5044399     78
 5052776 3207826      301.9068    46      305.5446      300.4645 24822890    1.66%           x.7.7 D 5052776 5052775     62
 5061120 3212677      305.4624    47      305.5446      300.4662 24864882    1.66%         x.23.21 U 5061120 5061119     73
 5069749 3217661      303.1816    41      305.5446      300.4681 24908184    1.66%          x.0.26 D 5069749 5069748     65
Starting limited solution polishing.
 5078401 3222588      302.6882    58      305.5446      300.4700 24952624    1.66%         x.24.30 D 5078401 5078399     80
Elapsed time = 3240.20 sec. (2152526.99 ticks, tree = 8413.44 MB, solutions = 16)
Nodefile size = 6366.22 MB (2509.81 MB after compression)
 5086584 3227389      302.7345    46      305.5446      300.4717 24993728    1.66%          x.0.28 D 5086584 5086583     55
 5094900 3232104      304.0677    40      305.5446      300.4734 25035884    1.66%          x.27.5 D 5094900 5094899     76
 5103146 3237026      302.2192    49      305.5446      300.4750 25076751    1.66%         x.17.22 D 5103146 5103145     56
 5111282 3241744      300.8089    47      305.5446      300.4769 25118100    1.66%         x.11.10 U 5111282 683476     33
 5119353 3246144      301.7440    48      305.5446      300.4788 25159787    1.66%          x.0.24 D 5119353 5119352     62
 5127549 3250749      302.2443    52      305.5446      300.4805 25201019    1.66%          x.9.22 D 5127549 5127548     25
 5135861 3255381      301.0826    54      305.5446      300.4824 25243295    1.66%         x.24.39 U 5135861 5135860     58
 5143756 3259931      302.3723    47      305.5446      300.4840 25283645    1.66%         x.37.10 N 5143756 5143755     44
 5151251 3264110      301.8007    49      305.5446      300.4859 25322152    1.66%         x.10.22 D 5151251 5151250     43
 5159153 3268718      304.7010    41      305.5446      300.4877 25361850    1.66%          x.39.9 U 5159153 5159152     85
Elapsed time = 3307.25 sec. (2190676.81 ticks, tree = 8532.55 MB, solutions = 16)
Nodefile size = 6485.10 MB (2552.04 MB after compression)
 5167324 3273531      303.2234    48      305.5446      300.4893 25403125    1.65%         x.20.38 D 5167324 5167323     59
 5175220 3277974      301.3857    49      305.5446      300.4909 25443971    1.65%         x.28.10 D 5175220 5175219     38
 5183350 3282495      304.9019    56      305.5446      300.4926 25485404    1.65%           x.4.7 D 5183350 5183349     48
 5191529 3287117      301.6464    53      305.5446      300.4944 25527008    1.65%         x.11.10 D 5191529 5191528     29
 5199625 3291586      301.9245    52      305.5446      300.4963 25568354    1.65%         x.10.22 D 5199625 5199624     52
 5207954 3296241      302.6057    43      305.5446      300.4980 25610352    1.65%          x.5.13 U 5207954 5207953     62
 5215962 3300548        cutoff            305.5446      300.4998 25650512    1.65%          x.2.10 U 5215962 434064     44
 5223973 3304926      303.1928    54      305.5446      300.5015 25691577    1.65%         x.17.22 D 5223973 5223972     64
 5232164 3309570      304.1384    52      305.5446      300.5032 25732637    1.65%          x.36.7 D 5232164 5232163     55
 5240352 3314268      303.6714    51      305.5446      300.5048 25773767    1.65%           x.2.7 N 5240352 5240351     66
Elapsed time = 3367.88 sec. (2228838.45 ticks, tree = 8650.12 MB, solutions = 16)
Nodefile size = 6602.98 MB (2594.20 MB after compression)
 5248565 3318982      303.4402    49      305.5446      300.5064 25815722    1.65%         x.16.13 D 5248565 5248564     95
 5256600 3323587      305.1365    40      305.5446      300.5080 25856383    1.65%          x.0.37 D 5256600 5256599     74
 5264825 3328360      305.4805    34      305.5446      300.5098 25897591    1.65%          x.2.10 D 5264825 5264824     72
 5273267 3332964      303.8026    49      305.5446      300.5116 25940340    1.65%          x.36.7 D 5273267 5273266     53
 5281515 3337521      304.2796    46      305.5446      300.5133 25982565    1.65%         x.22.18 D 5281515 5281514     46
 5289807 3342183      303.5473    48      305.5446      300.5151 26024180    1.65%         x.28.10 D 5289807 5289806     48
 5297790 3346689      303.0232    53      305.5446      300.5168 26064756    1.65%          x.1.28 D 5297790 5297789     32
 5305900 3351318      304.4873    51      305.5446      300.5183 26105644    1.65%          x.5.13 D 5305900 5305899     66
 5314117 3355878      303.7351    48      305.5446      300.5201 26148021    1.64%          x.6.10 D 5314117 5314116     49
 5322238 3360631      301.4289    58      305.5446      300.5217 26188260    1.64%          x.8.12 D 5322238 5322237     49
Elapsed time = 3427.79 sec. (2266990.72 ticks, tree = 8769.84 MB, solutions = 16)
Nodefile size = 6721.86 MB (2636.05 MB after compression)
 5330285 3365032      305.3180    48      305.5446      300.5236 26229843    1.64%          x.8.12 U 5330285 5330284     47
 5338549 3369736      304.6200    48      305.5446      300.5255 26271715    1.64%           x.4.7 D 5338549 5338548     50
 5346731 3374383        cutoff            305.5446      300.5273 26313456    1.64%          x.23.7 U 5346731 5346729     59
 5354766 3378883      303.9008    42      305.5446      300.5290 26353956    1.64%         x.28.19 D 5354766 5354765     72
 5362742 3383388      300.5308    52      305.5446      300.5307 26394033    1.64%         x.13.38 D 5362742 5362741     44
 5370912 3388034      305.5190    35      305.5446      300.5324 26435232    1.64%         x.28.11 U 5370912 5370911     81
 5378879 3392560      300.9240    50      305.5446      300.5338 26475201    1.64%          x.5.13 D 5378879 5378878     54
 5387053 3397171      300.6303    49      305.5446      300.5355 26516581    1.64%         x.28.10 U 5387053 5257891     37
 5395107 3401659      303.3056    47      305.5446      300.5372 26557693    1.64%         x.36.22 D 5395107 5395106     73
 5403248 3406233      302.3990    44      305.5446      300.5389 26599762    1.64%          x.16.4 U 5403248 3119297     67
Elapsed time = 3487.06 sec. (2305177.18 ticks, tree = 8887.56 MB, solutions = 16)
Nodefile size = 6839.75 MB (2677.50 MB after compression)
 5411169 3410662      303.2166    56      305.5446      300.5404 26641017    1.64%          x.8.12 D 5411169 5411167     57
 5419280 3415321      301.8610    52      305.5446      300.5420 26682189    1.64%         x.31.22 D 5419280 5419279     55
 5427609 3420010      302.3858    56      305.5446      300.5437 26724707    1.64%          x.0.32 D 5427609 5427608     81
 5435764 3424601      302.8487    52      305.5446      300.5453 26765349    1.64%          x.16.7 D 5435764 5435763     44
 5443763 3429378      304.4539    40      305.5446      300.5467 26805769    1.64%          x.39.9 U 5443763 5443762     76
 5451540 3433858      304.0681    50      305.5446      300.5482 26845573    1.64%         x.27.28 U 5451540 1426409     36
 5459561 3438517      305.1875    37      305.5446      300.5498 26885906    1.63%         x.12.24 D 5459561 5459560     90
 5467953 3443456      305.2958    43      305.5446      300.5514 26927871    1.63%          x.5.13 U 5467953 5467952     80
 5476245 3448111      303.5108    58      305.5446      300.5529 26969596    1.63%         x.16.29 U 5476245 5476244     49
 5484282 3452626      302.1692    54      305.5446      300.5546 27010123    1.63%           x.2.7 D 5484282 5484281     56
Elapsed time = 3546.31 sec. (2343327.39 ticks, tree = 9007.33 MB, solutions = 16)
Nodefile size = 6959.63 MB (2719.31 MB after compression)
 5492571 3457270        cutoff            305.5446      300.5563 27051532    1.63%          x.8.12 U 5492571 5492569     85
 5500722 3461990        cutoff            305.5446      300.5579 27092962    1.63%          x.8.12 D 5500722 5500721     62
 5508855 3466477      302.6210    55      305.5446      300.5595 27134400    1.63%          x.32.7 D 5508855 5508854     62
 5516895 3470948      302.0191    53      305.5446      300.5613 27175515    1.63%         x.31.22 D 5516895 5516894     57
 5525100 3475626      304.8114    36      305.5446      300.5628 27217065    1.63%         x.26.25 D 5525100 5525099     87
 5533197 3480299      305.3604    44      305.5446      300.5644 27258687    1.63%         x.32.22 D 5533197 5533196     67
 5541087 3484874      303.7336    56      305.5446      300.5658 27298999    1.63%         x.36.22 D 5541087 5541086     59
 5549100 3489548      301.4581    46      305.5446      300.5675 27338938    1.63%           x.2.7 D 5549100 5549099     61

Gomory fractional cuts applied:  22
User cuts applied:  174

Root node processing (before b&c):
  Real time             =    0.36 sec. (90.72 ticks)
Sequential b&c:
  Real time             = 3599.69 sec. (2382877.47 ticks)
                          ------------
Total (root+branch&cut) = 3600.05 sec. (2382968.19 ticks)

Solution status: 107
Objective value:  3.0554460000e+02
Solution status is not CPX_STAT_OPTIMAL
Node: 5557218
