proble size: m = 5 , n = 5 , seed = 2 
Benders' cuts separated to cut off: Integer and fractional infeasible solutions.
seed = 2
Version identifier: 20.1.0.0 | 2020-11-10 | 9bedb6d68
CPXPARAM_Threads                                 1
CPXPARAM_RandomSeed                              2
CPXPARAM_MIP_Strategy_CallbackReducedLP          0
CPXPARAM_MIP_Strategy_Search                     1
CPXPARAM_TimeLimit                               3600
CPXPARAM_MIP_Tolerances_AbsMIPGap                0
CPXPARAM_MIP_Tolerances_MIPGap                   0
Legacy callback                                  LU
Tried aggregator 1 time.
Reduced MIP has 40 rows, 1640 columns, and 1600 nonzeros.
Reduced MIP has 1600 binaries, 0 generals, 0 SOSs, and 0 indicators.
Presolve time = 0.04 sec. (0.63 ticks)
Probing time = 0.01 sec. (2.48 ticks)
Clique table members: 40.
MIP emphasis: balance optimality and feasibility.
MIP search method: traditional branch-and-cut.
Parallel mode: none, using 1 thread.
Root relaxation solution time = 0.03 sec. (0.34 ticks)

        Nodes                                         Cuts/
   Node  Left     Objective  IInf  Best Integer    Best Bound    ItCnt     Gap         Variable B NodeID Parent  Depth

      0     0        0.0000    26                      0.0000        0         
*     0+    0                         1018.9473        0.0000           100.00%
*     0+    0                          872.3544        0.0000           100.00%
      0     0      182.8557    47      872.3544     Fract: 23       96   79.04%
*     0+    0                          689.4544      182.8557            73.48%
      0     0      238.9809    61      689.4544     Fract: 19      169   65.34%
*     0+    0                          599.0916      238.9809            60.11%
      0     0      281.6065    62      599.0916 UserPurge2: 14      200   52.99%
*     0+    0                          475.2642      281.6065            40.75%
      0     0      292.3049    58      475.2642      Fract: 1      208   38.50%
*     0+    0                          441.5949      292.3049            33.81%
      0     0      293.7382    61      441.5949 UserPurge2: 4      215   33.48%
*     0+    0                          386.6928      293.7382            24.04%
      0     0      294.1268    62      386.6928 UserPurge2: 1      219   23.94%
*     0+    0                          308.6495      294.1268             4.71%
      0     2      294.2298    62      308.6495      294.5933      219    4.55%                        0             0
Elapsed time = 0.23 sec. (81.67 ticks, tree = 0.01 MB, solutions = 8)
*    10+   10                          306.0576      300.5236             1.81%
     23    25      303.1218    52      306.0576      300.5236     1974    1.81%         x.21.13 N     23     22     15
*    50+   45                          306.0114      300.8017             1.70%
*    60+   55                          306.0114      300.8017             1.70%
     60    57      304.2361    42      306.0114      300.8017     3978    1.70%         x.38.27 N     60     58     14
    114    93      305.6386    45      306.0114      300.8569     5733    1.68%           x.4.0 N    114    113     27
    153   120      302.2751    58      306.0114      300.9344     7146    1.66%         x.24.13 N    153      2      2
    200   157        cutoff            306.0114      301.1209     9110    1.60%         x.20.17 U    200    198     22
    253   196      302.6974    61      306.0114      301.4573    11212    1.49%          x.5.13 N    253    252      9
    308   243      304.4610    51      306.0114      301.4823    13160    1.48%         x.21.14 N    308    307     30
    377   298      305.8650    32      306.0114      301.5239    14978    1.47%         x.38.27 D    377    376     47
*   380+  292                          305.9202      301.5239             1.44%
    429   336      303.1256    58      305.9202      301.7063    16435    1.38%          x.9.18 N    429    428     11
    657   522      303.2452    63      305.9202      301.8678    22791    1.32%         x.21.13 D    657    656     13
Elapsed time = 2.47 sec. (3217.76 ticks, tree = 5.80 MB, solutions = 12)
*   740+  575                          305.6820      301.9479             1.22%
    860   684      304.2788    45      305.6820      302.0929    27705    1.17%          x.6.27 D    860    859     29
   1118   881      305.2562    35      305.6820      302.2490    35810    1.12%         x.20.17 N   1118   1117     42
   1435  1112      304.9200    43      305.6820      302.3353    44676    1.09%          x.0.37 D   1435   1434     35
   1686  1301      303.5371    57      305.6820      302.4451    51298    1.06%         x.11.27 D   1686   1685     28
   1996  1551      305.5763    38      305.6820      302.5160    59076    1.04%          x.0.37 N   1996   1994     44
   2313  1797      304.3297    51      305.6820      302.5807    66819    1.01%          x.6.27 D   2313   2312     23
   2617  2033      304.8686    51      305.6820      302.6526    75060    0.99%          x.5.26 D   2617   2616     16
*  2700+ 2038                          305.5446      302.6661             0.94%
   2860  2152      304.0777    57      305.5446      302.7090    81267    0.93%          x.5.25 D   2860   2859     13
   3118  2346      303.9362    52      305.5446      302.7424    87647    0.92%          x.9.18 U   3118   3117      6
   3396  2540      304.1917    51      305.5446      302.7802    94467    0.90%          x.5.13 N   3396   3395     15
Elapsed time = 8.82 sec. (12831.49 ticks, tree = 37.39 MB, solutions = 14)
   3708  2744      304.2894    51      305.5446      302.8501   102101    0.88%         x.23.21 U   3708   3706     14
   4000  2949      303.8401    54      305.5446      302.8998   109569    0.87%          x.8.30 D   4000   3999     23
   4327  3172      305.0933    48      305.5446      302.9515   118457    0.85%          x.8.30 D   4327   4326     13
   4647  3357      304.7126    48      305.5446      302.9973   126747    0.83%         x.39.10 D   4647   4646     27
   4970  3578      305.1903    42      305.5446      303.0304   134622    0.82%          x.3.10 N   4970   4969     16
   5303  3817      303.6393    57      305.5446      303.0646   142042    0.81%          x.30.8 D   5303   5302     15
   5600  4029      304.8938    49      305.5446      303.0921   149131    0.80%          x.8.12 N   5600   5599     39
   5930  4250      303.8293    51      305.5446      303.1285   156369    0.79%         x.24.30 D   5930   5929     23
   6240  4456      303.7417    46      305.5446      303.1600   163532    0.78%         x.23.21 U   6240   4257     15
   6543  4659      304.1969    46      305.5446      303.1891   170910    0.77%         x.39.10 D   6543   6541     30
Elapsed time = 14.99 sec. (22483.19 ticks, tree = 75.44 MB, solutions = 14)
   6860  4858      304.4284    49      305.5446      303.2156   177704    0.76%         x.18.13 D   6860   6859     23
   7160  5036        cutoff            305.5446      303.2419   184561    0.75%          x.5.25 U   7160   7158     21
   7452  5222      304.7387    50      305.5446      303.2692   191742    0.74%         x.39.11 N   7452   7451     34
   7745  5420      304.0709    54      305.5446      303.2945   198249    0.74%          x.3.10 N   7745   2967     11
   8059  5632      304.6800    35      305.5446      303.3104   204929    0.73%          x.0.21 N   8059   8057     32
   8379  5851      304.7983    46      305.5446      303.3174   211810    0.73%         x.28.19 D   8379   8378     31
   8645  6009      303.7072    50      305.5446      303.3289   218240    0.73%         x.39.30 D   8645   8643     21
   8960  6228      304.0799    57      305.5446      303.3470   224913    0.72%         x.18.13 D   8960   8959     24
   9255  6426        cutoff            305.5446      303.3640   232033    0.71%         x.27.23 U   9255   9254     24
   9567  6645      304.1005    48      305.5446      303.3796   239290    0.71%         x.39.30 D   9567   9566     16
Elapsed time = 21.00 sec. (32047.74 ticks, tree = 113.50 MB, solutions = 14)
   9864  6847      304.1709    57      305.5446      303.3893   245769    0.71%         x.37.10 N   9864   9863     30
  10175  7043      304.6268    56      305.5446      303.4006   252310    0.70%          x.8.13 N  10175  10174     39
  10472  7243      305.4637    36      305.5446      303.4107   259074    0.70%         x.27.23 N  10472  10471     20
  10800  7455      304.6555    44      305.5446      303.4227   265611    0.69%         x.39.30 N  10800  10799     40
  11070  7608      305.0929    49      305.5446      303.4379   272816    0.69%         x.39.10 D  11070  11069     25
  11381  7781        cutoff            305.5446      303.4487   279428    0.69%         x.27.23 U  11381  11379     42
  11660  7931      304.9826    55      305.5446      303.4600   286474    0.68%          x.9.18 N  11660   4517     14
  11961  8101      304.0414    43      305.5446      303.4687   293176    0.68%          x.6.39 D  11961  11960     46
  12240  8267      304.2763    47      305.5446      303.4806   300153    0.68%         x.13.11 N  12240  12239     43
  12512  8426      305.1962    61      305.5446      303.4897   306894    0.67%         x.24.30 D  12512  12511     27
Elapsed time = 27.03 sec. (41642.28 ticks, tree = 149.97 MB, solutions = 14)
  12808  8584      305.2319    39      305.5446      303.5039   313587    0.67%           x.4.7 N  12808  12807     40
  13066  8744      304.6116    53      305.5446      303.5139   320165    0.66%          x.8.30 D  13066  13065     22
  13338  8872      304.2960    50      305.5446      303.5315   326770    0.66%          x.8.12 N  13338   4261     19
  13623  9048      304.7863    49      305.5446      303.5402   333227    0.66%         x.24.15 U  13623  13621     13
  13915  9207      304.1067    51      305.5446      303.5512   339720    0.65%         x.22.38 D  13915  13913     36
  14151  9332      305.1486    39      305.5446      303.5608   345729    0.65%         x.16.29 N  14151  14150     24
  14427  9516        cutoff            305.5446      303.5731   352235    0.65%         x.27.23 D  14427  14425     26
  14672  9636        cutoff            305.5446      303.5826   358749    0.64%         x.28.34 U  14672  14670     44
  14940  9775      304.1479    43      305.5446      303.5991   365739    0.64%         x.18.13 D  14940  14939     34
  15200  9906      304.1387    53      305.5446      303.6087   371969    0.63%         x.18.15 D  15200  15199     22
Elapsed time = 33.04 sec. (51223.77 ticks, tree = 181.81 MB, solutions = 14)
  15488 10082      303.7706    51      305.5446      303.6160   378336    0.63%         x.36.15 N  15488  15487     17
  15766 10248      304.0310    56      305.5446      303.6283   384493    0.63%         x.18.13 D  15766  15765     29
  16033 10402      305.0243    51      305.5446      303.6361   390415    0.62%          x.4.36 U  16033  16032     40
  16307 10559      303.9095    53      305.5446      303.6438   396914    0.62%          x.8.30 D  16307  16306     22
  16583 10703      304.1841    43      305.5446      303.6526   403107    0.62%         x.32.15 D  16583  16582     24
  16858 10845        cutoff            305.5446      303.6607   409268    0.62%          x.4.13 U  16858  16856     24
  17130 10977      303.9173    46      305.5446      303.6684   415950    0.61%         x.36.15 U  17130   4672     14
  17352 11105        cutoff            305.5446      303.6730   422011    0.61%         x.22.38 D  17352  17351     24
  17625 11260      304.3222    47      305.5446      303.6773   427825    0.61%         x.28.19 D  17625  17623     24
  17890 11417      305.1612    46      305.5446      303.6870   434172    0.61%         x.23.27 D  17890  17889     30
Elapsed time = 39.01 sec. (60779.55 ticks, tree = 215.51 MB, solutions = 14)
  18146 11528      304.6686    36      305.5446      303.6971   440309    0.60%         x.13.11 U  18146  18145     38
  18420 11683      304.1182    50      305.5446      303.7044   446472    0.60%         x.32.15 D  18420  18419     28
  18672 11813      305.2360    34      305.5446      303.7131   452999    0.60%         x.27.23 N  18672  18671     29
  18940 11935      303.8652    41      305.5446      303.7209   459168    0.60%         x.10.15 D  18940  18939     33
  19219 12068        cutoff            305.5446      303.7274   465380    0.59%          x.8.12 U  19219  19217     46
  19488 12203      303.8125    46      305.5446      303.7348   471924    0.59%         x.22.15 D  19488  19487     18
  19737 12339      304.2699    44      305.5446      303.7409   478205    0.59%         x.10.15 D  19737  19736     37
  19987 12449      304.9436    42      305.5446      303.7498   484475    0.59%           x.4.7 N  19987  19986     23
  20233 12588      303.9842    46      305.5446      303.7552   490460    0.59%         x.28.34 D  20233  20232     30
  20480 12716      304.0340    50      305.5446      303.7645   496567    0.58%         x.39.30 D  20480  20479     22
Elapsed time = 44.95 sec. (70326.18 ticks, tree = 245.61 MB, solutions = 14)
  20730 12821      304.4833    54      305.5446      303.7734   502925    0.58%          x.5.26 D  20730  20729     16
  20967 12899      304.3441    49      305.5446      303.7824   509151    0.58%         x.28.19 N  20967  10716     21
  21214 13041      304.8794    50      305.5446      303.7859   515021    0.58%         x.11.10 D  21214  21213     13
  21477 13164      304.9176    52      305.5446      303.7911   520876    0.57%         x.28.10 N  21477  21476     28
  21733 13287      304.9432    37      305.5446      303.7972   526835    0.57%         x.11.27 D  21733  21732     30
* 21880+13199                          305.5016      303.7987             0.56%
  21950 13242      304.4991    50      305.5016      303.7996   532050    0.56%         x.23.21 N  21950   3083     12
  22140 13342      304.8264    44      305.5016      303.8023   536522    0.56%           x.2.7 N  22140  22139     41
  22342 13435      303.9816    50      305.5016      303.8091   541397    0.55%          x.3.10 U  22342  22341     21
  22548 13518      304.5070    46      305.5016      303.8160   546528    0.55%         x.27.23 U  22548  22547     38
  22770 13610      304.1235    48      305.5016      303.8212   552405    0.55%         x.22.15 N  22770  22769     32
Elapsed time = 50.81 sec. (79938.04 ticks, tree = 267.89 MB, solutions = 15)
  23022 13713      305.0705    32      305.5016      303.8281   558527    0.55%         x.27.23 N  23022  23021     34
  23299 13852        cutoff            305.5016      303.8340   564724    0.55%          x.3.10 U  23299   9528     20
  23549 13964        cutoff            305.5016      303.8406   570940    0.54%          x.8.27 D  23549  23548     20
  23798 14073      304.3129    42      305.5016      303.8446   577430    0.54%         x.18.15 D  23798  23797     33
  24058 14158      304.7936    61      305.5016      303.8531   584010    0.54%          x.5.34 N  24058   4731     22
  24301 14235      305.1141    41      305.5016      303.8615   590394    0.54%          x.5.25 N  24301  24299     22
  24533 14302      304.6684    43      305.5016      303.8697   596493    0.53%          x.36.7 N  24533   6259     14
  24790 14404      304.2171    47      305.5016      303.8744   602817    0.53%         x.23.21 N  24790  24789     12
  25042 14514      303.9247    61      305.5016      303.8793   609100    0.53%          x.5.25 N  25042   6983     20
  26034 14898      304.4996    45      305.5016      303.9065   633354    0.52%          x.8.30 N  26034   9465     11
Elapsed time = 58.63 sec. (92359.51 ticks, tree = 299.94 MB, solutions = 15)
  27029 15295      304.4831    45      305.5016      303.9342   656923    0.51%         x.24.30 N  27029  18879     16
  27965 15660        cutoff            305.5016      303.9572   679791    0.51%          x.4.13 U  27965  27963     29
  28927 16000      304.2277    37      305.5016      303.9812   703749    0.50%         x.28.28 N  28927  28926     36
  29893 16400      305.2707    35      305.5016      304.0039   727713    0.49%         x.27.23 N  29893  29892     39
  30839 16723      305.1189    48      305.5016      304.0285   750719    0.48%         x.28.19 N  30839  22482     24
  31820 17089      304.8577    53      305.5016      304.0484   773159    0.48%         x.23.27 D  31820  31819     29
  32746 17369        cutoff            305.5016      304.0683   796741    0.47%          x.23.7 U  32746  32744     38
  33678 17738      305.1137    46      305.5016      304.0838   819570    0.46%         x.14.13 N  33678  33677     19
  34600 18053      305.0358    30      305.5016      304.0994   842045    0.46%          x.8.12 N  34600  34599     49
  35556 18385      305.3736    51      305.5016      304.1145   863686    0.45%         x.36.33 N  35556  35555     27
Elapsed time = 82.16 sec. (130529.44 ticks, tree = 391.94 MB, solutions = 15)
  36477 18659        cutoff            305.5016      304.1329   886098    0.45%         x.27.23 U  36477  36476     32
  37426 18976        cutoff            305.5016      304.1493   908622    0.44%          x.8.30 D  37426  37425     20
  38324 19268      304.8397    57      305.5016      304.1650   930856    0.44%          x.30.0 N  38324   9372     10
  39244 19485      305.1185    43      305.5016      304.1825   952214    0.43%          x.29.5 N  39244  39242     39
  40202 19834      305.4173    36      305.5016      304.1977   974169    0.43%         x.16.29 N  40202  40201     29
  41115 20071      305.3604    37      305.5016      304.2130   996233    0.42%         x.29.27 N  41115  41114     34
  41980 20272      305.3609    45      305.5016      304.2293  1016885    0.42%          x.28.2 N  41980  28163     41
  42865 20512      304.8987    45      305.5016      304.2446  1037501    0.41%          x.4.13 D  42865  42864     38
  43710 20660      304.4909    45      305.5016      304.2631  1057866    0.41%          x.36.4 N  43710  43709     25
  44554 20873      305.0656    51      305.5016      304.2787  1078765    0.40%          x.4.13 N  44554  44553     22
Elapsed time = 105.01 sec. (168712.99 ticks, tree = 463.43 MB, solutions = 15)
  45398 21073      305.3398    36      305.5016      304.2914  1099521    0.40%          x.6.39 N  45398  45397     30
  46256 21192      304.6697    45      305.5016      304.3077  1119913    0.39%         x.27.23 U  46256  46255     27
  47099 21325      305.4933    41      305.5016      304.3227  1140238    0.39%         x.16.29 N  47099  47098     35
  47928 21407        cutoff            305.5016      304.3376  1160314    0.38%         x.35.10 U  47928   4703     20
  48782 21516      305.0599    46      305.5016      304.3506  1179818    0.38%         x.18.13 N  48782  48781     24
  49588 21678      304.7123    40      305.5016      304.3633  1199422    0.37%         x.22.15 N  49588  49587     34
  50471 21801      304.7441    52      305.5016      304.3781  1218954    0.37%         x.18.15 N  50471  35039     19
  51310 21911      304.7918    51      305.5016      304.3911  1238449    0.36%         x.39.30 N  51310  51309     20
  52137 22033      305.0733    41      305.5016      304.4032  1257539    0.36%          x.8.30 N  52137  52136     28
  52987 22107      305.2825    50      305.5016      304.4187  1276521    0.35%          x.3.10 N  52987  15050     17
Elapsed time = 127.59 sec. (206891.92 ticks, tree = 505.07 MB, solutions = 15)
  53863 22149      304.9902    51      305.5016      304.4350  1295790    0.35%         x.24.30 N  53863  53862     19
  54703 22208      305.1781    44      305.5016      304.4500  1314678    0.34%         x.39.30 N  54703  47257     12
  55533 22271        cutoff            305.5016      304.4616  1333694    0.34%         x.23.21 U  55533  55531     30
  56389 22317      304.9439    48      305.5016      304.4738  1352652    0.34%         x.27.23 N  56389  56388     22
  57217 22242      305.3642    47      305.5016      304.4879  1371360    0.33%           x.4.7 N  57217  24781     38
  58078 22196      305.4693    24      305.5016      304.5027  1389965    0.33%          x.18.2 D  58078  58077     46
  58950 22178        cutoff            305.5016      304.5172  1408357    0.32%          x.23.7 U  58950  58948     48
  59798 22117      305.1558    50      305.5016      304.5317  1426813    0.32%          x.0.21 N  59798  28950     16
  60668 22150      305.3364    47      305.5016      304.5450  1444702    0.31%         x.39.30 N  60668  60667     18
  61507 22158      304.6876    54      305.5016      304.5562  1462699    0.31%          x.5.25 N  61507  45133      8
Elapsed time = 149.70 sec. (245073.80 ticks, tree = 518.26 MB, solutions = 15)
  62352 22131      304.7987    36      305.5016      304.5696  1480559    0.31%         x.27.23 N  62352  62351     38
  63215 22040      305.1646    44      305.5016      304.5834  1498450    0.30%         x.39.30 N  63215  63214     21
  64066 21956      305.4982    50      305.5016      304.5970  1516402    0.30%         x.24.15 N  64066  64065     29
  64906 21857      305.0191    51      305.5016      304.6101  1534177    0.29%          x.5.26 N  64906   3780     12
  65776 21776      304.8116    57      305.5016      304.6238  1552022    0.29%          x.5.25 N  65776  37319     25
  66649 21744      304.9321    54      305.5016      304.6353  1569791    0.28%         x.37.30 N  66649  66648     20
  67532 21669      304.8825    52      305.5016      304.6490  1587282    0.28%          x.5.34 N  67532   3583      9
  68382 21616        cutoff            305.5016      304.6611  1604101    0.28%         x.18.15 U  68382  26045     19
  69232 21521        cutoff            305.5016      304.6739  1620867    0.27%         x.37.10 U  69232  43528     25
  70100 21430      305.1741    54      305.5016      304.6850  1637776    0.27%         x.28.10 N  70100  15999     10
Elapsed time = 171.63 sec. (283248.67 ticks, tree = 512.11 MB, solutions = 15)
  70959 21355      304.8794    60      305.5016      304.6970  1655453    0.26%         x.30.12 N  70959   2927     14
  71820 21263      305.3843    45      305.5016      304.7081  1671834    0.26%         x.37.30 N  71820  71819     13
  72665 21182        cutoff            305.5016      304.7186  1688409    0.26%         x.18.13 U  72665  18278     30
  73533 21022        cutoff            305.5016      304.7311  1705114    0.25%         x.28.19 U  73533   4909     35
  74386 20878      305.4440    47      305.5016      304.7431  1721435    0.25%         x.16.29 N  74386  74385     23
  75262 20760        cutoff            305.5016      304.7541  1738078    0.24%         x.23.21 D  75262  75260     18
  76094 20637      304.9329    47      305.5016      304.7662  1755359    0.24%          x.2.22 N  76094   1211     24
  76968 20454      305.2438    39      305.5016      304.7795  1771327    0.24%          x.6.39 D  76968  76967     50
  77853 20201        cutoff            305.5016      304.7939  1787431    0.23%         x.21.13 U  77853  51242     25
  78730 20075      305.2824    42      305.5016      304.8056  1803717    0.23%          x.0.37 N  78730  78729     28
Elapsed time = 193.52 sec. (321427.79 ticks, tree = 489.63 MB, solutions = 15)
  79597 19876        cutoff            305.5016      304.8182  1819557    0.22%          x.9.18 D  79597   4090     17
  80460 19656        cutoff            305.5016      304.8310  1835288    0.22%         x.18.13 U  80460  80458     18
  81414 19400        cutoff            305.5016      304.8444  1851850    0.22%         x.38.27 U  81414  65876     27
  82349 19191      305.4071    39      305.5016      304.8584  1868918    0.21%         x.32.34 N  82349  82348     37
  83310 18879      305.3322    53      305.5016      304.8731  1885497    0.21%         x.22.15 N  83310  46766     14
  84300 18571      305.0702    46      305.5016      304.8875  1901637    0.20%         x.24.15 N  84300  37945     21
  85256 18258      305.4437    48      305.5016      304.9012  1917661    0.20%          x.5.13 N  85256  10926     12
  86226 17887      305.2444    35      305.5016      304.9163  1933639    0.19%         x.19.11 N  86226  86224     35
  87186 17536      305.3723    27      305.5016      304.9307  1949832    0.19%         x.12.38 D  87186  87185     62
  88141 17186        cutoff            305.5016      304.9455  1966094    0.18%         x.36.34 U  88141  56310     13
Elapsed time = 216.25 sec. (359594.87 ticks, tree = 428.09 MB, solutions = 15)
  89096 16761      305.4838    48      305.5016      304.9619  1981817    0.18%         x.10.15 N  89096  89095     21
  90080 16309        cutoff            305.5016      304.9774  1997524    0.17%         x.39.30 U  90080  65865     28
  91038 15893        cutoff            305.5016      304.9927  2013228    0.17%         x.32.15 U  91038  24504     34
  92033 15392        cutoff            305.5016      305.0108  2027975    0.16%          x.5.10 U  92033  23194     18
  93023 14985      305.0506    47      305.5016      305.0263  2043094    0.16%         x.24.30 N  93023  22588     18
  94013 14500        cutoff            305.5016      305.0425  2058223    0.15%         x.37.10 U  94013  62246     25
  95005 13978        cutoff            305.5016      305.0597  2072813    0.14%         x.36.13 U  95005   5819     37
  96004 13449        cutoff            305.5016      305.0777  2087102    0.14%          x.30.0 D  96004  96002     48
  97036 12815        cutoff            305.5016      305.0961  2100692    0.13%          x.28.2 U  97036  62670     18
  98052 12210        cutoff            305.5016      305.1136  2114578    0.13%         x.19.11 U  98052  84495     35
Elapsed time = 239.73 sec. (397754.92 ticks, tree = 309.92 MB, solutions = 15)
  99047 11634        cutoff            305.5016      305.1303  2128745    0.12%          x.30.8 U  99047  41443     16
 100081 10998      305.3800    39      305.5016      305.1498  2141964    0.12%         x.18.13 N 100081 100080     27
 101135 10271      305.2291    49      305.5016      305.1701  2154485    0.11%         x.24.30 N 101135 101134     26
 102199  9557        cutoff            305.5016      305.1891  2166554    0.10%         x.23.27 U 102199  27236     47
 103289  8790      305.2400    48      305.5016      305.2098  2177973    0.10%         x.18.15 N 103289  15022     12
 104383  7933        cutoff            305.5016      305.2322  2188438    0.09%         x.38.27 U 104383  25539     38
 105486  7056        cutoff            305.5016      305.2565  2198720    0.08%         x.19.20 U 105486  94788     41
 106605  6098      305.3895    43      305.5016      305.2821  2207910    0.07%         x.24.30 N 106605  72565     42
 107767  5106        cutoff            305.5016      305.3100  2216153    0.06%          x.8.30 U 107767  72135     22
 108957  4015        cutoff            305.5016      305.3412  2223324    0.05%         x.16.29 D 108957  45005     25
Elapsed time = 263.96 sec. (435919.59 ticks, tree = 103.79 MB, solutions = 15)
 110162  2896      305.4349    54      305.5016      305.3761  2229678    0.04%         x.36.15 N 110162  15364     20
 111401  1712        cutoff            305.5016      305.4169  2234893    0.03%          x.2.19 U 111401   2918     57
 112663   471        cutoff            305.5016      305.4732  2238188    0.01%          x.5.34 U 112663  92887     16

Gomory fractional cuts applied:  20
User cuts applied:  3697

Root node processing (before b&c):
  Real time             =    0.23 sec. (82.32 ticks)
Sequential b&c:
  Real time             =  271.89 sec. (448945.93 ticks)
                          ------------
Total (root+branch&cut) =  272.13 sec. (449028.25 ticks)

Solution status: 101
Objective value:  3.0550156551e+02
Solution status is CPX_STAT_OPTIMAL
Node: 113136
