proble size: m = 5 , n = 5 , seed = 10 
Benders' cuts separated to cut off: Integer and fractional infeasible solutions.
seed = 10
Version identifier: 20.1.0.0 | 2020-11-10 | 9bedb6d68
CPXPARAM_Threads                                 1
CPXPARAM_RandomSeed                              10
CPXPARAM_MIP_Strategy_CallbackReducedLP          0
CPXPARAM_MIP_Strategy_Search                     1
CPXPARAM_TimeLimit                               3600
CPXPARAM_MIP_Tolerances_AbsMIPGap                0
CPXPARAM_MIP_Tolerances_MIPGap                   0
Legacy callback                                  LU
Tried aggregator 1 time.
Reduced MIP has 40 rows, 1640 columns, and 1600 nonzeros.
Reduced MIP has 1600 binaries, 0 generals, 0 SOSs, and 0 indicators.
Presolve time = 0.01 sec. (0.63 ticks)
Probing time = 0.00 sec. (2.48 ticks)
Clique table members: 40.
MIP emphasis: balance optimality and feasibility.
MIP search method: traditional branch-and-cut.
Parallel mode: none, using 1 thread.
Root relaxation solution time = 0.00 sec. (0.34 ticks)

        Nodes                                         Cuts/
   Node  Left     Objective  IInf  Best Integer    Best Bound    ItCnt     Gap         Variable B NodeID Parent  Depth

      0     0        0.0000    26                      0.0000        0         
*     0+    0                         1018.9473        0.0000           100.00%
*     0+    0                          872.3544        0.0000           100.00%
      0     0      182.8557    49      872.3544     Fract: 24       90   79.04%
*     0+    0                          689.4544      182.8557            73.48%
      0     0      238.9809    61      689.4544     Fract: 19      160   65.34%
*     0+    0                          599.0916      238.9809            60.11%
      0     0      281.6065    62      599.0916 UserPurge2: 14      192   52.99%
*     0+    0                          475.2642      281.6065            40.75%
      0     0      292.3049    58      475.2642      Fract: 1      200   38.50%
*     0+    0                          441.5949      292.3049            33.81%
      0     0      293.7382    61      441.5949 UserPurge2: 4      207   33.48%
*     0+    0                          386.6928      293.7382            24.04%
      0     0      294.1268    62      386.6928 UserPurge2: 1      211   23.94%
*     0+    0                          363.3610      294.1268            19.05%
*     0+    0                          308.6495      294.1268             4.71%
      0     2      294.1268    62      308.6495      294.4903      211    4.59%                        0             0
Elapsed time = 0.09 sec. (90.53 ticks, tree = 0.01 MB, solutions = 9)
*    10+   10                          306.0576      300.5253             1.81%
     31    32      303.7585    52      306.0576      300.5253     2139    1.81%          x.5.20 N     31     30     22
*    50+   38                          305.8740      300.7959             1.66%
     70    60      304.1086    51      305.8740      300.7959     3764    1.66%           x.2.7 N     70     68     19
    111    88      303.2551    67      305.8740      300.8579     5414    1.64%         x.27.13 N    111    110     12
    149   117      309.1568    42      305.8740      301.2036     7025    1.53%         x.12.38 N    149    148     26
    190   147      303.1246    57      305.8740      301.4554     9027    1.44%         x.18.13 N    190    189     12
    246   194      304.1260    63      305.8740      301.4605    10922    1.44%          x.5.32 D    246    245     23
    305   239      304.4495    47      305.8740      301.7426    13011    1.35%          x.3.22 N    305    304     28
    368   286        cutoff            305.8740      301.8063    14881    1.33%          x.16.7 U    368    366     27
    415   324      305.2086    53      305.8740      301.8725    16578    1.31%          x.5.32 N    415    414     23
*   460+  350                          305.6820      301.9283             1.23%
    671   509      303.1328    48      305.6820      302.1598    22979    1.15%         x.23.27 N    671    670     10
Elapsed time = 2.46 sec. (3220.29 ticks, tree = 5.61 MB, solutions = 12)
    920   687      303.7563    50      305.6820      302.2966    29831    1.11%          x.5.10 D    920    919     16
   1178   872      303.5357    51      305.6820      302.5013    37639    1.04%          x.0.21 U   1178   1176     13
   1506  1119      304.1989    48      305.6820      302.5702    46446    1.02%          x.0.21 D   1506   1505     16
*  1740+ 1244                          305.5446      302.6170             0.96%
*  1750+ 1254                          305.5445      302.6170             0.96%
*  1760+ 1244                          305.5015      302.6170             0.94%
*  1770+ 1251                          305.5015      302.6170             0.94%
   1799  1275      304.3579    43      305.5015      302.6427    53577    0.94%          x.39.9 N   1799   1798     33
   2039  1449      304.3925    58      305.5015      302.6835    59930    0.92%          x.8.13 N   2039   2038     30
   2263  1604      305.3962    56      305.5015      302.7876    66210    0.89%         x.38.27 U   2263   2261     11
   2545  1797      305.3790    57      305.5015      302.9117    73754    0.85%         x.35.13 N   2545   2544     21
   2810  1968      304.9227    43      305.5015      302.9624    81142    0.83%         x.18.13 N   2810   2809     23
   3082  2156      305.1315    51      305.5015      303.0252    87918    0.81%          x.5.32 N   3082   3081     33
   3362  2360      304.6310    60      305.5015      303.0669    95368    0.80%         x.38.27 N   3362   1307     10
Elapsed time = 9.12 sec. (12787.74 ticks, tree = 34.88 MB, solutions = 16)
   3637  2527      304.8522    56      305.5015      303.1222   103293    0.78%         x.39.10 D   3637   3636     21
   3948  2709      305.2699    50      305.5015      303.1809   110884    0.76%         x.36.34 D   3948   3947      9
   4249  2895      303.8754    51      305.5015      303.2038   118591    0.75%         x.28.10 D   4249   4248     27
   4530  3050      304.3523    54      305.5015      303.2415   126541    0.74%          x.5.25 D   4530   4529      9
   4810  3215      303.9497    44      305.5015      303.2816   133638    0.73%          x.8.12 U   4810   4809     25
   5107  3382      304.0631    54      305.5015      303.3206   141627    0.71%          x.4.13 D   5107   5106     16
   5403  3534      304.1615    46      305.5015      303.3583   149139    0.70%           x.4.7 D   5403   5402     39
   5671  3675      305.0747    54      305.5015      303.3801   156662    0.69%         x.18.13 N   5671    374     11
   5972  3809      303.7259    52      305.5015      303.4113   164152    0.68%          x.36.7 D   5972   5971     20
   6251  3952      305.4162    38      305.5015      303.4363   171119    0.68%          x.8.12 N   6251   6250     22
Elapsed time = 15.68 sec. (22347.23 ticks, tree = 64.46 MB, solutions = 16)
   6529  4074      303.6129    47      305.5015      303.4670   178297    0.67%         x.14.13 D   6529   6528     21
   6802  4200      304.9350    40      305.5015      303.4955   185752    0.66%         x.11.10 N   6802   6801     29
   7043  4305      305.3998    60      305.5015      303.5203   192976    0.65%         x.18.13 N   7043   7042     13
   7289  4418      304.5763    49      305.5015      303.5376   199788    0.64%         x.27.13 N   7289   7288     19
   7552  4535      304.9545    40      305.5015      303.5528   206829    0.64%         x.29.27 D   7552   7551     21
   7824  4661      304.1031    45      305.5015      303.5783   214081    0.63%          x.8.13 N   7824   7823     27
   8077  4760      304.1919    48      305.5015      303.6028   220983    0.62%         x.39.10 D   8077   8076     18
   8331  4840      305.3473    52      305.5015      303.6194   228190    0.62%         x.35.13 N   8331   8330     26
   8564  4938      305.1124    54      305.5015      303.6327   234837    0.61%          x.36.4 N   8564   3516     14
   8803  5031      305.0051    45      305.5015      303.6491   241666    0.61%         x.11.27 N   8803   8802     13
Elapsed time = 22.14 sec. (31914.67 ticks, tree = 87.26 MB, solutions = 16)
   9070  5139      304.5135    50      305.5015      303.6675   248698    0.60%          x.8.13 D   9070   9069     28
   9315  5237      304.1145    53      305.5015      303.6849   255682    0.59%         x.36.34 N   9315   4491     14
   9585  5351      304.9973    51      305.5015      303.6998   262416    0.59%         x.18.15 N   9585   9584     19
   9835  5464        cutoff            305.5015      303.7118   269071    0.59%          x.39.9 D   9835   9833     26
  10081  5573        cutoff            305.5015      303.7228   275794    0.58%         x.38.27 D  10081  10080     24
  10364  5705      304.4499    49      305.5015      303.7363   282384    0.58%          x.4.13 D  10364  10363     20
  10607  5810      305.1771    48      305.5015      303.7520   288767    0.57%          x.13.5 N  10607  10606     25
  10843  5908      304.8452    52      305.5015      303.7649   295187    0.57%         x.22.15 D  10843  10842     24
  11080  5992      304.1842    41      305.5015      303.7742   301520    0.57%          x.5.25 D  11080  11079     15
  11313  6077      304.0834    49      305.5015      303.7884   308101    0.56%         x.27.23 N  11313   5396     33
Elapsed time = 28.48 sec. (41476.85 ticks, tree = 110.69 MB, solutions = 16)
  11549  6163      305.2369    53      305.5015      303.7999   314722    0.56%          x.36.4 U  11549   5903      8
  11804  6280      304.2980    46      305.5015      303.8130   320986    0.55%         x.39.10 D  11804  11803     18
  12051  6395      305.0846    54      305.5015      303.8227   327556    0.55%         x.38.27 N  12051   8752     13
  12304  6483      304.5963    61      305.5015      303.8402   333884    0.54%         x.38.27 D  12304  12303     20
  12560  6585        cutoff            305.5015      303.8539   339961    0.54%          x.0.21 U  12560  12559     25
  12827  6697      304.0667    55      305.5015      303.8652   346031    0.54%          x.5.34 N  12827   1380      8
  13094  6798      305.2361    51      305.5015      303.8807   352140    0.53%          x.30.0 N  13094  13093     29
  13360  6917      304.9416    41      305.5015      303.8928   358206    0.53%          x.39.9 N  13360  13359     19
  13613  7010      304.1147    47      305.5015      303.9054   363790    0.52%         x.16.29 U  13613  13612     37
  13890  7112      304.8904    42      305.5015      303.9231   369823    0.52%          x.30.0 N  13890  13889     11
Elapsed time = 34.74 sec. (51050.91 ticks, tree = 135.11 MB, solutions = 16)
  14147  7221      305.2025    31      305.5015      303.9344   375625    0.51%          x.23.7 N  14147  14146     29
  14393  7282      304.5685    39      305.5015      303.9452   381873    0.51%          x.8.12 D  14393  14392     39
  14641  7375      305.3567    48      305.5015      303.9561   387883    0.51%         x.22.15 N  14641  14640     26
  14926  7508      304.9062    50      305.5015      303.9629   393661    0.50%          x.28.3 U  14926  14925     19
  15181  7570      304.5975    43      305.5015      303.9736   399564    0.50%         x.18.15 N  15181  15180     16
  15470  7674      304.4860    44      305.5015      303.9857   405239    0.50%         x.36.34 N  15470   8070     12
  15731  7752      305.2007    45      305.5015      304.0001   410834    0.49%         x.38.27 N  15731  15730     11
  15984  7808      305.3903    41      305.5015      304.0118   416705    0.49%          x.30.0 N  15984  15982     40
  16218  7856      304.8274    43      305.5015      304.0249   422765    0.48%         x.32.38 N  16218  16217     25
  16482  7928        cutoff            305.5015      304.0392   428028    0.48%          x.5.25 U  16482  16480     14
Elapsed time = 40.84 sec. (60612.48 ticks, tree = 155.09 MB, solutions = 16)
  16753  8040      305.1678    46      305.5015      304.0494   433691    0.48%         x.18.15 D  16753  16752     22
  17004  8151      305.4596    39      305.5015      304.0583   439273    0.47%         x.27.23 N  17004  17003     22
  17260  8249        cutoff            305.5015      304.0697   444933    0.47%           x.2.7 U  17260  17258     36
  17507  8351      305.4172    44      305.5015      304.0805   450925    0.47%          x.8.27 N  17507  17506     17
  17740  8442        cutoff            305.5015      304.0886   456313    0.46%          x.0.21 D  17740  17738     17
  17991  8514        cutoff            305.5015      304.0992   462008    0.46%          x.30.0 D  17991  17989     15
  18259  8657      305.3235    48      305.5015      304.1038   467785    0.46%          x.5.32 U  18259  18258     40
  18487  8731      305.2500    42      305.5015      304.1130   473488    0.45%          x.8.12 N  18487  18486     36
  18731  8786      305.0812    38      305.5015      304.1244   478944    0.45%           x.6.5 D  18731  18730     19
  18960  8831      305.2965    42      305.5015      304.1359   484428    0.45%          x.28.3 N  18960  18959     24
Elapsed time = 46.85 sec. (70167.43 ticks, tree = 177.73 MB, solutions = 16)
  19211  8907      304.4269    52      305.5015      304.1468   489469    0.44%          x.30.0 N  19211  19210     20
  19446  8973      304.5637    48      305.5015      304.1562   495018    0.44%         x.19.20 N  19446  13391     24
  19703  9062      305.3797    43      305.5015      304.1663   500499    0.44%         x.39.10 N  19703   8930     14
  19944  9087      305.2577    49      305.5015      304.1814   505907    0.43%         x.22.38 N  19944   1973     15
  20197  9176      304.3413    46      305.5015      304.1895   511453    0.43%          x.30.0 D  20197  20195     22
  20431  9222        cutoff            305.5015      304.1972   517000    0.43%         x.19.20 U  20431  20429     40
  20666  9304      305.3222    40      305.5015      304.2032   522472    0.42%         x.32.38 N  20666  20665     22
  20893  9370      305.3560    34      305.5015      304.2100   527891    0.42%         x.28.21 N  20893  20892     37
  21148  9434      304.6826    51      305.5015      304.2190   533270    0.42%         x.18.13 D  21148  21147     19
  21395  9499      305.4268    29      305.5015      304.2266   538442    0.42%          x.8.12 N  21395  21394     43
Elapsed time = 52.85 sec. (79731.30 ticks, tree = 195.37 MB, solutions = 16)
  21616  9529      305.2175    44      305.5015      304.2372   543468    0.41%          x.8.13 N  21616  21615     35
  21880  9581      304.6922    44      305.5015      304.2515   548563    0.41%         x.19.20 D  21880  21879     25
  22124  9660      305.3986    37      305.5015      304.2583   553388    0.41%         x.27.11 N  22124  22122     38
  22387  9713      305.3743    36      305.5015      304.2689   558457    0.40%         x.18.15 N  22387  22386     25
  22636  9797      304.4157    52      305.5015      304.2763   563566    0.40%          x.6.27 N  22636  22635     29
  22880  9867      305.2868    40      305.5015      304.2835   568991    0.40%          x.6.27 N  22880  22878     26
  23125  9932      304.5496    41      305.5015      304.2901   574369    0.40%          x.30.0 N  23125  23124     13
  23353  9969      304.9826    43      305.5015      304.2986   579198    0.39%           x.6.5 N  23353  23352     34
  23583  9999      305.1739    38      305.5015      304.3061   584530    0.39%          x.4.13 N  23583  23581     28
  24539 10231      305.4017    40      305.5015      304.3357   604798    0.38%          x.6.27 N  24539  24538     21
Elapsed time = 60.56 sec. (92147.72 ticks, tree = 215.38 MB, solutions = 16)
  25463 10405      304.5857    35      305.5015      304.3636   625257    0.37%         x.18.15 N  25463  25462     31
  26385 10540        cutoff            305.5015      304.3901   645645    0.36%         x.28.21 U  26385  26383     30
  27319 10700      304.7379    51      305.5015      304.4169   665117    0.36%          x.6.27 N  27319  27318     29
  28202 10922      304.8169    36      305.5015      304.4361   684777    0.35%         x.22.15 N  28202  28200     45
  29101 11068      305.1497    47      305.5015      304.4575   704891    0.34%         x.27.23 N  29101  29100     31
  30028 11243      305.3815    38      305.5015      304.4800   723612    0.33%         x.16.29 N  30028  30027     17
  30966 11396      305.1745    38      305.5015      304.5000   742567    0.33%          x.8.12 N  30966  30965     38
  31835 11492        cutoff            305.5015      304.5203   761497    0.32%         x.18.15 U  31835  31833     16
  32694 11609        cutoff            305.5015      304.5411   780566    0.31%         x.18.15 D  32694  32693     20
  33577 11740        cutoff            305.5015      304.5610   798944    0.31%         x.26.27 U  33577  25758     36
Elapsed time = 84.00 sec. (130314.90 ticks, tree = 261.49 MB, solutions = 16)
  34509 11853      304.6955    50      305.5015      304.5839   816837    0.30%          x.6.27 N  34509  34508     32
  35440 11924      305.3335    38      305.5015      304.6062   834194    0.29%         x.39.10 N  35440  35439     38
  36340 11997      304.6871    52      305.5015      304.6253   852531    0.29%         x.18.15 N  36340  36339     12
  37278 12054      304.8791    37      305.5015      304.6485   869746    0.28%         x.19.20 N  37278  37277     28
  38188 12069      305.3443    45      305.5015      304.6706   887071    0.27%          x.30.0 D  38188  38187     35
  39119 12085      305.3848    26      305.5015      304.6890   905059    0.27%         x.35.35 N  39119  39118     36
  40049 12017      305.1977    43      305.5015      304.7132   922215    0.26%          x.13.5 N  40049  40047     25
  40962 11901      305.1780    48      305.5015      304.7384   939606    0.25%          x.8.12 N  40962   4204     32
  41850 11784      305.2939    45      305.5015      304.7591   957224    0.24%         x.16.29 N  41850  19198     19
  42750 11665      304.8414    43      305.5015      304.7821   974341    0.24%         x.22.15 N  42750   9449     22
Elapsed time = 107.16 sec. (168516.30 ticks, tree = 271.02 MB, solutions = 16)
  43670 11470      305.1330    39      305.5015      304.8065   991769    0.23%          x.37.8 N  43670  43669     39
  44574 11235      305.3966    39      305.5015      304.8291  1008277    0.22%         x.27.23 N  44574  26100     29
  45518 10982      305.0695    39      305.5015      304.8536  1024938    0.21%          x.8.12 N  45518  24283     39
  46454 10746      305.2317    25      305.5015      304.8767  1041342    0.20%          x.2.22 N  46454  46453     45
  47390 10438      305.3139    46      305.5015      304.8987  1057749    0.20%          x.6.27 N  47390  47389     28
  48388 10095        cutoff            305.5015      304.9238  1073771    0.19%          x.16.7 D  48388  48387     33
  49424  9753        cutoff            305.5015      304.9477  1090624    0.18%          x.30.0 U  49424  16813     20
  50463  9371      305.4370    47      305.5015      304.9737  1107434    0.17%          x.6.23 N  50463  41821     30
  51530  8911        cutoff            305.5015      305.0031  1123495    0.16%         x.19.20 U  51530  17558     30
  52630  8361        cutoff            305.5015      305.0326  1138716    0.15%          x.39.9 D  52630  52628     47
Elapsed time = 131.13 sec. (206696.52 ticks, tree = 200.08 MB, solutions = 16)
  53720  7733        cutoff            305.5015      305.0641  1153313    0.14%         x.12.24 D  53720  38552     51
  54873  7035      305.4121    52      305.5015      305.0994  1167809    0.13%          x.36.7 N  54873  11797     12
  56014  6303        cutoff            305.5015      305.1354  1181646    0.12%          x.13.5 U  56014  53953     24
  57203  5478        cutoff            305.5015      305.1724  1194440    0.11%         x.36.32 U  57203   7584     24
  58466  4463        cutoff            305.5015      305.2215  1204876    0.09%          x.13.5 U  58466  54180     24
  59773  3368        cutoff            305.5015      305.2749  1214086    0.07%         x.30.26 U  59773  41628     34
  61107  2145        cutoff            305.5015      305.3409  1221458    0.05%         x.38.27 U  61107  20140     24
  62494   813        cutoff            305.5015      305.4232  1226702    0.03%         x.18.15 U  62494  17109     25

Gomory fractional cuts applied:  20
User cuts applied:  3407

Root node processing (before b&c):
  Real time             =    0.09 sec. (91.14 ticks)
Sequential b&c:
  Real time             =  153.27 sec. (239585.45 ticks)
                          ------------
Total (root+branch&cut) =  153.36 sec. (239676.60 ticks)

Solution status: 101
Objective value:  3.0550147894e+02
Solution status is CPX_STAT_OPTIMAL
Node: 63327
