proble size: m = 5 , n = 5 , seed = 6 
Benders' cuts separated to cut off: Integer and fractional infeasible solutions.
seed = 6
Version identifier: 20.1.0.0 | 2020-11-10 | 9bedb6d68
CPXPARAM_Threads                                 1
CPXPARAM_RandomSeed                              6
CPXPARAM_MIP_Strategy_CallbackReducedLP          0
CPXPARAM_MIP_Strategy_Search                     1
CPXPARAM_TimeLimit                               3600
CPXPARAM_MIP_Tolerances_AbsMIPGap                0
CPXPARAM_MIP_Tolerances_MIPGap                   0
Legacy callback                                  LU
Tried aggregator 1 time.
Reduced MIP has 40 rows, 1640 columns, and 1600 nonzeros.
Reduced MIP has 1600 binaries, 0 generals, 0 SOSs, and 0 indicators.
Presolve time = 0.05 sec. (0.63 ticks)
Probing time = 0.01 sec. (2.48 ticks)
Clique table members: 40.
MIP emphasis: balance optimality and feasibility.
MIP search method: traditional branch-and-cut.
Parallel mode: none, using 1 thread.
Root relaxation solution time = 0.03 sec. (0.34 ticks)

        Nodes                                         Cuts/
   Node  Left     Objective  IInf  Best Integer    Best Bound    ItCnt     Gap         Variable B NodeID Parent  Depth

      0     0        0.0000    26                      0.0000        0         
*     0+    0                         1018.9473        0.0000           100.00%
*     0+    0                          872.3544        0.0000           100.00%
      0     0      182.8557    49      872.3544     Fract: 24       95   79.04%
*     0+    0                          689.4544      182.8557            73.48%
      0     0      239.6880    57      689.4544     Fract: 19      160   65.24%
*     0+    0                          523.3766      239.6880            54.20%
      0     0      282.2215    59      523.3766 UserPurge2: 15      182   46.08%
*     0+    0                          478.8610      282.2215            41.06%
      0     0      292.3157    58      478.8610       Cuts: 2      197   38.96%
*     0+    0                          399.4176      292.3157            26.81%
      0     0      292.8577    59      399.4176 UserPurge2: 1      202   26.68%
*     0+    0                          357.8880      292.8577            18.17%
      0     0      294.2175    56      357.8880 UserPurge2: 4      210   17.79%
      0     0      294.2198    56      357.8880 UserPurge2: 1      212   17.79%
*     0+    0                          308.6495      294.2198             4.68%
      0     2      294.2508    58      308.6495      294.7637      212    4.50%                        0             0
Elapsed time = 0.30 sec. (99.30 ticks, tree = 0.01 MB, solutions = 8)
*    10+   10                          306.5775      300.5357             1.97%
     28    25      302.5152    56      306.5775      300.8092     2308    1.88%          x.29.3 N     28     27      3
*    30+   25                          305.8739      300.8092             1.66%
     61    43      301.4517    61      305.8739      300.8618     3675    1.64%          x.7.27 N     61     60      5
     97    70      305.2515    45      305.8739      300.8618     4983    1.64%         x.13.16 N     97     96     41
    147   112      305.3362    53      305.8739      300.9313     7004    1.62%          x.37.6 N    147    146     25
    184   136      303.4039    57      305.8739      301.4065     8756    1.46%         x.16.29 N    184    183     12
    240   182      303.1741    62      305.8739      301.5444    10756    1.42%         x.13.11 D    240    239     11
    315   239      307.3611    39      305.8739      301.8133    13356    1.33%         x.26.35 N    315    313     36
*   360+  274                          305.6820      301.9407             1.22%
    380   295      304.2399    48      305.6820      301.9407    15289    1.22%          x.0.20 N    380    379     33
    434   336      304.2555    48      305.6820      302.0240    17087    1.20%         x.28.10 D    434    433     17
    632   495      304.8783    47      305.6820      302.2542    23789    1.12%         x.30.31 N    632    631     13
Elapsed time = 2.60 sec. (3222.74 ticks, tree = 5.46 MB, solutions = 11)
*   770+  594                          305.5446      302.4015             1.03%
    858   666      304.5844    57      305.5446      302.4941    31606    1.00%          x.0.21 N    858    857     13
   1064   831      303.9471    51      305.5446      302.6171    38351    0.96%          x.0.20 N   1064   1063     29
   1293  1020      305.5292    29      305.5446      302.6647    44744    0.94%         x.18.15 N   1293   1292     33
   1550  1221      305.0827    52      305.5446      302.7802    52808    0.90%         x.39.10 N   1550   1549     13
   1816  1406      303.8033    52      305.5446      302.9403    60967    0.85%         x.13.11 N   1816   1815     17
   2067  1615      303.2005    49      305.5446      302.9627    68231    0.84%          x.13.5 N   2067    455     10
   2345  1816      303.4659    50      305.5446      303.0241    75735    0.82%          x.6.27 D   2345   2344     15
*  2400+ 1856                          305.5016      303.0279             0.81%
*  2400+ 1856                          305.5016      303.0279             0.81%
   2550  1971      303.7359    55      305.5016      303.0449    81104    0.80%          x.8.27 D   2550   2549     15
   2796  2160      303.4007    56      305.5016      303.0731    87520    0.79%         x.36.34 N   2796   2795     10
   3047  2334      304.5708    55      305.5016      303.1321    95014    0.78%          x.38.4 N   3047    888     11
Elapsed time = 8.84 sec. (12807.97 ticks, tree = 34.07 MB, solutions = 14)
   3312  2537      305.1207    50      305.5016      303.1657   102432    0.76%         x.39.22 D   3312   3311     26
   3555  2728      304.1771    45      305.5016      303.1866   108363    0.76%         x.23.21 D   3555   3554     19
   3817  2909      305.0035    54      305.5016      303.2189   115386    0.75%         x.24.30 D   3817   3816     19
   4070  3065      303.9145    60      305.5016      303.2489   122377    0.74%         x.28.10 N   4070   1517     12
   4308  3229      304.5559    57      305.5016      303.2732   129186    0.73%          x.38.4 N   4308   1193     10
   4562  3383      303.5572    58      305.5016      303.3071   136697    0.72%         x.30.31 N   4562   1388      8
   4834  3555      304.0175    59      305.5016      303.3278   144017    0.71%         x.19.11 D   4834   4833      8
   5088  3697      304.9810    59      305.5016      303.3511   151577    0.70%          x.38.4 N   5088    457     12
   5350  3799      304.6730    52      305.5016      303.3827   158959    0.69%         x.38.27 N   5350   5349     15
   5624  3945      303.7000    48      305.5016      303.4134   166015    0.68%         x.36.34 D   5624   5623     21
Elapsed time = 15.06 sec. (22384.03 ticks, tree = 63.30 MB, solutions = 14)
   5894  4079      304.5343    51      305.5016      303.4415   173368    0.67%          x.38.4 N   5894   1392     12
   6156  4205      303.7668    55      305.5016      303.4692   180693    0.67%         x.24.39 N   6156    328     21
   6413  4343      305.1345    44      305.5016      303.4889   187482    0.66%          x.5.13 N   6413   6412     24
   6698  4462      304.9922    44      305.5016      303.5093   194198    0.65%         x.39.30 D   6698   6697     27
   6962  4579      305.3540    49      305.5016      303.5265   201145    0.65%          x.5.13 U   6962   6961     16
   7220  4657      305.4354    53      305.5016      303.5530   207887    0.64%         x.24.30 N   7220   7219     13
   7490  4753      304.5557    40      305.5016      303.5705   214826    0.63%         x.35.12 N   7490   7489     35
   7750  4865      305.3354    50      305.5016      303.5873   221370    0.63%         x.23.27 N   7750   6927     19
   8013  4982      305.2871    50      305.5016      303.6035   228181    0.62%         x.23.27 D   8013   8012     10
   8276  5082      304.9934    45      305.5016      303.6182   234872    0.62%         x.32.38 D   8276   8275     24
Elapsed time = 21.09 sec. (31955.55 ticks, tree = 86.86 MB, solutions = 14)
   8536  5178      304.5788    42      305.5016      303.6335   241014    0.61%          x.6.23 D   8536   8535     30
   8790  5319      305.0242    50      305.5016      303.6421   247483    0.61%         x.30.31 N   8790   8789     22
   9056  5415      304.5984    56      305.5016      303.6626   254088    0.60%         x.38.27 N   9056   4563     10
   9327  5569      304.5024    46      305.5016      303.6709   260347    0.60%          x.5.10 D   9327   9326     28
   9599  5685      304.8907    45      305.5016      303.6904   266786    0.59%         x.39.10 N   9599   6487     20
   9892  5806        cutoff            305.5016      303.7054   272942    0.59%         x.11.10 U   9892   2609     22
  10139  5937      304.4494    52      305.5016      303.7142   279650    0.59%         x.39.10 N  10139  10137     24
  10410  6092      305.1500    38      305.5016      303.7245   286279    0.58%         x.39.22 N  10410  10408     29
  10670  6171      304.6578    47      305.5016      303.7398   292766    0.58%          x.8.30 D  10670  10669     26
  10928  6274      305.2508    38      305.5016      303.7545   299379    0.57%         x.32.38 N  10928  10927     24
Elapsed time = 27.06 sec. (41524.80 ticks, tree = 112.87 MB, solutions = 14)
  11198  6407      304.7087    51      305.5016      303.7627   305740    0.57%          x.6.23 D  11198  11197     12
  11440  6503      304.5302    53      305.5016      303.7749   312212    0.57%         x.30.31 N  11440  11439     19
  11709  6626      304.5735    51      305.5016      303.7860   318443    0.56%          x.36.4 N  11709  11708     13
  11979  6745      304.1534    48      305.5016      303.7952   324455    0.56%          x.36.4 D  11979  11978     24
  12243  6846      304.3592    47      305.5016      303.8078   330141    0.55%         x.31.22 D  12243  12242     27
  12525  6940        cutoff            305.5016      303.8183   336222    0.55%          x.8.27 U  12525    489     11
  12798  7081      304.7096    57      305.5016      303.8260   342654    0.55%         x.11.27 D  12798  12797     32
  13078  7210      304.9054    44      305.5016      303.8394   348528    0.54%         x.24.35 D  13078  13077     37
  13359  7325      305.0390    42      305.5016      303.8551   354366    0.54%          x.5.13 D  13359  13358     25
  13640  7457      305.4888    36      305.5016      303.8627   360589    0.54%         x.12.38 D  13640  13639     29
Elapsed time = 32.94 sec. (51079.53 ticks, tree = 139.57 MB, solutions = 14)
  13911  7583      303.9992    52      305.5016      303.8691   366860    0.53%         x.36.34 N  13911   5005     25
  14167  7692        cutoff            305.5016      303.8764   372479    0.53%         x.28.10 U  14167  14165     16
  14451  7820      304.0997    47      305.5016      303.8856   378380    0.53%         x.39.30 N  14451  14450     19
  14736  7965        cutoff            305.5016      303.8938   384174    0.53%         x.10.15 D  14736  14735     32
  15016  8066      304.4626    54      305.5016      303.9044   390195    0.52%         x.39.30 D  15016  15015     17
  15279  8188      305.0185    47      305.5016      303.9135   396169    0.52%         x.39.30 N  15279  15278     26
  15540  8281      305.3544    41      305.5016      303.9224   401906    0.52%          x.23.7 D  15540  15539     32
  15802  8411      304.7653    37      305.5016      303.9311   407423    0.51%          x.37.6 D  15802  15801     40
  16073  8497      305.0947    55      305.5016      303.9428   413101    0.51%          x.3.30 D  16073  16072     21
  16359  8613      304.9187    43      305.5016      303.9501   418819    0.51%          x.3.30 N  16359  16357     27
Elapsed time = 38.79 sec. (60632.19 ticks, tree = 166.69 MB, solutions = 14)
  16656  8768      304.1586    48      305.5016      303.9587   424344    0.51%         x.36.34 N  16656   3435     12
  16915  8883      305.3120    31      305.5016      303.9659   430176    0.50%         x.18.15 D  16915  16914     42
  17189  8975      305.1212    51      305.5016      303.9745   436060    0.50%          x.36.4 N  17189  17188     22
  17452  9073      304.2557    45      305.5016      303.9811   441885    0.50%         x.37.30 D  17452  17451     24
  17713  9174        cutoff            305.5016      303.9921   447702    0.49%         x.16.10 U  17713   3409     32
  18000  9287        cutoff            305.5016      303.9976   453387    0.49%         x.39.10 D  18000  17998     29
  18264  9382      304.4766    48      305.5016      304.0073   459049    0.49%         x.19.11 N  18264   7474     20
  18501  9476      305.1675    57      305.5016      304.0115   464293    0.49%         x.22.15 N  18501  18500     15
  18783  9574      304.5235    51      305.5016      304.0182   469817    0.49%          x.6.23 D  18783  18782     18
  19048  9657      304.9957    55      305.5016      304.0248   475423    0.48%         x.38.27 N  19048   4383     14
Elapsed time = 44.58 sec. (70195.00 ticks, tree = 191.57 MB, solutions = 14)
  19291  9773        cutoff            305.5016      304.0288   481065    0.48%         x.28.32 U  19291  19289     29
  19550  9857        cutoff            305.5016      304.0363   486583    0.48%          x.37.6 U  19550  19549     36
  19820  9969      305.2459    37      305.5016      304.0426   492258    0.48%         x.23.27 D  19820  19819     27
  20063 10058        cutoff            305.5016      304.0504   497952    0.48%          x.5.13 U  20063  20062     29
  20308 10145      305.1055    51      305.5016      304.0575   503706    0.47%         x.37.30 N  20308  20307     22
  20576 10255      304.9607    51      305.5016      304.0628   509187    0.47%          x.8.30 N  20576  10051     23
  20844 10346      305.2428    41      305.5016      304.0717   514734    0.47%          x.6.39 D  20844  20843     30
  21102 10438      304.4270    63      305.5016      304.0788   520120    0.47%          x.5.13 N  21102  21100     10
  21362 10533      304.6694    52      305.5016      304.0850   525468    0.46%         x.36.15 D  21362  21361     16
  21631 10634      305.4346    51      305.5016      304.0943   531058    0.46%         x.22.15 N  21631  21630     29
Elapsed time = 50.34 sec. (79756.52 ticks, tree = 215.52 MB, solutions = 14)
  21897 10740        cutoff            305.5016      304.1033   536495    0.46%         x.28.10 U  21897  10827     32
  22141 10800      304.7677    46      305.5016      304.1096   541910    0.46%         x.32.38 D  22141  22140     21
  22410 10911      304.1270    56      305.5016      304.1135   547075    0.45%          x.5.13 D  22410  22409     19
  22659 10989      304.8818    49      305.5016      304.1203   552700    0.45%         x.22.15 N  22659  22658     24
  22899 11074      305.2476    29      305.5016      304.1249   558060    0.45%          x.13.5 D  22899  22898     29
  23158 11136      304.4298    49      305.5016      304.1305   563218    0.45%         x.36.34 N  23158  10957     11
  23422 11213      304.6880    55      305.5016      304.1347   568425    0.45%         x.36.15 D  23422  23421     16
  23674 11308        cutoff            305.5016      304.1385   573700    0.45%         x.32.38 D  23674  23672     29
  23930 11371      304.7500    45      305.5016      304.1468   579018    0.44%         x.16.22 D  23930  23929     37
  24956 11726      304.9881    44      305.5016      304.1683   599542    0.44%         x.32.38 N  24956  24955     35
Elapsed time = 57.80 sec. (92181.61 ticks, tree = 243.38 MB, solutions = 14)
  25989 12072      304.9455    33      305.5016      304.1923   620452    0.43%         x.36.15 N  25989  25988     22
  26988 12387      305.1470    45      305.5016      304.2127   641732    0.42%         x.37.30 D  26988  26987     19
  27995 12664      304.4664    52      305.5016      304.2382   662825    0.41%         x.19.11 N  27995   4094     19
  28998 13012      304.7469    43      305.5016      304.2560   683222    0.41%         x.38.27 D  28998  28997     23
  30030 13391      305.1476    47      305.5016      304.2724   703267    0.40%         x.39.10 N  30030   7558     25
  31063 13725      305.2935    47      305.5016      304.2971   723341    0.39%          x.3.30 N  31063  27556     25
  32045 13984      304.5556    43      305.5016      304.3200   743438    0.39%         x.24.30 N  32045  10996     11
  33009 14278      304.7212    51      305.5016      304.3382   763975    0.38%          x.6.23 N  33009  21200     19
  34010 14594        cutoff            305.5016      304.3549   783077    0.38%          x.23.7 U  34010  34008     35
  35048 14912      305.0811    37      305.5016      304.3728   802585    0.37%           x.4.7 N  35048   1916     29
Elapsed time = 80.51 sec. (130361.33 ticks, tree = 328.59 MB, solutions = 14)
  36016 15174        cutoff            305.5016      304.3869   822065    0.36%          x.8.12 U  36016  36014     35
  36966 15421      305.3756    54      305.5016      304.4021   841909    0.36%           x.6.4 N  36966  36965     18
  37926 15688      305.1316    57      305.5016      304.4184   860842    0.35%         x.39.30 N  37926  17484      7
  38888 15894      305.2216    42      305.5016      304.4332   879624    0.35%         x.32.38 D  38888  38887     23
  39844 16095      305.2452    53      305.5016      304.4466   898217    0.35%          x.6.14 N  39844  39843     12
  40787 16232      304.6840    36      305.5016      304.4636   916916    0.34%         x.16.29 U  40787  40786     43
  41757 16461      304.7987    46      305.5016      304.4781   935264    0.33%          x.6.39 N  41757  41756     22
  42706 16639      305.2068    38      305.5016      304.4935   953639    0.33%         x.36.32 N  42706  30343     21
  43600 16817      305.1097    55      305.5016      304.5068   971534    0.33%         x.30.31 N  43600  10861     18
  44536 17004      305.2401    32      305.5016      304.5213   989833    0.32%          x.0.20 N  44536  44535     36
Elapsed time = 103.11 sec. (168537.57 ticks, tree = 391.32 MB, solutions = 14)
  45492 17167        cutoff            305.5016      304.5363  1008177    0.32%         x.38.27 U  45492  45490     27
  46401 17320      305.2272    34      305.5016      304.5498  1026080    0.31%         x.28.10 N  46401  46400     26
  47298 17403      304.9719    38      305.5016      304.5648  1044462    0.31%         x.24.15 N  47298  47297     30
  48235 17531      305.0072    44      305.5016      304.5776  1062552    0.30%         x.19.11 D  48235  48233     21
  49157 17613        cutoff            305.5016      304.5912  1080141    0.30%         x.36.33 U  49157  13183     26
  50047 17660      305.0402    37      305.5016      304.6058  1097636    0.29%          x.6.23 D  50047  50046     15
  50979 17730      305.0185    44      305.5016      304.6222  1114616    0.29%          x.36.7 N  50979  50978     22
  51945 17834      305.1002    37      305.5016      304.6360  1131705    0.28%         x.22.15 N  51945  51944     26
  52814 17848      304.8755    42      305.5016      304.6490  1148614    0.28%           x.6.4 N  52814  52813     19
  53680 17880      305.2313    55      305.5016      304.6629  1165751    0.27%         x.24.30 N  53680  53679     20
Elapsed time = 125.56 sec. (206710.70 ticks, tree = 424.69 MB, solutions = 14)
  54594 17882        cutoff            305.5016      304.6789  1182763    0.27%         x.19.11 U  54594  54592     36
  55490 17955      305.2942    47      305.5016      304.6902  1199462    0.27%         x.36.32 N  55490  32950     27
  56410 17963      305.4941    39      305.5016      304.7049  1216479    0.26%         x.28.10 N  56410  56409     13
  57347 17903      305.4917    30      305.5016      304.7194  1232794    0.26%         x.18.15 D  57347  57345     22
  58211 17859      305.2532    42      305.5016      304.7317  1249790    0.25%         x.24.30 N  58211  58210     19
  59122 17889      305.4582    40      305.5016      304.7425  1266329    0.25%         x.37.30 N  59122   8550     28
  60030 17825      305.4637    42      305.5016      304.7561  1282473    0.24%         x.36.32 N  60030  60029     38
  60921 17724      305.3370    45      305.5016      304.7704  1298747    0.24%          x.5.32 N  60921  60920     16
  61774 17683        cutoff            305.5016      304.7826  1315927    0.24%         x.19.20 U  61774  15288     31
  62623 17608      305.3397    45      305.5016      304.7950  1332709    0.23%         x.37.30 N  62623  62621     28
Elapsed time = 147.65 sec. (244905.34 ticks, tree = 428.84 MB, solutions = 14)
  63486 17536      305.1880    39      305.5016      304.8068  1348371    0.23%          x.5.32 N  63486  63485     33
  64347 17427      305.4423    44      305.5016      304.8195  1364891    0.22%         x.24.30 N  64347  49561     20
  65218 17355        cutoff            305.5016      304.8313  1380962    0.22%          x.8.30 D  65218  65217     26
  66100 17226      305.0061    51      305.5016      304.8436  1396373    0.22%          x.5.32 N  66100  62589     11
  66973 17114      305.3540    42      305.5016      304.8573  1412048    0.21%          x.8.30 N  66973  66972     29
  67816 17007      305.4324    43      305.5016      304.8679  1428458    0.21%         x.24.30 N  67816  47551     24
  68709 16824        cutoff            305.5016      304.8826  1443875    0.20%         x.36.15 U  68709   9835     21
  69582 16615      305.2318    43      305.5016      304.8951  1459789    0.20%           x.6.4 N  69582  69581     15
  70444 16394        cutoff            305.5016      304.9079  1474951    0.19%         x.16.29 U  70444  70443     30
  71319 16153      305.4605    40      305.5016      304.9226  1490148    0.19%         x.23.21 N  71319  44685     21
Elapsed time = 170.21 sec. (283081.41 ticks, tree = 402.35 MB, solutions = 14)
  72216 15915      305.0450    32      305.5016      304.9373  1505203    0.18%          x.5.32 N  72216  72215     36
  73195 15569      305.2196    47      305.5016      304.9546  1521235    0.18%         x.37.30 N  73195  66301     18
  74156 15302      305.0822    40      305.5016      304.9692  1537233    0.17%         x.37.30 N  74156  29084     29
  75136 14972      305.3566    33      305.5016      304.9838  1553114    0.17%         x.18.15 N  75136  75134     43
  76112 14571        cutoff            305.5016      305.0004  1568842    0.16%         x.38.27 U  76112  76110     22
  77044 14182        cutoff            305.5016      305.0150  1584676    0.16%          x.2.22 D  77044  77043     29
  78013 13752      305.3488    48      305.5016      305.0305  1600260    0.15%         x.24.30 N  78013  38819     25
  79037 13293        cutoff            305.5016      305.0477  1614779    0.15%          x.5.32 D  79037  79036     13
  80064 12737      305.2706    27      305.5016      305.0671  1629031    0.14%         x.28.34 D  80064  80063     32
  81088 12155        cutoff            305.5016      305.0854  1643049    0.14%         x.19.11 U  81088  58723     23
Elapsed time = 193.67 sec. (321255.49 ticks, tree = 308.85 MB, solutions = 14)
  82172 11440        cutoff            305.5016      305.1081  1655124    0.13%         x.32.38 U  82172  29716     36
  83209 10839      305.4685    56      305.5016      305.1266  1668702    0.12%         x.37.30 N  83209  83207     17
  84253 10206        cutoff            305.5016      305.1478  1681822    0.12%         x.33.35 U  84253   6451     50
  85323  9483        cutoff            305.5016      305.1689  1693747    0.11%         x.36.34 U  85323  80663     15
  86416  8704      305.3750    31      305.5016      305.1934  1705238    0.10%         x.30.31 U  86416  86415     38
  87509  7865        cutoff            305.5016      305.2188  1716076    0.09%          x.36.4 U  87509  69464     25
  88654  6950      305.3695    39      305.5016      305.2460  1726090    0.08%         x.24.15 N  88654  19953     34
  89841  5920        cutoff            305.5016      305.2773  1734313    0.07%          x.6.39 U  89841  53443     23
  91055  4819        cutoff            305.5016      305.3100  1741625    0.06%         x.32.38 U  91055  38044     33
  92297  3692        cutoff            305.5016      305.3455  1748417    0.05%         x.28.28 U  92297  21096     28
Elapsed time = 218.26 sec. (359421.26 ticks, tree = 95.73 MB, solutions = 14)
  93588  2440        cutoff            305.5016      305.3872  1753441    0.04%          x.8.30 U  93588  59544     27
  94939  1094        cutoff            305.5016      305.4388  1757107    0.02%         x.16.29 U  94939  49927     32

Gomory fractional cuts applied:  21
User cuts applied:  3630

Root node processing (before b&c):
  Real time             =    0.31 sec. (99.93 ticks)
Sequential b&c:
  Real time             =  224.75 sec. (370220.44 ticks)
                          ------------
Total (root+branch&cut) =  225.06 sec. (370320.36 ticks)

Solution status: 101
Objective value:  3.0550155446e+02
Solution status is CPX_STAT_OPTIMAL
Node: 96045
