proble size: m = 5 , n = 5 , seed = 9 
Benders' cuts separated to cut off: Integer and fractional infeasible solutions.
seed = 9
Version identifier: 20.1.0.0 | 2020-11-10 | 9bedb6d68
CPXPARAM_Threads                                 1
CPXPARAM_RandomSeed                              9
CPXPARAM_MIP_Strategy_CallbackReducedLP          0
CPXPARAM_MIP_Strategy_Search                     1
CPXPARAM_TimeLimit                               3600
CPXPARAM_MIP_Tolerances_AbsMIPGap                0
CPXPARAM_MIP_Tolerances_MIPGap                   0
Legacy callback                                  LU
Tried aggregator 1 time.
Reduced MIP has 40 rows, 1640 columns, and 1600 nonzeros.
Reduced MIP has 1600 binaries, 0 generals, 0 SOSs, and 0 indicators.
Presolve time = 0.00 sec. (0.63 ticks)
Probing time = 0.00 sec. (2.48 ticks)
Clique table members: 40.
MIP emphasis: balance optimality and feasibility.
MIP search method: traditional branch-and-cut.
Parallel mode: none, using 1 thread.
Root relaxation solution time = 0.00 sec. (0.34 ticks)

        Nodes                                         Cuts/
   Node  Left     Objective  IInf  Best Integer    Best Bound    ItCnt     Gap         Variable B NodeID Parent  Depth

      0     0        0.0000    26                      0.0000        0         
*     0+    0                         1018.9473        0.0000           100.00%
*     0+    0                          872.3544        0.0000           100.00%
      0     0      182.8557    49      872.3544     Fract: 24      102   79.04%
*     0+    0                          706.4921      182.8557            74.12%
      0     0      219.5769    58      706.4921     Fract: 15      145   68.92%
*     0+    0                          551.3443      219.5769            60.17%
      0     0      269.2218    51      551.3443      Cuts: 19      183   51.17%
*     0+    0                          349.8696      269.2218            23.05%
      0     0      286.7141    55      349.8696 UserPurge2: 1      192   18.05%
      0     0      291.3274    55      349.8696 UserPurge2: 5      198   16.73%
      0     0      291.6440    57      349.8696 UserPurge2: 3      205   16.64%
*     0+    0                          308.6495      291.6440             5.51%
      0     2      291.8552    58      308.6495      292.2409      205    5.32%                        0             0
Elapsed time = 0.08 sec. (85.75 ticks, tree = 0.01 MB, solutions = 6)
*    30+   30                          306.9526      299.6055             2.39%
     30    32      303.7036    43      306.9526      299.6055     2418    2.39%          x.0.24 N     30     28     19
     68    54      301.6075    58      306.9526      299.7377     3980    2.35%         x.28.32 N     68     67      6
    102    83      306.7362    48      306.9526      299.7377     5535    2.35%          x.38.4 N    102    101     30
*   120+   92                          306.5775      299.7749             2.22%
    140   113      305.9874    52      306.5775      299.7749     6937    2.22%          x.28.3 N    140    139     38
    180   144      301.9593    56      306.5775      299.7932     8747    2.21%         x.26.13 D    180    179      9
    227   183      305.4254    42      306.5775      299.7932     9866    2.21%         x.11.34 D    227    226     56
    277   223      305.2801    41      306.5775      299.7935    11400    2.21%         x.35.39 N    277    276     39
    320   251      301.6536    65      306.5775      299.9358    13075    2.17%          x.36.3 N    320    319      4
    372   294      301.7343    62      306.5775      299.9833    14419    2.15%          x.36.3 N    372    371      5
    547   438      303.7716    56      306.5775      300.1028    21169    2.11%         x.38.27 D    547    546     22
Elapsed time = 2.46 sec. (3249.78 ticks, tree = 5.20 MB, solutions = 8)
*   730+  541                          305.8772      300.2731             1.83%
    733   546      301.5717    53      305.8772      300.2743    27795    1.83%         x.26.13 D    733    732     10
    900   687      303.6308    39      305.8772      300.4307    35093    1.78%          x.2.33 D    900    899     21
   1124   857      302.3096    58      305.8772      300.7533    42338    1.68%          x.28.3 U   1124    505      9
*  1290+  976                          305.8309      300.9069             1.61%
   1330  1012      302.6881    56      305.8309      300.9502    49850    1.60%          x.30.0 U   1330   1329     10
   1469  1116      303.4874    55      305.8309      301.0448    56006    1.56%         x.24.13 D   1469   1468     14
*  1510+ 1111                          305.6424      301.0876             1.49%
   1648  1210      303.5634    57      305.6424      301.1481    62617    1.47%          x.5.34 D   1648   1647     15
   1849  1351        cutoff            305.6424      301.2912    70388    1.42%          x.17.3 D   1849   1848     17
   2046  1472      303.5575    54      305.6424      301.5100    77937    1.35%          x.4.13 N   2046   2045     13
   2215  1595      305.0655    47      305.6424      301.5527    84757    1.34%          x.0.21 N   2215   2214     18
   2463  1779      305.1431    29      305.6424      301.6153    92240    1.32%         x.33.14 D   2463   2462     57
Elapsed time = 9.23 sec. (12870.50 ticks, tree = 27.83 MB, solutions = 11)
   2682  1936      304.1086    57      305.6424      301.6990   100655    1.29%          x.8.13 D   2682   2681     24
   2935  2122      303.5201    59      305.6424      301.7324   108224    1.28%          x.28.3 N   2935   1437      7
   3195  2319      302.5807    49      305.6424      301.7707   115932    1.27%          x.0.21 D   3195   3194     12
   3459  2522      305.1721    47      305.6424      301.7851   122575    1.26%         x.39.30 D   3459   3458     24
   3679  2669      304.6378    61      305.6424      301.8217   129791    1.25%          x.17.3 D   3679   3678     20
   3928  2834      303.1760    48      305.6424      301.8640   138601    1.24%          x.5.34 U   3928   3149      9
   4204  3018      304.0484    58      305.6424      301.9224   146910    1.22%         x.26.13 D   4204   4203     22
   4489  3237      304.7770    58      305.6424      301.9696   154548    1.20%         x.21.13 D   4489   4488     20
   4760  3415      304.7793    63      305.6424      302.0389   163369    1.18%         x.14.13 D   4760   4759     23
   5010  3578      303.1302    58      305.6424      302.1246   171368    1.15%         x.23.21 U   5010   5008     12
Elapsed time = 15.94 sec. (22434.11 ticks, tree = 62.84 MB, solutions = 11)
   5262  3755      303.8829    46      305.6424      302.1903   179275    1.13%          x.5.26 N   5262   2906     12
   5493  3895      303.8759    49      305.6424      302.2664   186886    1.10%          x.5.26 N   5493   3409     11
   5736  4048      305.5623    37      305.6424      302.2992   194585    1.09%          x.23.7 N   5736   5735     30
   5980  4217      304.1187    50      305.6424      302.3329   202038    1.08%         x.14.13 D   5980   5979     18
   6210  4373      305.1626    38      305.6424      302.3616   208985    1.07%         x.28.10 N   6210   6209     15
   6473  4562      305.1862    52      305.6424      302.3856   216006    1.07%          x.13.5 N   6473   6472     30
*  6590+ 4521                          305.5015      302.3989             1.02%
   6687  4578      303.7087    55      305.5015      302.4240   221919    1.01%          x.28.3 N   6687   6686     29
   6888  4710      303.9733    54      305.5015      302.4520   227866    1.00%         x.24.13 D   6888   6887     14
   7046  4796      304.0177    50      305.5015      302.4804   234022    0.99%          x.29.3 U   7046   4023     21
   7262  4927      305.1604    49      305.5015      302.5053   240923    0.98%          x.5.25 N   7262   7261     24
Elapsed time = 22.33 sec. (32001.20 ticks, tree = 91.33 MB, solutions = 12)
   7459  5041        cutoff            305.5015      302.5290   247579    0.97%         x.18.13 D   7459   7458     18
   7696  5194      303.5767    44      305.5015      302.5629   254025    0.96%         x.23.27 D   7696   7695     18
*  7860+ 5289                          305.5015      302.5787             0.96%
   7900  5325      304.6485    51      305.5015      302.5804   260040    0.96%          x.8.12 D   7900   7899     41
   8080  5447      302.6772    51      305.5015      302.5956   265054    0.95%         x.30.26 D   8080   8079     17
   8294  5591      302.8206    61      305.5015      302.6124   271221    0.95%         x.21.13 D   8294   8293     11
   8512  5707        cutoff            305.5015      302.6445   278608    0.94%          x.13.5 U   8512   8511     20
   8704  5817      304.7129    56      305.5015      302.6641   285036    0.93%          x.8.13 U   8704   2042     10
   8918  5944      303.2534    50      305.5015      302.6849   292251    0.92%          x.0.21 N   8918   1345      8
   9120  6044      302.9007    51      305.5015      302.7005   299873    0.92%          x.5.13 D   9120   3152     12
   9338  6186      305.2614    37      305.5015      302.7159   306944    0.91%         x.19.11 N   9338   9337     28
Elapsed time = 28.67 sec. (41703.43 ticks, tree = 118.85 MB, solutions = 13)
   9553  6310      304.1101    58      305.5015      302.7408   313423    0.90%         x.26.13 N   9553   1372     12
   9790  6450      303.0923    50      305.5015      302.7580   320524    0.90%          x.30.8 D   9790   9789     13
  10050  6619        cutoff            305.5015      302.7789   327978    0.89%          x.0.21 U  10050  10048     23
  10288  6766      305.0055    37      305.5015      302.8037   335064    0.88%          x.23.7 D  10288  10287     28
  10536  6925      305.1717    17      305.5015      302.8205   341657    0.88%          x.1.16 D  10536  10535     58
  10800  7058      304.4516    57      305.5015      302.8417   348732    0.87%          x.5.25 U  10800  10799     16
  11036  7167      304.8253    48      305.5015      302.8734   356074    0.86%         x.37.10 D  11036  11035     18
  11275  7269      305.4978    46      305.5015      302.8933   362983    0.85%          x.4.13 N  11275  11274     29
  11490  7375        cutoff            305.5015      302.9136   370225    0.85%          x.0.21 D  11490  11488     23
  11753  7524      304.0031    36      305.5015      302.9278   376645    0.84%          x.8.27 D  11753  11752     38
Elapsed time = 34.98 sec. (51294.46 ticks, tree = 149.15 MB, solutions = 13)
  12015  7676      304.0353    50      305.5015      302.9431   382955    0.84%          x.21.2 N  12015  12014     61
  12240  7788      304.6935    63      305.5015      302.9633   390131    0.83%          x.22.3 U  12240   1619      9
  12479  7898        cutoff            305.5015      302.9861   397346    0.82%         x.24.39 D  12479  12477     20
  12694  8015      305.3757    53      305.5015      303.0002   404611    0.82%         x.35.13 N  12694  12693     22
  12918  8100      305.0204    40      305.5015      303.0142   411802    0.81%         x.27.23 D  12918  12917     34
  13137  8191      304.8782    51      305.5015      303.0335   419298    0.81%         x.18.13 U  13137   1152     13
  13391  8333      303.9920    58      305.5015      303.0460   426029    0.80%         x.28.10 D  13391  13390     15
  13608  8427      305.3466    53      305.5015      303.0581   432673    0.80%         x.21.13 N  13608  13606     14
  13849  8561      304.6791    63      305.5015      303.0819   439268    0.79%         x.24.13 D  13849  13848     16
  14090  8705      304.9080    46      305.5015      303.0976   445836    0.79%         x.28.32 U  14090  14089     17
Elapsed time = 41.32 sec. (60883.71 ticks, tree = 177.17 MB, solutions = 13)
  14325  8846      303.4403    54      305.5015      303.1083   452705    0.78%          x.5.25 D  14325  14324     12
  14541  8911      305.1475    56      305.5015      303.1225   459862    0.78%          x.13.6 D  14541  14540     15
  14772  9030      305.1261    43      305.5015      303.1342   466336    0.77%         x.39.30 D  14772  14771     29
  15000  9131      304.9766    38      305.5015      303.1515   472919    0.77%          x.2.33 D  15000  14999     24
  15240  9259      305.1082    44      305.5015      303.1634   479568    0.77%          x.6.23 N  15240  15238     28
  15461  9346      304.9531    47      305.5015      303.1807   486674    0.76%          x.0.21 U  15461  15459     18
  15720  9483      304.6569    51      305.5015      303.1947   493038    0.76%          x.22.3 D  15720  15719     24
  15950  9584      304.7631    55      305.5015      303.2063   499754    0.75%          x.5.26 N  15950   9702     24
  16167  9666      305.4131    52      305.5015      303.2263   506604    0.74%          x.5.34 D  16167  16166     15
  16400  9768      304.1407    47      305.5015      303.2359   513269    0.74%          x.5.34 N  16400   2792     13
Elapsed time = 47.65 sec. (70480.39 ticks, tree = 202.92 MB, solutions = 13)
  16637  9893      305.1760    48      305.5015      303.2492   520143    0.74%         x.16.10 D  16637  16636     31
  16862 10013        cutoff            305.5015      303.2606   526618    0.73%         x.23.21 U  16862  16860     15
  17108 10129      305.3900    40      305.5015      303.2729   533434    0.73%         x.33.13 N  17108  17106     34
  17342 10234      304.9622    54      305.5015      303.2849   539740    0.73%         x.21.13 N  17342   4446     25
  17571 10336      304.7427    47      305.5015      303.2988   546998    0.72%          x.5.26 N  17571   8092     30
  17823 10456      304.7832    47      305.5015      303.3085   553780    0.72%         x.11.10 D  17823  17822     20
  18079 10575      305.1864    46      305.5015      303.3176   560505    0.71%          x.0.21 N  18079  18077     19
  18313 10659      305.0884    52      305.5015      303.3336   567593    0.71%         x.14.13 N  18313  18312     22
  18558 10770      303.4343    56      305.5015      303.3438   574136    0.71%          x.30.8 D  18558  18557     17
  18813 10895      304.8970    50      305.5015      303.3545   580829    0.70%          x.13.5 N  18813  18811     30
Elapsed time = 53.94 sec. (80054.53 ticks, tree = 230.82 MB, solutions = 13)
  19067 10990        cutoff            305.5015      303.3723   587881    0.70%          x.12.7 D  19067  19065     45
  19293 11066        cutoff            305.5015      303.3840   594802    0.69%          x.5.10 U  19293   9125     18
  19557 11185      304.4717    58      305.5015      303.3941   602123    0.69%         x.23.21 N  19557  19555     21
  19805 11270      303.8722    53      305.5015      303.4025   609119    0.69%         x.23.21 N  19805  16873     22
  20064 11381      304.6137    25      305.5015      303.4152   616000    0.68%         x.27.25 N  20064  20063     44
  20309 11495      305.2693    42      305.5015      303.4286   622665    0.68%         x.38.27 N  20309  20308     21
  20548 11572      304.5587    42      305.5015      303.4399   629432    0.67%         x.38.27 D  20548  20547     15
  20800 11687      304.6791    60      305.5015      303.4508   636243    0.67%          x.0.21 D  20800  11326     27
  21048 11780        cutoff            305.5015      303.4639   643045    0.67%          x.31.6 U  21048  21046     34
  21962 12131      305.1463    51      305.5015      303.5129   669891    0.65%          x.8.13 D  21962  21961     17
Elapsed time = 62.04 sec. (92520.90 ticks, tree = 262.46 MB, solutions = 13)
  22890 12470      303.8172    48      305.5015      303.5526   696227    0.64%         x.30.25 D  22890  22889     23
  23792 12802      305.0032    35      305.5015      303.5905   722743    0.63%           x.6.0 U  23792  23791     16
  24661 13057      304.4773    47      305.5015      303.6271   748497    0.61%         x.28.32 U  24661  24660     17
  25565 13320      304.8318    34      305.5015      303.6642   775917    0.60%         x.19.11 N  25565  25564     49
  26419 13567        cutoff            305.5015      303.6953   801624    0.59%         x.38.27 U  26419  26417     27
  27346 13846      305.2914    41      305.5015      303.7269   827591    0.58%         x.33.13 N  27346  27344     20
  28248 14078      305.0772    33      305.5015      303.7556   853169    0.57%         x.39.10 D  28248  28247     24
  29100 14325      304.0861    56      305.5015      303.7823   878347    0.56%          x.30.0 U  29100   9726     20
  29938 14608        cutoff            305.5015      303.8098   901999    0.55%         x.37.10 U  29938  14015     22
  30757 14785      304.8643    44      305.5015      303.8393   924981    0.54%         x.14.13 N  30757  30756     25
Elapsed time = 86.37 sec. (130694.12 ticks, tree = 335.81 MB, solutions = 13)
  31603 15100        cutoff            305.5015      303.8619   947954    0.54%         x.28.28 U  31603  31601     33
  32451 15369      304.9186    36      305.5015      303.8833   971758    0.53%          x.31.6 N  32451  32450     22
  33292 15621      305.4354    45      305.5015      303.9040   995102    0.52%         x.35.13 N  33292  33291     42
  34113 15853      304.0317    44      305.5015      303.9265  1017645    0.52%          x.6.23 N  34113  27574     20
  34938 16085      305.2479    48      305.5015      303.9486  1039267    0.51%          x.6.39 N  34938  34937     25
  35797 16304      304.3173    46      305.5015      303.9700  1061663    0.50%         x.28.32 N  35797  35796     23
  36615 16518      304.6016    31      305.5015      303.9923  1083677    0.49%         x.38.27 N  36615  36614     32
  37415 16754      304.5881    43      305.5015      304.0111  1105967    0.49%           x.6.0 N  37415  37414     15
  38195 16978      304.7149    48      305.5015      304.0261  1128504    0.48%          x.0.21 N  38195  27880     19
  38990 17136      305.4743    41      305.5015      304.0484  1150280    0.48%         x.37.30 N  38990  38988     15
Elapsed time = 110.08 sec. (168884.01 ticks, tree = 407.09 MB, solutions = 13)
  39811 17359      304.8600    35      305.5015      304.0655  1172538    0.47%         x.28.11 N  39811  39810     22
  40650 17598      304.7291    41      305.5015      304.0834  1194657    0.46%         x.19.11 N  40650  40647     17
  41447 17849      305.2434    50      305.5015      304.0957  1216302    0.46%          x.30.0 N  41447   7608     11
  42245 18010      304.3930    49      305.5015      304.1137  1238070    0.45%          x.29.5 N  42245  41869     19
  43043 18199      304.7680    44      305.5015      304.1289  1259134    0.45%          x.6.39 N  43043  43041     23
  43820 18359      305.1546    32      305.5015      304.1438  1280480    0.44%         x.35.35 N  43820  43819     43
  44629 18574      305.1856    55      305.5015      304.1606  1302404    0.44%         x.28.10 N  44629  16331     20
  45418 18759      305.3440    41      305.5015      304.1747  1323134    0.43%         x.14.13 N  45418  45417     29
  46193 18919      305.4154    48      305.5015      304.1883  1343368    0.43%          x.6.23 N  46193  22025     24
  46979 19071      305.0635    43      305.5015      304.2032  1364453    0.42%         x.23.21 N  46979  46978     38
Elapsed time = 133.50 sec. (207063.44 ticks, tree = 469.16 MB, solutions = 13)
  47748 19253      304.3651    37      305.5015      304.2177  1384298    0.42%         x.19.11 D  47748  47747     29
  48537 19362      304.4875    59      305.5015      304.2330  1404713    0.42%          x.30.8 N  48537   8582     19
  49325 19470        cutoff            305.5015      304.2498  1425230    0.41%         x.38.27 D  49325  49324     33
  50115 19588        cutoff            305.5015      304.2633  1444956    0.41%         x.21.13 D  50115  50114     32
  50914 19771        cutoff            305.5015      304.2770  1465311    0.40%           x.6.0 U  50914  50913     12
  51660 19880      304.7820    46      305.5015      304.2906  1484767    0.40%          x.6.14 D  51660  51659     20
  52436 19976      305.0951    42      305.5015      304.3064  1503719    0.39%          x.0.21 N  52436  45188     23
  53261 20048      305.2287    45      305.5015      304.3198  1523709    0.39%         x.24.30 N  53261  53260     12
  54074 20123        cutoff            305.5015      304.3346  1542955    0.38%         x.26.13 U  54074   9305     16
  54855 20188      304.8511    46      305.5015      304.3492  1562616    0.38%           x.6.0 N  54855  49943     27
Elapsed time = 156.75 sec. (245230.94 ticks, tree = 511.06 MB, solutions = 13)
  55640 20235      304.4639    39      305.5015      304.3635  1582089    0.37%          x.6.14 D  55640  55639     29
  56417 20338        cutoff            305.5015      304.3769  1601564    0.37%          x.0.21 U  56417  56416     16
  57190 20429      305.1371    34      305.5015      304.3898  1620861    0.36%         x.38.27 N  57190  57189     32
  58000 20533      305.1680    48      305.5015      304.4030  1639871    0.36%         x.22.15 N  58000  57999     15
  58812 20641        cutoff            305.5015      304.4166  1658582    0.36%          x.6.39 U  58812  55775     16
  59600 20688      304.5084    53      305.5015      304.4283  1677315    0.35%         x.28.10 N  59600  59599     21
  60376 20670      305.2650    46      305.5015      304.4428  1696578    0.35%          x.0.21 N  60376  60375     16
  61175 20633      305.3168    39      305.5015      304.4573  1715797    0.34%         x.39.30 N  61175  61174     38
  61956 20640      305.0511    33      305.5015      304.4703  1734978    0.34%          x.31.6 N  61956  49459     29
  62760 20642      305.4333    46      305.5015      304.4847  1754140    0.33%          x.6.23 N  62760  62759     19
Elapsed time = 179.78 sec. (283483.43 ticks, tree = 534.76 MB, solutions = 13)
  63546 20686      304.6375    52      305.5015      304.4953  1773082    0.33%         x.19.11 N  63546  32462     15
  64343 20735      305.0327    46      305.5015      304.5060  1791764    0.33%          x.0.21 N  64343  64342     22
  65140 20736      304.7319    52      305.5015      304.5186  1810138    0.32%          x.6.39 N  65140  60476     33
  65974 20709        cutoff            305.5015      304.5317  1829056    0.32%          x.31.6 U  65974  65972     13
  66794 20629      304.6079    55      305.5015      304.5475  1847171    0.31%          x.13.5 N  66794  14101     19
  67586 20551        cutoff            305.5015      304.5611  1865705    0.31%         x.24.30 U  67586  67584     23
  68408 20525      304.8315    37      305.5015      304.5741  1884181    0.30%          x.20.5 N  68408  68407     33
  69220 20501      305.1305    45      305.5015      304.5858  1902617    0.30%          x.6.23 N  69220  69219     22
  70044 20486      305.4702    45      305.5015      304.5986  1920952    0.30%         x.37.30 N  70044  70042     34
  70858 20401      304.8542    57      305.5015      304.6107  1939314    0.29%         x.30.25 N  70858  62716     21
Elapsed time = 202.75 sec. (321679.45 ticks, tree = 539.09 MB, solutions = 13)
  71672 20324        cutoff            305.5015      304.6243  1956853    0.29%         x.13.38 U  71672  24352     31
  72511 20238      305.2817    45      305.5015      304.6378  1974959    0.28%          x.8.30 N  72511  55302     17
  73320 20168      304.6625    34      305.5015      304.6509  1992598    0.28%          x.6.14 D  73320  73319     43
  74133 20073      305.2635    32      305.5015      304.6638  2010167    0.27%         x.39.30 N  74133  74132     25
  74953 19938      305.3960    41      305.5015      304.6775  2027710    0.27%         x.24.30 N  74953  74952     39
  75802 19799      305.3640    48      305.5015      304.6915  2045359    0.27%          x.37.6 N  75802  75801     20
  76625 19722      305.3144    45      305.5015      304.7030  2063299    0.26%          x.5.25 N  76625  76624     26
  77462 19565      305.3806    30      305.5015      304.7164  2080616    0.26%         x.39.30 N  77462  32883     39
  78309 19425        cutoff            305.5015      304.7285  2098315    0.25%         x.19.11 U  78309  78308     14
  79158 19221      305.4953    46      305.5015      304.7415  2116482    0.25%         x.19.11 N  79158  79157     13
Elapsed time = 226.04 sec. (359860.84 ticks, tree = 516.88 MB, solutions = 13)
  80024 18989        cutoff            305.5015      304.7557  2132773    0.24%         x.23.21 D  80024  80022     24
  80883 18798      305.3746    38      305.5015      304.7693  2149667    0.24%          x.8.30 N  80883  80882     21
  81714 18559        cutoff            305.5015      304.7817  2167089    0.24%          x.36.3 U  81714  15393     18
  82647 18312      304.9619    42      305.5015      304.7965  2185320    0.23%         x.19.20 D  82647  82646     42
  83594 18067      305.3441    32      305.5015      304.8114  2203769    0.23%          x.8.27 D  83594  83593     35
  84546 17765      305.1476    48      305.5015      304.8270  2221631    0.22%         x.24.30 N  84546  84545     26
  85497 17432        cutoff            305.5015      304.8438  2239292    0.22%          x.0.21 U  85497  85495     28
  86433 17144        cutoff            305.5015      304.8588  2256821    0.21%         x.39.30 U  86433  86431     29
  87403 16771      305.1284    49      305.5015      304.8758  2273980    0.20%         x.26.13 N  87403   3852     15
  88359 16347      305.2873    26      305.5015      304.8918  2291022    0.20%          x.7.16 N  88359  25696     31
Elapsed time = 250.04 sec. (398022.89 ticks, tree = 446.75 MB, solutions = 13)
  89321 15965        cutoff            305.5015      304.9081  2308143    0.19%          x.31.6 D  89321  53759     16
  90250 15599      305.1838    52      305.5015      304.9248  2326124    0.19%          x.5.34 N  90250  15537     15
  91268 15121        cutoff            305.5015      304.9436  2342183    0.18%         x.23.27 U  91268   1635     12
  92247 14684        cutoff            305.5015      304.9612  2358595    0.18%          x.0.21 U  92247   7152     17
  93253 14197        cutoff            305.5015      304.9784  2375186    0.17%         x.26.13 U  93253   9908     15
  94275 13694      305.2766    55      305.5015      304.9974  2390784    0.17%          x.6.23 N  94275  70950     17
  95290 13203        cutoff            305.5015      305.0154  2406444    0.16%          x.6.23 D  95290  56881     28
  96314 12721        cutoff            305.5015      305.0341  2421658    0.15%         x.16.29 D  96314  96312     28
  97321 12251        cutoff            305.5015      305.0513  2437379    0.15%         x.20.12 U  97321  48993     25
  98269 11802      305.0821    47      305.5015      305.0680  2452983    0.14%          x.30.0 N  98269  50434     16
Elapsed time = 274.84 sec. (436188.97 ticks, tree = 327.42 MB, solutions = 13)
  99263 11317        cutoff            305.5015      305.0843  2468510    0.14%         x.24.39 D  99263  30078     32
 100342 10604      305.1160    50      305.5015      305.1061  2482294    0.13%          x.13.5 N 100342   7153     18
 101404  9879        cutoff            305.5015      305.1277  2495911    0.12%          x.37.6 U 101404  33057     22
 102440  9198      305.4548    49      305.5015      305.1479  2510162    0.12%         x.22.35 N 102440  50125     28
 103551  8327      305.3800    47      305.5015      305.1730  2522224    0.11%         x.26.13 N 103551  12714     22
 104661  7494        cutoff            305.5015      305.1989  2534551    0.10%           x.6.0 U 104661  18405     28
 105825  6541      305.4686    42      305.5015      305.2281  2544839    0.09%           x.6.0 N 105825 105824     19
 106966  5651        cutoff            305.5015      305.2570  2555658    0.08%         x.29.27 U 106966  27700     18
 108153  4625        cutoff            305.5015      305.2872  2564848    0.07%          x.6.23 D 108153  89714     25
 109423  3444        cutoff            305.5015      305.3265  2571946    0.06%         x.23.27 U 109423  68965     34
Elapsed time = 300.41 sec. (474359.11 ticks, tree = 97.01 MB, solutions = 13)
 110784  2155        cutoff            305.5015      305.3762  2577613    0.04%         x.38.27 U 110784  42281     23
 112201   770        cutoff            305.5015      305.4431  2581394    0.02%          x.18.2 U 112201  98923     48

Gomory fractional cuts applied:  17
User cuts applied:  3980

Root node processing (before b&c):
  Real time             =    0.10 sec. (86.21 ticks)
Sequential b&c:
  Real time             =  306.75 sec. (484256.14 ticks)
                          ------------
Total (root+branch&cut) =  306.84 sec. (484342.35 ticks)

Solution status: 101
Objective value:  3.0550147548e+02
Solution status is CPX_STAT_OPTIMAL
Node: 112980
