proble size: m = 5 , n = 5 , seed = 9 
Benders' cuts separated to cut off: Only integer infeasible solutions.
seed = 9
Version identifier: 20.1.0.0 | 2020-11-10 | 9bedb6d68
CPXPARAM_Threads                                 1
CPXPARAM_RandomSeed                              9
CPXPARAM_MIP_Strategy_CallbackReducedLP          0
CPXPARAM_MIP_Strategy_Search                     1
CPXPARAM_TimeLimit                               3600
CPXPARAM_MIP_Tolerances_AbsMIPGap                0
CPXPARAM_MIP_Tolerances_MIPGap                   0
Legacy callback                                  L
Tried aggregator 1 time.
Reduced MIP has 50 rows, 2550 columns, and 2500 nonzeros.
Reduced MIP has 2500 binaries, 0 generals, 0 SOSs, and 0 indicators.
Presolve time = 0.00 sec. (0.97 ticks)
Probing time = 0.00 sec. (3.28 ticks)
Clique table members: 50.
MIP emphasis: balance optimality and feasibility.
MIP search method: traditional branch-and-cut.
Parallel mode: none, using 1 thread.
Root relaxation solution time = 0.00 sec. (0.52 ticks)

        Nodes                                         Cuts/
   Node  Left     Objective  IInf  Best Integer    Best Bound    ItCnt     Gap         Variable B NodeID Parent  Depth

      0     0        0.0000    39                      0.0000        0         
*     0+    0                         1416.4205        0.0000           100.00%
*     0+    0                         1165.8613        0.0000           100.00%
      0     0      168.7394    68     1165.8613     Fract: 36      245   85.53%
*     0+    0                          982.0878      168.7394            82.82%
*     0+    0                          673.6130      168.7394            74.95%
      0     0      268.8520    67      673.6130     Fract: 19      337   60.09%
*     0+    0                          544.3396      268.8520            50.61%
*     0+    0                          533.7590      268.8520            49.63%
*     0+    0                          516.2139      268.8520            47.92%
*     0+    0                          464.9871      268.8520            42.18%
      0     2      320.5980    75      464.9871      320.8881      337   30.99%                        0             0
Elapsed time = 0.11 sec. (123.10 ticks, tree = 0.01 MB, solutions = 8)
*    10+   10                          437.6811      321.9060            26.45%
*    10+   10                          424.1459      321.9060            24.10%
*    50+   50                          412.8721      321.9060            22.03%
*    60+   60                          389.3962      321.9060            17.33%
*    70+   70                          387.4258      321.9060            16.91%
     79    81      351.7461    46      387.4258      321.9060      994   16.91%         x.39.20 U     79     76     52
*   130+  130                          376.4920      321.9060            14.50%
    179   181      362.0242    34      376.4920      321.9060     1554   14.50%          x.33.0 D    179    178    141
*   230+  136                          359.7536      322.0381            10.48%
    310   218      347.5282    53      359.7536      322.0381     2420   10.48%         x.18.40 D    310    309     66
    500   399      344.9516    54      359.7536      322.3493     3460   10.40%          x.44.1 U    500    499     81
    690   580      355.5735    50      359.7536      322.5109     4490   10.35%         x.42.45 D    690    689    109
    927   798      346.9990    59      359.7536      323.5302     6105   10.07%         x.27.13 D    927    926     58
   1220  1074      350.4403    51      359.7536      324.3421     7813    9.84%          x.7.35 D   1220   1219     84
   1511  1344      349.2457    59      359.7536      328.6429     9760    8.65%         x.45.29 U   1511   1509     73
   1800  1618      337.9791    64      359.7536      329.3305    11376    8.46%          x.8.32 D   1800   1799     33
   3152  2909      348.9620    68      359.7536      329.6389    19669    8.37%         x.27.13 D   3152   3151    104
Elapsed time = 2.79 sec. (3252.56 ticks, tree = 10.82 MB, solutions = 15)
   4567  4265      351.8294    71      359.7536      329.9421    28167    8.29%         x.42.13 D   4567   4566    123
   5979  5611      352.7261    67      359.7536      330.1549    36319    8.23%         x.12.25 D   5979   5978    117
   7340  6911      339.5176    73      359.7536      330.3281    44396    8.18%         x.24.35 D   7340   7339     57
   8850  8328      332.4408    67      359.7536      330.5361    53163    8.12%          x.8.32 D   8850   8849     23
  10510  9919      346.4381    53      359.7536      330.7971    62091    8.05%         x.42.13 U  10510  10508     36
  12119 11436      352.5847    56      359.7536      330.9692    71195    8.00%          x.42.2 D  12119  12118     92
  13716 12960      348.0859    64      359.7536      331.0303    79792    7.98%          x.2.35 D  13716  13715     96
  15353 14519      350.2305    63      359.7536      331.1222    88213    7.96%         x.44.13 D  15353  15352    107
* 15830+13489                          356.7778      331.1364             7.19%
  16660 14270      345.1135    60      356.7778      331.2104    94864    7.17%         x.25.35 D  16660  16659     61
  18123 15662      347.2104    57      356.7778      331.2766   102962    7.15%          x.37.0 D  18123  18122     87
Elapsed time = 11.45 sec. (12794.81 ticks, tree = 57.98 MB, solutions = 16)
  19731 17178      340.1807    62      356.7778      331.3403   111603    7.13%         x.20.32 D  19731  19730     58
  21358 18713      342.1098    55      356.7778      331.4269   120285    7.11%         x.35.25 D  21358  21357     63
  22963 20219      350.8591    52      356.7778      331.5295   128627    7.08%          x.42.6 D  22963  22962    117
  24570 21725      345.2442    64      356.7778      331.5988   136714    7.06%           x.3.2 D  24570  24569     95
  26271 23314      350.3107    67      356.7778      331.6849   145057    7.03%         x.13.31 D  26271  26270    119
  27970 24908      351.0740    57      356.7778      331.7470   153549    7.02%          x.21.2 D  27970  27969    107
  29720 26537      336.2492    60      356.7778      331.8806   162015    6.98%         x.48.32 D  29720  29719     34
  31338 28069      351.6690    64      356.7778      331.9116   170027    6.97%         x.30.10 D  31338  31337    131
  33033 29660      347.6051    67      356.7778      331.9859   178693    6.95%         x.30.35 D  33033  33032     92
  34718 31242      335.8389    69      356.7778      332.0393   187147    6.93%         x.12.25 D  34718  34717     27
Elapsed time = 20.28 sec. (22336.16 ticks, tree = 116.20 MB, solutions = 16)
  36410 32830      334.1573    61      356.7778      332.0768   195566    6.92%         x.41.32 D  36410  36409     18
  38111 34433      352.3103    63      356.7778      332.1231   204095    6.91%          x.26.3 U  38111  38110     96
  39771 35990      345.8779    63      356.7778      332.1624   212731    6.90%           x.0.7 U  39771  39769     42
  41471 37581      348.2537    61      356.7778      332.1967   220872    6.89%          x.3.35 D  41471  41470    127
  43160 39160      340.9343    66      356.7778      332.2405   228966    6.88%          x.1.32 D  43160  43159     72
  44786 40699      350.0793    56      356.7778      332.2722   237040    6.87%         x.18.40 D  44786  44785    101
  46499 42304      353.9198    58      356.7778      332.3126   245181    6.86%          x.9.12 D  46499  46498    143
  48159 43869      353.2350    56      356.7778      332.3371   253306    6.85%           x.0.7 D  48159  48158    111
  49804 45424      339.7755    65      356.7778      332.3831   261491    6.84%          x.4.35 U  49804  49802     39
  51479 47018      340.3709    60      356.7778      332.4033   269792    6.83%         x.37.32 D  51479  51478     74
Elapsed time = 28.96 sec. (31877.32 ticks, tree = 175.79 MB, solutions = 16)
* 51960+46732                          356.2405      332.4157             6.69%
  52788 47499      342.1303    69      356.2405      332.4280   276008    6.68%         x.42.35 D  52788  52787     64
* 53470+47981                          356.1564      332.4450             6.66%
  53945 48432      355.8918    50      356.1564      332.4544   282077    6.65%          x.4.35 U  53945  53943     41
  55404 49798      335.4368    68      356.1564      332.4999   289270    6.64%         x.41.32 U  55404  12458     15
* 56390+50223                          355.8694      332.5170             6.56%
  56720 50539      352.9028    60      355.8694      332.5326   296286    6.56%          x.21.4 D  56720  56719    111
  58240 51971      344.2994    66      355.8694      332.5669   303765    6.55%         x.16.32 D  58240  58238     28
* 59480+52774                          355.6687      332.6048             6.48%
  59720 53010      352.8787    68      355.6687      332.6051   310936    6.48%          x.30.3 D  59720  59719    154
  61040 54256      348.9031    61      355.6687      332.6274   317530    6.48%         x.48.22 D  61040  61039     84
  62600 55726      339.4141    64      355.6687      332.6642   325389    6.47%         x.10.35 D  62600  62599     23
  64222 57251      347.1065    62      355.6687      332.6933   333416    6.46%         x.36.15 D  64222  64221     37
  65901 58817      346.6264    70      355.6687      332.7150   341422    6.45%         x.35.35 D  65901  65900    117
Elapsed time = 37.65 sec. (41427.07 ticks, tree = 220.36 MB, solutions = 20)
  67542 60367      345.1519    62      355.6687      332.7397   349576    6.45%         x.19.40 D  67542  67541     71
  69190 61906      350.2673    55      355.6687      332.7685   357810    6.44%         x.12.39 D  69190  69189    119
  70846 63462      348.6853    71      355.6687      332.7946   366257    6.43%         x.12.35 D  70846  70845     39
  72444 64958      348.5325    63      355.6687      332.8322   374396    6.42%          x.0.40 N  72444  72443    102
  74016 66427      349.6309    63      355.6687      332.8692   382425    6.41%         x.19.35 D  74016  74015    121
  75688 67990      341.6506    67      355.6687      332.8926   390072    6.40%         x.36.15 D  75688  75687     48
  77297 69481      341.7741    60      355.6687      332.9051   398261    6.40%         x.16.32 D  77297  77296     58
  78908 70994      345.5877    60      355.6687      332.9338   405784    6.39%          x.9.32 D  78908  78907     79
  80529 72504      345.7179    64      355.6687      332.9585   413562    6.39%          x.0.32 D  80529  80528     81
  82085 73926      334.5613    64      355.6687      332.9770   421477    6.38%         x.25.25 D  82085  82084     24
Elapsed time = 46.41 sec. (50968.62 ticks, tree = 280.60 MB, solutions = 20)
  83740 75481      350.9139    60      355.6687      333.0015   429633    6.37%         x.47.21 U  83740  83739    112
  85307 76935      340.9168    65      355.6687      333.0192   437326    6.37%          x.7.32 D  85307  85306     67
  86960 78483      340.0440    67      355.6687      333.0543   445465    6.36%         x.32.35 D  86960  86959     36
  88630 80057      346.8513    58      355.6687      333.0699   453256    6.35%         x.41.27 D  88630  88629    106
  90170 81494      350.5232    60      355.6687      333.0979   461047    6.35%         x.38.41 D  90170  90169     78
  91850 83055      351.4469    67      355.6687      333.1197   469423    6.34%         x.10.39 D  91850  91849    112
  93470 84567      344.3318    66      355.6687      333.1448   477767    6.33%          x.7.32 D  93470  93469     82
  95112 86092      338.1550    69      355.6687      333.1760   485516    6.32%         x.24.32 D  95112  95111     52
  96760 87616      336.4629    64      355.6687      333.2024   493713    6.32%         x.34.28 D  96760  96759     21
  98400 89157      338.1537    67      355.6687      333.2279   501615    6.31%         x.12.37 D  98400  98399     48
Elapsed time = 55.13 sec. (60525.61 ticks, tree = 338.47 MB, solutions = 20)
 100050 90707      352.3436    54      355.6687      333.2481   509502    6.30%          x.38.0 D 100050 100049    109
 101692 92241      337.6711    70      355.6687      333.2757   517176    6.30%         x.36.13 D 101692 101691     35
 103280 93723      349.4524    59      355.6687      333.2897   524959    6.29%         x.30.35 D 103280 103279     96
 104880 95206      338.2881    63      355.6687      333.3074   532869    6.29%           x.9.3 D 104880 104879     24
 106560 96763      349.8498    65      355.6687      333.3295   540848    6.28%         x.35.29 D 106560 106559     95
 108200 98280      342.8427    68      355.6687      333.3452   549212    6.28%         x.36.35 D 108200 108199     57
 109772 99732      339.6191    69      355.6687      333.3647   557556    6.27%         x.36.35 D 109772 109771     39
 111370 101195      348.6463    59      355.6687      333.3742   565494    6.27%         x.20.28 U 111370 111369    104
 112986 102701      342.0788    58      355.6687      333.3934   573782    6.26%         x.15.32 D 112986 112985     66
 114603 104209      346.7557    59      355.6687      333.4073   581799    6.26%          x.42.2 U 114603 114601     36
Elapsed time = 63.78 sec. (70068.84 ticks, tree = 395.68 MB, solutions = 20)
 116264 105762      338.7495    66      355.6687      333.4173   590067    6.26%         x.36.13 D 116264 116263     31
 117900 107277      354.2025    54      355.6687      333.4331   598137    6.25%         x.20.40 D 117900 117899    128
 119500 108762      352.5336    63      355.6687      333.4435   606002    6.25%          x.40.0 U 119500 119498     58
 121066 110229      345.7596    60      355.6687      333.4538   613551    6.25%          x.26.3 U 121066 121065     28
 122631 111698      350.0478    60      355.6687      333.4685   621611    6.24%         x.38.37 D 122631 122630    122
 124244 113208      338.0093    65      355.6687      333.4817   629491    6.24%          x.2.32 U 124244   6875     12
 125830 114686      353.6584    56      355.6687      333.4946   637467    6.23%          x.41.6 D 125830 125829    126
 127441 116176      346.6729    61      355.6687      333.5099   645303    6.23%          x.37.0 D 127441 127439     63
 129026 117658      352.1356    49      355.6687      333.5242   653204    6.23%         x.28.41 D 129026 129024     65
 130691 119212      342.4319    56      355.6687      333.5407   661515    6.22%          x.7.32 D 130691 130690     74
Elapsed time = 72.51 sec. (79609.43 ticks, tree = 452.69 MB, solutions = 20)
 132282 120694        cutoff            355.6687      333.5486   669346    6.22%          x.9.12 U 132282 132281    140
 133890 122187      343.9982    56      355.6687      333.5663   677067    6.21%         x.21.32 D 133890 133889     79
 135538 123714      343.0141    65      355.6687      333.5878   685183    6.21%         x.36.32 D 135538 135537     58
 137196 125261      349.2516    58      355.6687      333.6018   693262    6.20%          x.9.12 D 137196 137195    118
 138814 126746      336.3172    69      355.6687      333.6142   701412    6.20%         x.25.25 D 138814 138813     30
*140380+127060                          355.3533      333.6298             6.11%
 140390 127072      338.5441    56      355.3533      333.6298   709058    6.11%           x.9.3 D 140390 140389     24
 141520 128122      348.8755    65      355.3533      333.6345   714687    6.11%         x.21.40 D 141520 141519     93
 143042 129543      338.2691    63      355.3533      333.6488   722542    6.11%          x.0.25 D 143042 143041     28
 144660 131047      343.9519    59      355.3533      333.6639   730543    6.10%         x.30.35 D 144660 144659     55
*149610+129347                          354.2101      333.6957             5.79%
 150671 130348      347.6702    67      354.2101      333.7068   759784    5.79%         x.38.45 D 150671 150670    114
Elapsed time = 83.82 sec. (92013.16 ticks, tree = 498.52 MB, solutions = 22)
 156840 136084      353.6709    44      354.2101      333.7544   791148    5.77%         x.45.23 U 156840 156838     58
 163170 141987      348.4715    64      354.2101      333.8060   822760    5.76%          x.2.35 D 163170 163169     77
 169345 147740      354.0292    49      354.2101      333.8560   853583    5.75%         x.41.23 D 169345 169344    105
 175645 153571      346.3162    63      354.2101      333.9030   885140    5.73%         x.25.32 D 175645 175644     83
 182005 159442      353.8644    50      354.2101      333.9483   916913    5.72%          x.46.6 U 182005 182003    103
 188244 165197      344.1262    61      354.2101      333.9807   948191    5.71%         x.38.33 D 188244 188243     55
 194578 171063      344.6622    59      354.2101      334.0202   979757    5.70%         x.41.13 D 194578 194577     69
 200865 176932      353.1583    43      354.2101      334.0539  1011278    5.69%         x.42.13 D 200865 200864    121
 207100 182733      348.0527    54      354.2101      334.0873  1042367    5.68%         x.33.35 D 207100 207099     89
 213372 188531      346.1346    61      354.2101      334.1182  1073660    5.67%          x.7.35 D 213372 213371     84
Elapsed time = 118.35 sec. (130166.64 ticks, tree = 723.99 MB, solutions = 22)
 219707 194351      349.5447    58      354.2101      334.1501  1104875    5.66%         x.32.40 U 219707 219706    115
 226000 200128      351.7946    54      354.2101      334.1790  1135638    5.66%         x.32.40 U 226000 225999     97
 232349 205983      344.5777    64      354.2101      334.2039  1167280    5.65%         x.42.32 D 232349 232348     78
 238651 211831      354.0546    56      354.2101      334.2305  1198705    5.64%         x.40.22 U 238651 238650    126
 244970 217701      339.2965    68      354.2101      334.2564  1230908    5.63%         x.23.13 D 244970 244969     28
 251301 223575      345.8996    61      354.2101      334.2838  1262062    5.63%         x.36.32 D 251301 251300    100
 257589 229395      349.8744    60      354.2101      334.3121  1293852    5.62%          x.0.49 D 257589 257588    116
 263879 235227      349.5226    61      354.2101      334.3359  1325191    5.61%         x.41.39 D 263879 263878    114
 270093 240998      343.8539    60      354.2101      334.3573  1356718    5.60%         x.42.32 D 270093 270092     76
 276286 246710      340.3256    69      354.2101      334.3801  1388423    5.60%         x.46.35 D 276286 276285     49
Elapsed time = 152.87 sec. (168317.18 ticks, tree = 952.26 MB, solutions = 22)
 282512 252479      346.0599    65      354.2101      334.4037  1420579    5.59%          x.44.4 D 282512 282511     78
 288800 258287      342.8774    69      354.2101      334.4207  1452653    5.59%          x.4.35 D 288800 288799     49
 295150 264119      335.9567    62      354.2101      334.4418  1484406    5.58%         x.35.25 D 295150 295149     34
 301429 269893      346.3632    61      354.2101      334.4634  1516165    5.57%         x.36.19 D 301429 301428     91
 307610 275607      345.2940    67      354.2101      334.4847  1546762    5.57%          x.9.32 D 307610 307609     88
 313954 281477      348.2639    59      354.2101      334.5017  1578742    5.56%         x.16.40 U 313954 313952     56
 320242 287269      343.7603    66      354.2101      334.5225  1610741    5.56%         x.40.32 D 320242 320241     84
 326655 293196      347.0626    65      354.2101      334.5396  1642689    5.55%          x.36.8 D 326655 326654     94
 332930 298987      352.8087    57      354.2101      334.5546  1674055    5.55%         x.12.37 D 332930 332929    110
 339126 304728      353.0741    52      354.2101      334.5757  1705383    5.54%          x.29.0 D 339126 339125    117
Elapsed time = 187.34 sec. (206474.03 ticks, tree = 1178.36 MB, solutions = 22)
 345450 310546      346.6081    60      354.2101      334.5983  1737311    5.54%         x.36.48 D 345450 345449     53
 351805 316357      346.8741    68      354.2101      334.6195  1768726    5.53%           x.0.0 D 351805 351804     80
 358100 322139      341.7445    68      354.2101      334.6343  1800073    5.53%          x.4.35 D 358100 358099     52
 364427 327924      335.4130    68      354.2101      334.6513  1832017    5.52%         x.26.32 D 364427 364426     24
 370719 333728      345.4686    65      354.2101      334.6663  1863904    5.52%         x.30.32 D 370719 370718    104
 376881 339402      341.7124    61      354.2101      334.6809  1894804    5.51%         x.12.32 D 376881 376880     57
 383050 345068      335.2613    72      354.2101      334.6961  1926493    5.51%          x.26.3 D 383050 383049     29
 389335 350875      342.0145    64      354.2101      334.7121  1958405    5.50%         x.23.35 D 389335 389334     24
 395676 356684      343.0714    70      354.2101      334.7266  1989147    5.50%         x.28.32 D 395676 395675     93
 401922 362394      341.4724    62      354.2101      334.7405  2020563    5.50%          x.7.32 D 401922 401921     82
Elapsed time = 221.95 sec. (244623.23 ticks, tree = 1403.73 MB, solutions = 22)
 408182 368221      349.4019    62      354.2101      334.7551  2052215    5.49%         x.28.41 D 408182 408181    120
 414542 374080      349.8248    66      354.2101      334.7731  2084214    5.49%         x.12.37 D 414542 414541    109
 420899 379938      340.9758    67      354.2101      334.7871  2115965    5.48%          x.8.32 D 420899 420898     46
 427250 385776      341.5793    62      354.2101      334.8013  2148092    5.48%         x.38.17 D 427250 427249     60
 433577 391590      348.3174    66      354.2101      334.8158  2180570    5.48%          x.8.40 N 433577 433576     53
 439885 397376      340.3968    64      354.2101      334.8266  2212832    5.47%         x.41.27 D 439885 439884     67
 446336 403312      352.9485    54      354.2101      334.8400  2244958    5.47%         x.37.15 D 446336 446335     67
 452627 409060      342.9819    59      354.2101      334.8541  2277077    5.46%         x.38.45 D 452627 452626     48
 458745 414649      345.8416    57      354.2101      334.8685  2308515    5.46%         x.22.32 D 458745 458744     93
 464990 420385      336.9917    64      354.2101      334.8835  2340213    5.46%          x.30.3 D 464990 464989     22
Elapsed time = 256.45 sec. (282773.18 ticks, tree = 1631.03 MB, solutions = 22)
 471231 426133      336.6424    67      354.2101      334.8938  2372469    5.45%           x.9.3 D 471231 471230     24
 477480 431945      338.9445    68      354.2101      334.9074  2403962    5.45%           x.9.3 D 477480 477479     30
 483696 437645      339.4067    66      354.2101      334.9215  2435707    5.45%         x.32.35 D 483696 483695     50
 489914 443355      336.9539    61      354.2101      334.9333  2468124    5.44%         x.47.25 D 489914 489913     40
 496180 449089      351.2908    47      354.2101      334.9464  2499720    5.44%         x.40.35 D 496180 496179    103
 502378 454752      340.8419    63      354.2101      334.9580  2533075    5.44%         x.47.25 D 502378 502377     35
 508520 460406      352.9654    52      354.2101      334.9680  2565220    5.43%         x.12.32 D 508520 508519     96
 514536 465911      344.3879    66      354.2101      334.9785  2597812    5.43%          x.16.4 D 514536 514535     61
 520720 471581        cutoff            354.2101      334.9887  2629974    5.43%         x.39.40 U 520720 520718     43
 526850 477227      350.1225    58      354.2101      334.9991  2662178    5.42%          x.5.39 D 526850 526849    101
Elapsed time = 290.90 sec. (320924.24 ticks, tree = 1854.80 MB, solutions = 22)
 533140 482947      335.9498    67      354.2101      335.0124  2694143    5.42%         x.30.40 U 533140  52027     28
 539270 488559      339.4808    68      354.2101      335.0234  2726116    5.42%         x.10.35 D 539270 539269     52
 545370 494137      350.2389    65      354.2101      335.0357  2758588    5.41%         x.48.22 D 545370 545369    114
 551430 499662      349.9350    62      354.2101      335.0470  2790589    5.41%          x.7.41 D 551430 551429     51
 557662 505448      348.1596    65      354.2101      335.0556  2823339    5.41%          x.1.32 D 557662 557661    110
 563843 511140      337.1370    75      354.2101      335.0652  2855753    5.40%         x.35.25 D 563843 563842     35
 570075 516809      336.7719    62      354.2101      335.0758  2887865    5.40%          x.26.3 D 570075 570074     28
 576358 522549      340.7406    62      354.2101      335.0848  2919759    5.40%         x.12.37 D 576358 576357     56
 582467 528169      350.3497    59      354.2101      335.0937  2951283    5.40%         x.35.12 D 582467 582466     95
 588229 533466      340.3153    74      354.2101      335.1024  2980096    5.39%         x.24.35 D 588229 588228     33
Elapsed time = 327.69 sec. (359077.60 ticks, tree = 2070.76 MB, solutions = 22)
Nodefile size = 22.92 MB (11.08 MB after compression)
 593980 538710      350.4523    56      354.2101      335.1108  3010701    5.39%         x.42.35 D 593980 593979     89
 599926 544157      343.0057    65      354.2101      335.1197  3040955    5.39%         x.44.32 D 599926 599925     74
 605760 549463      338.6998    63      354.2101      335.1270  3071065    5.39%         x.25.25 D 605760 605759     29
 611560 554749      343.3176    63      354.2101      335.1341  3100853    5.39%         x.41.39 D 611560 611559     86
 617419 560131      350.9908    57      354.2101      335.1434  3131625    5.38%         x.29.32 D 617419 617418     97
 623460 565653      345.6670    70      354.2101      335.1527  3162579    5.38%          x.47.6 D 623460 623459     21
 629366 571073      352.0722    45      354.2101      335.1620  3193154    5.38%         x.39.46 U 629366 629365    109
 635331 576533      345.0495    69      354.2101      335.1715  3222831    5.37%         x.20.40 D 635331 635330     90
 640983 581700      344.8152    71      354.2101      335.1795  3253903    5.37%         x.48.37 D 640983 640981     55
 646717 586904      344.6327    61      354.2101      335.1878  3284288    5.37%         x.21.32 D 646717 646716     82
Elapsed time = 381.52 sec. (397230.57 ticks, tree = 2272.47 MB, solutions = 22)
Nodefile size = 224.55 MB (106.68 MB after compression)
 652550 592256      344.3422    70      354.2101      335.1952  3313773    5.37%         x.12.39 D 652550 652549     56
 658520 597684      347.7621    61      354.2101      335.2037  3344588    5.37%          x.1.18 D 658520 658519     82
 664385 603033      350.8434    60      354.2101      335.2097  3374968    5.36%         x.38.42 D 664385 664384     56
 670125 608259      352.9323    66      354.2101      335.2164  3405166    5.36%          x.5.39 D 670125 670124     71
 676013 613652      345.6986    67      354.2101      335.2235  3435199    5.36%          x.1.25 D 676013 676012     86
 681952 619085      344.0736    50      354.2101      335.2315  3464916    5.36%         x.46.35 D 681952 681951     66
 687866 624472      341.2503    67      354.2101      335.2399  3495519    5.36%         x.24.35 D 687866 687865     53
 693740 629879      347.2522    64      354.2101      335.2476  3525490    5.35%         x.10.32 D 693740 693739     99
 699717 635316      350.6249    69      354.2101      335.2546  3556901    5.35%          x.2.35 D 699717 699716     52
 705681 640794      349.6938    62      354.2101      335.2617  3587769    5.35%         x.38.33 D 705681 705680     36
Elapsed time = 436.83 sec. (435383.50 ticks, tree = 2475.91 MB, solutions = 22)
Nodefile size = 428.05 MB (199.46 MB after compression)
 711564 646156      351.2107    60      354.2101      335.2693  3618966    5.35%           x.6.2 U 711564 711563     54
 717486 651547      351.3872    65      354.2101      335.2760  3649697    5.35%         x.38.13 D 717486 717485    130
 723423 656979      345.7052    65      354.2101      335.2845  3680196    5.34%         x.48.18 D 723423 723422     76
 729218 662214      345.1402    62      354.2101      335.2914  3710465    5.34%         x.38.15 D 729218 729217     45
 734980 667419      340.5693    66      354.2101      335.2979  3740375    5.34%         x.35.32 D 734980 734979     59
 740726 672648      344.5155    65      354.2101      335.3042  3770080    5.34%         x.31.35 D 740726 740725     53
 746610 677992      352.1750    57      354.2101      335.3117  3800506    5.34%         x.45.23 D 746610 746609    113
 752550 683461      347.5328    65      354.2101      335.3188  3831079    5.33%         x.38.39 D 752550 752549     26
 758383 688782      340.4039    65      354.2101      335.3266  3861218    5.33%         x.32.40 U 758383 758382     39
 764184 694083      351.6377    61      354.2101      335.3333  3891302    5.33%         x.40.22 D 764184 764182     29
Elapsed time = 492.78 sec. (473536.45 ticks, tree = 2677.09 MB, solutions = 22)
Nodefile size = 629.67 MB (286.93 MB after compression)
 769964 699342      339.4095    61      354.2101      335.3393  3921389    5.33%          x.3.35 D 769964 769963     48
 775713 704611      338.5345    66      354.2101      335.3451  3951146    5.33%          x.26.3 D 775713 775712     33
 781420 709840      349.1642    61      354.2101      335.3519  3980415    5.32%         x.48.41 D 781420 781419    104
 787124 714992      348.6698    66      354.2101      335.3588  4009491    5.32%         x.23.40 D 787124 787123     96
 793073 720392      335.3868    63      354.2101      335.3659  4039444    5.32%         x.12.25 D 793073 171708     29
 798969 725750      340.2876    61      354.2101      335.3725  4070386    5.32%          x.1.39 D 798969 798968     55
 804820 731109      354.0662    58      354.2101      335.3765  4100664    5.32%          x.41.0 U 804820 804818    133
 810891 736669      343.2660    69      354.2101      335.3834  4131621    5.32%          x.3.32 D 810891 810890     83
 816694 741933      340.4256    62      354.2101      335.3917  4162637    5.31%         x.16.13 D 816694 816693     46
 822583 747318      352.5746    56      354.2101      335.3976  4193154    5.31%          x.1.18 U 822583 822582    110
Elapsed time = 549.20 sec. (511688.37 ticks, tree = 2878.10 MB, solutions = 22)
Nodefile size = 830.36 MB (371.33 MB after compression)
 828400 752643      344.5491    57      354.2101      335.4030  4223710    5.31%         x.45.40 D 828400 828399     96
 834291 758016      343.9298    59      354.2101      335.4094  4253805    5.31%          x.7.32 D 834291 834290     68
 840074 763296      351.2653    62      354.2101      335.4162  4284491    5.31%         x.34.34 U 840074 840073     44
 845937 768588      337.2565    70      354.2101      335.4222  4315410    5.30%          x.47.6 U 845937 187149     20
 851889 773997      343.9589    58      354.2101      335.4282  4347183    5.30%         x.19.32 D 851889 851888     78
 857855 779397      336.5116    63      354.2101      335.4341  4378264    5.30%          x.18.6 D 857855 857854     42
 863757 784794      349.7954    57      354.2101      335.4398  4408845    5.30%          x.2.35 D 863757 863756     92
 869650 790116      349.6644    65      354.2101      335.4459  4440235    5.30%         x.48.21 D 869650 869649     63
 875651 795602      343.8514    57      354.2101      335.4523  4471626    5.30%         x.35.32 D 875651 875650     75
 881523 800916      343.2495    65      354.2101      335.4591  4502999    5.29%         x.25.35 U 881523 881521     52
Elapsed time = 606.97 sec. (549846.26 ticks, tree = 3080.49 MB, solutions = 22)
Nodefile size = 1033.08 MB (453.79 MB after compression)
 887344 806219      346.4088    66      354.2101      335.4638  4533342    5.29%          x.47.6 D 887344 887343     23
 893364 811710      354.1051    51      354.2101      335.4694  4563930    5.29%         x.27.12 D 893364 893363    111
 899328 817133      340.3483    62      354.2101      335.4751  4595388    5.29%          x.1.32 D 899328 899327     72
 905345 822656      337.9222    65      354.2101      335.4796  4626021    5.29%         x.38.23 D 905345 905344     51
 911267 828045      352.2806    59      354.2101      335.4857  4657265    5.29%          x.26.4 D 911267 911266     97
 917247 833543      352.8785    61      354.2101      335.4914  4688364    5.28%         x.38.25 D 917247 917246     85
 923250 839019      344.6424    68      354.2101      335.4978  4719335    5.28%          x.0.32 D 923250 923249     90
 929213 844511      351.2031    60      354.2101      335.5020  4749815    5.28%          x.26.4 D 929213 929212     99
 935011 849820      351.5195    71      354.2101      335.5073  4780924    5.28%         x.16.32 D 935011 935010     47
 941092 855367      344.8854    56      354.2101      335.5124  4811634    5.28%         x.38.17 D 941092 941091     76
Elapsed time = 665.56 sec. (587995.99 ticks, tree = 3286.08 MB, solutions = 22)
Nodefile size = 1238.82 MB (534.92 MB after compression)
 946884 860676      352.1850    73      354.2101      335.5185  4841571    5.28%         x.16.41 D 946884 946883     84
 952412 865719      347.0117    62      354.2101      335.5235  4870162    5.28%          x.3.32 D 952412 952411    107
 957998 870794      345.8830    69      354.2101      335.5300  4899378    5.27%         x.21.40 D 957998 957997     55
 963610 875940      343.8467    60      354.2101      335.5354  4927415    5.27%         x.37.39 D 963610 963609     66
 969310 881187      338.5560    64      354.2101      335.5400  4956303    5.27%         x.25.25 D 969310 969308     37
 975070 886449      338.3303    70      354.2101      335.5446  4986088    5.27%         x.41.32 U 975070 905211     22
 980795 891641      343.3053    71      354.2101      335.5494  5015480    5.27%         x.25.32 D 980795 980794    103
 986633 896962      343.5692    64      354.2101      335.5535  5045355    5.27%          x.8.32 D 986633 986632     64
 992605 902430      345.2283    58      354.2101      335.5592  5075987    5.27%         x.49.40 D 992605 992604     46
 998578 907873      346.5902    66      354.2101      335.5648  5106827    5.26%         x.22.32 D 998578 998577    115
Elapsed time = 723.16 sec. (626146.89 ticks, tree = 3484.35 MB, solutions = 22)
Nodefile size = 1436.58 MB (610.07 MB after compression)
 1004530 913347      338.1573    66      354.2101      335.5701  5137409    5.26%         x.18.25 D 1004530 1004529     33
 1010400 918720      353.9182    51      354.2101      335.5744  5167509    5.26%         x.28.41 D 1010400 1010399    129
 1016196 923978      338.6453    69      354.2101      335.5794  5198146    5.26%         x.34.34 U 1016196 1016195     37
 1021945 929194      350.5149    63      354.2101      335.5839  5227652    5.26%          x.40.0 D 1021945 1021944     77
 1027636 934363      339.9739    52      354.2101      335.5880  5257088    5.26%           x.9.3 D 1027636 1027635     23
 1033346 939596      345.0680    61      354.2101      335.5928  5286062    5.26%         x.40.32 D 1033346 1033345     82
 1039111 944793      351.4831    59      354.2101      335.5976  5315811    5.25%         x.13.12 D 1039111 1039110     99
 1044800 949998      352.3937    54      354.2101      335.6018  5345582    5.25%         x.36.40 D 1044800 1044799    128
 1050488 955109      339.1185    65      354.2101      335.6060  5375094    5.25%         x.26.32 U 1050488  31631     13
 1056410 960454      344.9606    62      354.2101      335.6112  5405097    5.25%          x.5.39 D 1056410 1056409     89
Elapsed time = 781.55 sec. (664300.84 ticks, tree = 3682.90 MB, solutions = 22)
Nodefile size = 1635.37 MB (683.65 MB after compression)
 1062283 965847      349.7919    51      354.2101      335.6152  5435764    5.25%         x.23.40 D 1062283 1062281     49
 1068272 971293      346.2810    61      354.2101      335.6197  5465767    5.25%         x.11.32 D 1068272 1068271     87
 1074097 976576      345.3018    62      354.2101      335.6231  5495606    5.25%         x.35.35 D 1074097 1074096     58
 1079950 981905      344.3354    59      354.2101      335.6289  5525342    5.25%          x.9.12 D 1079950 1079949     52
 1085742 987134      336.5191    63      354.2101      335.6331  5554943    5.24%         x.19.11 U 1085742 156770     14
 1091465 992356      340.8308    65      354.2101      335.6376  5584703    5.24%         x.15.35 D 1091465 1091464     27
 1097159 997525      349.9932    53      354.2101      335.6414  5614452    5.24%          x.28.0 D 1097159 1097158    121
 1102770 1002673      338.7851    60      354.2101      335.6454  5643805    5.24%         x.23.35 D 1102770 1102769     54
 1108413 1007818      347.4603    64      354.2101      335.6505  5672880    5.24%          x.9.32 D 1108413 1108412     92
 1114025 1012898      346.3017    69      354.2101      335.6550  5702173    5.24%         x.19.32 D 1114025 1114024     81
Elapsed time = 839.80 sec. (702452.39 ticks, tree = 3880.94 MB, solutions = 22)
Nodefile size = 1833.13 MB (754.80 MB after compression)
 1119797 1018101      340.5294    68      354.2101      335.6597  5732549    5.24%         x.20.35 D 1119797 1119796     47
 1125329 1023073      342.0988    65      354.2101      335.6638  5761102    5.24%         x.13.35 N 1125329 1125328     62
 1131028 1028283      351.9061    59      354.2101      335.6681  5790107    5.23%          x.27.4 D 1131028 1131027    123
 1136707 1033496      346.1342    53      354.2101      335.6725  5819499    5.23%          x.5.39 D 1136707 1136706     51
 1142327 1038601      338.8842    62      354.2101      335.6774  5848177    5.23%          x.26.3 U 1142327 1142325     35
 1148132 1043879      353.0465    56      354.2101      335.6817  5878643    5.23%          x.16.8 D 1148132 1148130     41
 1153916 1049121      350.7306    63      354.2101      335.6855  5909077    5.23%         x.48.41 D 1153916 1153915    106
 1159570 1054253      343.5680    60      354.2101      335.6886  5938794    5.23%         x.19.32 D 1159570 1159569     60
 1165245 1059411      338.8499    73      354.2101      335.6921  5968152    5.23%           x.9.3 D 1165245 1165244     29
 1171040 1064703      348.3809    67      354.2101      335.6967  5998847    5.23%         x.13.35 D 1171040 1171039     33
Elapsed time = 898.15 sec. (740636.16 ticks, tree = 4077.16 MB, solutions = 22)
Nodefile size = 2029.82 MB (823.49 MB after compression)
 1177034 1070114      349.0914    60      354.2101      335.7008  6029276    5.23%         x.48.24 U 1177034 1177031     48
 1182800 1075376      341.0084    65      354.2101      335.7046  6059701    5.22%         x.38.35 D 1182800 1182799     57
 1188768 1080796      336.7789    67      354.2101      335.7084  6089993    5.22%         x.35.25 D 1188768 1188767     28
 1194647 1086174      351.5047    42      354.2101      335.7129  6119880    5.22%         x.41.24 D 1194647 1194646    120
 1200510 1091500      346.5405    66      354.2101      335.7175  6149952    5.22%          x.9.32 D 1200510 1200509     87
 1206352 1096837      343.2460    66      354.2101      335.7211  6179888    5.22%         x.14.32 D 1206352 1206351     70
 1212026 1101935      347.3685    62      354.2101      335.7252  6209674    5.22%         x.16.32 N 1212026 1212025     71
 1218000 1107402      339.0967    67      354.2101      335.7286  6240345    5.22%         x.38.41 D 1218000 1217999     60
 1223761 1112636      345.0913    67      354.2101      335.7328  6270315    5.22%         x.20.32 D 1223761 1223760     92
 1229567 1117958      346.8332    62      354.2101      335.7363  6299768    5.22%         x.49.32 U 1229567 1229565     45
Elapsed time = 957.94 sec. (778826.93 ticks, tree = 4279.49 MB, solutions = 22)
Nodefile size = 2232.50 MB (892.72 MB after compression)
 1235490 1123351      340.1361    59      354.2101      335.7409  6331162    5.21%         x.25.40 D 1235490 1235489     54
 1241403 1128763      352.5559    60      354.2101      335.7455  6361735    5.21%          x.8.40 D 1241403 1241402     65
 1247264 1134077      348.4813    68      354.2101      335.7497  6391939    5.21%         x.19.40 D 1247264 1247263     97
 1253050 1139318      337.9222    64      354.2101      335.7531  6423026    5.21%          x.26.3 D 1253050 1253049     29
 1258877 1144634      352.4741    55      354.2101      335.7574  6454137    5.21%         x.34.40 D 1258877 1258876    123
 1264725 1149927      343.0444    67      354.2101      335.7612  6485473    5.21%         x.34.34 U 1264725 1264724     56
 1270500 1155140      341.5524    60      354.2101      335.7650  6515356    5.21%          x.2.25 D 1270500 1270499     31
 1276394 1160478      342.0200    65      354.2101      335.7692  6545749    5.21%         x.38.32 D 1276394 1276393     61
 1282132 1165629      348.2759    57      354.2101      335.7743  6576334    5.20%          x.42.6 D 1282132 1282131     87
 1287990 1170938      337.3699    72      354.2101      335.7778  6606900    5.20%         x.47.21 U 1287990 1287989     36
Elapsed time = 1018.21 sec. (816979.70 ticks, tree = 4480.81 MB, solutions = 22)
Nodefile size = 2433.14 MB (960.41 MB after compression)
 1293859 1176250      336.7747    65      354.2101      335.7816  6637000    5.20%         x.46.35 D 1293859 1293858     31
 1299549 1181385        cutoff            354.2101      335.7855  6667577    5.20%         x.40.22 D 1299549 1299547    129
 1305280 1186586      341.2880    60      354.2101      335.7889  6697876    5.20%         x.13.35 D 1305280 1305279     47
 1311117 1191945      347.3243    65      354.2101      335.7925  6728265    5.20%          x.2.25 D 1311117 1311116     36
 1316870 1197187      342.5080    64      354.2101      335.7962  6758932    5.20%         x.16.12 D 1316870 1316869     57
 1322580 1202390      344.8996    61      354.2101      335.8006  6789974    5.20%          x.21.4 D 1322580 1322579     77
 1328400 1207653      341.0166    58      354.2101      335.8040  6820245    5.20%         x.32.35 D 1328400 1328399     42
 1334138 1212863      344.0648    64      354.2101      335.8082  6851003    5.20%         x.19.32 D 1334138 1334137     92
 1340067 1218245      341.3544    67      354.2101      335.8119  6882452    5.19%         x.13.35 D 1340067 1340066     40
 1345720 1223334      344.7293    55      354.2101      335.8152  6912443    5.19%          x.27.4 D 1345720 1345719     68
Elapsed time = 1079.06 sec. (855132.86 ticks, tree = 4679.92 MB, solutions = 22)
Nodefile size = 2632.74 MB (1027.18 MB after compression)
 1351330 1228442      351.2289    61      354.2101      335.8193  6941872    5.19%         x.35.12 D 1351330 1351329    122
 1357250 1233865      341.7060    65      354.2101      335.8224  6973177    5.19%         x.36.12 D 1357250 1357249     46
 1362968 1239051      342.3731    63      354.2101      335.8260  7004845    5.19%         x.10.32 D 1362968 1362967     90
 1368729 1244293      341.0701    60      354.2101      335.8305  7035268    5.19%         x.18.25 D 1368729 1368728     55
 1374440 1249494      339.8512    66      354.2101      335.8333  7066167    5.19%          x.1.25 D 1374440 1374439     50
 1380186 1254716      345.7727    59      354.2101      335.8371  7096637    5.19%           x.6.2 U 1380186 1380185     57
 1385855 1259846      337.3340    71      354.2101      335.8409  7127781    5.19%         x.25.25 D 1385855 1385854     29
 1391600 1265030      346.4317    70      354.2101      335.8437  7157672    5.19%          x.27.4 D 1391600 1391599     92
 1397362 1270280      353.0981    62      354.2101      335.8468  7187392    5.18%         x.23.27 U 1397362 1397360     82
 1403164 1275595      343.4297    61      354.2101      335.8503  7218126    5.18%         x.23.32 D 1403164 1403163     59
Elapsed time = 1140.04 sec. (893313.03 ticks, tree = 4878.52 MB, solutions = 22)
Nodefile size = 2831.30 MB (1092.25 MB after compression)
 1408970 1280875      347.9534    63      354.2101      335.8541  7249129    5.18%          x.7.35 D 1408970 1408969     91
 1414804 1286117      349.1891    55      354.2101      335.8574  7280560    5.18%         x.32.40 D 1414804 1414803     88
 1420548 1291265      343.9661    56      354.2101      335.8606  7311116    5.18%         x.14.32 D 1420548 1420547     61
 1426451 1296640      348.9407    60      354.2101      335.8644  7341337    5.18%          x.3.32 D 1426451 1426450    109
 1432133 1301801      342.5449    62      354.2101      335.8678  7371672    5.18%          x.8.32 D 1432133 1432132     52
 1437932 1307057      349.5427    53      354.2101      335.8720  7402545    5.18%         x.21.40 D 1437932 1437931     84
 1443825 1312411      343.1552    65      354.2101      335.8753  7433218    5.18%         x.11.32 D 1443825 1443824     68
 1449560 1317618      339.1058    65      354.2101      335.8796  7463439    5.18%          x.18.3 D 1449560 1449559     34
 1455395 1322965      352.5457    56      354.2101      335.8828  7494389    5.17%         x.43.34 U 1455395 1455394    118
 1461176 1328207      346.9475    59      354.2101      335.8859  7524765    5.17%         x.39.32 D 1461176 1461175     81
Elapsed time = 1201.50 sec. (931463.79 ticks, tree = 5078.43 MB, solutions = 22)
Nodefile size = 3030.84 MB (1156.59 MB after compression)
 1466891 1333403      347.6827    61      354.2101      335.8897  7554578    5.17%           x.6.2 U 1466891 1466890     80
 1472737 1338693      346.2323    62      354.2101      335.8933  7586219    5.17%         x.16.13 D 1472737 1472736     69
 1478564 1343919      346.6455    65      354.2101      335.8966  7616648    5.17%         x.48.41 D 1478564 1478563     80
 1484431 1349249      346.7939    62      354.2101      335.9001  7647887    5.17%         x.37.32 D 1484431 1484430     83
 1490164 1354475      347.8766    64      354.2101      335.9035  7679096    5.17%         x.18.32 D 1490164 1490163     74
 1496040 1359815      338.0727    64      354.2101      335.9076  7710272    5.17%          x.12.4 D 1496040 1496039     47
 1501756 1365009      352.9155    61      354.2101      335.9110  7740089    5.17%         x.28.32 D 1501756 1501755    103
 1507622 1370340      345.7019    57      354.2101      335.9142  7770963    5.17%         x.11.32 D 1507622 1507621     72
 1513390 1375557      340.9297    62      354.2101      335.9178  7801610    5.16%         x.18.25 D 1513390 1513389     58
 1519180 1380809      350.1452    55      354.2101      335.9218  7832968    5.16%          x.11.4 D 1519180 1519179    109
Elapsed time = 1263.01 sec. (969614.81 ticks, tree = 5278.32 MB, solutions = 22)
Nodefile size = 3230.37 MB (1219.46 MB after compression)
 1525070 1386154      338.8093    61      354.2101      335.9249  7863669    5.16%         x.16.41 D 1525070 1525069     41
 1530800 1391366      339.1503    67      354.2101      335.9284  7894358    5.16%          x.16.4 D 1530800 1530799     40
 1536760 1396723      339.4481    63      354.2101      335.9320  7925262    5.16%          x.5.32 D 1536760 1536759     65
 1542540 1401975      339.9536    66      354.2101      335.9357  7955898    5.16%         x.23.35 D 1542540 1542539     50
 1548222 1407152      351.0124    57      354.2101      335.9390  7985662    5.16%         x.38.45 D 1548222 1548221    100
 1553940 1412367      349.9562    53      354.2101      335.9428  8015758    5.16%          x.16.8 D 1553940 1553939     95
 1559639 1417561      337.6550    69      354.2101      335.9463  8045928    5.16%         x.38.39 D 1559639 1559638     42
 1565390 1422751      347.9080    60      354.2101      335.9499  8076539    5.16%         x.25.32 D 1565390 1565389     84
 1571271 1428094      342.2800    69      354.2101      335.9532  8107384    5.15%         x.34.40 D 1571271 1571270     45
 1577031 1433320      349.7611    68      354.2101      335.9565  8138287    5.15%          x.48.1 D 1577031 1577029     74
Elapsed time = 1324.76 sec. (1007777.51 ticks, tree = 5477.86 MB, solutions = 22)
Nodefile size = 3429.88 MB (1281.90 MB after compression)
 1582858 1438564      343.2550    66      354.2101      335.9601  8168652    5.15%         x.33.32 D 1582858 1582857     66
 1588598 1443747      341.6417    63      354.2101      335.9637  8199011    5.15%          x.30.3 D 1588598 1588597     34
 1594297 1448851      346.0040    58      354.2101      335.9677  8229339    5.15%         x.12.32 D 1594297 1594296     87
 1600060 1454072      349.3152    63      354.2101      335.9709  8259284    5.15%         x.38.42 D 1600060 1600059     74
 1605770 1459232      337.6617    68      354.2101      335.9743  8289807    5.15%         x.18.25 D 1605770 1605769     45
 1611392 1464337      352.0935    57      354.2101      335.9778  8319701    5.15%          x.44.4 D 1611392 1611391    122
 1617307 1469689      337.6260    68      354.2101      335.9813  8350311    5.15%         x.35.25 D 1617307 1617306     27
 1623031 1474859      338.0385    71      354.2101      335.9849  8380608    5.15%           x.6.2 D 1623031 1623029     30
 1628816 1480121      340.0126    55      354.2101      335.9885  8411817    5.14%          x.6.25 D 1628816 1628815     31
 1634537 1485302      353.7803    64      354.2101      335.9915  8441748    5.14%         x.34.34 D 1634537 1634535     47
Elapsed time = 1386.17 sec. (1045927.29 ticks, tree = 5675.42 MB, solutions = 22)
Nodefile size = 3627.44 MB (1343.09 MB after compression)
 1640334 1490503      338.2355    64      354.2101      335.9951  8472019    5.14%         x.36.35 D 1640334 1640332     37
 1646029 1495653      339.5826    69      354.2101      335.9984  8501653    5.14%          x.18.6 D 1646029 1646028     53
 1651735 1500824      343.2464    63      354.2101      336.0017  8532502    5.14%         x.32.35 D 1651735 1651734     62
 1657455 1505984      341.0018    61      354.2101      336.0050  8563067    5.14%         x.34.34 U 1657455 1657454     33
 1663150 1511160      338.8982    66      354.2101      336.0079  8592807    5.14%           x.6.2 U 1663150 1663149     38
 1668695 1516204      339.6228    67      354.2101      336.0107  8623261    5.14%           x.6.2 U 1668695 1668694     40
 1674330 1521333      350.5019    66      354.2101      336.0140  8653406    5.14%         x.45.32 D 1674330 1674329     95
 1679995 1526492      348.8516    57      354.2101      336.0166  8683629    5.14%         x.12.25 D 1679995 1679994    104
 1685835 1531808      348.6641    61      354.2101      336.0198  8714397    5.14%          x.6.32 D 1685835 1685833     35
*1688770+1530748                          353.9623      336.0218             5.07%
 1691124 1532859      337.4820    77      353.9623      336.0237  8742359    5.07%          x.1.11 D 1691124 1691123     29
Elapsed time = 1447.48 sec. (1084078.79 ticks, tree = 5856.37 MB, solutions = 23)
Nodefile size = 3809.08 MB (1396.22 MB after compression)
 1696891 1538097      338.1650    67      353.9623      336.0266  8772865    5.07%         x.16.41 U 1696891 1696889     33
 1702633 1543308      350.1879    56      353.9623      336.0300  8804381    5.07%         x.23.35 D 1702633 1702632     21
 1708361 1548489      341.8848    63      353.9623      336.0335  8834851    5.07%         x.16.32 D 1708361 1708360     54
 1714158 1553764      342.9271    69      353.9623      336.0368  8865686    5.06%         x.49.35 D 1714158 1714157     38
 1720027 1559075      342.5571    64      353.9623      336.0401  8896316    5.06%         x.48.41 D 1720027 1720025     48
 1725620 1564128      345.6010    56      353.9623      336.0431  8926011    5.06%         x.38.35 D 1725620 1725619     82
 1731290 1569293      343.5056    56      353.9623      336.0467  8956673    5.06%         x.15.32 D 1731290 1731289     75
 1737010 1574484      341.7670    67      353.9623      336.0493  8987198    5.06%         x.31.32 U 1737010  18759     47
 1742974 1579893      344.8664    63      353.9623      336.0516  9018407    5.06%         x.45.32 D 1742974 1742973     89
 1748734 1585083      336.3953    58      353.9623      336.0548  9048919    5.06%         x.25.25 U 1748734 601813     31
Elapsed time = 1510.23 sec. (1122230.79 ticks, tree = 6055.22 MB, solutions = 23)
Nodefile size = 4007.81 MB (1457.18 MB after compression)
 1754607 1590428      337.2254    70      353.9623      336.0579  9079033    5.06%          x.21.4 D 1754607 1754606     49
 1760386 1595728      347.8176    65      353.9623      336.0605  9109136    5.06%         x.14.32 D 1760386 1760385    105
 1766149 1601005      349.1411    57      353.9623      336.0633  9139554    5.06%         x.16.12 D 1766149 1766148     70
 1772000 1606284      337.5392    66      353.9623      336.0663  9170217    5.06%          x.16.4 D 1772000 1771999     52
 1777780 1611521      348.5342    64      353.9623      336.0695  9201004    5.05%         x.25.35 D 1777780 1777779     82
 1783555 1616728      349.4954    60      353.9623      336.0738  9231386    5.05%         x.35.32 D 1783555 1783554     96
 1789350 1622001      346.0089    58      353.9623      336.0771  9262038    5.05%         x.28.32 D 1789350 1789349     99
 1795070 1627205      339.7012    61      353.9623      336.0798  9292184    5.05%         x.25.25 D 1795070 1795069     29
 1800748 1632395      349.6336    58      353.9623      336.0829  9322073    5.05%         x.23.32 D 1800748 1800747     90
 1806349 1637470      352.1055    64      353.9623      336.0862  9352272    5.05%         x.13.12 D 1806349 1806348     49
Elapsed time = 1572.41 sec. (1160397.30 ticks, tree = 6254.67 MB, solutions = 23)
Nodefile size = 4207.53 MB (1517.46 MB after compression)
 1812030 1642620      353.4845    64      353.9623      336.0892  9382664    5.05%           x.6.2 U 1812030 1812029     28
 1817759 1647801      349.6944    58      353.9623      336.0920  9412753    5.05%         x.29.32 D 1817759 1817758     98
 1823391 1652906      349.1386    64      353.9623      336.0951  9442771    5.05%         x.34.28 U 1823391 1823390     39
 1829063 1658031      343.7112    67      353.9623      336.0979  9473965    5.05%         x.39.32 D 1829063 1829062     65
 1834764 1663159      343.9092    66      353.9623      336.1013  9504695    5.05%         x.25.32 D 1834764 1834763     72
 1840544 1668378      342.0272    66      353.9623      336.1045  9535630    5.05%         x.16.13 D 1840544 1840543     46
 1846304 1673574        cutoff            353.9623      336.1078  9566301    5.04%         x.32.40 U 1846304 1846303     49
 1851819 1678616      350.1393    57      353.9623      336.1100  9595776    5.04%         x.38.42 U 1851819 1851817     49
 1857478 1683765      338.1450    62      353.9623      336.1134  9626483    5.04%          x.11.4 D 1857478 1857477     40
 1863240 1688982      348.3140    58      353.9623      336.1171  9657625    5.04%          x.5.32 D 1863240 1863239     88
Elapsed time = 1634.11 sec. (1198553.62 ticks, tree = 6450.80 MB, solutions = 23)
Nodefile size = 4403.25 MB (1576.18 MB after compression)
 1869040 1694192      352.3528    66      353.9623      336.1200  9688484    5.04%          x.7.40 D 1869040 1869039    135
 1874840 1699413      340.7713    65      353.9623      336.1231  9719028    5.04%          x.4.35 D 1874840 1874839     48
 1880650 1704730      346.1696    66      353.9623      336.1262  9749603    5.04%         x.38.15 D 1880650 1880649     82
 1886310 1709793      350.8361    66      353.9623      336.1291  9779699    5.04%         x.37.39 D 1886310 1886309    107
 1892005 1714934      344.0815    72      353.9623      336.1323  9810788    5.04%         x.46.35 U 1892005 1892002     47
 1897737 1720130      345.6083    64      353.9623      336.1349  9841919    5.04%         x.34.32 D 1897737 1897736     59
 1903393 1725219      351.6149    55      353.9623      336.1374  9872226    5.04%         x.36.46 D 1903393 1903392    111
 1908974 1730230      353.2484    57      353.9623      336.1406  9902548    5.03%         x.36.38 D 1908974 1908973     77
 1914721 1735412      352.3410    60      353.9623      336.1431  9934030    5.03%         x.48.27 D 1914721 1914720    112
 1920481 1740566      347.2549    65      353.9623      336.1458  9965555    5.03%         x.49.35 D 1920481 1920480     30
Elapsed time = 1702.15 sec. (1236706.22 ticks, tree = 6647.24 MB, solutions = 23)
Nodefile size = 4599.91 MB (1634.34 MB after compression)
 1926310 1745847      347.1767    62      353.9623      336.1489  9997652    5.03%         x.34.25 D 1926310 1926309     48
 1932105 1751099      350.3133    59      353.9623      336.1524 10028858    5.03%         x.19.32 D 1932105 1932104    109
 1937799 1756277      352.9892    59      353.9623      336.1552 10059738    5.03%         x.11.35 D 1937799 1937798    124
 1943540 1761460      348.1016    65      353.9623      336.1582 10089734    5.03%         x.42.32 D 1943540 1943539    114
 1949184 1766571      346.4358    58      353.9623      336.1609 10120647    5.03%          x.11.4 D 1949184 1949183     80
 1954738 1771566      347.3670    60      353.9623      336.1641 10151050    5.03%         x.33.32 D 1954738 1954737     73
 1960417 1776759      345.8909    62      353.9623      336.1670 10181495    5.03%         x.20.32 D 1960417 1960416     80
 1966171 1781976      350.1727    51      353.9623      336.1697 10212456    5.03%         x.27.12 D 1966171 1966170     92
 1971897 1787133      347.5329    68      353.9623      336.1727 10243125    5.03%         x.12.39 D 1971897 1971896     30
 1977684 1792391      347.0591    69      353.9623      336.1757 10273269    5.02%         x.19.35 D 1977684 1977683     66
Elapsed time = 1768.07 sec. (1274859.42 ticks, tree = 6844.60 MB, solutions = 23)
Nodefile size = 4796.60 MB (1692.60 MB after compression)
 1983257 1797445      347.0656    67      353.9623      336.1783 10304320    5.02%           x.6.2 U 1983257 1983256     81
 1988978 1802647      343.1185    66      353.9623      336.1811 10336125    5.02%         x.11.32 D 1988978 1988977     65
 1994692 1807781      349.0985    62      353.9623      336.1838 10367574    5.02%         x.23.32 D 1994692 1994691     82
 2000550 1813061      348.0263    65      353.9623      336.1864 10398421    5.02%          x.2.35 D 2000550 2000549     72
 2006298 1818237      343.8104    62      353.9623      336.1896 10429611    5.02%          x.7.32 D 2006298 2006297     65
 2011920 1823262      338.0162    75      353.9623      336.1923 10460255    5.02%         x.38.39 U 2011920 2011918     40
 2017639 1828421      351.4529    59      353.9623      336.1954 10490607    5.02%         x.48.30 D 2017639 2017638     93
 2023295 1833472      342.0314    59      353.9623      336.1979 10521244    5.02%         x.30.35 D 2023295 2023294     68
 2028879 1838480      342.5960    61      353.9623      336.2010 10551801    5.02%         x.49.32 D 2028879 2028878     62
 2034566 1843584      337.1947    67      353.9623      336.2034 10582978    5.02%          x.26.3 D 2034566 2034565     25
Elapsed time = 1836.77 sec. (1313011.33 ticks, tree = 7039.54 MB, solutions = 23)
Nodefile size = 4992.25 MB (1749.64 MB after compression)
 2040380 1848839      345.8566    68      353.9623      336.2063 10613665    5.02%         x.30.32 D 2040380 2040379     66
 2045990 1853924      346.0635    62      353.9623      336.2082 10644653    5.02%         x.19.35 D 2045990 2045989     61
 2051726 1859152      341.6980    60      353.9623      336.2109 10676191    5.02%          x.18.3 D 2051726 2051725     66
 2057441 1864298      351.2125    65      353.9623      336.2132 10707263    5.01%         x.16.12 D 2057441 2057440     31
 2063113 1869464      342.9649    56      353.9623      336.2157 10738308    5.01%         x.34.34 U 2063113 2063112     51
 2068756 1874547      341.4208    71      353.9623      336.2184 10769116    5.01%         x.14.32 D 2068756 2068755     65
 2074340 1879632      346.4917    68      353.9623      336.2208 10799165    5.01%          x.18.2 D 2074340 2074339     43
 2079870 1884675      340.9785    66      353.9623      336.2233 10829506    5.01%          x.0.40 D 2079870 2079869     67
 2085378 1889668      345.3025    71      353.9623      336.2260 10860077    5.01%         x.25.40 D 2085378 2085377     64
 2091099 1894893      346.9117    59      353.9623      336.2287 10891100    5.01%          x.44.4 D 2091099 2091098     84
Elapsed time = 1899.69 sec. (1351180.05 ticks, tree = 7234.91 MB, solutions = 23)
Nodefile size = 5186.94 MB (1807.17 MB after compression)
 2096626 1899925      349.1902    57      353.9623      336.2314 10921947    5.01%          x.16.4 D 2096626 2096625     57
 2102370 1905171      340.6820    66      353.9623      336.2337 10953312    5.01%         x.38.25 D 2102370 2102369     49
 2108160 1910402      349.8287    53      353.9623      336.2366 10984521    5.01%         x.35.12 D 2108160 2108159     70
 2113829 1915560      346.5738    71      353.9623      336.2391 11015942    5.01%          x.41.4 D 2113829 2113828     40
 2119777 1921005      345.5827    59      353.9623      336.2415 11047848    5.01%          x.7.32 D 2119777 2119776     81
 2125435 1926168      346.1324    55      353.9623      336.2437 11079026    5.01%          x.41.4 D 2125435 2125434     42
 2131122 1931360      344.7679    68      353.9623      336.2460 11109466    5.01%         x.30.35 D 2131122 2131121     74
 2136619 1936332      344.8793    65      353.9623      336.2484 11139571    5.00%          x.26.4 D 2136619 2136618     67
 2142188 1941386      345.6871    65      353.9623      336.2507 11169445    5.00%         x.18.40 D 2142188 2142187    104
 2147639 1946311      346.0809    65      353.9623      336.2537 11199155    5.00%          x.1.18 D 2147639 2147638     71
Elapsed time = 1961.42 sec. (1389333.99 ticks, tree = 7430.65 MB, solutions = 23)
Nodefile size = 5383.60 MB (1864.32 MB after compression)
 2153309 1951452      338.8663    62      353.9623      336.2562 11230295    5.00%          x.11.4 D 2153309 2153308     42
 2158853 1956505      344.3532    61      353.9623      336.2589 11260711    5.00%         x.26.40 D 2158853 2158852     63
 2164574 1961652      345.5775    66      353.9623      336.2615 11291174    5.00%         x.40.22 U 2164574 2164573     76
 2170049 1966580      341.8276    67      353.9623      336.2638 11321587    5.00%         x.49.35 U 2170049 2170047     38
 2175665 1971675      340.2663    64      353.9623      336.2666 11351835    5.00%          x.1.25 D 2175665 2175664     39
 2181480 1976962      345.4440    61      353.9623      336.2695 11382618    5.00%          x.16.8 D 2181480 2181479     62
 2187242 1982158      347.5431    71      353.9623      336.2714 11413383    5.00%          x.16.4 D 2187242 2187241     40
 2192809 1987219      347.1649    59      353.9623      336.2735 11443761    5.00%          x.21.4 D 2192809 2192808     87
 2198275 1992207      341.3897    72      353.9623      336.2754 11473877    5.00%         x.41.39 D 2198275 2198274     61
 2203942 1997345      345.3104    68      353.9623      336.2779 11504445    5.00%          x.18.6 D 2203942 2203941     33
Elapsed time = 2029.44 sec. (1427484.45 ticks, tree = 7624.97 MB, solutions = 23)
Nodefile size = 5577.24 MB (1920.09 MB after compression)
 2209600 2002506      337.7516    63      353.9623      336.2806 11535222    5.00%          x.46.6 D 2209600 2209599     34
 2215315 2007712      352.9050    60      353.9623      336.2825 11566769    4.99%          x.41.1 D 2215315 2215314     82
 2221030 2012885      348.7346    64      353.9623      336.2848 11598199    4.99%         x.40.22 D 2221030 2221029     48
 2226730 2018061      337.5432    67      353.9623      336.2870 11629492    4.99%         x.12.25 D 2226730 2226729     39
 2232430 2023241      344.5603    68      353.9623      336.2890 11660893    4.99%          x.12.4 D 2232430 2232429     58
 2238100 2028335      346.4336    60      353.9623      336.2917 11691379    4.99%          x.27.4 D 2238100 2238099     47
 2243675 2033405      350.7886    59      353.9623      336.2941 11721792    4.99%         x.33.35 D 2243675 2243674    116
 2249412 2038614      345.1980    64      353.9623      336.2962 11752714    4.99%         x.23.40 D 2249412 2249411     46
 2255008 2043672      347.3363    68      353.9623      336.2986 11783166    4.99%          x.3.35 D 2255008 2255007     76
 2260650 2048830      343.5228    66      353.9623      336.3009 11814869    4.99%         x.36.35 D 2260650 2260649     35
Elapsed time = 2093.00 sec. (1465638.20 ticks, tree = 7820.99 MB, solutions = 23)
Nodefile size = 5773.89 MB (1977.30 MB after compression)
 2266330 2054038      342.8633    57      353.9623      336.3036 11845203    4.99%         x.32.40 D 2266330 2266329     48
 2272068 2059294      351.9820    63      353.9623      336.3059 11876063    4.99%          x.5.35 D 2272068 2272067     96
 2277888 2064560      338.4541    65      353.9623      336.3085 11907436    4.99%         x.19.25 D 2277888 2277887     31
 2283569 2069700      349.2776    62      353.9623      336.3108 11939203    4.99%         x.45.32 D 2283569 2283568     99
 2289141 2074705      343.3634    53      353.9623      336.3135 11970802    4.99%         x.12.32 D 2289141 2289140     45
 2294689 2079689      345.3448    67      353.9623      336.3159 12001527    4.99%         x.49.40 D 2294689 2294688     71
 2300216 2084700      336.4619    65      353.9623      336.3186 12032185    4.98%         x.36.38 U 2300216  83875     34
 2305703 2089731      337.8538    65      353.9623      336.3206 12062562    4.98%          x.30.3 D 2305703 2305702     27
 2311378 2094917      346.0283    55      353.9623      336.3227 12094036    4.98%          x.0.40 D 2311378 2311377     89
 2317090 2100114      341.2847    62      353.9623      336.3248 12125959    4.98%         x.10.39 D 2317090 2317089     42
Elapsed time = 2159.16 sec. (1503788.97 ticks, tree = 8016.29 MB, solutions = 23)
Nodefile size = 5968.49 MB (2033.37 MB after compression)
 2322712 2105207      345.0627    62      353.9623      336.3267 12157294    4.98%           x.6.2 U 2322712 2322711     52
 2328423 2110447      344.5792    58      353.9623      336.3288 12189091    4.98%         x.38.13 D 2328423 2328422     75
 2334027 2115569      346.4793    73      353.9623      336.3308 12220491    4.98%         x.48.24 D 2334027 2334025     71
 2339600 2120650      344.5617    65      353.9623      336.3331 12251253    4.98%          x.7.35 D 2339600 2339599     71
 2345168 2125671      349.5521    61      353.9623      336.3352 12282762    4.98%          x.1.12 D 2345168 2345167    105
 2350526 2130443      346.0964    69      353.9623      336.3378 12314171    4.98%         x.32.35 D 2350526 2350525     41
 2356167 2135551      348.0095    62      353.9623      336.3401 12345187    4.98%          x.48.0 D 2356167 2356165     61
 2361766 2140622      350.3870    60      353.9623      336.3426 12376365    4.98%          x.7.40 D 2361766 2361765     52
 2367106 2145402      344.8082    61      353.9623      336.3451 12408614    4.98%         x.34.11 D 2367106 2367105     36
 2372486 2150240      341.2317    61      353.9623      336.3473 12439385    4.98%          x.41.4 D 2372486 2372485     61
Elapsed time = 2219.97 sec. (1541945.26 ticks, tree = 8207.13 MB, solutions = 23)
Nodefile size = 6160.10 MB (2088.74 MB after compression)
 2377884 2155075      345.7237    70      353.9623      336.3498 12471393    4.98%         x.23.32 D 2377884 2377883     71
 2383460 2160125      346.7648    63      353.9623      336.3517 12503825    4.98%          x.30.3 D 2383460 2383459     19
 2388889 2165023      340.9039    69      353.9623      336.3542 12534891    4.97%         x.37.39 D 2388889 2388888     44
 2394573 2170139      352.1798    61      353.9623      336.3565 12566719    4.97%          x.0.35 D 2394573 2394572     73
 2400095 2175105      351.9247    61      353.9623      336.3591 12598407    4.97%         x.40.35 D 2400095 2400094    101
 2405590 2180043      338.0032    67      353.9623      336.3617 12630912    4.97%         x.34.11 D 2405590 2405589     38
 2411277 2185185      342.4217    57      353.9623      336.3644 12663067    4.97%         x.28.25 D 2411277 2411276     65
 2416931 2190310      351.2689    64      353.9623      336.3669 12693670    4.97%         x.48.30 D 2416931 2416930     93
 2422636 2195495      341.2094    58      353.9623      336.3691 12726254    4.97%          x.41.4 D 2422636 2422635     73
 2428260 2200561      340.5106    73      353.9623      336.3715 12758022    4.97%          x.7.40 D 2428260 2428259     62
Elapsed time = 2280.90 sec. (1580104.18 ticks, tree = 8398.77 MB, solutions = 23)
Nodefile size = 6351.65 MB (2143.76 MB after compression)
 2433700 2205510      351.8146    62      353.9623      336.3739 12788686    4.97%         x.20.28 U 2433700 2433699    107
 2439312 2210576      348.5214    62      353.9623      336.3761 12821254    4.97%         x.48.41 D 2439312 2439311     35
 2444749 2215468      340.7355    57      353.9623      336.3786 12852469    4.97%         x.23.35 U 2444749 2444747     33
 2450371 2220539      350.0922    62      353.9623      336.3813 12884502    4.97%          x.5.39 D 2450371 2450370    101
 2455960 2225529      345.3749    64      353.9623      336.3842 12915971    4.97%         x.27.11 D 2455960 2455959     30
 2461545 2230529      346.1522    56      353.9623      336.3863 12947518    4.97%         x.26.40 D 2461545 2461544     69
 2467124 2235562      345.1924    61      353.9623      336.3887 12979296    4.96%         x.25.35 D 2467124 2467123     57
 2472740 2240661      342.5207    72      353.9623      336.3912 13010437    4.96%         x.44.32 D 2472740 2472739     71
 2478350 2245643      347.8771    59      353.9623      336.3934 13042869    4.96%         x.16.32 D 2478350 2478349     42
 2483953 2250730      347.1583    73      353.9623      336.3952 13074101    4.96%          x.6.35 D 2483953 2483952     17
Elapsed time = 2341.23 sec. (1618255.87 ticks, tree = 8589.82 MB, solutions = 23)
Nodefile size = 6542.21 MB (2198.54 MB after compression)
 2489501 2255759      350.2185    51      353.9623      336.3970 13105005    4.96%         x.39.40 D 2489501 2489500     56
 2495117 2260784      338.1623    66      353.9623      336.4000 13136430    4.96%         x.38.45 U 2495117 964609     42
 2500794 2265924      343.0413    63      353.9623      336.4022 13167769    4.96%         x.38.39 U 2500794 2500792     54
 2506306 2270909      347.8126    64      353.9623      336.4048 13199611    4.96%         x.48.21 D 2506306 2506305     48
 2511963 2276040      344.3546    65      353.9623      336.4067 13231459    4.96%         x.14.35 D 2511963 2511962     78
 2517570 2281096      343.1312    60      353.9623      336.4085 13263618    4.96%           x.6.2 U 2517570 2517569     73
 2523275 2286249      352.7884    55      353.9623      336.4105 13294741    4.96%         x.10.35 D 2523275 2523274     55
 2528913 2291273      342.3248    70      353.9623      336.4125 13326155    4.96%          x.18.2 D 2528913 2528912     63
 2534480 2296280      346.4532    56      353.9623      336.4146 13357973    4.96%          x.0.40 D 2534480 2534479     87
 2540012 2301175      339.4868    67      353.9623      336.4169 13388662    4.96%          x.18.3 D 2540012 2540011     34
Elapsed time = 2400.84 sec. (1656406.02 ticks, tree = 8781.90 MB, solutions = 23)
Nodefile size = 6734.78 MB (2253.35 MB after compression)
 2545664 2306299      346.5477    64      353.9623      336.4190 13420637    4.96%           x.6.2 U 2545664 2545663     75
 2551230 2311264      337.1767    69      353.9623      336.4219 13451174    4.96%         x.27.25 D 2551230 2551229     27
 2556720 2316191      349.8185    52      353.9623      336.4242 13482291    4.95%         x.16.32 D 2556720 2556719    124
 2562115 2320994      350.3907    69      353.9623      336.4265 13512925    4.95%         x.46.39 D 2562115 2562114     48
 2567836 2326059      351.3351    60      353.9623      336.4286 13544671    4.95%         x.38.35 D 2567836 2567835     66
 2573466 2331111      340.5034    63      353.9623      336.4312 13576687    4.95%          x.8.40 D 2573466 2573465     66
 2578998 2336055      342.7629    60      353.9623      336.4339 13608361    4.95%         x.38.25 D 2578998 2578997     73
 2584440 2340968      351.9149    63      353.9623      336.4361 13638900    4.95%           x.3.6 D 2584440 2584439     92
 2589876 2345835      349.8599    59      353.9623      336.4385 13670406    4.95%          x.41.1 D 2589876 2589875     99
 2595359 2350787      351.7401    67      353.9623      336.4405 13701719    4.95%          x.0.35 U 2595359 2595357     51
Elapsed time = 2460.44 sec. (1694556.77 ticks, tree = 8970.80 MB, solutions = 23)
Nodefile size = 6923.38 MB (2307.56 MB after compression)
 2600992 2355835      348.5565    55      353.9623      336.4426 13733983    4.95%          x.41.1 D 2600992 2600991     96
 2606671 2360914      345.9024    67      353.9623      336.4451 13765497    4.95%          x.0.40 D 2606671 2606670     60
 2612470 2366126      349.2484    55      353.9623      336.4470 13797991    4.95%          x.5.39 D 2612470 2612469     66
 2618212 2371288      342.8665    58      353.9623      336.4496 13830560    4.95%         x.38.13 D 2618212 2618211     76
 2623950 2376511      351.1859    49      353.9623      336.4516 13863371    4.95%          x.5.34 D 2623950 2623949    130
 2629600 2381591      346.2459    63      353.9623      336.4538 13895709    4.95%         x.48.24 D 2629600 2629599     98
 2635130 2386510      339.0522    69      353.9623      336.4558 13927735    4.95%         x.28.25 D 2635130 2635129     37
 2640708 2391500      349.4611    65      353.9623      336.4583 13959123    4.95%         x.36.35 D 2640708 2640707     51
 2646248 2396503      340.8733    63      353.9623      336.4600 13990469    4.94%          x.7.40 D 2646248 2646247     51
 2651920 2401592      340.3854    69      353.9623      336.4624 14022698    4.94%          x.4.40 D 2651920 2651919     46
Elapsed time = 2526.74 sec. (1732715.19 ticks, tree = 9164.22 MB, solutions = 23)
Nodefile size = 7116.94 MB (2362.74 MB after compression)
 2657505 2406569      337.9915    67      353.9623      336.4645 14055148    4.94%         x.11.13 U 2657505 553903     36
 2663049 2411549      346.1974    62      353.9623      336.4667 14086822    4.94%         x.46.39 D 2663049 2663048     68
 2668332 2416333      349.4482    64      353.9623      336.4688 14116550    4.94%         x.39.40 D 2668332 2668331     52
 2673970 2421367      344.6024    65      353.9623      336.4713 14148250    4.94%          x.44.4 D 2673970 2673969     76
 2679607 2426396      346.2442    66      353.9623      336.4739 14179956    4.94%          x.7.35 D 2679607 2679606     92
 2685195 2431367      350.3177    66      353.9623      336.4761 14211652    4.94%         x.47.21 D 2685195 2685193     46
 2690702 2436260      350.2982    63      353.9623      336.4787 14242515    4.94%         x.30.40 D 2690702 2690700     27
 2696290 2441305      352.2375    66      353.9623      336.4808 14274550    4.94%         x.37.39 D 2696290 2696289     61
 2701940 2446351      350.5379    59      353.9623      336.4831 14306404    4.94%         x.19.32 D 2701940 2701939    108
 2707530 2451375      348.7628    66      353.9623      336.4852 14338124    4.94%         x.14.32 D 2707530 2707529     94
Elapsed time = 2586.39 sec. (1770866.99 ticks, tree = 9353.76 MB, solutions = 23)
Nodefile size = 7306.51 MB (2416.83 MB after compression)
 2712943 2456211      336.7480    68      353.9623      336.4877 14369589    4.94%          x.6.25 D 2712943 2712942     39
 2718545 2461287      347.6386    65      353.9623      336.4899 14401307    4.94%         x.31.12 D 2718545 2718544    101
 2724071 2466178      338.0356    72      353.9623      336.4919 14433349    4.94%         x.33.25 D 2724071 2724070     44
 2729690 2471247      349.7522    59      353.9623      336.4944 14465067    4.93%          x.4.40 D 2729690 2729689     29
 2735340 2476242      348.6276    60      353.9623      336.4966 14496679    4.93%         x.36.12 D 2735340 2735339     71
 2741052 2481374      347.9925    67      353.9623      336.4992 14529724    4.93%          x.41.6 D 2741052 2741051     71
 2746649 2486418      340.6213    66      353.9623      336.5015 14561792    4.93%           x.9.3 D 2746649 2746648     45
 2752429 2491687      343.9315    71      353.9623      336.5035 14593897    4.93%         x.26.40 D 2752429 2752428     75
 2758103 2496871      346.5049    61      353.9623      336.5055 14625857    4.93%          x.30.3 U 2758103 2758101     29
 2763734 2501905      345.0693    68      353.9623      336.5079 14658263    4.93%         x.45.40 D 2763734 2763733     66
Elapsed time = 2645.91 sec. (1809017.99 ticks, tree = 9546.13 MB, solutions = 23)
Nodefile size = 7499.08 MB (2471.93 MB after compression)
 2769270 2506884      351.8085    55      353.9623      336.5099 14689043    4.93%         x.36.48 D 2769270 2769269    128
 2774875 2511947      339.7865    68      353.9623      336.5120 14720234    4.93%         x.23.35 D 2774875 2774874     52
 2780550 2516976      347.1931    62      353.9623      336.5142 14752444    4.93%          x.4.32 D 2780550 2780549     97
 2786249 2522081      340.7882    67      353.9623      336.5161 14784004    4.93%          x.18.3 D 2786249 2786248     41
 2791921 2527180      348.9088    62      353.9623      336.5182 14815780    4.93%         x.25.35 D 2791921 2791920     83
 2797485 2532198      349.1237    66      353.9623      336.5199 14848104    4.93%         x.19.32 D 2797485 2797484    113
 2803116 2537278      339.0390    73      353.9623      336.5220 14879189    4.93%         x.48.25 D 2803116 2803115     45
 2808720 2542359      352.1858    61      353.9623      336.5241 14910588    4.93%         x.38.33 D 2808720 2808719    112
 2814229 2547334      342.5139    68      353.9623      336.5263 14941331    4.93%         x.11.39 D 2814229 2814228     63
 2819915 2552468      347.4779    64      353.9623      336.5284 14972770    4.93%         x.44.32 D 2819915 2819914     82
Elapsed time = 2709.96 sec. (1847170.72 ticks, tree = 9738.62 MB, solutions = 23)
Nodefile size = 7691.63 MB (2526.20 MB after compression)
 2825596 2557584      344.2577    61      353.9623      336.5302 15004439    4.92%         x.32.35 D 2825596 2825595     71
 2831220 2562589      350.8483    63      353.9623      336.5322 15035376    4.92%          x.11.4 D 2831220 2831219     64
 2836864 2567720      345.9459    66      353.9623      336.5341 15066400    4.92%          x.26.4 D 2836864 2836863     80
 2842467 2572768      341.5371    72      353.9623      336.5362 15097860    4.92%          x.41.4 D 2842467 2842466     67
 2847990 2577791      344.6556    58      353.9623      336.5379 15128383    4.92%          x.5.32 D 2847990 2847989     89
 2853594 2582824      346.1703    61      353.9623      336.5398 15159833    4.92%         x.37.39 D 2853594 2853592     53
 2859245 2587963      352.2333    63      353.9623      336.5416 15191351    4.92%          x.41.4 D 2859245 2859244     70
 2864770 2592996      348.0791    60      353.9623      336.5432 15222191    4.92%         x.13.12 D 2864770 2864769     91
 2870360 2598084      348.3439    64      353.9623      336.5453 15253455    4.92%         x.12.35 D 2870360 2870359     94
 2876096 2603309      347.1412    50      353.9623      336.5475 15285438    4.92%         x.12.37 D 2876096 2876095     81
Elapsed time = 2770.80 sec. (1885326.79 ticks, tree = 9932.18 MB, solutions = 23)
Nodefile size = 7885.19 MB (2581.50 MB after compression)
 2881833 2608522      351.2698    52      353.9623      336.5498 15316586    4.92%         x.11.35 D 2881833 2881832    129
 2887503 2613676      353.8622    51      353.9623      336.5517 15347305    4.92%         x.16.46 D 2887503 2887502    117
 2893163 2618857      346.4022    63      353.9623      336.5533 15378624    4.92%         x.11.32 D 2893163 2893162     76
 2898800 2623932      340.6587    66      353.9623      336.5554 15409181    4.92%         x.48.25 D 2898800 2898799     45
 2904462 2629095      343.6061    70      353.9623      336.5573 15439447    4.92%         x.38.17 D 2904462 2904461     78
 2910148 2634265      348.7081    60      353.9623      336.5590 15470354    4.92%          x.5.39 D 2910148 2910147     84
 2915740 2639335      349.4400    57      353.9623      336.5605 15500926    4.92%          x.7.41 D 2915740 2915739     69
 2921482 2644517      339.5575    73      353.9623      336.5621 15532395    4.92%         x.32.40 D 2921482 2921481     45
 2927149 2649649      345.3315    59      353.9623      336.5637 15563510    4.92%         x.38.17 D 2927149 2927148     84
 2932870 2654821      347.4123    58      353.9623      336.5658 15594413    4.91%         x.19.35 D 2932870 2932869     77
Elapsed time = 2830.96 sec. (1923491.13 ticks, tree = 10128.30 MB, solutions = 23)
Nodefile size = 8080.71 MB (2636.08 MB after compression)
 2938783 2660217      341.0601    73      353.9623      336.5675 15626282    4.91%         x.45.40 D 2938783 2938782     70
 2944500 2665453      339.1138    63      353.9623      336.5694 15658317    4.91%         x.35.25 D 2944500 2944498     33
 2950304 2670696      349.1420    59      353.9623      336.5710 15689682    4.91%         x.12.39 U 2950304 2950301     46
 2955981 2675769      350.1031    49      353.9623      336.5730 15720937    4.91%         x.16.32 D 2955981 2955980    120
 2961751 2681019      342.6518    71      353.9623      336.5747 15751445    4.91%          x.1.39 D 2961751 2961750     58
 2967424 2686237      346.8431    54      353.9623      336.5764 15781615    4.91%         x.16.13 D 2967424 2967423     88
 2973291 2691582      348.4315    59      353.9623      336.5785 15812408    4.91%          x.40.0 D 2973291 2973290    108
 2979024 2696816      351.3299    54      353.9623      336.5804 15842965    4.91%         x.14.32 D 2979024 2979023    127
 2984664 2701931      341.6550    64      353.9623      336.5823 15873304    4.91%         x.23.40 D 2984664 2984663     34
 2990516 2707231      349.5465    59      353.9623      336.5843 15904546    4.91%          x.41.4 D 2990516 2990515    111
Elapsed time = 2891.99 sec. (1961642.62 ticks, tree = 10327.79 MB, solutions = 23)
Nodefile size = 8280.25 MB (2691.55 MB after compression)
 2996129 2712358      351.0558    56      353.9623      336.5858 15934806    4.91%          x.5.35 D 2996129 2996128    116
 3001850 2717534      350.8928    63      353.9623      336.5875 15965691    4.91%          x.8.32 D 3001850 3001849    112
 3007632 2722780      346.6973    62      353.9623      336.5893 15995974    4.91%         x.16.32 D 3007632 3007630     60
 3013443 2728047      343.3087    62      353.9623      336.5910 16027640    4.91%         x.18.25 D 3013443 3013442     56
 3019293 2733358      343.9809    53      353.9623      336.5927 16058471    4.91%         x.38.45 D 3019293 3019292     60
 3025157 2738669      342.8953    71      353.9623      336.5946 16088759    4.91%          x.5.39 D 3025157 3025156     55
 3030861 2743871      345.6007    59      353.9623      336.5962 16120042    4.91%         x.38.35 D 3030861 3030860     80
 3036707 2749210      347.0011    67      353.9623      336.5981 16151857    4.91%         x.34.11 U 3036707 2178747     35
 3042359 2754299      349.3198    66      353.9623      336.6000 16182984    4.91%         x.48.11 D 3042359 3042358    107
 3048000 2759382      346.2142    67      353.9623      336.6019 16213867    4.90%          x.26.3 D 3048000 3047999     80
Elapsed time = 2953.26 sec. (1999800.51 ticks, tree = 10526.30 MB, solutions = 23)
Nodefile size = 8478.78 MB (2746.74 MB after compression)
 3053929 2764767      343.9025    68      353.9623      336.6034 16244704    4.90%         x.13.12 D 3053929 3053928     77
 3059800 2770080      347.2211    63      353.9623      336.6048 16275811    4.90%          x.0.35 D 3059800 3059799     90
 3065652 2775423      342.4128    64      353.9623      336.6068 16306259    4.90%         x.43.34 U 3065652 3065651     43
 3071405 2780656      347.5600    66      353.9623      336.6086 16336506    4.90%         x.36.12 D 3071405 3071404     44
 3077162 2785909      344.8905    67      353.9623      336.6104 16367747    4.90%          x.47.6 D 3077162 3077161     35
 3082844 2791096      339.5298    67      353.9623      336.6120 16398688    4.90%         x.41.39 D 3082844 3082843     52
 3088634 2796395      351.6056    60      353.9623      336.6135 16429400    4.90%         x.14.32 D 3088634 3088633    126
 3094371 2801602      341.7327    65      353.9623      336.6148 16460465    4.90%          x.0.40 D 3094371 3094370     58
 3100156 2806914      345.6105    65      353.9623      336.6163 16490597    4.90%          x.2.25 D 3100156 3100155     50
 3105870 2812150      348.3609    63      353.9623      336.6179 16519884    4.90%         x.28.41 D 3105870 3105869    115
Elapsed time = 3019.76 sec. (2037952.58 ticks, tree = 10727.19 MB, solutions = 23)
Nodefile size = 8679.30 MB (2802.07 MB after compression)
 3111585 2817361      342.9559    60      353.9623      336.6191 16550710    4.90%          x.7.40 D 3111585 3111584     66
 3117262 2822492      352.8868    57      353.9623      336.6207 16581470    4.90%         x.37.39 D 3117262 3117261     55
 3123011 2827692      347.0576    70      353.9623      336.6224 16611421    4.90%         x.32.35 D 3123011 3123010     71
 3128821 2833012      352.9426    62      353.9623      336.6240 16642099    4.90%           x.6.2 U 3128821 3128820     63
 3134564 2838199      346.6892    67      353.9623      336.6255 16673246    4.90%         x.34.34 D 3134564 3134562     41
 3140366 2843470      350.1948    62      353.9623      336.6270 16704225    4.90%         x.13.12 D 3140366 3140365     68
 3146064 2848639      343.9396    69      353.9623      336.6288 16735582    4.90%         x.10.39 D 3146064 3146063     72
 3151801 2853823      346.3452    62      353.9623      336.6302 16765906    4.90%         x.38.13 D 3151801 3151800     89
 3157526 2859037      338.7515    64      353.9623      336.6317 16796924    4.90%          x.43.0 U 3157526  37755     31
 3162914 2863936      353.7521    66      353.9623      336.6333 16826384    4.90%         x.49.40 U 3162914 3162912     76
Elapsed time = 3079.58 sec. (2076102.70 ticks, tree = 10924.32 MB, solutions = 23)
Nodefile size = 8876.79 MB (2856.41 MB after compression)
 3168588 2869145      348.4625    57      353.9623      336.6347 16857017    4.90%         x.32.12 D 3168588 3168587     81
 3174319 2874373      353.0160    55      353.9623      336.6364 16888492    4.89%          x.37.0 D 3174319 3174318    138
 3180050 2879517      340.3947    66      353.9623      336.6379 16920061    4.89%         x.45.40 D 3180050 3180049     60
 3185916 2884812      349.8278    73      353.9623      336.6398 16951325    4.89%         x.32.35 D 3185916 3185915     78
 3191664 2890037      347.0842    64      353.9623      336.6415 16981767    4.89%         x.32.12 D 3191664 3191663     89
 3197338 2895187      349.9536    68      353.9623      336.6432 17012216    4.89%         x.23.35 D 3197338 3197337     51
 3203079 2900385      348.4622    58      353.9623      336.6446 17043239    4.89%          x.8.32 D 3203079 3203078    111
 3208933 2905720      340.3566    64      353.9623      336.6462 17073860    4.89%         x.25.40 D 3208933 3208932     59
 3214690 2910977      344.6268    62      353.9623      336.6476 17104431    4.89%          x.30.3 D 3214690 3214689     49
 3220466 2916200      347.6489    55      353.9623      336.6491 17135781    4.89%         x.35.32 D 3220466 3220465     72
Elapsed time = 3139.96 sec. (2114255.48 ticks, tree = 11123.27 MB, solutions = 23)
Nodefile size = 9076.29 MB (2911.31 MB after compression)
 3226250 2921478      340.2255    63      353.9623      336.6508 17166493    4.89%          x.7.40 D 3226250 3226249     62
 3232030 2926685      345.8865    68      353.9623      336.6523 17196907    4.89%         x.25.39 D 3232030 3232029     70
 3237856 2931970      348.4737    58      353.9623      336.6539 17227975    4.89%         x.16.41 D 3237856 3237855     69
 3243653 2937233      344.6635    69      353.9623      336.6555 17259027    4.89%         x.41.39 D 3243653 3243652     62
 3249402 2942429      339.3826    70      353.9623      336.6573 17289873    4.89%         x.33.25 D 3249402 3249401     38
 3255170 2947698      350.1199    64      353.9623      336.6590 17321002    4.89%         x.16.37 D 3255170 3255169    120
 3260879 2952920      348.0476    65      353.9623      336.6607 17351501    4.89%         x.25.40 D 3260879 3260878     87
 3266856 2958343      345.9435    61      353.9623      336.6622 17382770    4.89%         x.37.39 D 3266856 3266855     59
 3272790 2963744      343.7735    66      353.9623      336.6636 17414103    4.89%         x.49.11 D 3272790 3272789     36
 3278738 2969155      342.2644    58      353.9623      336.6651 17444370    4.89%           x.9.3 D 3278738 3278737     30
Elapsed time = 3200.35 sec. (2152407.35 ticks, tree = 11324.86 MB, solutions = 23)
Nodefile size = 9277.77 MB (2966.39 MB after compression)
 3284470 2974379      350.0009    67      353.9623      336.6664 17474714    4.89%         x.16.37 D 3284470 3284469     89
 3290399 2979798      346.1412    72      353.9623      336.6682 17505396    4.89%         x.16.37 D 3290399 3290398     78
 3296224 2985066      344.7835    71      353.9623      336.6692 17535937    4.89%         x.38.25 D 3296224 3296223     64
 3301790 2990174      349.9846    67      353.9623      336.6706 17565302    4.89%          x.0.32 D 3301790 3301789    116
 3307563 2995386      349.4413    53      353.9623      336.6720 17596055    4.88%         x.14.32 D 3307563 3307562    111
 3313363 3000683      346.8832    63      353.9623      336.6737 17626526    4.88%         x.45.40 D 3313363 3313362     51
Starting limited solution polishing.
 3318990 3005815      350.9093    59      353.9623      336.6754 17656321    4.88%         x.16.23 D 3318990 3318989     91
 3324400 3010746      341.1188    64      353.9623      336.6769 17685100    4.88%         x.47.25 D 3324400 3324399     34
 3329859 3015700      343.1594    62      353.9623      336.6783 17714497    4.88%         x.32.40 D 3329859 3329858     55
 3335202 3020569      348.7954    66      353.9623      336.6799 17743456    4.88%         x.20.40 D 3335202 3335201     77
Elapsed time = 3260.34 sec. (2190561.25 ticks, tree = 11520.60 MB, solutions = 23)
Nodefile size = 9473.26 MB (3019.52 MB after compression)
 3340679 3025560      336.7252    63      353.9623      336.6813 17772175    4.88%         x.11.25 U 3340679 1030535     19
 3346113 3030524      348.6136    66      353.9623      336.6827 17800908    4.88%          x.2.25 D 3346113 3346112     45
 3351645 3035519      340.1769    63      353.9623      336.6842 17830751    4.88%          x.7.40 D 3351645 3351644     58
 3357159 3040554      339.8441    63      353.9623      336.6856 17859773    4.88%          x.6.25 D 3357159 3357158     27
 3362697 3045599      348.2713    65      353.9623      336.6868 17889208    4.88%         x.46.35 D 3362697 3362696    109
 3368250 3050627      349.4107    59      353.9623      336.6884 17918403    4.88%         x.33.32 D 3368250 3368249    123
 3373690 3055554      350.3189    66      353.9623      336.6899 17947018    4.88%         x.38.37 D 3373690 3373689    110
 3379246 3060558      341.9313    58      353.9623      336.6916 17975594    4.88%          x.8.40 D 3379246 3379245     46
 3384824 3065597      351.3904    59      353.9623      336.6929 18004301    4.88%         x.27.12 D 3384824 3384823    129
 3390270 3070534      342.7248    59      353.9623      336.6941 18032835    4.88%          x.7.40 D 3390270 3390269     52
Elapsed time = 3326.23 sec. (2228712.05 ticks, tree = 11710.81 MB, solutions = 23)
Nodefile size = 9663.76 MB (3071.18 MB after compression)
 3395702 3075519      338.3716    66      353.9623      336.6957 18061435    4.88%         x.46.25 D 3395702 3395701     38
 3401213 3080543      339.6270    77      353.9623      336.6971 18090241    4.88%         x.47.21 D 3401213 3401211     34
 3406677 3085502      346.8569    62      353.9623      336.6984 18118982    4.88%         x.23.35 D 3406677 3406676     42
 3412289 3090607      343.8656    61      353.9623      336.6999 18148426    4.88%          x.26.4 D 3412289 3412288     60
 3417694 3095484      337.6566    68      353.9623      336.7010 18176966    4.88%          x.47.6 D 3417694 3417693     21
 3423198 3100537      350.0376    55      353.9623      336.7022 18206175    4.88%         x.31.35 D 3423198 3423197     92
 3428591 3105406      349.8191    63      353.9623      336.7036 18236422    4.88%         x.16.46 D 3428591 3428590    104
 3434075 3110452      338.2929    68      353.9623      336.7051 18265210    4.88%         x.43.25 D 3434075 3434074     24
 3439569 3115474      350.8171    59      353.9623      336.7067 18294402    4.87%         x.39.32 D 3439569 3439568    119
 3445050 3120485      352.0358    65      353.9623      336.7080 18323911    4.87%          x.1.39 D 3445050 3445049     61
Elapsed time = 3385.79 sec. (2266861.93 ticks, tree = 11900.98 MB, solutions = 23)
Nodefile size = 9853.27 MB (3122.39 MB after compression)
 3450561 3125484      350.4873    57      353.9623      336.7094 18354184    4.87%         x.42.35 D 3450561 3450560    107
 3456109 3130531      353.9089    68      353.9623      336.7107 18383288    4.87%         x.23.35 U 3456109 3456106     56
 3461584 3135531      347.5685    61      353.9623      336.7123 18412218    4.87%         x.25.35 D 3461584 3461583     96
 3467248 3140661      349.0925    61      353.9623      336.7138 18441281    4.87%          x.18.3 D 3467248 3467247     45
 3472748 3145671      348.9393    56      353.9623      336.7151 18471438    4.87%         x.14.35 D 3472748 3472747     88
 3478323 3150735      350.4733    59      353.9623      336.7165 18501032    4.87%         x.23.32 D 3478323 3478322    120
 3483600 3155557      344.6577    59      353.9623      336.7179 18529859    4.87%         x.49.32 D 3483600 3483599     73
 3489026 3160476      338.8636    69      353.9623      336.7192 18557945    4.87%          x.18.6 D 3489026 3489025     27
 3494480 3165457      341.1758    60      353.9623      336.7205 18586114    4.87%          x.41.4 D 3494480 3494479     48
 3499900 3170393      345.5456    60      353.9623      336.7219 18615081    4.87%         x.16.12 D 3499900 3499899     74
Elapsed time = 3445.21 sec. (2305013.79 ticks, tree = 12090.95 MB, solutions = 23)
Nodefile size = 10043.76 MB (3173.97 MB after compression)
 3505297 3175356      341.8895    62      353.9623      336.7232 18644329    4.87%         x.19.35 D 3505297 3505296     53
 3510750 3180327      350.2842    64      353.9623      336.7243 18674707    4.87%         x.19.32 D 3510750 3510749    131
 3516463 3185521      349.9422    62      353.9623      336.7260 18704571    4.87%         x.32.40 D 3516463 3516462     39
 3521950 3190504      349.8288    51      353.9623      336.7275 18732743    4.87%          x.38.0 D 3521950 3521949     95
 3527438 3195525      339.8805    65      353.9623      336.7287 18761369    4.87%         x.32.40 N 3527438 3527437     36
 3533006 3200636      351.0679    60      353.9623      336.7299 18790009    4.87%         x.16.46 D 3533006 3533005    100
 3538636 3205791        cutoff            353.9623      336.7312 18818681    4.87%         x.48.18 U 3538636 3538634     55
 3544085 3210799      345.3165    64      353.9623      336.7327 18848410    4.87%          x.38.0 D 3544085 3544084     95
 3549494 3215720      342.5752    56      353.9623      336.7342 18878065    4.87%         x.48.41 D 3549494 3549493     68
 3555098 3220785      347.9252    70      353.9623      336.7355 18907571    4.87%         x.35.12 D 3555098 3555097    106
Elapsed time = 3504.87 sec. (2343167.38 ticks, tree = 12282.79 MB, solutions = 23)
Nodefile size = 10235.30 MB (3225.28 MB after compression)
 3560439 3225644      340.9088    72      353.9623      336.7368 18935533    4.87%         x.48.25 D 3560439 3560438     40
 3566045 3230731      351.0418    58      353.9623      336.7381 18965812    4.87%          x.5.39 D 3566045 3566044     51
 3571587 3235782      349.0665    56      353.9623      336.7394 18994837    4.87%          x.5.35 D 3571587 3571586    102
 3577030 3240675      345.6214    64      353.9623      336.7408 19024212    4.87%          x.38.0 D 3577030 3577029     98
 3582470 3245609      353.3012    62      353.9623      336.7423 19053875    4.86%         x.31.11 D 3582470 3582469     48
 3587980 3250596      350.6223    63      353.9623      336.7434 19083019    4.86%         x.17.32 D 3587980 3587979    143
 3593508 3255602      347.0722    63      353.9623      336.7449 19112506    4.86%         x.46.25 U 3593508 3593506     38
 3599000 3260645      338.1977    65      353.9623      336.7464 19141480    4.86%         x.38.25 D 3599000 3598998     41
 3604483 3265606      348.0544    69      353.9623      336.7480 19170540    4.86%          x.26.4 U 3604483 3604481     61
 3609955 3270599        cutoff            353.9623      336.7493 19199492    4.86%          x.13.2 D 3609955 3609954    137
Elapsed time = 3564.38 sec. (2381321.41 ticks, tree = 12472.43 MB, solutions = 23)
Nodefile size = 10424.79 MB (3276.49 MB after compression)
 3615200 3275366      349.1605    61      353.9623      336.7506 19226764    4.86%          x.2.35 D 3615200 3615199    114
 3620757 3280408      340.5113    66      353.9623      336.7520 19255997    4.86%          x.8.40 D 3620757 3620756     50
 3626312 3285505      349.1277    59      353.9623      336.7534 19284990    4.86%         x.38.15 D 3626312 3626311     76
 3631746 3290412      340.0960    66      353.9623      336.7545 19313874    4.86%          x.1.39 D 3631746 3631745     45
 3637184 3295316      349.1015    60      353.9623      336.7559 19342803    4.86%          x.3.35 D 3637184 3637183    103

Gomory fractional cuts applied:  24
User cuts applied:  278

Root node processing (before b&c):
  Real time             =    0.17 sec. (123.56 ticks)
Sequential b&c:
  Real time             = 3599.89 sec. (2406856.21 ticks)
                          ------------
Total (root+branch&cut) = 3600.06 sec. (2406979.76 ticks)

Solution status: 107
Objective value:  3.5396225849e+02
Solution status is not CPX_STAT_OPTIMAL
Node: 3642729
