proble size: m = 5 , n = 5 , seed = 5 
Benders' cuts separated to cut off: Only integer infeasible solutions.
seed = 5
Version identifier: 20.1.0.0 | 2020-11-10 | 9bedb6d68
CPXPARAM_Threads                                 1
CPXPARAM_RandomSeed                              5
CPXPARAM_MIP_Strategy_CallbackReducedLP          0
CPXPARAM_MIP_Strategy_Search                     1
CPXPARAM_TimeLimit                               3600
CPXPARAM_MIP_Tolerances_AbsMIPGap                0
CPXPARAM_MIP_Tolerances_MIPGap                   0
Legacy callback                                  L
Tried aggregator 1 time.
Reduced MIP has 50 rows, 2550 columns, and 2500 nonzeros.
Reduced MIP has 2500 binaries, 0 generals, 0 SOSs, and 0 indicators.
Presolve time = 0.05 sec. (0.97 ticks)
Probing time = 0.01 sec. (3.28 ticks)
Clique table members: 50.
MIP emphasis: balance optimality and feasibility.
MIP search method: traditional branch-and-cut.
Parallel mode: none, using 1 thread.
Root relaxation solution time = 0.04 sec. (0.52 ticks)

        Nodes                                         Cuts/
   Node  Left     Objective  IInf  Best Integer    Best Bound    ItCnt     Gap         Variable B NodeID Parent  Depth

      0     0        0.0000    39                      0.0000        0         
*     0+    0                         1416.4205        0.0000           100.00%
*     0+    0                         1165.8613        0.0000           100.00%
      0     0      174.4130    62     1165.8613     Fract: 37      246   85.04%
*     0+    0                          965.9356      174.4130            81.94%
*     0+    0                          733.7829      174.4130            76.23%
      0     0      279.3631    55      733.7829     Fract: 21      332   61.93%
*     0+    0                          700.5949      279.3631            60.12%
*     0+    0                          637.0079      279.3631            56.14%
*     0+    0                          588.7680      279.3631            52.55%
*     0+    0                          583.5963      279.3631            52.13%
*     0+    0                          465.2276      279.3631            39.95%
*     0+    0                          450.3964      279.3631            37.97%
      0     2      320.8961    69      450.3964      321.0016      332   28.73%                        0             0
Elapsed time = 0.33 sec. (118.90 ticks, tree = 0.01 MB, solutions = 10)
*    80+   80                          365.8681      321.2287            12.20%
     96    98      348.8860    50      365.8681      321.2287      872   12.20%           x.5.7 D     96     95     81
    230   226      342.9731    53      365.8681      322.0945     1802   11.96%         x.25.16 D    230    228     73
    380   363      334.9213    63      365.8681      323.6705     2811   11.53%         x.16.32 D    380    379     30
    643   623      350.1880    58      365.8681      323.8792     4245   11.48%          x.10.7 D    643    642    103
    866   838      354.7102    50      365.8681      324.4078     5855   11.33%          x.30.3 D    866    864    122
   1199  1157      356.2709    56      365.8681      325.3318     7742   11.08%          x.0.25 D   1199   1198    141
   1520  1469      349.7727    68      365.8681      325.7144     9462   10.97%          x.35.0 D   1520   1519    112
   1753  1695      357.6186    39      365.8681      326.0007    10856   10.90%         x.37.14 D   1753   1752    144
   2067  1979      344.2667    68      365.8681      326.8040    12342   10.68%          x.9.30 D   2067   2066     67
*  3250+ 2931                          361.9942      327.6348             9.49%
   3320  2989      336.7301    68      361.9942      327.6736    19526    9.48%          x.35.7 D   3320   3319     25
Elapsed time = 2.99 sec. (3243.86 ticks, tree = 10.54 MB, solutions = 12)
*  3510+ 2998                          360.0469      327.7821             8.96%
   4280  3745      343.0133    55      360.0469      328.1563    25531    8.86%         x.38.14 D   4280   4279     58
   5596  5006      352.1400    63      360.0469      328.9763    33202    8.63%          x.1.24 D   5596   5595    109
   7010  6365      357.8586    61      360.0469      329.3153    41439    8.54%         x.12.33 D   7010   7009    142
   8367  7631      336.6586    72      360.0469      329.6732    49474    8.44%         x.38.14 D   8367   8366     29
*  8739  7929      integral     0      359.7014      329.8304    51631    8.30%
   9983  9128      347.2257    54      359.7014      330.0774    58946    8.24%          x.21.8 U   9983   9981     75
  11603 10670      333.2555    70      359.7014      330.3054    68622    8.17%         x.19.15 D  11603  11602     16
  13275 12280      346.2958    55      359.7014      330.5049    77589    8.12%          x.19.2 D  13275  13274     64
  14828 13779      348.3987    53      359.7014      330.6792    86626    8.07%         x.46.25 D  14828  14827     47
  16459 15338      355.4915    58      359.7014      330.8475    95547    8.02%         x.47.30 D  16459  16458    153
  18107 16919      345.2752    61      359.7014      330.9532   104409    7.99%         x.38.25 D  18107  18106    100
Elapsed time = 11.60 sec. (12791.15 ticks, tree = 62.71 MB, solutions = 14)
  19652 18393      347.3640    46      359.7014      331.0423   113242    7.97%         x.34.28 D  19652  19649     58
  21262 19940      347.3339    54      359.7014      331.1056   122579    7.95%         x.41.24 D  21262  21261     83
  22940 21555      335.3185    60      359.7014      331.1632   131758    7.93%         x.26.32 U  22940  22938     23
  24571 23125      341.8108    66      359.7014      331.2074   140715    7.92%         x.13.32 D  24571  24570     81
  26179 24673      338.6742    67      359.7014      331.2680   150469    7.90%         x.33.32 D  26179  26178     43
  27796 26220      341.5584    68      359.7014      331.3684   160316    7.88%         x.13.25 D  27796  27795     65
  29332 27693      353.8493    51      359.7014      331.4237   169670    7.86%         x.13.30 D  29332  29331    141
  30930 29230      349.5618    65      359.7014      331.4791   179143    7.85%          x.39.6 D  30930  30929    128
  32585 30821      356.6409    51      359.7014      331.5283   188676    7.83%         x.13.30 D  32585  32584    143
  34150 32315      345.1869    64      359.7014      331.5704   198202    7.82%          x.0.25 D  34150  34149     85
Elapsed time = 20.25 sec. (22331.83 ticks, tree = 119.18 MB, solutions = 14)
  35760 33848      350.9520    64      359.7014      331.6386   207902    7.80%         x.43.25 U  35760  35758     38
  37361 35364      336.6190    72      359.7014      331.6786   216840    7.79%          x.2.25 D  37361  37360     40
  38967 36910      352.8468    61      359.7014      331.7044   225669    7.78%         x.20.30 D  38967  38966    141
  40550 38424      343.9407    65      359.7014      331.7308   234963    7.78%         x.48.32 D  40550  40549     84
  42151 39964      335.1328    69      359.7014      331.7635   244417    7.77%         x.28.25 D  42151  42150     27
  43828 41541      337.2030    70      359.7014      331.7939   254119    7.76%         x.19.15 D  43828  43827     60
  45475 43109      348.4457    53      359.7014      331.8217   263542    7.75%          x.0.15 D  45475  45474     64
  47086 44641      348.8163    65      359.7014      331.8490   272490    7.74%         x.45.46 D  47086  47085    101
  48727 46209        cutoff            359.7014      331.8738   281939    7.74%         x.29.46 U  48727  48725     77
  50360 47768      356.0537    44      359.7014      331.9114   290675    7.73%         x.43.12 D  50360  50359    165
Elapsed time = 28.80 sec. (31871.45 ticks, tree = 177.25 MB, solutions = 14)
* 51600+47940                          358.7064      331.9438             7.46%
  51793 48125      342.5157    65      358.7064      331.9477   298887    7.46%          x.3.30 D  51793  51792     84
  53088 49356      352.5820    49      358.7064      331.9650   306225    7.45%         x.34.28 U  53088  53087    116
* 54710+49372                          357.6236      331.9845             7.17%
  54710 49374      341.7647    54      357.6236      331.9845   314480    7.17%          x.6.46 D  54710  54709     53
  55909 50521      342.3708    60      357.6236      332.0022   321228    7.16%          x.7.46 D  55909  55908     58
  57418 51960      340.7499    62      357.6236      332.0273   329445    7.16%         x.15.36 U  57418  57417     29
  59036 53498      350.3951    58      357.6236      332.0377   338319    7.15%         x.19.33 D  59036  59035    119
  60630 54998      344.2862    61      357.6236      332.0543   347460    7.15%         x.18.32 D  60630  60629     87
* 61600+53374                          356.3609      332.0642             6.82%
  61920 53683      355.0384    42      356.3609      332.0696   354739    6.82%         x.39.31 D  61920  61919    121
* 62200+48725                          354.1853      332.0727             6.24%
  62986 49465      338.8366    59      354.1853      332.0835   360982    6.24%         x.24.29 D  62986  62985     26
  64430 50827      353.6727    54      354.1853      332.1032   369336    6.23%          x.43.1 D  64430  64429    147
Elapsed time = 37.70 sec. (41418.78 ticks, tree = 189.52 MB, solutions = 18)
  66002 52319      354.1516    51      354.1853      332.1226   378430    6.23%         x.36.13 U  66002  66000     47
  67600 53837      350.8926    54      354.1853      332.1392   387358    6.22%          x.20.6 D  67600  67599    124
  69240 55373      345.7819    60      354.1853      332.1693   396252    6.22%          x.19.0 D  69240  69239     84
  70831 56863      342.5845    63      354.1853      332.1886   404712    6.21%          x.5.32 D  70831  70830     76
  72400 58345      341.3759    59      354.1853      332.2129   413656    6.20%         x.26.46 D  72400  72399     61
  74000 59846      343.2336    60      354.1853      332.2239   422373    6.20%         x.48.32 D  74000  73999     72
  75586 61333      333.1986    68      354.1853      332.2403   430795    6.20%         x.23.27 U  75586  26478     17
  77198 62851      351.1539    55      354.1853      332.2634   439757    6.19%         x.18.13 D  77198  77197    117
  78793 64345      342.7929    62      354.1853      332.2865   449066    6.18%          x.3.32 D  78793  78792     89
  80375 65813      336.8482    72      354.1853      332.3016   457901    6.18%         x.39.32 D  80375  80374     48
Elapsed time = 46.26 sec. (50972.27 ticks, tree = 249.28 MB, solutions = 18)
  81978 67338      333.6850    69      354.1853      332.3152   466764    6.17%         x.35.29 U  81978  14167     13
  83523 68794      345.0061    63      354.1853      332.3483   475490    6.17%         x.19.30 D  83523  83522     90
  85076 70254      334.6771    59      354.1853      332.3691   484182    6.16%          x.19.3 D  85076  85075     34
  86607 71689      350.9780    57      354.1853      332.3820   492851    6.16%         x.41.39 D  86607  86606    113
  88185 73167      346.2084    69      354.1853      332.4052   501361    6.15%          x.0.30 D  88185  88184     50
  89792 74669      341.7139    65      354.1853      332.4266   509864    6.14%         x.16.32 N  89792  89791     71
  91368 76158      337.6012    71      354.1853      332.4411   518636    6.14%         x.26.32 U  91368   1242     18
  92932 77629      347.9763    59      354.1853      332.4593   527336    6.13%         x.31.32 D  92932  92931     96
  94400 78997      348.4690    50      354.1853      332.4795   535991    6.13%         x.11.12 D  94400  94399     88
  95955 80441      340.8946    64      354.1853      332.5082   544726    6.12%         x.43.25 D  95955  95954     31
Elapsed time = 54.92 sec. (60521.05 ticks, tree = 304.86 MB, solutions = 18)
  97528 81937      335.7151    62      354.1853      332.5196   553544    6.12%         x.48.25 D  97528  97527     38
  99075 83383      348.7891    61      354.1853      332.5416   562244    6.11%         x.45.46 D  99075  99074    105
 100663 84874      347.4305    67      354.1853      332.5608   570671    6.11%         x.29.32 D 100663 100662    108
 102286 86396      335.1072    70      354.1853      332.5770   579151    6.10%          x.6.25 D 102286 102285     32
 103790 87810      345.5101    66      354.1853      332.5944   587713    6.10%         x.23.13 U 103790 103788     23
 105314 89237      342.2818    61      354.1853      332.6171   596646    6.09%         x.23.32 D 105314 105313     76
 106857 90690      345.1683    63      354.1853      332.6352   605729    6.08%         x.28.32 D 106857 106856     94
 108410 92143      351.3325    63      354.1853      332.6574   614354    6.08%         x.40.30 D 108410 108409     41
 110000 93633      344.0200    62      354.1853      332.6809   623108    6.07%         x.13.30 D 110000 109999     63
 111600 95134      343.9318    63      354.1853      332.7002   632223    6.07%         x.11.13 D 111600 111599     36
Elapsed time = 63.48 sec. (70068.35 ticks, tree = 360.69 MB, solutions = 18)
 113186 96626      350.5342    63      354.1853      332.7170   640822    6.06%         x.43.46 D 113186 113185    123
 114748 98096      343.6412    65      354.1853      332.7327   650028    6.06%          x.7.46 D 114748 114747     71
 116336 99571      344.8370    62      354.1853      332.7507   658408    6.05%         x.10.25 U 116336 116334     45
 117873 101033      348.9319    57      354.1853      332.7721   667375    6.05%          x.28.0 D 117873 117872    118
 119395 102448      337.9810    59      354.1853      332.7926   676017    6.04%         x.23.41 D 119395 119394     49
 120962 103916      335.9798    73      354.1853      332.8179   684219    6.03%         x.15.25 D 120962 120961     33
 122459 105330      350.5134    63      354.1853      332.8321   692925    6.03%         x.40.32 D 122459 122458     56
 124020 106793      339.0775    68      354.1853      332.8460   701749    6.02%         x.24.29 D 124020 124019     59
 125616 108286      334.1179    68      354.1853      332.8650   710358    6.02%         x.26.25 D 125616 125615     24
 127215 109798      352.3351    31      354.1853      332.8767   718972    6.02%         x.34.34 U 127215 127214    105
Elapsed time = 72.08 sec. (79608.38 ticks, tree = 416.41 MB, solutions = 18)
 128835 111330      342.9571    63      354.1853      332.8921   727513    6.01%         x.22.32 D 128835 128834     87
 130390 112784      352.5877    58      354.1853      332.9070   736388    6.01%          x.0.15 D 130390 130389    110
 131969 114254      351.3018    66      354.1853      332.9280   744982    6.00%         x.40.13 D 131969 131968    114
 133482 115681      350.5585    58      354.1853      332.9431   753404    6.00%          x.49.9 U 133482 133481    127
 135071 117153      349.2307    64      354.1853      332.9573   762188    5.99%         x.37.32 D 135071 135070    117
 136611 118600      345.0234    67      354.1853      332.9699   770634    5.99%         x.19.23 D 136611 136610     72
 138155 120051      343.4926    65      354.1853      332.9791   779206    5.99%          x.9.32 D 138155 138154    103
 139642 121436      342.4077    57      354.1853      332.9901   787775    5.98%          x.8.32 D 139642 139641     62
 141220 122924      340.1708    70      354.1853      332.9999   796421    5.98%         x.44.32 D 141220 141219     67
 147600 128912      334.8926    67      354.1853      333.0460   831261    5.97%          x.2.32 D 147600 147598     28
Elapsed time = 83.34 sec. (92017.39 ticks, tree = 489.03 MB, solutions = 18)
 153750 134680      336.4968    65      354.1853      333.0948   866108    5.95%         x.15.25 D 153750 153749     39
 160090 140639        cutoff            354.1853      333.1411   900855    5.94%         x.40.22 D 160090 160089    135
 166249 146353      349.9733    67      354.1853      333.1949   935399    5.93%          x.19.1 D 166249 166248    115
 172349 152024      342.5678    68      354.1853      333.2422   968891    5.91%         x.39.32 D 172349 172348     67
 178538 157822      350.1434    56      354.1853      333.2897  1003983    5.90%         x.44.30 D 178538 178537    115
 184802 163679      339.5892    64      354.1853      333.3302  1038456    5.89%         x.14.29 D 184802 184801     57
 191020 169480      338.7485    67      354.1853      333.3604  1072358    5.88%         x.34.25 D 191020 191019     43
 197312 175377      343.6368    62      354.1853      333.3942  1107138    5.87%         x.16.32 D 197312 197311     36
 203557 181235      350.8079    65      354.1853      333.4318  1141246    5.86%         x.32.30 D 203557 203556    142
 209899 187143      339.8113    58      354.1853      333.4598  1173963    5.85%         x.24.35 D 209899 209898     55
Elapsed time = 117.78 sec. (130168.57 ticks, tree = 714.93 MB, solutions = 18)
 216149 192971      338.9763    69      354.1853      333.4959  1208356    5.84%          x.6.25 D 216149 216148     20
 222390 198779      343.4246    53      354.1853      333.5213  1242028    5.83%          x.29.0 D 222390 222389     60
 228639 204615      335.9103    65      354.1853      333.5540  1276460    5.83%         x.22.46 U 228639  62856     16
 234933 210481      339.3540    68      354.1853      333.5835  1311377    5.82%         x.15.25 D 234933 234932     33
 241200 216321      337.1747    62      354.1853      333.6138  1344870    5.81%          x.8.32 D 241200 241199     53
 247493 222187      338.4407    64      354.1853      333.6348  1378941    5.80%         x.22.46 D 247493 247492     53
 253820 228098      347.0337    56      354.1853      333.6583  1413420    5.80%         x.15.36 U 253820 253819     58
 260165 234004      341.8205    67      354.1853      333.6807  1447005    5.79%         x.27.32 D 260165 260164     84
 266507 239908      337.1926    72      354.1853      333.7036  1481269    5.78%         x.35.30 U 266507 266506     17
 272781 245723      352.8419    52      354.1853      333.7292  1515338    5.78%         x.16.46 D 272781 272780    117
Elapsed time = 152.53 sec. (168321.14 ticks, tree = 942.05 MB, solutions = 18)
 279010 251522      338.9668    64      354.1853      333.7477  1549862    5.77%         x.47.21 U 279010 279009     50
 285257 257307      346.6818    55      354.1853      333.7698  1584411    5.76%          x.24.0 D 285257 285256     73
 291407 263039      350.3797    54      354.1853      333.7889  1618152    5.76%         x.19.19 D 291407 291406    124
 297690 268901      336.1482    62      354.1853      333.8118  1652480    5.75%          x.16.4 D 297690 297689     35
 303972 274774      346.5842    63      354.1853      333.8305  1686745    5.75%         x.29.32 D 303972 303971     92
 310200 280610      342.4960    62      354.1853      333.8464  1720619    5.74%         x.21.30 D 310200 310199     66
 316337 286317      351.1688    65      354.1853      333.8653  1754607    5.74%         x.22.46 D 316337 316336     64
 322447 291990      335.9338    71      354.1853      333.8822  1789370    5.73%         x.11.13 D 322447 322446     31
 328588 297691      343.7400    60      354.1853      333.8957  1823157    5.73%         x.39.32 D 328588 328587     75
 334830 303510      335.0706    64      354.1853      333.9142  1857974    5.72%         x.49.29 U 334830 334828     27
Elapsed time = 187.17 sec. (206475.61 ticks, tree = 1164.62 MB, solutions = 18)
 341103 309324      343.6606    60      354.1853      333.9331  1892502    5.72%         x.14.32 D 341103 341102     81
 347347 315105      343.9050    65      354.1853      333.9496  1927483    5.71%         x.26.32 D 347347 347346     27
 353548 320885      347.2668    55      354.1853      333.9657  1961064    5.71%         x.13.30 U 353548 353546     32
 359820 326646      343.9005    64      354.1853      333.9779  1994828    5.71%         x.23.41 D 359820 359819     63
 366120 332451      345.3518    60      354.1853      333.9928  2028333    5.70%         x.17.32 D 366120 366119     73
 372266 338160      348.4057    54      354.1853      334.0068  2061361    5.70%         x.19.38 D 372266 372265     83
 378510 343956      351.6433    53      354.1853      334.0218  2094421    5.69%         x.13.30 D 378510 378509     45
 384793 349783      345.1929    67      354.1853      334.0376  2126972    5.69%         x.13.30 D 384793 384792     33
 391029 355529      353.7365    57      354.1853      334.0497  2159969    5.69%         x.44.30 U 391029 391027     71
 397345 361338      338.3416    65      354.1853      334.0633  2193631    5.68%          x.26.4 D 397345 397344     36
Elapsed time = 221.91 sec. (244627.34 ticks, tree = 1387.95 MB, solutions = 18)
 403638 367180      349.7402    52      354.1853      334.0798  2227120    5.68%          x.19.1 D 403638 403637    111
 410027 373085      345.3678    56      354.1853      334.0920  2260585    5.67%         x.24.29 D 410027 410026     84
 416360 378969      350.7664    47      354.1853      334.1046  2294273    5.67%         x.11.28 D 416360 416359    133
 422750 384871      340.1847    63      354.1853      334.1164  2327159    5.67%         x.45.46 D 422750 422749     67
 429056 390727      353.5056    50      354.1853      334.1271  2359720    5.66%          x.49.9 U 429056 429055    109
 435364 396541      348.2993    61      354.1853      334.1380  2393475    5.66%         x.28.32 D 435364 435363    101
 441530 402253      340.0732    64      354.1853      334.1498  2427056    5.66%         x.41.32 D 441530 441529     52
 447705 407915      344.7142    62      354.1853      334.1604  2459762    5.65%         x.16.32 D 447705 447704     33
 453990 413698      349.6690    60      354.1853      334.1722  2492770    5.65%         x.36.13 D 453990 453989    102
 460253 419449      341.4833    58      354.1853      334.1822  2525894    5.65%          x.6.32 D 460253 460252     68
Elapsed time = 256.73 sec. (282779.61 ticks, tree = 1613.04 MB, solutions = 18)
 466571 425246      350.1386    58      354.1853      334.1932  2559063    5.64%         x.23.45 D 466571 466570    131
 472870 431018      337.5945    66      354.1853      334.2055  2591792    5.64%         x.28.25 D 472870 472869     42
 478991 436659      343.2293    64      354.1853      334.2166  2625580    5.64%         x.33.25 U 478991 478989     40
 485424 442586      348.3442    54      354.1853      334.2255  2657834    5.64%         x.11.14 D 485424 485423    146
 491782 448467      344.3602    64      354.1853      334.2367  2690655    5.63%         x.32.32 D 491782 491781     90
 497981 454156      344.3640    50      354.1853      334.2472  2724490    5.63%          x.49.9 U 497981 497980     59
 504400 460060      340.1253    57      354.1853      334.2560  2757114    5.63%         x.23.45 D 504400 504399     79
 510857 465997      348.9210    61      354.1853      334.2679  2790921    5.62%         x.21.30 U 510857 510855     38
 517156 471809      343.4942    61      354.1853      334.2792  2824602    5.62%         x.13.30 D 517156 517155     57
 523443 477558      342.1641    64      354.1853      334.2879  2857570    5.62%         x.46.35 U 523443 523440     60
Elapsed time = 291.56 sec. (320931.85 ticks, tree = 1839.00 MB, solutions = 18)
 529812 483430      338.5563    64      354.1853      334.2986  2890984    5.61%         x.18.25 D 529812 529811     36
 536000 489145      341.1275    69      354.1853      334.3100  2924532    5.61%          x.3.30 D 536000 535999     70
 542250 494911      352.8276    54      354.1853      334.3193  2958177    5.61%         x.11.26 D 542250 542249    118
 548796 500946      341.0961    70      354.1853      334.3297  2991040    5.61%         x.47.21 U 548796 548795     43
 555137 506772      343.1238    68      354.1853      334.3375  3024591    5.60%         x.27.25 D 555137 555135     32
 561360 512513      345.9247    55      354.1853      334.3494  3058243    5.60%         x.26.32 D 561360 561359     46
 567754 518367      342.8850    61      354.1853      334.3580  3091074    5.60%          x.24.5 U 567754 567753     71
 573990 524105      347.7146    52      354.1853      334.3666  3123936    5.60%         x.45.32 D 573990 573989     86
 580250 529853      347.3700    54      354.1853      334.3743  3157817    5.59%          x.5.29 D 580250 580249     48
 586340 535510      335.2506    68      354.1853      334.3819  3190036    5.59%         x.11.25 D 586340 586339     22
Elapsed time = 327.78 sec. (359086.75 ticks, tree = 2059.01 MB, solutions = 18)
Nodefile size = 11.97 MB (5.90 MB after compression)
*590630+538159                          354.0732      334.3879             5.56%
 591859 539298      350.6215    57      354.0732      334.3898  3218217    5.56%         x.37.30 D 591859 591858    110
 597938 544881      345.9673    62      354.0732      334.3984  3249409    5.56%          x.4.32 D 597938 597937     88
 603990 550407      349.8382    57      354.0732      334.4065  3280151    5.55%         x.11.26 D 603990 603989    107
 609921 555852      348.3635    52      354.0732      334.4144  3310746    5.55%         x.14.30 D 609921 609920    121
 615799 561123      347.0883    65      354.0732      334.4225  3340007    5.55%          x.6.25 U 615799 615796     43
 621760 566515      339.8742    58      354.0732      334.4316  3371084    5.55%          x.27.4 D 621760 621759     52
 627600 571859      341.2012    65      354.0732      334.4386  3402325    5.55%          x.2.25 D 627600 627599     52
 633600 577335      343.0701    52      354.0732      334.4478  3434480    5.54%         x.12.32 D 633600 633599     63
 639620 582817      348.9726    57      354.0732      334.4562  3465834    5.54%         x.20.32 D 639620 639619    106
 645375 588091      340.2828    64      354.0732      334.4629  3495110    5.54%         x.13.30 D 645375 645374     63
Elapsed time = 390.30 sec. (397247.41 ticks, tree = 2257.00 MB, solutions = 19)
Nodefile size = 209.62 MB (101.72 MB after compression)
 651441 593590      344.7228    69      354.0732      334.4699  3526814    5.54%          x.1.32 D 651441 651440     97
 657433 599050        cutoff            354.0732      334.4793  3559038    5.53%         x.47.25 U 657433 657431     34
 663348 604498      352.2782    46      354.0732      334.4862  3589658    5.53%         x.43.15 D 663348 663347    164
 669359 609970      339.5869    63      354.0732      334.4932  3620657    5.53%         x.38.25 D 669359 669358     59
 675460 615493      347.8685    56      354.0732      334.5006  3651969    5.53%          x.1.32 D 675460 675459    101
 681280 620761      337.0397    71      354.0732      334.5096  3683105    5.53%         x.11.13 D 681280 681279     26
 686963 625825      351.2858    67      354.0732      334.5155  3713807    5.52%         x.24.30 D 686963 686962    102
 693015 631313      337.6760    67      354.0732      334.5232  3744528    5.52%         x.33.25 D 693015 693014     42
 698890 636628      345.3119    52      354.0732      334.5306  3775578    5.52%          x.27.4 D 698890 698889     46
 704850 641979      339.1214    74      354.0732      334.5373  3807185    5.52%         x.47.32 U 704850  23624     15
Elapsed time = 450.19 sec. (435402.01 ticks, tree = 2460.37 MB, solutions = 19)
Nodefile size = 413.20 MB (196.41 MB after compression)
 710820 647392      346.5726    68      354.0732      334.5454  3838932    5.52%         x.27.32 D 710820 710819     90
 716745 652748      344.2751    62      354.0732      334.5521  3870391    5.51%         x.23.19 U 716745 716744     63
 722518 657987      346.3241    72      354.0732      334.5586  3901973    5.51%         x.21.25 N 722518 722517     36
 728307 663212      339.5198    67      354.0732      334.5650  3934014    5.51%          x.1.25 D 728307 728306     49
 734035 668398      334.9176    70      354.0732      334.5729  3964586    5.51%         x.23.19 U 734035 105256     19
 740031 673794      352.9860    52      354.0732      334.5787  3994729    5.51%          x.24.5 D 740031 740028     46
 746021 679236      341.8071    64      354.0732      334.5856  4026030    5.50%          x.16.4 U 746021 746019     46
 752000 684703      336.1415    67      354.0732      334.5925  4057522    5.50%         x.47.25 D 752000 751999     32
 758035 690151        cutoff            354.0732      334.5994  4089066    5.50%          x.8.30 U 758035 758033     74
 763940 695542      351.3707    65      354.0732      334.6062  4120987    5.50%         x.11.13 U 763940 763938     38
Elapsed time = 509.21 sec. (473571.44 ticks, tree = 2662.54 MB, solutions = 19)
Nodefile size = 614.84 MB (286.30 MB after compression)
 770103 701093      339.1983    69      354.0732      334.6129  4152537    5.50%         x.24.35 D 770103 770102     61
 776048 706536      344.6340    71      354.0732      334.6192  4185347    5.49%          x.16.4 D 776048 776047     31
 782025 712020      342.2446    64      354.0732      334.6249  4216444    5.49%          x.24.5 U 782025 782024     55
 787727 717198      348.4127    62      354.0732      334.6302  4247303    5.49%         x.23.24 D 787727 787726     72
 793620 722562      348.5039    50      354.0732      334.6380  4277831    5.49%          x.23.0 D 793620 793619    130
 799610 728003      339.2626    59      354.0732      334.6426  4307777    5.49%          x.5.29 D 799610 799609     54
 805600 733445      337.4079    66      354.0732      334.6483  4339810    5.49%         x.40.25 D 805600 805599     45
 811487 738818      336.2140    63      354.0732      334.6556  4370963    5.48%         x.23.13 D 811487 811486     34
 817466 744270      350.0105    47      354.0732      334.6612  4402388    5.48%         x.36.13 U 817466 817464     75
 823350 749557      337.0377    63      354.0732      334.6665  4434249    5.48%         x.25.25 D 823350 823349     38
Elapsed time = 569.28 sec. (511726.09 ticks, tree = 2866.39 MB, solutions = 19)
Nodefile size = 818.45 MB (372.46 MB after compression)
 829450 755064      350.2328    59      354.0732      334.6726  4465557    5.48%         x.21.32 D 829450 829449    165
 835344 760456      337.8880    60      354.0732      334.6779  4497223    5.48%          x.21.4 D 835344 835343     33
 841199 765799      347.9822    58      354.0732      334.6838  4528204    5.48%         x.37.32 D 841199 841198    109
 847148 771182      347.8640    65      354.0732      334.6891  4559748    5.47%          x.47.4 D 847148 847147     48
 853210 776673      340.1116    59      354.0732      334.6937  4590583    5.47%         x.13.25 D 853210 853209     49
 859168 782114      337.1889    64      354.0732      334.6997  4622023    5.47%         x.45.46 D 859168 859167     38
 865227 787579      348.0033    60      354.0732      334.7060  4652320    5.47%         x.27.32 D 865227 865226    104
 871299 793055      347.0499    69      354.0732      334.7107  4683060    5.47%         x.15.25 D 871299 871298     44
 877425 798556      351.4276    56      354.0732      334.7165  4713692    5.47%         x.46.30 D 877425 877424    134
 883320 803889      353.6917    51      354.0732      334.7218  4743673    5.47%          x.24.5 U 883320 883319     54
Elapsed time = 630.54 sec. (549876.70 ticks, tree = 3071.41 MB, solutions = 19)
Nodefile size = 1024.06 MB (455.46 MB after compression)
 889148 809228      352.2683    52      354.0732      334.7274  4775638    5.46%          x.6.46 D 889148 889146     62
 895131 814612      352.6225    50      354.0732      334.7336  4806422    5.46%         x.11.49 D 895131 895130    109
 901149 820076      345.1200    65      354.0732      334.7393  4837736    5.46%         x.37.30 D 901149 901148    101
 907401 825752      346.4596    68      354.0732      334.7453  4868891    5.46%         x.21.25 D 907401 907400     34
 913375 831129      348.1615    64      354.0732      334.7498  4900279    5.46%         x.38.25 D 913375 913374     52
 919496 836699      347.2371    69      354.0732      334.7551  4931844    5.46%         x.25.30 D 919496 919495     97
 925357 842061      339.1137    66      354.0732      334.7603  4964363    5.45%          x.2.25 D 925357 925356     59
 931356 847542      341.6831    64      354.0732      334.7657  4994876    5.45%          x.5.29 D 931356 931355     55
 937358 852966      343.5745    66      354.0732      334.7710  5026764    5.45%         x.19.25 U 937358 462433     23
*942390+855653                          353.9354      334.7747             5.41%
 943120 856328      343.3025    60      353.9354      334.7751  5055876    5.41%         x.17.30 D 943120 943119    105
Elapsed time = 692.35 sec. (588037.67 ticks, tree = 3269.46 MB, solutions = 20)
Nodefile size = 1221.74 MB (531.53 MB after compression)
 948920 861521      349.4328    57      353.9354      334.7799  5087284    5.41%         x.14.29 D 948920 948919     61
 954724 866806      347.0415    67      353.9354      334.7860  5118445    5.41%          x.27.4 D 954724 954723     51
 960534 872088      345.4631    62      353.9354      334.7913  5150137    5.41%          x.1.32 D 960534 960533    133
 966535 877515      352.8674    58      353.9354      334.7963  5182294    5.41%          x.24.5 U 966535 966534     95
 972400 882871      351.0830    66      353.9354      334.8014  5213436    5.41%         x.17.32 D 972400 972399     78
 978360 888231      351.0893    64      353.9354      334.8069  5243366    5.40%         x.35.25 U 978360 978358     37
 984450 893766      346.5174    58      353.9354      334.8127  5273402    5.40%         x.29.32 D 984450 984449    131
 990472 899285      344.9913    62      353.9354      334.8188  5304517    5.40%         x.34.32 D 990472 990471     78
 996449 904724      338.8437    71      353.9354      334.8247  5336125    5.40%          x.27.4 D 996449 996448     56
 1002374 910027      347.3457    63      353.9354      334.8296  5367397    5.40%         x.11.13 U 1002374 1002372     34
Elapsed time = 754.80 sec. (626195.57 ticks, tree = 3472.52 MB, solutions = 20)
Nodefile size = 1425.32 MB (607.43 MB after compression)
 1008506 915586      341.1129    64      353.9354      334.8345  5397474    5.40%         x.35.30 U 1008506 1008505     59
 1014390 920943      336.6813    64      353.9354      334.8399  5428971    5.40%          x.26.3 D 1014390 1014389     25
 1020426 926423      346.7654    57      353.9354      334.8448  5460272    5.39%         x.24.35 D 1020426 1020425     86
 1026381 931812      344.2106    66      353.9354      334.8502  5490202    5.39%         x.35.29 D 1026381 1026380     32
 1032296 937176      343.7958    60      353.9354      334.8546  5519663    5.39%         x.40.32 D 1032296 1032295     81
 1038039 942433      349.8394    69      353.9354      334.8590  5550478    5.39%         x.34.28 D 1038039 1038038     51
 1043967 947746      351.2504    62      353.9354      334.8648  5582038    5.39%         x.29.30 D 1043967 1043965    103
 1049960 953184      343.9873    60      353.9354      334.8708  5612944    5.39%         x.43.30 D 1049960 1049959     79
 1055830 958498      342.9302    66      353.9354      334.8755  5643569    5.39%         x.34.32 D 1055830 1055829     69
 1061871 963921      335.8434    64      353.9354      334.8807  5674529    5.38%         x.35.25 D 1061871 1061870     38
Elapsed time = 817.61 sec. (664345.89 ticks, tree = 3676.34 MB, solutions = 20)
Nodefile size = 1628.87 MB (681.24 MB after compression)
 1068000 969393      338.7039    59      353.9354      334.8871  5704862    5.38%         x.35.30 U 1068000 1067999     58
 1074000 974850      337.0775    66      353.9354      334.8920  5736754    5.38%         x.27.25 D 1074000 1073999     30
 1079980 980320      351.1006    61      353.9354      334.8973  5767085    5.38%          x.49.9 U 1079980 1079979    119
 1085966 985701      345.2364    63      353.9354      334.9020  5798365    5.38%         x.33.32 D 1085966 1085965     72
 1091904 991027      339.7775    65      353.9354      334.9062  5829860    5.38%          x.11.3 D 1091904 1091903     51
 1097946 996469      343.9069    66      353.9354      334.9121  5861339    5.37%         x.23.32 D 1097946 1097945     84
*1100660+997041                          353.8204      334.9142             5.34%
 1103505 999671      353.0148    57      353.8204      334.9165  5890501    5.34%         x.22.46 U 1103505 1103502     47
 1109355 1004999      339.5173    69      353.8204      334.9218  5921984    5.34%         x.34.25 D 1109355 1109354     32
 1115290 1010431      352.2514    49      353.8204      334.9273  5952415    5.34%         x.39.46 D 1115290 1115289    106
 1121107 1015704      352.8644    55      353.8204      334.9317  5982354    5.34%         x.23.19 U 1121107 1121106    117
Elapsed time = 880.98 sec. (702506.05 ticks, tree = 3872.30 MB, solutions = 21)
Nodefile size = 1824.50 MB (748.90 MB after compression)
 1127114 1021155      338.7548    70      353.8204      334.9369  6014120    5.34%          x.2.25 D 1127114 1127112     34
 1133137 1026663      342.5754    66      353.8204      334.9411  6044348    5.34%         x.19.11 D 1133137 1133136     58
 1139068 1032011      335.6006    70      353.8204      334.9459  6075822    5.33%         x.23.19 U 1139068  96723     23
 1145196 1037569      341.5950    60      353.8204      334.9516  6105799    5.33%         x.23.18 D 1145196 1145195    106
 1151202 1042993      340.7074    68      353.8204      334.9558  6136896    5.33%         x.41.32 D 1151202 1151201     58
 1157327 1048488      352.4699    66      353.8204      334.9605  6167537    5.33%          x.40.0 D 1157327 1157326     51
 1163142 1053764      344.2615    58      353.8204      334.9650  6198157    5.33%          x.5.30 D 1163142 1163141     70
 1169171 1059231      349.0647    63      353.8204      334.9692  6229273    5.33%          x.11.3 D 1169171 1169170     47
 1175138 1064656        cutoff            353.8204      334.9731  6260442    5.33%          x.5.30 U 1175138 1175136    153
 1180900 1069839      338.7660    66      353.8204      334.9782  6290980    5.33%         x.47.25 D 1180900 1180899     44
Elapsed time = 945.03 sec. (740662.25 ticks, tree = 4077.03 MB, solutions = 21)
Nodefile size = 2029.11 MB (819.82 MB after compression)
 1186800 1075210      336.5302    62      353.8204      334.9819  6321747    5.32%         x.12.25 D 1186800 1186799     27
 1192587 1080409      340.7996    63      353.8204      334.9869  6352706    5.32%          x.41.4 D 1192587 1192586     42
 1198506 1085782      338.2953    66      353.8204      334.9907  6383423    5.32%           x.7.4 U 1198506 1198505     42
 1204439 1091187      341.6660    62      353.8204      334.9951  6414159    5.32%         x.35.30 U 1204439 1204438     48
 1210580 1096812      342.2249    62      353.8204      334.9996  6445506    5.32%          x.6.32 D 1210580 1210579     58
 1216634 1102350      345.4244    58      353.8204      335.0043  6475813    5.32%         x.24.32 D 1216634 1216633     61
 1222526 1107747      351.3308    57      353.8204      335.0078  6506987    5.32%          x.5.29 D 1222526 1222525     49
 1228442 1113058      342.3869    65      353.8204      335.0116  6537458    5.32%          x.23.6 D 1228442 1228441    102
 1234290 1118375      348.8919    64      353.8204      335.0162  6568651    5.31%         x.44.30 D 1234290 1234289     70
 1240220 1123747      347.5719    65      353.8204      335.0203  6599732    5.31%          x.27.4 D 1240220 1240219     46
Elapsed time = 1009.19 sec. (778814.52 ticks, tree = 4280.92 MB, solutions = 21)
Nodefile size = 2233.79 MB (888.42 MB after compression)
 1246321 1129251      347.1394    64      353.8204      335.0255  6630470    5.31%         x.11.32 D 1246321 1246320     47
 1252084 1134449      351.9807    60      353.8204      335.0298  6660458    5.31%         x.41.32 U 1252084 1252082     45
 1258005 1139811      345.9270    66      353.8204      335.0344  6691294    5.31%         x.47.21 U 1258005 1258004     35
 1263971 1145243      347.5339    54      353.8204      335.0384  6722591    5.31%         x.20.32 D 1263971 1263970     85
 1269942 1150614      348.3025    52      353.8204      335.0424  6754350    5.31%          x.11.8 D 1269942 1269941     82
 1275720 1155854      339.3753    63      353.8204      335.0465  6784832    5.31%          x.11.0 U 1275720 1275719     52
 1281599 1161153      350.0882    47      353.8204      335.0510  6816119    5.30%         x.11.22 D 1281599 1281598     93
 1287600 1166605      346.0097    63      353.8204      335.0550  6846581    5.30%         x.28.25 D 1287600 1287599     37
 1293650 1172128      348.2579    61      353.8204      335.0591  6878330    5.30%         x.45.30 D 1293650 1293649    151
 1299573 1177454      344.9284    60      353.8204      335.0640  6909702    5.30%         x.39.30 D 1299573 1299572     77
Elapsed time = 1073.67 sec. (816989.39 ticks, tree = 4484.03 MB, solutions = 21)
Nodefile size = 2436.48 MB (955.55 MB after compression)
 1305401 1182764      347.1223    67      353.8204      335.0672  6941835    5.30%         x.49.11 U 1305401 1305399     31
 1311215 1188058      339.9366    72      353.8204      335.0705  6971664    5.30%          x.47.4 D 1311215 1311214     63
 1316950 1193307      347.8656    66      353.8204      335.0743  7002424    5.30%         x.24.32 D 1316950 1316949     94
 1322844 1198669      340.4784    67      353.8204      335.0781  7033730    5.30%         x.27.11 D 1322844 1322843     63
 1328709 1204067      342.0553    59      353.8204      335.0818  7065109    5.30%         x.11.32 D 1328709 1328708     64
 1334722 1209497      343.9703    68      353.8204      335.0855  7096592    5.30%          x.11.4 D 1334722 1334721     40
 1340590 1214797      346.4959    54      353.8204      335.0894  7127603    5.29%          x.23.3 D 1340590 1340589    107
 1346507 1220178      342.9076    66      353.8204      335.0930  7159397    5.29%          x.37.0 D 1346507 1346506     63
 1352486 1225610      338.4384    66      353.8204      335.0974  7191426    5.29%          x.0.25 U 1352486 1352484     22
 1358455 1231027      353.0986    71      353.8204      335.1019  7223816    5.29%         x.16.32 D 1358455 1358454     46
Elapsed time = 1138.33 sec. (855140.56 ticks, tree = 4686.65 MB, solutions = 21)
Nodefile size = 2639.16 MB (1022.19 MB after compression)
 1364360 1236369      348.1989    62      353.8204      335.1063  7255788    5.29%         x.21.32 D 1364360 1364359     88
 1370249 1241748      339.7436    68      353.8204      335.1095  7287209    5.29%          x.30.3 U 1370249 1370247     20
 1376223 1247125      335.2102    72      353.8204      335.1138  7317457    5.29%         x.35.30 D 1376223 199176     31
 1382164 1252515      343.0760    67      353.8204      335.1170  7348920    5.29%         x.45.46 D 1382164 1382163     61
 1387924 1257815      343.1456    58      353.8204      335.1206  7379424    5.29%         x.38.32 D 1387924 1387923     96
 1393604 1262927      342.5869    71      353.8204      335.1239  7409981    5.28%         x.17.32 D 1393604 1393603     73
 1399610 1268408      350.0959    54      353.8204      335.1278  7440412    5.28%         x.23.49 D 1399610 1399609    119
 1405410 1273588      341.7037    65      353.8204      335.1325  7471829    5.28%         x.31.25 D 1405410 1405409     65
 1411160 1278749      341.2344    60      353.8204      335.1370  7502882    5.28%         x.23.25 D 1411160 1411159     66
 1417184 1284157      351.0088    63      353.8204      335.1417  7534463    5.28%         x.17.32 D 1417184 1417183     61
Elapsed time = 1203.01 sec. (893301.77 ticks, tree = 4887.63 MB, solutions = 21)
Nodefile size = 2839.82 MB (1086.09 MB after compression)
 1423069 1289485      351.8910    54      353.8204      335.1460  7565960    5.28%          x.24.5 D 1423069 1423067     48
 1429024 1294874      347.8390    58      353.8204      335.1501  7596865    5.28%          x.49.9 U 1429024 1429023    154
 1434960 1300270      348.8006    59      353.8204      335.1532  7628116    5.28%          x.19.3 U 1434960 1434958     50
 1440890 1305683      341.2233    67      353.8204      335.1564  7659719    5.27%         x.23.42 D 1440890 1440889     88
 1446754 1311021      345.0306    66      353.8204      335.1599  7691080    5.27%         x.40.25 D 1446754 1446753     50
 1452608 1316301      346.4317    52      353.8204      335.1640  7723057    5.27%          x.41.0 D 1452608 1452607     65
 1458435 1321623      348.2475    60      353.8204      335.1670  7754031    5.27%          x.37.0 D 1458435 1458433     67
 1464224 1326927      348.8356    55      353.8204      335.1704  7785748    5.27%          x.1.32 D 1464224 1464223     96
 1470118 1332312      338.8311    72      353.8204      335.1738  7816568    5.27%          x.26.4 U 1470118 1470116     43
 1475658 1337297      340.6965    65      353.8204      335.1776  7847440    5.27%         x.26.32 D 1475658 1475657     60
Elapsed time = 1267.96 sec. (931458.53 ticks, tree = 5088.58 MB, solutions = 21)
Nodefile size = 3041.48 MB (1150.13 MB after compression)
 1481548 1342638      336.4021    77      353.8204      335.1815  7879283    5.27%         x.28.25 D 1481548 1481547     20
 1487491 1348090      346.9338    66      353.8204      335.1858  7910508    5.27%         x.29.32 D 1487491 1487490    115
 1493414 1353471      340.5336    73      353.8204      335.1902  7941200    5.27%          x.27.4 N 1493414 1493413     48
 1499385 1358957      349.3007    56      353.8204      335.1939  7973551    5.26%          x.24.5 D 1499385 1499383    107
 1505316 1364406      340.3800    65      353.8204      335.1984  8005906    5.26%          x.26.4 D 1505316 1505315     50
 1511332 1369923      337.7953    67      353.8204      335.2018  8037175    5.26%         x.11.25 D 1511332 1511331     44
 1517300 1375367      346.9418    58      353.8204      335.2057  8068643    5.26%          x.40.0 D 1517300 1517299    102
 1523309 1380812      339.7006    71      353.8204      335.2093  8101005    5.26%          x.27.4 D 1523309 1523308     57
*1528610+1385380                          353.8137      335.2121             5.26%
 1529039 1385766      353.5964    61      353.8137      335.2123  8130743    5.26%         x.15.32 D 1529039 1529038     51
 1534870 1391115      348.4079    57      353.8137      335.2152  8160510    5.26%          x.5.30 D 1534870 1534869    140
Elapsed time = 1333.87 sec. (969626.08 ticks, tree = 5292.20 MB, solutions = 22)
Nodefile size = 3245.09 MB (1213.14 MB after compression)
 1540627 1396319      346.9892    58      353.8137      335.2179  8191529    5.26%         x.48.32 D 1540627 1540626     85
 1546293 1401407      352.8105    49      353.8137      335.2216  8222877    5.25%          x.4.35 D 1546293 1546292    119
 1552129 1406700      345.9530    57      353.8137      335.2255  8253967    5.25%          x.6.32 D 1552129 1552128     63
 1557967 1411983      352.5697    62      353.8137      335.2298  8285949    5.25%         x.11.11 D 1557967 1557965     83
 1563800 1417253      344.8533    63      353.8137      335.2340  8317715    5.25%         x.45.46 N 1563800 1563799     71
 1569913 1422822      347.9379    60      353.8137      335.2375  8349740    5.25%          x.23.9 D 1569913 1569912     86
 1575995 1428355      343.8490    57      353.8137      335.2407  8380511    5.25%         x.11.32 D 1575995 1575994    116
 1581965 1433778      345.3335    61      353.8137      335.2444  8411561    5.25%         x.14.32 D 1581965 1581964     74
 1588000 1439226      347.1796    64      353.8137      335.2477  8443241    5.25%          x.41.4 D 1588000 1587999     36
 1593964 1444674      338.9949    68      353.8137      335.2519  8475137    5.25%          x.26.4 D 1593964 1593963     32
Elapsed time = 1399.54 sec. (1007778.47 ticks, tree = 5495.21 MB, solutions = 22)
Nodefile size = 3447.66 MB (1275.52 MB after compression)
 1599993 1450168      343.2676    57      353.8137      335.2545  8506890    5.25%          x.41.0 D 1599993 1599992     64
 1605887 1455526      343.7883    58      353.8137      335.2583  8539298    5.24%         x.45.46 D 1605887 1605886     51
 1611600 1460653      348.5287    67      353.8137      335.2624  8570140    5.24%         x.10.30 D 1611600 1611599     90
 1617374 1465853      339.7528    62      353.8137      335.2666  8600872    5.24%          x.23.6 D 1617374 1617373    103
 1623047 1470995      350.2898    60      353.8137      335.2699  8632228    5.24%          x.48.0 U 1623047 1623044     57
 1629048 1476517      341.5540    64      353.8137      335.2733  8662423    5.24%          x.6.32 D 1629048 1629047     59
 1634953 1481892      348.8772    64      353.8137      335.2771  8693819    5.24%         x.31.32 D 1634953 1634952     97
 1640738 1487047      344.6814    62      353.8137      335.2812  8724888    5.24%         x.49.29 D 1640738 1640737     33
 1646558 1492332      343.1874    56      353.8137      335.2845  8756764    5.24%          x.23.7 D 1646558 1646557    110
 1652393 1497545      348.6840    59      353.8137      335.2884  8787546    5.24%          x.41.4 D 1652393 1652392     28
Elapsed time = 1465.05 sec. (1045940.45 ticks, tree = 5695.62 MB, solutions = 22)
Nodefile size = 3648.28 MB (1336.89 MB after compression)
 1658080 1502623      351.3500    64      353.8137      335.2917  8818641    5.23%         x.29.32 D 1658080 1658079    117
 1663961 1507978      348.5645    61      353.8137      335.2953  8850992    5.23%         x.19.25 U 1663961 1663959     23
 1669728 1513196      351.8238    60      353.8137      335.2986  8883417    5.23%          x.43.0 U 1669728 1669725     59
 1675460 1518305      349.6098    68      353.8137      335.3019  8914206    5.23%          x.2.25 D 1675460 1675459     45
 1681292 1523572      347.9292    68      353.8137      335.3055  8946210    5.23%         x.25.32 D 1681292 1681291     92
 1687133 1528831      340.4400    69      353.8137      335.3095  8978020    5.23%         x.34.25 D 1687133 1687132     39
 1692949 1534096      337.3132    64      353.8137      335.3129  9010461    5.23%          x.2.25 D 1692949 1692948     36
 1698741 1539317      340.6609    65      353.8137      335.3172  9042851    5.23%          x.2.25 D 1698741 1698740     39
 1704522 1544502      336.5590    66      353.8137      335.3212  9074548    5.23%          x.41.4 D 1704522 1704521     28
 1710259 1549675      341.2175    62      353.8137      335.3248  9106315    5.23%         x.22.46 D 1710259 1710258     57
Elapsed time = 1530.90 sec. (1084094.67 ticks, tree = 5893.21 MB, solutions = 22)
Nodefile size = 3845.88 MB (1397.40 MB after compression)
 1715880 1554725      349.5656    60      353.8137      335.3282  9138644    5.22%         x.24.30 D 1715880 1715879    107
 1721701 1559936      336.4789    67      353.8137      335.3322  9170655    5.22%         x.35.25 D 1721701 1721700     26
 1727600 1565225      341.2288    61      353.8137      335.3356  9203287    5.22%         x.35.30 U 1727600 1727599     46
 1733352 1570388      337.6665    68      353.8137      335.3390  9236168    5.22%         x.25.25 D 1733352 1733351     47
 1739175 1575657      337.9994    66      353.8137      335.3429  9268375    5.22%         x.43.25 D 1739175 1739174     31
 1745020 1580951      337.3590    65      353.8137      335.3457  9300256    5.22%         x.11.25 D 1745020 1745019     26
 1750525 1585840      342.2604    58      353.8137      335.3487  9331781    5.22%         x.23.24 D 1750525 1750524     76
 1756190 1590912      341.7780    65      353.8137      335.3521  9364002    5.22%         x.23.40 D 1756190 1756189     65
 1762072 1596220      342.6299    51      353.8137      335.3557  9395584    5.22%         x.24.35 D 1762072 1762071     61
 1767901 1601470      344.8979    61      353.8137      335.3588  9427482    5.22%          x.8.32 D 1767901 1767900     53
Elapsed time = 1596.24 sec. (1122261.39 ticks, tree = 6089.52 MB, solutions = 22)
Nodefile size = 4042.51 MB (1457.86 MB after compression)
 1773627 1606548      344.8990    71      353.8137      335.3625  9459903    5.21%          x.16.4 D 1773627 1773626     35
 1779410 1611820      352.4881    54      353.8137      335.3662  9491719    5.21%          x.41.0 U 1779410 1779409     68
 1785100 1617000      349.3162    60      353.8137      335.3696  9523947    5.21%         x.26.46 D 1785100 1785099     59
 1790718 1622029      351.9966    62      353.8137      335.3733  9556930    5.21%         x.35.30 U 1790718 1790717     60
 1796333 1627074      347.2021    61      353.8137      335.3759  9588725    5.21%         x.13.30 D 1796333 1796332     74
 1802120 1632237      346.1121    55      353.8137      335.3793  9621141    5.21%         x.33.32 D 1802120 1802119     72
 1807856 1637434      346.8324    60      353.8137      335.3825  9653056    5.21%         x.41.32 D 1807856 1807855     40
 1813530 1642545      344.3258    71      353.8137      335.3859  9684759    5.21%          x.27.4 D 1813530 1813529     51
 1819087 1647484      353.7609    54      353.8137      335.3892  9716323    5.21%         x.33.32 D 1819087 1819086    103
 1824944 1652764      341.0744    65      353.8137      335.3923  9748865    5.21%         x.27.25 D 1824944 1824943     34
Elapsed time = 1661.40 sec. (1160422.57 ticks, tree = 6283.97 MB, solutions = 22)
Nodefile size = 4236.19 MB (1517.02 MB after compression)
 1830750 1657970      336.1833    66      353.8137      335.3955  9781702    5.21%          x.12.4 D 1830750 1830749     30
 1836627 1663274      339.3605    67      353.8137      335.3990  9813537    5.20%         x.40.25 D 1836627 1836626     60
 1842400 1668500      344.5588    64      353.8137      335.4024  9845769    5.20%         x.14.30 D 1842400 1842399     75
 1848183 1673749      351.0220    49      353.8137      335.4056  9878495    5.20%         x.19.24 D 1848183 1848182    115
 1853885 1678886      343.6028    59      353.8137      335.4084  9910385    5.20%          x.27.4 D 1853885 1853883     56
 1859501 1683961      342.3909    68      353.8137      335.4113  9942267    5.20%         x.19.30 D 1859501 1859500     71
 1865219 1689088      352.0801    56      353.8137      335.4142  9972899    5.20%          x.37.0 D 1865219 1865218    105
 1871043 1694341      339.4878    71      353.8137      335.4164 10005243    5.20%         x.13.25 D 1871043 1871042     51
 1876880 1699558      345.8011    60      353.8137      335.4195 10036592    5.20%         x.41.32 D 1876880 1876879     51
 1882644 1704710      342.0898    59      353.8137      335.4232 10068830    5.20%         x.15.36 D 1882644 1882642     65
Elapsed time = 1727.08 sec. (1198588.43 ticks, tree = 6480.85 MB, solutions = 22)
Nodefile size = 4433.87 MB (1577.05 MB after compression)
 1888579 1710070      340.2549    69      353.8137      335.4269 10101155    5.20%          x.27.4 D 1888579 1888578     42
 1894335 1715248      348.9617    53      353.8137      335.4301 10133274    5.20%          x.26.3 U 1894335 1894333     43
 1900119 1720417      346.0674    61      353.8137      335.4331 10165186    5.19%         x.39.46 D 1900119 1900118     76
 1906038 1725787      345.8901    65      353.8137      335.4365 10198097    5.19%          x.47.4 D 1906038 1906037     35
 1911850 1731081      349.0168    67      353.8137      335.4393 10230408    5.19%          x.11.4 D 1911850 1911849     36
 1917550 1736189      350.8857    62      353.8137      335.4422 10261469    5.19%         x.47.21 U 1917550 1917549     46
 1923209 1741247      344.1535    66      353.8137      335.4457 10292598    5.19%          x.0.25 D 1923209 1923208     34
 1928940 1746472      349.8938    57      353.8137      335.4493 10325023    5.19%          x.24.5 U 1928940 1928939     59
 1934799 1751754      345.3438    65      353.8137      335.4524 10357245    5.19%          x.8.32 D 1934799 1934798     62
 1940540 1756891      345.7318    64      353.8137      335.4550 10389462    5.19%         x.43.25 D 1940540 1940539     16
Elapsed time = 1793.06 sec. (1236750.58 ticks, tree = 6678.65 MB, solutions = 22)
Nodefile size = 4631.56 MB (1636.24 MB after compression)
 1946337 1762063      344.2140    59      353.8137      335.4581 10422196    5.19%         x.45.46 D 1946337 1946336     67
 1952090 1767252      348.9758    52      353.8137      335.4615 10454630    5.19%         x.32.32 D 1952090 1952089    108
 1957863 1772355      339.9780    65      353.8137      335.4645 10487597    5.19%         x.27.25 D 1957863 1957862     44
 1963635 1777525      347.0740    57      353.8137      335.4676 10520595    5.19%         x.10.32 D 1963635 1963634     86
 1969430 1782724      346.6257    66      353.8137      335.4709 10553010    5.18%          x.40.0 D 1969430 1969429     58
 1975314 1788037      338.6505    71      353.8137      335.4741 10585309    5.18%          x.8.32 U 1975314  31488     27
 1980956 1793138      343.5571    64      353.8137      335.4774 10617513    5.18%         x.17.32 D 1980956 1980955     81
 1986576 1798176      349.0512    60      353.8137      335.4806 10649646    5.18%         x.37.32 D 1986576 1986575     96
 1992228 1803295      344.0797    61      353.8137      335.4837 10682117    5.18%         x.14.29 D 1992228 1992227    103
 1997816 1808377      346.7422    62      353.8137      335.4872 10714675    5.18%         x.11.34 D 1997816 1997815     78
Elapsed time = 1858.78 sec. (1274901.12 ticks, tree = 6873.82 MB, solutions = 22)
Nodefile size = 4826.29 MB (1694.42 MB after compression)
 2003556 1813580        cutoff            353.8137      335.4900 10746338    5.18%         x.48.32 U 2003556 2003554     78
 2009052 1818459      345.0339    69      353.8137      335.4928 10778542    5.18%         x.14.29 D 2009052 2009051     36
 2014904 1823775      344.4205    60      353.8137      335.4959 10810959    5.18%         x.16.30 D 2014904 2014903    135
 2020544 1828912      344.7506    64      353.8137      335.4990 10842671    5.18%         x.46.30 D 2020544 2020543     76
 2026180 1834001      341.2171    60      353.8137      335.5020 10875001    5.18%          x.5.29 D 2026180 2026179     52
 2031692 1839018      350.0151    60      353.8137      335.5052 10906332    5.17%          x.30.3 D 2031692 2031691    106
 2037460 1844256      350.5233    59      353.8137      335.5084 10938643    5.17%          x.43.0 D 2037460 2037459     53
 2043140 1849349      346.7892    49      353.8137      335.5115 10970919    5.17%         x.38.32 D 2043140 2043139     79
 2048867 1854492      343.8378    68      353.8137      335.5147 11003078    5.17%         x.45.32 D 2048867 2048866     76
 2054493 1859524      346.8331    61      353.8137      335.5179 11034437    5.17%         x.22.32 D 2054493 2054492    106
Elapsed time = 1924.40 sec. (1313053.56 ticks, tree = 7067.71 MB, solutions = 22)
Nodefile size = 5020.02 MB (1752.41 MB after compression)
 2060282 1864721      341.8321    70      353.8137      335.5208 11065617    5.17%         x.16.32 D 2060282 2060281     63
 2065910 1869770      340.7176    67      353.8137      335.5236 11098692    5.17%         x.35.25 D 2065910 2065909     28
 2071639 1874925      346.5178    64      353.8137      335.5261 11131532    5.17%         x.21.25 D 2071639 2071638     39
 2077338 1880081      337.6457    69      353.8137      335.5291 11164336    5.17%         x.48.25 D 2077338 2077337     34
 2083100 1885268      346.8905    62      353.8137      335.5321 11196204    5.17%          x.47.4 D 2083100 2083099     45
 2088996 1890533      348.9106    63      353.8137      335.5349 11228494    5.17%         x.21.25 D 2088996 2088995     37
 2094728 1895660      349.3389    53      353.8137      335.5379 11260806    5.17%         x.45.46 U 2094728 2094726     74
 2100394 1900753      345.2262    61      353.8137      335.5411 11292571    5.16%         x.17.32 D 2100394 2100393     73
 2106054 1905843      346.0868    55      353.8137      335.5439 11323975    5.16%         x.31.32 D 2106054 2106053     82
 2111777 1911004      343.0125    69      353.8137      335.5464 11354917    5.16%         x.19.30 D 2111777 2111776     82
Elapsed time = 1990.52 sec. (1351202.88 ticks, tree = 7262.86 MB, solutions = 22)
Nodefile size = 5215.75 MB (1810.05 MB after compression)
 2117350 1916018      339.7657    72      353.8137      335.5497 11386832    5.16%         x.19.25 D 2117350 2117349     21
 2123020 1921158      347.1461    56      353.8137      335.5521 11418585    5.16%         x.31.32 D 2123020 2123019     85
 2128800 1926332      351.9832    45      353.8137      335.5550 11450192    5.16%         x.15.36 U 2128800 2128798     59
 2134298 1931251      339.4977    66      353.8137      335.5583 11482330    5.16%          x.6.25 D 2134298 2134297     29
 2139951 1936327      351.6103    60      353.8137      335.5615 11514239    5.16%         x.34.32 D 2139951 2139949     65
 2145696 1941548      347.3012    52      353.8137      335.5641 11546604    5.16%         x.23.20 D 2145696 2145695     83
 2151615 1946853      341.2461    58      353.8137      335.5667 11578725    5.16%         x.23.40 D 2151615 2151614     62
 2157355 1952003        cutoff            353.8137      335.5690 11609759    5.16%         x.39.32 U 2157355 2157354     89
 2163035 1957165      344.7537    61      353.8137      335.5716 11641683    5.16%         x.35.30 U 2163035 2163034     58
 2168824 1962346      350.5201    60      353.8137      335.5746 11673509    5.15%         x.12.30 D 2168824 2168823     58
Elapsed time = 2056.60 sec. (1389362.68 ticks, tree = 7457.49 MB, solutions = 22)
Nodefile size = 5410.46 MB (1866.81 MB after compression)
 2174667 1967530      337.5646    69      353.8137      335.5774 11706260    5.15%         x.27.25 D 2174667 2174666     32
 2180242 1972571      341.4834    64      353.8137      335.5799 11738224    5.15%         x.35.30 D 2180242 2180240     60
 2186018 1977773      338.4739    70      353.8137      335.5827 11769313    5.15%         x.41.32 U 2186018 530257     31
 2191655 1982835      351.3316    61      353.8137      335.5855 11800841    5.15%         x.33.32 D 2191655 2191654     95
 2197409 1987976      352.3412    66      353.8137      335.5884 11832989    5.15%         x.11.20 D 2197409 2197408     59
 2203294 1993290      336.4356    67      353.8137      335.5912 11864928    5.15%         x.11.13 D 2203294 2203293     26
 2209008 1998492      337.2048    76      353.8137      335.5938 11896771    5.15%         x.43.25 D 2209008 2209007     27
 2214690 2003600      347.8662    63      353.8137      335.5963 11929437    5.15%         x.40.25 D 2214690 2214689     46
 2220403 2008748      341.2604    63      353.8137      335.5994 11961462    5.15%         x.38.25 D 2220403 2220402     52
 2226071 2013802      341.2632    59      353.8137      335.6022 11993228    5.15%         x.15.36 U 2226071 2226070     70
Elapsed time = 2122.85 sec. (1427515.47 ticks, tree = 7652.58 MB, solutions = 22)
Nodefile size = 5605.21 MB (1923.40 MB after compression)
 2231774 2018917      339.5637    70      353.8137      335.6046 12025622    5.15%          x.1.25 D 2231774 2231773     50
 2237677 2024290      350.6691    56      353.8137      335.6079 12057473    5.15%         x.15.30 D 2237677 2237676     61
 2243335 2029326      349.5836    54      353.8137      335.6100 12089527    5.14%         x.34.28 D 2243335 2243334     34
 2249086 2034561      346.8035    61      353.8137      335.6127 12120919    5.14%         x.11.20 D 2249086 2249085     74
 2254690 2039626      344.5074    55      353.8137      335.6151 12151749    5.14%         x.17.30 D 2254690 2254689     68
 2260400 2044761      336.6993    62      353.8137      335.6178 12184064    5.14%         x.27.25 D 2260400 2260399     20
 2266200 2050025      352.0588    60      353.8137      335.6208 12215807    5.14%         x.11.34 D 2266200 2266199     91
 2271815 2055057      337.6917    75      353.8137      335.6233 12247493    5.14%          x.44.4 D 2271815 2271814     56
 2277640 2060328      350.3791    60      353.8137      335.6256 12279050    5.14%         x.40.25 D 2277640 2277639     54
 2283340 2065454      347.5333    65      353.8137      335.6281 12310424    5.14%         x.10.32 D 2283340 2283339     94
Elapsed time = 2189.22 sec. (1465680.59 ticks, tree = 7848.39 MB, solutions = 22)
Nodefile size = 5800.92 MB (1979.73 MB after compression)
 2289043 2070589        cutoff            353.8137      335.6305 12342931    5.14%         x.26.46 D 2289043 2289042    125
 2294554 2075572      344.8654    63      353.8137      335.6329 12374540    5.14%         x.11.25 U 2294554 1190193     34
 2300069 2080521      345.2009    64      353.8137      335.6354 12406055    5.14%         x.27.11 D 2300069 2300068     43
 2305822 2085685      347.9831    50      353.8137      335.6381 12438177    5.14%         x.11.34 D 2305822 2305821     82
 2311560 2090883      348.7960    59      353.8137      335.6410 12470141    5.14%         x.13.32 D 2311560 2311559    115
 2317145 2095915      348.8776    60      353.8137      335.6434 12501510    5.14%         x.36.30 D 2317145 2317144    143
 2322627 2100904      351.3689    50      353.8137      335.6459 12532665    5.13%         x.36.13 D 2322627 2322626    141
 2328400 2106126      349.8485    63      353.8137      335.6485 12563647    5.13%          x.37.0 D 2328400 2328399     97
 2334057 2111212      346.1389    67      353.8137      335.6511 12595568    5.13%         x.42.32 D 2334057 2334056     85
 2339819 2116405      343.0999    68      353.8137      335.6533 12628349    5.13%         x.35.30 U 2339819 2339818     51
Elapsed time = 2255.07 sec. (1503829.99 ticks, tree = 8041.56 MB, solutions = 22)
Nodefile size = 5993.64 MB (2035.39 MB after compression)
 2345603 2121646      345.1329    66      353.8137      335.6554 12661047    5.13%         x.37.32 D 2345603 2345602    108
 2351352 2126833      351.6052    60      353.8137      335.6580 12692960    5.13%         x.15.30 D 2351352 2351351     58
 2357112 2132015      343.2674    61      353.8137      335.6603 12725314    5.13%          x.11.0 D 2357112 2357111     51
 2362572 2136884      350.9718    55      353.8137      335.6625 12757340    5.13%         x.34.32 D 2362572 2362571     56
 2368212 2142005      353.1159    55      353.8137      335.6651 12789316    5.13%          x.37.0 D 2368212 2368211    125
 2373950 2147166      337.6310    72      353.8137      335.6679 12821762    5.13%         x.28.25 D 2373950 2373949     36
 2379806 2152419      337.9090    67      353.8137      335.6704 12854722    5.13%          x.2.25 D 2379806 2379805     44
 2385520 2157588      347.6016    64      353.8137      335.6728 12887526    5.13%         x.19.11 D 2385520 2385519     28
 2391213 2162749      341.0321    63      353.8137      335.6750 12919976    5.13%          x.2.25 D 2391213 2391212     43
 2397031 2167963      351.6874    66      353.8137      335.6773 12951607    5.13%          x.12.4 D 2397031 2397029     41
Elapsed time = 2321.46 sec. (1541981.57 ticks, tree = 8237.00 MB, solutions = 22)
Nodefile size = 6189.37 MB (2091.73 MB after compression)
 2402715 2173087      344.1675    63      353.8137      335.6797 12984517    5.13%         x.36.32 D 2402715 2402714     86
 2408500 2178266      344.2138    62      353.8137      335.6823 13016936    5.12%         x.34.28 D 2408500 2408499     66
 2414345 2183517      347.1857    56      353.8137      335.6850 13049549    5.12%         x.22.32 D 2414345 2414344     95
 2420124 2188724      339.8112    71      353.8137      335.6877 13081597    5.12%         x.46.25 D 2420124 2420123     43
 2426026 2193998      348.2172    65      353.8137      335.6899 13113995    5.12%         x.23.30 D 2426026 2426025     54
 2431777 2199092      339.3032    71      353.8137      335.6924 13146343    5.12%          x.21.4 D 2431777 2431776     56
 2437360 2204036      343.2739    61      353.8137      335.6947 13178441    5.12%          x.5.29 D 2437360 2437359     62
 2443080 2209167      341.1868    57      353.8137      335.6973 13210125    5.12%         x.33.25 D 2443080 2443079     40
 2448752 2214275      340.0242    69      353.8137      335.6996 13241589    5.12%         x.46.25 D 2448752 2448751     33
 2454500 2219485      344.8001    58      353.8137      335.7020 13273954    5.12%         x.39.32 D 2454500 2454499     89
Elapsed time = 2388.06 sec. (1580133.61 ticks, tree = 8432.29 MB, solutions = 22)
Nodefile size = 6385.07 MB (2147.49 MB after compression)
 2460295 2224685      338.2313    71      353.8137      335.7048 13305489    5.12%          x.27.4 D 2460295 2460294     32
 2465885 2229717      345.6123    61      353.8137      335.7074 13337230    5.12%          x.5.29 D 2465885 2465884     36
 2471510 2234772      348.9563    57      353.8137      335.7102 13369722    5.12%         x.31.32 D 2471510 2471509    102
 2477310 2240009      347.4515    49      353.8137      335.7130 13401985    5.12%          x.24.5 U 2477310 2477309    119
 2483070 2245197      351.5517    62      353.8137      335.7151 13434158    5.12%         x.14.29 D 2483070 2483069     69
 2488832 2250373      353.0532    50      353.8137      335.7173 13466310    5.11%          x.49.9 U 2488832 2488831    105
 2494651 2255613      340.6284    63      353.8137      335.7204 13499075    5.11%         x.41.32 D 2494651 2494650     60
 2500186 2260555      346.3070    66      353.8137      335.7228 13531109    5.11%         x.41.32 D 2500186 2500185     50
 2506018 2265812      345.4983    66      353.8137      335.7250 13564081    5.11%         x.11.48 D 2506018 2506017     62
 2511680 2270909      347.2828    64      353.8137      335.7271 13596596    5.11%         x.16.32 D 2511680 2511679     46
Elapsed time = 2454.55 sec. (1618284.67 ticks, tree = 8627.24 MB, solutions = 22)
Nodefile size = 6579.78 MB (2202.92 MB after compression)
 2517339 2276043      336.9739    66      353.8137      335.7291 13629191    5.11%          x.6.25 D 2517339 2517338     36
 2522840 2280987      338.5746    63      353.8137      335.7313 13660889    5.11%         x.21.25 D 2522840 2522839     47
 2528480 2286066      352.3070    60      353.8137      335.7338 13692229    5.11%          x.11.0 D 2528480 2528479     95
 2534135 2291148      339.8885    68      353.8137      335.7356 13724399    5.11%         x.23.13 U 2534135 2534134     33
 2539821 2296263      348.4353    55      353.8137      335.7379 13756616    5.11%          x.28.0 D 2539821 2539819     61
 2545541 2301399      348.6923    72      353.8137      335.7406 13789287    5.11%          x.44.4 D 2545541 2545540     55
 2551210 2306467      338.2939    65      353.8137      335.7427 13820725    5.11%          x.44.4 D 2551210 2551209     48
 2556915 2311585      336.9225    68      353.8137      335.7453 13852894    5.11%          x.12.4 D 2556915 2556914     32
 2562637 2316697      349.7652    56      353.8137      335.7477 13884181    5.11%         x.29.32 D 2562637 2562636    100
 2568436 2321853      344.3803    63      353.8137      335.7500 13916703    5.11%         x.18.30 D 2568436 2568435     60
Elapsed time = 2520.76 sec. (1656437.12 ticks, tree = 8820.33 MB, solutions = 22)
Nodefile size = 6772.50 MB (2258.14 MB after compression)
 2574100 2326962      346.3001    62      353.8137      335.7524 13949938    5.10%         x.19.32 D 2574100 2574099     69
 2579780 2332098      338.0468    62      353.8137      335.7546 13982624    5.10%         x.35.29 D 2579780 2579779     27
 2585515 2337249      339.0629    73      353.8137      335.7574 14015754    5.10%         x.35.29 D 2585515 2585514     16
 2591189 2342364      348.0623    56      353.8137      335.7604 14049254    5.10%          x.21.4 D 2591189 2591188     52
 2596900 2347497      345.9085    56      353.8137      335.7627 14081403    5.10%         x.45.30 D 2596900 2596899    130
 2602503 2352518      351.9788    50      353.8137      335.7652 14114549    5.10%         x.42.35 U 2602503 2602502    117
 2607991 2357445      336.1263    67      353.8137      335.7677 14146567    5.10%          x.5.29 U 2607991  76406     22
 2613610 2362494      344.3272    51      353.8137      335.7699 14178844    5.10%         x.19.24 U 2613610 2613609     67
 2619160 2367476      352.5823    57      353.8137      335.7722 14210800    5.10%          x.40.0 D 2619160 2619158     46
 2624788 2372504      353.1506    61      353.8137      335.7743 14242709    5.10%          x.8.32 D 2624788 2624787     60
Elapsed time = 2589.70 sec. (1694588.31 ticks, tree = 9012.33 MB, solutions = 22)
Nodefile size = 6965.22 MB (2313.45 MB after compression)
 2630283 2377472      349.5241    61      353.8137      335.7765 14273834    5.10%          x.11.0 D 2630283 2630282    117
 2636030 2382638      341.2327    60      353.8137      335.7788 14306232    5.10%          x.5.29 D 2636030 2636029     60
 2641740 2387805      348.5018    52      353.8137      335.7811 14338172    5.10%          x.6.46 D 2641740 2641739     91
 2647438 2392915      342.7907    69      353.8137      335.7836 14370580    5.10%         x.40.25 D 2647438 2647437     54
 2653143 2398013      346.2069    64      353.8137      335.7857 14402915    5.10%         x.11.26 D 2653143 2653142     73
 2658883 2403124      344.5130    70      353.8137      335.7879 14435703    5.09%         x.11.13 D 2658883 2658882     44
 2664631 2408292      339.2595    64      353.8137      335.7903 14468107    5.09%         x.18.25 D 2664631 2664630     42
 2670245 2413273      347.3100    69      353.8137      335.7922 14499887    5.09%         x.18.25 D 2670245 2670244     30
 2675850 2418334      345.2178    57      353.8137      335.7946 14532242    5.09%         x.48.32 D 2675850 2675849     83
 2681488 2423384      349.0691    66      353.8137      335.7968 14563811    5.09%         x.14.29 D 2681488 2681487     84
Elapsed time = 2656.05 sec. (1732756.27 ticks, tree = 9205.22 MB, solutions = 22)
Nodefile size = 7157.92 MB (2367.81 MB after compression)
 2687249 2428479      348.8527    61      353.8137      335.7988 14596568    5.09%          x.0.32 D 2687249 2687248     94
 2692961 2433551      341.2234    65      353.8137      335.8008 14628629    5.09%         x.47.21 N 2692961 2692960     48
 2698567 2438567      350.1991    56      353.8137      335.8032 14661492    5.09%         x.26.32 U 2698567 2698565     36
 2704280 2443731      347.8735    68      353.8137      335.8053 14693908    5.09%         x.28.32 D 2704280 2704279    105
 2709947 2448824      338.4382    76      353.8137      335.8071 14726074    5.09%         x.27.25 D 2709947 2709946     32
 2715564 2453897      346.0276    58      353.8137      335.8094 14757283    5.09%         x.11.42 D 2715564 2715563     67
 2721064 2458864      348.3655    60      353.8137      335.8114 14788498    5.09%          x.47.4 D 2721064 2721063     47
 2726721 2463913      349.4886    61      353.8137      335.8137 14820913    5.09%         x.11.17 D 2726721 2726720    110
 2732423 2469078      343.2635    66      353.8137      335.8157 14852990    5.09%         x.12.30 D 2732423 2732422     69
 2738001 2474143      351.9002    58      353.8137      335.8177 14884057    5.09%         x.34.32 D 2738001 2738000     67
Elapsed time = 2722.75 sec. (1770907.35 ticks, tree = 9397.62 MB, solutions = 22)
Nodefile size = 7350.63 MB (2422.26 MB after compression)
 2743704 2479269      349.7453    47      353.8137      335.8198 14916231    5.09%         x.19.40 D 2743704 2743703     83
 2749272 2484294      342.8051    67      353.8137      335.8218 14948671    5.09%         x.35.29 D 2749272 2749271     34
 2754919 2489386      339.1726    74      353.8137      335.8238 14981932    5.08%          x.1.25 D 2754919 2754918     36
 2760440 2494369      346.4658    67      353.8137      335.8259 15012581    5.08%         x.43.25 D 2760440 2760439     26
 2766066 2499452      343.5889    68      353.8137      335.8281 15044666    5.08%         x.12.32 D 2766066 2766065     58
 2771725 2504492      349.7852    60      353.8137      335.8303 15077334    5.08%          x.30.3 D 2771725 2771724     53
 2777400 2509565      353.6383    60      353.8137      335.8324 15110398    5.08%         x.25.32 D 2777400 2777399     88
 2783124 2514639      351.4035    52      353.8137      335.8352 15143492    5.08%         x.37.13 D 2783124 2783123    112
 2788770 2519750      348.3412    60      353.8137      335.8375 15175418    5.08%          x.11.4 D 2788770 2788769     34
 2794482 2524829      338.6123    69      353.8137      335.8401 15208068    5.08%          x.6.25 D 2794482 2794481     27
Elapsed time = 2789.61 sec. (1809058.40 ticks, tree = 9589.77 MB, solutions = 22)
Nodefile size = 7542.33 MB (2476.74 MB after compression)
 2800310 2530068      350.8214    56      353.8137      335.8424 15240947    5.08%          x.11.8 D 2800310 2800309    116
 2806078 2535247      341.5124    63      353.8137      335.8448 15272994    5.08%          x.21.4 D 2806078 2806077     33
 2811691 2540297      338.5868    67      353.8137      335.8465 15305610    5.08%          x.6.32 U 2811691 2456685     31
 2817350 2545381      348.0450    59      353.8137      335.8485 15338516    5.08%         x.34.28 D 2817350 2817348     43
 2823032 2550531      350.2543    46      353.8137      335.8503 15370759    5.08%         x.39.46 D 2823032 2823031     73
 2828759 2555640      339.4982    69      353.8137      335.8524 15403315    5.08%         x.34.25 D 2828759 2828758     48
 2834468 2560789      349.1310    64      353.8137      335.8547 15435221    5.08%         x.47.21 D 2834468 2834466     41
 2840210 2565940      338.8176    64      353.8137      335.8566 15468129    5.08%          x.6.25 D 2840210 2840209     39
 2845970 2571145      345.8373    60      353.8137      335.8583 15500923    5.07%          x.8.32 D 2845970 2845969     48
 2851590 2576224      351.8458    63      353.8137      335.8603 15532675    5.07%         x.11.26 D 2851590 2851589     88
Elapsed time = 2856.87 sec. (1847234.04 ticks, tree = 9784.61 MB, solutions = 22)
Nodefile size = 7736.98 MB (2530.64 MB after compression)
 2857254 2581276      343.7909    69      353.8137      335.8624 15564483    5.07%         x.19.25 U 2857254 410886     30
 2862680 2586122      341.0666    62      353.8137      335.8645 15596052    5.07%          x.47.4 D 2862680 2862679     43
 2868386 2591267      341.6110    63      353.8137      335.8670 15627439    5.07%         x.23.34 D 2868386 2868385    101
 2874103 2596432      349.6561    60      353.8137      335.8688 15660347    5.07%         x.11.16 D 2874103 2874102     66
 2879914 2601585      345.9108    73      353.8137      335.8715 15693814    5.07%          x.11.4 D 2879914 2879913     40
 2885650 2606730      346.6638    62      353.8137      335.8738 15726305    5.07%         x.12.32 D 2885650 2885649     71
 2891380 2611881      345.0961    57      353.8137      335.8759 15758291    5.07%         x.23.13 D 2891380 2891379     39
 2897000 2616955      340.6160    65      353.8137      335.8781 15790803    5.07%         x.34.25 D 2897000 2896998     61
 2902710 2622148      339.2572    62      353.8137      335.8801 15823647    5.07%          x.6.25 D 2902710 2902709     39
 2908472 2627339      350.9558    65      353.8137      335.8822 15855820    5.07%         x.47.21 U 2908472 2908471     69
Elapsed time = 2926.53 sec. (1885395.70 ticks, tree = 9978.37 MB, solutions = 22)
Nodefile size = 7930.65 MB (2584.68 MB after compression)
 2914121 2632443      338.1965    70      353.8137      335.8844 15887469    5.07%         x.35.29 D 2914121 2914120     33
 2919744 2637547      347.8438    72      353.8137      335.8865 15919915    5.07%         x.15.25 D 2919744 2919743     41
 2925459 2642700      347.4042    64      353.8137      335.8888 15952976    5.07%         x.19.11 D 2925459 2925458     48
 2931053 2647717      352.2923    60      353.8137      335.8907 15985804    5.07%         x.12.32 D 2931053 2931052    106
 2936762 2652848      347.4137    57      353.8137      335.8934 16019060    5.06%         x.21.32 D 2936762 2936761     97
 2942420 2657939      346.3195    63      353.8137      335.8958 16052322    5.06%          x.7.30 D 2942420 2942419     87
 2948083 2663009      348.7798    60      353.8137      335.8980 16085280    5.06%         x.10.32 D 2948083 2948082     89
 2953775 2668127      339.7269    73      353.8137      335.8999 16117126    5.06%         x.33.25 D 2953775 2953774     45
 2959513 2673311      345.8499    66      353.8137      335.9018 16148865    5.06%         x.48.25 D 2959513 2959512     45
 2965179 2678417      345.4859    67      353.8137      335.9036 16181469    5.06%          x.47.4 D 2965179 2965178     47
Elapsed time = 2995.43 sec. (1923545.91 ticks, tree = 10172.01 MB, solutions = 22)
Nodefile size = 8124.30 MB (2638.75 MB after compression)
 2970773 2683460      349.3663    66      353.8137      335.9054 16213870    5.06%          x.6.32 U 2970773 2970771     57
 2976400 2688497      346.9678    49      353.8137      335.9074 16246361    5.06%         x.11.39 D 2976400 2976399     64
 2981986 2693492      342.2032    66      353.8137      335.9092 16279472    5.06%         x.16.32 D 2981986 2981985     62
 2987680 2698554      348.3647    58      353.8137      335.9114 16312115    5.06%         x.47.30 D 2987680 2987679    108
 2993530 2703806      348.2205    71      353.8137      335.9137 16344489    5.06%         x.31.30 D 2993530 2993529    103
 2999232 2708867      348.2165    66      353.8137      335.9160 16377288    5.06%         x.48.25 D 2999232 2999231     56
 3005000 2714037      340.2574    66      353.8137      335.9181 16409978    5.06%         x.45.46 D 3005000 3004999     58
 3010732 2719181      349.8485    60      353.8137      335.9200 16442561    5.06%         x.11.11 D 3010732 3010731     72
 3016380 2724291      350.6351    54      353.8137      335.9218 16475325    5.06%         x.24.32 D 3016380 3016379     75
 3022000 2729309      343.9845    66      353.8137      335.9234 16507512    5.06%         x.23.47 D 3022000 3021999    110
Elapsed time = 3063.70 sec. (1961738.13 ticks, tree = 10364.93 MB, solutions = 22)
Nodefile size = 8317.94 MB (2692.78 MB after compression)
 3027616 2734369      346.0543    69      353.8137      335.9252 16539784    5.06%         x.27.25 D 3027616 3027615     31
 3033270 2739419      344.7669    59      353.8137      335.9272 16571880    5.06%         x.11.38 D 3033270 3033269     73
 3038702 2744339      349.1731    63      353.8137      335.9287 16602345    5.05%         x.12.32 D 3038702 3038701     64
 3044365 2749461      349.1407    67      353.8137      335.9304 16635867    5.05%          x.5.32 D 3044365 3044364    114
 3050040 2754507      351.1988    58      353.8137      335.9325 16668707    5.05%           x.0.7 U 3050040 3050039    114
 3055707 2759599      346.1023    65      353.8137      335.9342 16700038    5.05%         x.25.32 D 3055707 3055706     87
 3061340 2764652      346.7908    55      353.8137      335.9360 16732654    5.05%          x.49.9 U 3061340 3061339     63
 3067094 2769844      352.6481    62      353.8137      335.9381 16765079    5.05%         x.39.30 D 3067094 3067093     70
 3072668 2774897      339.8648    73      353.8137      335.9401 16797345    5.05%         x.27.11 D 3072668 3072667     45
 3078303 2779915      344.0662    65      353.8137      335.9422 16830007    5.05%         x.34.28 D 3078303 3078302     59
Elapsed time = 3130.31 sec. (1999889.35 ticks, tree = 10556.76 MB, solutions = 22)
Nodefile size = 8509.61 MB (2746.33 MB after compression)
 3083872 2784949      349.8558    60      353.8137      335.9441 16862249    5.05%         x.38.32 D 3083872 3083871     59
 3089747 2790251      349.1266    61      353.8137      335.9460 16894625    5.05%         x.29.32 D 3089747 3089746    101
 3095403 2795351      337.8293    71      353.8137      335.9478 16926392    5.05%         x.28.25 D 3095403 3095402     33
 3101090 2800522      348.9266    71      353.8137      335.9497 16958728    5.05%          x.7.32 D 3101090 3101089     77
 3106903 2805762      347.8600    53      353.8137      335.9520 16990847    5.05%         x.11.46 D 3106903 3106902    151
 3112390 2810715      348.5831    48      353.8137      335.9538 17021961    5.05%         x.14.29 D 3112390 3112389     96
 3118018 2815759      350.9949    58      353.8137      335.9559 17054514    5.05%         x.45.32 D 3118018 3118017     88
 3123800 2820942      342.1789    61      353.8137      335.9579 17087618    5.05%          x.47.4 D 3123800 3123799     62
 3129578 2826172      339.3988    62      353.8137      335.9593 17120887    5.05%          x.16.4 D 3129578 3129577     28
 3135389 2831457      341.7887    69      353.8137      335.9612 17153296    5.05%         x.13.25 D 3135389 3135388     59
Elapsed time = 3196.94 sec. (2038041.50 ticks, tree = 10752.14 MB, solutions = 22)
Nodefile size = 8704.27 MB (2799.93 MB after compression)
 3141001 2836547      336.8568    68      353.8137      335.9633 17185118    5.05%         x.19.25 D 3141001 3141000     25
 3146665 2841700      348.3983    57      353.8137      335.9652 17218091    5.04%         x.16.32 U 3146665 3146663     49
 3152235 2846748        cutoff            353.8137      335.9673 17249707    5.04%         x.33.25 U 3152235 3152233     42
 3158030 2851947      348.3941    61      353.8137      335.9694 17282466    5.04%         x.35.30 U 3158030 3158029     55
 3163637 2857032      343.0249    64      353.8137      335.9712 17315511    5.04%         x.30.32 D 3163637 3163636    105
 3169240 2862078      343.6840    56      353.8137      335.9732 17347885    5.04%          x.1.32 D 3169240 3169239     98
Starting limited solution polishing.
 3174759 2867005      341.7675    62      353.8137      335.9752 17379214    5.04%          x.11.3 D 3174759 3174758     67
 3180070 2871676      348.0679    71      353.8137      335.9774 17409973    5.04%         x.47.25 D 3180070 3180069     40
 3185402 2876431      341.4830    58      353.8137      335.9792 17441151    5.04%         x.27.11 D 3185402 3185401     47
 3190764 2881248      353.1005    66      353.8137      335.9810 17472165    5.04%          x.6.30 D 3190764 3190763    134
Elapsed time = 3263.55 sec. (2076197.75 ticks, tree = 10940.89 MB, solutions = 22)
Nodefile size = 8892.93 MB (2852.25 MB after compression)
 3196165 2886138      345.4169    57      353.8137      335.9827 17502568    5.04%         x.27.11 D 3196165 3196164     75
 3201730 2891084      349.2682    68      353.8137      335.9849 17533973    5.04%         x.28.25 U 3201730 3201728     30
 3207088 2895867      348.8241    61      353.8137      335.9869 17565000    5.04%         x.26.32 D 3207088 3207086     57
 3212510 2900765      347.9568    56      353.8137      335.9884 17595823    5.04%         x.34.28 U 3212510 3212509     97
 3217943 2905615      341.7146    64      353.8137      335.9900 17625951    5.04%         x.46.25 D 3217943 3217942     38
 3223379 2910534      346.8949    47      353.8137      335.9913 17656614    5.04%          x.19.2 D 3223379 3223378    107
 3228601 2915233      340.4196    67      353.8137      335.9929 17686481    5.04%         x.43.25 D 3228601 3228600     27
 3234110 2920178      345.0382    67      353.8137      335.9946 17717504    5.04%         x.12.25 U 3234110 750612     32
 3239562 2925053      343.5493    67      353.8137      335.9963 17748670    5.04%         x.33.32 D 3239562 3239561     66
 3245036 2930014      340.5446    63      353.8137      335.9978 17779711    5.04%         x.38.25 D 3245036 3245035     45
Elapsed time = 3335.35 sec. (2114349.91 ticks, tree = 11125.73 MB, solutions = 22)
Nodefile size = 9078.54 MB (2903.30 MB after compression)
 3250483 2934882      336.9498    70      353.8137      335.9997 17811705    5.03%         x.27.11 D 3250483 3250482     22
 3255866 2939724      340.5462    67      353.8137      336.0014 17842732    5.03%         x.35.30 U 3255866 3255865     50
 3261210 2944546      341.3860    61      353.8137      336.0027 17874095    5.03%         x.34.25 D 3261210 3261209     54
 3266648 2949406      347.4257    59      353.8137      336.0048 17905722    5.03%         x.13.30 D 3266648 3266647     49
 3272005 2954201      340.1041    67      353.8137      336.0067 17936855    5.03%         x.45.46 D 3272005 3272004     60
 3277307 2959020      339.2354    63      353.8137      336.0086 17967288    5.03%         x.21.25 D 3277307 3277306     41
 3282400 2963549      341.4762    63      353.8137      336.0102 17996518    5.03%         x.45.46 D 3282400 3282399     53
 3287717 2968303      336.6401    64      353.8137      336.0121 18027505    5.03%         x.28.25 U 3287717 276013     35
 3293200 2973223      351.7232    51      353.8137      336.0140 18058400    5.03%         x.49.32 D 3293200 3293199     55
 3298759 2978227      340.3208    67      353.8137      336.0158 18089890    5.03%          x.44.4 D 3298759 3298758     56
Elapsed time = 3400.77 sec. (2152513.90 ticks, tree = 11308.52 MB, solutions = 22)
Nodefile size = 9261.17 MB (2953.57 MB after compression)
 3304206 2983115      340.7031    66      353.8137      336.0177 18120937    5.03%          x.11.4 D 3304206 3304205     46
 3309463 2987809      345.0120    67      353.8137      336.0194 18151074    5.03%         x.37.32 D 3309463 3309462     82
 3314785 2992646      345.3506    70      353.8137      336.0209 18180714    5.03%          x.44.4 D 3314785 3314784     52
 3320152 2997412      345.0760    64      353.8137      336.0231 18211248    5.03%          x.26.3 D 3320152 3320151     37
 3325513 3002225      344.7553    64      353.8137      336.0249 18241951    5.03%          x.21.4 D 3325513 3325512     35
 3330932 3007089      347.5079    56      353.8137      336.0264 18273414    5.03%         x.37.32 D 3330932 3330931    101
 3336444 3012050      346.0496    69      353.8137      336.0280 18303513    5.03%         x.38.32 D 3336444 3336443     86
 3341910 3016974      345.7736    67      353.8137      336.0298 18334227    5.03%         x.21.32 D 3341910 3341909     96
 3347288 3021753      347.7086    72      353.8137      336.0319 18365250    5.03%         x.10.30 D 3347288 3347287     96
 3352640 3026552      344.9403    65      353.8137      336.0334 18396589    5.03%          x.21.4 D 3352640 3352639     31
Elapsed time = 3466.12 sec. (2190670.57 ticks, tree = 11491.72 MB, solutions = 22)
Nodefile size = 9443.79 MB (3003.91 MB after compression)
 3358121 3031427      351.9845    57      353.8137      336.0352 18427209    5.02%         x.11.34 D 3358121 3358120    115
 3363621 3036345      348.3288    62      353.8137      336.0370 18458737    5.02%         x.34.32 D 3363621 3363620     54
 3369095 3041251      344.6015    66      353.8137      336.0388 18490191    5.02%         x.13.30 D 3369095 3369094     71
 3374400 3046012      346.8634    69      353.8137      336.0404 18521037    5.02%          x.24.0 D 3374400 3374399     64
 3379715 3050778      347.4871    62      353.8137      336.0418 18552525    5.02%          x.3.32 D 3379715 3379714     85
 3385040 3055621      347.3632    60      353.8137      336.0436 18583919    5.02%         x.11.32 D 3385040 3385039     77
 3390510 3060547      346.3750    55      353.8137      336.0453 18613845    5.02%          x.40.0 D 3390510 3390509     70
 3395772 3065246        cutoff            353.8137      336.0468 18644189    5.02%          x.48.0 U 3395772 3395770     61
 3401215 3070138      342.2763    59      353.8137      336.0486 18675691    5.02%         x.13.30 D 3401215 3401214     64
 3406539 3074943      341.3388    68      353.8137      336.0503 18707125    5.02%         x.28.25 D 3406539 3406538     32
Elapsed time = 3531.40 sec. (2228836.61 ticks, tree = 11675.14 MB, solutions = 22)
Nodefile size = 9627.42 MB (3054.51 MB after compression)
 3411923 3079698      343.4605    64      353.8137      336.0522 18738443    5.02%          x.44.4 D 3411923 3411922     43
 3417276 3084483      344.4206    62      353.8137      336.0540 18769979    5.02%          x.37.0 D 3417276 3417275     61
 3422707 3089360      347.4277    70      353.8137      336.0561 18802287    5.02%          x.1.25 D 3422707 3422706     30
 3428241 3094301      338.7914    67      353.8137      336.0578 18833508    5.02%         x.19.25 D 3428241 3428240     26
 3433607 3099061      339.6139    67      353.8137      336.0596 18864796    5.02%         x.23.19 U 3433607 3433606     34
 3438966 3103838      349.7055    66      353.8137      336.0613 18896397    5.02%          x.47.4 U 3438966 3438964     50
 3444160 3108486      349.5475    56      353.8137      336.0629 18926723    5.02%         x.45.46 D 3444160 3444159     60
 3449560 3113314      344.8770    66      353.8137      336.0647 18956981    5.02%         x.45.46 N 3449560 3449559     54
 3454813 3117986      347.0011    70      353.8137      336.0665 18987728    5.02%          x.26.3 D 3454813 3454811     28
 3460217 3122848      351.8409    62      353.8137      336.0683 19019120    5.02%          x.19.3 D 3460217 3460215     70
Elapsed time = 3596.48 sec. (2266989.25 ticks, tree = 11856.75 MB, solutions = 22)
Nodefile size = 9809.02 MB (3104.05 MB after compression)

Gomory fractional cuts applied:  24
User cuts applied:  276

Root node processing (before b&c):
  Real time             =    0.40 sec. (119.33 ticks)
Sequential b&c:
  Real time             = 3599.67 sec. (2271461.02 ticks)
                          ------------
Total (root+branch&cut) = 3600.07 sec. (2271580.36 ticks)

Solution status: 107
Objective value:  3.5381366196e+02
Solution status is not CPX_STAT_OPTIMAL
Node: 3463045
