proble size: m = 5 , n = 5 , seed = 8 
Benders' cuts separated to cut off: Integer and fractional infeasible solutions.
seed = 8
Version identifier: 20.1.0.0 | 2020-11-10 | 9bedb6d68
CPXPARAM_Threads                                 1
CPXPARAM_RandomSeed                              8
CPXPARAM_MIP_Strategy_CallbackReducedLP          0
CPXPARAM_MIP_Strategy_Search                     1
CPXPARAM_TimeLimit                               3600
CPXPARAM_MIP_Tolerances_AbsMIPGap                0
CPXPARAM_MIP_Tolerances_MIPGap                   0
Legacy callback                                  LU
Tried aggregator 1 time.
Reduced MIP has 50 rows, 2550 columns, and 2500 nonzeros.
Reduced MIP has 2500 binaries, 0 generals, 0 SOSs, and 0 indicators.
Presolve time = 0.00 sec. (0.97 ticks)
Probing time = 0.00 sec. (3.28 ticks)
Clique table members: 50.
MIP emphasis: balance optimality and feasibility.
MIP search method: traditional branch-and-cut.
Parallel mode: none, using 1 thread.
Root relaxation solution time = 0.00 sec. (0.52 ticks)

        Nodes                                         Cuts/
   Node  Left     Objective  IInf  Best Integer    Best Bound    ItCnt     Gap         Variable B NodeID Parent  Depth

      0     0        0.0000    39                      0.0000        0         
*     0+    0                         1416.4205        0.0000           100.00%
*     0+    0                         1165.8613        0.0000           100.00%
      0     0      174.4130    66     1165.8613     Fract: 37      240   85.04%
*     0+    0                         1004.0691      174.4130            82.63%
*     0+    0                          621.7506      174.4130            71.95%
      0     0      287.4927    60      621.7506     Fract: 22      345   53.76%
*     0+    0                          593.2071      287.4927            51.54%
      0     0      319.5472    63      593.2071 UserPurge2: 22      388   46.13%
*     0+    0                          415.9875      319.5472            23.18%
      0     0      327.7482    69      415.9875 UserPurge2: 1      394   21.21%
      0     0      333.2586    73      415.9875 UserPurge2: 8      419   19.89%
*     0+    0                          391.9959      333.2586            14.98%
      0     0      333.4041    77      391.9959 UserPurge2: 1      425   14.95%
*     0+    0                          372.6430      333.4041            10.53%
      0     2      333.5847    72      372.6430      333.6699      425   10.46%                        0             0
Elapsed time = 0.12 sec. (127.39 ticks, tree = 0.01 MB, solutions = 8)
*    10+   10                          354.7477      341.8492             3.64%
     14    16      346.4260    63      354.7477      341.8492     1927    3.64%         x.46.32 N     14     11      8
     30    32      346.0728    55      354.7477      341.8492     2947    3.64%         x.32.40 N     30     28     19
     50    52      347.7635    49      354.7477      341.8492     3739    3.64%          x.2.43 N     50     49     34
     72    57      350.6107    56      354.7477      341.8492     4497    3.64%          x.8.32 N     72     71     55
     94    68      344.1026    70      354.7477      342.3044     5863    3.51%         x.35.30 N     94     93      5
*   100+   71                          353.3425      342.3044             3.12%
    118    91      347.0614    50      353.3425      342.3044     7140    3.12%          x.18.6 N    118    117     22
    133   106      348.4192    56      353.3425      342.3044     7809    3.12%          x.2.42 N    133    132     35
    150   118      349.4784    53      353.3425      342.3044     8533    3.12%           x.9.8 N    150    147     47
    171   136      349.8908    58      353.3425      342.3044     9432    3.12%         x.39.46 N    171    170     65
    260   210      349.3265    55      353.3425      342.3585    13082    3.11%          x.26.4 N    260    259     50
Elapsed time = 2.73 sec. (3371.87 ticks, tree = 2.59 MB, solutions = 10)
    360   298      349.3526    64      353.3425      342.5134    16738    3.06%         x.18.40 D    360    359     46
    471   392      350.1278    46      353.3425      342.6077    20277    3.04%           x.5.2 N    471    470     86
    552   452      349.9243    57      353.3425      342.9852    23072    2.93%         x.23.13 N    552    550     17
    650   538      351.1459    57      353.3425      343.0327    27062    2.92%          x.47.6 N    650    649     58
    737   617      346.2552    53      353.3425      343.1014    30622    2.90%         x.23.27 D    737    736     25
    835   703      352.9124    39      353.3425      343.1014    33877    2.90%          x.6.27 N    835    834    122
    943   800      351.1322    62      353.3425      343.2013    38592    2.87%          x.44.1 N    943    941     39
   1046   885      347.3277    68      353.3425      343.4651    42640    2.80%           x.2.9 D   1046   1045     28
   1143   974      350.9461    64      353.3425      343.5072    46408    2.78%          x.2.40 D   1143   1142     43
   1279  1098      348.4125    59      353.3425      343.5833    51841    2.76%           x.2.2 D   1279   1278     31
Elapsed time = 10.30 sec. (12961.52 ticks, tree = 22.21 MB, solutions = 10)
   1376  1186      349.9748    58      353.3425      343.6513    56027    2.74%         x.24.43 N   1376   1375     49
   1460  1254      351.0663    52      353.3425      343.6851    59456    2.73%          x.4.40 D   1460   1459     22
   1567  1349      349.1517    57      353.3425      343.7724    64397    2.71%         x.41.39 U   1567   1565     37
   1683  1456      352.0768    50      353.3425      343.8102    68911    2.70%         x.23.46 N   1683   1682     94
   1823  1584      352.5332    59      353.3425      343.8666    73353    2.68%         x.25.35 N   1823   1821     56
   1939  1689      352.4832    57      353.3425      343.9131    78191    2.67%          x.7.19 N   1939   1938     59
   2064  1803      348.8197    61      353.3425      343.9295    82710    2.66%         x.37.48 U   2064   2063     50
   2210  1942      351.3726    54      353.3425      343.9340    87289    2.66%         x.20.28 U   2210   2209    100
   2368  2075      352.9566    49      353.3425      343.9740    91799    2.65%         x.40.23 N   2368   2367     47
   2470  2172      352.8134    57      353.3425      343.9752    95787    2.65%           x.6.2 D   2470   2469    109
Elapsed time = 17.71 sec. (22580.52 ticks, tree = 52.01 MB, solutions = 10)
   2576  2256      344.8041    79      353.3425      344.0116   100224    2.64%         x.23.19 N   2576   2575      7
   2719  2391      348.6674    61      353.3425      344.0361   105106    2.63%         x.23.17 D   2719   2718     45
   2833  2492      353.0236    45      353.3425      344.0465   109785    2.63%         x.35.29 D   2833   2832     37
   2989  2631      346.4861    68      353.3425      344.0615   113931    2.63%          x.24.5 D   2989   2988     14
   3128  2760      347.6520    67      353.3425      344.0652   118189    2.63%          x.40.0 U   3128   3126     21
   3223  2838      348.4783    59      353.3425      344.0919   122035    2.62%         x.40.22 U   3223   3222     62
   3347  2951      346.5616    70      353.3425      344.1106   127047    2.61%         x.34.40 N   3347   3346     25
   3486  3075      345.1009    67      353.3425      344.1249   131679    2.61%          x.40.0 D   3486   3484     17
   3600  3176      346.0212    63      353.3425      344.1846   136665    2.59%         x.10.35 D   3600   3599     16
   3727  3293      348.3535    61      353.3425      344.2012   141306    2.59%         x.23.16 N   3727   3726     56
Elapsed time = 25.47 sec. (32284.97 ticks, tree = 86.16 MB, solutions = 10)
   3852  3412      353.0123    54      353.3425      344.2214   146131    2.58%         x.38.15 D   3852   3851     79
   3960  3512      347.5345    64      353.3425      344.2296   150672    2.58%         x.47.32 D   3960   3959     50
   4090  3629      346.0488    58      353.3425      344.2351   155313    2.58%         x.10.35 D   4090   4089     29
   4224  3753      352.6372    51      353.3425      344.2404   159985    2.58%          x.26.4 N   4224   4223     74
   4338  3848      349.8677    54      353.3425      344.2961   165153    2.56%          x.44.1 U   4338   4337     37
   4460  3964      351.5955    49      353.3425      344.2976   169260    2.56%          x.8.40 D   4460   4459    114
   4593  4075      347.7312    63      353.3425      344.3435   173732    2.55%          x.40.0 D   4593   4592     36
   4720  4190      346.9717    70      353.3425      344.3555   178388    2.54%          x.2.23 D   4720   4719     28
   4800  4256      346.1017    71      353.3425      344.3660   182053    2.54%         x.28.42 D   4800   4799     29
   4927  4371        cutoff            353.3425      344.3731   186589    2.54%         x.25.35 D   4927   4925     53
Elapsed time = 33.14 sec. (41889.34 ticks, tree = 120.94 MB, solutions = 10)
   5051  4488      347.0571    63      353.3425      344.3819   190574    2.54%         x.23.41 D   5051   5050     31
   5180  4603      349.8185    62      353.3425      344.3856   195211    2.53%         x.16.32 N   5180   5179     51
   5300  4713      347.6387    58      353.3425      344.3901   199419    2.53%         x.23.16 D   5300   5299     25
   5415  4822      353.3340    47      353.3425      344.4031   203903    2.53%         x.23.20 N   5415   5414     89
   5537  4932      351.0423    53      353.3425      344.4274   208566    2.52%         x.48.41 D   5537   5536     87
   5666  5052      348.9156    64      353.3425      344.4369   213242    2.52%          x.40.0 N   5666   5665     23
   5787  5151      347.2287    69      353.3425      344.4636   217582    2.51%          x.5.19 D   5787   5786     23
*  5890+ 5201                          353.2021      344.4744             2.47%
   5912  5225      348.6756    68      353.2021      344.4744   221201    2.47%         x.18.40 N   5912   5911     31
   6000  5300      351.0948    60      353.2021      344.4749   223787    2.47%          x.2.25 D   6000   5999     34
   6092  5378      350.6759    63      353.2021      344.4866   226895    2.47%         x.45.19 D   6092   6091     71
Elapsed time = 40.76 sec. (51562.54 ticks, tree = 154.41 MB, solutions = 11)
   6179  5452      344.9330    70      353.2021      344.4955   229218    2.47%         x.19.40 D   6179   6178     27
   6280  5539      346.8676    64      353.2021      344.4992   233122    2.46%         x.16.40 D   6280   6279     17
   6369  5615      347.1791    54      353.2021      344.5207   236197    2.46%         x.23.28 D   6369   6368     39
   6460  5698      344.9868    66      353.2021      344.5356   239730    2.45%         x.32.40 U   6460   1024      7
   6580  5800      345.6383    68      353.2021      344.5367   243014    2.45%         x.47.32 D   6580   6579     34
   6690  5905      352.4812    48      353.2021      344.5399   246987    2.45%          x.5.26 N   6690   6689     70
   6776  5982      346.8178    58      353.2021      344.5465   250083    2.45%          x.43.0 U   6776   6774     34
   6865  6065      352.2010    57      353.2021      344.5521   253573    2.45%          x.47.6 N   6865   6864     69
   6972  6162      347.0181    61      353.2021      344.5599   257230    2.45%          x.18.6 D   6972   6971     44
   7082  6261      350.4617    60      353.2021      344.5616   261231    2.45%          x.24.5 U   7082   7081     40
Elapsed time = 48.48 sec. (61290.98 ticks, tree = 184.26 MB, solutions = 11)
   7191  6355      347.8552    70      353.2021      344.5768   265443    2.44%          x.8.32 D   7191   7190     19
   7294  6436      345.1007    73      353.2021      344.5910   269708    2.44%         x.16.40 D   7294   7293     18
   7410  6548      349.4803    60      353.2021      344.5913   274421    2.44%         x.24.43 D   7410   7409     41
   7520  6640      349.9222    65      353.2021      344.6087   279024    2.43%         x.15.36 D   7520   7517     28
   7640  6747      348.8174    62      353.2021      344.6118   282747    2.43%         x.48.39 D   7640   7639     71
   7780  6878      348.9273    62      353.2021      344.6220   287223    2.43%         x.23.27 D   7780   7779     45
   7900  6984      346.1255    63      353.2021      344.6339   291888    2.43%         x.30.40 D   7900   7899     11
   8007  7087      348.4302    66      353.2021      344.6344   295296    2.43%          x.9.19 N   8007   8006     52
   8130  7199      346.8389    65      353.2021      344.6446   299858    2.42%         x.19.40 D   8130   8129     32
   8240  7293      351.3973    56      353.2021      344.6468   303823    2.42%          x.7.40 D   8240   8239     86
Elapsed time = 56.12 sec. (70911.13 ticks, tree = 219.93 MB, solutions = 11)
   8373  7421      353.0446    61      353.2021      344.6478   308064    2.42%         x.39.32 N   8373   8372    113
   8469  7510      349.1587    59      353.2021      344.6510   311500    2.42%          x.23.0 N   8469   8468     61
   8588  7614      352.5922    57      353.2021      344.6528   315885    2.42%          x.6.19 D   8588   8587     61
   8687  7700      348.3339    71      353.2021      344.6684   319636    2.42%          x.5.19 D   8687   8686     22
   8802  7804      345.8428    69      353.2021      344.6815   323873    2.41%         x.47.32 D   8802   8801     34
   8930  7924      351.4055    53      353.2021      344.6870   328026    2.41%         x.41.39 D   8930   8929     73
   9057  8024        cutoff            353.2021      344.6955   332318    2.41%         x.41.39 U   9057   9055     63
   9184  8122      348.6857    75      353.2021      344.7028   336477    2.41%         x.23.19 D   9184   9183     28
   9293  8226      352.7105    53      353.2021      344.7044   340809    2.41%         x.25.19 D   9293   9292     81
   9379  8292      350.6807    67      353.2021      344.7133   344339    2.40%          x.44.1 N   9379   9378     56
Elapsed time = 63.64 sec. (80524.98 ticks, tree = 255.74 MB, solutions = 11)
   9513  8416      347.5803    64      353.2021      344.7164   348184    2.40%          x.18.6 D   9513   9512     27
   9630  8511      346.5123    64      353.2021      344.7283   352588    2.40%          x.2.40 D   9630   9629     37
   9760  8632      346.1069    66      353.2021      344.7323   356598    2.40%         x.18.40 D   9760   9759     20
   9880  8738      351.8522    65      353.2021      344.7335   360926    2.40%         x.28.42 D   9880   9879     50
  10000  8848      353.0793    48      353.2021      344.7571   364741    2.39%         x.43.25 D  10000   9999     78
  10110  8927      347.2449    61      353.2021      344.7704   368964    2.39%         x.16.40 D  10110  10109     21
  10230  9033      349.0194    60      353.2021      344.7758   373406    2.39%         x.23.43 D  10230  10229     50
  10369  9163      347.6462    75      353.2021      344.7795   377629    2.38%         x.23.13 N  10369  10368     15
  10498  9276      350.5242    64      353.2021      344.7805   381273    2.38%         x.38.39 U  10498  10497     66
  11004  9705      346.9632    62      353.2021      344.8057   396962    2.38%         x.41.32 U  11004   3178     18
Elapsed time = 73.34 sec. (92968.41 ticks, tree = 307.38 MB, solutions = 11)
  11479 10117      347.2027    54      353.2021      344.8247   413744    2.37%         x.36.22 N  11479  11478     36
  11980 10549      352.2759    39      353.2021      344.8366   430456    2.37%           x.2.4 D  11980  11979     87
  12414 10924      352.0729    64      353.2021      344.8539   445610    2.36%          x.5.31 D  12414  12413     34
  12911 11351      352.3085    47      353.2021      344.8699   461031    2.36%         x.37.39 D  12911  12910     81
  13427 11807      349.2011    69      353.2021      344.8928   476662    2.35%         x.48.40 D  13427  13426     26
  13900 12227      347.8340    64      353.2021      344.9008   492666    2.35%          x.5.31 D  13900  13899     38
  14354 12627      350.2753    60      353.2021      344.9236   508391    2.34%         x.23.17 N  14354  14353     50
  14827 13030      349.0768    61      353.2021      344.9434   523720    2.34%         x.37.23 D  14827  14826     48
  15297 13458      346.3617    62      353.2021      344.9568   539053    2.33%          x.0.19 D  15297  15296     36
  15769 13862      350.8786    62      353.2021      344.9698   555239    2.33%          x.2.46 D  15769  15768     36
Elapsed time = 103.10 sec. (131151.50 ticks, tree = 466.17 MB, solutions = 11)
  16216 14240      345.9384    75      353.2021      344.9945   570493    2.32%         x.46.32 D  16216  16215      7
  16693 14667      349.6112    54      353.2021      345.0029   585429    2.32%          x.24.5 U  16693  16692     62
  17183 15110      349.8445    66      353.2021      345.0107   600590    2.32%          x.23.9 D  17183  17181     51
  17638 15514      348.7344    65      353.2021      345.0203   616700    2.32%          x.4.49 D  17638  17637     25
  18123 15950      347.6255    57      353.2021      345.0362   632334    2.31%         x.23.41 D  18123  18122     44
  18656 16427      350.9022    54      353.2021      345.0433   647086    2.31%         x.28.19 D  18656  18655     97
  19181 16885      346.4555    69      353.2021      345.0569   661194    2.31%         x.30.40 D  19181  19180     32
  19730 17390      349.8543    51      353.2021      345.0724   675299    2.30%         x.23.15 N  19730  19729    107
  20230 17820      351.6338    49      353.2021      345.0852   689126    2.30%          x.4.46 D  20230  20229     94
  20760 18273      347.3310    67      353.2021      345.0983   704388    2.29%         x.21.40 D  20760  20759     18
Elapsed time = 133.19 sec. (169376.98 ticks, tree = 643.88 MB, solutions = 11)
  21180 18648      352.4514    47      353.2021      345.1054   719169    2.29%         x.11.32 N  21180  21179     85
  21690 19084      352.1541    47      353.2021      345.1203   732412    2.29%         x.48.41 N  21690  21689     77
  22179 19482      346.9891    65      353.2021      345.1672   747885    2.27%         x.23.13 U  22179   6811     16
  22636 19886      347.0778    65      353.2021      345.1758   762592    2.27%         x.39.40 D  22636  22635     17
  23050 20221      349.9023    67      353.2021      345.2001   778772    2.27%         x.19.40 D  23050  23049     25
  23490 20603      348.5131    59      353.2021      345.2128   794155    2.26%         x.24.23 D  23490  23489     53
  24012 21072      346.9310    66      353.2021      345.2274   808790    2.26%         x.32.40 D  24012  24011     15
  24548 21550      352.7585    73      353.2021      345.2391   824051    2.25%         x.48.40 N  24548  17883     11
  25016 21960      351.0938    57      353.2021      345.2466   838473    2.25%          x.7.42 D  25016  25015     67
  25467 22335      349.5563    59      353.2021      345.2646   853009    2.25%          x.23.9 D  25467  25466     62
Elapsed time = 163.37 sec. (207595.41 ticks, tree = 813.15 MB, solutions = 11)
  25932 22730      350.3755    60      353.2021      345.2771   868253    2.24%         x.23.40 D  25932  25931     23
  26430 23163      351.4727    53      353.2021      345.2886   882848    2.24%          x.5.31 U  26430  26429     61
  26913 23555      346.2530    70      353.2021      345.3071   897294    2.24%         x.41.32 D  26913  26912     28
  27363 23939      348.5780    66      353.2021      345.3178   912615    2.23%          x.8.32 D  27363  27362     32
  27800 24321      352.8299    63      353.2021      345.3250   927798    2.23%         x.47.32 D  27800  27799     26
  28304 24760      351.6531    46      353.2021      345.3319   941894    2.23%         x.19.13 N  28304  28303     83
  28766 25142      347.7935    69      353.2021      345.3476   956587    2.22%         x.26.32 U  28766  10638     15
  29203 25526      346.9988    47      353.2021      345.3545   970427    2.22%         x.43.29 D  29203  29202     39
  29690 25957      348.4028    52      353.2021      345.3624   984800    2.22%         x.23.13 D  29690  29689     69
  30123 26319      350.9230    53      353.2021      345.3714   999916    2.22%         x.23.25 D  30123  30122     51
Elapsed time = 193.45 sec. (245817.21 ticks, tree = 983.40 MB, solutions = 11)
  30578 26699      346.9662    66      353.2021      345.3823  1014845    2.21%         x.16.40 D  30578  30577     21
  31029 27080      351.5734    55      353.2021      345.3925  1028936    2.21%          x.12.4 U  31029  31028    100
  31477 27463      347.2509    66      353.2021      345.4071  1043291    2.21%          x.2.32 N  31477  31476     39
  31939 27860      350.1349    58      353.2021      345.4172  1057255    2.20%         x.24.32 D  31939  31938     44
  32410 28257      351.8541    44      353.2021      345.4248  1071838    2.20%         x.43.20 D  32410  32409     65
  32816 28571      346.9761    61      353.2021      345.4451  1086536    2.20%         x.16.40 D  32816  32815     23
  33212 28890      351.4143    61      353.2021      345.4526  1100141    2.19%         x.15.36 D  33212  33209     36
  33670 29269      350.7579    55      353.2021      345.4598  1113585    2.19%          x.5.47 D  33670  33669     81
  34169 29677      348.8983    52      353.2021      345.4719  1127444    2.19%           x.0.7 U  34169  34168     64
  34598 30045      349.2701    66      353.2021      345.4839  1141861    2.19%         x.18.40 D  34598  34597     29
Elapsed time = 223.63 sec. (284058.33 ticks, tree = 1147.28 MB, solutions = 11)
  35070 30447      351.9338    50      353.2021      345.4927  1155588    2.18%         x.48.41 D  35070  35069     61
  35522 30823      349.2392    72      353.2021      345.5027  1169947    2.18%          x.34.9 N  35522  35521     32
  35940 31190      352.8210    43      353.2021      345.5080  1184181    2.18%           x.6.9 D  35940  35939     81
  36370 31539      348.3394    73      353.2021      345.5171  1199061    2.18%         x.26.32 D  36370  36369     24
  36813 31884      347.0272    63      353.2021      345.5270  1213198    2.17%         x.23.40 D  36813  36812     17
  37303 32308      346.7724    65      353.2021      345.5364  1227119    2.17%          x.2.32 D  37303  37302     36
  37720 32647      350.5557    67      353.2021      345.5442  1240967    2.17%         x.47.32 D  37720  37719     33
  38160 33008        cutoff            353.2021      345.5575  1255164    2.16%         x.28.42 U  38160  38158     51
  38600 33374        cutoff            353.2021      345.5686  1268440    2.16%          x.16.4 U  38600  38598     93
  39060 33765      349.3495    60      353.2021      345.5772  1282836    2.16%         x.49.32 D  39060  39059     37
Elapsed time = 253.65 sec. (322279.39 ticks, tree = 1316.12 MB, solutions = 11)
  39460 34081      350.2588    69      353.2021      345.5881  1297466    2.16%         x.37.48 U  39460  39459     39
  39888 34436      349.2810    68      353.2021      345.5957  1312453    2.15%          x.2.32 N  39888  39484     27
  40315 34775      349.7362    63      353.2021      345.6038  1326290    2.15%         x.16.32 D  40315  40314     41
  40728 35121      349.9768    61      353.2021      345.6100  1339704    2.15%         x.24.35 D  40728  40727     39
  41120 35452      348.8946    62      353.2021      345.6165  1352707    2.15%         x.49.40 D  41120  41119     25
  41507 35764      347.5603    64      353.2021      345.6263  1366215    2.14%         x.23.40 U  41507  17058     19
  41950 36143      348.3021    51      353.2021      345.6370  1380169    2.14%         x.11.32 D  41950  41949     47
  42370 36485      350.6347    62      353.2021      345.6479  1394386    2.14%          x.2.15 D  42370  42369     44
  42822 36858      352.8874    52      353.2021      345.6586  1408535    2.14%          x.28.0 U  42822  42821     83
  43283 37238      346.7112    63      353.2021      345.6617  1422671    2.13%          x.24.5 N  43283   2480     17
Elapsed time = 283.87 sec. (360535.89 ticks, tree = 1474.98 MB, solutions = 11)
  43777 37659      351.3344    45      353.2021      345.6685  1436199    2.13%          x.0.23 D  43777  43776     86
  44200 38004      351.5598    66      353.2021      345.6756  1450781    2.13%          x.8.32 D  44200  44199     37
  44630 38360      352.6230    65      353.2021      345.6825  1464621    2.13%          x.5.15 D  44630  44629     69
  45057 38707      352.2270    62      353.2021      345.6912  1478368    2.13%          x.43.0 N  45057  45056     57
  45499 39075      350.5961    64      353.2021      345.6985  1492351    2.12%          x.24.5 U  45499  45498     45
  45913 39417      350.8099    63      353.2021      345.7061  1505768    2.12%         x.10.35 D  45913  45912     37
  46330 39746      347.6034    57      353.2021      345.7152  1520001    2.12%          x.2.32 D  46330  46329     44
  46770 40101      346.5698    70      353.2021      345.7213  1533645    2.12%          x.0.40 D  46770  46769     22
  47150 40405      348.9600    67      353.2021      345.7294  1547479    2.12%         x.30.40 D  47150  47149     12
  47577 40740      347.5377    72      353.2021      345.7342  1561690    2.11%         x.23.40 D  47577  47576     10
Elapsed time = 314.36 sec. (398771.36 ticks, tree = 1637.12 MB, solutions = 11)
  47999 41089      351.4792    64      353.2021      345.7407  1575120    2.11%          x.11.0 D  47999  47998     40
  48424 41447      352.3409    54      353.2021      345.7444  1588582    2.11%          x.44.1 D  48424  48423     65
  48820 41771      352.3237    55      353.2021      345.7504  1603178    2.11%          x.43.0 D  48820  48819     44
  49241 42115      348.9966    63      353.2021      345.7579  1617596    2.11%         x.33.32 D  49241  49240     40
  49650 42423      350.0125    69      353.2021      345.7648  1631346    2.11%         x.37.48 U  49650  49649     36
  50044 42746      352.4426    62      353.2021      345.7702  1645420    2.10%         x.23.27 U  50044  50042     41
  50460 43098        cutoff            353.2021      345.7755  1659075    2.10%         x.49.35 U  50460  50458     64
  50881 43440      346.7258    65      353.2021      345.7828  1672884    2.10%         x.39.40 D  50881  50880     34
  51320 43819      351.0738    61      353.2021      345.7872  1686042    2.10%         x.23.28 D  51320  51319     46
  51767 44199      352.1352    65      353.2021      345.7974  1699569    2.10%         x.33.32 U  51767  51765     39
Elapsed time = 344.55 sec. (436995.28 ticks, tree = 1799.33 MB, solutions = 11)
  52150 44496      346.6996    69      353.2021      345.8042  1713817    2.09%          x.0.40 D  52150  52149     25
  52580 44852      348.2899    70      353.2021      345.8106  1727772    2.09%          x.4.40 U  52580  15492     17
  53029 45216      352.1646    61      353.2021      345.8154  1741801    2.09%          x.24.5 N  53029  53028     55
  53426 45520      350.0754    64      353.2021      345.8218  1755779    2.09%          x.8.32 D  53426  53425     49
  53863 45883      352.5404    58      353.2021      345.8247  1768739    2.09%         x.38.14 N  53863  53862     82
  54275 46208      350.2279    70      353.2021      345.8315  1782462    2.09%         x.37.48 U  54275  54274     35
  54728 46562      347.5402    71      353.2021      345.8369  1794708    2.09%          x.2.32 D  54728  54727     32
  55160 46908      349.9152    56      353.2021      345.8433  1808343    2.08%          x.34.9 D  55160  55159     51
  55600 47239      348.2741    59      353.2021      345.8577  1822427    2.08%         x.47.32 D  55600  55599     47
  56027 47564      350.5119    62      353.2021      345.8655  1836089    2.08%          x.0.40 D  56027  56026     32
Elapsed time = 374.59 sec. (475510.70 ticks, tree = 1959.31 MB, solutions = 11)
  56408 47864      350.1618    64      353.2021      345.8691  1849667    2.08%         x.49.32 D  56408  56407     48
  56828 48197      349.5730    70      353.2021      345.8742  1861789    2.07%          x.0.40 D  56828  56827     26
  57258 48524      351.0069    65      353.2021      345.8795  1875330    2.07%         x.34.49 D  57258  57257     44
  57700 48850      350.9751    63      353.2021      345.8867  1889473    2.07%          x.5.15 D  57700  57699     42
  58118 49185      352.1211    53      353.2021      345.8930  1903014    2.07%         x.12.35 D  58118  58117     52
  58545 49533      346.2014    70      353.2021      345.8968  1916680    2.07%          x.5.31 U  58545   6583     38
  58959 49864      351.1588    72      353.2021      345.9008  1928889    2.07%         x.24.15 D  58959  58958     72
  59390 50175      346.6165    68      353.2021      345.9080  1941863    2.07%          x.4.40 D  59390  59389     32
  59807 50509      348.8713    60      353.2021      345.9143  1954505    2.06%          x.2.32 N  59807  59806     26
  60226 50847      349.2627    52      353.2021      345.9196  1967886    2.06%         x.23.24 D  60226  60225     55
Elapsed time = 405.33 sec. (513722.82 ticks, tree = 2117.32 MB, solutions = 11)
Nodefile size = 69.50 MB (68.86 MB after compression)
  60659 51199      351.0073    75      353.2021      345.9258  1980549    2.06%          x.11.0 D  60659  60658     44
  61063 51532      350.8627    61      353.2021      345.9293  1994211    2.06%         x.40.22 U  61063  61062     82
  61477 51844      350.7962    56      353.2021      345.9363  2007679    2.06%         x.40.22 U  61477  61475     48
  61909 52185      349.0894    69      353.2021      345.9416  2020228    2.06%         x.48.40 D  61909  61908     14
  62322 52508      348.1365    59      353.2021      345.9470  2033843    2.05%         x.23.40 U  62322  21117     23
  62740 52842      351.5192    74      353.2021      345.9515  2046526    2.05%         x.11.13 N  62740  62739     37
  63160 53172      347.0633    60      353.2021      345.9555  2059001    2.05%         x.46.19 U  63160  14698     35
  63591 53505      346.9529    61      353.2021      345.9594  2071926    2.05%         x.22.29 D  63591  63590     30
  64000 53845      352.9961    64      353.2021      345.9631  2084411    2.05%          x.24.5 U  64000  63999     48
  64404 54146        cutoff            353.2021      345.9676  2096535    2.05%         x.48.40 U  64404  64403     14
Elapsed time = 437.15 sec. (551952.59 ticks, tree = 2277.37 MB, solutions = 11)
Nodefile size = 230.27 MB (228.39 MB after compression)
  64800 54468      346.4593    68      353.2021      345.9725  2108610    2.05%         x.39.40 D  64800  64799     27
  65226 54824      351.8477    59      353.2021      345.9753  2121219    2.05%         x.12.32 D  65226  65225     58
  65600 55103      348.4230    66      353.2021      345.9810  2133555    2.04%         x.39.40 U  65600  44533     24
  66034 55463      352.9814    56      353.2021      345.9847  2145549    2.04%          x.0.35 U  66034  66032     84
  66450 55796      349.0806    62      353.2021      345.9904  2158020    2.04%          x.23.0 D  66450  66449     61
  66873 56137      351.7503    63      353.2021      345.9963  2170653    2.04%          x.24.5 U  66873  66872     69
  67290 56459      347.7810    63      353.2021      346.0003  2183822    2.04%         x.34.27 D  67290  67289     28
  67689 56770      350.7538    56      353.2021      346.0072  2196574    2.04%           x.0.0 D  67689  67688     79
  68110 57090      351.7645    56      353.2021      346.0132  2209261    2.04%         x.23.43 D  68110  68109     54
  68550 57440      350.2569    68      353.2021      346.0186  2222139    2.03%         x.19.40 D  68550  68549     54
Elapsed time = 469.84 sec. (590331.80 ticks, tree = 2439.33 MB, solutions = 11)
Nodefile size = 392.04 MB (389.13 MB after compression)
  68977 57789      350.6277    63      353.2021      346.0233  2234078    2.03%         x.20.35 D  68977  68976     40
  69357 58063      347.2753    68      353.2021      346.0308  2246822    2.03%         x.39.40 D  69357  69356     26
  69778 58406        cutoff            353.2021      346.0335  2260394    2.03%         x.46.19 U  69778  69776     39
  70170 58727      350.3077    58      353.2021      346.0365  2273002    2.03%         x.11.32 D  70170  70169     67
  70551 59015      351.1185    60      353.2021      346.0404  2286128    2.03%         x.36.22 U  70551  70550     66
  70974 59343      351.1006    68      353.2021      346.0447  2298516    2.03%         x.23.13 D  70974  70973     51
  71382 59674      351.4702    57      353.2021      346.0506  2311066    2.02%         x.33.32 D  71382  71381     61
  71790 59985      351.5633    70      353.2021      346.0548  2324210    2.02%         x.19.40 D  71790  71789     33
  72197 60322        cutoff            353.2021      346.0595  2336410    2.02%         x.11.32 D  72197  72196     42
  72634 60654      347.5761    65      353.2021      346.0627  2348175    2.02%         x.23.13 U  72634   2023     10
Elapsed time = 501.57 sec. (628521.93 ticks, tree = 2598.80 MB, solutions = 11)
Nodefile size = 551.36 MB (547.44 MB after compression)
  73051 60978      348.1180    74      353.2021      346.0686  2361191    2.02%         x.16.40 U  73051  53582     16
  73445 61269      347.8076    62      353.2021      346.0735  2374211    2.02%         x.15.36 D  73445   8443     36
  73843 61597      351.1350    62      353.2021      346.0788  2386758    2.02%          x.4.12 U  73843  73842     67
  74275 61940      351.1548    69      353.2021      346.0822  2399676    2.02%         x.26.32 D  74275  74274     31
  74713 62273      349.4508    69      353.2021      346.0861  2412242    2.01%          x.2.32 D  74713  74712     23
  75085 62556      348.5623    64      353.2021      346.0900  2425436    2.01%         x.49.35 D  75085  75084     48
  75479 62874      349.6300    68      353.2021      346.0933  2438557    2.01%         x.48.40 D  75479  75478     17
  75910 63228      352.4152    51      353.2021      346.0976  2450752    2.01%         x.38.35 D  75910  75909     77
  76276 63516      352.9278    52      353.2021      346.1016  2462332    2.01%         x.39.32 D  76276  76275     57
  76650 63812      350.8544    56      353.2021      346.1082  2474272    2.01%         x.23.35 U  76650  76648     38
Elapsed time = 533.56 sec. (666789.22 ticks, tree = 2757.05 MB, solutions = 11)
Nodefile size = 709.60 MB (704.84 MB after compression)
  77090 64135        cutoff            353.2021      346.1125  2485334    2.01%         x.42.35 D  77090  77089     69
  77473 64417      351.9428    60      353.2021      346.1176  2497693    2.01%         x.16.32 D  77473  77472     51
  77849 64716      349.2485    61      353.2021      346.1222  2510702    2.00%         x.41.32 D  77849  77848     40
  78269 65069      351.4197    69      353.2021      346.1286  2523543    2.00%          x.0.35 N  78269  78267     37
  78709 65409      349.2725    63      353.2021      346.1324  2535712    2.00%         x.34.34 U  78709  78708     68
  79152 65768      351.4727    59      353.2021      346.1353  2548271    2.00%         x.11.32 D  79152  79151     52
  79615 66137      347.4549    67      353.2021      346.1397  2560273    2.00%         x.49.35 D  79615  79614     39
  80011 66428        cutoff            353.2021      346.1438  2572067    2.00%         x.24.35 D  80011  80010     41
  80407 66739      353.0159    69      353.2021      346.1482  2584438    2.00%         x.39.40 U  80407  13881     20
  80813 67046      350.7118    73      353.2021      346.1514  2595885    2.00%          x.0.40 D  80813  80812     24
Elapsed time = 565.06 sec. (705014.16 ticks, tree = 2920.92 MB, solutions = 11)
Nodefile size = 872.93 MB (867.32 MB after compression)
  81218 67370      350.2982    60      353.2021      346.1570  2608455    1.99%         x.12.32 D  81218  81217     62
  81692 67767      352.5783    41      353.2021      346.1621  2619445    1.99%         x.39.32 D  81692  81691    102
  82100 68113      350.0018    58      353.2021      346.1652  2631883    1.99%         x.24.23 D  82100  82099     42
  82540 68469      352.3212    63      353.2021      346.1689  2644482    1.99%         x.16.40 D  82540  82539     71
  82936 68786      346.8832    70      353.2021      346.1718  2655677    1.99%         x.21.40 D  82936  82935     21
  83351 69116      349.5782    60      353.2021      346.1748  2668588    1.99%         x.23.35 D  83351  83350     43
  83763 69426      348.0021    63      353.2021      346.1792  2681180    1.99%          x.2.32 D  83763  83762     25
  84163 69762      350.2550    67      353.2021      346.1816  2693799    1.99%         x.49.40 D  84163  84162     26
  84581 70074      350.6246    63      353.2021      346.1859  2705682    1.99%         x.24.19 D  84581  84580     44
  85057 70470      347.2917    64      353.2021      346.1880  2716900    1.99%         x.32.40 D  85057  85056     23
Elapsed time = 596.95 sec. (743243.62 ticks, tree = 3095.94 MB, solutions = 11)
Nodefile size = 1048.75 MB (1042.16 MB after compression)
  85453 70781      350.7317    59      353.2021      346.1916  2729415    1.98%         x.49.32 D  85453  85452     68
  85877 71119      351.9398    67      353.2021      346.1948  2741138    1.98%         x.24.43 N  85877  85876     74
  86279 71414      352.8476    62      353.2021      346.1985  2752796    1.98%         x.39.40 U  86279  17528     20
  86697 71734      350.3504    74      353.2021      346.2042  2764227    1.98%         x.19.40 D  86697  86696     34
  87095 72037      348.0819    67      353.2021      346.2073  2776527    1.98%         x.23.35 D  87095  87094     35
  87537 72388      350.6444    50      353.2021      346.2110  2788773    1.98%         x.11.32 D  87537  87536     78
  87907 72685      351.5457    65      353.2021      346.2136  2800495    1.98%          x.5.31 D  87907  87906     75
  88324 73009      351.1891    65      353.2021      346.2174  2811782    1.98%         x.34.48 D  88324  88323     74
  88755 73351      350.6923    86      353.2021      346.2220  2824465    1.98%         x.41.32 D  88755  88754     26
  89200 73713      347.7550    65      353.2021      346.2262  2835301    1.98%         x.16.32 D  89200  89199     34
Elapsed time = 629.02 sec. (781758.44 ticks, tree = 3263.40 MB, solutions = 11)
Nodefile size = 1215.90 MB (1208.51 MB after compression)
  89640 74064      351.5975    69      353.2021      346.2289  2846734    1.97%         x.49.29 D  89640  89639     18
  90020 74330        cutoff            353.2021      346.2363  2859903    1.97%          x.41.0 D  90020  90018     60
  90424 74653      349.2145    63      353.2021      346.2397  2871901    1.97%         x.34.34 U  90424  90423     77
  90844 74975      353.0838    62      353.2021      346.2445  2884045    1.97%         x.25.35 D  90844  90843     73
  91254 75294      352.8874    62      353.2021      346.2506  2895435    1.97%          x.40.0 N  91254  91253     51
  91607 75562      351.0471    64      353.2021      346.2551  2907485    1.97%         x.20.35 D  91607  91606     29
  92012 75893      349.1110    65      353.2021      346.2592  2919764    1.97%          x.8.32 D  92012  92011     44
  92400 76194      346.8423    61      353.2021      346.2633  2932254    1.96%         x.45.29 D  92400  92399     42
  92802 76521      350.9101    63      353.2021      346.2654  2943755    1.96%         x.23.19 D  92802  92801     60
  93285 76918      351.1139    60      353.2021      346.2686  2954965    1.96%         x.23.13 D  93285  93283     28
Elapsed time = 661.02 sec. (820038.50 ticks, tree = 3430.20 MB, solutions = 11)
Nodefile size = 1383.17 MB (1374.91 MB after compression)
  93692 77224      349.2501    66      353.2021      346.2752  2966643    1.96%         x.16.40 D  93692  93691     39
  94135 77589      351.1311    63      353.2021      346.2797  2977701    1.96%         x.34.49 D  94135  94134     51
  94610 77992      351.1475    63      353.2021      346.2845  2989157    1.96%           x.4.2 D  94610  94609     52
  95007 78303      347.7372    69      353.2021      346.2875  3000730    1.96%         x.15.36 D  95007   8810     43
  95444 78650      352.0096    64      353.2021      346.2907  3011803    1.96%         x.24.32 N  95444  95443     78
  95820 78938      347.6120    67      353.2021      346.2949  3023707    1.96%         x.23.40 D  95820  95819     21
  96199 79250      347.3630    61      353.2021      346.2985  3035895    1.95%         x.48.40 D  96199  96198     10
  96591 79532      352.9920    64      353.2021      346.3023  3047837    1.95%         x.39.40 U  96591  17240     30
  96986 79835      351.5353    60      353.2021      346.3059  3059628    1.95%          x.40.0 N  96986  96985     56
  97355 80142      350.4981    54      353.2021      346.3088  3069595    1.95%         x.12.32 D  97355  97354     58
Elapsed time = 693.14 sec. (858257.79 ticks, tree = 3599.62 MB, solutions = 11)
Nodefile size = 1551.87 MB (1542.88 MB after compression)
  97745 80448      352.9616    46      353.2021      346.3113  3081134    1.95%         x.48.41 D  97745  97744     60
  98137 80761      350.8492    61      353.2021      346.3155  3093020    1.95%         x.24.35 D  98137  98135     41
  98500 81032      352.0645    52      353.2021      346.3212  3104513    1.95%           x.0.7 U  98500  98499     61
  98877 81325      349.3999    67      353.2021      346.3238  3115933    1.95%         x.19.40 D  98877  98876     28
  99238 81618      351.9588    59      353.2021      346.3260  3127210    1.95%         x.23.35 U  99238  99236     28
  99665 81930      347.6669    67      353.2021      346.3302  3139391    1.95%         x.34.27 U  99665  63713     31
 100050 82231      347.0740    62      353.2021      346.3334  3151524    1.94%         x.22.29 D 100050 100049     16
 100473 82560      350.6032    69      353.2021      346.3380  3163597    1.94%         x.23.19 D 100473 100472     48
 100897 82878      350.6383    74      353.2021      346.3414  3175357    1.94%         x.23.16 D 100897 100896     37
 101352 83246      348.4989    71      353.2021      346.3450  3186844    1.94%         x.26.32 D 101352 101351     35
Elapsed time = 725.17 sec. (896491.65 ticks, tree = 3764.45 MB, solutions = 11)
Nodefile size = 1717.31 MB (1707.59 MB after compression)
 101749 83550      347.1130    62      353.2021      346.3480  3199655    1.94%         x.23.35 D 101749 101748     34
 102138 83835      350.8925    57      353.2021      346.3539  3211889    1.94%         x.49.35 D 102138 102137     41
 102532 84145      351.9424    62      353.2021      346.3584  3223496    1.94%         x.49.32 D 102532 102531     57
 102959 84479        cutoff            353.2021      346.3608  3234957    1.94%         x.23.35 D 102959 102958     28
 103358 84787      352.0721    63      353.2021      346.3636  3247300    1.94%          x.5.31 D 103358 103357     74
 103769 85095      351.6212    69      353.2021      346.3675  3258951    1.94%         x.12.32 D 103769 103768     40
 104130 85382      352.9913    71      353.2021      346.3708  3271349    1.93%         x.49.32 U 104130 104127     43
 104570 85722      351.0989    68      353.2021      346.3730  3282668    1.93%          x.6.32 D 104570 104569     34
 104986 86035      349.6633    68      353.2021      346.3760  3294342    1.93%         x.41.32 D 104986 104985     29
 105398 86364      352.5583    59      353.2021      346.3793  3306119    1.93%         x.39.40 U 105398  39765     32
Elapsed time = 757.04 sec. (934723.02 ticks, tree = 3931.20 MB, solutions = 11)
Nodefile size = 1884.06 MB (1873.45 MB after compression)
 105840 86723      352.5873    61      353.2021      346.3838  3317774    1.93%         x.23.13 N 105840 105839     25
 106227 87021      349.5593    68      353.2021      346.3866  3329449    1.93%         x.24.35 D 106227 106226     30
 106644 87348      347.6278    69      353.2021      346.3893  3340036    1.93%          x.6.32 D 106644 106643     64
 107060 87697      351.2076    66      353.2021      346.3922  3351852    1.93%         x.16.32 D 107060 107059     28
 107440 87981      350.4991    70      353.2021      346.3955  3363885    1.93%         x.23.25 D 107440 107439     52
 107858 88325      348.2924    58      353.2021      346.3981  3375441    1.93%         x.23.43 D 107858 107857     42
 108310 88705      349.5582    63      353.2021      346.4026  3386552    1.93%         x.12.32 D 108310 108309     55
 108705 89023      347.4445    66      353.2021      346.4052  3398032    1.92%          x.0.40 D 108705 108704     27
 109059 89294      347.4108    70      353.2021      346.4084  3410015    1.92%         x.23.35 D 109059 109058     23
 109444 89594      348.4200    55      353.2021      346.4121  3422080    1.92%         x.20.35 N 109444 109443     32
Elapsed time = 789.18 sec. (972956.92 ticks, tree = 4105.27 MB, solutions = 11)
Nodefile size = 2057.67 MB (2046.25 MB after compression)
 109877 89936      352.2778    69      353.2021      346.4156  3433746    1.92%         x.23.35 D 109877 109876     24
 110289 90244      352.1759    52      353.2021      346.4180  3444396    1.92%         x.12.32 D 110289 110288     51
 110702 90573      350.5454    66      353.2021      346.4201  3454981    1.92%         x.10.35 D 110702 110701     31
 111113 90889        cutoff            353.2021      346.4235  3467309    1.92%         x.12.32 U 111113 111110     32
 111544 91230      348.9043    60      353.2021      346.4262  3478347    1.92%         x.23.25 D 111544 111543     44
 111947 91546      351.6027    71      353.2021      346.4283  3489741    1.92%          x.0.40 D 111947 111946     31
 112390 91875      350.0424    58      353.2021      346.4322  3501229    1.92%         x.23.33 D 112390 112389     64
 112820 92246      352.6705    49      353.2021      346.4350  3511712    1.92%          x.16.4 D 112820 112819     74
 113217 92560      349.3969    62      353.2021      346.4377  3523336    1.92%          x.4.49 D 113217 113215     35
 113598 92852      348.0404    54      353.2021      346.4408  3535856    1.91%          x.2.32 D 113598 113597     46
Elapsed time = 821.32 sec. (1011174.31 ticks, tree = 4281.87 MB, solutions = 11)
Nodefile size = 2234.18 MB (2221.63 MB after compression)
 114028 93186      347.9862    55      353.2021      346.4451  3546915    1.91%          x.2.32 D 114028 114027     46
 114450 93498        cutoff            353.2021      346.4482  3557551    1.91%          x.8.32 U 114450 114448     49
 114848 93797      350.2534    67      353.2021      346.4499  3568622    1.91%          x.34.9 D 114848 114847     43
 115279 94135      350.4602    61      353.2021      346.4531  3580276    1.91%         x.30.40 D 115279 115278     36
 115626 94393      352.1925    68      353.2021      346.4556  3590700    1.91%         x.19.40 D 115626 115625     33
 116013 94700        cutoff            353.2021      346.4586  3602037    1.91%         x.16.32 U 116013 116011     38
 116390 94976      350.9473    58      353.2021      346.4627  3614340    1.91%         x.22.29 D 116390 116389     37
 116798 95290      346.5542    58      353.2021      346.4656  3625629    1.91%          x.5.31 U 116798  21123     29
 117220 95616      351.1410    75      353.2021      346.4688  3636786    1.91%         x.24.35 D 117220 117219     32
 117600 95919      350.8824    64      353.2021      346.4730  3648682    1.91%         x.45.29 D 117600 117599     28
Elapsed time = 853.28 sec. (1049448.58 ticks, tree = 4449.38 MB, solutions = 11)
Nodefile size = 2401.81 MB (2388.39 MB after compression)
 117963 96184      350.9219    66      353.2021      346.4755  3661257    1.90%         x.22.29 D 117963 117962     31
 118383 96504      349.5612    64      353.2021      346.4788  3672672    1.90%         x.23.42 D 118383 118382     56
 118777 96791      352.9246    60      353.2021      346.4814  3684713    1.90%         x.33.32 U 118777 118775     74
 119175 97092      349.6303    66      353.2021      346.4832  3696493    1.90%         x.21.40 D 119175 119174     25
 119520 97374      350.5671    58      353.2021      346.4858  3707508    1.90%         x.36.22 U 119520 119519     51
 119958 97731      352.7841    53      353.2021      346.4880  3718723    1.90%          x.36.8 D 119958 119957     62
 120362 98040      350.5766    68      353.2021      346.4898  3730094    1.90%          x.23.5 D 120362 120361     38
 120800 98377      351.3418    53      353.2021      346.4922  3741479    1.90%          x.8.42 D 120800 120799     55
 121199 98689      351.0074    67      353.2021      346.4953  3752953    1.90%          x.4.40 D 121199 121198     28
 121600 98984      347.1517    66      353.2021      346.4980  3763962    1.90%         x.49.29 U 121600  35619     33
Elapsed time = 885.34 sec. (1087711.02 ticks, tree = 4617.64 MB, solutions = 11)
Nodefile size = 2570.44 MB (2556.12 MB after compression)
 122013 99306      351.9531    56      353.2021      346.5014  3775624    1.90%         x.37.39 D 122013 122012     45
 122400 99601      351.4726    65      353.2021      346.5032  3787621    1.90%         x.24.35 D 122400 122399     36
 122800 99908      350.8327    65      353.2021      346.5067  3798446    1.90%          x.34.2 D 122800 122799     31
 123173 100186        cutoff            353.2021      346.5096  3810607    1.89%         x.38.35 U 123173 123171     56
 123591 100531      349.9782    53      353.2021      346.5129  3821734    1.89%          x.11.0 D 123591 123590     52
 123970 100822      350.3794    70      353.2021      346.5160  3833935    1.89%          x.0.40 D 123970 123969     27
 124374 101149      349.8594    51      353.2021      346.5173  3844418    1.89%         x.16.32 D 124374 124373     40
 124760 101457      352.6322    65      353.2021      346.5200  3855686    1.89%         x.33.32 D 124760 124759     41
 125200 101806      350.6430    66      353.2021      346.5235  3866436    1.89%         x.11.32 D 125200 125199     48
 125588 102100      347.3557    62      353.2021      346.5277  3878508    1.89%         x.30.40 U 125588  92274     23
Elapsed time = 917.34 sec. (1126071.27 ticks, tree = 4789.29 MB, solutions = 11)
Nodefile size = 2741.88 MB (2726.40 MB after compression)
 125984 102432      352.0400    67      353.2021      346.5286  3890232    1.89%         x.36.22 D 125984 125983     60
 126356 102718      350.5775    63      353.2021      346.5326  3901348    1.89%          x.4.49 U 126356 126355     22
 126734 103017      351.8786    56      353.2021      346.5350  3913047    1.89%          x.24.0 D 126734 126733     77
 127112 103307      351.0494    60      353.2021      346.5376  3924490    1.89%         x.33.32 D 127112 127111     62
 127511 103624      350.5199    62      353.2021      346.5405  3935778    1.89%         x.43.29 D 127511 127510     43
 127904 103929      351.7574    70      353.2021      346.5419  3947931    1.89%         x.46.35 D 127904 127903     35
 128286 104234      351.2105    56      353.2021      346.5436  3959512    1.89%           x.0.7 U 128286 128285     59
 128671 104528      351.8012    59      353.2021      346.5475  3971308    1.88%          x.6.32 N 128671 128670     37
 129050 104826      352.0986    71      353.2021      346.5499  3982785    1.88%          x.11.0 N 129050 129049     43
 129491 105164      351.0563    55      353.2021      346.5529  3993473    1.88%         x.23.28 U 129491 129490     38
Elapsed time = 949.29 sec. (1164278.77 ticks, tree = 4958.60 MB, solutions = 11)
Nodefile size = 2910.78 MB (2894.39 MB after compression)
 129870 105458      349.3236    59      353.2021      346.5555  4003794    1.88%          x.2.32 N 129870 129869     50
 130287 105803        cutoff            353.2021      346.5587  4014329    1.88%         x.48.41 U 130287 130286     56
 130672 106093      348.5796    65      353.2021      346.5612  4026498    1.88%         x.23.35 N 130672  85791     33
 131054 106397        cutoff            353.2021      346.5631  4037788    1.88%         x.25.35 D 131054 131053     74
 131413 106685      347.6326    59      353.2021      346.5649  4049610    1.88%         x.39.40 D 131413 131412     18
 131827 107002      349.5069    69      353.2021      346.5672  4060603    1.88%         x.18.40 D 131827 131826     45
 132175 107273      348.9635    68      353.2021      346.5686  4072157    1.88%          x.6.32 D 132175 132174     32
 132580 107607      351.5447    60      353.2021      346.5707  4083603    1.88%         x.26.19 D 132580 132579     48
 132954 107901      348.2637    64      353.2021      346.5750  4094878    1.88%         x.22.29 D 132954 132953     37
 133328 108190      350.3062    70      353.2021      346.5774  4106169    1.88%         x.23.35 D 133328 133327     36
Elapsed time = 981.38 sec. (1202495.81 ticks, tree = 5126.80 MB, solutions = 11)
Nodefile size = 3078.83 MB (3061.58 MB after compression)
 133710 108462      348.9207    65      353.2021      346.5802  4117720    1.87%          x.23.5 D 133710 133709     37
 134101 108762      349.1189    60      353.2021      346.5827  4129631    1.87%         x.26.32 U 134101  71822     28
 134525 109108      349.2765    65      353.2021      346.5860  4140275    1.87%         x.24.35 D 134525 134524     26
 134940 109426      348.9887    59      353.2021      346.5883  4151807    1.87%         x.47.32 D 134940 134939     34
 135327 109717      350.9531    64      353.2021      346.5903  4163540    1.87%         x.21.40 D 135327 135326     31
 135717 110015        cutoff            353.2021      346.5922  4174859    1.87%         x.16.40 U 135717 135715     28
 136134 110351      350.2061    69      353.2021      346.5939  4186114    1.87%         x.23.35 D 136134 136133     31
 136546 110674      348.0289    70      353.2021      346.5976  4197835    1.87%         x.24.29 U 136546  20503     31
 136926 110977      349.8199    62      353.2021      346.6007  4208983    1.87%         x.21.40 D 136926 136925     34
 137303 111250      348.4297    63      353.2021      346.6036  4220044    1.87%         x.37.48 U 137303 137302     51
Elapsed time = 1013.45 sec. (1240726.61 ticks, tree = 5297.92 MB, solutions = 11)
Nodefile size = 3250.42 MB (3232.20 MB after compression)
 137726 111596      353.0415    58      353.2021      346.6051  4231392    1.87%          x.43.0 D 137726 137725     47
 138079 111864      349.6274    72      353.2021      346.6081  4243098    1.87%         x.34.38 U 138079  89185     20
 138466 112172      351.8028    53      353.2021      346.6113  4253969    1.87%          x.5.47 D 138466 138465     57
 138845 112469      352.4436    57      353.2021      346.6138  4265847    1.87%          x.5.15 D 138845 138843     68
 139243 112764      351.1222    57      353.2021      346.6149  4277008    1.86%          x.24.5 U 139243 139242     68
 139600 113008      348.0769    66      353.2021      346.6189  4288768    1.86%         x.49.35 D 139600 139599     32
 140007 113346      350.3496    62      353.2021      346.6212  4299659    1.86%         x.47.32 D 140007 140006     44
 140419 113667      350.7169    70      353.2021      346.6241  4311307    1.86%         x.23.28 D 140419 140418     42
 140800 113943      347.2941    64      353.2021      346.6295  4322354    1.86%         x.22.29 D 140800 140799     31
 141190 114244      350.7999    56      353.2021      346.6315  4333831    1.86%         x.46.35 D 141190 141189     32
Elapsed time = 1045.51 sec. (1279327.35 ticks, tree = 5465.78 MB, solutions = 11)
Nodefile size = 3418.75 MB (3399.64 MB after compression)
 141533 114505      348.2371    65      353.2021      346.6330  4344863    1.86%         x.23.13 N 141533   5778     15
 142001 114863        cutoff            353.2021      346.6356  4354891    1.86%         x.39.40 U 142001 141999     32
 142396 115166      349.8505    59      353.2021      346.6377  4366222    1.86%         x.47.32 N 142396  20011     33
 142759 115447      349.3963    77      353.2021      346.6390  4378560    1.86%         x.48.40 D 142759 142758     17
 143132 115731      351.6966    59      353.2021      346.6423  4389343    1.86%         x.37.33 D 143132 143131     56
 143485 115979      349.1812    66      353.2021      346.6452  4400209    1.86%         x.39.40 U 143485  49511     29
 143862 116302      350.8635    62      353.2021      346.6472  4411313    1.86%         x.16.32 D 143862 143861     36
 144249 116601        cutoff            353.2021      346.6503  4422929    1.85%          x.0.19 U 144249  30524     37
 144650 116897      349.5496    56      353.2021      346.6537  4434071    1.85%         x.22.29 D 144650 144649     42
 145035 117185      349.9359    67      353.2021      346.6558  4445928    1.85%         x.25.40 D 145035 145034     35
Elapsed time = 1077.41 sec. (1317585.16 ticks, tree = 5631.86 MB, solutions = 11)
Nodefile size = 3584.02 MB (3564.06 MB after compression)
 145418 117501      349.9881    71      353.2021      346.6578  4457082    1.85%         x.12.32 D 145418 145417     34
 145783 117777      351.7091    65      353.2021      346.6591  4468779    1.85%         x.23.35 D 145783 145782     32
 146195 118089      347.0621    61      353.2021      346.6620  4479742    1.85%          x.5.29 D 146195 146194     27
 146570 118374      350.1886    61      353.2021      346.6639  4490962    1.85%         x.23.28 U 146570 146569     39
 146980 118689      351.5973    51      353.2021      346.6668  4502806    1.85%         x.48.41 D 146980 146979     71
 147383 119008      350.8911    61      353.2021      346.6701  4513757    1.85%         x.34.28 U 147383 147381     27
 147763 119306        cutoff            353.2021      346.6727  4524886    1.85%          x.4.12 U 147763 147762     60
 148100 119566      348.7816    61      353.2021      346.6747  4536230    1.85%         x.20.35 D 148100 148099     41
 148478 119823      352.7938    63      353.2021      346.6785  4547903    1.85%         x.23.28 D 148478 148477     27
 148870 120104      347.4016    70      353.2021      346.6823  4559055    1.85%         x.49.29 U 148870  47071     33
Elapsed time = 1108.91 sec. (1355813.41 ticks, tree = 5797.55 MB, solutions = 11)
Nodefile size = 3749.89 MB (3729.01 MB after compression)
 149291 120446      352.3965    55      353.2021      346.6842  4569869    1.85%         x.12.32 D 149291 149290     50
 149670 120742      349.4664    67      353.2021      346.6871  4581411    1.84%         x.34.20 D 149670 149669     46
 150066 121053      351.2048    70      353.2021      346.6885  4592046    1.84%          x.2.32 U 150066 150064     21
 150474 121328      349.7835    66      353.2021      346.6912  4602466    1.84%          x.2.32 U 150474  45470     17
 150875 121657      347.9102    63      353.2021      346.6922  4613207    1.84%         x.10.35 D 150875 150874     42
 151295 121990        cutoff            353.2021      346.6943  4624492    1.84%          x.2.15 U 151295 151294     59
 151646 122269      347.9733    70      353.2021      346.6964  4636317    1.84%         x.19.40 D 151646 151645     31
 152000 122548      349.2846    54      353.2021      346.6979  4647290    1.84%         x.16.32 D 152000 151999     55
 152398 122875      348.3655    67      353.2021      346.7004  4658960    1.84%         x.21.40 D 152398 152397     22
 152817 123225      349.9626    60      353.2021      346.7027  4668624    1.84%         x.25.40 D 152817 152816     31
Elapsed time = 1141.06 sec. (1394046.22 ticks, tree = 5975.34 MB, solutions = 11)
Nodefile size = 3927.40 MB (3905.41 MB after compression)
 153190 123524      348.3267    66      353.2021      346.7039  4680116    1.84%          x.6.32 D 153190 153189     28
 153598 123839      351.8775    57      353.2021      346.7062  4691405    1.84%         x.11.13 D 153598 153597     63
 153999 124163      351.8710    60      353.2021      346.7092  4701998    1.84%         x.24.23 D 153999 153998     65
 154356 124424      349.4100    58      353.2021      346.7119  4713161    1.84%         x.23.35 D 154356 154355     42
 154704 124697      352.3464    66      353.2021      346.7137  4724894    1.84%         x.23.13 D 154704 154703     49
 155065 124989      351.1300    73      353.2021      346.7157  4736029    1.84%         x.48.40 N 155065  11606     22
 155486 125337      352.9769    58      353.2021      346.7173  4745857    1.84%          x.43.0 D 155486 155485     68
 155850 125628      351.2160    66      353.2021      346.7192  4756745    1.84%         x.34.10 D 155850 155849     62
 156270 125917      352.0010    66      353.2021      346.7210  4767861    1.83%         x.33.32 D 156270 156269     54
 156660 126230      352.3071    59      353.2021      346.7238  4778306    1.83%         x.14.32 D 156660 156659     73
Elapsed time = 1172.84 sec. (1432308.64 ticks, tree = 6147.81 MB, solutions = 11)
Nodefile size = 4100.26 MB (4077.39 MB after compression)
 157021 126509        cutoff            353.2021      346.7254  4788580    1.83%         x.34.25 U 157021 157019     45
 157387 126750      348.9517    60      353.2021      346.7285  4800654    1.83%         x.21.40 D 157387 157386     31
 157778 127053      349.5661    63      353.2021      346.7306  4810702    1.83%         x.34.34 U 157778 157777     66
 158164 127331      348.7847    71      353.2021      346.7334  4821119    1.83%         x.23.12 D 158164 158163     39
 158577 127640      348.4965    62      353.2021      346.7359  4832093    1.83%         x.45.29 U 158577  91649     39
 158950 127928      352.6651    66      353.2021      346.7379  4842128    1.83%          x.5.19 D 158950 158949     41
 159297 128176      350.4997    68      353.2021      346.7398  4853636    1.83%         x.23.35 D 159297 159296     39
 159670 128463      348.4308    66      353.2021      346.7421  4864178    1.83%         x.21.40 D 159670 159669     21
 160054 128759      353.0366    72      353.2021      346.7437  4875312    1.83%          x.6.32 D 160054 160053     30
 160400 129017      349.2145    64      353.2021      346.7454  4886657    1.83%         x.22.29 D 160400 160399     40
Elapsed time = 1204.29 sec. (1470678.10 ticks, tree = 6308.95 MB, solutions = 11)
Nodefile size = 4261.30 MB (4237.46 MB after compression)
 160767 129275      352.4674    70      353.2021      346.7475  4898403    1.83%         x.39.40 U 160767  32935     19
 161194 129593      347.2590    69      353.2021      346.7502  4908553    1.83%         x.49.29 U 161194  43701     11
 161637 129909      350.2737    62      353.2021      346.7528  4919116    1.83%         x.33.32 D 161637 161636     80
 162000 130187      349.2668    50      353.2021      346.7561  4929912    1.83%         x.20.40 D 162000 161999     51
 162400 130492      351.3846    62      353.2021      346.7579  4940664    1.82%         x.46.35 D 162400 162399     52
 162809 130811      349.6566    68      353.2021      346.7611  4951897    1.82%           x.0.7 D 162809 162808     44
 163210 131065      349.0928    61      353.2021      346.7642  4962600    1.82%         x.23.35 D 163210 163209     39
 163585 131334      350.7012    60      353.2021      346.7667  4973920    1.82%          x.5.15 D 163585 163584     62
 163980 131634      349.2112    46      353.2021      346.7692  4984814    1.82%         x.23.35 U 163980 163978     34
 164400 131950      352.5213    54      353.2021      346.7705  4995910    1.82%         x.46.35 U 164400 164398     65
Elapsed time = 1236.10 sec. (1509111.94 ticks, tree = 6479.12 MB, solutions = 11)
Nodefile size = 4431.59 MB (4406.67 MB after compression)
 164795 132255      350.8679    56      353.2021      346.7727  5006713    1.82%         x.36.22 U 164795 164792     42
 165200 132580      348.5663    69      353.2021      346.7743  5016996    1.82%         x.23.42 D 165200 165199     48
 165610 132908      352.7430    60      353.2021      346.7759  5027640    1.82%          x.43.0 D 165610 165609     64
 166011 133226      351.3880    63      353.2021      346.7772  5038329    1.82%          x.5.31 D 166011 166010     57
 166400 133537      351.8178    61      353.2021      346.7788  5049040    1.82%         x.23.43 D 166400 166399     41
 166798 133827      350.1925    61      353.2021      346.7823  5060353    1.82%         x.49.35 D 166798 166797     39
 167172 134107      351.4215    54      353.2021      346.7838  5071358    1.82%          x.8.32 U 167172 167169     59
 167560 134393      352.3879    66      353.2021      346.7852  5081853    1.82%         x.24.35 D 167560 167559     43
 167947 134690      352.9067    63      353.2021      346.7868  5093208    1.82%         x.12.35 N 167947 167946     80
 168330 135010      348.2306    72      353.2021      346.7885  5104126    1.82%         x.19.40 D 168330 168329     31
Elapsed time = 1268.41 sec. (1547585.77 ticks, tree = 6657.50 MB, solutions = 11)
Nodefile size = 4609.88 MB (4583.81 MB after compression)
 168724 135326      348.8302    66      353.2021      346.7898  5115205    1.82%         x.23.35 U 168724 168722     38
 169065 135573      349.8078    69      353.2021      346.7929  5124935    1.81%          x.6.32 D 169065 169064     38
 169467 135882      349.9329    68      353.2021      346.7950  5135608    1.81%         x.23.17 D 169467 169466     42
 169885 136195      348.4595    67      353.2021      346.7978  5146363    1.81%          x.8.32 D 169885 169884     32
 170277 136510      351.2824    56      353.2021      346.7988  5156727    1.81%         x.16.32 D 170277 170276     45
 170635 136769      349.4173    64      353.2021      346.8000  5167899    1.81%         x.12.32 D 170635 170634     83
 171005 137046      352.5548    68      353.2021      346.8019  5178798    1.81%         x.24.15 D 171005 171004     60
 171358 137328      351.0830    78      353.2021      346.8027  5189267    1.81%         x.23.13 D 171358 171357     38
 171733 137598      351.6449    64      353.2021      346.8047  5200691    1.81%         x.32.40 D 171733 171732     28
 172066 137837      351.3637    73      353.2021      346.8067  5212140    1.81%         x.34.25 D 172066 172065     72
Elapsed time = 1299.91 sec. (1585793.54 ticks, tree = 6823.26 MB, solutions = 11)
Nodefile size = 4775.94 MB (4749.12 MB after compression)
 172505 138182      348.6978    60      353.2021      346.8085  5222553    1.81%          x.8.32 D 172505 172504     68
 172838 138439      349.3121    60      353.2021      346.8106  5234775    1.81%          x.0.40 N 172838  76169     24
 173194 138723      349.9036    61      353.2021      346.8122  5245983    1.81%         x.16.40 D 173194 173193     30
 173520 138954      349.1735    56      353.2021      346.8144  5257620    1.81%         x.24.15 D 173520 173519     68
 173920 139261      352.7326    63      353.2021      346.8153  5268284    1.81%         x.23.28 D 173920 173919     34
 174261 139517      352.6580    61      353.2021      346.8171  5278344    1.81%         x.37.48 N 174261 174260     50
 174663 139836      351.8528    52      353.2021      346.8189  5289300    1.81%         x.10.42 D 174663 174662     48
 175027 140117      349.6224    67      353.2021      346.8204  5299502    1.81%         x.23.22 D 175027 175026     41
 175352 140381      350.8449    66      353.2021      346.8220  5310591    1.81%         x.20.35 D 175352 175351     37
 175692 140652      352.5097    63      353.2021      346.8242  5320938    1.81%         x.14.32 D 175692 175691     52
Elapsed time = 1331.69 sec. (1623979.93 ticks, tree = 6989.10 MB, solutions = 11)
Nodefile size = 4941.42 MB (4913.57 MB after compression)
 176060 140936      353.0488    45      353.2021      346.8257  5332236    1.81%         x.38.14 U 176060 176059     76
 176447 141217      347.9445    72      353.2021      346.8276  5342880    1.80%         x.34.38 D 176447 176446     23
 176820 141507      349.9223    69      353.2021      346.8296  5353686    1.80%         x.18.40 D 176820 176818     28
 177190 141771      350.2598    55      353.2021      346.8326  5364996    1.80%         x.45.29 D 177190 177189     37
 177576 142035      350.9738    57      353.2021      346.8361  5376252    1.80%         x.12.32 D 177576 177575     55
 177929 142305      348.7069    56      353.2021      346.8380  5387263    1.80%         x.16.32 U 177929  31289     43
 178298 142584      352.2547    73      353.2021      346.8390  5398687    1.80%         x.23.13 D 178298 178297     41
 178683 142879      347.7542    68      353.2021      346.8402  5409037    1.80%         x.18.40 D 178683 178682     35
 179013 143148      351.9544    75      353.2021      346.8415  5418983    1.80%          x.4.49 U 179013 179012     32
 179376 143435      350.9732    59      353.2021      346.8430  5430140    1.80%         x.24.43 D 179376 179375     65
Elapsed time = 1363.44 sec. (1662176.27 ticks, tree = 7154.03 MB, solutions = 11)
Nodefile size = 5106.77 MB (5077.88 MB after compression)
 179750 143715      348.3185    73      353.2021      346.8447  5441770    1.80%         x.23.13 U 179750  25634     25
 180120 144004      350.8851    58      353.2021      346.8463  5452612    1.80%         x.22.29 D 180120 180119     49
 180532 144332      349.2516    68      353.2021      346.8485  5463477    1.80%         x.25.40 D 180532 180531     26
 180907 144621      351.1975    55      353.2021      346.8501  5474658    1.80%         x.36.35 D 180907 180906     63
 181326 144947      350.6748    55      353.2021      346.8531  5485212    1.80%         x.43.46 D 181326 181325     87
 181678 145218      351.5587    67      353.2021      346.8547  5496572    1.80%         x.33.32 D 181678 181677     42
 182030 145481      352.9617    59      353.2021      346.8568  5507445    1.80%         x.23.28 D 182030 182029     31
 182412 145762      351.9849    76      353.2021      346.8590  5518244    1.80%         x.20.35 D 182412 182410     33
 182776 146034      353.0942    60      353.2021      346.8609  5529372    1.80%         x.15.36 U 182776 182775     36
 183161 146344      349.5392    60      353.2021      346.8631  5539185    1.79%          x.2.32 U 183161 122266     26
Elapsed time = 1395.62 sec. (1700418.56 ticks, tree = 7327.05 MB, solutions = 11)
Nodefile size = 5279.33 MB (5249.10 MB after compression)
 183535 146623      350.0983    54      353.2021      346.8646  5550107    1.79%          x.43.0 D 183535 183534     52
 183926 146927      352.0977    64      353.2021      346.8660  5560823    1.79%         x.49.35 D 183926 183925     34
 184308 147201      350.0623    57      353.2021      346.8686  5571463    1.79%         x.34.11 D 184308 184307     34
 184668 147484      349.6069    52      353.2021      346.8694  5581537    1.79%          x.43.0 D 184668 184667     33
 185063 147798      349.9093    56      353.2021      346.8721  5591958    1.79%         x.43.29 D 185063 185062     55
 185452 148089      347.5181    71      353.2021      346.8746  5602930    1.79%         x.49.29 U 185452  58545     39
 185786 148332      347.4057    65      353.2021      346.8762  5614663    1.79%         x.45.29 U 185786  41171     26
 186182 148632      351.2987    68      353.2021      346.8786  5625088    1.79%         x.16.40 D 186182 186181     19
 186539 148897      351.0552    65      353.2021      346.8813  5636266    1.79%         x.49.35 D 186539 186538     34
 186860 149154      348.6974    61      353.2021      346.8827  5647170    1.79%          x.23.1 D 186860 186859     43
Elapsed time = 1427.56 sec. (1738636.93 ticks, tree = 7495.08 MB, solutions = 11)
Nodefile size = 5447.13 MB (5415.75 MB after compression)
 187235 149430      352.3997    51      353.2021      346.8847  5657689    1.79%          x.43.0 D 187235 187234     60
 187588 149705      351.5360    67      353.2021      346.8864  5668858    1.79%          x.6.32 D 187588 187587     47
 187945 149943      351.4656    66      353.2021      346.8893  5679960    1.79%         x.47.32 D 187945 187944     33
 188313 150204      350.1391    61      353.2021      346.8918  5690120    1.79%         x.22.29 D 188313 188312     30
 188679 150495      350.1915    66      353.2021      346.8931  5701314    1.79%          x.5.29 D 188679 188678     32
 189008 150767      349.4015    60      353.2021      346.8943  5712560    1.79%         x.33.32 D 189008 189007     39
 189381 151064      351.0563    66      353.2021      346.8954  5722114    1.79%         x.16.32 D 189381 189380     42
 189742 151324      349.2548    74      353.2021      346.8977  5733345    1.78%         x.16.40 D 189742 189741     15
 190074 151589      351.4525    61      353.2021      346.8988  5744448    1.78%         x.15.36 N 190074 190073     68
 190468 151907      350.4038    67      353.2021      346.8999  5754514    1.78%          x.8.32 D 190468 190467     58
Elapsed time = 1459.43 sec. (1776820.62 ticks, tree = 7660.29 MB, solutions = 11)
Nodefile size = 5612.52 MB (5580.37 MB after compression)
 190819 152183      351.9299    60      353.2021      346.9017  5765490    1.78%         x.15.36 D 190819 190816     44
 191152 152412      348.6179    69      353.2021      346.9047  5777011    1.78%         x.47.32 D 191152 191151     33
 191513 152692      351.5734    77      353.2021      346.9063  5787707    1.78%         x.49.32 D 191513 191512     42
 191910 153005      352.0095    52      353.2021      346.9087  5797010    1.78%         x.10.42 D 191910 191909     51
 192260 153262        cutoff            353.2021      346.9109  5807418    1.78%         x.49.35 U 192260 192258     37
 192640 153553      349.2861    63      353.2021      346.9124  5817360    1.78%          x.23.1 D 192640 192639     48
 192994 153817        cutoff            353.2021      346.9137  5828424    1.78%         x.33.32 D 192994 192993     48
 193390 154121      349.4302    65      353.2021      346.9153  5838955    1.78%         x.23.24 D 193390 193389     55
 193732 154401      351.3315    60      353.2021      346.9177  5849700    1.78%         x.34.34 U 193732 193731     50
 194067 154647      352.1184    62      353.2021      346.9207  5860071    1.78%          x.5.26 D 194067 194066     69
Elapsed time = 1491.27 sec. (1815026.57 ticks, tree = 7825.62 MB, solutions = 11)
Nodefile size = 5777.68 MB (5744.53 MB after compression)
 194462 154972        cutoff            353.2021      346.9223  5870640    1.78%           x.0.7 D 194462 194460     52
 194835 155267      350.0510    72      353.2021      346.9234  5881188    1.78%          x.2.32 D 194835 194834     14
 195202 155536      350.8162    64      353.2021      346.9248  5891796    1.78%         x.20.35 D 195202 195201     19
 195527 155770      351.4391    68      353.2021      346.9265  5903153    1.78%         x.11.13 D 195527 195526     48
 195877 156041      350.7726    62      353.2021      346.9275  5914444    1.78%         x.23.23 D 195877 195876     50
 196240 156329      352.4841    48      353.2021      346.9292  5924987    1.78%         x.23.41 D 196240 196239     57
 196639 156642      349.3547    66      353.2021      346.9306  5935454    1.78%         x.41.32 D 196639 196638     27
 196947 156854      350.7126    62      353.2021      346.9331  5945607    1.77%         x.16.32 D 196947 196946     48
 197264 157083      351.6828    57      353.2021      346.9352  5955399    1.77%           x.0.7 U 197264 197263     49
 197629 157379      350.5065    58      353.2021      346.9366  5965490    1.77%         x.23.28 D 197629 197628     40
Elapsed time = 1523.36 sec. (1853211.27 ticks, tree = 7991.01 MB, solutions = 11)
Nodefile size = 5943.95 MB (5909.41 MB after compression)
 198000 157670      349.4631    69      353.2021      346.9383  5974956    1.77%         x.23.35 D 198000 197999     34
 198417 158007      348.0522    69      353.2021      346.9402  5984854    1.77%         x.23.24 D 198417 198416     44
 198820 158341      352.4014    57      353.2021      346.9411  5995323    1.77%         x.40.22 U 198820 198819     74
 199189 158599      348.9443    64      353.2021      346.9431  6006144    1.77%         x.22.29 D 199189 199188     37
 199608 158926      349.7322    69      353.2021      346.9449  6016603    1.77%         x.23.35 D 199608 199607     15
 199971 159183      352.6933    58      353.2021      346.9463  6027031    1.77%         x.15.36 U 199971 199969     64
 200330 159445      350.0831    60      353.2021      346.9480  6036887    1.77%         x.23.43 D 200330 200329     35
 200681 159720      352.6125    61      353.2021      346.9494  6046974    1.77%          x.24.5 U 200681 200680     60
 201040 159973      350.0718    51      353.2021      346.9518  6057228    1.77%         x.23.43 D 201040 201039     49
 201428 160282      350.7200    62      353.2021      346.9535  6068325    1.77%          x.2.32 N 201428  97867     47
Elapsed time = 1555.45 sec. (1891466.91 ticks, tree = 8167.18 MB, solutions = 11)
Nodefile size = 6119.76 MB (6083.93 MB after compression)
 201828 160585      349.8169    69      353.2021      346.9551  6078799    1.77%          x.40.0 D 201828 201827     64
 202173 160842      350.1918    58      353.2021      346.9564  6089019    1.77%         x.47.32 U 202173  31211     42
 202530 161098      351.5871    61      353.2021      346.9604  6099649    1.77%         x.39.40 D 202530 202529     25
 202881 161346      350.6805    57      353.2021      346.9631  6110259    1.77%         x.33.32 D 202881 202880     64
 203240 161600      352.0329    44      353.2021      346.9654  6121246    1.77%         x.37.39 D 203240 203239     70
 203622 161905      350.5393    71      353.2021      346.9667  6132150    1.77%         x.23.25 D 203622 203621     56
 203952 162141      351.4734    60      353.2021      346.9688  6143080    1.76%          x.6.32 N 203952 203951     35
 204292 162401      352.0622    48      353.2021      346.9700  6153394    1.76%           x.5.2 D 204292 204291     80
 204670 162676      349.3626    57      353.2021      346.9718  6164207    1.76%         x.23.45 D 204670 204669     43
 205037 162954      350.5603    66      353.2021      346.9739  6174944    1.76%          x.34.2 D 205037 205036     41
Elapsed time = 1587.16 sec. (1929710.84 ticks, tree = 8330.52 MB, solutions = 11)
Nodefile size = 6282.95 MB (6246.05 MB after compression)
 205413 163250      351.7641    55      353.2021      346.9755  6184413    1.76%         x.49.32 D 205413 205412     62
 205801 163543      350.7808    65      353.2021      346.9773  6194675    1.76%         x.49.40 D 205801 205800     33
 206187 163835      352.8966    46      353.2021      346.9793  6205240    1.76%         x.20.33 N 206187 206186     58
 206531 164104      352.0649    68      353.2021      346.9818  6215186    1.76%         x.40.22 D 206531 206530     57
 206907 164376      352.7954    70      353.2021      346.9843  6226113    1.76%         x.49.35 D 206907 206906     36
 207277 164640      352.3001    35      353.2021      346.9856  6236639    1.76%          x.47.6 D 207277 207276     92
 207630 164907      350.5520    58      353.2021      346.9870  6246686    1.76%         x.22.29 D 207630 207629     37
 207987 165162      350.5691    55      353.2021      346.9890  6257543    1.76%         x.34.48 D 207987 207986     91
 208355 165465      350.3829    60      353.2021      346.9908  6268510    1.76%          x.2.32 U 208355  31476     39
 208700 165694      352.4937    63      353.2021      346.9936  6279005    1.76%         x.41.32 U 208700 208698     53
Elapsed time = 1618.99 sec. (1967956.06 ticks, tree = 8498.33 MB, solutions = 11)
Nodefile size = 6450.45 MB (6412.61 MB after compression)
 209075 165988      349.4017    65      353.2021      346.9951  6289260    1.76%         x.16.32 D 209075 209074     89
 209454 166286      351.5037    61      353.2021      346.9964  6299017    1.76%         x.23.16 D 209454 209453     43
 209797 166507      349.0932    60      353.2021      346.9992  6310189    1.76%         x.23.13 U 209797   1404     19
 210147 166761      352.6976    61      353.2021      347.0012  6320804    1.76%         x.19.40 N 210147 210146     27
 210537 167069      352.0699    64      353.2021      347.0030  6330624    1.76%         x.41.32 D 210537 210536     61
 210903 167341      351.9650    57      353.2021      347.0040  6340894    1.75%           x.0.7 U 210903 210902     57
 211253 167586      350.5502    66      353.2021      347.0058  6351843    1.75%         x.45.29 D 211253 211252     41
 211606 167862      347.4043    63      353.2021      347.0078  6362719    1.75%         x.48.40 D 211606 107456     22
 211994 168145      350.9245    69      353.2021      347.0094  6372939    1.75%         x.23.35 D 211994 211993     37
 212359 168425      351.0296    69      353.2021      347.0104  6384092    1.75%         x.34.49 D 212359 212358     41
Elapsed time = 1651.32 sec. (2006159.37 ticks, tree = 8666.31 MB, solutions = 11)
Nodefile size = 6619.24 MB (6580.42 MB after compression)
 212720 168695      349.2858    64      353.2021      347.0112  6395359    1.75%         x.24.19 N 212720 212719     32
 213107 168965      349.2711    68      353.2021      347.0123  6405625    1.75%          x.6.32 D 213107 213106     31
 213468 169240      352.8956    57      353.2021      347.0134  6415870    1.75%         x.40.22 U 213468 213467     57
 213818 169508      351.3833    58      353.2021      347.0142  6426713    1.75%         x.16.32 D 213818 213817     38
 214150 169739      350.4050    53      353.2021      347.0160  6437799    1.75%         x.24.19 D 214150 214149     34
 214510 170013      352.9465    60      353.2021      347.0186  6448601    1.75%         x.15.36 D 214510 214507     66
 214900 170319      349.1961    64      353.2021      347.0208  6459034    1.75%          x.34.2 D 214900 214899     36
 215313 170669      352.2186    46      353.2021      347.0214  6468849    1.75%          x.8.42 D 215313 215312     81
 215688 170942      351.0317    66      353.2021      347.0228  6479170    1.75%         x.23.28 D 215688 215687     36
 216020 171198      351.6897    67      353.2021      347.0242  6489776    1.75%         x.16.32 D 216020 216019     29
Elapsed time = 1683.66 sec. (2044406.79 ticks, tree = 8836.90 MB, solutions = 11)
Nodefile size = 6789.35 MB (6749.46 MB after compression)
 216415 171515      353.1119    49      353.2021      347.0265  6499153    1.75%         x.38.14 D 216415 216414     63
 216800 171808      351.4740    51      353.2021      347.0272  6508896    1.75%          x.5.23 D 216800 216799    122
 217151 172063      352.2439    68      353.2021      347.0287  6520014    1.75%         x.47.32 U 217151 217149     35
 217473 172292      349.4911    73      353.2021      347.0301  6530306    1.75%         x.23.40 N 217473   1839     19
 217840 172566      350.0790    69      353.2021      347.0319  6540889    1.75%         x.41.32 D 217840 217839     34
 218190 172832      350.5169    65      353.2021      347.0335  6550057    1.75%         x.19.40 U 218190  30584     27
 218604 173161      352.3949    50      353.2021      347.0358  6559704    1.75%         x.46.35 N 218604 218603     46
*218660+173187                          353.2021      347.0364             1.75%
*218670+173197                          353.2021      347.0364             1.75%
*218770+173278                          353.2021      347.0366             1.75%
 218820 173319      350.0396    61      353.2021      347.0369  6566473    1.75%         x.23.16 D 218820 218819     30
 219077 173511      349.4774    62      353.2021      347.0388  6573326    1.74%         x.34.34 N 219077 219076     62
 219390 173750      350.1761    57      353.2021      347.0410  6581630    1.74%         x.49.40 D 219390 219389     28
Elapsed time = 1720.75 sec. (2082813.60 ticks, tree = 8994.82 MB, solutions = 14)
Nodefile size = 6947.23 MB (6906.37 MB after compression)
 219757 174041      350.5445    56      353.2021      347.0417  6591653    1.74%          x.8.32 U 219757 219755     55
 220080 174273      350.2502    67      353.2021      347.0437  6601431    1.74%         x.23.33 D 220080 220079     43
 220458 174557      349.5392    70      353.2021      347.0453  6611270    1.74%          x.2.32 D 220458 220457     21
 220804 174818      351.0795    65      353.2021      347.0479  6621288    1.74%         x.23.23 D 220804 220803     33
 221173 175090      350.2309    56      353.2021      347.0497  6632068    1.74%         x.34.11 D 221173 221172     45
 221530 175341      347.9569    68      353.2021      347.0514  6642652    1.74%         x.48.40 U 221530 221529     17
 221947 175660      351.8114    49      353.2021      347.0532  6652216    1.74%         x.43.19 D 221947 221946     72
 222327 175965      350.9162    67      353.2021      347.0544  6662138    1.74%         x.45.29 D 222327 222326     28
 222675 176235      349.3261    67      353.2021      347.0551  6672463    1.74%         x.23.35 D 222675 222674     28
 223057 176515      351.2403    67      353.2021      347.0566  6683016    1.74%         x.33.32 D 223057 223056     59
Elapsed time = 1757.50 sec. (2121021.10 ticks, tree = 9166.58 MB, solutions = 14)
Nodefile size = 7119.15 MB (7076.91 MB after compression)
 223434 176800      349.6990    59      353.2021      347.0576  6693907    1.74%         x.24.15 D 223434 223433     70
 223818 177083      352.6920    75      353.2021      347.0594  6703803    1.74%         x.24.35 D 223818 223817     40
 224220 177411      350.9554    53      353.2021      347.0609  6713743    1.74%         x.12.32 U 224220 224218     70
 224549 177665      352.2545    55      353.2021      347.0623  6724250    1.74%         x.20.35 D 224549 224548     38
 224932 177956      350.2459    60      353.2021      347.0633  6733535    1.74%          x.2.32 N 224932 164450     28
 225304 178246      349.4836    61      353.2021      347.0647  6742868    1.74%          x.2.32 U 225304  70349     38
 225723 178598      348.0525    67      353.2021      347.0651  6752363    1.74%         x.23.26 D 225723 225722     45
 226060 178868      350.1907    65      353.2021      347.0662  6762506    1.74%         x.23.41 D 226060 226059     23
 226437 179139      351.3917    53      353.2021      347.0686  6773004    1.74%          x.24.5 U 226437 226435     59
 226790 179401      348.8745    59      353.2021      347.0711  6784038    1.74%         x.23.22 D 226790 226789     51
Elapsed time = 1795.04 sec. (2159268.29 ticks, tree = 9346.71 MB, solutions = 14)
Nodefile size = 7299.24 MB (7255.83 MB after compression)
 227166 179659        cutoff            353.2021      347.0731  6794511    1.74%         x.38.15 D 227166 227165     74
 227530 179930      351.2096    53      353.2021      347.0748  6804470    1.73%          x.5.15 N 227530 227528     52
 227880 180195      347.4223    69      353.2021      347.0758  6814214    1.73%         x.34.38 U 227880  63048     18
 228240 180458      350.2028    66      353.2021      347.0764  6825187    1.73%          x.2.32 U 228240  81174     19
 228565 180708      348.1264    61      353.2021      347.0773  6835510    1.73%         x.32.40 U 228565 123390     25
 228921 180989      349.6305    49      353.2021      347.0786  6845491    1.73%          x.18.6 D 228921 228920     35
 229245 181224      350.0774    66      353.2021      347.0811  6856211    1.73%          x.23.5 D 229245 229244     30
 229585 181472      348.4322    72      353.2021      347.0829  6866754    1.73%          x.23.5 D 229585 229584     30
 229920 181727      350.5290    66      353.2021      347.0842  6877760    1.73%         x.39.40 D 229920 229919     39
 230267 181980      350.8997    61      353.2021      347.0857  6887820    1.73%         x.15.36 U 230267 230266     63
Elapsed time = 1833.63 sec. (2197541.16 ticks, tree = 9508.51 MB, solutions = 14)
Nodefile size = 7460.55 MB (7416.07 MB after compression)
 230620 182252      350.8607    64      353.2021      347.0873  6898144    1.73%         x.23.22 D 230620 230619     36
 230998 182551      350.0819    53      353.2021      347.0882  6907695    1.73%          x.18.6 D 230998 230997     46
 231330 182811      351.2784    66      353.2021      347.0895  6917683    1.73%         x.49.40 D 231330 231329     42
 231707 183111      352.0936    59      353.2021      347.0915  6927360    1.73%          x.6.32 D 231707 231706     44
 232092 183375      351.7509    61      353.2021      347.0932  6937959    1.73%         x.30.40 D 232092 232091     18
 232456 183648        cutoff            353.2021      347.0949  6947879    1.73%         x.26.32 U 232456 232454     32
 232800 183900      348.7476    65      353.2021      347.0964  6957863    1.73%         x.20.40 N 232800  19338     40
 233160 184199      348.8089    58      353.2021      347.0972  6968292    1.73%         x.23.25 D 233160 233159     37
 233545 184498      352.2600    65      353.2021      347.0978  6979134    1.73%         x.23.35 U 233545 233543     20
 233889 184751        cutoff            353.2021      347.0988  6989775    1.73%         x.46.35 U 233889 233886     66
Elapsed time = 1868.43 sec. (2235786.81 ticks, tree = 9682.76 MB, solutions = 14)
Nodefile size = 7635.68 MB (7589.81 MB after compression)
 234230 185003      351.0674    55      353.2021      347.1002  7000142    1.73%          x.5.29 D 234230 234229     56
 234595 185260      351.7146    70      353.2021      347.1023  7010552    1.73%         x.34.15 N 234595 234594     77
 234957 185508      352.3483    53      353.2021      347.1037  7021126    1.73%         x.49.35 D 234957 234956     49
 235260 185719      350.4752    68      353.2021      347.1051  7031833    1.73%         x.20.35 D 235260 235259     46
 235636 185999      347.8073    64      353.2021      347.1069  7041636    1.73%         x.30.40 U 235636 141639     18
 236035 186322      350.6481    70      353.2021      347.1084  7051637    1.73%         x.33.32 N 236035 236034     55
 236403 186618        cutoff            353.2021      347.1095  7061647    1.72%         x.24.35 U 236403 236401     33
 236750 186889      350.7684    60      353.2021      347.1112  7072039    1.72%         x.24.19 D 236750 236749     26
 237088 187120      349.4971    71      353.2021      347.1134  7083399    1.72%          x.23.5 D 237088 237087     38
 237460 187403      351.3893    59      353.2021      347.1147  7093304    1.72%         x.45.29 D 237460 237459     59
Elapsed time = 1902.72 sec. (2274009.35 ticks, tree = 9850.95 MB, solutions = 14)
Nodefile size = 7803.19 MB (7756.40 MB after compression)
 237853 187703      352.6086    33      353.2021      347.1159  7102709    1.72%          x.11.4 D 237853 237852    117
 238192 187960      348.4861    74      353.2021      347.1171  7113002    1.72%         x.34.16 D 238192 238191     28
 238543 188216      351.5804    60      353.2021      347.1182  7122871    1.72%         x.15.36 U 238543 238542     43
 238874 188478      350.2845    68      353.2021      347.1192  7132534    1.72%         x.30.40 D 238874 238873     21
 239229 188756        cutoff            353.2021      347.1206  7142629    1.72%         x.25.40 U 239229 239227     28
 239621 189053      351.8518    62      353.2021      347.1216  7152989    1.72%          x.8.32 D 239621 239620     34
 239970 189304      349.5366    68      353.2021      347.1233  7163045    1.72%          x.23.5 D 239970 239969     41
 240301 189555      350.9772    62      353.2021      347.1244  7172923    1.72%         x.15.36 U 240301 240300     69
 240663 189841      348.2763    67      353.2021      347.1260  7182498    1.72%         x.23.22 D 240663 240662     35
 241029 190123      350.6076    48      353.2021      347.1271  7192184    1.72%          x.5.15 D 241029 241028     76
Elapsed time = 1937.26 sec. (2312188.42 ticks, tree = 10023.45 MB, solutions = 14)
Nodefile size = 7975.66 MB (7927.94 MB after compression)
 241376 190383      349.5819    63      353.2021      347.1277  7201980    1.72%         x.41.32 D 241376 241375     31
 241747 190647      349.8158    58      353.2021      347.1291  7212427    1.72%          x.23.9 D 241747 241746     55
 242098 190911      350.2103    57      353.2021      347.1308  7222969    1.72%         x.12.35 D 242098 242097     63
 242482 191226      347.4200    67      353.2021      347.1326  7232539    1.72%         x.22.29 U 242482  58901     15
 242819 191487      350.5044    65      353.2021      347.1341  7242745    1.72%          x.2.32 N 242819  67345     33
 243208 191792      349.7185    67      353.2021      347.1355  7252454    1.72%         x.10.35 D 243208 243207     24
 243600 192067      352.2702    60      353.2021      347.1369  7261885    1.72%         x.14.32 D 243600 243599     67
 243940 192259      349.5126    66      353.2021      347.1390  7272795    1.72%         x.30.40 D 243940 243939     26
 244285 192499        cutoff            353.2021      347.1407  7283063    1.72%          x.24.5 U 244285 244284     47
 244620 192757      347.4372    69      353.2021      347.1419  7292496    1.72%         x.23.43 D 244620 244619     36
Elapsed time = 1977.07 sec. (2350413.86 ticks, tree = 10191.51 MB, solutions = 14)
Nodefile size = 8143.80 MB (8095.18 MB after compression)
 244960 193014      349.5224    55      353.2021      347.1431  7302862    1.72%         x.23.45 D 244960 244959     49
 245324 193282      351.5308    54      353.2021      347.1443  7313506    1.72%          x.44.1 D 245324 245322     35
 245685 193548      351.4727    54      353.2021      347.1462  7323862    1.71%          x.8.32 D 245685 245684     38
 246031 193777      351.8175    56      353.2021      347.1476  7333928    1.71%         x.48.41 D 246031 246030     60
 246350 194014      352.4150    67      353.2021      347.1491  7344405    1.71%         x.25.40 D 246350 246349     50
 246714 194283      350.0132    62      353.2021      347.1510  7354817    1.71%          x.2.32 U 246714 239745     15
 247076 194558      352.6896    39      353.2021      347.1524  7365396    1.71%          x.1.18 N 247076 247075     72
 247418 194823      349.1792    61      353.2021      347.1534  7375644    1.71%          x.23.0 D 247418 247417     37
 247750 195074      351.3820    63      353.2021      347.1552  7386001    1.71%         x.16.40 D 247750 247749     16
 248056 195294      350.7778    62      353.2021      347.1569  7396105    1.71%         x.49.32 D 248056 248054     74
Elapsed time = 2011.82 sec. (2388659.38 ticks, tree = 10353.93 MB, solutions = 14)
Nodefile size = 8306.83 MB (8257.10 MB after compression)
 248400 195541      348.8291    70      353.2021      347.1587  7405840    1.71%          x.0.40 D 248400 248399     30
 248772 195812      350.3618    63      353.2021      347.1608  7415945    1.71%         x.33.32 D 248772 248771     45
 249129 196099      350.1345    54      353.2021      347.1622  7425626    1.71%         x.16.40 D 249129 249128     31
 249467 196345      351.2048    65      353.2021      347.1629  7435472    1.71%         x.24.15 D 249467 249466     37
 249813 196620      348.6411    66      353.2021      347.1642  7445628    1.71%         x.23.13 N 249813  89558     23
 250147 196880      348.5453    73      353.2021      347.1654  7456389    1.71%          x.23.9 D 250147 250146     48
 250479 197108      350.6367    65      353.2021      347.1665  7466872    1.71%         x.21.40 D 250479 250478     24
 250800 197357      349.6322    64      353.2021      347.1674  7477419    1.71%         x.23.16 U 250800  18595     37
 251170 197650      352.4082    65      353.2021      347.1687  7487372    1.71%          x.8.32 D 251170 251168     50
 251513 197929      348.8248    69      353.2021      347.1696  7496802    1.71%         x.49.35 D 251513 251512     25
Elapsed time = 2045.82 sec. (2426916.95 ticks, tree = 10523.02 MB, solutions = 14)
Nodefile size = 8475.74 MB (8425.13 MB after compression)
 251840 198180      349.5094    68      353.2021      347.1708  7506765    1.71%         x.23.25 D 251840 251839     55
 252190 198435      347.4037    67      353.2021      347.1727  7516173    1.71%         x.49.40 D 252190 252189     27
 252590 198750      348.0872    61      353.2021      347.1742  7525942    1.71%         x.23.45 D 252590 252589     49
 252892 198985      351.8850    59      353.2021      347.1755  7536559    1.71%         x.32.40 D 252892 252890     44
 253221 199246      351.5692    56      353.2021      347.1767  7546404    1.71%         x.14.32 D 253221 253220     46
 253574 199503      350.3202    69      353.2021      347.1774  7556440    1.71%         x.39.40 D 253574 253573     30
 253904 199748      349.8441    57      353.2021      347.1793  7566186    1.71%          x.40.0 U 253904  35669     47
 254261 200030      351.1709    53      353.2021      347.1805  7575607    1.70%          x.0.40 D 254261 254260     52
 254637 200326      349.7437    71      353.2021      347.1815  7585760    1.70%         x.12.32 D 254637 254636     38
 254951 200572      352.9996    54      353.2021      347.1826  7595544    1.70%         x.38.14 D 254951 254950     76
Elapsed time = 2079.95 sec. (2465132.48 ticks, tree = 10693.19 MB, solutions = 14)
Nodefile size = 8645.48 MB (8593.99 MB after compression)
 255270 200782      351.7487    53      353.2021      347.1845  7605643    1.70%          x.5.19 D 255270 255268     49
 255613 201030        cutoff            353.2021      347.1861  7616041    1.70%         x.39.40 U 255613 255611     25
 256030 201378      350.2254    71      353.2021      347.1871  7625720    1.70%         x.23.19 D 256030 256029     44
 256400 201651      349.4903    65      353.2021      347.1876  7636091    1.70%         x.24.35 D 256400 256399     44
 256760 201933      352.0315    66      353.2021      347.1889  7646116    1.70%         x.30.40 D 256760 256759     21
 257119 202197      349.8873    67      353.2021      347.1901  7655123    1.70%         x.43.32 U 257119 140177     11
 257437 202416      348.2741    69      353.2021      347.1915  7665016    1.70%         x.24.29 D 257437 257436     40
 257780 202684      351.5565    64      353.2021      347.1926  7675047    1.70%         x.23.17 U 257780 102833     41
 258135 202932      353.0697    60      353.2021      347.1935  7684915    1.70%          x.24.5 U 258135 258134     39
 258500 203179      349.9876    69      353.2021      347.1952  7695011    1.70%         x.34.11 D 258500 258499     31
Elapsed time = 2114.03 sec. (2503607.97 ticks, tree = 10862.08 MB, solutions = 14)
Nodefile size = 8814.26 MB (8761.74 MB after compression)
 258838 203412      350.9969    62      353.2021      347.1964  7705108    1.70%         x.18.40 D 258838 258837     65
 259171 203661      348.9070    64      353.2021      347.1979  7715628    1.70%         x.20.35 D 259171 259169     33
