proble size: m = 5 , n = 5 , seed = 9 
Benders' cuts separated to cut off: Integer and fractional infeasible solutions.
seed = 9
Version identifier: 20.1.0.0 | 2020-11-10 | 9bedb6d68
CPXPARAM_Threads                                 1
CPXPARAM_RandomSeed                              9
CPXPARAM_MIP_Strategy_CallbackReducedLP          0
CPXPARAM_MIP_Strategy_Search                     1
CPXPARAM_TimeLimit                               3600
CPXPARAM_MIP_Tolerances_AbsMIPGap                0
CPXPARAM_MIP_Tolerances_MIPGap                   0
Legacy callback                                  LU
Tried aggregator 1 time.
Reduced MIP has 60 rows, 3660 columns, and 3600 nonzeros.
Reduced MIP has 3600 binaries, 0 generals, 0 SOSs, and 0 indicators.
Presolve time = 0.00 sec. (1.40 ticks)
Probing time = 0.00 sec. (3.60 ticks)
Clique table members: 60.
MIP emphasis: balance optimality and feasibility.
MIP search method: traditional branch-and-cut.
Parallel mode: none, using 1 thread.
Root relaxation solution time = 0.00 sec. (0.75 ticks)

        Nodes                                         Cuts/
   Node  Left     Objective  IInf  Best Integer    Best Bound    ItCnt     Gap         Variable B NodeID Parent  Depth

      0     0        0.0000    48                      0.0000        0         
*     0+    0                         1768.9771        0.0000           100.00%
*     0+    0                         1306.3969        0.0000           100.00%
      0     0      185.5316    82     1306.3969     Fract: 37      221   85.80%
*     0+    0                         1057.9196      185.5316            82.46%
*     0+    0                          877.0242      185.5316            78.85%
      0     0      341.2265    80      877.0242     Fract: 27      395   61.09%
*     0+    0                          777.8183      341.2265            56.13%
      0     0      388.1619    95      777.8183 UserPurge2: 25      459   50.10%
*     0+    0                          611.0056      388.1619            36.47%
      0     0      394.5277    93      611.0056 UserPurge2: 9      475   35.43%
*     0+    0                          512.7054      394.5277            23.05%
*     0+    0                          436.4791      394.5277             9.61%
*     0+    0                          436.2737      394.5277             9.57%
      0     2      394.6761    93      436.2737      394.6830      475    9.53%                        0             0
Elapsed time = 0.19 sec. (227.46 ticks, tree = 0.01 MB, solutions = 9)
      9    11      405.2295    97      436.2737      403.7400     1927    7.46%         x.29.19 N      9      8      7
*    10+   10                          418.8517      403.7400             3.61%
*    10+   10                          417.3087      403.7400             3.25%
     20    22      406.8478    93      417.3087      403.7400     2749    3.25%          x.9.50 N     20     19     16
     34    36      409.3581    83      417.3087      403.7400     3651    3.25%          x.8.29 N     34     32     24
     50    52      408.5313    79      417.3087      403.7400     4521    3.25%           x.8.7 N     50     49     36
     66    68      410.3823    70      417.3087      403.7400     5637    3.25%         x.44.29 N     66     64     46
     74    76      411.3034    73      417.3087      403.7400     6200    3.25%         x.55.40 N     74     72     52
     90    92      410.9485    67      417.3087      403.7400     6840    3.25%          x.5.25 N     90     88     66
    111   113      411.4909    71      417.3087      403.7400     7627    3.25%          x.12.7 N    111    109     83
    125   120      404.8729   100      417.3087      403.7697     8561    3.24%         x.37.27 N    125      1      2
    180   175      412.1681    86      417.3087      403.7697    12382    3.24%         x.31.35 N    180    179     38
Elapsed time = 3.03 sec. (3630.46 ticks, tree = 2.25 MB, solutions = 11)
    263   242      410.7760    91      417.3087      404.3755    16235    3.10%           x.4.6 N    263    262     35
    341   315      409.6492    75      417.3087      404.5803    19830    3.05%         x.22.27 N    341    340     46
    440   408      406.3210   104      417.3087      404.7272    22910    3.01%          x.6.40 D    440    439     14
    533   495      416.6086    48      417.3087      404.7272    26431    3.01%         x.14.47 N    533    532    107
*   560+  482                          415.6011      404.7485             2.61%
    594   518      412.3100    78      415.6011      404.7485    29645    2.61%         x.52.20 N    594    593     36
    660   577      411.6711    61      415.6011      404.7807    32443    2.60%         x.10.16 U    660    659     50
    727   628      414.5621    54      415.6011      404.7807    34180    2.60%         x.38.42 N    727    726    117
    780   675      409.2948    74      415.6011      404.8001    36405    2.60%         x.24.28 D    780    779     48
    873   758      412.3081    52      415.6011      404.8001    38594    2.60%         x.26.23 N    873    872    141
    926   798      406.3478    88      415.6011      404.8147    40531    2.60%         x.24.42 D    926    925     17
Elapsed time = 10.91 sec. (13495.38 ticks, tree = 15.70 MB, solutions = 12)
   1013   885      412.8267    72      415.6011      404.8147    43374    2.60%          x.48.3 N   1013   1012    104
   1142  1008      411.6810    64      415.6011      404.8241    47406    2.59%         x.40.58 N   1142   1141     90
*  1240+ 1093                          415.5174      404.8662             2.56%
   1242  1097      406.7057    93      415.5174      404.8662    49543    2.56%          x.24.4 N   1242   1241     12
   1290  1145      410.5959    72      415.5174      404.8662    52386    2.56%         x.24.25 N   1290   1288     45
   1324  1179      413.4925    73      415.5174      404.8662    54130    2.56%          x.52.6 N   1324   1323     74
   1398  1234      412.9464    80      415.5174      404.8754    57636    2.56%         x.58.15 U   1398   1397     34
   1471  1303      414.0329    81      415.5174      404.9058    61100    2.55%         x.16.19 N   1471   1470     56
   1560  1383      408.2437    98      415.5174      404.9800    65584    2.54%          x.23.4 D   1560   1559     28
   1633  1450      414.1254    60      415.5174      405.0460    69593    2.52%         x.36.43 N   1633   1631     35
   1722  1530      410.2734    81      415.5174      405.0954    73674    2.51%         x.24.37 D   1722   1721     33
Elapsed time = 18.69 sec. (23420.02 ticks, tree = 36.06 MB, solutions = 13)
   1830  1629      408.7065    89      415.5174      405.1126    76938    2.50%          x.55.4 D   1830   1829     19
   1937  1727      409.2895    86      415.5174      405.1171    80319    2.50%          x.6.40 N   1937   1936     35
   2000  1785      410.8154    79      415.5174      405.1401    84487    2.50%          x.23.6 N   2000   1999     37
   2075  1856      414.8211    97      415.5174      405.2383    89148    2.47%         x.57.27 N   2075   2074     57
   2174  1951      415.1200    48      415.5174      405.2603    92656    2.47%         x.26.15 N   2174   2173     95
   2256  2025      410.9387    73      415.5174      405.3242    97029    2.45%          x.40.9 N   2256   2255     31
   2360  2124      413.0325    86      415.5174      405.3245   101668    2.45%          x.24.4 N   2360   2357     31
   2454  2210      407.8505    93      415.5174      405.3509   106585    2.45%         x.22.27 N   2454   2453     15
   2574  2326      409.7477    99      415.5174      405.3782   111355    2.44%         x.19.57 D   2574   2573     33
   2648  2396      411.7637    96      415.5174      405.4022   115469    2.43%          x.4.40 D   2648   2647     46
Elapsed time = 26.27 sec. (33150.79 ticks, tree = 62.79 MB, solutions = 13)
*  2700+ 2421                          415.2920      405.4055             2.38%
*  2710+ 2431                          415.2919      405.4055             2.38%
*  2710+ 2431                          415.2919      405.4055             2.38%
   2731  2454      412.5517    64      415.2919      405.4055   119719    2.38%         x.18.13 D   2731   2728     34
   2840  2539      409.3740    91      415.2919      405.4079   122112    2.38%           x.3.4 D   2840   2839     22
   2940  2633      412.5603    85      415.2919      405.4214   126599    2.38%         x.49.26 D   2940   2939     57
   3038  2722      408.9308    88      415.2919      405.4487   131329    2.37%         x.47.35 D   3038   3037     31
   3121  2800      410.2568    89      415.2919      405.4565   134971    2.37%          x.25.4 D   3121   3120     16
   3223  2896      413.5573    75      415.2919      405.4591   139714    2.37%          x.58.9 N   3223   3222     66
   3295  2959      415.2614    65      415.2919      405.4606   143078    2.37%         x.43.22 N   3295   3293     63
   3367  3025      410.5158    93      415.2919      405.4692   146554    2.37%           x.7.9 D   3367   3366     50
   3457  3103      406.6432    97      415.2919      405.5059   151106    2.36%           x.2.6 D   3457   3456      5
   3528  3170      410.9883    89      415.2919      405.5192   154903    2.35%          x.41.9 D   3528   3527     38
Elapsed time = 33.92 sec. (43032.70 ticks, tree = 88.06 MB, solutions = 16)
   3653  3292      414.4766    79      415.2919      405.5386   159259    2.35%          x.58.9 N   3653   3652     66
   3724  3358      415.1874    73      415.2919      405.5629   162606    2.34%         x.50.17 N   3724   3723     72
   3819  3441      409.9934    97      415.2919      405.5885   167513    2.34%          x.44.9 D   3819   3818     42
   3920  3538      413.9600    87      415.2919      405.5976   171910    2.33%           x.8.7 D   3920   3919     64
   4031  3639      412.5266    95      415.2919      405.6030   176430    2.33%         x.42.19 D   4031   4030     29
   4119  3713      407.6503    94      415.2919      405.6094   181047    2.33%          x.23.6 D   4119   4118     23
   4232  3822      413.1739    80      415.2919      405.6143   185111    2.33%         x.59.26 U   4232   4231     42
   4343  3921      412.2579    91      415.2919      405.6224   189720    2.33%          x.24.0 D   4343   4342     44
   4420  3991      414.2332    77      415.2919      405.6230   193847    2.33%          x.33.8 D   4420   4418     35
   4545  4099      412.2414    92      415.2919      405.6390   198306    2.32%         x.34.27 D   4545   4544     35
Elapsed time = 41.53 sec. (52617.82 ticks, tree = 119.50 MB, solutions = 16)
   4644  4190        cutoff            415.2919      405.6452   203025    2.32%         x.44.44 D   4644   4643     80
   4733  4266      407.7500    86      415.2919      405.6578   208007    2.32%          x.27.6 U   4733   4059     13
   4847  4372      409.2622    93      415.2919      405.6627   212860    2.32%         x.24.19 D   4847   4846     16
   4960  4481      412.3322    71      415.2919      405.6744   217339    2.32%         x.24.39 D   4960   4959     88
   5068  4570      410.9056    92      415.2919      405.6839   221745    2.31%         x.58.19 D   5068   5067     22
   5173  4665      411.2475    85      415.2919      405.6934   226522    2.31%         x.19.57 U   5173   5172     38
   5287  4774      414.9578    88      415.2919      405.6953   231031    2.31%          x.38.9 D   5287   5286     76
   5390  4863      412.7204    88      415.2919      405.7008   235748    2.31%          x.33.3 U   5390   5389     70
   5519  4987      412.7438    60      415.2919      405.7096   239925    2.31%         x.18.13 U   5519   5518    106
   5609  5072      414.7341    81      415.2919      405.7102   244114    2.31%          x.38.9 D   5609   5608     72
Elapsed time = 49.18 sec. (62249.93 ticks, tree = 153.08 MB, solutions = 16)
   5690  5145      407.6194    89      415.2919      405.7130   248508    2.31%          x.25.6 D   5690   5689     16
   5790  5237      408.8263    88      415.2919      405.7178   253196    2.31%          x.40.9 D   5790   5789     11
   5893  5336      411.7087    89      415.2919      405.7237   257894    2.30%         x.19.19 D   5893   5892     44
   5985  5421      411.7860    81      415.2919      405.7317   262929    2.30%         x.12.36 N   5985   5984     29
   6083  5509      412.4058    88      415.2919      405.7367   267538    2.30%          x.9.34 D   6083   6082     73
   6188  5606      409.0567    94      415.2919      405.7451   271860    2.30%          x.25.4 D   6188   6187     31
   6290  5703      409.0693    91      415.2919      405.7503   275684    2.30%          x.48.6 D   6290   6289     38
   6395  5798      411.2189    83      415.2919      405.7518   280323    2.30%          x.9.50 D   6395   6394     37
   6495  5894      414.7197    84      415.2919      405.7595   284706    2.30%          x.24.9 D   6495   6494     65
   6600  5995      413.3405    69      415.2919      405.7693   288498    2.29%          x.12.3 D   6600   6599    109
Elapsed time = 56.78 sec. (71867.15 ticks, tree = 185.71 MB, solutions = 16)
   6702  6093      413.5331    85      415.2919      405.7741   292340    2.29%         x.13.25 U   6702   6701     87
*  6760+ 6133                          415.2370      405.7876             2.28%
   6790  6165      411.3248    70      415.2370      405.7876   296449    2.28%         x.44.21 U   6790   6789     60
   6900  6265      414.0564    31      415.2370      405.7876   298435    2.28%         x.47.44 D   6900   6899    170
   6979  6332        cutoff            415.2370      405.7931   301368    2.27%         x.24.39 D   6979   6978     74
   7060  6411      413.6507    80      415.2370      405.7935   304813    2.27%          x.49.6 D   7060   7059     91
   7120  6465      410.4545    75      415.2370      405.7974   306988    2.27%         x.24.51 D   7120   7119     50
   7228  6568      411.4039    90      415.2370      405.7998   310203    2.27%         x.19.19 U   7228   7226     18
   7320  6646      408.7476    89      415.2370      405.8179   314344    2.27%         x.55.40 D   7320   7319      9
   7427  6748      411.8359    85      415.2370      405.8216   318125    2.27%          x.40.9 D   7427   7426     54
   7481  6798      409.3407    94      415.2370      405.8282   320449    2.27%          x.34.4 D   7481   7480     34
Elapsed time = 64.22 sec. (81899.88 ticks, tree = 214.62 MB, solutions = 17)
   7582  6899      414.3358    48      415.2370      405.8282   323204    2.27%          x.0.37 N   7582   7581    135
   7649  6952      408.2444    96      415.2370      405.8368   326801    2.26%         x.12.36 D   7649   7648      9
   7735  7031      414.3648    91      415.2370      405.8447   330601    2.26%          x.58.6 D   7735   7734     56
   7825  7113      409.9053    98      415.2370      405.8453   334232    2.26%          x.8.29 D   7825   7824     26
   7908  7186      406.3835    89      415.2370      405.8476   338411    2.26%         x.47.35 N   7908   1062     11
   7971  7249      414.1819    81      415.2370      405.8476   341490    2.26%         x.50.41 U   7971   7970     74
   8080  7354      413.5277    61      415.2370      405.8483   344590    2.26%         x.36.43 U   8080   8079    111
   8167  7433        cutoff            415.2370      405.8514   348380    2.26%         x.14.27 U   8167   8165     66
   8240  7502      410.5434    85      415.2370      405.8540   352030    2.26%          x.31.4 D   8240   8239     22
   8656  7889      410.7155    87      415.2370      405.8773   367257    2.25%          x.8.29 D   8656   8655     25
Elapsed time = 73.83 sec. (94501.12 ticks, tree = 254.90 MB, solutions = 17)
   9044  8243      407.9319    94      415.2370      405.8960   382953    2.25%          x.23.6 D   9044   9043     24
   9424  8598      411.5981    86      415.2370      405.9280   400331    2.24%          x.33.9 D   9424   9423     55
   9815  8959      412.3256    90      415.2370      405.9503   416864    2.24%         x.12.36 D   9815   9814     40
  10197  9303      408.9317    95      415.2370      406.0084   434125    2.22%          x.38.6 U  10197   2380     13
  10561  9629      412.7432    85      415.2370      406.0264   450301    2.22%         x.15.27 D  10561  10560     63
  10919  9950      408.9368    95      415.2370      406.0440   467672    2.21%          x.40.6 D  10919  10918     24
  11287 10288      408.2960    89      415.2370      406.0566   483376    2.21%          x.27.6 U  11287   1913     12
* 11360+ 9976                          414.6798      406.0566             2.08%
  11550 10153      413.5830    94      414.6798      406.0799   495150    2.07%          x.24.0 D  11550  11549     46
  11862 10430      409.4003    93      414.6798      406.1034   508404    2.07%          x.23.4 D  11862  11861     15
  12187 10726      411.8312    90      414.6798      406.1297   521423    2.06%          x.8.46 D  12187  12186     38
Elapsed time = 103.00 sec. (132719.44 ticks, tree = 365.24 MB, solutions = 18)
  12580 11083      413.3163    82      414.6798      406.1572   536835    2.06%         x.20.20 D  12580  12579     51
  12957 11421      412.8917    81      414.6798      406.1908   554150    2.05%           x.8.7 U  12957  12955     22
  13286 11715      410.9176    88      414.6798      406.2094   569820    2.04%         x.24.51 D  13286  13285     44
  13660 12052      410.8742    86      414.6798      406.2417   585768    2.03%         x.14.27 D  13660  13659     34
  14018 12368      409.4660    87      414.6798      406.2526   601819    2.03%           x.3.4 D  14018  14017     19
  14388 12703      409.6367    94      414.6798      406.2714   617763    2.03%         x.55.40 U  14388  14387     13
  14764 13038      409.5285    87      414.6798      406.3222   634653    2.02%          x.31.4 D  14764  14763     28
  15140 13377      409.8948    83      414.6798      406.3508   650766    2.01%         x.19.57 N  15140  15139     29
  15520 13719      409.4617    95      414.6798      406.3599   666018    2.01%           x.3.4 D  15520  15519      9
  15877 14042      412.1199    75      414.6798      406.3885   681383    2.00%         x.24.47 D  15877  15876     35
Elapsed time = 132.13 sec. (170973.17 ticks, tree = 496.69 MB, solutions = 18)
  16257 14383      412.5825    81      414.6798      406.4070   697636    1.99%          x.9.50 D  16257  16256     48
  16616 14699      412.3885    85      414.6798      406.4167   713356    1.99%         x.24.58 D  16616  16615     53
  16988 15024      409.4803    91      414.6798      406.4533   729531    1.98%           x.2.6 U  16988  11727     11
  17342 15339      414.4768    80      414.6798      406.4818   745576    1.98%           x.7.9 D  17342  17341     48
  17690 15654      413.3587    84      414.6798      406.5033   761025    1.97%          x.25.9 U  17690  17688     32
  18080 16002      414.1718    73      414.6798      406.5320   777266    1.96%         x.24.25 N  18080  18079     40
  18461 16335      407.2384    91      414.6798      406.5723   793363    1.96%          x.9.50 N  18461  14661     13
  18808 16650      413.3955    86      414.6798      406.5927   809247    1.95%         x.12.36 D  18808  18806     30
  19147 16944      411.3355    78      414.6798      406.6166   825118    1.94%          x.6.42 U  19147  19145     29
  19493 17251      411.2528    88      414.6798      406.6427   840419    1.94%          x.6.40 D  19493  19492     25
Elapsed time = 161.51 sec. (209246.37 ticks, tree = 628.49 MB, solutions = 18)
  19840 17552      412.7717    87      414.6798      406.6620   854825    1.93%         x.52.40 D  19840  19839     39
  20179 17840      409.3463    91      414.6798      406.6860   870421    1.93%          x.44.6 D  20179  20178     26
  20519 18149      414.2238    92      414.6798      406.7059   886195    1.92%         x.19.57 U  20519  20518     57
  20851 18454      413.5882    76      414.6798      406.7365   901764    1.92%         x.52.24 U  20851  20850     78
  21208 18771      409.5377    92      414.6798      406.7659   916760    1.91%          x.25.6 U  21208   6026     17
  21581 19096      414.6006    75      414.6798      406.7828   932113    1.90%         x.43.22 D  21581  21580     88
  21933 19405      413.5612    84      414.6798      406.8125   947583    1.90%          x.5.19 U  21933  21930     36
  22298 19711      411.7887    81      414.6798      406.8319   962369    1.89%         x.52.24 D  22298  22297     42
  22614 19984      409.2279    91      414.6798      406.8417   977432    1.89%          x.8.29 D  22614  22613     14
  22964 20295      413.4527    89      414.6798      406.8605   993141    1.89%          x.52.6 N  22964  22963     46
Elapsed time = 190.55 sec. (247434.97 ticks, tree = 756.34 MB, solutions = 18)
  23302 20598      412.7040    87      414.6798      406.8810  1007242    1.88%          x.50.3 D  23302  23301     51
  23651 20900      410.7447    85      414.6798      406.9031  1022737    1.88%         x.24.37 D  23651  23650     43
  23996 21195      409.7271    91      414.6798      406.9240  1038426    1.87%          x.46.6 N  23996  23995     34
  24347 21510      412.4192    79      414.6798      406.9330  1054450    1.87%          x.6.42 D  24347  24346     29
  24704 21826      413.8369    83      414.6798      406.9475  1069634    1.86%          x.12.9 D  24704  24703     57
  25054 22131      414.4718    88      414.6798      406.9714  1085119    1.86%         x.14.27 D  25054  25053     49
  25382 22415      411.3920    87      414.6798      406.9887  1099835    1.85%         x.34.27 D  25382  25381     39
  25725 22712      409.9976    80      414.6798      407.0066  1115591    1.85%          x.38.6 N  25725  17383     15
  26085 23028      412.0501    85      414.6798      407.0103  1130050    1.85%          x.6.42 D  26085  26084     44
  26447 23346      410.3966    90      414.6798      407.0296  1145754    1.84%          x.22.4 D  26447  26446     21
Elapsed time = 219.50 sec. (285634.43 ticks, tree = 887.24 MB, solutions = 18)
  26792 23644      413.2701    86      414.6798      407.0411  1161972    1.84%         x.15.27 D  26792  26791     42
  27147 23952      408.0896    89      414.6798      407.0546  1176768    1.84%          x.23.6 N  27147  27146     21
  27506 24265      411.0569    85      414.6798      407.0767  1192187    1.83%          x.6.40 D  27506  27505     20
  27860 24580        cutoff            414.6798      407.0839  1207048    1.83%          x.54.9 D  27860  27859     93
  28189 24865      410.1473    86      414.6798      407.0972  1221322    1.83%           x.2.6 U  28189  17176     14
  28548 25183      414.2444    76      414.6798      407.1071  1235837    1.83%         x.31.35 D  28548  28547     87
  28880 25469      409.9979    86      414.6798      407.1267  1251091    1.82%          x.44.9 D  28880  28879     18
  29266 25824      411.6816    85      414.6798      407.1329  1265582    1.82%          x.25.9 U  29266  29264     20
  29630 26150      409.9110    77      414.6798      407.1438  1279658    1.82%         x.31.19 D  29630  29629     21
  30000 26476      409.7739    91      414.6798      407.1542  1292947    1.81%           x.4.6 U  30000   2037     20
Elapsed time = 248.76 sec. (324040.33 ticks, tree = 1023.94 MB, solutions = 18)
  30375 26812      412.5102    81      414.6798      407.1646  1307339    1.81%         x.52.24 U  30375  30374     63
  30720 27116      411.9090    85      414.6798      407.1747  1320908    1.81%         x.24.18 D  30720  30719     69
  31100 27448      410.8966    91      414.6798      407.1868  1334086    1.81%           x.3.4 D  31100  31099     23
  31500 27802      413.9875    86      414.6798      407.1991  1349203    1.80%         x.34.27 N  31500  31499     57
  31870 28114      409.9240    84      414.6798      407.2120  1362666    1.80%         x.28.26 D  31870  31869     27
  32273 28487      412.2559    86      414.6798      407.2209  1375848    1.80%          x.6.40 D  32273  32272     40
  32640 28812      412.0445    80      414.6798      407.2292  1390223    1.80%          x.27.9 D  32640  32639     69
  33050 29179      410.6656    90      414.6798      407.2412  1403703    1.79%          x.31.4 D  33050  33049     31
  33425 29511      409.7480    82      414.6798      407.2495  1417763    1.79%         x.24.48 D  33425  33424     30
  33785 29829      410.7008    87      414.6798      407.2596  1430829    1.79%          x.55.4 U  33785  33782     19
Elapsed time = 277.90 sec. (362282.77 ticks, tree = 1172.68 MB, solutions = 18)
  34193 30189      410.2130    94      414.6798      407.2699  1444668    1.79%         x.28.35 U  34193  34192     24
  34559 30508      413.2485    91      414.6798      407.2754  1458576    1.79%          x.28.9 D  34559  34558     71
  34945 30843        cutoff            414.6798      407.2881  1473234    1.78%          x.2.35 U  34945  34942     45
  35313 31171      413.7314    82      414.6798      407.2964  1486652    1.78%          x.27.9 D  35313  35312     72
  35678 31487      412.6737    78      414.6798      407.3042  1500727    1.78%          x.56.6 D  35678  35677     66
  36030 31804      414.1641    84      414.6798      407.3124  1514609    1.78%          x.38.9 D  36030  36029     78
  36400 32128      410.4172    98      414.6798      407.3219  1528926    1.77%          x.38.6 U  36400  24934     19
  36758 32448      412.3900    82      414.6798      407.3289  1544435    1.77%         x.24.48 D  36758  36757     56
  37105 32759      410.5135    90      414.6798      407.3417  1559061    1.77%         x.19.19 D  37105  37104     21
  37459 33062      408.6500    92      414.6798      407.3558  1573467    1.77%          x.8.29 U  37459  26942     20
Elapsed time = 307.17 sec. (400644.90 ticks, tree = 1319.34 MB, solutions = 18)
  37814 33373      413.8228    83      414.6798      407.3632  1587286    1.76%         x.24.47 D  37814  37813     50
  38176 33694      411.5677    88      414.6798      407.3735  1601291    1.76%          x.25.9 U  38176  38174     25
  38550 34026      410.2058    89      414.6798      407.3779  1614774    1.76%          x.20.4 D  38550  38549     22
  38886 34316      411.0657    94      414.6798      407.3917  1629272    1.76%          x.56.6 D  38886  38885     39
  39292 34684      409.3450    87      414.6798      407.4030  1643291    1.75%         x.28.26 D  39292  39291     22
  39666 35013      413.0159    85      414.6798      407.4114  1658215    1.75%          x.24.0 D  39666  39665     43
  40015 35318      407.4762   103      414.6798      407.4195  1672222    1.75%         x.20.15 D  40015   1429     15
  40388 35658      413.6232    83      414.6798      407.4284  1686281    1.75%         x.15.27 D  40388  40387     41
  40757 35976      413.3076    81      414.6798      407.4386  1701005    1.75%         x.24.48 D  40757  40756     63
  41130 36313      412.7391    88      414.6798      407.4423  1715041    1.75%         x.50.49 D  41130  41129     90
Elapsed time = 335.90 sec. (438867.27 ticks, tree = 1467.86 MB, solutions = 18)
  41485 36623      407.9739    90      414.6798      407.4484  1729118    1.74%          x.47.6 D  41485  41484     17
  41803 36903      410.5985    98      414.6798      407.4550  1743958    1.74%           x.7.9 D  41803  41802     25
  42179 37241      410.4396    89      414.6798      407.4640  1756969    1.74%         x.12.36 U  42179  42177     23
  42570 37594      411.7214    84      414.6798      407.4794  1771318    1.74%          x.28.0 D  42570  42569     35
  42960 37935      410.9072    82      414.6798      407.4877  1785882    1.73%           x.8.7 D  42960  42959     33
  43319 38259      411.0312    88      414.6798      407.4987  1799797    1.73%          x.23.4 D  43319  43318     30
  43662 38563      412.7450    78      414.6798      407.5099  1814044    1.73%         x.47.35 D  43662  43661     60
  44003 38863      413.4677    82      414.6798      407.5224  1828139    1.73%         x.24.48 N  44003  44002     71
  44381 39198      411.7535    83      414.6798      407.5324  1843208    1.72%         x.43.19 U  44381  44380     23
  44789 39554      410.2478    92      414.6798      407.5406  1857054    1.72%          x.24.4 D  44789  44788     35
Elapsed time = 364.41 sec. (477107.41 ticks, tree = 1617.64 MB, solutions = 18)
  45104 39830      412.4915    76      414.6798      407.5494  1871434    1.72%          x.45.6 U  45104  45101     38
  45455 40137      411.1699    81      414.6798      407.5586  1885081    1.72%         x.28.26 D  45455  45454     41
  45830 40473      413.0542    90      414.6798      407.5643  1899380    1.72%          x.58.9 D  45830  45829     73
  46186 40783      414.6499    72      414.6798      407.5722  1914277    1.71%          x.3.36 D  46186  46185     76
  46573 41128      413.9740    93      414.6798      407.5811  1928003    1.71%           x.3.4 D  46573  46572     35
  46990 41486        cutoff            414.6798      407.5855  1941875    1.71%          x.40.9 D  46990  46989     38
  47313 41772      410.3891    83      414.6798      407.6002  1955058    1.71%           x.4.6 D  47313  47312     34
  47630 42052      413.7394    78      414.6798      407.6039  1968454    1.71%          x.40.9 D  47630  47629     66
  48000 42377      411.7691    83      414.6798      407.6101  1982298    1.70%          x.31.4 D  48000  47999     25
  48334 42669      412.8983    95      414.6798      407.6148  1996342    1.70%          x.34.4 D  48334  48333     48
Elapsed time = 392.99 sec. (515338.70 ticks, tree = 1763.73 MB, solutions = 18)
  48674 42960      413.3507    78      414.6798      407.6196  2010002    1.70%         x.24.42 D  48674  48673     46
  49005 43241      413.8188    80      414.6798      407.6326  2023720    1.70%          x.46.9 N  49005  49004     58
  49369 43561      412.9743    77      414.6798      407.6382  2038058    1.70%          x.24.0 D  49369  49368     60
  49779 43929      410.9071    83      414.6798      407.6452  2051387    1.70%         x.31.19 D  49779  49778     23
  50150 44247      412.6608    87      414.6798      407.6537  2065216    1.69%          x.33.9 D  50150  50149     55
  50502 44555      414.1749    82      414.6798      407.6616  2078736    1.69%         x.44.36 N  50502  50501     68
  50863 44870      410.0572    95      414.6798      407.6649  2091763    1.69%          x.54.6 U  50863   4119     24
  51200 45166      410.3326    95      414.6798      407.6739  2104485    1.69%          x.8.29 D  51200  51199     23
  51600 45522      411.6318    84      414.6798      407.6823  2118371    1.69%         x.20.15 D  51600  51599     30
  51950 45833      413.5926    88      414.6798      407.6941  2132579    1.68%          x.44.9 D  51950  51949     31
Elapsed time = 421.52 sec. (553761.21 ticks, tree = 1914.18 MB, solutions = 18)
  52300 46136      410.5419    82      414.6798      407.6991  2146628    1.68%          x.59.6 D  52300  52299     29
  52654 46446      413.0301    84      414.6798      407.7021  2160249    1.68%         x.31.19 D  52654  52653     23
  53014 46758      410.0241    88      414.6798      407.7106  2173752    1.68%          x.40.9 D  53014  53013     23
  53389 47093      410.7027    89      414.6798      407.7151  2187456    1.68%         x.53.17 N  53389  53388     31
  53721 47374      413.8060    74      414.6798      407.7180  2199996    1.68%         x.52.24 U  53721  53720     60
  54039 47643      409.4150    90      414.6798      407.7274  2214355    1.68%           x.1.6 D  54039  54038     33
  54395 47953      412.5920    75      414.6798      407.7316  2228199    1.68%           x.9.6 U  54395  54392     38
  54799 48308      410.9765    89      414.6798      407.7378  2241176    1.67%         x.31.19 D  54799  54798     17
  55174 48626      409.1979    86      414.6798      407.7414  2253574    1.67%         x.28.19 D  55174  55173     49
  55502 48907      412.6839    86      414.6798      407.7476  2267039    1.67%          x.24.4 D  55502  55501     28
Elapsed time = 449.99 sec. (591970.98 ticks, tree = 2062.35 MB, solutions = 18)
Nodefile size = 14.87 MB (14.67 MB after compression)
  55846 49204      412.6164    87      414.6798      407.7544  2280410    1.67%         x.31.19 D  55846  55845     26
  56156 49471      411.8132    85      414.6798      407.7578  2292991    1.67%          x.13.9 D  56156  56155     50
  56512 49778      412.7146    88      414.6798      407.7648  2306156    1.67%          x.50.1 D  56512  56511     63
  56840 50068      411.8653    86      414.6798      407.7702  2319628    1.67%         x.28.58 D  56840  56839     33
  57198 50385        cutoff            414.6798      407.7761  2333070    1.66%          x.8.41 U  57198  57196     61
  57510 50655      413.3215    85      414.6798      407.7830  2347805    1.66%         x.58.19 D  57510  57509     28
  57880 50982      413.0541    87      414.6798      407.7877  2360655    1.66%         x.28.59 D  57880  57879     35
  58245 51296        cutoff            414.6798      407.7927  2373776    1.66%         x.50.41 D  58245  58243     71
  58592 51599      412.6479    83      414.6798      407.7993  2387018    1.66%         x.34.27 D  58592  58591     50
  58903 51871      408.9331    83      414.6798      407.8016  2400265    1.66%          x.24.4 U  58903  58901     16
Elapsed time = 480.40 sec. (630182.05 ticks, tree = 2206.69 MB, solutions = 18)
Nodefile size = 159.09 MB (157.04 MB after compression)
  59255 52182      409.0334    86      414.6798      407.8078  2413467    1.66%           x.9.6 D  59255  59254     25
  59583 52472      412.2863    84      414.6798      407.8097  2427136    1.66%          x.28.1 D  59583  59582     62
  59913 52765      412.0809    90      414.6798      407.8147  2440683    1.66%         x.19.19 D  59913  59912     22
  60211 53022      411.0295    83      414.6798      407.8191  2453072    1.65%         x.19.57 U  60211  60210     37
  60580 53351      413.1450    86      414.6798      407.8225  2466163    1.65%          x.27.9 D  60580  60579     38
  60900 53622      413.4317    79      414.6798      407.8316  2480279    1.65%           x.8.7 U  60900  60898     29
  61269 53947      410.0492    92      414.6798      407.8344  2493519    1.65%           x.9.6 U  61269  14816     22
  61600 54225      409.8879    89      414.6798      407.8411  2507375    1.65%          x.45.6 U  61600  30601     20
  61954 54537      412.6936    89      414.6798      407.8457  2521002    1.65%           x.7.9 D  61954  61953     39
  62295 54821      413.5996    72      414.6798      407.8564  2532702    1.65%          x.33.9 D  62295  62294     70
Elapsed time = 510.72 sec. (668466.80 ticks, tree = 2352.18 MB, solutions = 18)
Nodefile size = 304.27 MB (300.46 MB after compression)
  62630 55109      411.8436    91      414.6798      407.8607  2546618    1.64%         x.19.19 D  62630  62629     28
  62943 55383      413.7858    76      414.6798      407.8664  2559164    1.64%         x.28.41 D  62943  62942     55
  63290 55679      409.4011    85      414.6798      407.8732  2573005    1.64%         x.28.33 D  63290  63289     42
  63695 56043      409.7604    82      414.6798      407.8772  2585922    1.64%          x.8.46 D  63695  63694     57
  64069 56366      410.1213    84      414.6798      407.8838  2598797    1.64%           x.9.6 U  64069  14178     21
  64400 56658      409.6984    86      414.6798      407.8857  2612074    1.64%         x.28.22 D  64400  64399     32
  64773 56979      412.1347    82      414.6798      407.8925  2625715    1.64%          x.45.6 D  64773  64772     29
  65122 57281      411.8141    78      414.6798      407.8988  2638087    1.64%          x.12.9 D  65122  65121     59
  65477 57591      410.1954    91      414.6798      407.9031  2651050    1.63%          x.8.29 D  65477  65476     19
  65872 57932      408.1529    85      414.6798      407.9075  2664873    1.63%          x.25.9 D  65872  65871     15
Elapsed time = 541.46 sec. (706857.99 ticks, tree = 2507.24 MB, solutions = 18)
Nodefile size = 459.48 MB (453.80 MB after compression)
  66205 58216      410.3215    95      414.6798      407.9179  2677252    1.63%          x.44.6 U  66205  10144     20
  66563 58527      408.3250    74      414.6798      407.9236  2689359    1.63%          x.8.41 D  66563  66562     37
  66906 58824      409.2702    90      414.6798      407.9250  2702991    1.63%          x.47.6 D  66906  66905     21
  67230 59114      413.4700    83      414.6798      407.9288  2716242    1.63%          x.3.36 D  67230  67229     76
  67600 59441      410.3342   100      414.6798      407.9323  2729712    1.63%         x.12.36 D  67600  67599     27
  67950 59754      413.0864    78      414.6798      407.9347  2742850    1.63%         x.24.37 N  67950  67949     54
  68318 60067      410.2101    84      414.6798      407.9398  2754663    1.63%         x.19.57 U  68318  68317     29
  68684 60381      413.4230    78      414.6798      407.9433  2767337    1.62%          x.8.29 D  68684  68683     31
  69027 60677      409.6122    73      414.6798      407.9478  2780761    1.62%           x.1.6 D  69027  69026     44
  69354 60949      412.8540    85      414.6798      407.9497  2793967    1.62%         x.31.19 D  69354  69353     43
Elapsed time = 572.32 sec. (745746.37 ticks, tree = 2659.00 MB, solutions = 18)
Nodefile size = 611.11 MB (603.57 MB after compression)
  69694 61253      411.2603    85      414.6798      407.9536  2806920    1.62%         x.12.36 D  69694  69693     49
  70069 61584      412.8804    76      414.6798      407.9566  2817917    1.62%          x.12.9 D  70069  70068     75
  70442 61907      411.5381    77      414.6798      407.9599  2830382    1.62%         x.52.39 D  70442  70441     56
  70762 62181      411.6593    90      414.6798      407.9647  2842952    1.62%         x.24.13 D  70762  70761     56
  71073 62447      410.7012    79      414.6798      407.9698  2855811    1.62%         x.47.35 U  71073  71072     15
  71422 62748      409.7518    81      414.6798      407.9734  2869387    1.62%          x.48.6 D  71422  71421     26
  71770 63056      410.7042    87      414.6798      407.9751  2882204    1.62%         x.28.59 N  71770  71769     48
  72150 63389      413.1612    77      414.6798      407.9769  2894110    1.62%          x.12.9 D  72150  72149     54
  72500 63696      411.4251    74      414.6798      407.9809  2905836    1.62%           x.3.4 D  72500  72499     36
  72827 63974      413.6764    86      414.6798      407.9846  2919025    1.61%         x.28.41 N  72827  72826     49
Elapsed time = 603.00 sec. (783974.91 ticks, tree = 2812.63 MB, solutions = 18)
Nodefile size = 764.67 MB (755.23 MB after compression)
  73200 64305      410.2967    91      414.6798      407.9880  2930759    1.61%         x.28.40 D  73200  73199     44
  73508 64570      412.2702    91      414.6798      407.9902  2944584    1.61%          x.5.19 D  73508  73507     22
  73856 64881      411.6902    82      414.6798      407.9941  2956505    1.61%         x.28.52 D  73856  73855     56
  74208 65187      410.5136    93      414.6798      407.9986  2969761    1.61%          x.44.9 N  74208  74207     30
  74623 65552      408.3752    88      414.6798      408.0036  2982037    1.61%          x.8.29 D  74623  74622     16
  74972 65855      414.5233    67      414.6798      408.0043  2995179    1.61%         x.58.15 U  74972  74971     90
  75300 66139      411.9400    86      414.6798      408.0091  3007680    1.61%          x.12.9 N  75300  75299     68
  75615 66417      413.8561    77      414.6798      408.0124  3020057    1.61%         x.12.36 N  75615  75614     43
  75992 66741      413.2129    69      414.6798      408.0168  3032363    1.61%          x.44.9 D  75992  75991     45
  76328 67042      410.3799    87      414.6798      408.0210  3044192    1.61%         x.28.51 D  76328  76327     34
Elapsed time = 633.80 sec. (822220.72 ticks, tree = 2970.21 MB, solutions = 18)
Nodefile size = 922.36 MB (910.93 MB after compression)
  76651 67321      408.7065    84      414.6798      408.0253  3057722    1.60%           x.1.6 D  76651  76650     26
  77000 67629      411.2021    97      414.6798      408.0303  3069911    1.60%          x.46.6 U  77000  76997     29
  77288 67870      410.9143    90      414.6798      408.0316  3081984    1.60%         x.20.15 D  77288  77287     30
  77630 68170      411.9288    82      414.6798      408.0375  3094609    1.60%         x.20.15 D  77630  77628     25
  78000 68501      411.6878    76      414.6798      408.0404  3105727    1.60%         x.28.22 D  78000  77999     42
  78390 68835      414.0460    85      414.6798      408.0451  3118450    1.60%         x.19.57 U  78390  78389     43
  78782 69172      413.4058    83      414.6798      408.0504  3130810    1.60%           x.3.4 D  78782  78780     35
  79124 69473      411.9126    80      414.6798      408.0537  3142930    1.60%          x.50.3 D  79124  79123     45
  79470 69775      412.2571    82      414.6798      408.0563  3155529    1.60%           x.3.4 D  79470  79469     36
  79830 70085      409.7579    87      414.6798      408.0583  3167533    1.60%          x.48.6 D  79830  79829     24
Elapsed time = 664.56 sec. (860559.97 ticks, tree = 3128.35 MB, solutions = 18)
Nodefile size = 1080.44 MB (1067.04 MB after compression)
  80124 70335      409.4208    81      414.6798      408.0605  3179573    1.60%          x.47.6 D  80124  80122     22
  80454 70617      409.7189    90      414.6798      408.0643  3191684    1.60%          x.25.4 N  80454  80453     14
  80815 70942      413.6256    88      414.6798      408.0671  3203798    1.59%          x.25.4 D  80815  80814     47
  81160 71239      409.9101    92      414.6798      408.0710  3216176    1.59%          x.28.0 D  81160  81159     25
  81529 71563      409.5928    96      414.6798      408.0740  3228476    1.59%          x.40.6 D  81529  81528     29
  81810 71809      413.5362    83      414.6798      408.0773  3239224    1.59%         x.43.19 U  81810  81809     45
  82205 72149      409.7574    91      414.6798      408.0817  3251643    1.59%          x.22.4 D  82205  82204     23
  82547 72449      412.0271    91      414.6798      408.0856  3263199    1.59%         x.55.40 U  82547  82546     44
  82891 72749      410.9974    94      414.6798      408.0912  3276102    1.59%         x.55.40 N  82891  82890     32
  83240 73050      410.6907    85      414.6798      408.0955  3288180    1.59%          x.23.6 U  83240  57343     26
Elapsed time = 695.25 sec. (898776.54 ticks, tree = 3283.63 MB, solutions = 18)
Nodefile size = 1235.70 MB (1220.25 MB after compression)
  83631 73377      410.3308    78      414.6798      408.0987  3300949    1.59%         x.55.40 U  83631  83630     19
  83948 73644      409.8112    82      414.6798      408.1028  3313548    1.59%          x.34.4 D  83948  83947     31
  84287 73933      412.5610    85      414.6798      408.1055  3325421    1.59%          x.34.4 D  84287  84286     28
  84660 74262      411.0310    92      414.6798      408.1088  3337156    1.58%          x.6.40 U  84660  84659     63
  85003 74559      408.8824    87      414.6798      408.1134  3348775    1.58%         x.28.37 D  85003  85002     42
  85354 74856      412.7949    81      414.6798      408.1176  3360734    1.58%         x.24.42 D  85354  85353     36
  85725 75190      411.3373    92      414.6798      408.1199  3373848    1.58%         x.20.20 D  85725  85724     37
  86061 75487      412.5342    91      414.6798      408.1236  3385812    1.58%         x.14.27 D  86061  86060     42
  86400 75761      410.3767    79      414.6798      408.1266  3398217    1.58%         x.28.22 D  86400  86399     39
  86750 76064      412.7479    80      414.6798      408.1288  3410776    1.58%          x.13.9 D  86750  86749     76
Elapsed time = 726.27 sec. (937198.44 ticks, tree = 3443.10 MB, solutions = 18)
Nodefile size = 1395.91 MB (1378.33 MB after compression)
  87086 76363        cutoff            414.6798      408.1316  3421689    1.58%         x.24.47 D  87086  87085     92
  87408 76651      412.0609    81      414.6798      408.1348  3433505    1.58%          x.23.4 D  87408  87407     26
  87742 76941      414.4069    76      414.6798      408.1374  3445202    1.58%          x.6.40 D  87742  87740     49
  88058 77221      411.6527    90      414.6798      408.1402  3457038    1.58%         x.15.27 D  88058  88057     25
  88428 77538      408.5717    93      414.6798      408.1443  3468410    1.58%         x.12.36 U  88428  14345     21
  88744 77812      412.5767    65      414.6798      408.1471  3481055    1.58%         x.24.34 D  88744  88743     77
  89093 78121      412.2859    84      414.6798      408.1504  3493363    1.57%           x.7.9 N  89093  89092     49
  89460 78432      410.0174    90      414.6798      408.1538  3505407    1.57%           x.1.6 D  89460  89459     28
  89889 78804      413.1957    78      414.6798      408.1565  3516676    1.57%         x.24.25 D  89889  89888     80
  90258 79126      412.4157    87      414.6798      408.1604  3528368    1.57%         x.50.11 N  90258  90257     64
Elapsed time = 757.15 sec. (975418.72 ticks, tree = 3606.81 MB, solutions = 18)
Nodefile size = 1559.17 MB (1539.19 MB after compression)
  90619 79433      413.7438    95      414.6798      408.1647  3539549    1.57%         x.28.26 D  90619  90618     49
  90942 79721      411.0050    87      414.6798      408.1683  3549367    1.57%          x.40.9 D  90942  90941     35
  91272 80008      410.5029    92      414.6798      408.1702  3561341    1.57%          x.9.50 U  91272  91270     30
  91587 80277      408.7501    83      414.6798      408.1766  3573661    1.57%          x.44.9 D  91587  91586     18
  91890 80543      410.2863    74      414.6798      408.1793  3585132    1.57%         x.28.45 D  91890  91889     47
  92250 80853      412.6904    83      414.6798      408.1822  3597226    1.57%         x.50.41 U  92250  92249     70
  92540 81110      410.8780    78      414.6798      408.1855  3607642    1.57%         x.50.30 D  92540  92539     50
  92890 81404      411.8271    78      414.6798      408.1905  3619481    1.56%         x.24.42 D  92890  92889     57
  93267 81724      409.3696    89      414.6798      408.1942  3631579    1.56%           x.1.6 D  93267  93266     24
  93600 82018      412.9656    81      414.6798      408.1966  3643456    1.56%         x.50.15 D  93600  93599     85
Elapsed time = 788.16 sec. (1013722.09 ticks, tree = 3763.06 MB, solutions = 18)
Nodefile size = 1715.74 MB (1693.43 MB after compression)
  93956 82318      412.1445    85      414.6798      408.2007  3655981    1.56%          x.56.6 N  93956  93955     59
  94301 82610      411.8930    92      414.6798      408.2021  3667828    1.56%         x.28.58 D  94301  94299     31
  94672 82940      413.8347    75      414.6798      408.2038  3679325    1.56%         x.24.37 D  94672  94671     45
  95052 83262      412.6591    82      414.6798      408.2067  3691838    1.56%          x.6.40 U  95052  95050     31
  95405 83573      411.6888    84      414.6798      408.2100  3703829    1.56%         x.34.27 D  95405  95404     60
  95762 83890      412.0947    88      414.6798      408.2127  3715071    1.56%         x.19.57 D  95762  95760     26
  96170 84248      413.2788    78      414.6798      408.2151  3726747    1.56%         x.34.27 D  96170  96169     56
  96568 84603      410.8104    82      414.6798      408.2182  3738181    1.56%         x.20.15 D  96568  96567     55
  96926 84910        cutoff            414.6798      408.2219  3749708    1.56%         x.34.27 D  96926  96925     43
  97282 85225      414.0131    88      414.6798      408.2268  3761262    1.56%          x.8.29 U  97282  97280     36
Elapsed time = 819.22 sec. (1051918.94 ticks, tree = 3937.49 MB, solutions = 18)
Nodefile size = 1890.41 MB (1865.37 MB after compression)
  97670 85567      411.9575    89      414.6798      408.2309  3772947    1.56%         x.55.40 U  97670  97669     32
  98032 85877      409.6066    94      414.6798      408.2332  3783737    1.55%         x.28.32 D  98032  98031     60
  98355 86152      414.3119    78      414.6798      408.2379  3796176    1.55%         x.22.27 D  98355  98354     83
  98700 86445      414.0004    75      414.6798      408.2413  3807636    1.55%         x.22.27 D  98700  98699     78
  98963 86673      413.9442    82      414.6798      408.2436  3819045    1.55%         x.12.36 D  98963  98962     38
  99287 86944      411.6515    71      414.6798      408.2461  3831204    1.55%         x.55.40 U  99287  99286     53
  99608 87228        cutoff            414.6798      408.2493  3842376    1.55%         x.28.53 U  99608  99606     47
 100000 87570      409.9142    92      414.6798      408.2519  3854054    1.55%         x.28.43 D 100000  99999     36
 100380 87911      410.8009    81      414.6798      408.2527  3864580    1.55%          x.50.3 D 100380 100379     83
 100725 88220      412.2602    87      414.6798      408.2548  3876388    1.55%          x.44.6 D 100725 100724     39
Elapsed time = 850.48 sec. (1090280.61 ticks, tree = 4101.55 MB, solutions = 18)
Nodefile size = 2054.20 MB (2026.67 MB after compression)
 101030 88486      412.9433    77      414.6798      408.2573  3888246    1.55%         x.20.15 N 101030 101029     35
 101304 88724      411.8346    87      414.6798      408.2611  3899583    1.55%          x.50.1 D 101304 101303     48
 101634 89006      410.6191    86      414.6798      408.2658  3912080    1.55%          x.56.6 N 101634 101633     33
 101995 89331      409.7597    95      414.6798      408.2673  3924118    1.55%         x.55.40 U 101995 101994     19
 102390 89677      412.8409    78      414.6798      408.2704  3935060    1.55%         x.24.28 D 102390 102389     74
 102736 89973      412.0152    87      414.6798      408.2748  3947334    1.54%         x.24.37 D 102736 102735     49
 103070 90270      411.9642    93      414.6798      408.2802  3959270    1.54%         x.53.17 U 103070 103069     31
 103403 90558      411.9712    85      414.6798      408.2815  3970180    1.54%         x.28.58 U 103403 103401     30
 103741 90862      412.8127    85      414.6798      408.2829  3980613    1.54%         x.14.27 D 103741 103740     53
 104136 91210      409.9097    81      414.6798      408.2850  3991612    1.54%         x.28.26 D 104136 104135     25
Elapsed time = 880.98 sec. (1128509.45 ticks, tree = 4266.58 MB, solutions = 18)
Nodefile size = 2219.08 MB (2189.15 MB after compression)
 104490 91526      411.2892    83      414.6798      408.2869  4002010    1.54%          x.24.4 D 104490 104489     30
 104854 91837      410.3202    79      414.6798      408.2891  4012821    1.54%         x.19.57 U 104854 104853     20
 105193 92130      412.9768    87      414.6798      408.2913  4025091    1.54%         x.19.57 U 105193 105192     43
 105504 92377      410.3780    94      414.6798      408.2956  4036292    1.54%          x.45.6 U 105504  18733     21
 105798 92625        cutoff            414.6798      408.2984  4047246    1.54%         x.24.42 U 105798 105796     76
 106120 92883      411.1842    90      414.6798      408.3036  4058747    1.54%          x.25.4 D 106120 106119     28
 106488 93213      411.7273    80      414.6798      408.3067  4070256    1.54%          x.24.4 U 106488 106485     18
 106822 93501      412.4804    80      414.6798      408.3078  4081247    1.54%          x.6.42 D 106822 106821     90
 107146 93768      408.8834    98      414.6798      408.3129  4093629    1.54%         x.28.26 D 107146 107145     23
 107480 94059      411.6958    78      414.6798      408.3146  4104061    1.53%         x.12.36 D 107480 107479     66
Elapsed time = 911.35 sec. (1166760.17 ticks, tree = 4425.56 MB, solutions = 18)
Nodefile size = 2377.62 MB (2345.28 MB after compression)
 107844 94354      410.9874    84      414.6798      408.3172  4115586    1.53%          x.50.0 D 107844 107843     93
 108196 94666      412.2362    71      414.6798      408.3194  4125770    1.53%         x.24.39 D 108196 108195    108
 108588 95020      413.1175    76      414.6798      408.3210  4137856    1.53%          x.12.9 D 108588 108587     40
 108960 95354      409.7163    93      414.6798      408.3237  4148399    1.53%          x.38.6 D 108960 108959     23
 109305 95655      414.5160    62      414.6798      408.3273  4159654    1.53%          x.33.3 U 109305 109304     82
 109662 95974        cutoff            414.6798      408.3286  4169173    1.53%         x.24.42 D 109662 109661     64
 110013 96280      410.0507    88      414.6798      408.3311  4180437    1.53%          x.45.6 D 110013 110012     23
 110385 96609      413.1041    81      414.6798      408.3329  4191636    1.53%           x.1.6 U 110385 110383     26
 110709 96880      413.8757    88      414.6798      408.3352  4203664    1.53%          x.12.7 N 110709 110708     55
 111059 97178      412.1765    82      414.6798      408.3385  4215132    1.53%          x.45.6 U 111059 111056     33
Elapsed time = 942.05 sec. (1205037.12 ticks, tree = 4600.70 MB, solutions = 18)
Nodefile size = 2552.93 MB (2517.53 MB after compression)
 111430 97511      412.2707    80      414.6798      408.3397  4224333    1.53%          x.24.0 D 111430 111429     39
 111758 97780      412.3458    87      414.6798      408.3422  4236292    1.53%         x.52.39 D 111758 111757     20
 112108 98087      412.0192    95      414.6798      408.3447  4247701    1.53%         x.28.41 D 112108 112107     45
 112441 98372      412.8282    85      414.6798      408.3477  4258219    1.53%           x.8.7 U 112441 112439     35
 112793 98679      412.8362    85      414.6798      408.3499  4269177    1.53%         x.20.15 D 112793 112792     65
 113166 98991      414.2142    71      414.6798      408.3517  4280115    1.53%         x.15.39 D 113166 113165     87
 113508 99301      409.4166    94      414.6798      408.3531  4289740    1.53%          x.48.6 D 113508 113507     24
 113870 99619      412.6074    98      414.6798      408.3555  4300619    1.53%         x.58.19 D 113870 113869     37
 114230 99933      412.8841    65      414.6798      408.3568  4312296    1.52%         x.24.42 D 114230 114229     48
 114566 100222      412.1440    80      414.6798      408.3603  4323595    1.52%         x.24.37 D 114566 114565     60
Elapsed time = 972.42 sec. (1243235.90 ticks, tree = 4773.30 MB, solutions = 18)
Nodefile size = 2725.44 MB (2686.83 MB after compression)
 114881 100478      412.1912    91      414.6798      408.3632  4335141    1.52%          x.44.9 D 114881 114880     46
 115220 100784      411.7860    84      414.6798      408.3657  4345669    1.52%         x.12.49 D 115220 115219     42
 115580 101096      409.4087    88      414.6798      408.3674  4357681    1.52%          x.22.4 D 115580 115579     17
 115978 101446      411.5936    81      414.6798      408.3688  4368782    1.52%           x.7.9 D 115978 115977     91
 116282 101700      409.8731    98      414.6798      408.3706  4380456    1.52%          x.28.2 U 116282  38804     22
 116539 101920      414.1280    87      414.6798      408.3724  4391275    1.52%          x.46.9 D 116539 116537     38
 116866 102189      413.4759    83      414.6798      408.3757  4401815    1.52%         x.12.49 D 116866 116865     40
 117281 102554      412.6834    76      414.6798      408.3775  4412877    1.52%         x.14.27 D 117281 117280     60
 117690 102917      412.8021    84      414.6798      408.3789  4423344    1.52%         x.28.33 D 117690 117689     47
 118039 103215      410.0808    93      414.6798      408.3812  4433577    1.52%         x.52.40 D 118039 118038     28
Elapsed time = 1003.65 sec. (1281480.48 ticks, tree = 4944.24 MB, solutions = 18)
Nodefile size = 2896.86 MB (2855.29 MB after compression)
 118363 103495      410.4431    89      414.6798      408.3825  4444842    1.52%          x.46.6 N 118363 118362     29
 118787 103881      411.2518    74      414.6798      408.3834  4455123    1.52%          x.31.4 D 118787 118786     34
 119122 104160      410.8557    93      414.6798      408.3852  4466931    1.52%          x.44.9 D 119122 119121     25
 119493 104488      411.5394    80      414.6798      408.3869  4477126    1.52%         x.28.58 D 119493 119492     41
 119878 104822      411.6536    87      414.6798      408.3888  4488109    1.52%           x.3.4 D 119878 119877     23
 120265 105146      413.6514    63      414.6798      408.3914  4498815    1.52%         x.20.20 U 120265 120264    111
 120600 105435      411.6040    96      414.6798      408.3929  4509172    1.52%         x.28.58 D 120600 120599     31
 120943 105740      410.3158    87      414.6798      408.3939  4519032    1.52%         x.12.49 D 120943 120942     71
 121340 106099      413.7849    83      414.6798      408.3949  4529528    1.52%           x.7.9 U 121340 121338     31
 121710 106421      411.8870    85      414.6798      408.3966  4540623    1.52%         x.28.38 D 121710 121709     44
Elapsed time = 1035.59 sec. (1319715.79 ticks, tree = 5128.69 MB, solutions = 18)
Nodefile size = 3080.96 MB (3035.70 MB after compression)
 122070 106734      414.2347    83      414.6798      408.3992  4552136    1.51%         x.14.27 N 122070 122069     39
 122440 107057      410.4800    91      414.6798      408.4001  4562785    1.51%          x.28.2 D 122440 122439     34
 122843 107417      411.8144    92      414.6798      408.4034  4572923    1.51%         x.28.58 D 122843 122842     31
 123174 107699      409.5873    93      414.6798      408.4057  4584396    1.51%          x.34.4 D 123174 123173     56
 123534 108014      409.3353    91      414.6798      408.4079  4595617    1.51%          x.46.6 D 123534 123533     30
 123818 108252      412.8429    89      414.6798      408.4095  4606851    1.51%          x.5.19 U 123818 123815     46
 124144 108523      408.9330    85      414.6798      408.4110  4617795    1.51%         x.55.40 U 124144 124143     14
 124554 108894      412.9004    73      414.6798      408.4117  4627750    1.51%          x.33.9 D 124554 124553     45
 124876 109172      412.3623    88      414.6798      408.4129  4638304    1.51%          x.52.6 U 124876 124874     29
 125204 109448      411.0394    87      414.6798      408.4145  4649596    1.51%          x.23.6 U 125204   7918     22
Elapsed time = 1067.27 sec. (1357965.56 ticks, tree = 5304.17 MB, solutions = 18)
Nodefile size = 3256.56 MB (3207.92 MB after compression)
 125560 109761      412.0632    75      414.6798      408.4185  4660380    1.51%         x.12.55 D 125560 125559     60
 125923 110072        cutoff            414.6798      408.4197  4671376    1.51%          x.59.6 D 125923 125922     48
 126326 110426      411.9517    81      414.6798      408.4225  4680655    1.51%         x.12.49 D 126326 126325     71
 126730 110768      410.9224    99      414.6798      408.4238  4690885    1.51%          x.31.4 D 126730 126729     30
 127024 111005      412.5948    95      414.6798      408.4258  4701590    1.51%          x.54.6 U 127024 127022     27
 127369 111297      413.7353    81      414.6798      408.4270  4712635    1.51%         x.24.37 D 127369 127368     70
 127737 111626      412.1840    76      414.6798      408.4281  4722609    1.51%         x.19.57 U 127737 127736     59
 128109 111954      412.3101    82      414.6798      408.4297  4732514    1.51%          x.55.4 D 128109 128108     43
 128470 112285      413.7877    75      414.6798      408.4308  4742991    1.51%         x.15.56 N 128470 128469     66
 128830 112588      414.2514    80      414.6798      408.4331  4754442    1.51%         x.50.15 D 128830 128829     37
Elapsed time = 1099.01 sec. (1396176.46 ticks, tree = 5488.25 MB, solutions = 18)
Nodefile size = 3440.54 MB (3388.32 MB after compression)
 129230 112941      411.2011    79      414.6798      408.4344  4764472    1.51%         x.34.27 D 129230 129229     98
 129600 113245      411.8620    82      414.6798      408.4378  4775700    1.51%         x.31.19 D 129600 129599     47
 130005 113604      411.6074    72      414.6798      408.4398  4785576    1.50%         x.50.41 D 130005 130004    108
 130380 113929      411.0875    85      414.6798      408.4408  4796115    1.50%         x.28.35 D 130380 130379     35
 130690 114202      411.7171    86      414.6798      408.4424  4806636    1.50%         x.28.45 D 130690 130689     43
 131086 114555      413.1477    82      414.6798      408.4437  4817282    1.50%           x.7.9 D 131086 131084     37
 131454 114885      411.6670    77      414.6798      408.4453  4827530    1.50%         x.24.37 D 131454 131453     53
 131826 115205      411.4445    85      414.6798      408.4470  4837506    1.50%         x.20.21 U 131826 131823     32
 132151 115483      412.8318    84      414.6798      408.4505  4847752    1.50%         x.52.39 D 132151 132150     47
 132510 115790      412.2744    79      414.6798      408.4523  4858612    1.50%         x.12.36 D 132510 132509     57
Elapsed time = 1131.12 sec. (1434492.47 ticks, tree = 5677.28 MB, solutions = 18)
Nodefile size = 3629.47 MB (3573.46 MB after compression)
 132927 116159      413.2685    77      414.6798      408.4533  4868459    1.50%           x.8.7 D 132927 132926     79
 133290 116455      412.8879    79      414.6798      408.4543  4878978    1.50%         x.24.25 D 133290 133289     90
 133610 116713      413.4191    83      414.6798      408.4551  4889611    1.50%          x.50.3 D 133610 133609     66
 133975 117026      411.3137    73      414.6798      408.4564  4900635    1.50%          x.8.41 D 133975 133974     46
 134345 117352      410.3776    85      414.6798      408.4578  4910548    1.50%          x.45.6 N 134345  54580     25
 134717 117672      410.4055    79      414.6798      408.4591  4921514    1.50%          x.47.6 D 134717 134716     28
 135086 118006      411.8416    75      414.6798      408.4610  4930445    1.50%          x.38.6 U 135086  25617     22
 135430 118304      413.8765    87      414.6798      408.4617  4939897    1.50%         x.12.36 N 135430 135428     42
 135770 118585      411.3677    92      414.6798      408.4636  4949990    1.50%          x.24.4 U 135770 135768     23
 136147 118910      411.3662    85      414.6798      408.4657  4960325    1.50%          x.28.1 D 136147 136146     50
Elapsed time = 1162.62 sec. (1472683.36 ticks, tree = 5862.87 MB, solutions = 18)
Nodefile size = 3814.91 MB (3754.96 MB after compression)
 136494 119216      412.9316    84      414.6798      408.4680  4970325    1.50%           x.1.6 U 136494 136492     25
 136876 119552      410.8240    85      414.6798      408.4707  4980179    1.50%          x.23.4 D 136876 136875     39
 137200 119822      410.6398    85      414.6798      408.4725  4989876    1.50%          x.9.50 D 137200 137199     37
 137549 120115      411.7838    78      414.6798      408.4738  5001110    1.50%         x.31.19 D 137549 137548     38
 137910 120437      410.7362    79      414.6798      408.4758  5011224    1.50%         x.19.57 U 137910 137909     32
 138267 120730      413.0253    89      414.6798      408.4784  5021236    1.50%         x.28.38 D 138267 138266     47
 138609 121020      411.8955    81      414.6798      408.4806  5032313    1.49%           x.3.4 D 138609 138608     26
 138965 121339      413.3136    75      414.6798      408.4822  5041863    1.49%          x.33.9 D 138965 138964    108
 139393 121717      410.5587    77      414.6798      408.4837  5051539    1.49%          x.24.4 U 139393 139391     16
 139780 122041      410.1618    83      414.6798      408.4863  5061652    1.49%          x.29.4 D 139780 139779     59
Elapsed time = 1193.72 sec. (1510899.83 ticks, tree = 6050.17 MB, solutions = 18)
Nodefile size = 4002.46 MB (3938.51 MB after compression)
 140144 122352      410.5915    91      414.6798      408.4881  5072465    1.49%          x.28.0 D 140144 140143     52
 140520 122692      413.5260    72      414.6798      408.4887  5081442    1.49%         x.24.42 D 140520 140519    100
 140958 123084      412.3501    76      414.6798      408.4897  5090755    1.49%           x.7.9 D 140958 140957     41
 141279 123374      414.3243    82      414.6798      408.4908  5099830    1.49%          x.27.9 D 141279 141278     71
 141605 123655      413.1114    76      414.6798      408.4927  5110698    1.49%         x.47.35 U 141605 141604     31
 141989 123983      412.2464    95      414.6798      408.4939  5120857    1.49%         x.52.39 D 141989 141988     53
 142367 124316      409.4288    91      414.6798      408.4953  5130949    1.49%         x.19.57 U 142367 142366     48
 142726 124634      414.5846    64      414.6798      408.4991  5140729    1.49%         x.57.46 D 142726 142725     73
 143032 124888      411.6741    74      414.6798      408.5005  5150679    1.49%           x.8.7 D 143032 143031     30
 143360 125176      409.1377    93      414.6798      408.5023  5160647    1.49%         x.47.35 D 143360 143358     16
Elapsed time = 1224.85 sec. (1549133.33 ticks, tree = 6238.44 MB, solutions = 18)
Nodefile size = 4191.25 MB (4123.22 MB after compression)
 143736 125498      410.7895    72      414.6798      408.5042  5170817    1.49%         x.52.24 U 143736 143735     44
 144094 125807      414.5137    88      414.6798      408.5051  5181373    1.49%           x.3.4 D 144094 144093     45
 144440 126126      412.5728    79      414.6798      408.5063  5190051    1.49%          x.50.2 D 144440 144439     91
 144800 126433      411.5635    71      414.6798      408.5079  5199289    1.49%          x.8.46 D 144800 144799     41
 145210 126786      411.5613    75      414.6798      408.5104  5209361    1.49%          x.6.40 U 145210 145209     29
 145615 127146      412.6902    89      414.6798      408.5123  5219189    1.49%          x.24.4 D 145615 145614     33
 145960 127439      413.4331    78      414.6798      408.5132  5229449    1.49%         x.15.27 D 145960 145959     43
 146363 127768      409.8981    89      414.6798      408.5146  5238991    1.49%          x.25.9 U 146363 129147     16
 146737 128104      412.6919    82      414.6798      408.5155  5249159    1.49%         x.20.20 D 146737 146736     51
 147093 128406      411.6704    84      414.6798      408.5178  5259640    1.49%         x.12.49 D 147093 147092     38
Elapsed time = 1256.25 sec. (1587564.78 ticks, tree = 6433.23 MB, solutions = 18)
Nodefile size = 4386.08 MB (4313.61 MB after compression)
 147469 128739      412.9089    78      414.6798      408.5193  5269062    1.49%         x.12.12 D 147469 147468     60
 147824 129040        cutoff            414.6798      408.5207  5279520    1.49%         x.50.15 U 147824 147822     95
 148150 129319      412.6204    89      414.6798      408.5228  5290661    1.48%          x.6.40 D 148150 148148     32
 148457 129576      413.0669    80      414.6798      408.5252  5300907    1.48%         x.50.18 D 148457 148456     73
 148837 129904      411.1202    91      414.6798      408.5268  5310636    1.48%          x.23.6 U 148837  49121     26
 149200 130221      411.2759    85      414.6798      408.5304  5320374    1.48%         x.19.57 U 149200 149199     51
 149556 130511      411.0302    89      414.6798      408.5318  5330740    1.48%          x.29.4 D 149556 149555     22
 149899 130807      410.8289    89      414.6798      408.5342  5341067    1.48%          x.54.6 D 149899 149898     28
 150264 131133      408.6390    91      414.6798      408.5355  5350534    1.48%           x.3.4 D 150264 150263     16
 150653 131489      412.0074    86      414.6798      408.5364  5359962    1.48%         x.19.19 D 150653 150652     38
Elapsed time = 1287.66 sec. (1625988.33 ticks, tree = 6620.29 MB, solutions = 18)
Nodefile size = 4573.04 MB (4496.59 MB after compression)
 151000 131810      413.7808    80      414.6798      408.5373  5368890    1.48%         x.14.27 D 151000 150999     78
 151406 132165      411.6809    81      414.6798      408.5386  5378634    1.48%          x.25.4 U 151406 151404     18
 151810 132511      409.9531    81      414.6798      408.5401  5388892    1.48%          x.24.4 D 151810 151809     19
 152130 132776      409.5864    93      414.6798      408.5417  5398778    1.48%         x.28.29 D 152130 152129     50
 152452 133059      410.1676    84      414.6798      408.5433  5408153    1.48%           x.8.7 D 152452 152451     69
 152841 133400      414.3695    73      414.6798      408.5445  5417918    1.48%         x.34.27 N 152841 152840     67
 153200 133712      412.4655    82      414.6798      408.5464  5427732    1.48%           x.3.4 U 153200 153198     27
 153588 134060      412.8014    79      414.6798      408.5476  5437573    1.48%         x.12.49 D 153588 153587     80
 153934 134365      414.1333    66      414.6798      408.5490  5446642    1.48%          x.5.42 U 153934 153933    115
 154254 134641      412.5162    77      414.6798      408.5499  5456341    1.48%          x.8.46 D 154254 154253     46
Elapsed time = 1319.06 sec. (1664414.43 ticks, tree = 6812.56 MB, solutions = 18)
Nodefile size = 4765.46 MB (4684.82 MB after compression)
 154615 134969      412.9974    77      414.6798      408.5520  5466201    1.48%         x.50.41 U 154615 154614     79
 154987 135297      412.3412    95      414.6798      408.5530  5476022    1.48%         x.28.26 U 154987 154984     38
 155418 135684      409.2462    88      414.6798      408.5554  5485524    1.48%          x.25.4 D 155418 155417     18
 155778 135991      410.2426    82      414.6798      408.5563  5495963    1.48%          x.25.4 D 155778 155777     22
 156187 136365      412.7173    71      414.6798      408.5584  5505358    1.48%         x.50.28 D 156187 156186     71
 156567 136711      409.9115    93      414.6798      408.5600  5515270    1.48%          x.34.4 D 156567 156566     21
 156899 136994      412.3172    86      414.6798      408.5625  5525711    1.48%          x.52.6 N 156899 156898     36
 157220 137272      414.1047    74      414.6798      408.5652  5535251    1.47%         x.22.27 D 157220 157219     78
 157551 137548      412.5563    75      414.6798      408.5675  5546076    1.47%           x.3.4 D 157551 157550     56
 157890 137855      409.0896    90      414.6798      408.5686  5555652    1.47%          x.29.4 D 157890 157889     14
Elapsed time = 1350.49 sec. (1702652.44 ticks, tree = 7009.35 MB, solutions = 18)
Nodefile size = 4961.83 MB (4876.76 MB after compression)
 158208 138113      412.8537    77      414.6798      408.5707  5565752    1.47%         x.55.40 U 158208 158207     62
 158529 138400      411.3590    85      414.6798      408.5732  5576112    1.47%          x.52.6 D 158529 158528     33
 158800 138621      411.6307    81      414.6798      408.5759  5586515    1.47%          x.52.6 D 158800 158799     33
 159176 138956      410.6811    81      414.6798      408.5774  5595718    1.47%         x.20.37 D 159176 159175     56
 159551 139294      412.7599    80      414.6798      408.5779  5605312    1.47%         x.50.41 D 159551 159550     89
 159920 139614      411.7794    81      414.6798      408.5792  5613831    1.47%          x.12.0 D 159920 159919     86
 160280 139934      412.5555    83      414.6798      408.5804  5623355    1.47%          x.8.41 D 160280 160279     33
 160624 140241      412.3619    88      414.6798      408.5830  5634346    1.47%         x.12.36 D 160624 160623     43
 161017 140594      412.1768    83      414.6798      408.5839  5644011    1.47%         x.50.20 D 161017 161016    121
 161402 140921      412.8298    89      414.6798      408.5854  5654369    1.47%          x.2.35 N 161402 161401     34
Elapsed time = 1382.47 sec. (1740902.44 ticks, tree = 7198.17 MB, solutions = 18)
Nodefile size = 5150.70 MB (5061.63 MB after compression)
 161777 141255      413.4776    85      414.6798      408.5868  5664184    1.47%          x.55.4 D 161777 161776     40
 162156 141583      412.6353    74      414.6798      408.5884  5673499    1.47%          x.38.9 D 162156 162155     65
 162518 141905      413.0853    73      414.6798      408.5891  5683574    1.47%         x.12.36 D 162518 162517     41
 162880 142225      409.0657    82      414.6798      408.5903  5692365    1.47%         x.28.13 D 162880 162879     52
 163217 142501      410.1377    79      414.6798      408.5928  5702183    1.47%         x.28.58 D 163217 163216     33
 163560 142797      409.9659    92      414.6798      408.5935  5712575    1.47%         x.28.53 D 163560 163559     50
 163892 143081      409.5775    90      414.6798      408.5954  5722470    1.47%           x.3.4 N 163892  40131     28
 164225 143365      411.3135    91      414.6798      408.5971  5731249    1.47%          x.31.4 D 164225 164224     23
 164660 143757      411.6707    83      414.6798      408.5977  5740193    1.47%         x.14.27 D 164660 164659     65
 164977 144029      414.6686    58      414.6798      408.5985  5749772    1.47%           x.0.9 D 164977 164976     74
Elapsed time = 1413.88 sec. (1779110.11 ticks, tree = 7390.52 MB, solutions = 18)
Nodefile size = 5343.25 MB (5249.75 MB after compression)
 165309 144311      411.4761    91      414.6798      408.6021  5759905    1.47%          x.8.29 D 165309 165308     26
 165605 144566      413.7052    88      414.6798      408.6033  5769707    1.47%          x.46.9 N 165605 165602     47
 165986 144902      410.0759    93      414.6798      408.6048  5778877    1.46%          x.44.6 D 165986 165985     23
 166360 145234      414.1105    88      414.6798      408.6055  5787641    1.46%          x.25.9 D 166360 166359     54
 166734 145555      411.1072    90      414.6798      408.6074  5797324    1.46%          x.55.4 D 166734 166733     29
 167066 145840      410.9917    91      414.6798      408.6090  5805996    1.46%           x.7.9 D 167066 167065     32
 167416 146148      410.0207   100      414.6798      408.6103  5814507    1.46%           x.1.6 D 167416 167415     38
 167736 146419      414.2135    75      414.6798      408.6140  5824937    1.46%         x.58.15 D 167736 167735     85
 168051 146687      410.1809    88      414.6798      408.6152  5835413    1.46%          x.40.9 D 168051 168050     18
 168419 147018      409.3587    94      414.6798      408.6172  5845264    1.46%         x.19.57 D 168419  31209     11
Elapsed time = 1445.43 sec. (1817358.66 ticks, tree = 7576.19 MB, solutions = 18)
Nodefile size = 5528.54 MB (5431.09 MB after compression)
 168848 147398      411.8437    67      414.6798      408.6187  5853822    1.46%         x.12.53 D 168848 168847     97
 169255 147750      413.9702    75      414.6798      408.6201  5863748    1.46%          x.46.9 D 169255 169254     86
 169600 148048      411.9923    85      414.6798      408.6217  5873454    1.46%         x.15.14 D 169600 169599     57
 169935 148320      409.6275    89      414.6798      408.6231  5883519    1.46%           x.3.4 U 169935  10742     11
 170318 148644      410.4414    84      414.6798      408.6252  5893228    1.46%         x.19.57 U 170318 170317     15
 170682 148976      411.8361    82      414.6798      408.6270  5901846    1.46%         x.20.15 D 170682 170681     36
 171018 149265      414.5266    76      414.6798      408.6278  5911301    1.46%          x.38.9 D 171018 171017     38
 171333 149548      409.4021    88      414.6798      408.6297  5920322    1.46%          x.48.6 D 171333 171332     25
 171690 149871      411.5754    96      414.6798      408.6310  5929825    1.46%         x.28.49 D 171690 171689     49
 171981 150117      413.7267    76      414.6798      408.6321  5940362    1.46%         x.12.46 D 171981 171980     70
Elapsed time = 1477.02 sec. (1855693.01 ticks, tree = 7769.90 MB, solutions = 18)
Nodefile size = 5722.79 MB (5621.10 MB after compression)
 172308 150395      410.0805    92      414.6798      408.6337  5950136    1.46%          x.8.29 D 172308 172307     15
 172678 150721      411.7184    92      414.6798      408.6352  5959672    1.46%          x.46.9 D 172678 172677     49
 173016 151017      412.6616    90      414.6798      408.6365  5969775    1.46%         x.28.58 D 173016 173015     42
 173322 151280      412.7908    85      414.6798      408.6371  5979452    1.46%          x.25.9 D 173322 173321     41
 173640 151552      412.3227    76      414.6798      408.6390  5989286    1.46%         x.12.12 D 173640 173639     48
 174014 151867      413.7719    73      414.6798      408.6395  5998966    1.46%         x.20.37 D 174014 174012     43
 174400 152211      412.3740    83      414.6798      408.6418  6007938    1.46%         x.15.56 D 174400 174399     46
 174739 152499      414.1370    76      414.6798      408.6444  6018441    1.46%         x.12.49 U 174739 174737     46
 175129 152840      409.1945    92      414.6798      408.6452  6027044    1.46%          x.55.4 D 175129 175128     20
 175431 153110      412.2761    80      414.6798      408.6468  6035783    1.45%          x.44.9 D 175431 175430     64
Elapsed time = 1508.62 sec. (1894080.94 ticks, tree = 7958.43 MB, solutions = 18)
Nodefile size = 5910.53 MB (5804.42 MB after compression)
 175769 153403      412.6480    88      414.6798      408.6478  6045081    1.45%          x.23.4 D 175769 175768     34
 176145 153727      410.4416    90      414.6798      408.6489  6054705    1.45%          x.37.4 D 176145 176144     23
 176466 154017      414.5591    78      414.6798      408.6509  6064869    1.45%         x.24.13 D 176466 176465     80
 176833 154327      411.7760    86      414.6798      408.6521  6074238    1.45%          x.23.4 D 176833 176832     24
 177170 154619      412.8404    77      414.6798      408.6543  6083748    1.45%          x.15.7 D 177170 177169     72
 177488 154894      414.6481    82      414.6798      408.6554  6093835    1.45%         x.52.39 U 177488 177485     39
 177846 155216      410.7606    87      414.6798      408.6574  6102826    1.45%          x.34.4 D 177846 177845     21
 178240 155573      411.8614    73      414.6798      408.6589  6112246    1.45%         x.28.41 D 178240 178239     30
 178599 155878      413.5017    73      414.6798      408.6598  6121369    1.45%         x.24.47 D 178599 178598     88
 178921 156157      413.2021    84      414.6798      408.6612  6129882    1.45%         x.24.13 D 178921 178920     66
Elapsed time = 1540.37 sec. (1932281.65 ticks, tree = 8151.05 MB, solutions = 18)
Nodefile size = 6103.95 MB (5993.39 MB after compression)
 179370 156565      410.7885    77      414.6798      408.6618  6138556    1.45%         x.12.49 D 179370 179369     40
 179702 156837      413.3907    91      414.6798      408.6632  6148176    1.45%         x.15.28 D 179702 179701     44
 180040 157123      412.8215    85      414.6798      408.6639  6158318    1.45%         x.50.41 D 180040 180039     77
 180372 157422      412.3665    71      414.6798      408.6657  6168597    1.45%         x.19.57 U 180372 180371     29
 180720 157711      410.2166    88      414.6798      408.6678  6178116    1.45%          x.31.4 D 180720 180719     18
 181091 158039      412.9784    72      414.6798      408.6688  6186545    1.45%         x.12.46 D 181091 181090     46
 181410 158321      413.5450    88      414.6798      408.6701  6195389    1.45%         x.50.11 D 181410 181409     73
 181795 158657      411.9042    93      414.6798      408.6713  6205023    1.45%          x.52.6 D 181795 181794     33
 182173 158989      409.7957    89      414.6798      408.6723  6213936    1.45%          x.40.6 D 182173 182172     31
 182556 159322      411.5949    84      414.6798      408.6729  6222366    1.45%         x.20.15 D 182556 182555     47
Elapsed time = 1571.89 sec. (1970516.62 ticks, tree = 8351.71 MB, solutions = 18)
Nodefile size = 6304.15 MB (6189.41 MB after compression)
 182830 159558      410.2788    89      414.6798      408.6738  6230997    1.45%          x.37.4 N 182830 182829     23
 183175 159856      412.6705    83      414.6798      408.6745  6240852    1.45%          x.8.46 D 183175 183174     50
 183504 160143      410.3989    95      414.6798      408.6757  6250181    1.45%          x.40.6 D 183504 183502     32
 183851 160435      411.9730    80      414.6798      408.6771  6259304    1.45%          x.6.40 D 183851 183850     21
 184230 160747      412.1827    83      414.6798      408.6784  6269465    1.45%          x.20.4 U 184230  50524     22
 184562 161033      412.8599    91      414.6798      408.6796  6278879    1.45%          x.33.9 D 184562 184561     71
 184986 161395      411.5376    85      414.6798      408.6808  6287968    1.45%         x.31.19 D 184986 184984     29
 185268 161634      412.9545    82      414.6798      408.6825  6297333    1.45%          x.46.9 D 185268 185267     33
 185678 162006      412.4442    79      414.6798      408.6837  6306059    1.45%         x.15.39 D 185678 185677     41
 186000 162274      412.6857    80      414.6798      408.6839  6315323    1.45%          x.8.46 D 186000 185999     43
Elapsed time = 1603.43 sec. (2008860.66 ticks, tree = 8540.07 MB, solutions = 18)
Nodefile size = 6492.13 MB (6373.09 MB after compression)
 186344 162576      413.9985    70      414.6798      408.6850  6325186    1.45%         x.34.27 D 186344 186343     83
 186699 162873      412.5289    79      414.6798      408.6860  6334160    1.45%          x.23.4 D 186699 186698     33
 187024 163159      414.6703    48      414.6798      408.6881  6344326    1.44%         x.12.49 N 187024 187023     52
 187433 163513      409.5390    90      414.6798      408.6887  6352376    1.44%          x.34.4 D 187433 187432     21
 187773 163810      409.4709    85      414.6798      408.6895  6361608    1.44%         x.12.12 D 187773 187772     77
 188139 164138      411.9991    86      414.6798      408.6902  6370368    1.44%         x.50.16 D 188139 188138     77
 188490 164438      412.5287    74      414.6798      408.6915  6379750    1.44%          x.6.42 D 188490 188489    102
 188815 164722      411.0804    86      414.6798      408.6938  6389924    1.44%          x.25.4 D 188815 188814     20
 189175 165049      409.6778    84      414.6798      408.6951  6399853    1.44%          x.25.4 N 189175 138980     16
 189554 165376        cutoff            414.6798      408.6967  6408963    1.44%         x.32.27 U 189554 189552    106
Elapsed time = 1638.39 sec. (2047132.38 ticks, tree = 8739.11 MB, solutions = 18)
Nodefile size = 6691.41 MB (6567.55 MB after compression)
 189856 165624      412.0848    91      414.6798      408.6989  6419302    1.44%         x.57.41 D 189856 189855     27
 190205 165928      413.9451    80      414.6798      408.6999  6429709    1.44%          x.12.9 U 190205 190203     32
 190541 166211      411.6163    84      414.6798      408.7006  6438742    1.44%          x.56.6 D 190541 190540     49
 190885 166517      412.4037    93      414.6798      408.7015  6447627    1.44%          x.40.6 D 190885 190884     39
 191167 166741      409.8553    89      414.6798      408.7035  6458042    1.44%         x.20.11 D 191167 191166     25
 191615 167126      410.7747    90      414.6798      408.7043  6466001    1.44%         x.28.40 D 191615 191614     31
 191996 167462      414.4473    81      414.6798      408.7053  6475617    1.44%         x.24.42 U 191996 191994     57
 192365 167787      410.0663    94      414.6798      408.7066  6483959    1.44%         x.28.37 D 192365 192364     38
 192751 168126      409.6409    89      414.6798      408.7090  6492398    1.44%         x.28.58 N 192751 192750     32
 193066 168407      414.6313    81      414.6798      408.7096  6501317    1.44%           x.6.4 D 193066 193065     72
Elapsed time = 1673.57 sec. (2085327.30 ticks, tree = 8934.25 MB, solutions = 18)
Nodefile size = 6886.39 MB (6757.99 MB after compression)
 193412 168687      410.8524    94      414.6798      408.7111  6509561    1.44%         x.53.17 U 193412 193411     32
 193697 168930      411.9806    73      414.6798      408.7124  6518660    1.44%         x.12.36 D 193697 193696     45
 194059 169244      412.0762    80      414.6798      408.7132  6528084    1.44%         x.19.57 U 194059 194058     41
 194431 169561      411.4254    87      414.6798      408.7137  6537657    1.44%          x.23.4 D 194431 194430     32
 194791 169879      412.3539    85      414.6798      408.7150  6546846    1.44%         x.44.36 D 194791 194790     52
 195085 170129      411.3053    86      414.6798      408.7161  6556356    1.44%         x.28.26 D 195085 195084     24
 195426 170414      413.9612    87      414.6798      408.7166  6566206    1.44%         x.24.37 D 195426 195425     53
 195750 170701      409.2330    83      414.6798      408.7178  6575077    1.44%          x.25.9 D 195750 195749     22
 196106 171009      412.5127    85      414.6798      408.7189  6583736    1.44%          x.52.6 N 196106 196105     42
 196475 171328      413.6294    77      414.6798      408.7198  6593082    1.44%         x.14.27 U 196475 196473     49
Elapsed time = 1709.18 sec. (2123608.16 ticks, tree = 9123.20 MB, solutions = 18)
Nodefile size = 7075.82 MB (6943.28 MB after compression)
 196867 171667      413.7870    76      414.6798      408.7204  6601974    1.44%          x.33.9 D 196867 196866    126
 197190 171946      410.2932    89      414.6798      408.7221  6612119    1.44%          x.25.4 D 197190 197188     30
 197545 172264      411.3517    81      414.6798      408.7233  6620866    1.44%         x.15.24 D 197545 197544     42
 197881 172564      411.2538    89      414.6798      408.7242  6629807    1.44%           x.7.9 D 197881 197880     66
 198220 172856      411.6018    84      414.6798      408.7251  6639314    1.44%         x.24.23 D 198220 198219     66
 198560 173146      412.6735    75      414.6798      408.7258  6648340    1.44%         x.12.52 D 198560 198559     79
 198918 173469      413.2188    81      414.6798      408.7265  6657418    1.44%          x.58.9 N 198918 198917    128
 199227 173725      409.2822    89      414.6798      408.7285  6665623    1.44%          x.55.4 D 199227 199226     18
 199554 174012      412.5753    87      414.6798      408.7297  6675332    1.43%          x.8.41 D 199554 199553     43
 199859 174259      414.2095    73      414.6798      408.7311  6685314    1.43%         x.50.41 U 199859 199856     53
Elapsed time = 1741.25 sec. (2161818.25 ticks, tree = 9313.34 MB, solutions = 18)
Nodefile size = 7265.79 MB (7129.08 MB after compression)
 200132 174488      413.6072    86      414.6798      408.7322  6694327    1.43%          x.2.35 D 200132 200131     38
 200473 174778      409.2688    90      414.6798      408.7329  6704099    1.43%         x.55.40 U 200473 200472     54
 200844 175103      410.8546    85      414.6798      408.7345  6713222    1.43%          x.24.4 D 200844 200843     27
 201200 175404      411.5517    73      414.6798      408.7356  6722374    1.43%         x.12.52 D 201200 201199     61
 201581 175728      410.5639    73      414.6798      408.7362  6731858    1.43%         x.52.24 U 201581 201580     44
 201899 175996      412.7229    83      414.6798      408.7374  6740616    1.43%         x.14.27 D 201899 201898     72
 202229 176279      414.3059    78      414.6798      408.7383  6750742    1.43%           x.7.9 N 202229 202227     45
 202555 176574      413.3503    82      414.6798      408.7385  6759700    1.43%         x.24.42 U 202555 202553     54
 202905 176886      413.2465    71      414.6798      408.7406  6769528    1.43%         x.58.15 U 202905 202904     86
 203220 177146      412.6419    72      414.6798      408.7418  6778554    1.43%         x.50.23 D 203220 203219    102
Elapsed time = 1774.11 sec. (2200273.39 ticks, tree = 9501.88 MB, solutions = 18)
Nodefile size = 7454.15 MB (7312.92 MB after compression)
 203590 177475      410.2379    87      414.6798      408.7423  6788173    1.43%          x.31.4 D 203590 203589     22
 203946 177791      412.3186    86      414.6798      408.7432  6797216    1.43%         x.15.56 D 203946 203945     46
 204268 178059      410.5887    88      414.6798      408.7448  6805886    1.43%          x.40.9 N 204268 204267     30
 204590 178328      410.5492    84      414.6798      408.7458  6815302    1.43%         x.47.35 U 204590 204589     30
 204978 178664      413.4392    76      414.6798      408.7463  6824953    1.43%         x.15.27 D 204978 204977     33
 205317 178966      411.3380    85      414.6798      408.7470  6833228    1.43%         x.15.55 D 205317 205316     28
 205701 179299      413.9926    65      414.6798      408.7476  6842009    1.43%         x.57.44 D 205701 205700    124
 206063 179615      412.9544    65      414.6798      408.7495  6851770    1.43%          x.50.3 D 206063 206062     39
 206446 179946      414.4885    77      414.6798      408.7506  6860329    1.43%         x.20.15 N 206446 206443     33
 206815 180248      410.8570    89      414.6798      408.7519  6870077    1.43%         x.28.17 D 206815 206814     48
Elapsed time = 1807.35 sec. (2238477.76 ticks, tree = 9705.31 MB, solutions = 18)
Nodefile size = 7657.75 MB (7511.22 MB after compression)
 207170 180562      414.4969    89      414.6798      408.7533  6879048    1.43%         x.24.47 D 207170 207169     47
 207517 180863      410.1815    88      414.6798      408.7539  6887720    1.43%         x.20.21 D 207517 207516     39
 207823 181131      412.2627    83      414.6798      408.7549  6896646    1.43%         x.24.51 D 207823 207822     84
 208242 181518      410.9074    85      414.6798      408.7555  6905239    1.43%         x.15.18 D 208242 208241     78
 208593 181821      410.4543    91      414.6798      408.7567  6914454    1.43%          x.29.4 D 208593 208592     15
 208947 182123      410.1738    87      414.6798      408.7574  6923671    1.43%          x.56.6 D 208947 208946     32
 209304 182424      409.7203    81      414.6798      408.7588  6932964    1.43%         x.15.27 D 209304 209303     34
 209658 182729      411.6701    80      414.6798      408.7603  6941624    1.43%         x.28.40 D 209658 209657     38
 210043 183056      410.7012    74      414.6798      408.7612  6949825    1.43%         x.12.59 D 210043 210042     57
 210399 183367      412.0066    87      414.6798      408.7622  6958700    1.43%         x.19.57 U 210399 210398     36
Elapsed time = 1841.40 sec. (2276700.88 ticks, tree = 9910.50 MB, solutions = 18)
Nodefile size = 7862.69 MB (7711.19 MB after compression)
 210740 183671      412.2204    86      414.6798      408.7631  6967752    1.43%         x.12.36 D 210740 210739     33
 211070 183962      410.7308    88      414.6798      408.7641  6976118    1.43%           x.8.7 D 211070 211069     58
 211463 184319      412.7072    83      414.6798      408.7653  6984810    1.43%          x.44.9 D 211463 211462     49
 211830 184640      414.0791    70      414.6798      408.7662  6994316    1.43%          x.47.4 D 211830 211829     94
 212140 184902      412.2713    91      414.6798      408.7692  7003879    1.43%          x.59.6 D 212140 212139     32
 212480 185207      411.5991    78      414.6798      408.7702  7013083    1.43%         x.50.41 D 212480 212479     72
 212787 185468      413.0847    88      414.6798      408.7715  7023118    1.42%          x.56.6 N 212787 212786     37
 213164 185798      410.6141    86      414.6798      408.7721  7031783    1.42%           x.8.7 D 213164 213163     70
 213512 186098      411.3977    76      414.6798      408.7730  7040045    1.42%         x.52.24 U 213512 213511     48
 213847 186377      411.5653    92      414.6798      408.7742  7049024    1.42%          x.22.4 D 213847 213846     27
Elapsed time = 1875.02 sec. (2314972.93 ticks, tree = 10109.64 MB, solutions = 18)
Nodefile size = 8062.40 MB (7906.12 MB after compression)
 214171 186671      414.1636    79      414.6798      408.7747  7057477    1.42%          x.13.9 D 214171 214169     55
 214510 186968      409.9009    90      414.6798      408.7754  7066350    1.42%          x.37.4 D 214510 214509     24
 214836 187249        cutoff            414.6798      408.7761  7075071    1.42%         x.22.27 D 214836 214835     87
 215200 187563      413.0153    67      414.6798      408.7775  7084134    1.42%         x.12.48 D 215200 215199     91
 215532 187854      410.3436    90      414.6798      408.7787  7094179    1.42%          x.46.6 D 215532 215531     32
 215874 188161      413.4093    82      414.6798      408.7792  7102178    1.42%          x.13.9 D 215874 215873     48
 216190 188430      411.8423    94      414.6798      408.7805  7111767    1.42%          x.23.4 D 216190 216189     18
 216511 188705      411.2251    84      414.6798      408.7819  7120855    1.42%         x.15.55 D 216511 216510     36
 216800 188962      412.3538    85      414.6798      408.7831  7129293    1.42%          x.25.4 D 216800 216799     42
 217130 189259      411.9038    86      414.6798      408.7837  7138637    1.42%         x.15.48 D 217130 217129     36
Elapsed time = 1909.20 sec. (2353664.54 ticks, tree = 10300.74 MB, solutions = 18)
Nodefile size = 8253.58 MB (8092.77 MB after compression)
 217495 189571      411.2250    74      414.6798      408.7843  7148032    1.42%         x.15.47 D 217495 217494     43
 217810 189840      412.8763    72      414.6798      408.7853  7157934    1.42%         x.12.59 D 217810 217809     50
 218140 190117      411.2890    88      414.6798      408.7864  7167308    1.42%         x.19.57 U 218140 218139     41
 218508 190432      413.1572    80      414.6798      408.7875  7175741    1.42%         x.15.18 D 218508 218507     86
 218870 190737      411.1075    79      414.6798      408.7887  7185065    1.42%         x.15.56 D 218870 218869     46
 219201 191027      409.8074    85      414.6798      408.7896  7193580    1.42%           x.3.4 D 219201 219200     24
 219545 191338      411.3971    81      414.6798      408.7905  7202968    1.42%          x.20.4 D 219545 219544     37
 219883 191636      411.2077    94      414.6798      408.7913  7212656    1.42%          x.23.4 D 219883 219882     22
 220261 191967      414.5069    71      414.6798      408.7925  7221206    1.42%         x.20.17 N 220261 220259     58
 220644 192312      412.0163    70      414.6798      408.7933  7230282    1.42%         x.28.26 D 220644 220643     77
Elapsed time = 1943.69 sec. (2391918.91 ticks, tree = 10504.13 MB, solutions = 18)
Nodefile size = 8456.37 MB (8290.49 MB after compression)
 220958 192586      413.6382    77      414.6798      408.7934  7238562    1.42%          x.50.3 D 220958 220957     78
 221290 192875      411.3136    77      414.6798      408.7964  7247538    1.42%         x.28.33 D 221290 221289     39
 221613 193151      411.1963    86      414.6798      408.7974  7256738    1.42%          x.24.4 D 221613 221612     29
 221957 193439      411.4098    88      414.6798      408.7982  7265629    1.42%          x.24.4 D 221957 221956     27
 222312 193748      410.1929    90      414.6798      408.7992  7274545    1.42%          x.40.6 D 222312 222311     30
 222600 193973        cutoff            414.6798      408.8000  7283767    1.42%          x.6.42 D 222600 222599     38
