proble size: m = 5 , n = 5 , seed = 3 
Benders' cuts separated to cut off: Integer and fractional infeasible solutions.
seed = 3
Version identifier: 20.1.0.0 | 2020-11-10 | 9bedb6d68
CPXPARAM_Threads                                 1
CPXPARAM_RandomSeed                              3
CPXPARAM_MIP_Strategy_CallbackReducedLP          0
CPXPARAM_MIP_Strategy_Search                     1
CPXPARAM_TimeLimit                               3600
CPXPARAM_MIP_Tolerances_AbsMIPGap                0
CPXPARAM_MIP_Tolerances_MIPGap                   0
Legacy callback                                  LU
Tried aggregator 1 time.
Reduced MIP has 60 rows, 3660 columns, and 3600 nonzeros.
Reduced MIP has 3600 binaries, 0 generals, 0 SOSs, and 0 indicators.
Presolve time = 0.01 sec. (1.40 ticks)
Probing time = 0.00 sec. (3.60 ticks)
Clique table members: 60.
MIP emphasis: balance optimality and feasibility.
MIP search method: traditional branch-and-cut.
Parallel mode: none, using 1 thread.
Root relaxation solution time = 0.00 sec. (0.75 ticks)

        Nodes                                         Cuts/
   Node  Left     Objective  IInf  Best Integer    Best Bound    ItCnt     Gap         Variable B NodeID Parent  Depth

      0     0        0.0000    48                      0.0000        0         
*     0+    0                         1768.9771        0.0000           100.00%
*     0+    0                         1306.3969        0.0000           100.00%
      0     0      185.5316    82     1306.3969     Fract: 37      225   85.80%
*     0+    0                         1080.6738      185.5316            82.83%
*     0+    0                          913.8473      185.5316            79.70%
      0     0      339.9144    87      913.8473     Fract: 30      379   62.80%
*     0+    0                          638.3712      339.9144            46.75%
      0     0      388.3812    93      638.3712 UserPurge2: 20      410   39.16%
*     0+    0                          485.6784      388.3812            20.03%
      0     0      394.4663    97      485.6784 UserPurge2: 7      421   18.78%
*     0+    0                          457.0135      394.4663            13.69%
      0     2      394.7586    94      457.0135      394.9533      421   13.58%                        0             0
Elapsed time = 0.16 sec. (170.16 ticks, tree = 0.01 MB, solutions = 7)
      8    10      404.4562    91      457.0135      403.5592     1760   11.70%         x.39.58 N      8      6      5
     23    25      407.3244    78      457.0135      403.5592     2940   11.70%          x.8.29 N     23     20     14
*    30+   30                          435.4655      403.5592             7.33%
*    40+   40                          417.1872      403.5592             3.27%
     40    42      406.5591    73      417.1872      403.5592     3835    3.27%         x.44.21 N     40     39     26
     54    56      408.7657    71      417.1872      403.5592     4758    3.27%          x.26.9 N     54     53     35
     65    67      409.4313    67      417.1872      403.5592     5429    3.27%         x.56.18 N     65     64     44
     75    71      409.8084    63      417.1872      403.5592     5832    3.27%          x.38.3 N     75     74     52
     91    82      411.1622    55      417.1872      403.5592     6468    3.27%         x.51.33 N     91     89     65
    112   101      411.5122    58      417.1872      403.5592     7154    3.27%         x.40.39 N    112    110     84
    132   112      416.3149    52      417.1872      403.5592     7974    3.27%           x.9.1 N    132    131    102
    179   154      410.3010    85      417.1872      403.6136    11829    3.25%         x.40.50 N    179    177     32
Elapsed time = 2.86 sec. (3379.98 ticks, tree = 2.02 MB, solutions = 9)
    240   215      411.5344    67      417.1872      403.6136    14608    3.25%          x.50.3 D    240    239     77
    303   261      405.4854    92      417.1872      403.8946    17395    3.19%          x.26.9 D    303    302     11
    394   352      412.3828    72      417.1872      403.8946    20563    3.19%         x.50.26 D    394    393    102
*   410+  366                          416.5709      404.0464             3.01%
    470   428      413.4796    70      416.5709      404.0464    23420    3.01%         x.32.24 D    470    469     71
    547   497      408.3554    85      416.5709      404.0566    26074    3.00%         x.58.15 N    547    546     31
    670   616      410.6788    57      416.5709      404.0566    28105    3.00%         x.36.48 D    670    669    154
    737   679      411.4722    50      416.5709      404.0566    29467    3.00%         x.17.25 N    737    736    221
    801   734      412.2171    47      416.5709      404.0566    30621    3.00%         x.50.57 N    801    800    285
*   810+  741                          416.5606      404.1296             2.98%
    850   783      411.9419    80      416.5606      404.1296    33666    2.98%          x.4.59 D    850    848     35
    920   852      414.8776    54      416.5606      404.1296    36441    2.98%         x.32.59 N    920    919     93
Elapsed time = 10.47 sec. (13015.44 ticks, tree = 16.77 MB, solutions = 11)
   1020   943      412.9128    71      416.5606      404.1601    39656    2.98%         x.21.44 D   1020   1019     88
   1137  1055      409.0647    79      416.5606      404.4306    42674    2.91%         x.40.29 N   1137   1136     45
   1255  1170      411.2364    49      416.5606      404.4306    44964    2.91%         x.56.18 D   1255   1254    163
   1350  1259      414.2626    44      416.5606      404.4306    47055    2.91%         x.47.49 D   1350   1349    258
   1414  1305      407.3758    92      416.5606      404.4496    49357    2.91%          x.8.29 D   1414   1413     17
   1490  1381      414.6864    70      416.5606      404.4496    52337    2.91%         x.39.59 D   1490   1489     93
   1602  1486      412.3083    61      416.5606      404.4613    55945    2.90%         x.57.44 N   1602   1601     85
   1717  1594      410.3213    89      416.5606      404.4698    59432    2.90%          x.26.9 N   1717   1715     23
   1816  1688      407.7412    87      416.5606      404.4778    63579    2.90%          x.26.9 N   1816   1815     26
   1947  1816      413.1304    74      416.5606      404.4778    67448    2.90%         x.53.39 N   1947   1946    157
Elapsed time = 17.86 sec. (22699.87 ticks, tree = 42.73 MB, solutions = 11)
   2062  1915      416.1444    53      416.5606      404.4778    69323    2.90%         x.50.16 N   2062   2061    272
   2156  2004      413.1942    78      416.5606      404.5361    72995    2.89%         x.32.44 D   2156   2155     92
   2306  2139      411.8684    80      416.5606      404.6062    76598    2.87%          x.27.9 N   2306   2305     40
   2402  2231      405.7360    92      416.5606      404.6871    79316    2.85%         x.47.35 N   2402   2401      7
   2500  2329      413.9325    75      416.5606      404.6871    83728    2.85%          x.9.44 N   2500   2499    105
   2592  2415      412.2143    83      416.5606      404.7077    87767    2.85%          x.0.38 U   2592   2591     35
   2722  2539      414.9120    66      416.5606      404.7260    92321    2.84%         x.40.29 N   2722   2721    107
   2811  2621      416.5161    74      416.5606      404.7587    96378    2.83%         x.44.36 N   2811   2810     63
   2910  2712      411.9024    88      416.5606      404.7829   100288    2.83%         x.18.13 D   2910   2909     23
   3022  2815      409.2027    79      416.5606      404.7867   104067    2.83%         x.19.57 U   3022   3021     19
Elapsed time = 25.15 sec. (32304.79 ticks, tree = 73.57 MB, solutions = 11)
   3114  2901      407.5349    89      416.5606      404.7995   108911    2.82%         x.39.35 U   3114   3113     15
   3252  3034      406.0744    98      416.5606      404.8196   112983    2.82%          x.6.59 D   3252   3251     11
   3388  3169      414.6600    58      416.5606      404.8196   116987    2.82%          x.46.3 D   3388   3387    147
   3494  3265      412.4192    78      416.5606      404.8351   120733    2.81%         x.15.39 D   3494   3493     70
   3600  3364      408.3469    90      416.5606      404.8714   124214    2.81%          x.5.19 D   3600   3599     16
   3703  3463      409.1854    83      416.5606      404.8774   128989    2.80%          x.12.9 N   3703   3701     24
   3825  3569      413.7954    58      416.5606      404.8774   133325    2.80%         x.42.33 N   3825   3824    117
*  3840+ 3465                          415.8860      404.8778             2.65%
   3884  3511      410.3646    80      415.8860      404.8778   135690    2.65%         x.37.52 D   3884   3883     55
   3944  3571      413.8860    67      415.8860      404.8778   137607    2.65%          x.33.8 N   3944   3943    115
   4021  3642      412.5572    94      415.8860      404.9035   140400    2.64%          x.22.9 D   4021   4020     41
Elapsed time = 32.75 sec. (42260.27 ticks, tree = 101.63 MB, solutions = 12)
   4100  3717      409.5630    90      415.8860      404.9348   143686    2.63%          x.2.35 D   4100   4099     29
   4200  3813      411.6997    84      415.8860      404.9514   147820    2.63%         x.43.37 D   4200   4199     46
*  4320+ 3872                          415.7352      405.0311             2.57%
   4320  3874      408.7830    82      415.7352      405.0311   151538    2.57%          x.41.9 U   4320   4317     15
   4390  3940      411.6499    68      415.7352      405.0311   154824    2.57%         x.22.25 D   4390   4388     66
*  4490+ 4000                          415.6875      405.0348             2.56%
   4490  4002      407.9348    76      415.6875      405.0348   157434    2.56%          x.29.3 D   4490   4489     13
   4543  4052      406.1240    91      415.6875      405.0954   159646    2.55%         x.55.40 U   4543   4542     11
   4600  4109      410.8958    77      415.6875      405.0954   161647    2.55%         x.23.44 D   4600   4599     68
   4696  4204      414.6716    57      415.6875      405.0954   163880    2.55%         x.56.18 D   4696   4695    164
   4753  4256      410.4265    89      415.6875      405.1130   166412    2.54%         x.54.52 D   4753   4752     39
   4839  4342      413.5624    66      415.6875      405.1130   168427    2.54%         x.17.21 D   4839   4838    125
Elapsed time = 40.40 sec. (52625.71 ticks, tree = 126.46 MB, solutions = 14)
   4937  4435      413.2096    80      415.6875      405.1156   172670    2.54%         x.34.20 D   4937   4936     78
   5031  4524      409.1135    76      415.6875      405.1192   175895    2.54%          x.0.38 U   5031   5030     54
   5134  4617      412.0837    52      415.6875      405.1192   179186    2.54%          x.28.0 D   5134   5132    133
   5240  4688      414.8211    24      415.6875      405.1192   180763    2.54%         x.16.23 N   5240   5239    230
   5334  4774      411.2442    80      415.6875      405.1551   183395    2.53%         x.47.44 D   5334   5333     96
   5452  4886      412.4039    83      415.6875      405.1651   186857    2.53%         x.52.40 D   5452   5451     20
   5560  4988      409.5061    79      415.6875      405.1986   190075    2.52%         x.59.44 D   5560   5559     59
   5700  5116      406.1888    84      415.6875      405.2008   193343    2.52%         x.24.19 D   5700   5699     12
   5803  5219      412.1858    72      415.6875      405.2008   196330    2.52%         x.13.33 U   5803   5802    115
   5903  5307      406.5677    81      415.6875      405.2164   200293    2.52%          x.9.50 D   5903   5902     15
Elapsed time = 47.71 sec. (62351.15 ticks, tree = 161.23 MB, solutions = 14)
   6029  5433      413.3886    59      415.6875      405.2164   203372    2.52%         x.57.34 D   6029   6028    141
   6111  5507      412.7284    88      415.6875      405.2415   206647    2.51%          x.50.3 D   6111   6110     43
   6217  5607      410.1811    93      415.6875      405.2444   209773    2.51%          x.43.3 D   6217   6216     55
   6358  5740      406.5280    93      415.6875      405.2683   213320    2.51%          x.9.50 D   6358   6357      7
   6461  5836      410.3114    82      415.6875      405.2761   217200    2.50%          x.13.5 N   6461   6458     23
   6540  5909      411.6045    85      415.6875      405.3030   220731    2.50%         x.33.25 D   6540   6539     49
   6651  6013      412.7279    82      415.6875      405.3144   224759    2.50%         x.24.25 D   6651   6650     61
   6770  6128      412.1268    85      415.6875      405.3342   228562    2.49%         x.11.44 D   6770   6769    102
   6870  6223      415.5299    79      415.6875      405.3624   232699    2.48%         x.19.57 U   6870   6869     47
   6969  6311      415.2884    69      415.6875      405.3719   236996    2.48%           x.8.3 D   6969   6967     75
Elapsed time = 55.10 sec. (71941.51 ticks, tree = 198.39 MB, solutions = 14)
   7075  6409      412.8214    74      415.6875      405.3842   240761    2.48%         x.56.13 D   7075   7074    104
   7190  6519      410.8820    88      415.6875      405.3961   244607    2.48%         x.59.44 D   7190   7189     51
   7296  6618      406.8562    87      415.6875      405.4075   247342    2.47%          x.50.9 D   7296   7295     16
   7430  6749      414.0426    58      415.6875      405.4075   250995    2.47%         x.26.37 D   7430   7429    150
   7540  6849      411.5419    76      415.6875      405.4301   254845    2.47%          x.1.44 D   7540   7539     85
   7650  6954      412.5968    68      415.6875      405.4371   258582    2.47%         x.20.20 U   7650   7648     37
   7744  7044      414.5976    66      415.6875      405.4407   261919    2.47%          x.29.3 D   7744   7743     78
   7863  7159      414.5384    68      415.6875      405.4649   265691    2.46%         x.30.47 D   7863   7862    122
   7964  7252      408.6924    86      415.6875      405.4882   269691    2.45%         x.47.35 D   7964   7963     18
   8062  7350      413.9483    67      415.6875      405.4882   272270    2.45%          x.6.10 N   8062   8061    116
Elapsed time = 62.41 sec. (81556.29 ticks, tree = 237.62 MB, solutions = 14)
   8183  7464        cutoff            415.6875      405.4890   276666    2.45%         x.29.26 U   8183   8181     70
   8300  7574      412.7808    68      415.6875      405.4974   280046    2.45%          x.31.9 D   8300   8299    117
   8428  7698      412.0398    72      415.6875      405.4991   284023    2.45%          x.51.9 D   8428   8427     97
   8541  7798      407.1013    94      415.6875      405.5343   288331    2.44%          x.13.9 D   8541   8540     25
   8673  7930      414.2725    53      415.6875      405.5343   292007    2.44%          x.46.2 U   8673   8672    157
   8780  8030      414.1227    78      415.6875      405.5447   296180    2.44%          x.48.3 D   8780   8779     63
   8906  8146      414.5050    71      415.6875      405.5473   300174    2.44%         x.34.20 D   8906   8905    116
   9023  8257      413.0257    68      415.6875      405.5524   303877    2.44%         x.20.21 N   9023   9022    107
   9158  8388      411.1552    64      415.6875      405.5588   307596    2.44%         x.48.47 D   9158   9157     97
   9601  8787      411.1571    83      415.6875      405.5735   320898    2.43%         x.32.44 D   9601   9600     34
Elapsed time = 72.16 sec. (93980.12 ticks, tree = 293.53 MB, solutions = 14)
  10089  9239      409.5822    74      415.6875      405.5958   331553    2.43%          x.50.3 D  10089  10088     55
  10530  9647      413.9536    57      415.6875      405.6095   344909    2.42%          x.46.2 N  10530  10529    155
  10954 10039      412.6014    78      415.6875      405.6430   358677    2.42%         x.13.25 U  10954  10953    119
  11390 10439      414.3149    58      415.6875      405.6999   374364    2.40%         x.49.28 D  11390  11389    137
  11843 10873      411.6187    74      415.6875      405.7872   388643    2.38%          x.52.0 U  11843  11840     43
  12320 11331      414.9953    66      415.6875      405.8170   402390    2.37%          x.58.8 D  12320  12319    156
  12750 11740      411.9672    82      415.6875      405.8354   416609    2.37%         x.12.44 D  12750  12749     52
  13150 12104      409.9724    89      415.6875      405.8708   430897    2.36%         x.57.44 D  13150  13149     40
* 13290+10762                          414.4464      405.8791             2.07%
  13465 10937      412.7065    49      414.4464      405.8791   437694    2.07%          x.7.49 D  13465  13464    185
  13836 11280      413.6387    71      414.4464      405.8941   448329    2.06%           x.9.7 D  13836  13835    114
Elapsed time = 101.65 sec. (132220.94 ticks, tree = 405.11 MB, solutions = 15)
  14215 11637      410.5552    86      414.4464      405.9024   460169    2.06%         x.10.16 U  14215  14214     63
  14681 12083      406.9578    88      414.4464      405.9093   472194    2.06%         x.24.19 D  14681  14679     14
  15071 12457      412.9024    71      414.4464      405.9196   485548    2.06%          x.47.9 D  15071  15070    114
  15570 12925      408.4033    75      414.4464      405.9344   497713    2.05%          x.53.5 D  15570  15569     84
  16042 13365      411.6234    82      414.4464      405.9414   509659    2.05%          x.33.3 D  16042  16041     51
  16504 13797      410.0882    91      414.4464      405.9581   521974    2.05%         x.10.16 U  16504  16503     58
  16932 14198      407.8522    88      414.4464      405.9745   534889    2.04%         x.55.44 D  16932  16931     40
  17341 14575      408.1836    85      414.4464      406.0015   548970    2.04%         x.37.44 D  17341  17340     31
  17850 15061      408.3420    79      414.4464      406.0284   562587    2.03%         x.28.38 D  17850  17849     51
  18340 15521      413.6803    61      414.4464      406.0334   576021    2.03%          x.4.37 D  18340  18339    162
Elapsed time = 131.71 sec. (170422.26 ticks, tree = 590.59 MB, solutions = 15)
  18816 15968      410.4370    62      414.4464      406.0580   588661    2.02%         x.33.25 N  18816  18815     91
  19308 16414      408.5452    67      414.4464      406.0655   602420    2.02%         x.28.38 D  19308  19307     47
  19823 16901      409.2949    85      414.4464      406.0794   615482    2.02%          x.30.5 N  19823  19821     40
  20281 17336      408.4067    85      414.4464      406.0892   628059    2.02%         x.29.44 D  20281  20280     19
  20760 17792      410.1950    58      414.4464      406.1029   640924    2.01%          x.0.38 U  20760  20759    114
  21277 18275      408.7699    86      414.4464      406.1118   653402    2.01%          x.41.9 D  21277  21276     42
  21745 18716      412.7174    65      414.4464      406.1285   665928    2.01%         x.13.25 U  21745  21744    109
  22200 19122      410.0565    71      414.4464      406.1376   679500    2.00%          x.53.5 D  22200  22199     85
  22667 19557      407.8779    79      414.4464      406.1548   693349    2.00%         x.12.44 D  22667  22666     36
  23128 19999      411.6630    78      414.4464      406.1608   706458    2.00%          x.8.49 D  23128  23126     52
Elapsed time = 161.50 sec. (208621.37 ticks, tree = 793.97 MB, solutions = 15)
  23552 20392      412.9054    67      414.4464      406.1653   719828    2.00%         x.18.13 D  23552  23551    111
  24000 20803      408.8530    88      414.4464      406.1710   733142    2.00%          x.2.35 U  24000  23998     39
  24427 21202      409.4132    92      414.4464      406.1759   746551    2.00%         x.44.44 D  24427  24426     30
  24920 21652      407.4883    94      414.4464      406.1872   758861    1.99%         x.29.44 D  24920  24919     17
  25337 22043      412.4891    76      414.4464      406.2015   771088    1.99%         x.39.35 D  25337  25336     80
  25745 22413      409.9121    67      414.4464      406.2047   784284    1.99%         x.44.36 D  25745  25744    107
  26160 22802      410.8398    67      414.4464      406.2153   796953    1.99%           x.9.7 D  26160  26159     84
  26613 23214      413.3306    64      414.4464      406.2194   809518    1.99%         x.25.48 D  26613  26611     80
  27090 23665      410.5628    57      414.4464      406.2251   821116    1.98%         x.34.20 D  27090  27089     82
  27600 24150      412.3291    60      414.4464      406.2300   834221    1.98%          x.20.5 D  27600  27599    135
Elapsed time = 191.76 sec. (247147.32 ticks, tree = 988.16 MB, solutions = 15)
  28137 24653      409.2170    83      414.4464      406.2368   845129    1.98%         x.28.41 D  28137  28136     67
  28576 25070      410.2924    74      414.4464      406.2464   857640    1.98%          x.21.3 D  28576  28575     67
  29075 25543      413.5814    51      414.4464      406.2536   869593    1.98%         x.26.34 D  29075  29074    169
  29488 25926      410.4555    79      414.4464      406.2659   882175    1.97%          x.1.48 D  29488  29487    114
  29948 26358      411.1805    75      414.4464      406.2725   895745    1.97%          x.40.9 D  29948  29947     27
  30363 26739      409.0180    85      414.4464      406.2814   906719    1.97%         x.38.44 U  30363  30362     25
  30820 27169      412.6661    85      414.4464      406.2844   917574    1.97%          x.30.5 D  30820  30819     74
  31280 27588      409.0227    91      414.4464      406.2902   930905    1.97%          x.2.44 D  31280  31279     30
  31668 27954      407.9798    97      414.4464      406.3026   942958    1.96%         x.44.44 D  31668  31667     23
  32106 28362      408.7278    87      414.4464      406.3065   955802    1.96%           x.7.7 D  32106  32105     51
Elapsed time = 222.24 sec. (285363.51 ticks, tree = 1189.93 MB, solutions = 15)
  32562 28788      409.7912    78      414.4464      406.3159   968621    1.96%         x.29.26 D  32562  32561     63
  33050 29240      410.1094    87      414.4464      406.3231   980746    1.96%          x.58.9 D  33050  33049     50
  33484 29647      408.8213    78      414.4464      406.3292   993008    1.96%          x.38.6 D  33484  33483     25
  33871 30009      412.6619    57      414.4464      406.3341  1004367    1.96%         x.15.49 U  33871  33870    151
  34373 30472      412.0433    74      414.4464      406.3425  1015229    1.96%         x.19.57 U  34373  34372     52
  34830 30901      409.4376    76      414.4464      406.3459  1026008    1.95%          x.46.3 N  34830  34829     74
  35301 31331      411.6194    83      414.4464      406.3501  1038556    1.95%          x.29.3 D  35301  35300     63
  35798 31795      410.0514    85      414.4464      406.3597  1050817    1.95%          x.29.3 D  35798  35797     54
  36280 32251      412.7029    85      414.4464      406.3711  1063574    1.95%         x.18.44 U  36280  36278     26
  36722 32668      412.2193    81      414.4464      406.3723  1075974    1.95%         x.28.59 D  36722  36721     82
Elapsed time = 251.63 sec. (323614.79 ticks, tree = 1400.51 MB, solutions = 15)
  37118 33029      408.3512    85      414.4464      406.3784  1088955    1.95%         x.29.44 D  37118  37117     19
  37540 33415      408.0609    91      414.4464      406.3848  1102204    1.95%         x.59.44 N  37540  37538     17
  37996 33852      413.7559    75      414.4464      406.3869  1114808    1.94%         x.31.35 N  37996  37995     85
  38468 34284      406.3996    85      414.4464      406.3920  1126612    1.94%           x.8.7 D  38468  25900     11
  38936 34731      412.1264    75      414.4464      406.3958  1139182    1.94%         x.28.28 D  38936  38935    114
  39420 35186      412.2240    70      414.4464      406.3992  1151164    1.94%         x.34.20 D  39420  39419     69
  39867 35604      413.2248    53      414.4464      406.4014  1162179    1.94%          x.1.54 U  39867  39866    178
  40290 35994      407.8660    84      414.4464      406.4126  1174212    1.94%          x.26.9 D  40290  40289     17
  40715 36389      409.2180    86      414.4464      406.4191  1186788    1.94%          x.8.46 D  40715  40714     35
  41200 36841      412.2458    71      414.4464      406.4261  1198378    1.94%         x.35.26 D  41200  41199     86
Elapsed time = 281.23 sec. (362047.44 ticks, tree = 1610.22 MB, solutions = 15)
  41649 37259      411.8866    59      414.4464      406.4286  1210724    1.93%          x.1.35 D  41649  41648    117
  42071 37660      410.9681    74      414.4464      406.4324  1223394    1.93%         x.28.35 U  42071  42069     39
  42500 38049      410.6913    81      414.4464      406.4380  1235849    1.93%          x.16.3 D  42500  42499     65
  42905 38431      408.9597    65      414.4464      406.4419  1249263    1.93%           x.8.3 D  42905  42904     46
  43339 38841      407.3047    87      414.4464      406.4489  1261032    1.93%          x.38.6 D  43339  43338     15
  43789 39259      408.9723    87      414.4464      406.4539  1273394    1.93%         x.37.44 D  43789  43788     38
  44276 39724      414.0748    49      414.4464      406.4549  1285301    1.93%         x.56.41 N  44276  44275    207
  44704 40127      407.4734    88      414.4464      406.4632  1297838    1.93%          x.46.9 D  44704  44703     20
  45183 40571      413.8870    80      414.4464      406.4653  1309836    1.93%          x.58.5 D  45183  45182    114
  45604 40965      411.7050    69      414.4464      406.4681  1320855    1.93%         x.22.25 D  45604  45603    103
Elapsed time = 311.02 sec. (400288.98 ticks, tree = 1819.83 MB, solutions = 15)
  46011 41349      408.6931    81      414.4464      406.4701  1331873    1.92%         x.57.44 D  46011  46010     25
  46467 41780      410.9549    85      414.4464      406.4735  1343608    1.92%           x.8.5 D  46467  46466     99
  46860 42145      412.9267    76      414.4464      406.4778  1356603    1.92%         x.20.21 D  46860  46859    112
  47280 42536      411.9067    72      414.4464      406.4812  1368176    1.92%         x.10.16 U  47280  47279     84
  47747 42979      411.5749    86      414.4464      406.4846  1380147    1.92%          x.34.3 D  47747  47746     58
  48118 43327      408.9375    88      414.4464      406.4868  1391758    1.92%         x.57.44 D  48118  48117     27
  48599 43781      414.3224    53      414.4464      406.4906  1403651    1.92%         x.57.34 U  48599  48597    188
  49044 44196      413.5266    71      414.4464      406.4939  1415184    1.92%         x.49.49 N  49044  49042     79
  49440 44565      411.6757    67      414.4464      406.5000  1426629    1.92%         x.27.48 D  49440  49439     80
  49864 44951      408.1085    97      414.4464      406.5109  1438802    1.91%          x.38.6 N  49864  49863     19
Elapsed time = 340.58 sec. (438472.84 ticks, tree = 2025.43 MB, solutions = 15)
  50265 45322      407.7293    82      414.4464      406.5149  1450700    1.91%          x.40.9 D  50265  50264     15
  50638 45667      407.7012    86      414.4464      406.5177  1462187    1.91%          x.52.0 U  50638  50637     19
  51029 46038      409.7030    86      414.4464      406.5198  1473610    1.91%          x.33.9 D  51029  51028     44
  51383 46366      411.2886    85      414.4464      406.5276  1484772    1.91%           x.0.9 D  51383  51382     50
  51779 46741      410.6513    90      414.4464      406.5298  1495635    1.91%         x.59.44 U  51779  51776     20
  52175 47105      407.6144    89      414.4464      406.5357  1507107    1.91%          x.44.9 D  52175  52173     14
  52560 47468      412.1175    82      414.4464      406.5362  1518231    1.91%         x.52.24 U  52560  52559     87
  52945 47836      411.4646    75      414.4464      406.5400  1528317    1.91%          x.6.28 D  52945  52944     94
  53284 48139      410.7203    87      414.4464      406.5417  1539141    1.91%         x.48.44 D  53284  53283     26
  53631 48465      412.7687    83      414.4464      406.5426  1550376    1.91%         x.28.26 U  53631  53628     47
Elapsed time = 372.14 sec. (476685.01 ticks, tree = 2208.94 MB, solutions = 15)
Nodefile size = 161.01 MB (158.76 MB after compression)
  54000 48809      410.4129    76      414.4464      406.5467  1561771    1.91%          x.48.3 D  54000  53999     43
  54394 49161      408.7451    90      414.4464      406.5504  1573336    1.91%         x.22.44 D  54394  54393     21
  54781 49535      411.7381    66      414.4464      406.5525  1584240    1.90%         x.13.25 U  54781  54780     91
  55196 49909      406.6750    71      414.4464      406.5537  1595678    1.90%         x.56.13 U  55196     34     22
  55569 50253      409.2365    82      414.4464      406.5561  1607201    1.90%          x.55.3 D  55569  55568     55
  56000 50661      412.8502    68      414.4464      406.5588  1618618    1.90%         x.57.41 D  56000  55999    142
  56408 51034      410.2855    79      414.4464      406.5618  1629984    1.90%          x.11.3 D  56408  56407     71
  56866 51470      413.2621    62      414.4464      406.5637  1640127    1.90%         x.54.52 U  56866  56865     97
  57200 51771      410.1761    76      414.4464      406.5675  1650797    1.90%          x.29.3 D  57200  57199     46
  57584 52133      408.0488    79      414.4464      406.5697  1662199    1.90%           x.7.9 U  57584  18936     17
Elapsed time = 404.02 sec. (515347.94 ticks, tree = 2403.05 MB, solutions = 15)
Nodefile size = 355.19 MB (350.34 MB after compression)
  57990 52512      408.0981    92      414.4464      406.5735  1673459    1.90%          x.38.6 D  57990  57989     10
  58376 52883      413.3986    83      414.4464      406.5752  1683945    1.90%           x.7.7 D  58376  58375     74
  58704 53178      408.1339   100      414.4464      406.5774  1694500    1.90%          x.2.44 D  58704  58703     18
  59053 53503      410.7578    74      414.4464      406.5804  1706217    1.90%          x.19.9 D  59053  59052     52
  59390 53815      411.9379    83      414.4464      406.5816  1717532    1.90%         x.37.52 D  59390  59389     69
  59731 54125      410.3531    78      414.4464      406.5859  1729294    1.90%          x.16.3 D  59731  59730     53
  60184 54549      413.0857    73      414.4464      406.5920  1739596    1.90%         x.34.10 N  60184  60182     66
  60630 54976      411.3283    73      414.4464      406.5965  1750505    1.89%          x.1.48 D  60630  60629    113
  61030 55345      413.5435    72      414.4464      406.6012  1761532    1.89%         x.58.53 D  61030  61029    143
  61410 55699      408.4466    81      414.4464      406.6037  1772904    1.89%         x.29.44 D  61410  61409     28
Elapsed time = 435.76 sec. (553619.35 ticks, tree = 2593.93 MB, solutions = 15)
Nodefile size = 546.21 MB (539.12 MB after compression)
  61733 55998      410.7122    82      414.4464      406.6101  1783805    1.89%          x.33.3 N  61733  61732     57
  62126 56378      412.9617    59      414.4464      406.6140  1793741    1.89%          x.4.59 D  62126  62125    148
  62484 56707      407.8989    89      414.4464      406.6161  1804221    1.89%         x.43.19 U  62484  18541     19
  62880 57075      412.8912    78      414.4464      406.6168  1815249    1.89%          x.16.3 D  62880  62879     65
  63200 57373      407.9569    81      414.4464      406.6181  1825944    1.89%          x.2.44 D  63200  63199     18
  63580 57731      410.5041    85      414.4464      406.6210  1837007    1.89%          x.13.9 U  63580  63578     40
  63925 58053      411.3202    73      414.4464      406.6236  1847841    1.89%         x.20.25 D  63925  63924    135
  64314 58407      408.0259    98      414.4464      406.6247  1857586    1.89%          x.52.0 U  64314  64313     12
  64673 58746      410.1443    91      414.4464      406.6291  1868113    1.89%         x.49.44 D  64673  64672     29
  65062 59101      408.9809    88      414.4464      406.6334  1878455    1.89%          x.26.9 U  65062  65061     17
Elapsed time = 467.71 sec. (592013.68 ticks, tree = 2778.08 MB, solutions = 15)
Nodefile size = 730.15 MB (721.19 MB after compression)
  65480 59499      407.9888    90      414.4464      406.6343  1888396    1.88%         x.29.44 D  65480  65478     21
  65857 59858      412.2779    80      414.4464      406.6357  1899238    1.88%          x.6.59 D  65857  65856     93
  66211 60187      410.5785    83      414.4464      406.6378  1909325    1.88%         x.19.57 U  66211  66210     47
  66635 60591      413.7638    54      414.4464      406.6397  1920140    1.88%         x.43.10 N  66635  66634     91
  66993 60924      413.1950    78      414.4464      406.6434  1929402    1.88%         x.19.57 U  66993  66992     76
  67395 61300      410.6516    81      414.4464      406.6461  1940020    1.88%          x.12.3 D  67395  67394     68
  67794 61683      408.9023    92      414.4464      406.6486  1951101    1.88%          x.2.44 D  67794  67793     17
  68150 62019      411.1079    90      414.4464      406.6513  1963224    1.88%          x.33.9 D  68150  68149     51
  68520 62366      408.4531    80      414.4464      406.6550  1974490    1.88%          x.1.44 D  68520  68519     34
  68929 62758      413.5300    54      414.4464      406.6580  1983528    1.88%          x.31.8 N  68929  68928     86
Elapsed time = 499.31 sec. (630247.33 ticks, tree = 2977.67 MB, solutions = 15)
Nodefile size = 929.78 MB (918.71 MB after compression)
  69303 63102      411.7821    81      414.4464      406.6614  1993858    1.88%          x.50.3 D  69303  69302     44
  69691 63461      412.1622    79      414.4464      406.6631  2003986    1.88%          x.27.9 D  69691  69690     61
  70012 63742      410.0576    94      414.4464      406.6648  2014815    1.88%          x.52.0 U  70012  70011     27
  70397 64101      411.7290    81      414.4464      406.6675  2025702    1.88%          x.6.59 D  70397  70395     68
  70778 64448      408.8187    83      414.4464      406.6711  2036416    1.88%          x.50.9 N  70778  11651     12
  71184 64832      409.4670    82      414.4464      406.6749  2046800    1.88%          x.8.44 D  71184  71183     52
  71554 65179      411.9279    72      414.4464      406.6788  2058120    1.87%         x.25.48 D  71554  71553     73
  71921 65519      408.6171    84      414.4464      406.6804  2068643    1.87%          x.50.9 D  71921  71920     42
  72291 65869      412.2523    76      414.4464      406.6840  2079078    1.87%         x.10.16 D  72291  72288     74
  72650 66203      407.8359    90      414.4464      406.6848  2088970    1.87%         x.59.44 D  72650  72649     19
Elapsed time = 530.93 sec. (668469.40 ticks, tree = 3167.39 MB, solutions = 15)
Nodefile size = 1119.63 MB (1106.62 MB after compression)
  73000 66533      413.4393    70      414.4464      406.6861  2099203    1.87%         x.54.25 D  73000  72999    126
  73322 66825      413.2421    85      414.4464      406.6877  2110073    1.87%          x.9.50 D  73322  73321     84
  73699 67178      407.4762    84      414.4464      406.6902  2120676    1.87%          x.40.9 D  73699  73698     19
  74047 67509      410.5224    57      414.4464      406.6915  2131758    1.87%          x.1.48 D  74047  74046     99
  74430 67871      413.9835    58      414.4464      406.6957  2142609    1.87%         x.43.47 D  74430  74429    112
  74835 68243      410.3166    70      414.4464      406.6987  2152872    1.87%         x.49.49 D  74835  74834    108
  75200 68571      409.8080    79      414.4464      406.6997  2163511    1.87%         x.37.47 D  75200  75199     39
  75577 68912      408.8689    83      414.4464      406.7026  2174663    1.87%          x.50.9 U  75577  12578     12
  75946 69255      412.1711    81      414.4464      406.7060  2185698    1.87%           x.9.7 D  75946  75945     74
  76315 69592      409.3925    77      414.4464      406.7087  2195365    1.87%          x.43.3 D  76315  76314     71
Elapsed time = 562.83 sec. (706875.13 ticks, tree = 3355.62 MB, solutions = 15)
Nodefile size = 1307.93 MB (1293.21 MB after compression)
  76727 69986      412.6605    77      414.4464      406.7124  2205185    1.87%          x.23.9 D  76727  76726     55
  77104 70334      410.8830    81      414.4464      406.7137  2216239    1.87%          x.19.9 D  77104  77103     58
  77439 70644      409.1259    79      414.4464      406.7160  2227484    1.87%          x.52.0 U  77439  77438     14
  77774 70955      410.4320    86      414.4464      406.7192  2237459    1.86%         x.28.41 D  77774  77773     48
  78164 71321      408.0959    82      414.4464      406.7221  2247494    1.86%         x.21.44 D  78164  78163     28
  78531 71667      413.8038    65      414.4464      406.7233  2258573    1.86%         x.12.49 N  78531  78530     50
  78839 71953      412.3668    85      414.4464      406.7258  2269512    1.86%         x.55.40 U  78839  78838     54
  79226 72292        cutoff            414.4464      406.7290  2279744    1.86%         x.47.35 U  79226  79224     41
  79600 72642      410.1186    90      414.4464      406.7311  2289852    1.86%         x.37.44 D  79600  79599     33
  79940 72955      408.7461    91      414.4464      406.7372  2300993    1.86%         x.22.44 D  79940  79939     26
Elapsed time = 594.92 sec. (745158.61 ticks, tree = 3544.25 MB, solutions = 15)
Nodefile size = 1497.09 MB (1480.55 MB after compression)
  80279 73266      414.0588    66      414.4464      406.7402  2312271    1.86%          x.31.8 N  80279  80278     79
  80602 73556      408.9166    79      414.4464      406.7491  2323345    1.86%          x.34.3 D  80602  80601     46
  80950 73877      410.3613    86      414.4464      406.7510  2334195    1.86%         x.37.47 D  80950  80949     71
  81280 74178      413.0455    79      414.4464      406.7549  2345464    1.86%         x.35.26 D  81280  81279     87
  81624 74494      411.2595    81      414.4464      406.7572  2355993    1.86%         x.28.41 D  81624  81623     79
  81991 74844      409.9333    87      414.4464      406.7600  2366943    1.85%         x.59.44 D  81991  81990     20
  82343 75180      413.5992    73      414.4464      406.7617  2376739    1.85%         x.22.25 D  82343  82342     84
  82652 75461      408.9316    88      414.4464      406.7636  2387463    1.85%         x.23.44 D  82652  82651     20
  82971 75751      408.9124    89      414.4464      406.7668  2398169    1.85%         x.37.44 D  82971  82970     39
  83324 76080      413.9303    81      414.4464      406.7677  2409268    1.85%           x.0.9 D  83324  83323     71
Elapsed time = 626.95 sec. (783391.36 ticks, tree = 3721.05 MB, solutions = 15)
Nodefile size = 1673.75 MB (1655.73 MB after compression)
  83655 76380      411.8522    85      414.4464      406.7714  2419862    1.85%          x.8.46 D  83655  83654     54
  83981 76671      409.5299    82      414.4464      406.7729  2431161    1.85%         x.32.44 D  83981  83980     41
  84344 76999      408.1420    85      414.4464      406.7747  2441537    1.85%         x.44.44 D  84344  84343     22
  84710 77329      409.6765    84      414.4464      406.7793  2452487    1.85%         x.19.44 D  84710  84709     26
  85120 77706      409.6662    84      414.4464      406.7815  2462941    1.85%         x.55.44 D  85120  85119     36
  85459 78023      412.2992    69      414.4464      406.7839  2474086    1.85%          x.24.4 D  85459  85458    107
  85825 78360      413.1883    62      414.4464      406.7872  2484393    1.85%         x.26.37 D  85825  85824    161
  86147 78660      412.3873    79      414.4464      406.7901  2494632    1.85%         x.25.48 D  86147  86146    110
  86509 78983      411.5554    84      414.4464      406.7916  2504861    1.85%          x.34.3 D  86509  86508     62
  86860 79321      413.7318    61      414.4464      406.7944  2513947    1.85%         x.28.36 D  86860  86859    147
Elapsed time = 658.59 sec. (821619.55 ticks, tree = 3905.89 MB, solutions = 15)
Nodefile size = 1858.49 MB (1838.77 MB after compression)
  87230 79660      412.0215    54      414.4464      406.7967  2524361    1.85%          x.18.0 D  87230  87229    182
  87610 80013      413.3102    65      414.4464      406.7990  2534045    1.85%          x.6.28 D  87610  87609     71
  88009 80378        cutoff            414.4464      406.8015  2544560    1.84%         x.19.57 D  88009  88008     58
  88303 80630      407.4883    90      414.4464      406.8067  2556642    1.84%          x.3.19 U  88303   2622      8
  88666 80969      410.5976    79      414.4464      406.8076  2566984    1.84%         x.55.48 D  88666  88665     68
  89038 81314      411.5232    66      414.4464      406.8098  2577476    1.84%         x.34.20 D  89038  89037    153
  89447 81703      408.5027    92      414.4464      406.8114  2587985    1.84%         x.12.44 D  89447  89446     30
  89773 82001      408.8644    95      414.4464      406.8124  2598245    1.84%          x.50.9 D  89773  89772     23
  90177 82385      413.8561    52      414.4464      406.8142  2608631    1.84%         x.35.11 U  90177  90176    128
  90524 82688      413.4036    51      414.4464      406.8180  2619574    1.84%         x.20.37 D  90524  90523    134
Elapsed time = 690.32 sec. (859900.06 ticks, tree = 4098.94 MB, solutions = 15)
Nodefile size = 2051.91 MB (2030.55 MB after compression)
  90863 82991        cutoff            414.4464      406.8202  2629989    1.84%          x.15.9 U  90863  90861     89
  91279 83384      407.4951    87      414.4464      406.8220  2639449    1.84%          x.3.19 U  91279   3597     14
  91590 83670      409.2356    88      414.4464      406.8241  2650652    1.84%          x.52.0 U  91590  91589     17
  91949 83992      410.5623    86      414.4464      406.8249  2660636    1.84%         x.21.44 D  91949  91948     32
  92289 84306      408.9605    83      414.4464      406.8288  2671514    1.84%          x.17.3 D  92289  92288     58
  92699 84687      410.2515    81      414.4464      406.8293  2681510    1.84%          x.29.3 D  92699  92698     53
  93035 85000      412.6629    73      414.4464      406.8308  2692055    1.84%          x.33.9 D  93035  93034     65
  93365 85281      410.9121    80      414.4464      406.8326  2703396    1.84%          x.48.3 D  93365  93364     47
  93719 85608      411.2264    80      414.4464      406.8340  2713944    1.84%         x.47.35 D  93719  93718     69
  94092 85955      413.7546    78      414.4464      406.8348  2724439    1.84%         x.35.26 D  94092  94091     80
Elapsed time = 721.58 sec. (898091.96 ticks, tree = 4287.60 MB, solutions = 15)
Nodefile size = 2240.48 MB (2217.55 MB after compression)
  94463 86302      413.3276    83      414.4464      406.8364  2735245    1.84%          x.19.9 D  94463  94462     68
  94806 86621      410.3475    80      414.4464      406.8376  2745408    1.84%           x.3.3 D  94806  94805     61
  95200 86987      413.5169    60      414.4464      406.8385  2755596    1.84%         x.20.10 D  95200  95199    182
  95590 87339      409.9482    86      414.4464      406.8413  2765014    1.84%         x.21.44 D  95590  95589     27
  95960 87691      411.0898    81      414.4464      406.8432  2774803    1.83%          x.22.9 D  95960  95959     78
  96346 88055      412.3026    70      414.4464      406.8443  2784357    1.83%         x.28.49 D  96346  96345     97
  96674 88338      406.9488    78      414.4464      406.8463  2795157    1.83%          x.26.9 D  96674  96673     19
  97007 88640      409.5106    82      414.4464      406.8486  2806071    1.83%         x.59.44 U  97007  97005     20
  97328 88931      408.6561    90      414.4464      406.8510  2816661    1.83%         x.44.44 D  97328  97327     28
  97690 89260      409.8652    81      414.4464      406.8517  2826080    1.83%          x.13.5 D  97690  97689     67
Elapsed time = 753.49 sec. (936343.32 ticks, tree = 4479.88 MB, solutions = 15)
Nodefile size = 2432.65 MB (2408.07 MB after compression)
  98092 89630      414.1788    60      414.4464      406.8528  2836460    1.83%         x.35.11 U  98092  98091    147
  98476 89989      409.8234    83      414.4464      406.8536  2846643    1.83%          x.41.9 D  98476  98475     50
  98800 90286      408.3804    75      414.4464      406.8554  2856861    1.83%          x.26.9 D  98800  98799     20
  99200 90654      410.7759    61      414.4464      406.8570  2866142    1.83%          x.3.25 D  99200  99199    118
  99555 90987      413.7266    60      414.4464      406.8587  2876420    1.83%          x.16.9 D  99555  99554    104
  99971 91370      411.9260    77      414.4464      406.8604  2886049    1.83%         x.55.26 D  99971  99970    104
 100262 91631      409.1281    83      414.4464      406.8621  2896131    1.83%         x.21.44 U 100262  29318     33
 100630 91961      408.9221    89      414.4464      406.8653  2905144    1.83%         x.57.44 D 100630 100629     23
 100970 92278      408.5127    83      414.4464      406.8678  2915355    1.83%          x.52.0 U 100970 100969     17
 101318 92607      410.3911    68      414.4464      406.8704  2924793    1.83%         x.47.35 U 101318 101317     58
Elapsed time = 785.23 sec. (974841.14 ticks, tree = 4676.01 MB, solutions = 15)
Nodefile size = 2628.84 MB (2602.71 MB after compression)
 101666 92930      410.4963    81      414.4464      406.8721  2935222    1.83%         x.19.57 U 101666 101665     70
 102032 93266      413.6443    60      414.4464      406.8747  2944961    1.83%         x.48.56 N 102032 102031    141
 102400 93599      409.1986    79      414.4464      406.8760  2955783    1.83%          x.30.5 D 102400 102399     63
 102737 93902      410.4589    88      414.4464      406.8781  2966348    1.83%          x.8.41 D 102737 102736     35
 103110 94244      413.8506    89      414.4464      406.8794  2976622    1.83%          x.13.9 D 103110 103109     48
 103444 94553      410.0746    83      414.4464      406.8834  2987055    1.82%          x.50.3 D 103444 103443     54
 103790 94877      413.2733    80      414.4464      406.8855  2996897    1.82%          x.16.7 D 103790 103789     76
 104166 95228      412.4467    82      414.4464      406.8861  3006918    1.82%          x.48.3 D 104166 104164     44
 104501 95534        cutoff            414.4464      406.8873  3016607    1.82%         x.55.47 D 104501 104500    150
 104810 95807      411.5592    79      414.4464      406.8899  3027325    1.82%           x.9.7 D 104810 104809     83
Elapsed time = 816.92 sec. (1013425.24 ticks, tree = 4865.25 MB, solutions = 15)
Nodefile size = 2817.85 MB (2789.93 MB after compression)
 105158 96127      411.6253    84      414.4464      406.8931  3038543    1.82%          x.52.0 U 105158 105157     36
 105520 96467      413.2609    59      414.4464      406.8945  3047742    1.82%         x.44.21 U 105520 105519    116
 105905 96832      413.8053    63      414.4464      406.8952  3057208    1.82%          x.55.7 N 105905 105904    161
 106271 97159      411.5465    79      414.4464      406.8968  3067255    1.82%         x.35.26 D 106271 106270     88
 106610 97477      413.0975    82      414.4464      406.8981  3076996    1.82%         x.31.35 D 106610 106609    102
 106949 97786      410.8308    84      414.4464      406.9011  3087396    1.82%         x.49.44 D 106949 106948     20
 107251 98062      412.6082    72      414.4464      406.9042  3096627    1.82%          x.46.5 D 107251 107250     95
 107607 98393      413.2126    65      414.4464      406.9068  3107245    1.82%         x.54.25 D 107607 107606    117
 107944 98705      413.6286    80      414.4464      406.9093  3117921    1.82%           x.7.7 D 107944 107943     93
 108285 99020      413.3613    79      414.4464      406.9102  3127609    1.82%         x.34.20 D 108285 108284    101
Elapsed time = 848.68 sec. (1051642.73 ticks, tree = 5056.20 MB, solutions = 15)
Nodefile size = 3008.53 MB (2979.22 MB after compression)
 108676 99377      413.9466    50      414.4464      406.9106  3137191    1.82%          x.0.38 U 108676 108675    208
 109028 99700      411.5487    60      414.4464      406.9114  3147045    1.82%         x.43.32 D 109028 109027    144
 109359 99995      411.9124    87      414.4464      406.9121  3156671    1.82%          x.52.0 U 109359 109358     36
 109703 100318      413.6565    82      414.4464      406.9135  3166990    1.82%          x.33.3 D 109703 109702     43
 110079 100663      412.8883    70      414.4464      406.9161  3176180    1.82%         x.24.48 D 110079 110078    129
 110424 100985      410.5887    72      414.4464      406.9173  3185331    1.82%         x.52.24 D 110424 110423     72
 110800 101330      411.3699    62      414.4464      406.9184  3195615    1.82%          x.3.25 D 110800 110799    106
 111170 101672      408.6655    71      414.4464      406.9192  3205774    1.82%          x.50.3 U 111170 111168     47
 111520 101980      412.1304    87      414.4464      406.9221  3216107    1.82%         x.37.44 D 111520 111519     40
 111850 102291      412.5345    79      414.4464      406.9240  3226293    1.82%          x.22.9 D 111850 111849     66
Elapsed time = 880.56 sec. (1089856.46 ticks, tree = 5251.56 MB, solutions = 15)
Nodefile size = 3203.86 MB (3172.84 MB after compression)
 112165 102581      411.1382    74      414.4464      406.9261  3236104    1.81%         x.23.55 U 112165 112164    106
 112509 102898      414.1877    83      414.4464      406.9278  3245966    1.81%          x.16.3 N 112509 112508     31
 112905 103273      411.5439    62      414.4464      406.9301  3254991    1.81%         x.42.25 D 112905 112904    105
 113277 103616      409.5048    77      414.4464      406.9330  3264284    1.81%          x.12.3 D 113277 113276     42
 113619 103938      412.3708    71      414.4464      406.9360  3274348    1.81%         x.43.21 D 113619 113618    154
 113986 104274      410.4213    72      414.4464      406.9376  3284172    1.81%          x.16.7 D 113986 113985     73
 114371 104645      409.3693    85      414.4464      406.9385  3292729    1.81%          x.12.3 D 114371 114370     57
 114660 104908      413.8962    78      414.4464      406.9392  3302196    1.81%         x.29.26 D 114660 114659     89
 114972 105181      412.0586    80      414.4464      406.9406  3311750    1.81%         x.28.51 D 114972 114971     91
 115337 105512      408.1697    85      414.4464      406.9424  3320876    1.81%         x.57.44 D 115337 115336     22
Elapsed time = 912.19 sec. (1128094.66 ticks, tree = 5445.03 MB, solutions = 15)
Nodefile size = 3397.99 MB (3365.36 MB after compression)
 115667 105804      409.4024    88      414.4464      406.9434  3331253    1.81%         x.59.44 D 115667 115666     19
 116017 106133      411.1717    85      414.4464      406.9442  3341520    1.81%          x.33.9 D 116017 116016     68
 116390 106476      412.7060    63      414.4464      406.9469  3351760    1.81%         x.57.49 D 116390 116389    125
 116786 106848      408.8744    92      414.4464      406.9488  3361336    1.81%         x.32.44 U 116786  29619     26
 117086 107110      414.0127    81      414.4464      406.9540  3371601    1.81%          x.5.25 U 117086 117084     69
 117442 107434      409.9446    85      414.4464      406.9561  3380817    1.81%          x.12.9 D 117442 117441     74
 117832 107793      408.3556    92      414.4464      406.9566  3390719    1.81%          x.52.0 U 117832 117831     16
 118207 108150      412.0453    65      414.4464      406.9577  3400315    1.81%           x.9.7 D 118207 118206    117
 118528 108438      413.0465    90      414.4464      406.9593  3410798    1.81%          x.50.9 D 118528 118527     44
 118830 108710      409.6020    91      414.4464      406.9626  3420965    1.81%          x.1.44 U 118830  46400     33
Elapsed time = 944.17 sec. (1166306.18 ticks, tree = 5638.53 MB, solutions = 15)
Nodefile size = 3590.76 MB (3556.75 MB after compression)
 119182 109034      411.6570    78      414.4464      406.9639  3430880    1.81%         x.30.48 D 119182 119181     98
 119510 109323      410.1710    60      414.4464      406.9662  3441146    1.80%         x.29.19 D 119510 119509     44
 119859 109643      413.7974    83      414.4464      406.9684  3450715    1.80%          x.46.9 D 119859 119858     43
 120221 109975      408.4710    88      414.4464      406.9719  3458858    1.80%          x.33.9 N 120221   6181     20
 120615 110342      412.8684    65      414.4464      406.9739  3468072    1.80%           x.4.6 D 120615 120614    105
 120918 110618      413.7548    86      414.4464      406.9763  3478178    1.80%          x.50.3 D 120918 120917     45
 121200 110860      409.3073    89      414.4464      406.9800  3488644    1.80%          x.9.44 D 121200 121199     29
 121590 111221      409.7879    78      414.4464      406.9803  3498069    1.80%          x.41.9 D 121590 121589     45
 121858 111463      411.5965    81      414.4464      406.9823  3507514    1.80%         x.59.44 D 121858 121857     18
 122168 111753      412.0537    67      414.4464      406.9841  3516430    1.80%         x.42.25 D 122168 122167    109
Elapsed time = 975.64 sec. (1204659.51 ticks, tree = 5823.79 MB, solutions = 15)
Nodefile size = 3776.13 MB (3740.74 MB after compression)
 122523 112092      411.4821    73      414.4464      406.9844  3526349    1.80%          x.4.59 D 122523 122522    107
 122868 112414      411.5887    88      414.4464      406.9856  3535920    1.80%         x.28.35 U 122868 122867     45
 123194 112703      412.1701    86      414.4464      406.9881  3545683    1.80%          x.58.9 D 123194 123193     70
 123516 113004      413.7307    71      414.4464      406.9898  3555130    1.80%          x.6.59 N 123516 123515     65
 123830 113293      409.7110    79      414.4464      406.9907  3563020    1.80%         x.43.37 D 123830 123829     61
 124153 113596      411.4142    63      414.4464      406.9913  3573434    1.80%         x.33.25 D 124153 124152     97
 124506 113924      410.7292    91      414.4464      406.9926  3583500    1.80%         x.37.44 U 124506  16478     33
 124793 114175      414.2763    89      414.4464      406.9942  3594705    1.80%          x.13.9 D 124793 124792     54
 125142 114508      413.6306    68      414.4464      406.9952  3604032    1.80%         x.12.49 D 125142 125141     96
 125442 114777      408.7151    80      414.4464      406.9968  3614650    1.80%         x.23.44 D 125442 125441     23
Elapsed time = 1007.75 sec. (1242871.36 ticks, tree = 6009.16 MB, solutions = 15)
Nodefile size = 3961.98 MB (3925.21 MB after compression)
 125760 115075      412.7695    75      414.4464      406.9979  3624447    1.80%         x.13.25 D 125760 125759    115
 126130 115418      412.2066    81      414.4464      406.9991  3633850    1.80%         x.50.26 D 126130 126129     98
 126422 115696      414.2385    79      414.4464      406.9999  3644062    1.80%          x.53.5 U 126422 126419     54
 126793 116041      411.0287    78      414.4464      407.0020  3653877    1.80%          x.9.44 D 126793 126792     24
 127107 116317      407.4017    87      414.4464      407.0045  3663589    1.80%         x.22.44 D 127107 127106     28
 127457 116654      412.3605    73      414.4464      407.0046  3672741    1.80%         x.49.10 D 127457 127456    126
 127777 116942      412.2445    80      414.4464      407.0054  3682530    1.80%         x.47.35 D 127777 127776     86
 128122 117251      407.2411    79      414.4464      407.0069  3691614    1.80%         x.59.11 N 128122     31     20
 128431 117533      413.7266    83      414.4464      407.0088  3700332    1.79%           x.8.5 D 128431 128430     72
 128775 117848      413.9656    86      414.4464      407.0094  3710332    1.79%         x.52.24 D 128775 128774     69
Elapsed time = 1040.19 sec. (1281104.97 ticks, tree = 6198.59 MB, solutions = 15)
Nodefile size = 4150.60 MB (4112.58 MB after compression)
 129093 118128      412.2530    86      414.4464      407.0109  3719608    1.79%          x.23.9 D 129093 129092     71
 129415 118427      409.3676    81      414.4464      407.0114  3729369    1.79%          x.46.3 D 129415 129414     62
 129774 118751      409.0896    78      414.4464      407.0125  3738863    1.79%         x.28.58 D 129774 129773     67
 130153 119111      412.8486    85      414.4464      407.0127  3747195    1.79%           x.0.9 D 130153 130152    105
 130470 119396      408.1512    76      414.4464      407.0137  3756602    1.79%          x.44.9 D 130470 130469     21
 130800 119695      409.7659    88      414.4464      407.0152  3766475    1.79%         x.28.35 D 130800 130799     25
 131149 120016      409.1517    79      414.4464      407.0162  3776723    1.79%           x.7.3 D 131149 131148     19
 131503 120360      411.2094    56      414.4464      407.0165  3784542    1.79%          x.16.7 D 131503 131502    104
 131832 120660      411.0053    72      414.4464      407.0168  3793819    1.79%         x.52.24 U 131832 131831     82
 132180 120974      409.7686    86      414.4464      407.0191  3803307    1.79%         x.19.44 D 132180 132179     35
Elapsed time = 1072.70 sec. (1319535.22 ticks, tree = 6392.77 MB, solutions = 15)
Nodefile size = 4345.36 MB (4306.16 MB after compression)
 132504 121281        cutoff            414.4464      407.0202  3812197    1.79%         x.30.52 U 132504 132502     96
 132886 121620      410.4749    78      414.4464      407.0219  3821130    1.79%         x.54.25 D 132886 132885     88
 133219 121928      410.9271    65      414.4464      407.0233  3830002    1.79%         x.58.25 D 133219 133218    102
 133540 122219      409.5294    83      414.4464      407.0255  3839709    1.79%         x.22.44 D 133540 133539     50
 133876 122534      410.8010    79      414.4464      407.0263  3848798    1.79%         x.47.44 D 133876 133875     44
 134225 122864      409.4190    86      414.4464      407.0286  3857698    1.79%         x.22.44 D 134225 134224     30
 134569 123183      413.2647    81      414.4464      407.0292  3867287    1.79%         x.31.35 D 134569 134568     95
 134871 123461      410.1646    92      414.4464      407.0313  3877708    1.79%          x.23.9 D 134871 134870     51
 135231 123803      413.4638    55      414.4464      407.0324  3887105    1.79%         x.43.43 D 135231 135230    141
 135541 124077      411.3566    81      414.4464      407.0336  3897459    1.79%         x.39.58 U 135541 135540     52
Elapsed time = 1104.67 sec. (1357725.74 ticks, tree = 6586.71 MB, solutions = 15)
Nodefile size = 4539.23 MB (4498.56 MB after compression)
 135917 124439      412.8736    56      414.4464      407.0346  3906419    1.79%           x.6.2 D 135917 135916    152
 136290 124781      409.7858    77      414.4464      407.0355  3915392    1.79%           x.5.3 D 136290 136289     93
 136620 125085      413.8724    74      414.4464      407.0383  3925176    1.79%         x.22.59 D 136620 136619    125
 136920 125346      411.3063    85      414.4464      407.0410  3935056    1.79%         x.21.44 D 136920 136919     36
 137200 125602      409.2282    87      414.4464      407.0422  3943588    1.79%          x.2.44 D 137200 137199     28
 137530 125909      413.6154    74      414.4464      407.0425  3954151    1.79%          x.29.9 D 137530 137529     69
 137820 126181      409.5868    77      414.4464      407.0445  3963332    1.79%         x.28.26 D 137820 137819     66
 138135 126481      412.3942    73      414.4464      407.0457  3971089    1.79%         x.51.33 D 138135 138134    103
 138464 126772      409.8816    86      414.4464      407.0482  3980595    1.79%          x.33.9 D 138464 138463     65
 138775 127043      407.8488    88      414.4464      407.0505  3990748    1.78%         x.29.44 D 138775 138774     20
Elapsed time = 1136.81 sec. (1396052.36 ticks, tree = 6773.35 MB, solutions = 15)
Nodefile size = 4725.78 MB (4684.01 MB after compression)
 139084 127325      409.3641    86      414.4464      407.0531  4000275    1.78%         x.19.44 D 139084 139083     34
 139420 127632      408.8095    88      414.4464      407.0543  4010183    1.78%          x.26.9 D 139420 139419     43
 139707 127899      410.3236    84      414.4464      407.0564  4018643    1.78%          x.41.9 D 139707 139706     66
 140042 128209      408.5884    83      414.4464      407.0568  4028190    1.78%           x.7.3 D 140042 140041     56
 140387 128533      413.3036    87      414.4464      407.0574  4037944    1.78%           x.7.9 D 140387 140385     44
 140713 128841      412.3046    61      414.4464      407.0594  4046552    1.78%         x.43.34 D 140713 140712     93
 141050 129147      409.4570    84      414.4464      407.0605  4056195    1.78%          x.8.44 D 141050 141049     62
 141380 129446      412.0297    87      414.4464      407.0615  4066007    1.78%          x.29.3 D 141380 141379     64
 141715 129750      413.2684    72      414.4464      407.0620  4075774    1.78%         x.58.15 D 141715 141714     68
 142009 130015      409.9108    84      414.4464      407.0654  4086347    1.78%          x.52.0 U 142009 142008     21
Elapsed time = 1169.19 sec. (1434298.57 ticks, tree = 6961.64 MB, solutions = 15)
Nodefile size = 4913.90 MB (4870.87 MB after compression)
 142400 130369      412.0293    67      414.4464      407.0667  4095376    1.78%         x.24.25 D 142400 142399    119
 142740 130690      413.9364    58      414.4464      407.0670  4105251    1.78%         x.49.49 U 142740 142738     86
 143076 131001      409.7062    82      414.4464      407.0678  4114819    1.78%          x.9.44 D 143076 143075     22
 143407 131288      408.9607    93      414.4464      407.0704  4124657    1.78%         x.21.44 D 143407 143406     32
 143744 131613      413.8455    71      414.4464      407.0709  4134072    1.78%         x.18.26 D 143744 143743    100
 144044 131887      410.2523    82      414.4464      407.0726  4144032    1.78%           x.8.7 D 144044 144042     40
 144438 132244      408.4511    91      414.4464      407.0743  4152184    1.78%          x.8.46 U 144438  28344     18
 144762 132533      412.2145    87      414.4464      407.0757  4161858    1.78%          x.38.9 D 144762 144761     39
 145068 132802      409.6437    94      414.4464      407.0777  4171911    1.78%         x.59.44 D 145068 145067     18
 145375 133082      409.6531    92      414.4464      407.0787  4180624    1.78%          x.33.3 D 145375 145374     17
Elapsed time = 1201.71 sec. (1472674.36 ticks, tree = 7156.53 MB, solutions = 15)
Nodefile size = 5108.81 MB (5064.38 MB after compression)
 145740 133418      410.3091    92      414.4464      407.0803  4189776    1.78%         x.49.44 D 145740 145739     29
 146049 133702      409.5175    85      414.4464      407.0814  4198951    1.78%          x.34.3 D 146049 146048     42
 146380 134009      409.0375    76      414.4464      407.0828  4207880    1.78%          x.33.3 D 146380 146379     39
 146736 134352      414.2641    58      414.4464      407.0832  4215862    1.78%         x.57.46 N 146736 146735    115
 147073 134666      411.2153    86      414.4464      407.0840  4225301    1.78%          x.29.9 D 147073 147072     81
 147375 134935      411.6168    76      414.4464      407.0846  4234514    1.78%         x.24.25 D 147375 147374     76
 147729 135275      410.5851    78      414.4464      407.0856  4243245    1.78%         x.28.58 D 147729 147728     70
 148096 135614      413.0519    75      414.4464      407.0866  4252481    1.78%         x.27.25 D 148096 148095    150
 148444 135935      408.9765    87      414.4464      407.0886  4261405    1.78%         x.47.44 D 148444 148443     34
 148800 136273      413.0295    69      414.4464      407.0903  4270857    1.77%         x.18.28 D 148800 148799    100
Elapsed time = 1233.87 sec. (1510896.70 ticks, tree = 7359.99 MB, solutions = 15)
Nodefile size = 5312.55 MB (5266.35 MB after compression)
 149143 136581      409.4386    88      414.4464      407.0916  4280032    1.77%          x.13.9 D 149143 149142     49
 149453 136866      411.3968    71      414.4464      407.0924  4288990    1.77%         x.34.10 U 149453 149452     95
 149764 137154      414.3494    73      414.4464      407.0937  4298657    1.77%           x.7.7 U 149764 149762     81
 150090 137452      414.0476    79      414.4464      407.0949  4307761    1.77%         x.22.59 D 150090 150089     82
 150435 137776      411.7274    78      414.4464      407.0960  4316969    1.77%          x.22.9 D 150435 150434    102
 150778 138098      411.5982    85      414.4464      407.0967  4326483    1.77%          x.12.3 D 150778 150777     67
 151094 138380      409.4027    84      414.4464      407.0979  4336268    1.77%          x.41.9 D 151094 151093     48
 151400 138670      410.2601    84      414.4464      407.1000  4345676    1.77%          x.46.9 U 151400 151398     44
 151729 138983      411.6008    74      414.4464      407.1009  4355158    1.77%          x.22.9 D 151729 151728     66
 152038 139266      414.0459    66      414.4464      407.1019  4365363    1.77%         x.12.49 N 152038 152037     99
Elapsed time = 1266.09 sec. (1549176.48 ticks, tree = 7551.43 MB, solutions = 15)
Nodefile size = 5503.98 MB (5456.86 MB after compression)
 152400 139593      407.1428    95      414.4464      407.1028  4373950    1.77%          x.2.44 D 152400 152399     22
 152750 139923      410.0911    89      414.4464      407.1031  4383094    1.77%          x.16.3 D 152750 152749     60
 153081 140238      413.1756    71      414.4464      407.1047  4392907    1.77%         x.11.10 D 153081 153080     89
 153398 140532      412.8079    68      414.4464      407.1056  4401296    1.77%          x.0.38 U 153398 153397    152
 153708 140817      411.4692    74      414.4464      407.1066  4410383    1.77%         x.22.59 N 153708 153707     82
 154028 141105      409.0033    95      414.4464      407.1099  4419964    1.77%         x.55.44 D 154028 154027     34
 154353 141398      408.4205    90      414.4464      407.1121  4430102    1.77%         x.57.44 D 154353 154352     24
 154666 141692      414.1891    77      414.4464      407.1130  4439846    1.77%          x.6.59 N 154666 154665     94
 154959 141968      410.3452    87      414.4464      407.1154  4448361    1.77%          x.38.6 U 154959 154957     18
 155332 142307      410.2162    84      414.4464      407.1161  4457464    1.77%          x.8.29 D 155332 155331     27
Elapsed time = 1298.88 sec. (1587683.05 ticks, tree = 7746.81 MB, solutions = 15)
Nodefile size = 5698.87 MB (5650.79 MB after compression)
 155667 142610      409.0682    86      414.4464      407.1188  4466022    1.77%         x.58.44 D 155667 155666     40
 155982 142904      409.6032    89      414.4464      407.1193  4476092    1.77%         x.14.44 D 155982 155981     39
 156320 143218      413.5128    66      414.4464      407.1196  4485293    1.77%          x.53.3 D 156320 156319    115
 156635 143507      410.8997    90      414.4464      407.1210  4494998    1.77%           x.3.3 D 156635 156634     68
 156968 143821      409.8756    77      414.4464      407.1217  4504431    1.77%          x.21.3 D 156968 156967     49
 157333 144162      411.6945    68      414.4464      407.1229  4512780    1.77%           x.7.7 D 157333 157332     61
 157705 144500      412.4567    83      414.4464      407.1240  4522132    1.77%          x.33.3 D 157705 157704     54
 158006 144775      410.3269    78      414.4464      407.1249  4531046    1.77%          x.37.8 D 158006 158005     74
 158321 145056      413.7815    76      414.4464      407.1260  4540504    1.77%         x.22.59 D 158321 158320     90
 158648 145362      410.8931    79      414.4464      407.1266  4551071    1.77%         x.28.58 D 158648 158647     67
Elapsed time = 1331.40 sec. (1625873.30 ticks, tree = 7944.01 MB, solutions = 15)
Nodefile size = 5896.15 MB (5847.01 MB after compression)
 158891 145577        cutoff            414.4464      407.1270  4560526    1.77%         x.25.35 U 158891 158889     98
 159246 145909      411.7092    70      414.4464      407.1275  4568798    1.77%         x.59.44 D 159246 159245     31
 159570 146190      410.0132    82      414.4464      407.1296  4578161    1.77%         x.18.44 D 159570 159569     39
 159884 146472      409.2407    80      414.4464      407.1304  4587505    1.77%         x.58.44 D 159884 159883     34
 160220 146785      407.8524    83      414.4464      407.1322  4596838    1.76%         x.32.44 D 160220 160219     24
 160551 147086      413.2577    63      414.4464      407.1329  4605511    1.76%         x.15.49 N 160551 160550    155
 160896 147405        cutoff            414.4464      407.1344  4614405    1.76%         x.18.13 D 160896 160895    104
 161218 147697      408.5830    86      414.4464      407.1357  4624060    1.76%         x.59.44 D 161218 161216     19
 161512 147954      410.2451    86      414.4464      407.1388  4633903    1.76%          x.46.9 D 161512 161511     71
 161801 148225      409.6578    80      414.4464      407.1399  4642451    1.76%          x.28.3 D 161801 161800     68
Elapsed time = 1364.00 sec. (1664090.19 ticks, tree = 8129.62 MB, solutions = 15)
Nodefile size = 6082.13 MB (6031.97 MB after compression)
 162110 148518      410.3212    86      414.4464      407.1414  4650346    1.76%          x.9.44 D 162110 162109     27
 162432 148818      411.8557    74      414.4464      407.1420  4659241    1.76%         x.27.59 D 162432 162431     79
 162749 149102      411.0444    83      414.4464      407.1437  4669049    1.76%          x.16.3 D 162749 162748     58
 163033 149366      413.1365    87      414.4464      407.1461  4677769    1.76%         x.47.35 D 163033 163032     85
 163420 149722      410.0484    89      414.4464      407.1485  4686444    1.76%          x.8.44 D 163420 163419     39
 163731 150021      410.3326    86      414.4464      407.1500  4694711    1.76%          x.17.3 D 163731 163730     63
 164026 150289      410.4915    71      414.4464      407.1503  4702655    1.76%           x.6.7 D 164026 164025     83
 164347 150582      409.1607    79      414.4464      407.1510  4711943    1.76%         x.32.44 U 164347  26541     25
 164653 150856      413.0402    76      414.4464      407.1525  4720483    1.76%          x.38.3 D 164653 164652     49
 164960 151142      413.4176    76      414.4464      407.1530  4728383    1.76%          x.53.5 D 164960 164959     79
Elapsed time = 1396.64 sec. (1702315.58 ticks, tree = 8319.26 MB, solutions = 15)
Nodefile size = 6271.58 MB (6220.23 MB after compression)
 165301 151450      412.3818    55      414.4464      407.1534  4737002    1.76%         x.44.21 D 165301 165300    187
 165689 151816      411.1457    68      414.4464      407.1539  4745322    1.76%         x.31.35 D 165689 165688     98
 166004 152104      410.3478    83      414.4464      407.1549  4754559    1.76%          x.12.9 D 166004 166003     64
 166344 152424      411.6043    72      414.4464      407.1559  4764287    1.76%         x.49.10 D 166344 166343    100
 166671 152712      409.4418    80      414.4464      407.1567  4773980    1.76%         x.59.44 D 166671 166670     31
 166970 152998      413.6962    67      414.4464      407.1578  4782674    1.76%          x.1.35 D 166970 166969    107
 167273 153271      411.0358    85      414.4464      407.1594  4792798    1.76%         x.39.58 U 167273 167272     41
 167600 153581      408.1962    90      414.4464      407.1601  4802229    1.76%         x.19.44 D 167600 167599     32
 167908 153863      409.9093    94      414.4464      407.1613  4811837    1.76%         x.48.44 D 167908 167907     30
 168223 154165      413.1113    76      414.4464      407.1616  4821030    1.76%         x.34.20 U 168223 168221     66
Elapsed time = 1432.79 sec. (1740940.89 ticks, tree = 8516.60 MB, solutions = 15)
Nodefile size = 6469.33 MB (6416.85 MB after compression)
 168516 154439      409.6949    87      414.4464      407.1622  4829537    1.76%         x.48.44 D 168516 168515     31
 168840 154737      409.3918    79      414.4464      407.1635  4838802    1.76%          x.12.3 D 168840 168839     48
 169119 154974      408.9981    83      414.4464      407.1661  4848446    1.76%          x.50.9 D 169119 169118     36
 169420 155262      410.5108    88      414.4464      407.1669  4857093    1.76%          x.21.3 D 169420 169419     56
 169750 155572      408.9212    86      414.4464      407.1680  4866503    1.76%         x.48.44 D 169750 169749     26
 170069 155868      414.3208    62      414.4464      407.1685  4876292    1.76%         x.31.35 D 170069 170068    107
 170390 156158      411.1192    80      414.4464      407.1710  4885796    1.76%         x.57.44 D 170390 170389     24
 170689 156437      412.4059    79      414.4464      407.1733  4895421    1.75%          x.58.9 D 170689 170688     50
 170994 156714      409.1222    87      414.4464      407.1745  4904780    1.75%          x.44.9 U 170994  37534     13
 171318 157022      410.1658    84      414.4464      407.1750  4913845    1.75%          x.16.3 D 171318 171317     50
Elapsed time = 1468.80 sec. (1779213.33 ticks, tree = 8703.77 MB, solutions = 15)
Nodefile size = 6656.63 MB (6603.38 MB after compression)
 171618 157310      409.2643    94      414.4464      407.1766  4921283    1.75%         x.37.44 D 171618 171617     36
 171932 157606      412.0944    74      414.4464      407.1773  4930442    1.75%          x.27.9 D 171932 171931     69
 172226 157869      411.4442    79      414.4464      407.1781  4939754    1.75%          x.22.9 D 172226 172225     79
 172536 158156        cutoff            414.4464      407.1787  4949659    1.75%          x.36.9 D 172536 172535    140
 172874 158464      409.1260    87      414.4464      407.1801  4958409    1.75%          x.50.3 D 172874 172873     49
 173199 158771      410.2023    88      414.4464      407.1814  4967959    1.75%         x.47.35 D 173199 173197     38
 173500 159052      409.8753    72      414.4464      407.1825  4977146    1.75%          x.33.3 D 173500 173499     40
 173818 159327      409.3101    94      414.4464      407.1838  4985760    1.75%         x.11.44 D 173818 173817     40
 174149 159639      412.8473    54      414.4464      407.1845  4994611    1.75%         x.27.33 D 174149 174148    114
 174448 159908      409.6155    77      414.4464      407.1869  5003560    1.75%          x.16.3 D 174448 174447     56
Elapsed time = 1505.34 sec. (1817430.82 ticks, tree = 8893.71 MB, solutions = 15)
Nodefile size = 6846.64 MB (6792.22 MB after compression)
 174795 160239      410.8796    82      414.4464      407.1885  5012232    1.75%          x.23.9 D 174795 174794     72
 175108 160515      414.2744    77      414.4464      407.1901  5021449    1.75%         x.29.26 D 175108 175107     98
 175430 160819      414.2967    68      414.4464      407.1903  5030019    1.75%         x.49.49 D 175430 175429    107
 175742 161116      414.0860    51      414.4464      407.1909  5038969    1.75%          x.49.2 N 175742 175741    144
 176012 161362      412.2489    67      414.4464      407.1918  5047369    1.75%         x.30.26 D 176012 176011     86
 176349 161677      410.8184    82      414.4464      407.1928  5056832    1.75%          x.21.3 D 176349 176348     46
 176669 161965      414.2041    53      414.4464      407.1940  5065856    1.75%         x.39.35 D 176669 176668    131
 176935 162201      410.0934    95      414.4464      407.1946  5074190    1.75%          x.2.44 D 176935 176934     23
 177236 162480      411.3741    84      414.4464      407.1958  5082238    1.75%         x.28.26 D 177236 177235     80
 177596 162825      413.8598    70      414.4464      407.1961  5091331    1.75%         x.25.35 D 177596 177595    130
Elapsed time = 1541.17 sec. (1855650.64 ticks, tree = 9086.45 MB, solutions = 15)
Nodefile size = 7038.54 MB (6983.27 MB after compression)
 177920 163127      413.8622    66      414.4464      407.1982  5100303    1.75%         x.43.49 D 177920 177919    130
 178233 163407      412.6917    59      414.4464      407.1994  5110067    1.75%          x.17.8 D 178233 178232    135
 178530 163661      410.3601    80      414.4464      407.1998  5119432    1.75%          x.29.3 D 178530 178529     36
 178868 163976      410.8379    87      414.4464      407.2012  5128729    1.75%         x.48.44 D 178868 178867     29
 179160 164244      412.6927    73      414.4464      407.2019  5138024    1.75%           x.8.5 D 179160 179159     75
 179520 164577      409.8691    80      414.4464      407.2038  5146714    1.75%         x.45.48 D 179520 179519     83
 179870 164910      411.8594    60      414.4464      407.2043  5156153    1.75%         x.44.21 U 179870 179868     87
 180155 165156      409.2848    89      414.4464      407.2051  5166304    1.75%         x.59.44 D 180155 180154     21
 180519 165506      412.6211    62      414.4464      407.2057  5174140    1.75%         x.47.59 N 180519 180518     83
 180815 165777      413.3136    69      414.4464      407.2069  5183723    1.75%          x.20.9 D 180815 180814    113
Elapsed time = 1577.58 sec. (1893900.72 ticks, tree = 9282.36 MB, solutions = 15)
Nodefile size = 7234.56 MB (7178.05 MB after compression)
 181166 166106      412.9799    78      414.4464      407.2086  5192816    1.75%         x.28.26 U 181166 181164     71
 181457 166375      411.8882    82      414.4464      407.2090  5202434    1.75%          x.13.5 D 181457 181456     74
 181766 166661      411.7602    65      414.4464      407.2098  5210736    1.75%         x.10.15 D 181766 181765    115
 182128 167006      409.6821    80      414.4464      407.2104  5218536    1.75%         x.11.44 D 182128 182127     35
 182448 167303      411.7492    83      414.4464      407.2121  5227381    1.75%          x.50.9 U 182448 182446     22
 182743 167580      412.7454    74      414.4464      407.2133  5236190    1.75%          x.2.35 D 182743 182742    103
 183062 167877      413.6261    71      414.4464      407.2140  5245567    1.75%         x.49.28 D 183062 183061    109
 183330 168117      413.6103    84      414.4464      407.2153  5254043    1.74%           x.1.5 N 183330 183329     82
 183684 168439      411.2660    83      414.4464      407.2162  5262467    1.74%          x.45.3 D 183684 183683     52
 183988 168705      413.3598    68      414.4464      407.2174  5272487    1.74%         x.43.10 N 183988 183987    134
Elapsed time = 1613.85 sec. (1932146.94 ticks, tree = 9477.49 MB, solutions = 15)
Nodefile size = 7429.83 MB (7372.21 MB after compression)
 184350 169035      407.5143    79      414.4464      407.2183  5280906    1.74%         x.28.35 D 184350 184349     25
 184711 169367      410.5921    71      414.4464      407.2195  5289062    1.74%          x.50.3 D 184711 184710     45
 185062 169692      413.3870    51      414.4464      407.2198  5296750    1.74%         x.15.39 D 185062 185061    201
 185359 169967      408.9435    85      414.4464      407.2205  5304821    1.74%          x.41.9 D 185359 185358     43
 185639 170215      409.1056    88      414.4464      407.2221  5314154    1.74%          x.38.9 N 185639 185638     24
 185967 170521      409.5788    79      414.4464      407.2228  5323199    1.74%         x.57.44 D 185967 185966     29
 186239 170766      413.7389    72      414.4464      407.2242  5332153    1.74%         x.35.26 N 186239 186238     59
 186576 171078      410.8085    84      414.4464      407.2259  5340969    1.74%          x.23.9 D 186576 186575     66
 186855 171329      409.3979    93      414.4464      407.2283  5350023    1.74%         x.29.44 D 186855 186854     26
 187186 171638      412.6473    79      414.4464      407.2294  5358749    1.74%          x.53.5 D 187186 187185     85
Elapsed time = 1650.87 sec. (1970379.94 ticks, tree = 9673.87 MB, solutions = 15)
Nodefile size = 7626.42 MB (7567.52 MB after compression)
 187517 171953      411.0534    85      414.4464      407.2303  5367068    1.74%          x.41.9 D 187517 187516     51
 187834 172238      410.2229    89      414.4464      407.2320  5375815    1.74%          x.50.3 D 187834 187833     47
 188119 172486      408.0865    82      414.4464      407.2327  5384437    1.74%         x.38.44 D 188119 188118     23
 188466 172810      413.5079    68      414.4464      407.2336  5393694    1.74%         x.54.24 D 188466 188465     99
 188778 173098      412.5052    79      414.4464      407.2358  5402137    1.74%          x.23.9 D 188778 188777     64
 189059 173351      408.8748    88      414.4464      407.2373  5411500    1.74%          x.8.29 D 189059 189058     23
 189378 173649      413.4162    72      414.4464      407.2377  5420174    1.74%          x.4.59 D 189378 189377     95
 189665 173906      410.2890    87      414.4464      407.2382  5429598    1.74%          x.48.3 D 189665 189664     46
 190000 174223      411.1227    79      414.4464      407.2387  5437983    1.74%          x.30.5 D 190000 189999     51
 190365 174555      413.6516    69      414.4464      407.2391  5447163    1.74%          x.15.9 D 190365 190364    103
Elapsed time = 1688.27 sec. (2008652.06 ticks, tree = 9869.99 MB, solutions = 15)
Nodefile size = 7822.86 MB (7762.98 MB after compression)
 190666 174826      407.9527    92      414.4464      407.2396  5456719    1.74%         x.59.44 U 190666  36853     23
 190985 175120      413.9191    72      414.4464      407.2401  5465104    1.74%         x.41.41 D 190985 190984    111
 191246 175345      410.0070    80      414.4464      407.2414  5473442    1.74%         x.44.44 D 191246 191245     26
 191558 175641      410.5987    92      414.4464      407.2418  5482462    1.74%         x.19.44 D 191558 191557     35
 191894 175961      411.4902    70      414.4464      407.2429  5491198    1.74%         x.49.49 D 191894 191893    112
 192201 176240      407.8097    85      414.4464      407.2436  5499628    1.74%          x.40.9 D 192201 192200     20
 192525 176548      410.3517    63      414.4464      407.2439  5507059    1.74%         x.19.57 U 192525 192524     58
 192850 176841      410.9404    79      414.4464      407.2458  5515589    1.74%          x.30.5 U 192850 192848     55
 193138 177098      413.4365    94      414.4464      407.2461  5525026    1.74%         x.11.44 U 193138 193136     36
 193480 177415      410.5850    90      414.4464      407.2464  5532818    1.74%         x.57.44 D 193480 193479     26
Elapsed time = 1725.69 sec. (2046917.44 ticks, tree = 10062.81 MB, solutions = 15)
Nodefile size = 8015.72 MB (7954.84 MB after compression)
 193787 177695      410.2088    83      414.4464      407.2475  5541398    1.74%           x.8.7 D 193787 193786     43
 194080 177975      409.4905    81      414.4464      407.2479  5549772    1.74%           x.6.3 D 194080 194079     57
 194400 178264      409.5267    78      414.4464      407.2493  5559160    1.74%         x.57.44 D 194400 194399     28
 194769 178609      411.0812    64      414.4464      407.2505  5567627    1.74%         x.29.46 U 194769 194768     97
 195062 178880      412.0472    62      414.4464      407.2520  5576308    1.74%         x.25.35 D 195062 195061    128
 195424 179221      413.7847    39      414.4464      407.2528  5584544    1.74%         x.27.33 D 195424 195423    211
 195704 179475      411.3351    95      414.4464      407.2544  5594063    1.74%         x.18.44 D 195704 195703     32
 195990 179730      408.6234    89      414.4464      407.2548  5603290    1.74%          x.33.9 D 195990 195988     46
 196311 180026      410.8993    86      414.4464      407.2553  5612233    1.74%         x.23.44 N 196311 196309     23
 196645 180338      409.4985    90      414.4464      407.2559  5620796    1.73%         x.44.44 D 196645 196644     27
Elapsed time = 1763.13 sec. (2085184.13 ticks, tree = 10260.63 MB, solutions = 15)
Nodefile size = 8212.85 MB (8150.45 MB after compression)
 196885 180564      411.8985    91      414.4464      407.2561  5629664    1.73%          x.21.3 N 196885 196884     59
 197168 180827      411.2527    89      414.4464      407.2578  5638946    1.73%          x.46.9 D 197168 197167     47
 197472 181113      414.0338    64      414.4464      407.2590  5647781    1.73%          x.1.35 N 197472 197471     84
 197746 181359      409.5705    83      414.4464      407.2595  5656118    1.73%          x.48.3 D 197746 197744     37
 198024 181611      407.9884    86      414.4464      407.2609  5665901    1.73%          x.2.44 D 198024 198023     19
 198333 181888      410.8116    81      414.4464      407.2625  5675296    1.73%         x.44.44 D 198333 198332     37
 198638 182167      409.5100    84      414.4464      407.2633  5684226    1.73%          x.44.3 D 198638 198637     53
 198941 182452      410.3962    66      414.4464      407.2639  5692591    1.73%          x.2.35 D 198941 198940     81
 199230 182720      409.2866    82      414.4464      407.2649  5701794    1.73%          x.45.3 N 199230 199229     46
 199595 183062      409.2185    79      414.4464      407.2654  5710778    1.73%         x.48.44 D 199595 199594     26
Elapsed time = 1800.59 sec. (2123433.29 ticks, tree = 10445.83 MB, solutions = 15)
Nodefile size = 8397.90 MB (8334.53 MB after compression)
 199936 183387      413.3444    69      414.4464      407.2655  5719719    1.73%         x.20.20 D 199936 199935     91
 200214 183643      410.3682    91      414.4464      407.2661  5728629    1.73%          x.21.3 D 200214 200213     60
 200530 183941      413.4719    80      414.4464      407.2665  5736905    1.73%          x.38.3 D 200530 200529     53
 200842 184214      409.5735    80      414.4464      407.2676  5745733    1.73%          x.16.3 D 200842 200841     41
 201132 184474      411.2498    88      414.4464      407.2684  5755286    1.73%           x.7.3 D 201132 201131     57
 201420 184739        cutoff            414.4464      407.2687  5764233    1.73%          x.31.9 U 201420 201418    117
 201728 185035      413.4543    64      414.4464      407.2699  5772713    1.73%         x.57.34 D 201728 201727    130
 202000 185281      412.0950    77      414.4464      407.2709  5781786    1.73%          x.34.3 D 202000 201999     31
 202306 185561      412.0258    84      414.4464      407.2713  5790597    1.73%          x.58.9 D 202306 202305     57
 202588 185793      407.3335    90      414.4464      407.2726  5799069    1.73%         x.29.44 D 202588 202587     16
Elapsed time = 1836.37 sec. (2161637.56 ticks, tree = 10632.26 MB, solutions = 15)
Nodefile size = 8584.58 MB (8520.32 MB after compression)
 202930 186114      409.0991    84      414.4464      407.2736  5806764    1.73%          x.11.3 D 202930 202929     57
 203222 186389      411.2679    83      414.4464      407.2749  5816282    1.73%          x.29.3 U 203222 203220     45
 203559 186698      410.9294    73      414.4464      407.2759  5825357    1.73%          x.8.29 U 203559 203557     27
 203849 186969      410.8290    80      414.4464      407.2767  5833323    1.73%           x.7.3 D 203849 203848     18
 204132 187214        cutoff            414.4464      407.2775  5842566    1.73%         x.12.44 U 204132 204130     31
 204400 187447      410.4231    83      414.4464      407.2788  5851258    1.73%          x.21.3 D 204400 204399     50
 204706 187735      409.7876    83      414.4464      407.2801  5861516    1.73%          x.48.3 D 204706 204705     42
 204999 187997      410.4591    89      414.4464      407.2812  5870010    1.73%         x.49.44 D 204999 204998     28
 205298 188268      411.9051    83      414.4464      407.2816  5878825    1.73%          x.46.9 D 205298 205297     61
 205600 188549      408.9094    78      414.4464      407.2826  5888195    1.73%         x.22.44 D 205600 205599     35
Elapsed time = 1873.87 sec. (2200397.57 ticks, tree = 10820.93 MB, solutions = 15)
Nodefile size = 8773.18 MB (8707.74 MB after compression)
 205938 188863      411.0643    80      414.4464      407.2837  5896863    1.73%           x.7.9 U 205938 205936     44
 206230 189139      411.4675    65      414.4464      407.2848  5904787    1.73%          x.48.5 D 206230 206229     96
 206510 189393      412.0828    75      414.4464      407.2856  5913849    1.73%           x.1.5 D 206510 206509     80
 206838 189692      410.0719    82      414.4464      407.2865  5922524    1.73%          x.11.3 D 206838 206837     58
 207137 189955      413.3966    60      414.4464      407.2873  5931784    1.73%          x.16.9 D 207137 207136    106
 207500 190300      413.3825    52      414.4464      407.2882  5939934    1.73%          x.8.34 D 207500 207499    167
 207849 190632      411.8708    64      414.4464      407.2887  5948095    1.73%         x.58.26 D 207849 207848    145
 208155 190907      412.4978    86      414.4464      407.2894  5957579    1.73%          x.40.9 D 208155 208154     44
 208459 191191      413.6027    65      414.4464      407.2901  5966770    1.73%         x.58.48 U 208459 208458     84
 208795 191500      411.7073    85      414.4464      407.2916  5975259    1.73%          x.6.59 D 208795 208794     97
Elapsed time = 1907.58 sec. (2238627.69 ticks, tree = 11023.29 MB, solutions = 15)
Nodefile size = 8975.66 MB (8909.01 MB after compression)
 209078 191754      413.1933    80      414.4464      407.2924  5984638    1.73%          x.48.3 D 209078 209077     50
 209389 192038      409.4516    84      414.4464      407.2929  5993410    1.73%          x.9.44 D 209389 209388     20
 209668 192289      410.4265    87      414.4464      407.2933  6001936    1.73%         x.22.44 D 209668 209667     34
 210000 192597      409.6580    81      414.4464      407.2945  6011205    1.73%         x.49.44 D 210000 209999     45
 210309 192880      411.3993    74      414.4464      407.2951  6020497    1.73%         x.55.48 D 210309 210308     86
 210592 193143      414.3012    76      414.4464      407.2953  6029251    1.73%         x.45.12 D 210592 210591     88
 210890 193422      410.9874    78      414.4464      407.2961  6037974    1.73%          x.50.9 D 210890 210888     38
 211188 193704      411.2671    66      414.4464      407.2967  6047008    1.73%         x.49.28 D 211188 211187    109
 211515 194003      412.9635    67      414.4464      407.2977  6056059    1.72%         x.38.49 D 211515 211514     91
 211800 194272      414.3979    67      414.4464      407.2987  6065184    1.72%          x.24.4 D 211800 211799     77
Elapsed time = 1941.46 sec. (2277256.86 ticks, tree = 11213.87 MB, solutions = 15)
Nodefile size = 9166.68 MB (9099.30 MB after compression)
 212126 194571      408.3078    82      414.4464      407.2992  6073963    1.72%          x.34.3 D 212126 212125     48
 212417 194841      409.1521    83      414.4464      407.3001  6083403    1.72%          x.40.9 U 212417 206150     17
 212746 195152      414.4285    78      414.4464      407.3007  6091846    1.72%         x.47.35 D 212746 212745     49
 213044 195423      409.4911    89      414.4464      407.3019  6100049    1.72%         x.48.44 D 213044 213043     29
 213344 195711      409.5162    88      414.4464      407.3025  6108142    1.72%          x.46.3 N 213344 213343     52
 213649 195987      410.0532    88      414.4464      407.3030  6116797    1.72%          x.52.0 U 213649 213648     22
 213952 196265      409.7489    80      414.4464      407.3034  6126168    1.72%          x.21.3 D 213952 213951     47
 214290 196583      408.8021    85      414.4464      407.3043  6134978    1.72%         x.23.44 D 214290 214288     26
 214569 196838      412.7261    88      414.4464      407.3049  6143424    1.72%           x.8.3 D 214569 214568     67
 214827 197066      409.4227    90      414.4464      407.3065  6151291    1.72%          x.52.0 N 214827 214826     20
Elapsed time = 1974.93 sec. (2315515.10 ticks, tree = 11406.65 MB, solutions = 15)
Nodefile size = 9359.24 MB (9290.92 MB after compression)
 215150 197362      413.5278    68      414.4464      407.3066  6159840    1.72%         x.37.52 D 215150 215149     99
 215449 197629      409.1165    83      414.4464      407.3074  6168902    1.72%         x.48.44 N 215449 134661     24
 215737 197889      411.6941    77      414.4464      407.3079  6178601    1.72%          x.33.9 U 215737 215735     67
