proble size: m = 5 , n = 5 , seed = 1 
Benders' cuts separated to cut off: Integer and fractional infeasible solutions.
seed = 1
Version identifier: 20.1.0.0 | 2020-11-10 | 9bedb6d68
CPXPARAM_Threads                                 1
CPXPARAM_RandomSeed                              1
CPXPARAM_MIP_Strategy_CallbackReducedLP          0
CPXPARAM_MIP_Strategy_Search                     1
CPXPARAM_TimeLimit                               3600
CPXPARAM_MIP_Tolerances_AbsMIPGap                0
CPXPARAM_MIP_Tolerances_MIPGap                   0
Legacy callback                                  LU
Tried aggregator 1 time.
Reduced MIP has 60 rows, 3660 columns, and 3600 nonzeros.
Reduced MIP has 3600 binaries, 0 generals, 0 SOSs, and 0 indicators.
Presolve time = 0.00 sec. (1.40 ticks)
Probing time = 0.00 sec. (3.60 ticks)
Clique table members: 60.
MIP emphasis: balance optimality and feasibility.
MIP search method: traditional branch-and-cut.
Parallel mode: none, using 1 thread.
Root relaxation solution time = 0.00 sec. (0.75 ticks)

        Nodes                                         Cuts/
   Node  Left     Objective  IInf  Best Integer    Best Bound    ItCnt     Gap         Variable B NodeID Parent  Depth

      0     0        0.0000    48                      0.0000        0         
*     0+    0                         1768.9771        0.0000           100.00%
*     0+    0                         1306.3969        0.0000           100.00%
      0     0      185.5316    78     1306.3969     Fract: 37      229   85.80%
*     0+    0                         1089.2916      185.5316            82.97%
*     0+    0                          816.4623      185.5316            77.28%
      0     0      334.2437    89      816.4623     Fract: 25      372   59.06%
      0     0      384.5156    89      816.4623 UserPurge2: 27      433   52.90%
*     0+    0                          444.9670      384.5156            13.59%
      0     0      392.0267    91      444.9670 UserPurge2: 9      448   11.90%
      0     0      392.0289    95      444.9670 UserPurge2: 2      450   11.90%
*     0+    0                          444.7840      392.0289            11.86%
*     0+    0                          415.4237      392.0289             5.63%
      0     2      392.0289    95      415.4237      392.0533      450    5.63%                        0             0
Elapsed time = 0.18 sec. (209.79 ticks, tree = 0.01 MB, solutions = 7)
      8    10      403.7434    93      415.4237      402.4394     1674    3.13%          x.57.6 N      8      7      5
     20    22      404.9763    85      415.4237      402.4394     2728    3.13%         x.34.27 N     20     18     13
     39    41      406.3467    86      415.4237      402.4394     3790    3.13%         x.55.48 N     39     37     27
     57    59      406.7187    81      415.4237      402.4394     4456    3.13%         x.40.29 N     57     56     43
     66    68      407.2670    74      415.4237      402.4394     5132    3.13%          x.46.9 N     66     65     49
     80    82      407.9666    70      415.4237      402.4394     5807    3.13%         x.39.11 N     80     78     61
    100   101      410.3141    70      415.4237      402.4394     6933    3.13%         x.50.18 N    100     98     76
    118   117      412.4905    68      415.4237      402.4394     8005    3.13%          x.27.9 N    118    116     92
    130   126      412.7216    65      415.4237      402.4394     8692    3.13%           x.1.5 N    130    128    101
    200   187      409.0235    80      415.4237      402.7488    12794    3.05%         x.12.24 D    200    199     42
Elapsed time = 2.91 sec. (3554.18 ticks, tree = 2.47 MB, solutions = 7)
    265   242      406.8398    87      415.4237      402.9429    16079    3.00%         x.20.11 N    265    264     33
    340   312      404.4605    90      415.4237      403.0338    19431    2.98%          x.8.29 D    340    339     13
    410   379      415.3003    69      415.4237      403.0338    21989    2.98%         x.18.12 N    410    409     82
    510   467      408.2798    84      415.4237      403.2005    26502    2.94%         x.14.27 N    510    508     17
    597   543      406.5183    89      415.4237      403.2329    30685    2.93%         x.50.41 U    597    596     23
    688   630      415.0353    63      415.4237      403.2329    34245    2.93%         x.26.34 N    688    687    114
    769   709      414.0282    86      415.4237      403.3064    37956    2.92%         x.18.28 N    769    768     84
*   790+  709                          414.8800      403.3064             2.79%
    842   763      410.4099    83      414.8800      403.3889    40321    2.77%          x.50.1 D    842    841     56
    918   831      413.1660    64      414.8800      403.3889    42023    2.77%         x.44.56 N    918    917    132
   1006   909      410.8719    71      414.8800      403.3950    45257    2.77%         x.20.32 D   1006   1005     71
Elapsed time = 10.38 sec. (13152.99 ticks, tree = 17.85 MB, solutions = 8)
   1100   994      412.9746    81      414.8800      403.4153    48512    2.76%          x.41.9 N   1100   1098     19
   1160  1046      409.0118    87      414.8800      403.4321    51108    2.76%          x.25.4 D   1160   1159     39
   1294  1171      413.3727    61      414.8800      403.4321    53770    2.76%         x.58.48 N   1294   1293    173
   1371  1235      414.6403    82      414.8800      403.4328    56831    2.76%         x.58.19 U   1371   1369     56
   1473  1328      408.8656    82      414.8800      403.4528    61250    2.75%          x.48.6 N   1473   1472     27
   1550  1400      412.9588    74      414.8800      403.4687    65121    2.75%         x.50.18 D   1550   1549     42
   1640  1480      412.5300    86      414.8800      403.4904    69670    2.75%         x.33.25 D   1640   1639     70
   1765  1601      412.6962    77      414.8800      403.5305    74235    2.74%         x.15.24 N   1765   1764     88
   1887  1713      410.4853    84      414.8800      403.6072    78973    2.72%         x.42.19 D   1887   1886     32
   1999  1817      414.3345    79      414.8800      403.6137    84066    2.72%          x.2.24 N   1999   1997     62
Elapsed time = 17.59 sec. (22792.45 ticks, tree = 41.55 MB, solutions = 8)
   2100  1910      405.5895    89      414.8800      403.6675    88878    2.70%         x.28.35 U   2100   2099     11
   2200  2006      411.5595    88      414.8800      403.6835    93646    2.70%          x.34.4 D   2200   2199     64
   2325  2128      412.2567    83      414.8800      403.7599    97985    2.68%         x.20.20 N   2325   2324     71
   2419  2210      406.8186    90      414.8800      403.8803   102383    2.65%         x.50.18 N   2419   2418     32
   2575  2350      411.8245    65      414.8800      403.8803   105355    2.65%         x.20.26 N   2575   2574    187
   2709  2465      406.1205    91      414.8800      403.9100   109377    2.64%          x.27.6 N   2709    694     10
   2870  2613      405.0858    90      414.8800      403.9385   113233    2.64%          x.38.6 D   2870   2869     13
   3029  2772      411.7684    63      414.8800      403.9385   116903    2.64%         x.50.35 N   3029   3028    172
   3159  2883      404.5473    89      414.8800      403.9801   121613    2.63%          x.9.50 U   3159    695     11
   3296  3018      413.9628    61      414.8800      403.9801   126351    2.63%          x.4.12 D   3296   3295    148
Elapsed time = 24.90 sec. (32428.14 ticks, tree = 75.48 MB, solutions = 8)
   3444  3158      412.0492    74      414.8800      404.0067   130671    2.62%         x.50.45 D   3444   3443    143
   3580  3287      411.9698    76      414.8800      404.0168   134666    2.62%         x.35.11 U   3580   3579     94
   3670  3373      412.9415    82      414.8800      404.0246   138908    2.62%          x.49.6 D   3670   3669     61
   3777  3467      405.9053    89      414.8800      404.0396   144468    2.61%          x.6.40 D   3777   3776     18
   3878  3564      412.7482    84      414.8800      404.0473   149475    2.61%         x.18.59 D   3878   3877     44
   4018  3689      408.3059    86      414.8800      404.0530   153468    2.61%         x.47.35 D   4018   4017     16
   4125  3787      409.1894    84      414.8800      404.0620   157752    2.61%          x.40.6 N   4125   4124     35
   4240  3897      412.1523    85      414.8800      404.0710   162572    2.61%           x.3.6 N   4240   4239     56
   4337  3990      413.5347    86      414.8800      404.0847   167923    2.60%           x.3.4 N   4337   4336     77
   4434  4079      407.1075    86      414.8800      404.1103   171870    2.60%          x.40.9 D   4434   4433     10
Elapsed time = 32.10 sec. (42042.91 ticks, tree = 107.53 MB, solutions = 8)
   4549  4186      405.2374    86      414.8800      404.1249   176954    2.59%          x.26.9 D   4549   4548     13
   4644  4278      407.3991    84      414.8800      404.1271   181937    2.59%         x.58.48 D   4644   4643     15
   4770  4393      404.6435    88      414.8800      404.1400   187124    2.59%          x.6.40 D   4770    151      7
   4847  4470      413.8994    82      414.8800      404.1400   192138    2.59%         x.18.12 N   4847   4845     56
   4940  4553      411.9444    79      414.8800      404.1509   196834    2.59%           x.7.6 D   4940   4939     62
   5061  4670      411.1063    81      414.8800      404.1537   201231    2.59%         x.53.24 D   5061   5060     98
   5200  4801      410.5283    88      414.8800      404.1755   204815    2.58%         x.28.51 D   5200   5199     60
   5336  4930      413.9294    76      414.8800      404.2034   209210    2.57%         x.20.21 N   5336   5335     89
   5440  5020      406.8536    85      414.8800      404.2450   213872    2.56%         x.47.35 U   5440   5439     15
   5572  5146      412.4782    79      414.8800      404.2550   218438    2.56%          x.48.3 U   5572   5571     91
Elapsed time = 39.51 sec. (51675.88 ticks, tree = 141.29 MB, solutions = 8)
   5715  5281      411.2301    83      414.8800      404.2722   221908    2.56%         x.54.52 U   5715   5714     81
   5847  5403      410.0340    77      414.8800      404.2736   225661    2.56%         x.35.11 U   5847   5846    123
   5960  5506      405.7938    85      414.8800      404.2823   229073    2.55%           x.7.9 D   5960   5959     19
   6055  5593      406.6008    93      414.8800      404.2919   234042    2.55%          x.50.9 N   6055   6054     24
   6207  5740      413.1797    65      414.8800      404.2919   237628    2.55%          x.53.5 N   6207   6206    176
   6350  5878      412.4993    71      414.8800      404.3066   241170    2.55%         x.38.25 D   6350   6349    121
   6496  6007      405.3835    88      414.8800      404.3185   244985    2.55%          x.8.29 D   6496   6495     16
   6634  6141      407.4908    86      414.8800      404.3238   248530    2.54%           x.2.6 U   6634   6632     10
   6732  6232      408.9389    89      414.8800      404.3283   253276    2.54%         x.42.25 D   6732   6731     44
   6858  6351      406.8832    88      414.8800      404.3439   256410    2.54%          x.50.3 D   6858   6857     20
Elapsed time = 46.77 sec. (61270.67 ticks, tree = 180.76 MB, solutions = 8)
   7012  6504      412.8711    64      414.8800      404.3439   259617    2.54%         x.13.34 D   7012   7011    174
   7134  6615      410.3044    82      414.8800      404.3492   263519    2.54%         x.34.34 D   7134   7133     93
   7270  6742      406.9271    96      414.8800      404.3596   266991    2.54%         x.28.35 D   7270   7269     28
   7430  6901      412.6674    72      414.8800      404.3596   270461    2.54%         x.46.34 D   7430   7429    188
   7550  6994      404.7480    88      414.8800      404.3641   274123    2.53%         x.47.35 U   7550   2009      8
   7673  7116      410.3549    75      414.8800      404.3641   277397    2.53%         x.50.47 N   7673   7672    131
   7828  7263      410.4542    88      414.8800      404.3668   280946    2.53%          x.31.4 D   7828   7827     54
   8000  7426      408.1314    86      414.8800      404.3677   284194    2.53%         x.10.16 U   8000   7999     82
   8142  7561        cutoff            414.8800      404.3677   287580    2.53%         x.34.55 U   8142   8140    223
   8259  7673      407.3984    84      414.8800      404.3877   291555    2.53%          x.8.29 U   8259   8257     12
Elapsed time = 54.36 sec. (71141.39 ticks, tree = 225.62 MB, solutions = 8)
   8358  7761      408.2534    85      414.8800      404.3933   295424    2.53%         x.27.25 D   8358   8357     68
   8476  7878      411.2334    73      414.8800      404.3933   297923    2.53%           x.6.2 N   8476   8475    186
   8573  7970      410.4342    84      414.8800      404.4069   301000    2.52%          x.8.41 D   8573   8572     35
   8719  8108        cutoff            414.8800      404.4105   304872    2.52%         x.13.25 D   8719   8718     67
   8850  8233      413.2434    71      414.8800      404.4141   307844    2.52%         x.44.23 D   8850   8849    135
   8950  8317      406.8615    93      414.8800      404.4208   312022    2.52%         x.28.35 D   8950   8949      8
*  9070+ 8430                          414.8800      404.4230             2.52%
   9080  8442      408.0840    88      414.8800      404.4230   314922    2.52%           x.8.5 D   9080   9079     17
   9140  8501      410.0253    82      414.8800      404.4230   315683    2.52%         x.15.24 D   9140   9139     77
   9220  8575      411.9331    77      414.8800      404.4259   318170    2.52%          x.5.25 D   9220   9219     68
   9344  8695      407.0307    88      414.8800      404.4379   320631    2.52%         x.28.37 D   9344   9343     78
Elapsed time = 61.69 sec. (81033.16 ticks, tree = 262.11 MB, solutions = 9)
   9448  8796      410.9946    71      414.8800      404.4379   323060    2.52%         x.21.24 D   9448   9447    182
   9550  8890      406.3088    86      414.8800      404.4431   325744    2.52%          x.8.29 U   9550   9548     14
   9636  8962      409.3145    77      414.8800      404.4500   328915    2.51%         x.10.16 U   9636   9635     53
   9727  9053      413.2631    63      414.8800      404.4500   331315    2.51%         x.47.44 D   9727   9726    144
   9824  9144      413.3528    88      414.8800      404.4543   334451    2.51%          x.37.0 N   9824   9823     84
   9920  9235      414.0908    82      414.8800      404.4600   337696    2.51%         x.57.44 D   9920   9919     92
  10047  9354      412.5336    83      414.8800      404.4623   340476    2.51%         x.47.24 D  10047  10046    125
  10160  9452      405.7838    82      414.8800      404.4710   343945    2.51%          x.46.9 D  10160  10159     30
  10310  9601      411.3749    69      414.8800      404.4710   347095    2.51%         x.59.44 N  10310  10309    180
  10870 10141      412.7445    58      414.8800      404.4871   359607    2.51%         x.58.15 U  10870  10869    226
Elapsed time = 71.47 sec. (93790.49 ticks, tree = 315.34 MB, solutions = 9)
  11303 10535      407.5202    93      414.8800      404.5216   371494    2.50%          x.46.9 D  11303  11302     20
  11866 11074      405.9298    82      414.8800      404.5337   384472    2.49%          x.33.9 D  11866  11865     33
  12363 11547      409.4667    80      414.8800      404.5528   399529    2.49%         x.33.25 D  12363  12362    129
  12861 12021      411.8199    72      414.8800      404.5634   413000    2.49%          x.6.26 N  12861  12860    170
  13396 12520      413.1342    82      414.8800      404.5786   427955    2.48%         x.10.16 N  13396  13395     76
  13936 13023      408.2514    86      414.8800      404.6122   441920    2.47%           x.8.7 D  13936  13935     18
  14445 13517      413.1433    76      414.8800      404.6234   456525    2.47%         x.50.58 D  14445  14444    162
  14975 14030      410.7613    81      414.8800      404.6298   469576    2.47%         x.24.25 D  14975  14974    115
  15518 14548      409.9247    76      414.8800      404.6412   482863    2.47%          x.9.44 D  15518  15517    116
  16010 15015      405.2557    85      414.8800      404.6506   496569    2.47%          x.26.9 D  16010  16009     24
Elapsed time = 101.54 sec. (131986.09 ticks, tree = 504.95 MB, solutions = 9)
  16568 15548      406.7230    87      414.8800      404.6559   510016    2.46%          x.28.5 D  16568  16567     78
  17148 16103      406.3251    84      414.8800      404.6789   522769    2.46%          x.46.9 D  17148  17147     28
  17670 16586      409.3238    79      414.8800      404.6874   534565    2.46%         x.10.16 U  17670  17669    105
  18220 17119      412.8188    77      414.8800      404.7018   547458    2.45%          x.31.8 D  18220  18219     43
  18730 17599      406.1711    88      414.8800      404.7061   561133    2.45%          x.40.9 D  18730  18729     16
  19266 18107      410.9037    74      414.8800      404.7159   572885    2.45%         x.50.35 N  19266  19265    141
  19729 18545      407.7557    85      414.8800      404.7217   587126    2.45%          x.28.0 D  19729  19728     50
  20280 19077      413.0168    76      414.8800      404.7301   599564    2.45%           x.6.0 D  20280  20279    163
  20856 19623      409.3632    73      414.8800      404.7441   612594    2.44%         x.20.26 D  20856  20855    127
  21434 20177      410.1774    78      414.8800      404.7453   624879    2.44%         x.42.25 D  21434  21433    143
Elapsed time = 131.30 sec. (170178.59 ticks, tree = 717.81 MB, solutions = 9)
  21963 20692      414.6989    76      414.8800      404.7463   637315    2.44%          x.0.12 N  21963  21962     70
  22400 21104      406.3931    80      414.8800      404.7621   651021    2.44%          x.22.4 D  22400  22399     37
  22863 21541      406.0628    90      414.8800      404.7773   664142    2.44%         x.20.15 D  22863  22862     16
  23310 21960      409.4107    81      414.8800      404.8015   677482    2.43%         x.24.48 D  23310  23309     34
  23814 22435      408.4050    84      414.8800      404.8287   690492    2.42%          x.34.4 D  23814  23813     48
  24181 22779      410.0381    82      414.8800      404.8435   704927    2.42%          x.40.9 D  24181  24180     42
  24622 23186      413.3010    79      414.8800      404.8510   718527    2.42%         x.24.48 N  24622  24621     87
  25100 23638      411.8014    75      414.8800      404.8647   731794    2.41%          x.24.4 D  25100  25099     48
  25490 24000      410.5328    80      414.8800      404.8766   745915    2.41%           x.0.6 D  25490  25489     61
  25901 24389      414.8065    79      414.8800      404.8873   758841    2.41%         x.28.26 U  25901  25899     31
Elapsed time = 160.26 sec. (208509.85 ticks, tree = 898.15 MB, solutions = 9)
  26287 24749      411.4555    83      414.8800      404.8946   773036    2.41%          x.56.6 U  26287  26285     34
  26825 25258      405.8044    86      414.8800      404.9027   785027    2.40%          x.25.6 D  26825  26824     24
  27253 25660      410.8703    88      414.8800      404.9171   799006    2.40%          x.26.9 D  27253  27252     47
  27668 26039      411.4254    75      414.8800      404.9279   812247    2.40%         x.24.48 D  27668  27667     64
  28121 26469      411.9374    78      414.8800      404.9383   825891    2.40%         x.15.28 N  28121  28120     64
  28552 26869      411.3901    86      414.8800      404.9429   838171    2.40%         x.15.27 N  28552  28551     48
  28968 27254      411.7549    76      414.8800      404.9502   849673    2.39%          x.6.40 U  28968  28966     26
  29404 27673      414.3984    70      414.8800      404.9543   862247    2.39%         x.24.25 D  29404  29403     94
  29725 27972      406.5108    90      414.8800      404.9589   873965    2.39%           x.4.6 D  29725  29724     21
  30127 28352      412.4580    82      414.8800      404.9658   886243    2.39%         x.18.12 D  30127  30126    102
Elapsed time = 189.50 sec. (246734.49 ticks, tree = 1073.25 MB, solutions = 9)
  30706 28896      412.2629    68      414.8800      404.9693   899917    2.39%         x.27.45 D  30706  30705    155
  31141 29302      414.2804    74      414.8800      404.9780   913421    2.39%          x.37.0 U  31141  31140     94
  31567 29701      411.5074    90      414.8800      404.9852   926085    2.38%          x.25.4 D  31567  31566     59
  31981 30090      410.8842    88      414.8800      404.9921   938566    2.38%         x.28.35 U  31981  31979     27
  32342 30420      408.9309    86      414.8800      404.9992   952070    2.38%           x.7.9 D  32342  32341     32
  32800 30861      408.0774    91      414.8800      405.0037   963581    2.38%          x.48.6 D  32800  32799     31
  33228 31269      411.3686    79      414.8800      405.0101   976191    2.38%          x.33.9 D  33228  33227     53
  33672 31683      408.3333    88      414.8800      405.0129   987935    2.38%          x.8.46 D  33672  33671     17
  34118 32105      405.7076    84      414.8800      405.0145  1000985    2.38%           x.4.6 D  34118  34117     18
  34478 32435      409.5610    89      414.8800      405.0156  1014131    2.38%          x.52.6 D  34478  34477     44
Elapsed time = 218.90 sec. (285236.33 ticks, tree = 1258.43 MB, solutions = 9)
  34914 32851      412.7528    84      414.8800      405.0211  1027464    2.38%          x.26.9 U  34914  34911     32
  35314 33216      409.1289    80      414.8800      405.0380  1040917    2.37%          x.52.6 D  35314  35313     35
  35826 33703      408.2268    90      414.8800      405.0468  1052952    2.37%           x.8.7 N  35826  35825     20
  36233 34083      414.5133    76      414.8800      405.0490  1065617    2.37%          x.37.0 N  36233  36232    106
  36685 34503      410.4847    87      414.8800      405.0561  1076979    2.37%          x.58.6 D  36685  36684     32
  37082 34874      409.8059    90      414.8800      405.0636  1089428    2.37%           x.7.9 D  37082  37081     46
  37588 35354      411.3101    73      414.8800      405.0692  1101334    2.36%         x.24.48 D  37588  37587     98
  38040 35782      407.4255    91      414.8800      405.0763  1113209    2.36%          x.27.6 D  38040  38039     11
  38391 36100      408.4546    81      414.8800      405.0796  1126091    2.36%           x.7.9 D  38391  38390     24
  38826 36505      409.4493    86      414.8800      405.0827  1138086    2.36%          x.59.6 D  38826  38825     42
Elapsed time = 247.78 sec. (323441.76 ticks, tree = 1449.89 MB, solutions = 9)
  39254 36916      410.8529    84      414.8800      405.0886  1149522    2.36%         x.47.35 U  39254  39251     45
  39608 37243      409.7610    90      414.8800      405.0991  1161784    2.36%          x.9.50 D  39608  39607     41
  40068 37685      407.5604    94      414.8800      405.1067  1174156    2.36%           x.1.6 D  40068  40067     24
  40518 38112      411.2191    82      414.8800      405.1150  1186444    2.35%          x.23.4 D  40518  40517     51
  40905 38469      411.3773    84      414.8800      405.1206  1198864    2.35%         x.28.32 D  40905  40904     82
  41284 38821      414.3396    63      414.8800      405.1226  1211240    2.35%         x.18.47 D  41284  41282     70
  41692 39197      412.2310    76      414.8800      405.1275  1223583    2.35%         x.28.26 U  41692  41690     34
  42096 39574      413.0559    80      414.8800      405.1368  1235231    2.35%         x.20.17 N  42096  42095     47
  42530 39983      411.7287    87      414.8800      405.1396  1246913    2.35%           x.3.4 D  42530  42529     62
  42837 40263      410.0385    91      414.8800      405.1456  1259264    2.35%          x.56.6 D  42837  42836     32
Elapsed time = 276.60 sec. (361637.14 ticks, tree = 1630.52 MB, solutions = 9)
  43290 40698      411.6160    78      414.8800      405.1487  1270756    2.35%         x.25.48 D  43290  43289    108
  43708 41094      411.7075    84      414.8800      405.1533  1283232    2.34%           x.0.6 D  43708  43707     53
  44038 41398      408.6894    87      414.8800      405.1581  1294555    2.34%          x.45.6 D  44038  44037     23
  44403 41740      413.9663    76      414.8800      405.1623  1306305    2.34%         x.34.27 D  44403  44401     39
  44800 42107      412.0371    83      414.8800      405.1632  1318342    2.34%          x.9.50 U  44800  44798     25
  45217 42498      410.4708    85      414.8800      405.1735  1330805    2.34%         x.19.57 D  45217  45214     24
  45630 42883      410.8844    83      414.8800      405.1816  1342205    2.34%           x.0.6 D  45630  45629     54
  45962 43187      408.8409    78      414.8800      405.1869  1355359    2.34%          x.48.6 D  45962  45961     41
  46340 43533      408.3862    93      414.8800      405.1898  1367158    2.34%          x.40.6 D  46340  46339     29
  46673 43834      412.8815    81      414.8800      405.1951  1377884    2.33%         x.47.35 D  46673  46672     74
Elapsed time = 305.28 sec. (399901.19 ticks, tree = 1807.56 MB, solutions = 9)
  47020 44145      413.8090    67      414.8800      405.2016  1388026    2.33%         x.24.48 D  47020  47019    117
  47374 44469      409.1418    80      414.8800      405.2087  1399376    2.33%         x.55.40 U  47374  47373     28
  47819 44894      410.3442    86      414.8800      405.2146  1411567    2.33%          x.24.4 D  47819  47818     49
  48174 45220      411.7132    82      414.8800      405.2178  1423495    2.33%          x.6.40 D  48174  48173     44
  48595 45609      410.0833    75      414.8800      405.2237  1435657    2.33%         x.12.48 D  48595  48594     85
  48986 45974      412.9941    86      414.8800      405.2335  1447728    2.33%           x.3.4 D  48986  48985     41
  49333 46295      411.0104    82      414.8800      405.2392  1458663    2.32%          x.8.29 N  49333  49332     21
  49719 46658      411.6147    88      414.8800      405.2426  1469440    2.32%           x.0.6 D  49719  49718     58
  50120 47030      411.7426    87      414.8800      405.2455  1480684    2.32%         x.20.15 N  50120  50119     49
  50501 47394      412.2008    83      414.8800      405.2491  1492243    2.32%         x.15.56 D  50501  50500     73
Elapsed time = 334.06 sec. (438114.96 ticks, tree = 1989.16 MB, solutions = 9)
  50913 47785      412.4754    77      414.8800      405.2520  1502505    2.32%          x.6.40 N  50913  50912     60
  51253 48102      411.0913    77      414.8800      405.2563  1514185    2.32%           x.3.4 N  51253  51252     57
  51620 48445      409.3011    82      414.8800      405.2611  1525931    2.32%          x.23.4 D  51620  51619     50
  52067 48868      406.7284    93      414.8800      405.2634  1537228    2.32%           x.9.6 D  52067  52066     19
  52480 49265      412.2580    80      414.8800      405.2643  1547050    2.32%          x.28.0 D  52480  52479     71
  52895 49651      409.4358    91      414.8800      405.2681  1558583    2.32%         x.15.22 D  52895  52894     62
  53300 50034      405.7992    81      414.8800      405.2709  1570300    2.32%         x.47.35 U  53300     22     16
  53638 50352      411.1842    85      414.8800      405.2762  1581654    2.31%         x.20.20 N  53638  53637     46
  54010 50697      407.4415    90      414.8800      405.2845  1591745    2.31%          x.38.6 D  54010  54009     25
  54400 51063      412.7672    72      414.8800      405.2881  1603217    2.31%          x.8.44 D  54400  54399    116
Elapsed time = 364.30 sec. (476528.06 ticks, tree = 2180.35 MB, solutions = 9)
Nodefile size = 133.00 MB (131.35 MB after compression)
  54800 51432      409.6128    95      414.8800      405.2918  1614935    2.31%         x.28.41 D  54800  54799     49
  55265 51871      410.1552    80      414.8800      405.2956  1625455    2.31%         x.37.27 D  55265  55264    114
  55600 52171      412.7534    89      414.8800      405.3020  1637340    2.31%         x.10.16 N  55600  55599     62
  55992 52530      411.4383    81      414.8800      405.3051  1648868    2.31%         x.49.48 D  55992  55991     82
  56367 52887      411.6102    85      414.8800      405.3126  1660751    2.31%         x.20.10 D  56367  56366     47
  56735 53234      412.7435    88      414.8800      405.3162  1671964    2.31%         x.55.48 U  56735  56734     32
  57144 53618      413.8167    71      414.8800      405.3201  1682088    2.30%          x.2.44 D  57144  57143    121
  57546 53991      413.0056    66      414.8800      405.3238  1691412    2.30%         x.18.24 D  57546  57545    194
  57950 54370      410.2556    84      414.8800      405.3270  1703309    2.30%         x.19.57 U  57950  57949     42
  58388 54776      412.6444    72      414.8800      405.3382  1714399    2.30%          x.50.3 D  58388  58387     90
Elapsed time = 395.39 sec. (514859.28 ticks, tree = 2377.54 MB, solutions = 9)
Nodefile size = 330.18 MB (326.35 MB after compression)
  58830 55196      408.2066    87      414.8800      405.3419  1726093    2.30%           x.1.6 D  58830  58829     26
  59200 55542      412.3794    80      414.8800      405.3443  1735868    2.30%         x.18.44 D  59200  59199    104
  59628 55945      413.3746    66      414.8800      405.3501  1745904    2.30%         x.54.52 N  59628  59627     93
  60026 56313      412.0591    92      414.8800      405.3538  1757126    2.30%           x.8.7 D  60026  60025     45
  60410 56666      414.8694    74      414.8800      405.3574  1768641    2.30%         x.55.48 N  60410  60409    105
  60790 57014      407.1431    91      414.8800      405.3619  1780466    2.29%           x.9.6 D  60790  60789     27
  61104 57306      409.3583    81      414.8800      405.3639  1792215    2.29%           x.1.6 D  61104  61103     24
  61492 57674      411.6886    86      414.8800      405.3654  1803874    2.29%          x.34.4 D  61492  61491     50
  61840 57983      409.6520    85      414.8800      405.3681  1814773    2.29%          x.59.6 D  61840  61839     38
  62179 58296      414.1027    75      414.8800      405.3704  1826196    2.29%         x.58.48 N  62179  62178     81
Elapsed time = 426.68 sec. (553234.02 ticks, tree = 2568.09 MB, solutions = 9)
Nodefile size = 520.21 MB (514.52 MB after compression)
  62650 58741      412.0476    77      414.8800      405.3727  1836427    2.29%         x.33.25 D  62650  62649    131
  63056 59115      409.3788    81      414.8800      405.3770  1846885    2.29%          x.27.6 U  63056  63055     18
  63550 59575      413.2477    65      414.8800      405.3805  1857617    2.29%         x.20.45 D  63550  63549    149
  63890 59885      411.2932    88      414.8800      405.3835  1869406    2.29%          x.52.6 D  63890  63889     33
  64238 60204      408.3939    89      414.8800      405.3894  1881084    2.29%           x.1.6 D  64238  64237     32
  64573 60522      411.7197    89      414.8800      405.3907  1891674    2.29%          x.37.4 D  64573  64572     76
  64885 60808      409.7847    76      414.8800      405.3971  1901668    2.29%         x.15.27 D  64885  64884     43
  65220 61118      408.2527    83      414.8800      405.3990  1911910    2.29%          x.59.6 D  65220  65219     32
  65562 61433        cutoff            414.8800      405.4016  1922130    2.28%         x.37.27 U  65562  65560     55
  65900 61751      414.0463    79      414.8800      405.4056  1931873    2.28%          x.16.6 N  65900  65899     91
Elapsed time = 457.89 sec. (591442.80 ticks, tree = 2758.57 MB, solutions = 9)
Nodefile size = 711.18 MB (703.64 MB after compression)
  66306 62128      412.2937    78      414.8800      405.4074  1942710    2.28%         x.24.37 D  66306  66305    130
  66670 62463      410.6301    81      414.8800      405.4104  1954123    2.28%         x.28.38 D  66670  66669     38
  67041 62814      410.9099    76      414.8800      405.4136  1964441    2.28%         x.15.24 N  67041  67040     78
  67453 63197      408.4172    85      414.8800      405.4176  1975317    2.28%          x.13.9 D  67453  67452     48
  67907 63632      414.5271    85      414.8800      405.4184  1986107    2.28%         x.15.27 D  67907  67905     49
  68273 63973      408.5625    90      414.8800      405.4205  1995257    2.28%           x.4.6 N  68273  68272     18
  68629 64301      413.5808    73      414.8800      405.4235  2005720    2.28%         x.22.27 D  68629  68628    124
  69067 64711      414.5588    73      414.8800      405.4255  2016872    2.28%         x.34.34 D  69067  69066    176
  69410 65022      409.7014    92      414.8800      405.4269  2026935    2.28%         x.28.45 D  69410  69409     53
  69831 65417      414.5192    70      414.8800      405.4288  2036596    2.28%          x.22.4 D  69831  69830    123
Elapsed time = 489.09 sec. (629637.53 ticks, tree = 2964.08 MB, solutions = 9)
Nodefile size = 916.96 MB (907.58 MB after compression)
  70182 65733      412.7660    80      414.8800      405.4298  2046798    2.28%          x.31.8 D  70182  70181    116
  70586 66117      410.4248    84      414.8800      405.4360  2057095    2.28%         x.15.18 D  70586  70585     64
  71000 66505      414.2792    79      414.8800      405.4381  2068053    2.28%           x.3.4 D  71000  70998     43
  71381 66866      410.6447    87      414.8800      405.4404  2077821    2.28%         x.20.10 D  71381  71380     57
  71774 67222      407.0052    86      414.8800      405.4454  2087438    2.27%         x.20.11 D  71774  71773     19
  72119 67548      411.3756    83      414.8800      405.4477  2097508    2.27%         x.15.27 N  72119  72118     47
  72507 67909      410.8334    80      414.8800      405.4533  2107644    2.27%          x.25.4 D  72507  72506    104
  72816 68195      413.3322    87      414.8800      405.4582  2118379    2.27%         x.18.12 D  72816  72815    105
  73202 68550      406.1871    79      414.8800      405.4637  2129069    2.27%         x.20.11 U  73202  64950     11
  73627 68954      412.6709    78      414.8800      405.4715  2139592    2.27%         x.14.27 U  73627  73625     20
Elapsed time = 520.27 sec. (667865.01 ticks, tree = 3165.60 MB, solutions = 9)
Nodefile size = 1117.88 MB (1106.74 MB after compression)
  73940 69231      410.5933    88      414.8800      405.4752  2150469    2.27%         x.19.57 U  73940  73939     33
  74379 69643      407.5995    88      414.8800      405.4794  2160770    2.27%          x.27.6 D  74379  74378     15
  74750 69990      412.9986    83      414.8800      405.4806  2170300    2.27%         x.34.10 D  74750  74749    113
  75130 70332      411.5608    82      414.8800      405.4820  2181402    2.27%         x.28.58 D  75130  75129     65
  75450 70628      414.1999    68      414.8800      405.4834  2191935    2.26%         x.25.35 D  75450  75448     73
  75890 71051      414.1019    72      414.8800      405.4883  2201554    2.26%          x.16.6 N  75890  75889    121
  76274 71402      411.5380    82      414.8800      405.4913  2212779    2.26%          x.46.9 D  76274  76273     49
  76627 71732      414.2446    78      414.8800      405.4966  2223713    2.26%          x.23.9 N  76627  76626    138
  77058 72128      407.5364    88      414.8800      405.5001  2233719    2.26%          x.47.6 D  77058  77057     23
  77380 72422      409.9105    88      414.8800      405.5019  2243329    2.26%          x.59.6 D  77380  77379     43
Elapsed time = 552.05 sec. (706162.52 ticks, tree = 3365.79 MB, solutions = 9)
Nodefile size = 1318.06 MB (1305.31 MB after compression)
  77832 72853      408.6434    85      414.8800      405.5041  2253079    2.26%           x.8.7 D  77832  77831     21
  78261 73255      410.6258    81      414.8800      405.5055  2262934    2.26%         x.28.28 D  78261  78260     43
  78690 73661      410.3857    81      414.8800      405.5077  2273345    2.26%         x.20.57 D  78690  78689     89
  79100 74049      413.2958    81      414.8800      405.5101  2284790    2.26%          x.37.6 N  79100  79099    125
  79488 74415      414.6799    77      414.8800      405.5147  2295305    2.26%         x.15.27 U  79488  79486     52
  79913 74814      409.2709    79      414.8800      405.5177  2304989    2.26%         x.15.37 D  79913  79912     56
  80276 75160      414.1707    78      414.8800      405.5196  2315612    2.26%         x.23.24 D  80276  80275    100
  80670 75526      413.7654    73      414.8800      405.5217  2326453    2.26%         x.24.47 D  80670  80669    115
  81090 75919      412.1905    85      414.8800      405.5235  2337101    2.26%          x.20.4 D  81090  81089     53
  81435 76243      412.2957    83      414.8800      405.5243  2347249    2.26%          x.25.4 D  81435  81433     40
Elapsed time = 583.26 sec. (744386.62 ticks, tree = 3588.40 MB, solutions = 9)
Nodefile size = 1540.50 MB (1525.78 MB after compression)
  81752 76528      410.4254    81      414.8800      405.5263  2358534    2.25%          x.10.6 U  81752  81750     24
  82070 76824      410.6955    90      414.8800      405.5340  2369023    2.25%         x.47.35 N  82070  82069     57
  82420 77145      412.7918    89      414.8800      405.5366  2379506    2.25%          x.31.8 D  82420  82419     88
  82757 77453        cutoff            414.8800      405.5408  2389647    2.25%         x.24.47 U  82757  82755    116
  83118 77790      413.1161    81      414.8800      405.5432  2399693    2.25%         x.18.59 D  83118  83117     83
  83529 78171      407.5078    89      414.8800      405.5456  2409702    2.25%           x.4.6 D  83529  83528     21
  83880 78498      412.6342    76      414.8800      405.5491  2419485    2.25%         x.55.48 U  83880  83879    100
  84326 78920      408.3960    88      414.8800      405.5569  2429269    2.25%           x.4.6 U  84326  47256     19
  84677 79253      409.9026    85      414.8800      405.5577  2439247    2.25%          x.46.6 N  84677  84676     44
  84967 79515      412.7508    79      414.8800      405.5600  2448776    2.25%         x.20.17 D  84967  84966     43
Elapsed time = 614.31 sec. (782610.12 ticks, tree = 3782.01 MB, solutions = 9)
Nodefile size = 1734.07 MB (1717.77 MB after compression)
  85376 79897      413.4185    62      414.8800      405.5640  2459321    2.25%         x.21.12 D  85376  85375    152
  85714 80209      411.8329    82      414.8800      405.5701  2470508    2.24%         x.18.28 D  85714  85713     47
  86056 80525      412.5710    82      414.8800      405.5732  2480710    2.24%         x.15.47 D  86056  86055     96
  86426 80868      414.5116    74      414.8800      405.5766  2491654    2.24%         x.31.30 D  86426  86425    131
  86793 81207      414.1093    72      414.8800      405.5804  2502550    2.24%           x.7.6 N  86793  86792     81
  87109 81505      411.4690    82      414.8800      405.5824  2511942    2.24%           x.1.6 U  87109  87106     40
  87445 81803      408.5422    83      414.8800      405.5865  2521510    2.24%          x.25.6 D  87445  87443     33
  87808 82144      407.9720    83      414.8800      405.5902  2531496    2.24%           x.4.6 D  87808  87807     21
  88120 82427      409.9169    82      414.8800      405.5930  2541745    2.24%          x.8.41 D  88120  88119     39
  88500 82776      408.0039    82      414.8800      405.5957  2550975    2.24%         x.20.37 D  88500  88499     23
Elapsed time = 645.25 sec. (820825.71 ticks, tree = 3977.41 MB, solutions = 9)
Nodefile size = 1930.05 MB (1912.08 MB after compression)
  88830 83078      410.8476    79      414.8800      405.5982  2561101    2.24%         x.15.39 D  88830  88829     51
  89183 83406      411.7407    82      414.8800      405.6000  2570460    2.24%         x.15.56 D  89183  89182     89
  89520 83721      411.7454    83      414.8800      405.6018  2580103    2.24%          x.24.4 D  89520  89519     51
  89999 84187      412.6694    58      414.8800      405.6041  2588875    2.24%         x.46.34 D  89999  89998    186
  90293 84449      409.3784    92      414.8800      405.6069  2598176    2.24%          x.40.6 D  90293  90292     24
  90651 84785      410.2810    84      414.8800      405.6085  2608694    2.23%         x.28.28 D  90651  90650     38
  90998 85104      407.9209    85      414.8800      405.6119  2619216    2.23%          x.10.6 D  90998  90997     31
  91314 85394      408.8431    83      414.8800      405.6156  2628624    2.23%          x.45.6 D  91314  91313     28
  91620 85676      412.3079    80      414.8800      405.6167  2638659    2.23%          x.28.2 D  91620  91619     51
  91987 86008      408.6253    84      414.8800      405.6197  2650068    2.23%           x.1.6 D  91987  91986     35
Elapsed time = 676.27 sec. (859060.54 ticks, tree = 4174.25 MB, solutions = 9)
Nodefile size = 2126.60 MB (2106.78 MB after compression)
  92260 86266      410.6331    97      414.8800      405.6204  2658753    2.23%          x.23.4 D  92260  92259     49
  92658 86627      407.1175    93      414.8800      405.6223  2669146    2.23%          x.47.6 D  92658  92657     17
  92980 86924      409.8959    93      414.8800      405.6271  2680015    2.23%           x.7.9 D  92980  92979     30
  93370 87287      406.3157    88      414.8800      405.6322  2688975    2.23%          x.3.19 U  93370   3637     29
  93741 87636      414.0488    74      414.8800      405.6342  2698308    2.23%          x.23.4 D  93741  93740     32
  94033 87908      412.4062    86      414.8800      405.6380  2707056    2.23%         x.47.35 U  94033  94032     59
  94369 88225      414.6213    75      414.8800      405.6428  2717204    2.23%         x.58.48 D  94369  94368     81
  94630 88453      407.6009    86      414.8800      405.6470  2726972    2.23%          x.44.6 D  94630  94629     31
  95000 88803      414.0894    77      414.8800      405.6482  2736695    2.23%         x.43.22 U  95000  94999    157
  95420 89185      409.8401    91      414.8800      405.6533  2746750    2.22%           x.8.5 D  95420  95419     70
Elapsed time = 707.37 sec. (897354.34 ticks, tree = 4370.36 MB, solutions = 9)
Nodefile size = 2322.65 MB (2301.36 MB after compression)
  95852 89591      414.5869    69      414.8800      405.6628  2757602    2.22%         x.28.26 D  95852  95851     34
  96201 89911      407.7845    91      414.8800      405.6662  2766779    2.22%          x.26.9 U  96201  96199     21
  96579 90267      410.5651    77      414.8800      405.6684  2775908    2.22%         x.18.28 D  96579  96578    127
  96903 90561      412.3937    79      414.8800      405.6697  2786292    2.22%          x.33.9 N  96903  96902     49
  97201 90841      411.9332    80      414.8800      405.6724  2795674    2.22%         x.15.56 D  97201  97200     57
  97537 91145      408.8054    85      414.8800      405.6787  2805008    2.22%          x.25.6 D  97537  97536     20
  97849 91438      412.7634    76      414.8800      405.6823  2814086    2.22%           x.7.6 N  97849  97848     66
  98238 91806      413.4911    72      414.8800      405.6848  2822978    2.22%         x.27.45 D  98238  98237    137
  98636 92171      411.9659    66      414.8800      405.6911  2831698    2.21%         x.22.45 D  98636  98635    143
  98984 92491      410.9025    92      414.8800      405.6938  2841156    2.21%           x.3.6 D  98984  98983     42
Elapsed time = 738.63 sec. (935612.14 ticks, tree = 4576.84 MB, solutions = 9)
Nodefile size = 2529.43 MB (2506.28 MB after compression)
  99387 92870      409.4451    83      414.8800      405.6970  2850623    2.21%         x.37.27 D  99387  99386    122
  99732 93201      410.8378    77      414.8800      405.6983  2860491    2.21%          x.6.28 D  99732  99731     97
 100097 93541      412.1213    83      414.8800      405.7016  2870532    2.21%         x.28.28 D 100097 100096     80
 100399 93816      409.7783    93      414.8800      405.7075  2880757    2.21%           x.1.6 D 100399 100398     22
 100770 94151      413.3683    81      414.8800      405.7121  2890508    2.21%         x.15.48 D 100770 100769     69
 101102 94465      412.5424    81      414.8800      405.7147  2900387    2.21%          x.15.7 D 101102 101101     73
*101360+94231                          414.6798      405.7161             2.16%
 101380 94253      408.9242    76      414.6798      405.7161  2907358    2.16%          x.46.6 D 101380 101379     36
 101600 94456      407.9917    84      414.6798      405.7175  2913489    2.16%         x.34.10 U 101600 101599     26
 101849 94678      410.8134    82      414.6798      405.7192  2921443    2.16%         x.18.12 D 101849 101848     94
 102120 94929      412.7345    82      414.6798      405.7233  2929250    2.16%          x.41.9 U 102120 102118     33
Elapsed time = 770.03 sec. (974564.38 ticks, tree = 4740.38 MB, solutions = 10)
Nodefile size = 2693.15 MB (2668.59 MB after compression)
 102420 95204      412.0891    85      414.6798      405.7279  2938040    2.16%          x.6.37 D 102420 102419     81
 102773 95532      410.4374    87      414.6798      405.7313  2946341    2.16%         x.20.26 D 102773 102772     51
 103093 95830      413.9247    68      414.6798      405.7350  2956284    2.16%         x.31.30 D 103093 103092     95
 103437 96137      410.6517    80      414.6798      405.7396  2966399    2.16%         x.28.49 D 103437 103436     74
 103829 96504      410.7568    75      414.6798      405.7453  2974834    2.15%         x.15.53 D 103829 103828     56
 104120 96771      412.5455    79      414.6798      405.7475  2984030    2.15%         x.28.59 N 104120 104119     62
 104440 97069      412.7356    77      414.6798      405.7497  2993311    2.15%          x.24.4 D 104440 104439     32
 104791 97390      413.9199    79      414.6798      405.7513  3003018    2.15%         x.26.15 N 104791 104790    106
 105127 97693      412.1948    72      414.6798      405.7521  3011767    2.15%         x.26.15 D 105127 105126    140
 105393 97929      408.8764    85      414.6798      405.7540  3021671    2.15%          x.46.6 D 105393 105392     38
Elapsed time = 800.96 sec. (1012802.36 ticks, tree = 4932.02 MB, solutions = 10)
Nodefile size = 2884.89 MB (2858.61 MB after compression)
 105748 98254        cutoff            414.6798      405.7558  3030882    2.15%          x.26.6 D 105748 105747     71
 106035 98521      409.7858    85      414.6798      405.7589  3039343    2.15%          x.33.9 D 106035 106034     28
 106394 98853      407.6570    75      414.6798      405.7615  3049314    2.15%          x.47.6 N 106394 106393     24
 106720 99161      408.7707    90      414.6798      405.7632  3056992    2.15%           x.1.6 D 106720 106719     41
 107124 99539      413.1586    77      414.6798      405.7666  3066067    2.15%         x.10.16 D 107124 107123     78
 107461 99851      411.2320    89      414.6798      405.7697  3076314    2.15%         x.15.14 D 107461 107460     61
 107789 100152      409.1373    92      414.6798      405.7740  3086472    2.15%          x.52.6 D 107789 107788     33
 108112 100454      411.5218    92      414.6798      405.7758  3095369    2.15%         x.28.36 D 108112 108111     91
 108434 100761      413.7226    71      414.6798      405.7780  3104031    2.15%         x.24.37 D 108434 108433    106
 108786 101079      411.1759    76      414.6798      405.7803  3113989    2.15%          x.41.9 D 108786 108785     70
Elapsed time = 832.61 sec. (1051028.71 ticks, tree = 5135.43 MB, solutions = 10)
Nodefile size = 3087.72 MB (3059.70 MB after compression)
 109084 101355      406.7068    89      414.6798      405.7819  3123847    2.15%           x.2.6 D 109084 109083     12
 109415 101662      414.5905    74      414.6798      405.7834  3132493    2.15%          x.9.11 N 109415 109414    164
 109820 102041      410.4231    85      414.6798      405.7873  3142239    2.14%         x.28.38 D 109820 109819     75
 110125 102321      410.5687    86      414.6798      405.7884  3151785    2.14%          x.26.9 D 110125 110124     29
 110500 102665      413.6058    78      414.6798      405.7913  3161887    2.14%         x.14.27 D 110500 110499     31
 110817 102950      409.6986    83      414.6798      405.7960  3171339    2.14%          x.6.59 D 110817 110816     25
 111153 103262      411.8469    84      414.6798      405.7974  3182166    2.14%          x.26.9 N 111153 111152     41
 111456 103540      408.6954    79      414.6798      405.8005  3191982    2.14%         x.15.39 U 111456 111455     35
 111696 103759      414.5239    84      414.6798      405.8028  3201357    2.14%         x.24.42 N 111696 111694     73
 111976 104004      411.3864    83      414.6798      405.8045  3211333    2.14%          x.52.6 D 111976 111975     40
Elapsed time = 864.23 sec. (1089351.17 ticks, tree = 5326.35 MB, solutions = 10)
Nodefile size = 3279.30 MB (3249.41 MB after compression)
 112298 104305      411.2797    88      414.6798      405.8059  3221904    2.14%          x.9.50 D 112298 112297     36
 112690 104678      412.5860    84      414.6798      405.8075  3230173    2.14%         x.21.10 D 112690 112689    122
 113015 104969      408.5926    92      414.6798      405.8100  3240293    2.14%          x.25.6 D 113015 113014     25
 113362 105290      407.1806    87      414.6798      405.8108  3249296    2.14%          x.44.6 D 113362 113361     20
 113750 105650      412.0268    83      414.6798      405.8136  3258318    2.14%          x.8.41 D 113750 113749     45
 114098 105971      411.3466    76      414.6798      405.8165  3266524    2.14%           x.7.6 N 114098 114097    115
 114480 106321      408.6256    84      414.6798      405.8180  3276344    2.14%          x.25.6 U 114480  42761     18
 114851 106659      411.0478    74      414.6798      405.8217  3286056    2.14%         x.15.39 D 114851 114850     52
 115175 106958        cutoff            414.6798      405.8289  3296094    2.13%         x.54.52 D 115175 115173     49
 115480 107234      412.8580    78      414.6798      405.8303  3304932    2.13%         x.15.52 N 115480 115479     56
Elapsed time = 895.46 sec. (1127578.11 ticks, tree = 5538.97 MB, solutions = 10)
Nodefile size = 3491.20 MB (3459.57 MB after compression)
 115829 107555      408.7829    85      414.6798      405.8342  3314376    2.13%           x.1.6 D 115829 115828     26
 116170 107867      409.8255    80      414.6798      405.8364  3324018    2.13%         x.15.39 D 116170 116169     46
 116522 108194      413.0290    83      414.6798      405.8374  3334586    2.13%         x.13.25 N 116522 116521    141
 116868 108515      409.9958    86      414.6798      405.8391  3343543    2.13%          x.33.9 D 116868 116867     71
 117270 108887      409.4195    80      414.6798      405.8418  3353288    2.13%         x.20.32 D 117270 117269     30
 117639 109239      407.2232    84      414.6798      405.8427  3361524    2.13%          x.50.6 D 117639 117638     15
 117977 109552      411.4255    90      414.6798      405.8440  3370979    2.13%          x.13.9 D 117977 117976     49
 118312 109866      411.8313    76      414.6798      405.8443  3379792    2.13%         x.18.44 D 118312 118311     91
 118671 110196      411.1458    84      414.6798      405.8478  3388372    2.13%           x.3.4 D 118671 118669     34
 118937 110441      412.0622    81      414.6798      405.8519  3398100    2.13%          x.9.50 D 118937 118936     42
Elapsed time = 926.30 sec. (1165794.72 ticks, tree = 5751.75 MB, solutions = 10)
Nodefile size = 3704.56 MB (3670.93 MB after compression)
 119242 110723      413.3638    75      414.6798      405.8526  3407166    2.13%         x.37.27 D 119242 119241     81
 119573 111033      413.9349    73      414.6798      405.8556  3417224    2.13%         x.28.41 D 119573 119572     59
 119891 111309      411.4176    76      414.6798      405.8580  3427041    2.13%         x.28.51 D 119891 119890     78
 120210 111604      410.9368    68      414.6798      405.8593  3435485    2.13%         x.42.25 D 120210 120209    112
 120553 111922      413.0542    78      414.6798      405.8605  3444685    2.13%          x.48.6 U 120553 120551     36
 120935 112276      411.7386    69      414.6798      405.8625  3453550    2.13%         x.58.53 D 120935 120934    125
 121235 112545      412.2444    78      414.6798      405.8674  3462096    2.13%         x.31.30 D 121235 121234     94
 121540 112822      409.1643    91      414.6798      405.8701  3471398    2.12%         x.31.19 U 121540 121539     25
 121865 113117      408.8733    80      414.6798      405.8733  3480385    2.12%          x.8.29 D 121865 121864     21
 122250 113465      407.6812    89      414.6798      405.8785  3490962    2.12%          x.50.9 N 122250 122249     28
Elapsed time = 956.99 sec. (1204082.55 ticks, tree = 5954.29 MB, solutions = 10)
Nodefile size = 3906.76 MB (3871.35 MB after compression)
 122572 113756      411.3612    84      414.6798      405.8807  3500598    2.12%          x.52.6 D 122572 122571     30
 122900 114063      412.7733    63      414.6798      405.8820  3508729    2.12%         x.50.15 N 122900 122899    103
 123279 114408      412.3646    72      414.6798      405.8828  3517824    2.12%         x.21.12 D 123279 123278    149
 123590 114688      410.6829    87      414.6798      405.8852  3527350    2.12%           x.3.4 D 123590 123589     97
 123934 115010      410.8235    72      414.6798      405.8898  3536991    2.12%          x.58.6 N 123934 123933     52
 124296 115347      408.9055    88      414.6798      405.8924  3545968    2.12%         x.34.10 U 124296 124295     27
 124656 115686      410.8902    88      414.6798      405.8947  3554102    2.12%         x.28.38 D 124656 124655     58
 124908 115913      412.8136    82      414.6798      405.8960  3564714    2.12%         x.20.15 D 124908 124907     54
 125172 116143      411.3996    91      414.6798      405.8966  3573835    2.12%         x.55.40 U 125172 125171     31
 125490 116439      410.5813    78      414.6798      405.8977  3583127    2.12%         x.20.10 D 125490 125489     75
Elapsed time = 988.53 sec. (1242363.16 ticks, tree = 6155.45 MB, solutions = 10)
Nodefile size = 4108.13 MB (4070.56 MB after compression)
 125820 116750      410.9952    77      414.6798      405.8986  3593331    2.12%           x.7.9 U 125820 125817     26
 126123 117029      410.4022    84      414.6798      405.8999  3601554    2.12%          x.6.40 D 126123 126122     26
 126523 117399      410.8337    86      414.6798      405.9010  3610618    2.12%         x.55.40 U 126523 126522     32
 126860 117710      412.8144    72      414.6798      405.9058  3618373    2.12%          x.49.6 D 126860 126859    115
 127182 118010      407.5522    85      414.6798      405.9075  3626641    2.12%           x.7.9 U 127182   1584     15
 127484 118285      409.2739    89      414.6798      405.9093  3635280    2.11%          x.20.0 D 127484 127483     33
 127789 118563      410.4186    82      414.6798      405.9134  3644831    2.11%          x.8.41 D 127789 127788     38
 128159 118909      411.2011    61      414.6798      405.9143  3652466    2.11%         x.58.25 D 128159 128158    102
 128471 119197      412.0314    84      414.6798      405.9161  3661540    2.11%          x.55.4 D 128471 128470     76
 128780 119486      410.8324    81      414.6798      405.9210  3669745    2.11%           x.8.7 D 128780 128778     19
Elapsed time = 1020.30 sec. (1280650.10 ticks, tree = 6363.84 MB, solutions = 10)
Nodefile size = 4316.80 MB (4277.26 MB after compression)
 129050 119740      409.7243    82      414.6798      405.9216  3677481    2.11%           x.7.9 D 129050 129049     48
 129363 120026      412.1837    80      414.6798      405.9237  3687610    2.11%         x.15.14 D 129363 129362     51
 129666 120300      410.3786    87      414.6798      405.9257  3695745    2.11%         x.15.28 D 129666 129665     36
 130080 120688      408.7749    84      414.6798      405.9293  3703968    2.11%          x.45.6 D 130080 130079     36
 130449 121042      411.6807    85      414.6798      405.9300  3711927    2.11%         x.54.52 U 130449 130448    130
 130800 121373      413.2986    77      414.6798      405.9309  3721315    2.11%         x.22.25 N 130800 130799    103
 131159 121707      412.7800    90      414.6798      405.9329  3730938    2.11%         x.15.24 D 131159 131158     56
 131488 122010      409.3656    89      414.6798      405.9350  3740725    2.11%          x.40.6 D 131488 131487     25
 131795 122300      412.9954    68      414.6798      405.9354  3747350    2.11%         x.24.11 D 131795 131794    153
 132093 122569      408.9668    78      414.6798      405.9389  3757670    2.11%           x.8.7 D 132093 132092     25
Elapsed time = 1052.06 sec. (1318859.07 ticks, tree = 6576.73 MB, solutions = 10)
Nodefile size = 4528.92 MB (4487.73 MB after compression)
 132423 122880      410.0343    79      414.6798      405.9401  3767151    2.11%          x.59.6 D 132423 132422     34
 132749 123183      407.6984    80      414.6798      405.9416  3776530    2.11%          x.47.6 D 132749 132748     24
 133046 123465      408.8706    82      414.6798      405.9427  3784048    2.11%          x.47.6 D 133046 133045     34
 133348 123748      410.8057    87      414.6798      405.9450  3792596    2.11%          x.40.6 D 133348 133347     39
 133636 124010      410.0986    80      414.6798      405.9472  3800697    2.11%         x.15.48 D 133636 133635     46
 134000 124343      412.8903    75      414.6798      405.9484  3809512    2.11%           x.6.7 D 134000 133999     79
 134264 124578      411.7123    86      414.6798      405.9502  3819371    2.11%         x.15.27 D 134264 134263     42
 134589 124868      407.1471    84      414.6798      405.9524  3828174    2.10%         x.34.10 U 134589 134588     18
 135000 125263      409.6419    75      414.6798      405.9542  3835492    2.10%         x.15.45 D 135000 134999     50
 135319 125552      414.4248    76      414.6798      405.9556  3844937    2.10%           x.7.6 N 135319 135318    110
Elapsed time = 1083.82 sec. (1357269.90 ticks, tree = 6784.80 MB, solutions = 10)
Nodefile size = 4737.41 MB (4694.61 MB after compression)
 135613 125819      409.6107    89      414.6798      405.9583  3853726    2.10%          x.23.6 D 135613 135612     29
 135973 126149      410.2521    82      414.6798      405.9606  3862467    2.10%         x.28.22 D 135973 135972     95
 136282 126441      413.3309    64      414.6798      405.9628  3870597    2.10%          x.49.6 N 136282 136281     84
 136538 126670      410.4678    79      414.6798      405.9640  3878713    2.10%          x.52.6 D 136538 136537     37
 136839 126954      413.0996    71      414.6798      405.9666  3886790    2.10%           x.0.6 N 136839 136838    105
 137190 127280      414.6167    82      414.6798      405.9691  3895561    2.10%         x.14.27 D 137190 137188     35
 137472 127538      409.6022    78      414.6798      405.9709  3902386    2.10%          x.20.0 D 137472 137471     74
 137761 127806      409.9086    85      414.6798      405.9729  3911321    2.10%          x.33.6 D 137761 137760     42
 138032 128053      414.0868    74      414.6798      405.9738  3920537    2.10%         x.13.25 D 138032 138031     86
 138370 128369      411.1586    82      414.6798      405.9745  3928739    2.10%          x.25.6 U 138370 138368     27
Elapsed time = 1116.10 sec. (1395526.56 ticks, tree = 6982.88 MB, solutions = 10)
Nodefile size = 4935.70 MB (4891.38 MB after compression)
 138725 128698      409.3855    92      414.6798      405.9764  3937137    2.10%         x.15.10 D 138725 138724     64
 139069 129021      411.0404    72      414.6798      405.9771  3945796    2.10%          x.8.34 D 139069 139068     88
 139455 129379      410.8024    81      414.6798      405.9784  3955112    2.10%          x.15.2 D 139455 139454     45
 139790 129694      414.3313    62      414.6798      405.9795  3963071    2.10%         x.47.43 D 139790 139789     90
 140142 130022      412.7470    74      414.6798      405.9816  3972052    2.10%          x.23.9 D 140142 140141    138
 140400 130245      409.2782    78      414.6798      405.9829  3981544    2.10%         x.15.27 D 140400 140399     30
 140711 130525      412.9284    83      414.6798      405.9855  3990469    2.10%          x.23.4 D 140711 140710     80
 141106 130892      411.3508    79      414.6798      405.9864  3999067    2.10%          x.23.9 D 141106 141105    146
 141399 131171      412.2883    81      414.6798      405.9872  4007640    2.10%          x.33.9 N 141399 141398     79
 141719 131462      411.1163    77      414.6798      405.9890  4016424    2.10%         x.37.27 D 141719 141718     83
Elapsed time = 1147.40 sec. (1433761.40 ticks, tree = 7201.48 MB, solutions = 10)
Nodefile size = 5154.37 MB (5108.64 MB after compression)
 142089 131802      410.5617    76      414.6798      405.9910  4025453    2.10%          x.0.12 D 142089 142088     95
 142465 132147      409.2949    84      414.6798      405.9938  4035173    2.09%          x.10.6 D 142465 142464     22
 142751 132413      410.2788    80      414.6798      405.9952  4043620    2.09%         x.47.35 U 142751 142749     32
 143090 132725      411.8578    80      414.6798      405.9961  4053280    2.09%          x.45.6 D 143090 143089     46
 143417 133028      410.1576    78      414.6798      405.9982  4061814    2.09%          x.15.7 D 143417 143416     33
 143762 133351      413.5105    78      414.6798      405.9995  4070734    2.09%         x.34.10 D 143762 143761     38
 144053 133610      410.6584    81      414.6798      406.0041  4078998    2.09%         x.28.41 D 144053 144052     19
 144403 133941      412.6442    73      414.6798      406.0050  4087970    2.09%         x.20.45 D 144403 144402    128
 144728 134236      409.2962    88      414.6798      406.0078  4097836    2.09%          x.40.6 D 144728 144727     29
 145015 134507      410.6840    84      414.6798      406.0087  4106606    2.09%          x.48.6 U 145015 145013     38
Elapsed time = 1178.96 sec. (1471946.68 ticks, tree = 7417.95 MB, solutions = 10)
Nodefile size = 5370.79 MB (5323.56 MB after compression)
 145325 134802      413.7734    70      414.6798      406.0102  4114255    2.09%          x.14.6 D 145325 145324    127
 145618 135065      410.9014    75      414.6798      406.0133  4123441    2.09%          x.46.9 N 145618 145617     57
 145995 135414      408.9763    79      414.6798      406.0157  4131346    2.09%         x.15.27 D 145995 145994     33
 146330 135723      412.3377    84      414.6798      406.0170  4139674    2.09%         x.31.19 U 146330 146329     54
 146660 136035      411.6100    84      414.6798      406.0177  4146968    2.09%         x.54.24 D 146660 146659     48
 147005 136350      411.9939    78      414.6798      406.0194  4155641    2.09%          x.58.6 D 147005 147004     89
 147275 136595      411.5525    78      414.6798      406.0208  4163779    2.09%          x.13.9 D 147275 147274    100
 147559 136852      413.6880    72      414.6798      406.0219  4172903    2.09%          x.6.28 D 147559 147558    127
 147812 137079      411.5709    87      414.6798      406.0235  4181091    2.09%          x.33.9 D 147812 147811     51
 148143 137379      409.2912    99      414.6798      406.0276  4189432    2.09%          x.38.6 U 148143  97027     11
Elapsed time = 1210.39 sec. (1510170.86 ticks, tree = 7623.69 MB, solutions = 10)
Nodefile size = 5576.17 MB (5527.62 MB after compression)
 148524 137733      409.3438    86      414.6798      406.0285  4199046    2.09%          x.50.6 U 148524  46406     13
 148906 138089      411.1251    82      414.6798      406.0304  4206733    2.09%          x.46.9 D 148906 148905     28
 149242 138406      412.4591    81      414.6798      406.0327  4213783    2.09%          x.38.9 D 149242 149241     84
 149597 138736      408.7848    82      414.6798      406.0356  4222761    2.08%          x.25.6 D 149597 149596     27
 149859 138960      407.2194    93      414.6798      406.0371  4230872    2.08%           x.8.7 U 149859   6705     18
 150156 139232      414.6720    59      414.6798      406.0375  4240216    2.08%         x.24.18 N 150156 150155    108
 150478 139524      414.5637    87      414.6798      406.0397  4248026    2.08%         x.37.27 D 150478 150476     39
 150792 139818      412.5616    72      414.6798      406.0421  4256770    2.08%         x.15.24 N 150792 150791     84
 151091 140091      411.5264    79      414.6798      406.0481  4265681    2.08%         x.28.26 D 151091 151090     63
 151418 140388      409.3845    77      414.6798      406.0502  4274857    2.08%         x.28.41 D 151418 151417     71
Elapsed time = 1241.24 sec. (1548410.50 ticks, tree = 7840.39 MB, solutions = 10)
Nodefile size = 5792.86 MB (5742.52 MB after compression)
 151771 140717      412.4281    87      414.6798      406.0513  4284125    2.08%         x.15.27 D 151771 151770     35
 152032 140958      408.1011    88      414.6798      406.0521  4291796    2.08%          x.38.6 D 152032 152031     21
 152365 141271      412.3041    85      414.6798      406.0554  4300779    2.08%          x.41.9 U 152365 152363     35
 152685 141572      414.3694    78      414.6798      406.0586  4309476    2.08%          x.26.6 D 152685 152684    105
 152924 141790      414.3057    78      414.6798      406.0599  4318068    2.08%           x.6.2 D 152924 152923     89
 153250 142082      412.2886    90      414.6798      406.0610  4325724    2.08%          x.49.6 D 153250 153249     82
 153598 142411      413.0364    72      414.6798      406.0620  4334322    2.08%          x.46.9 U 153598 153596     25
 153910 142698      412.8760    61      414.6798      406.0628  4341635    2.08%         x.12.12 D 153910 153909    191
 154300 143067      410.0234    78      414.6798      406.0646  4351545    2.08%         x.20.10 N 154300 154299     35
 154649 143390      409.0823    88      414.6798      406.0664  4360299    2.08%          x.45.6 D 154649 154648     30
Elapsed time = 1272.65 sec. (1586648.00 ticks, tree = 8057.65 MB, solutions = 10)
Nodefile size = 6009.98 MB (5957.93 MB after compression)
 154984 143702      409.6607    76      414.6798      406.0687  4367209    2.08%         x.15.29 D 154984 154983     96
 155318 144010      411.5110    81      414.6798      406.0696  4374587    2.08%         x.37.27 D 155318 155317    105
 155683 144345      409.0856    79      414.6798      406.0721  4384447    2.08%          x.25.6 D 155683 155682     36
 155970 144610      414.2768    67      414.6798      406.0732  4393694    2.08%          x.0.12 D 155970 155969     99
 156224 144836      409.6064    84      414.6798      406.0760  4402500    2.07%         x.28.59 D 156224 156223     50
 156582 145181      413.1110    67      414.6798      406.0779  4410773    2.07%          x.58.8 D 156582 156581    126
 156975 145544      410.4793    81      414.6798      406.0786  4419493    2.07%         x.34.17 N 156975 156974     69
 157240 145783      410.0995    85      414.6798      406.0792  4427940    2.07%          x.8.46 D 157240 157239     26
 157599 146124      412.0523    78      414.6798      406.0792  4435768    2.07%          x.24.4 U 157599 157597     53
 157910 146411      412.9972    72      414.6798      406.0797  4443288    2.07%         x.24.37 N 157910 157909    108
Elapsed time = 1303.87 sec. (1624850.27 ticks, tree = 8277.29 MB, solutions = 10)
Nodefile size = 6229.94 MB (6176.27 MB after compression)
 158235 146704      409.9648    78      414.6798      406.0810  4451424    2.07%          x.50.9 D 158235 158234     32
 158530 146975      414.5516    69      414.6798      406.0819  4460604    2.07%         x.22.25 D 158530 158529    103
 158830 147259      412.6276    72      414.6798      406.0829  4467166    2.07%         x.24.48 N 158830 158829    106
 159083 147491      413.0197    70      414.6798      406.0849  4476727    2.07%          x.33.6 D 159083 159082     56
 159380 147750      407.3597    83      414.6798      406.0870  4485882    2.07%         x.34.10 U 159380 159379     35
 159680 148029      411.4847    82      414.6798      406.0882  4494796    2.07%         x.28.38 D 159680 159679    100
 160016 148336      413.0061    78      414.6798      406.0905  4503493    2.07%         x.14.27 D 160016 160015     80
 160376 148669      407.4496    77      414.6798      406.0937  4512692    2.07%          x.38.6 D 160376 160375     20
 160724 149003      413.5921    71      414.6798      406.0939  4519633    2.07%         x.23.24 N 160724 160723    139
 161028 149282      409.8117    80      414.6798      406.0962  4528747    2.07%         x.15.25 D 161028 161027     42
Elapsed time = 1335.10 sec. (1663088.98 ticks, tree = 8487.65 MB, solutions = 10)
Nodefile size = 6440.21 MB (6384.78 MB after compression)
 161336 149568      410.9863    83      414.6798      406.0981  4538260    2.07%           x.3.6 D 161336 161335     56
 161636 149844      410.9581    80      414.6798      406.1004  4546275    2.07%         x.28.28 D 161636 161635     41
 161989 150170      411.6886    83      414.6798      406.1026  4553601    2.07%           x.4.6 U 161989 161987     16
 162320 150474      410.5954    81      414.6798      406.1075  4561629    2.07%         x.15.52 D 162320 162319     72
 162677 150812      414.6140    62      414.6798      406.1089  4570387    2.07%         x.26.34 D 162677 162676    201
 163100 151208      412.5449    75      414.6798      406.1100  4578404    2.07%           x.8.3 D 163100 163099    103
 163430 151512      414.1007    70      414.6798      406.1132  4586105    2.07%         x.15.27 N 163430 163428     34
 163736 151788      410.6232    93      414.6798      406.1158  4594181    2.07%          x.28.0 D 163736 163735     31
 164098 152122      413.2118    83      414.6798      406.1178  4602330    2.06%          x.6.54 D 164098 164097    123
 164400 152399      409.3590    83      414.6798      406.1184  4610679    2.06%         x.20.17 D 164400 164399     26
Elapsed time = 1366.33 sec. (1701288.12 ticks, tree = 8717.39 MB, solutions = 10)
Nodefile size = 6669.49 MB (6612.27 MB after compression)
 164669 152646      409.9656    86      414.6798      406.1224  4620149    2.06%          x.52.6 D 164669 164668     46
 165014 152966      410.3992    91      414.6798      406.1248  4627420    2.06%         x.20.10 D 165014 165013     72
 165279 153211      408.7230    99      414.6798      406.1274  4636427    2.06%          x.10.6 D 165279 165278     22
 165553 153467      412.9844    90      414.6798      406.1290  4644995    2.06%          x.46.9 U 165553 165550     33
 165873 153767      413.0702    71      414.6798      406.1297  4652777    2.06%           x.7.6 D 165873 165872    101
 166214 154081      407.6592    85      414.6798      406.1322  4661961    2.06%          x.50.6 D 166214 166213     21
 166530 154369      407.9278    83      414.6798      406.1341  4669915    2.06%          x.41.9 U 166530   3325     25
 166800 154622      411.6152    85      414.6798      406.1352  4677641    2.06%         x.15.10 D 166800 166799     32
 167096 154892      410.8933    85      414.6798      406.1377  4686666    2.06%           x.8.7 U 167096 167094     23
 167461 155228      413.3858    71      414.6798      406.1395  4695546    2.06%         x.22.45 D 167461 167460    105
Elapsed time = 1398.38 sec. (1739524.20 ticks, tree = 8926.96 MB, solutions = 10)
Nodefile size = 6879.50 MB (6820.99 MB after compression)
 167725 155461      408.8742    90      414.6798      406.1421  4703461    2.06%          x.48.6 D 167725 167724     35
 168004 155709      413.9979    79      414.6798      406.1430  4711712    2.06%         x.10.16 N 168004 168003    104
 168417 156093      414.4383    79      414.6798      406.1440  4720498    2.06%         x.34.27 U 168417 168415     28
 168715 156370      407.5870    89      414.6798      406.1467  4728125    2.06%         x.47.35 D 168715 168714     16
 169050 156674      410.0235    80      414.6798      406.1485  4735976    2.06%          x.50.9 D 169050 169049     27
 169370 156977      413.5739    72      414.6798      406.1493  4744333    2.06%         x.57.40 D 169370 169369    120
 169630 157223      413.5843    80      414.6798      406.1498  4751148    2.06%          x.27.5 D 169630 169629     92
 169912 157479        cutoff            414.6798      406.1525  4759297    2.06%         x.22.25 D 169912 169911    136
 170237 157778      410.0484    83      414.6798      406.1560  4767063    2.06%          x.41.9 D 170237 170236     56
 170558 158077      411.9429    83      414.6798      406.1597  4776256    2.05%          x.59.6 D 170558 170557     60
Elapsed time = 1432.73 sec. (1777774.04 ticks, tree = 9139.07 MB, solutions = 10)
Nodefile size = 7091.86 MB (7032.01 MB after compression)
 170857 158355      410.5271    87      414.6798      406.1622  4783485    2.05%         x.37.27 D 170857 170856    102
 171180 158654      410.1484    88      414.6798      406.1637  4792649    2.05%          x.8.46 D 171180 171179     21
 171520 158966      410.3595    77      414.6798      406.1680  4800886    2.05%         x.15.53 D 171520 171519     37
 171870 159285      410.2660    81      414.6798      406.1700  4809082    2.05%          x.15.7 D 171870 171869     45
 172237 159626      409.9792    82      414.6798      406.1711  4817413    2.05%          x.46.9 D 172237 172236     29
 172563 159933      409.8040    79      414.6798      406.1721  4825322    2.05%          x.45.6 D 172563 172562     38
 172833 160173      410.4243    82      414.6798      406.1727  4833370    2.05%         x.28.47 D 172833 172832     83
 173164 160466      411.3661    81      414.6798      406.1734  4842582    2.05%         x.55.12 D 173164 173163    105
 173495 160767      409.7879    80      414.6798      406.1747  4851634    2.05%          x.15.7 D 173495 173494     76
 173786 161040      413.8807    80      414.6798      406.1753  4859333    2.05%          x.28.2 D 173786 173785     39
Elapsed time = 1467.68 sec. (1816017.51 ticks, tree = 9360.63 MB, solutions = 10)
Nodefile size = 7313.28 MB (7251.84 MB after compression)
 174151 161383      412.7938    72      414.6798      406.1776  4867657    2.05%         x.13.17 U 174151 174149     24
 174510 161719      410.4576    84      414.6798      406.1795  4875574    2.05%          x.46.9 D 174510 174509     62
 174854 162033      413.8776    59      414.6798      406.1803  4885072    2.05%         x.23.24 N 174854 174853    106
 175140 162287      410.6639    80      414.6798      406.1824  4893946    2.05%          x.13.9 D 175140 175139     49
 175440 162566      412.0920    74      414.6798      406.1830  4901629    2.05%          x.9.12 D 175440 175439     98
 175764 162861      411.8937    77      414.6798      406.1846  4910156    2.05%         x.49.48 D 175764 175763    120
 176011 163090      410.2400    90      414.6798      406.1856  4917427    2.05%         x.19.57 U 176011 176010     41
 176277 163334      412.0151    86      414.6798      406.1864  4925323    2.05%         x.28.35 D 176277 176276     81
 176584 163612      413.5455    79      414.6798      406.1890  4933243    2.05%         x.18.12 D 176584 176583     92
 176902 163909      410.1731    85      414.6798      406.1923  4940744    2.05%         x.15.27 U 176902 176900     26
Elapsed time = 1503.36 sec. (1854255.24 ticks, tree = 9576.07 MB, solutions = 10)
Nodefile size = 7528.24 MB (7465.45 MB after compression)
 177212 164195      412.2257    79      414.6798      406.1939  4949388    2.05%          x.23.4 D 177212 177211     55
 177560 164520      409.6920    83      414.6798      406.1943  4957037    2.05%          x.38.9 D 177560 177559     70
 177828 164765      410.7248    82      414.6798      406.1958  4966126    2.05%          x.24.4 N 177828 177827     49
 178117 165040      413.0354    83      414.6798      406.1973  4973914    2.05%          x.6.59 D 178117 178116     46
 178404 165291      409.7085    89      414.6798      406.1992  4981889    2.05%          x.26.9 D 178404 178403     21
 178725 165584      409.2330    83      414.6798      406.1999  4991544    2.04%           x.1.6 D 178725 178724     34
 178966 165796      409.9241    83      414.6798      406.2016  4999693    2.04%          x.45.6 D 178966 178965     30
 179258 166053      409.9053    89      414.6798      406.2045  5008330    2.04%         x.15.50 D 179258 179257     40
 179569 166342      412.8784    82      414.6798      406.2062  5017038    2.04%          x.33.6 N 179569 179568     64
 179846 166592      408.0988    91      414.6798      406.2087  5025819    2.04%         x.34.10 U 179846 179845     16
Elapsed time = 1538.99 sec. (1892489.42 ticks, tree = 9778.98 MB, solutions = 10)
Nodefile size = 7731.60 MB (7667.54 MB after compression)
 180100 166834      412.7827    73      414.6798      406.2100  5032883    2.04%           x.6.0 D 180100 180099     93
 180410 167105      411.3448    78      414.6798      406.2111  5041089    2.04%         x.50.41 D 180410 180409     75
 180740 167409      406.9230    92      414.6798      406.2129  5049733    2.04%         x.55.40 D 180740   7569     28
 181037 167685      411.6033    74      414.6798      406.2134  5058006    2.04%         x.28.38 D 181037 181036     80
 181386 168009      409.8370    87      414.6798      406.2167  5067118    2.04%           x.1.6 D 181386 181385     28
 181660 168264      412.9944    74      414.6798      406.2177  5074140    2.04%          x.24.4 N 181660 181659     81
 181974 168545      410.8428    85      414.6798      406.2201  5082526    2.04%          x.58.6 D 181974 181973     47
 182225 168775      411.6822    78      414.6798      406.2211  5091052    2.04%           x.3.6 D 182225 182224     54
 182532 169059      409.7508    88      414.6798      406.2220  5098466    2.04%          x.13.9 D 182532 182531     66
 182833 169338      413.3230    86      414.6798      406.2230  5106203    2.04%           x.8.5 U 182833 182831     26
Elapsed time = 1574.43 sec. (1930791.47 ticks, tree = 9987.56 MB, solutions = 10)
Nodefile size = 7940.32 MB (7875.13 MB after compression)
 183159 169637      413.9022    75      414.6798      406.2244  5114717    2.04%         x.43.22 D 183159 183158     96
 183475 169925      409.7437    79      414.6798      406.2252  5123319    2.04%          x.33.6 D 183475 183474     80
 183761 170185      413.1857    82      414.6798      406.2272  5132576    2.04%         x.55.40 U 183761 183760     63
 184030 170429      410.8612    83      414.6798      406.2282  5140239    2.04%          x.33.6 D 184030 184029     94
 184349 170718      411.4766    84      414.6798      406.2303  5147632    2.04%           x.8.6 D 184349 184348     56
 184669 171004      412.6506    81      414.6798      406.2318  5156256    2.04%           x.3.6 N 184669 184668     62
 184937 171248      408.0096    81      414.6798      406.2326  5163646    2.04%         x.34.46 D 184937 184936     26
 185200 171478      409.4719    87      414.6798      406.2338  5171931    2.04%          x.38.6 U 185200  25140     20
 185495 171748      412.9795    78      414.6798      406.2363  5180930    2.04%          x.9.12 D 185495 185494    101
 185828 172059      414.2526    67      414.6798      406.2369  5188824    2.04%         x.53.24 D 185828 185827    136
Elapsed time = 1609.72 sec. (1969320.94 ticks, tree = 10195.19 MB, solutions = 10)
Nodefile size = 8147.44 MB (8080.98 MB after compression)
 186150 172349      411.6220    69      414.6798      406.2381  5197327    2.04%         x.24.58 D 186150 186149     83
 186449 172623      411.5094    94      414.6798      406.2394  5206304    2.04%          x.20.5 D 186449 186448     67
 186734 172881      412.3659    80      414.6798      406.2419  5215284    2.03%         x.28.38 D 186734 186733     54
 187040 173164      406.9620    93      414.6798      406.2424  5222482    2.03%          x.8.29 D 187040 187039     14
 187388 173488      412.6781    71      414.6798      406.2434  5230560    2.03%          x.23.4 N 187388 187387     87
 187735 173806      411.4052    80      414.6798      406.2446  5238730    2.03%           x.8.3 D 187735 187734    102
 188010 174049      413.7145    75      414.6798      406.2456  5246466    2.03%          x.26.6 N 188010 188009     85
 188279 174296      411.8467    90      414.6798      406.2464  5254366    2.03%          x.45.6 U 188279 188276     33
 188540 174523      407.7354    89      414.6798      406.2490  5262078    2.03%          x.46.9 U 188540   2876     20
 188780 174736      409.2556    86      414.6798      406.2505  5271066    2.03%          x.8.41 D 188780 188779     25
Elapsed time = 1644.84 sec. (2007571.66 ticks, tree = 10400.45 MB, solutions = 10)
Nodefile size = 8353.38 MB (8285.66 MB after compression)
 189077 175009      410.6216    87      414.6798      406.2509  5278603    2.03%          x.8.41 D 189077 189076     33
 189386 175295      412.7322    79      414.6798      406.2521  5286599    2.03%         x.13.17 D 189386 189385     72
 189647 175518      409.3902    86      414.6798      406.2527  5294448    2.03%          x.54.6 D 189647 189646     34
 189925 175773      409.6600    86      414.6798      406.2540  5302595    2.03%          x.54.6 D 189925 189924     37
 190225 176054      412.2606    87      414.6798      406.2575  5309930    2.03%         x.15.10 D 190225 190224     37
 190528 176336      409.5256    83      414.6798      406.2597  5318000    2.03%           x.1.6 D 190528 190527     50
 190870 176653      407.2709    83      414.6798      406.2617  5326918    2.03%          x.38.6 D 190870 190869     16
 191177 176941      413.7410    78      414.6798      406.2623  5334956    2.03%         x.13.25 D 191177 191176    144
 191530 177269      410.7776    83      414.6798      406.2642  5343216    2.03%         x.55.40 U 191530 191529     33
 191862 177575      410.0041    78      414.6798      406.2649  5351819    2.03%          x.8.46 D 191862 191861     31
Elapsed time = 1680.20 sec. (2045888.31 ticks, tree = 10618.72 MB, solutions = 10)
Nodefile size = 8571.28 MB (8501.93 MB after compression)
 192196 177887      410.5427    86      414.6798      406.2655  5359968    2.03%         x.28.36 D 192196 192195     40
 192489 178149      414.5473    71      414.6798      406.2673  5368547    2.03%         x.24.28 N 192489 192488     82
 192756 178393      413.9154    66      414.6798      406.2708  5377382    2.03%         x.12.24 D 192756 192755    113
 193042 178655      410.7305    81      414.6798      406.2713  5385597    2.03%          x.52.6 D 193042 193041     39
 193349 178939      407.1653    91      414.6798      406.2757  5393292    2.03%           x.9.6 D 193349 193348     31
 193614 179175      409.6603    81      414.6798      406.2768  5401547    2.03%         x.20.47 D 193614 193613     37
 193946 179484      408.8165    90      414.6798      406.2781  5409631    2.03%          x.25.6 D 193946 193945     31
 194211 179718      411.1926    81      414.6798      406.2790  5417229    2.03%           x.8.6 D 194211 194210     48
 194522 179998      414.4299    74      414.6798      406.2807  5425401    2.03%           x.8.5 N 194522 194521     87
 194796 180247      411.6954    82      414.6798      406.2813  5433803    2.03%          x.34.4 N 194796 194795     77
Elapsed time = 1715.45 sec. (2084123.94 ticks, tree = 10825.34 MB, solutions = 10)
Nodefile size = 8778.07 MB (8707.34 MB after compression)
 195072 180495      412.9831    76      414.6798      406.2824  5441533    2.03%         x.34.17 D 195072 195071    110
 195360 180765      410.2980    90      414.6798      406.2831  5448464    2.02%          x.20.5 D 195360 195359     40
 195614 181000      413.2809    79      414.6798      406.2848  5456428    2.02%         x.18.12 D 195614 195613     89
 195882 181233      409.6193    83      414.6798      406.2864  5465967    2.02%          x.47.6 D 195882 195881     26
 196200 181525      413.1995    78      414.6798      406.2879  5474808    2.02%         x.27.31 D 196200 196199     53
 196559 181848      412.1651    82      414.6798      406.2892  5483258    2.02%         x.47.35 U 196559 196558     48
 196810 182071      409.7101    90      414.6798      406.2906  5490470    2.02%         x.20.47 D 196810 196809     27
 197154 182386      407.8543    86      414.6798      406.2917  5499081    2.02%          x.10.6 D 197154 197153     25
 197484 182693      411.8342    65      414.6798      406.2924  5506934    2.02%         x.18.12 D 197484 197483     97
 197810 182997      413.2687    79      414.6798      406.2937  5516409    2.02%         x.43.22 D 197810 197809     78
Elapsed time = 1750.47 sec. (2122374.21 ticks, tree = 11039.09 MB, solutions = 10)
Nodefile size = 8991.80 MB (8919.75 MB after compression)
 198110 183260      409.8531    81      414.6798      406.2952  5524283    2.02%          x.26.9 N 198110 198109     25
 198429 183553      409.1414    83      414.6798      406.2959  5532345    2.02%          x.25.6 D 198429 198428     31
 198730 183826      409.0037    82      414.6798      406.2974  5540861    2.02%          x.20.5 D 198730 198729     37
 199000 184077      412.7196    78      414.6798      406.2982  5547580    2.02%          x.8.12 D 199000 198999     75
 199331 184383      412.4082    76      414.6798      406.2995  5556034    2.02%         x.47.35 U 199331 199330     81
 199598 184621      412.1245    87      414.6798      406.3005  5564009    2.02%         x.47.35 D 199598 199597     93
 199930 184922      407.7173    87      414.6798      406.3033  5572799    2.02%          x.8.29 U 199930  13728     17
 200200 185166      407.6715    89      414.6798      406.3036  5580408    2.02%          x.38.6 D 200200 200199     23
 200425 185373      409.6460    83      414.6798      406.3039  5587565    2.02%          x.50.6 U 200425  58777     27
 200780 185698      410.4587    80      414.6798      406.3061  5595806    2.02%         x.15.18 D 200780 200779     80
Elapsed time = 1786.56 sec. (2160754.76 ticks, tree = 11249.88 MB, solutions = 10)
Nodefile size = 9202.68 MB (9129.34 MB after compression)
 201090 185981      411.2033    89      414.6798      406.3071  5603961    2.02%         x.47.35 D 201090 201089     23
 201370 186233      410.4613    92      414.6798      406.3079  5611548    2.02%         x.28.47 N 201370 201369     49
 201643 186480      412.3188    89      414.6798      406.3108  5619907    2.02%          x.52.6 N 201643 201642     38
 201950 186748      409.4112    87      414.6798      406.3119  5627786    2.02%         x.15.27 D 201950 201949     31
 202205 186982      412.5204    75      414.6798      406.3134  5635210    2.02%         x.10.16 U 202205 202204    101
 202460 187212      414.0246    65      414.6798      406.3140  5643061    2.02%         x.47.43 D 202460 202459     76
 202750 187475      409.7973    91      414.6798      406.3151  5650312    2.02%          x.6.59 D 202750 202749     65
 203075 187785      412.2701    79      414.6798      406.3157  5657970    2.02%          x.55.4 D 203075 203074     96
 203270 187966      412.9773    82      414.6798      406.3167  5666435    2.02%         x.27.31 D 203270 203269     31
 203627 188295      410.9211    92      414.6798      406.3183  5675000    2.02%         x.19.57 U 203627 203626     29
Elapsed time = 1821.39 sec. (2198983.38 ticks, tree = 11453.63 MB, solutions = 10)
Nodefile size = 9405.85 MB (9331.01 MB after compression)
 204006 188641      409.8752    91      414.6798      406.3196  5683124    2.02%         x.28.51 D 204006 204005     40
 204325 188944      411.5043    84      414.6798      406.3203  5691180    2.02%          x.52.6 D 204325 204324     47
 204592 189186      411.2985    80      414.6798      406.3212  5699759    2.02%         x.27.33 D 204592 204591     63
 204970 189531      413.3792    65      414.6798      406.3216  5708647    2.02%           x.6.2 D 204970 204969    148
