proble size: m = 5 , n = 5 , seed = 8 
Benders' cuts separated to cut off: Integer and fractional infeasible solutions.
seed = 8
Version identifier: 20.1.0.0 | 2020-11-10 | 9bedb6d68
CPXPARAM_Threads                                 1
CPXPARAM_RandomSeed                              8
CPXPARAM_MIP_Strategy_CallbackReducedLP          0
CPXPARAM_MIP_Strategy_Search                     1
CPXPARAM_TimeLimit                               3600
CPXPARAM_MIP_Tolerances_AbsMIPGap                0
CPXPARAM_MIP_Tolerances_MIPGap                   0
Legacy callback                                  LU
Tried aggregator 1 time.
Reduced MIP has 60 rows, 3660 columns, and 3600 nonzeros.
Reduced MIP has 3600 binaries, 0 generals, 0 SOSs, and 0 indicators.
Presolve time = 0.00 sec. (1.40 ticks)
Probing time = 0.00 sec. (3.60 ticks)
Clique table members: 60.
MIP emphasis: balance optimality and feasibility.
MIP search method: traditional branch-and-cut.
Parallel mode: none, using 1 thread.
Root relaxation solution time = 0.00 sec. (0.75 ticks)

        Nodes                                         Cuts/
   Node  Left     Objective  IInf  Best Integer    Best Bound    ItCnt     Gap         Variable B NodeID Parent  Depth

      0     0        0.0000    48                      0.0000        0         
*     0+    0                         1768.9771        0.0000           100.00%
*     0+    0                         1306.3969        0.0000           100.00%
      0     0      185.5316    76     1306.3969     Fract: 37      215   85.80%
*     0+    0                         1033.8306      185.5316            82.05%
*     0+    0                          904.6429      185.5316            79.49%
      0     0      339.3755    85      904.6429     Fract: 26      306   62.49%
*     0+    0                          731.9445      339.3755            53.63%
      0     0      386.8096    90      731.9445 UserPurge2: 26      369   47.15%
*     0+    0                          595.5914      386.8096            35.05%
      0     0      391.2807    87      595.5914 UserPurge2: 7      389   34.30%
*     0+    0                          516.6913      391.2807            24.27%
      0     0      391.3063    87      516.6913 UserPurge2: 1      397   24.27%
*     0+    0                          471.5723      391.3063            17.02%
*     0+    0                          463.9868      391.3063            15.66%
*     0+    0                          462.4971      391.3063            15.39%
*     0+    0                          442.9642      391.3063            11.66%
      0     2      391.3811    87      442.9642      391.3940      397   11.64%                        0             0
Elapsed time = 0.16 sec. (183.79 ticks, tree = 0.01 MB, solutions = 11)
*    10+   10                          416.2255      401.5598             3.52%
     10    12      402.9028    87      416.2255      401.5598     1711    3.52%          x.6.40 N     10      8      6
     21    23      404.7882    77      416.2255      401.5598     2569    3.52%         x.18.13 N     21     20     15
     39    41      406.0827    70      416.2255      401.5598     3664    3.52%         x.44.36 N     39     37     28
     50    52      406.3829    70      416.2255      401.5598     4175    3.52%         x.12.12 N     50     49     37
     68    69      408.0407    64      416.2255      401.5598     5328    3.52%          x.25.4 N     68     67     49
     84    85      409.3376    66      416.2255      401.5598     6222    3.52%         x.25.39 N     84     82     61
    100   101      410.7854    61      416.2255      401.5598     7178    3.52%         x.27.20 N    100     98     73
    116   111      411.9380    62      416.2255      401.5598     7840    3.52%         x.54.24 N    116    115     85
    130   118      413.6991    54      416.2255      401.5598     8664    3.52%          x.8.14 N    130    129     97
*   150+  123                          414.9764      401.5947             3.22%
    180   155      409.6280    71      414.9764      401.5947    12003    3.22%         x.57.49 N    180    178     28
Elapsed time = 2.94 sec. (3424.97 ticks, tree = 1.95 MB, solutions = 13)
    259   222      402.8130    93      414.9764      401.6944    15532    3.20%         x.14.27 N    259    258     10
    326   289      410.0018    85      414.9764      401.6944    18914    3.20%         x.43.49 N    326    325     77
    380   330      414.0586    71      414.9764      401.6944    21242    3.20%         x.43.34 N    380    379    131
    467   406      411.3287    76      414.9764      401.7409    24990    3.19%         x.46.49 N    467    466     70
    551   484      409.2457    79      414.9764      401.8165    29330    3.17%           x.3.4 D    551    550     44
    649   565      404.0208    85      414.9764      402.2478    32766    3.07%         x.37.17 N    649    647      7
    739   650      413.1985    63      414.9764      402.2478    37267    3.07%         x.36.48 N    739    738     77
    865   761      411.3170    78      414.9764      402.2942    41744    3.06%          x.33.9 D    865    864    105
    970   851      402.7444    91      414.9764      402.3214    44090    3.05%         x.50.41 U    970    969      7
   1065   942      405.7263    83      414.9764      402.3613    49901    3.04%         x.31.19 D   1065   1064     19
Elapsed time = 10.75 sec. (13094.21 ticks, tree = 18.14 MB, solutions = 13)
   1146  1015      404.5679    90      414.9764      402.3650    54289    3.04%         x.29.19 N   1146   1145     19
   1258  1122      405.2247    86      414.9764      402.3696    59280    3.04%         x.43.37 D   1258   1257      8
   1329  1193      411.7909    79      414.9764      402.3696    64236    3.04%          x.16.7 D   1329   1328     53
   1424  1274      411.9286    82      414.9764      402.3714    69049    3.04%          x.55.7 N   1424   1423     57
   1520  1364      413.3982    80      414.9764      402.3829    73145    3.03%          x.4.59 D   1520   1519     73
   1623  1460      413.5656    87      414.9764      402.3939    77994    3.03%         x.12.12 D   1623   1622     89
*  1640+ 1470                          414.9764      402.3939             3.03%
   1700  1532      409.3012    84      414.9764      402.4064    81352    3.03%         x.31.35 D   1700   1699     68
   1799  1617      404.5340    83      414.9764      402.4111    84524    3.03%         x.42.49 U   1799   1796     10
   1895  1706      411.1890    72      414.9764      402.4111    88163    3.03%         x.29.26 U   1895   1893     87
   1980  1785      410.5637    76      414.9764      402.4119    91147    3.03%           x.8.7 D   1980   1979     57
Elapsed time = 18.45 sec. (22915.57 ticks, tree = 39.04 MB, solutions = 14)
   2064  1864      406.8923    81      414.9764      402.4524    94915    3.02%         x.47.35 D   2064   2063     31
   2194  1984      414.0859    64      414.9764      402.4524    98421    3.02%         x.51.39 N   2194   2193    161
   2304  2081      408.9416    93      414.9764      402.4634   103158    3.02%         x.49.49 D   2304   2303     33
   2375  2146      412.5853    72      414.9764      402.4755   107989    3.01%         x.18.13 D   2375   2374     41
   2459  2222      409.4762    82      414.9764      402.4850   111745    3.01%          x.7.49 D   2459   2458     55
   2560  2316      404.1357    91      414.9764      402.4919   115353    3.01%          x.22.4 D   2560   2559     24
   2684  2435      408.9274    88      414.9764      402.4980   120212    3.01%         x.39.58 N   2684   2683     42
   2799  2543      407.9976    86      414.9764      402.5273   124552    3.00%          x.54.4 D   2799   2798     49
   2923  2662      407.1163    87      414.9764      402.5545   128511    2.99%          x.25.6 N   2923   2921     16
   3034  2769      414.4298    60      414.9764      402.5545   133587    2.99%          x.17.8 D   3034   3033     97
Elapsed time = 26.16 sec. (32660.30 ticks, tree = 65.92 MB, solutions = 14)
   3160  2882      407.0932    90      414.9764      402.5942   138764    2.98%         x.13.17 D   3160   3159     22
   3290  3005      409.8875    77      414.9764      402.5959   143625    2.98%         x.31.35 D   3290   3289     59
   3440  3150      412.6746    80      414.9764      402.5994   148299    2.98%          x.2.35 N   3440   3439     74
   3554  3245      408.0204    88      414.9764      402.6129   153483    2.98%         x.25.49 D   3554   3553     28
   3680  3365      414.5182    79      414.9764      402.6349   158438    2.97%         x.16.49 D   3680   3679     86
   3814  3491      404.4333    93      414.9764      402.6376   162999    2.97%         x.15.49 D   3814   3813     16
   3926  3597      414.8420    88      414.9764      402.6395   167829    2.97%         x.15.49 D   3926   3924     16
   4064  3725      408.9104    77      414.9764      402.6894   172199    2.96%         x.32.27 N   4064   4063     32
   4211  3861      407.1564    89      414.9764      402.6952   175685    2.96%          x.25.6 N   4211   4210     39
   4318  3963      408.2908    85      414.9764      402.7046   180609    2.96%         x.47.35 D   4318   4317     65
Elapsed time = 33.97 sec. (42317.43 ticks, tree = 100.13 MB, solutions = 14)
   4452  4078      406.6762    78      414.9764      402.7188   183955    2.95%         x.24.42 U   4452   4450     19
   4570  4188      411.0233    88      414.9764      402.7248   188726    2.95%         x.12.55 D   4570   4569     88
   4699  4310      407.2256    90      414.9764      402.7397   193632    2.95%         x.29.19 N   4699   4698     13
   4820  4423      410.1420    78      414.9764      402.7662   198323    2.94%         x.43.37 D   4820   4819     61
   4917  4510      409.4720    85      414.9764      402.8018   201832    2.93%          x.46.9 D   4917   4915     32
   5020  4601      411.3434    89      414.9764      402.8089   206369    2.93%          x.55.7 D   5020   5019     71
   5132  4703      409.2126    92      414.9764      402.8144   210180    2.93%         x.49.25 U   5132   5131     67
   5265  4832      414.3486    76      414.9764      402.8144   213251    2.93%         x.23.25 N   5265   5264    200
   5385  4936      402.9816    98      414.9764      402.8383   217500    2.93%          x.27.6 D   5385   2202      9
   5508  5051      412.3918    95      414.9764      402.8383   221859    2.93%         x.28.59 D   5508   5507    132
Elapsed time = 41.75 sec. (51940.55 ticks, tree = 132.96 MB, solutions = 14)
   5604  5131      405.0025    90      414.9764      402.8508   225952    2.92%         x.43.19 D   5604   5603     17
   5750  5277      414.9026    56      414.9764      402.8508   229713    2.92%          x.3.19 D   5750   5749    163
   5853  5372      408.0859    89      414.9764      402.8728   234070    2.92%         x.12.49 D   5853   5852     36
   6000  5508      410.8907    71      414.9764      402.8758   237927    2.92%          x.47.6 D   6000   5999     80
   6110  5607      410.0489    83      414.9764      402.9019   242971    2.91%          x.9.50 D   6110   6109     17
   6213  5704      413.1394    82      414.9764      402.9047   246955    2.91%         x.22.59 D   6213   6212     91
   6335  5818      413.4688    82      414.9764      402.9245   251627    2.90%         x.32.27 U   6335   6334     51
   6464  5931      410.0991    84      414.9764      402.9285   255516    2.90%          x.40.9 D   6464   6463     94
   6580  6035      408.0984    90      414.9764      402.9336   259877    2.90%           x.3.4 D   6580   6579     20
   6720  6166      412.6296    80      414.9764      402.9345   264339    2.90%          x.3.24 D   6720   6719     80
Elapsed time = 49.54 sec. (61598.93 ticks, tree = 168.41 MB, solutions = 14)
   6824  6252      413.2522    81      414.9764      402.9350   268488    2.90%         x.57.24 N   6824   6823     61
   6975  6392      413.4997    73      414.9764      402.9350   272562    2.90%           x.6.4 N   6975   6974    143
   7124  6535      411.6375    77      414.9764      402.9351   275928    2.90%          x.7.49 D   7124   7123    142
   7213  6612      409.9047    86      414.9764      402.9357   279275    2.90%         x.58.24 D   7213   7212     57
   7380  6770      407.0408    82      414.9764      402.9443   282788    2.90%         x.58.24 D   7380   7379     82
   7508  6890      405.1177    87      414.9764      402.9497   286865    2.90%          x.24.4 D   7508   7507     22
   7600  6962      405.3703    94      414.9764      402.9649   290897    2.89%           x.2.6 U   7600    765      6
   7728  7086      406.4285    79      414.9764      402.9692   295429    2.89%          x.8.29 D   7728   7727     39
   7891  7243      406.9003    85      414.9764      402.9795   299232    2.89%         x.12.34 D   7891   7890     55
   8040  7386      414.2285    58      414.9764      402.9795   302255    2.89%          x.17.8 D   8040   8039    204
Elapsed time = 57.37 sec. (71184.80 ticks, tree = 208.50 MB, solutions = 14)
   8147  7481      409.5112    96      414.9764      403.0148   306804    2.88%         x.12.10 D   8147   8146     50
   8277  7602        cutoff            414.9764      403.0211   311008    2.88%         x.33.25 D   8277   8276     78
   8410  7725      408.4392    85      414.9764      403.0337   315681    2.88%          x.37.4 D   8410   8409     25
   8548  7847      407.3807    81      414.9764      403.0366   319937    2.88%         x.34.27 D   8548   8547     79
   8695  7988      410.7433    79      414.9764      403.0414   324029    2.88%           x.6.4 D   8695   8694     49
   8811  8099      412.8955    75      414.9764      403.0423   326696    2.88%          x.3.19 U   8811   8810    107
   8936  8219      412.8506    70      414.9764      403.0426   331138    2.88%          x.9.12 D   8936   8935    114
   9047  8308      405.4527    84      414.9764      403.0512   336065    2.87%          x.55.4 D   9047   9046      9
   9200  8457      406.9849    86      414.9764      403.0539   340164    2.87%         x.37.27 D   9200   9199     34
   9312  8564      406.8717    90      414.9764      403.0560   344955    2.87%         x.26.24 D   9312   9311     49
Elapsed time = 65.39 sec. (80788.15 ticks, tree = 248.29 MB, solutions = 14)
   9433  8677      408.8495    87      414.9764      403.0575   349653    2.87%          x.46.9 D   9433   9432     67
   9550  8782      411.4506    70      414.9764      403.0632   354070    2.87%         x.22.25 D   9550   9549     71
   9702  8918      407.2490    77      414.9764      403.0682   357695    2.87%          x.6.24 D   9702   9701     92
   9830  9039      410.8735    78      414.9764      403.0756   361756    2.87%          x.4.32 U   9830   9829     72
   9950  9151      409.0544    71      414.9764      403.0915   366057    2.86%          x.2.24 D   9950   9949     32
  10050  9242      408.4543    81      414.9764      403.0971   369589    2.86%         x.52.24 D  10050  10049     39
  10175  9352      408.7167    87      414.9764      403.0987   373944    2.86%         x.39.58 D  10175  10174     54
  10302  9474      410.2990    76      414.9764      403.1121   378054    2.86%         x.50.41 U  10302  10301     73
  10400  9559      404.2196    87      414.9764      403.1126   380543    2.86%          x.24.4 D  10400  10399     39
  10903 10039      411.2026    74      414.9764      403.1365   396138    2.85%          x.9.50 U  10903  10902    179
Elapsed time = 76.17 sec. (93354.17 ticks, tree = 298.89 MB, solutions = 14)
  11395 10497      409.3299    84      414.9764      403.1717   409546    2.84%         x.22.25 D  11395  11394    118
  11929 10993      403.9520    90      414.9764      403.2042   425041    2.84%         x.31.19 U  11929    410     14
  12396 11438      411.0389    77      414.9764      403.2160   439149    2.83%          x.4.10 D  12396  12395     85
  12850 11871      405.2824    89      414.9764      403.2248   454531    2.83%         x.42.49 D  12850  12849     41
  13387 12383      410.6486    80      414.9764      403.2286   468504    2.83%          x.4.32 D  13387  13386     71
  13922 12891      408.0716    76      414.9764      403.2554   483484    2.82%         x.12.25 D  13922  13921    126
  14400 13345      405.9310    84      414.9764      403.2642   496486    2.82%         x.12.20 D  14400  14399     75
  14944 13872      412.5390    85      414.9764      403.2790   509992    2.82%         x.54.25 D  14944  14943    149
  15440 14338      412.0192    74      414.9764      403.2852   523216    2.82%         x.13.12 D  15440  15439    151
  15913 14775      412.7793    78      414.9764      403.3035   537142    2.81%         x.55.26 D  15913  15912    143
Elapsed time = 109.27 sec. (131604.53 ticks, tree = 470.68 MB, solutions = 14)
  16373 15213      404.9888   103      414.9764      403.3396   552540    2.80%         x.43.19 D  16373  16372     18
  16842 15667      409.0562    81      414.9764      403.3461   565408    2.80%         x.35.26 D  16842  16841    112
  17320 16119      406.5501    81      414.9764      403.3554   579700    2.80%          x.55.4 D  17320  17319     17
  17850 16612      404.6780    80      414.9764      403.3721   593005    2.80%          x.24.4 D  17850  17849     12
  18400 17137      411.9558    71      414.9764      403.4000   606571    2.79%         x.23.25 D  18400  18399    115
  18950 17662      414.6288    86      414.9764      403.4138   619723    2.79%         x.47.35 D  18950  18949     37
  19507 18198      406.7136    89      414.9764      403.4275   632978    2.78%         x.12.52 D  19507  19506     76
  19961 18621      413.5071    63      414.9764      403.4383   647001    2.78%         x.42.53 D  19961  19960    137
  20348 18981      411.8258    72      414.9764      403.4430   660997    2.78%         x.13.59 D  20348  20347    102
  20830 19442      410.7847    89      414.9764      403.4451   674397    2.78%         x.17.25 D  20830  20829    127
Elapsed time = 142.98 sec. (169978.40 ticks, tree = 651.42 MB, solutions = 14)
  21326 19919      410.9604    78      414.9764      403.4574   688289    2.78%         x.52.24 U  21326  21324      9
  21771 20340      404.1159    87      414.9764      403.4728   702854    2.77%          x.25.4 D  21771  21769     16
  22240 20790      408.0836    92      414.9764      403.4859   717807    2.77%         x.12.14 D  22240  22239     81
  22723 21253      409.7723    79      414.9764      403.4971   731504    2.77%         x.35.26 D  22723  22722    143
  23220 21724      414.1025    48      414.9764      403.5048   743922    2.76%          x.0.38 U  23220  23219    255
  23680 22158      412.5203    88      414.9764      403.5163   758418    2.76%         x.18.12 D  23680  23679    167
  24108 22564      405.9940    88      414.9764      403.5235   773256    2.76%         x.53.24 D  24108  24107     34
  24527 22952      404.7230    87      414.9764      403.5309   787381    2.76%          x.24.4 D  24527  24526     16
  25031 23441      404.3051    88      414.9764      403.5425   800588    2.76%           x.3.4 U  25031   6988      7
  25542 23930      404.2802    89      414.9764      403.5472   814703    2.75%         x.32.24 D  25542  25541     36
Elapsed time = 176.36 sec. (208230.03 ticks, tree = 831.26 MB, solutions = 14)
  25947 24314      413.9423    77      414.9764      403.5570   829668    2.75%          x.33.9 D  25947  25946    102
  26436 24779      405.7508    87      414.9764      403.5640   843078    2.75%          x.47.4 D  26436  26435     33
  26850 25168      412.1937    70      414.9764      403.5692   857635    2.75%         x.57.49 D  26850  26849     92
  27305 25594      408.9830    79      414.9764      403.5809   872212    2.75%          x.40.9 D  27305  27304     52
  27687 25952      407.4575    80      414.9764      403.5843   886306    2.75%         x.31.19 U  27687  27686     26
  28150 26394      407.9698    87      414.9764      403.5894   900113    2.74%         x.27.25 D  28150  28149     69
  28608 26836      414.3304    78      414.9764      403.5975   913562    2.74%           x.9.7 D  28608  28607    165
  29002 27209      407.5889    75      414.9764      403.6132   927848    2.74%         x.34.27 D  29002  29001     79
  29425 27604      407.7171    81      414.9764      403.6285   942316    2.73%         x.11.24 D  29425  29424     30
  29879 28039      409.4336    83      414.9764      403.6313   956574    2.73%          x.50.9 D  29879  29878     72
Elapsed time = 209.79 sec. (246445.37 ticks, tree = 1001.26 MB, solutions = 14)
  30310 28446      408.6411    99      414.9764      403.6360   970150    2.73%         x.47.35 D  30310  30309     71
  30778 28887      404.8927    80      414.9764      403.6441   982960    2.73%          x.12.4 D  30778  30777     18
  31200 29288      406.4841    87      414.9764      403.6463   995257    2.73%         x.15.24 D  31200  31198     29
  31619 29688        cutoff            414.9764      403.6531  1008979    2.73%         x.17.21 D  31619  31618    215
  32000 30053      406.2709    87      414.9764      403.6575  1022324    2.73%          x.23.4 D  32000  31999     29
  32449 30489      413.9458    63      414.9764      403.6630  1036331    2.73%           x.6.7 N  32449  32448    182
  32943 30951      411.2275    67      414.9764      403.6721  1049625    2.72%         x.47.35 N  32943  32942    156
  33400 31384      405.8870    87      414.9764      403.6760  1063791    2.72%         x.46.24 D  33400  33399     42
  33818 31776      407.8308    81      414.9764      403.6823  1077300    2.72%          x.3.25 D  33818  33817     67
  34249 32188      408.1775    78      414.9764      403.6869  1090863    2.72%         x.13.25 N  34249  34248    102
Elapsed time = 243.58 sec. (284711.17 ticks, tree = 1176.74 MB, solutions = 14)
  34725 32645      409.7829    83      414.9764      403.6985  1103870    2.72%         x.24.25 D  34725  34724     75
  35121 33027      409.6741    82      414.9764      403.7062  1117216    2.72%         x.13.17 D  35121  35120     96
  35573 33451      405.2032    90      414.9764      403.7120  1130317    2.71%          x.23.4 D  35573  35572     26
  36013 33878      413.1447    89      414.9764      403.7147  1143315    2.71%           x.7.9 D  36013  36012     46
  36487 34320      410.8621    89      414.9764      403.7210  1156349    2.71%         x.52.24 N  36487  36486     14
  36912 34721      410.9143    92      414.9764      403.7268  1169950    2.71%         x.12.24 D  36912  36911     21
  37323 35102      411.6657    71      414.9764      403.7304  1184166    2.71%         x.58.25 N  37323  37322    119
  37790 35542      408.9646    79      414.9764      403.7374  1197465    2.71%          x.5.25 D  37790  37789     67
  38222 35944      406.8266    94      414.9764      403.7482  1211562    2.71%          x.51.4 D  38222  38221     27
  38598 36296      405.2067    83      414.9764      403.7625  1225691    2.70%          x.31.4 D  38598  38597     25
Elapsed time = 277.35 sec. (322921.30 ticks, tree = 1355.91 MB, solutions = 14)
  39027 36712      408.0670    78      414.9764      403.7647  1239154    2.70%         x.30.49 D  39027  39026     73
* 39160+36739                          414.8800      403.7665             2.68%
* 39190+36769                          414.8800      403.7665             2.68%
* 39220+36799                          414.8799      403.7665             2.68%
  39270 36851      413.8622    42      414.8799      403.7665  1247765    2.68%         x.18.13 U  39270  39269    116
  39532 37103      414.6733    69      414.8799      403.7726  1255572    2.68%         x.32.27 U  39532  39531     93
  39862 37410      413.2584    82      414.8799      403.7757  1267109    2.68%          x.8.49 D  39862  39861    110
  40161 37681      409.5532    79      414.8799      403.7789  1276976    2.68%         x.51.49 D  40161  40160     99
  40567 38060      405.0163    84      414.8799      403.7828  1289539    2.67%         x.47.24 U  40567  19975     16
  40970 38435      410.3834    90      414.8799      403.7920  1301028    2.67%          x.12.7 D  40970  40969    107
  41392 38831      405.4041    85      414.8799      403.7962  1314099    2.67%         x.47.24 D  41392  41391     40
  41838 39258      406.4013    86      414.8799      403.7986  1328191    2.67%         x.14.24 D  41838  41837     54
  42273 39667      405.6677    91      414.8799      403.8039  1341396    2.67%         x.53.24 D  42273  42272     34
Elapsed time = 310.07 sec. (361159.96 ticks, tree = 1505.75 MB, solutions = 17)
  42688 40067      411.9820    81      414.8799      403.8081  1353876    2.67%         x.42.25 D  42688  42687    131
  43124 40471      411.9558    75      414.8799      403.8123  1367684    2.67%          x.40.9 D  43124  43123    132
  43503 40823      406.3873    91      414.8799      403.8155  1381461    2.67%          x.14.4 D  43503  43502     27
  43950 41255      410.0704    86      414.8799      403.8161  1394441    2.67%          x.12.2 D  43950  43949    106
  44338 41607        cutoff            414.8799      403.8215  1407992    2.67%         x.17.25 U  44338  44336    158
  44762 42015      407.8705    90      414.8799      403.8250  1420140    2.66%          x.3.24 D  44762  44761     51
  45187 42407      406.8448    88      414.8799      403.8322  1433963    2.66%          x.38.6 D  45187  45186     55
  45567 42766      404.9258    95      414.8799      403.8376  1446793    2.66%          x.8.29 U  45567   1549     16
  46000 43176      405.8591    83      414.8799      403.8432  1459047    2.66%         x.41.24 D  46000  45999     48
  46440 43591      404.3576    91      414.8799      403.8476  1471491    2.66%         x.40.24 D  46440  46439     31
Elapsed time = 343.83 sec. (399386.72 ticks, tree = 1682.12 MB, solutions = 17)
  46880 44012      411.5304    86      414.8799      403.8519  1484776    2.66%         x.58.24 D  46880  46879     24
  47247 44354      405.4059    89      414.8799      403.8606  1498181    2.66%         x.41.24 D  47247  47246     36
  47618 44702      406.4339    88      414.8799      403.8620  1511011    2.66%          x.38.6 D  47618  47617     55
  48077 45143      406.6288    91      414.8799      403.8670  1524785    2.65%          x.22.4 D  48077  48076     22
  48499 45546      404.9948    84      414.8799      403.8715  1537473    2.65%          x.11.4 D  48499  48498     48
  48950 45973      405.3933    80      414.8799      403.8738  1549495    2.65%         x.28.26 D  48950  48949     79
  49375 46378      412.8586    71      414.8799      403.8767  1563651    2.65%          x.38.3 D  49375  49374    146
  49787 46771      409.8388    86      414.8799      403.8801  1575438    2.65%         x.44.49 D  49787  49786     62
  50254 47214      411.1129    86      414.8799      403.8864  1587956    2.65%         x.23.24 D  50254  50253     23
  50609 47550      411.4725    90      414.8799      403.8910  1601631    2.65%         x.43.24 D  50609  50608     29
Elapsed time = 377.63 sec. (437587.37 ticks, tree = 1862.70 MB, solutions = 17)
  51012 47935      405.4302    95      414.8799      403.8959  1615592    2.65%          x.6.40 D  51012  51011     21
  51492 48399      412.1337    89      414.8799      403.9077  1629058    2.64%          x.12.4 U  51492  51490     28
  51895 48781      406.9319    86      414.8799      403.9108  1640842    2.64%           x.2.6 D  51895  51894     74
  52262 49126      405.3584    96      414.8799      403.9180  1654585    2.64%          x.23.4 D  52262  52261     17
  52670 49509      411.6192    74      414.8799      403.9278  1667598    2.64%           x.7.9 D  52670  52669     99
  53110 49921      411.2909    79      414.8799      403.9346  1679962    2.64%         x.15.25 D  53110  53109     92
  53544 50336      412.7736    88      414.8799      403.9410  1692233    2.64%         x.24.25 D  53544  53543    127
  53894 50665      404.9691    91      414.8799      403.9458  1705809    2.64%         x.52.24 D  53894  53893     16
  54324 51080      409.9694    81      414.8799      403.9485  1718294    2.63%         x.24.42 D  54324  54323     73
  54694 51426      407.7679    89      414.8799      403.9504  1732211    2.63%          x.27.6 D  54694  54693     58
Elapsed time = 411.16 sec. (475783.96 ticks, tree = 2042.01 MB, solutions = 17)
  55076 51788      404.8945    90      414.8799      403.9546  1744568    2.63%         x.15.49 D  55076  55075     18
  55445 52143      408.6857    83      414.8799      403.9587  1756975    2.63%         x.29.19 N  55445  55443     53
  55755 52442      411.5491    81      414.8799      403.9600  1767731    2.63%         x.33.25 D  55755  55754    110
  56130 52787      414.5625    69      414.8799      403.9655  1780431    2.63%          x.16.7 D  56130  56129    135
  56538 53170      409.2022    78      414.8799      403.9724  1792425    2.63%         x.54.25 D  56538  56537    161
  56931 53544      407.4937    93      414.8799      403.9746  1804327    2.63%         x.41.24 D  56931  56930     59
  57360 53948      406.4243    94      414.8799      403.9800  1816631    2.63%          x.35.4 D  57360  57359     27
  57743 54311      408.8430    81      414.8799      403.9822  1828770    2.63%         x.12.15 D  57743  57742     58
  58154 54697      408.4806    88      414.8799      403.9848  1840937    2.63%         x.26.24 D  58154  58153     27
  58542 55050      409.7599    81      414.8799      403.9866  1853459    2.63%          x.50.3 D  58542  58541    124
Elapsed time = 446.72 sec. (513984.83 ticks, tree = 2212.42 MB, solutions = 17)
Nodefile size = 165.40 MB (163.65 MB after compression)
  58910 55388      407.7673    97      414.8799      403.9888  1864664    2.63%         x.57.24 D  58910  58909     40
  59311 55759      410.3941    84      414.8799      403.9912  1877084    2.62%          x.8.29 D  59311  59310     60
  59711 56137        cutoff            414.8799      403.9934  1889956    2.62%         x.49.25 U  59711  59709     77
  60110 56522      410.8001    79      414.8799      403.9976  1901408    2.62%         x.30.49 D  60110  60109    101
  60470 56863      408.3999    81      414.8799      404.0022  1914693    2.62%         x.12.14 D  60470  60469     91
* 60770+56004                          414.4569      404.0065             2.52%
* 60820+56054                          414.4569      404.0065             2.52%
  60820 56056      405.9191    85      414.4569      404.0065  1925435    2.52%         x.12.20 D  60820  60819     66
  61020 56251      409.8035    85      414.4569      404.0067  1930946    2.52%         x.24.25 D  61020  61019    117
  61329 56546      405.4529    89      414.4569      404.0087  1940771    2.52%         x.47.24 D  61329  61328     37
  61609 56813      404.8480    91      414.4569      404.0100  1949739    2.52%          x.37.4 D  61609  61608     21
  61920 57100      406.1492    86      414.4569      404.0136  1960075    2.52%          x.11.4 D  61920  61919     22
Elapsed time = 482.30 sec. (552565.90 ticks, tree = 2319.62 MB, solutions = 19)
Nodefile size = 272.34 MB (269.79 MB after compression)
  62249 57398      405.1452    93      414.4569      404.0165  1970272    2.52%         x.49.24 D  62249  62248     39
  62590 57727      409.9249    95      414.4569      404.0186  1980882    2.52%         x.11.24 D  62590  62589     31
  63023 58130      407.0964    89      414.4569      404.0216  1991390    2.52%          x.26.9 D  63023  63022     51
  63410 58499      409.8540    87      414.4569      404.0233  2003890    2.52%         x.31.24 D  63410  63409     35
  63770 58832      408.0344    81      414.4569      404.0259  2016569    2.52%         x.28.26 D  63770  63769     57
  64153 59185      404.9850    87      414.4569      404.0314  2028734    2.52%          x.25.4 D  64153  64152     39
  64534 59549      412.5187    89      414.4569      404.0323  2040733    2.52%         x.32.24 U  64534  64532     30
  64942 59921      410.4514    84      414.4569      404.0349  2052259    2.51%         x.12.49 D  64942  64941     53
  65353 60310      410.9513    89      414.4569      404.0381  2065193    2.51%         x.12.49 D  65353  65352     75
  65749 60677      407.5413    80      414.4569      404.0428  2076512    2.51%         x.37.27 D  65749  65748     88
Elapsed time = 518.20 sec. (590819.76 ticks, tree = 2491.59 MB, solutions = 19)
Nodefile size = 444.32 MB (440.44 MB after compression)
  66153 61051      411.0260    89      414.4569      404.0482  2089123    2.51%         x.21.24 D  66153  66152     42
  66483 61358      408.3000    84      414.4569      404.0522  2100790    2.51%          x.12.9 D  66483  66482     50
  66910 61752      405.3570    85      414.4569      404.0583  2112855    2.51%         x.12.59 D  66910  66909     52
  67321 62140      412.0573    90      414.4569      404.0621  2124326    2.51%          x.29.4 N  67321  67320     23
  67692 62486      409.7175    78      414.4569      404.0667  2136649    2.51%         x.43.37 D  67692  67691     73
  68058 62823      411.6509    87      414.4569      404.0687  2148685    2.51%          x.25.9 D  68058  68057     51
  68410 63154      411.5335    86      414.4569      404.0725  2160387    2.51%         x.38.25 D  68410  68409     90
  68817 63534      411.6501    92      414.4569      404.0745  2172463    2.51%         x.58.24 D  68817  68816     38
  69180 63865      413.0619    83      414.4569      404.0804  2186171    2.50%          x.35.4 D  69180  69179     52
  69590 64236      407.7954    88      414.4569      404.0839  2197971    2.50%         x.21.24 D  69590  69589     39
Elapsed time = 553.48 sec. (629025.42 ticks, tree = 2664.55 MB, solutions = 19)
Nodefile size = 616.90 MB (611.84 MB after compression)
  69999 64617      412.6735    66      414.4569      404.0856  2210760    2.50%           x.8.3 D  69999  69998    103
  70395 64979      407.8913    83      414.4569      404.0881  2222158    2.50%         x.12.12 D  70395  70394     61
  70791 65340      405.2611    85      414.4569      404.0933  2233713    2.50%         x.12.24 D  70791  70790     33
  71211 65731      404.7852    89      414.4569      404.0969  2246167    2.50%          x.24.4 U  71211  33760     10
  71620 66131      413.3183    74      414.4569      404.0995  2257601    2.50%           x.9.7 N  71620  71619    156
  72000 66483      408.0591    77      414.4569      404.1020  2270663    2.50%         x.58.25 D  72000  71999    111
  72400 66859      411.4728    55      414.4569      404.1039  2282815    2.50%         x.50.30 D  72400  72399    126
  72798 67212      412.0661    80      414.4569      404.1098  2295298    2.50%         x.15.27 N  72798  72797     32
  73171 67558      411.3407    83      414.4569      404.1123  2307888    2.50%         x.58.25 D  73171  73170    128
  73541 67911      412.0586    75      414.4569      404.1130  2320427    2.50%         x.27.25 D  73541  73540     95
Elapsed time = 589.03 sec. (667489.89 ticks, tree = 2844.99 MB, solutions = 19)
Nodefile size = 797.07 MB (790.84 MB after compression)
  73908 68236      404.8352    88      414.4569      404.1162  2332649    2.49%          x.3.24 D  73908  73907     28
  74245 68544      411.9156    91      414.4569      404.1191  2345297    2.49%         x.22.27 D  74245  74244    103
  74667 68949      413.8605    71      414.4569      404.1206  2356814    2.49%         x.51.49 D  74667  74666    105
  75078 69327      413.7294    81      414.4569      404.1227  2368096    2.49%         x.57.49 D  75078  75077     45
  75479 69683      407.9929    76      414.4569      404.1263  2379086    2.49%          x.6.59 D  75479  75477     60
  75875 70047      410.3554    91      414.4569      404.1283  2392054    2.49%           x.3.4 U  75875  21881     13
  76320 70471      406.4205    85      414.4569      404.1315  2402371    2.49%         x.28.43 D  76320  76319     73
  76747 70874      412.3483    70      414.4569      404.1332  2412698    2.49%          x.50.1 D  76747  76746    166
  77145 71251      409.5133    87      414.4569      404.1365  2424349    2.49%          x.50.3 D  77145  77144    119
  77560 71630      409.3385    95      414.4569      404.1395  2436040    2.49%           x.6.4 D  77560  77559     38
Elapsed time = 624.74 sec. (705707.86 ticks, tree = 3029.58 MB, solutions = 19)
Nodefile size = 981.65 MB (974.28 MB after compression)
  78010 72061      413.7755    75      414.4569      404.1405  2446911    2.49%         x.30.24 D  78010  78009     77
  78403 72410      410.5202    85      414.4569      404.1437  2458918    2.49%         x.29.19 U  78403  78400     60
  78877 72852      411.9465    76      414.4569      404.1452  2469913    2.49%         x.29.49 D  78877  78876    117
  79224 73173      405.8332    93      414.4569      404.1467  2480360    2.49%         x.46.24 D  79224  79223     42
  79657 73590      410.6073    76      414.4569      404.1477  2491786    2.49%         x.30.24 D  79657  79656    118
  80065 73978      411.8669    75      414.4569      404.1499  2504136    2.49%         x.47.35 U  80065  80063     71
  80505 74382        cutoff            414.4569      404.1520  2515555    2.49%         x.39.58 D  80505  80503     33
  80960 74817      407.4816    81      414.4569      404.1533  2526431    2.49%         x.47.35 D  80960  80959    145
  81344 75163      411.3390    70      414.4569      404.1556  2537901    2.49%         x.50.11 N  81344  81343    147
  81708 75504      408.0212   103      414.4569      404.1565  2549931    2.49%         x.14.24 D  81708  81707     60
Elapsed time = 660.99 sec. (743924.10 ticks, tree = 3223.51 MB, solutions = 19)
Nodefile size = 1175.97 MB (1167.69 MB after compression)
  82100 75861      405.5265    83      414.4569      404.1586  2560594    2.48%          x.25.9 U  82100   7309     12
  82539 76258      407.4845    89      414.4569      404.1629  2571472    2.48%         x.28.43 D  82539  82538     72
  82929 76612      406.3148    87      414.4569      404.1660  2584276    2.48%          x.6.24 D  82929  82928     42
  83351 77012      413.8346    80      414.4569      404.1675  2595305    2.48%           x.4.4 D  83351  83350    163
  83776 77407      409.0021    84      414.4569      404.1701  2606574    2.48%          x.40.2 D  83776  83775    102
  84207 77811      407.2223    91      414.4569      404.1712  2617906    2.48%         x.12.47 D  84207  84206     75
  84689 78263      410.2767    67      414.4569      404.1740  2629425    2.48%         x.50.15 D  84689  84688    118
  85093 78637      409.3670    83      414.4569      404.1754  2639630    2.48%         x.28.24 D  85093  85092    116
  85499 79027      407.0429    93      414.4569      404.1765  2650894    2.48%          x.17.4 D  85499  85497     48
  85971 79469      410.7710    76      414.4569      404.1796  2662179    2.48%         x.40.54 D  85971  85970    130
Elapsed time = 696.89 sec. (782111.82 ticks, tree = 3423.92 MB, solutions = 19)
Nodefile size = 1376.19 MB (1367.06 MB after compression)
  86408 79869      407.1945    89      414.4569      404.1814  2673088    2.48%          x.25.6 D  86408  86407     98
  86800 80236      407.5405    92      414.4569      404.1835  2684294    2.48%         x.41.24 D  86800  86799     42
  87230 80648      412.3513    70      414.4569      404.1842  2694192    2.48%         x.50.41 U  87230  87228     77
  87690 81081      410.9536    91      414.4569      404.1867  2705658    2.48%          x.31.4 D  87690  87689     25
  88045 81393      411.8352    92      414.4569      404.1900  2717405    2.48%         x.46.24 D  88045  88044     35
  88435 81746      408.7469    77      414.4569      404.1914  2727683    2.48%         x.34.27 D  88435  88434    108
  88839 82118      405.1773    88      414.4569      404.1938  2738799    2.48%         x.43.19 U  88839  22596     17
  89276 82531      407.5737    84      414.4569      404.1950  2748877    2.48%         x.15.24 D  89276  89275     37
  89680 82902      409.7906    89      414.4569      404.1965  2760627    2.48%         x.12.48 D  89680  89679     66
  90082 83267      406.2356    93      414.4569      404.1984  2772531    2.48%          x.51.4 D  90082  90081     27
Elapsed time = 732.80 sec. (820433.88 ticks, tree = 3617.49 MB, solutions = 19)
Nodefile size = 1569.77 MB (1559.91 MB after compression)
  90460 83608      405.7813    85      414.4569      404.2011  2784048    2.47%         x.23.24 D  90460  90459     20
  90820 83951      407.3228    83      414.4569      404.2025  2794598    2.47%         x.31.19 U  90820  90819     50
  91228 84339      410.4417    80      414.4569      404.2041  2804517    2.47%         x.40.54 D  91228  91227    113
  91673 84750      407.5700    98      414.4569      404.2070  2815802    2.47%         x.12.52 D  91673  91672     86
  92059 85108      407.5903    78      414.4569      404.2081  2825415    2.47%          x.44.9 D  92059  92058     98
  92474 85496      405.9998    77      414.4569      404.2099  2835071    2.47%         x.24.27 D  92474  92473    129
  92820 85810      409.1135    88      414.4569      404.2117  2846894    2.47%         x.40.24 D  92820  92819     45
  93250 86218      406.7395    84      414.4569      404.2133  2857277    2.47%          x.17.4 D  93250  93249     50
  93652 86594      408.0076    87      414.4569      404.2145  2868743    2.47%         x.43.24 N  93652  93651     40
  94155 87063      405.2083    87      414.4569      404.2185  2879189    2.47%          x.25.4 D  94155  94154     18
Elapsed time = 769.53 sec. (858682.61 ticks, tree = 3812.54 MB, solutions = 19)
Nodefile size = 1765.43 MB (1754.66 MB after compression)
  94643 87537      412.7401    72      414.4569      404.2187  2889512    2.47%          x.50.1 D  94643  94642    179
  95053 87915      406.5121    90      414.4569      404.2231  2900787    2.47%         x.46.24 D  95053  95052     38
  95463 88291      404.7254    95      414.4569      404.2251  2911429    2.47%         x.54.24 D  95463  95462     27
  95871 88666        cutoff            414.4569      404.2277  2921882    2.47%         x.15.27 U  95871  95869     37
  96235 88999      405.6197    88      414.4569      404.2296  2932704    2.47%          x.23.4 D  96235  96233     21
  96592 89328      412.9589    86      414.4569      404.2309  2944199    2.47%          x.28.2 D  96592  96591     76
  96950 89658      411.0347    71      414.4569      404.2346  2955711    2.47%         x.57.25 D  96950  96949    139
  97375 90059      407.5036    74      414.4569      404.2351  2967908    2.47%          x.8.29 D  97375  97374     91
  97747 90409      412.3363    79      414.4569      404.2354  2978461    2.47%         x.50.18 D  97747  97746    172
  98162 90802      406.7899    80      414.4569      404.2371  2988683    2.47%         x.28.11 D  98162  98161     87
Elapsed time = 805.73 sec. (896866.46 ticks, tree = 4006.36 MB, solutions = 19)
Nodefile size = 1958.68 MB (1947.11 MB after compression)
  98540 91153      406.5785    86      414.4569      404.2379  3000412    2.47%         x.49.24 D  98540  98539     49
  98901 91500      410.1692    98      414.4569      404.2392  3010390    2.47%         x.32.24 D  98901  98900     33
  99300 91879      413.9326    81      414.4569      404.2399  3020206    2.47%          x.40.9 D  99300  99299     39
  99700 92244      406.6564    91      414.4569      404.2426  3031579    2.46%         x.52.24 D  99700  99699     27
 100090 92590      405.1773    84      414.4569      404.2447  3042371    2.46%          x.6.24 D 100090 100089     49
 100521 93001      409.0640    77      414.4569      404.2454  3051982    2.46%          x.28.0 D 100521 100520     61
 100984 93435      408.9460    89      414.4569      404.2464  3061882    2.46%         x.28.55 D 100984 100983    139
 101363 93772      410.8330    84      414.4569      404.2496  3072315    2.46%         x.32.27 D 101363 101362    153
 101714 94092      413.1987    80      414.4569      404.2507  3083493    2.46%         x.12.52 N 101714 101713     40
 102077 94405      413.1755    81      414.4569      404.2546  3095264    2.46%         x.39.58 U 102077 102076     69
Elapsed time = 841.03 sec. (935098.61 ticks, tree = 4194.63 MB, solutions = 19)
Nodefile size = 2146.84 MB (2134.66 MB after compression)
 102498 94782      407.9212    82      414.4569      404.2592  3105832    2.46%         x.12.55 D 102498 102497     68
 102919 95166      406.8322    93      414.4569      404.2620  3116537    2.46%         x.12.49 D 102919 102918     59
 103301 95503      412.6071    90      414.4569      404.2672  3127197    2.46%         x.47.24 D 103301 103300     30
 103640 95801      408.2485    80      414.4569      404.2709  3137888    2.46%         x.28.33 D 103640 103639     94
 103988 96130      412.9495    77      414.4569      404.2718  3150737    2.46%         x.29.49 D 103988 103987    100
 104356 96455      413.8877    88      414.4569      404.2745  3162381    2.46%         x.44.49 D 104356 104355     58
 104737 96796      407.4583    80      414.4569      404.2759  3173432    2.46%          x.34.4 D 104737 104736     35
 105180 97202      405.6981    76      414.4569      404.2779  3184569    2.46%         x.44.49 D 105180 105179     88
 105610 97605      412.0891    90      414.4569      404.2800  3195324    2.46%         x.57.24 D 105610 105609     32
 106000 97961      404.5852    80      414.4569      404.2807  3205053    2.46%           x.3.4 D 106000 105999     26
Elapsed time = 876.22 sec. (973391.35 ticks, tree = 4381.82 MB, solutions = 19)
Nodefile size = 2334.56 MB (2321.65 MB after compression)
 106367 98309        cutoff            414.4569      404.2822  3216926    2.45%         x.50.15 U 106367 106365     79
 106800 98717      410.8976    89      414.4569      404.2857  3227473    2.45%         x.46.24 D 106800 106799     37
 107230 99118      412.5497    64      414.4569      404.2870  3236176    2.45%         x.13.25 D 107230 107229    167
 107583 99416      405.6810    96      414.4569      404.2913  3248193    2.45%         x.12.24 D 107583 107582     35
 108053 99869      410.8638    91      414.4569      404.2933  3257373    2.45%          x.14.4 D 108053 108052     33
 108398 100172      406.2415    86      414.4569      404.2951  3270410    2.45%         x.29.24 D 108398 108397     34
 108802 100541      412.2165    92      414.4569      404.2976  3282416    2.45%          x.34.4 N 108802 108801     24
 109200 100917      410.4145    77      414.4569      404.2987  3291565    2.45%         x.24.25 D 109200 109199    119
 109612 101294      413.4299    79      414.4569      404.3015  3302020    2.45%         x.46.49 D 109612 109611    164
 109997 101646      407.7897    89      414.4569      404.3057  3314127    2.45%          x.20.4 D 109997 109996     47
Elapsed time = 912.95 sec. (1011802.05 ticks, tree = 4577.26 MB, solutions = 19)
Nodefile size = 2529.36 MB (2515.71 MB after compression)
 110396 102015        cutoff            414.4569      404.3065  3325282    2.45%          x.33.9 D 110396 110395    182
 110749 102342      406.0128    86      414.4569      404.3091  3334793    2.45%         x.23.24 D 110749 110748     40
 111200 102772      412.9314    72      414.4569      404.3100  3344940    2.45%         x.44.49 D 111200 111199    175
 111646 103187      407.6788    94      414.4569      404.3124  3354834    2.45%         x.58.24 D 111646 111645     39
 112083 103608      407.0877    94      414.4569      404.3136  3364257    2.45%          x.12.1 D 112083 112082     77
 112495 104000      411.5507    81      414.4569      404.3153  3374023    2.45%          x.13.9 D 112495 112494    159
 112886 104359      406.0623    88      414.4569      404.3178  3386097    2.45%          x.29.4 D 112886 112885     33
 113274 104724      411.4055    81      414.4569      404.3199  3396371    2.45%          x.50.9 D 113274 113273    118
 113660 105082      410.2257    95      414.4569      404.3210  3406776    2.45%         x.12.14 D 113660 113659     93
 114086 105474      407.6351    85      414.4569      404.3252  3417073    2.44%          x.11.4 D 114086 114085     24
Elapsed time = 949.89 sec. (1050084.57 ticks, tree = 4781.51 MB, solutions = 19)
Nodefile size = 2734.04 MB (2719.39 MB after compression)
 114538 105914      412.3438    81      414.4569      404.3253  3426351    2.44%         x.34.27 D 114538 114537    157
 114893 106227      410.0482    78      414.4569      404.3266  3436875    2.44%         x.28.26 D 114893 114892     98
 115263 106561      410.6512    94      414.4569      404.3297  3447626    2.44%         x.28.26 D 115263 115262     97
 115627 106897      413.2451    51      414.4569      404.3312  3458855    2.44%         x.50.52 D 115627 115626    176
 115974 107217      411.4928    89      414.4569      404.3335  3470645    2.44%         x.29.24 D 115974 115973     24
 116354 107568      413.6109    70      414.4569      404.3337  3481132    2.44%         x.50.49 D 116354 116353    104
 116731 107911      411.4001    90      414.4569      404.3362  3492180    2.44%         x.28.26 U 116731 116729     57
 117133 108271      406.3860    92      414.4569      404.3373  3502510    2.44%          x.12.5 D 117133 117132     79
 117573 108676        cutoff            414.4569      404.3407  3513417    2.44%          x.7.49 D 117573 117572     71
 118049 109126      412.3723    75      414.4569      404.3421  3523006    2.44%          x.46.9 D 118049 118048    178
Elapsed time = 985.48 sec. (1088287.74 ticks, tree = 4977.48 MB, solutions = 19)
Nodefile size = 2930.16 MB (2914.67 MB after compression)
 118460 109501      412.0780    85      414.4569      404.3437  3532774    2.44%          x.29.4 U 118460 118459     16
 118817 109823      414.1651    76      414.4569      404.3458  3544166    2.44%          x.9.50 D 118817 118816     38
 119200 110182      413.6860    76      414.4569      404.3472  3554748    2.44%         x.22.25 D 119200 119199     80
 119575 110524      413.5655    69      414.4569      404.3493  3565525    2.44%         x.29.24 D 119575 119574    149
 120000 110922      407.3011    78      414.4569      404.3506  3574788    2.44%          x.12.4 D 120000 119999     50
 120400 111276      409.7138    95      414.4569      404.3523  3585493    2.44%         x.28.22 D 120400 120399     71
 120825 111673      406.2132    89      414.4569      404.3548  3595909    2.44%         x.39.24 D 120825 120824     42
 121230 112040      405.0325    87      414.4569      404.3568  3606369    2.44%          x.24.4 N 121230  33623     21
 121602 112391      411.9626    76      414.4569      404.3576  3616363    2.44%         x.40.54 D 121602 121601    110
 122000 112758      410.6751    90      414.4569      404.3590  3625890    2.44%         x.40.24 D 122000 121999     39
Elapsed time = 1021.46 sec. (1127137.54 ticks, tree = 5173.82 MB, solutions = 19)
Nodefile size = 3126.74 MB (3110.50 MB after compression)
 122449 113167      413.1552    82      414.4569      404.3611  3636164    2.44%          x.48.3 D 122449 122447    208
 122823 113521      410.6725    76      414.4569      404.3619  3646854    2.44%          x.50.1 D 122823 122822    134
 123208 113888      407.3734    87      414.4569      404.3628  3656605    2.44%         x.28.43 D 123208 123207     74
 123552 114193      411.2026    85      414.4569      404.3657  3667475    2.43%          x.40.9 D 123552 123551     69
 123915 114521      410.5886    95      414.4569      404.3681  3677250    2.43%          x.35.4 D 123915 123914     98
 124308 114897      411.7987    65      414.4569      404.3706  3687269    2.43%         x.50.18 D 124308 124307    181
 124614 115159      411.7744    83      414.4569      404.3724  3697695    2.43%         x.47.24 D 124614 124613     21
 125019 115547      412.7558    77      414.4569      404.3731  3707022    2.43%         x.22.27 D 125019 125018     81
 125423 115930      412.7156    75      414.4569      404.3746  3717766    2.43%          x.26.9 D 125423 125422     27
 125810 116290      411.8444    90      414.4569      404.3752  3727028    2.43%         x.57.24 D 125810 125809     38
Elapsed time = 1057.01 sec. (1165353.23 ticks, tree = 5366.27 MB, solutions = 19)
Nodefile size = 3318.99 MB (3302.10 MB after compression)
 126193 116646      413.8289    82      414.4569      404.3774  3737693    2.43%         x.31.19 U 126193 126192     31
 126632 117050      407.3258    77      414.4569      404.3781  3747614    2.43%         x.31.19 U 126632 126631     57
 126983 117375      406.1667    89      414.4569      404.3794  3758454    2.43%         x.23.24 U 126983  21160     29
 127420 117787      408.1496    91      414.4569      404.3801  3768249    2.43%          x.6.24 D 127420 127419     32
 127777 118119      412.0333    78      414.4569      404.3805  3780301    2.43%         x.42.25 N 127777 127776     85
 128099 118403      414.1204    76      414.4569      404.3818  3791982    2.43%         x.42.53 D 128099 128098     59
 128460 118725      411.7777    93      414.4569      404.3833  3803280    2.43%         x.33.24 D 128460 128458     71
 128849 119079      410.4751    85      414.4569      404.3853  3813018    2.43%         x.43.19 U 128849 128848    146
 129200 119396      408.5146    93      414.4569      404.3877  3823242    2.43%         x.12.47 D 129200 129199     74
 129580 119750      411.4534    70      414.4569      404.3896  3834673    2.43%         x.36.49 D 129580 129579    124
Elapsed time = 1093.32 sec. (1203729.27 ticks, tree = 5555.96 MB, solutions = 19)
Nodefile size = 3508.10 MB (3490.52 MB after compression)
 130002 120143      410.7980    74      414.4569      404.3917  3845780    2.43%         x.27.25 D 130002 130001    152
 130370 120479      405.5522    86      414.4569      404.3952  3856743    2.43%         x.26.24 D 130370 130369     34
 130654 120728      411.5784    99      414.4569      404.3960  3866782    2.43%          x.51.4 D 130654 130653     56
 131040 121073      407.1638    86      414.4569      404.3986  3876912    2.43%          x.12.2 D 131040 131039     88
 131451 121446      411.5822    85      414.4569      404.4006  3887013    2.43%         x.28.45 D 131451 131450    103
 131860 121825      412.1692    73      414.4569      404.4030  3897408    2.43%         x.50.20 D 131860 131859    192
 132181 122119      410.3793    91      414.4569      404.4044  3907778    2.43%          x.12.3 D 132181 132180     69
 132544 122434      414.2532    79      414.4569      404.4071  3919207    2.42%           x.7.9 D 132544 132543     69
 132907 122765      406.3583    86      414.4569      404.4106  3928965    2.42%         x.57.24 D 132907 132906     26
 133267 123101      409.1341    85      414.4569      404.4118  3939071    2.42%         x.28.26 D 133267 133266     98
Elapsed time = 1128.64 sec. (1241928.81 ticks, tree = 5740.94 MB, solutions = 19)
Nodefile size = 3693.71 MB (3675.70 MB after compression)
 133645 123442      405.4703    92      414.4569      404.4141  3948570    2.42%          x.37.4 D 133645 133644     29
 134042 123808      405.5955    77      414.4569      404.4165  3958829    2.42%         x.12.46 D 134042 134041     59
 134440 124185      406.6284    83      414.4569      404.4183  3969153    2.42%         x.14.24 D 134440 134439     56
 134881 124608      412.2667    86      414.4569      404.4194  3979182    2.42%         x.21.24 D 134881 134880     27
 135274 124957      405.6454    86      414.4569      404.4218  3991094    2.42%         x.15.24 U 135274  97769     23
 135661 125312      407.2065    83      414.4569      404.4233  4001282    2.42%         x.57.24 D 135661 135660     42
 136064 125689      405.7448    95      414.4569      404.4250  4011842    2.42%         x.23.24 U 136064  44576     24
 136449 126053      407.6520    85      414.4569      404.4258  4020574    2.42%         x.28.12 D 136449 136448     96
 136784 126357      410.1676    90      414.4569      404.4268  4031940    2.42%         x.39.58 D 136784 136782     74
 137179 126722      411.5836    88      414.4569      404.4279  4042801    2.42%         x.40.24 D 137179 137178     34
Elapsed time = 1164.70 sec. (1280163.08 ticks, tree = 5941.79 MB, solutions = 19)
Nodefile size = 3894.49 MB (3875.55 MB after compression)
 137529 127031      409.0009    88      414.4569      404.4315  4053056    2.42%         x.12.10 D 137529 137528     79
 137925 127405      414.1786    79      414.4569      404.4323  4063417    2.42%         x.14.27 D 137925 137924     55
 138280 127716      412.0059    91      414.4569      404.4343  4073780    2.42%         x.54.24 D 138280 138279     26
 138689 128084        cutoff            414.4569      404.4354  4084807    2.42%         x.50.52 U 138689 138687    152
 139009 128356        cutoff            414.4569      404.4376  4095949    2.42%         x.50.15 D 139009 139007     77
 139407 128726      407.0834    84      414.4569      404.4398  4105571    2.42%         x.40.24 D 139407 139406     45
 139784 129073      409.0718    81      414.4569      404.4405  4116095    2.42%          x.40.9 D 139784 139783    103
 140149 129421      412.9688    81      414.4569      404.4423  4127012    2.42%          x.4.25 D 140149 140148    172
 140512 129760      413.2011    72      414.4569      404.4434  4137472    2.42%          x.7.49 D 140512 140511     83
 140898 130120      411.2465    86      414.4569      404.4464  4147845    2.42%         x.32.24 D 140898 140897     32
Elapsed time = 1200.18 sec. (1318369.91 ticks, tree = 6131.50 MB, solutions = 19)
Nodefile size = 4083.51 MB (4063.91 MB after compression)
 141300 130505      407.8120    94      414.4569      404.4479  4157514    2.41%          x.17.4 D 141300 141299     55
 141650 130830      412.2987    87      414.4569      404.4490  4168385    2.41%         x.12.28 D 141650 141649     33
 142000 131155      408.7175    81      414.4569      404.4495  4177719    2.41%         x.28.10 D 142000 141999    120
 142410 131538      410.6365    81      414.4569      404.4513  4188016    2.41%         x.18.24 D 142410 142409     79
 142751 131840      406.7383    87      414.4569      404.4524  4199565    2.41%          x.34.4 D 142751 142750     43
 143128 132189      408.0263    91      414.4569      404.4531  4209590    2.41%         x.23.24 D 143128 143127     39
 143484 132522      410.1985    74      414.4569      404.4556  4219848    2.41%         x.39.58 U 143484 143483     57
 143858 132864      413.8017    72      414.4569      404.4573  4230967    2.41%          x.1.27 D 143858 143857    185
 144232 133215      412.5152    73      414.4569      404.4586  4239601    2.41%         x.40.41 D 144232 144231    195
 144579 133537      413.7913    73      414.4569      404.4601  4249472    2.41%           x.7.9 D 144579 144578    170
Elapsed time = 1236.25 sec. (1356652.08 ticks, tree = 6322.90 MB, solutions = 19)
Nodefile size = 4275.21 MB (4255.11 MB after compression)
 144981 133908      407.3516    71      414.4569      404.4617  4260161    2.41%          x.28.0 D 144981 144980     94
 145346 134249      412.3876    87      414.4569      404.4634  4271356    2.41%          x.50.3 D 145346 145345     96
 145746 134625      405.8410    92      414.4569      404.4654  4280801    2.41%          x.6.24 D 145746 145745     36
 146147 134990      410.9706    90      414.4569      404.4680  4289811    2.41%          x.12.3 D 146147 146146     50
 146514 135283      412.7663    88      414.4569      404.4717  4299977    2.41%         x.32.24 U 146514 115740     18
 146834 135570        cutoff            414.4569      404.4728  4310474    2.41%         x.22.27 U 146834 146832     73
 147233 135934      407.0236    93      414.4569      404.4752  4320505    2.41%          x.12.5 D 147233 147232     96
 147630 136300      412.5976    83      414.4569      404.4765  4331084    2.41%          x.38.6 D 147630 147629     32
 148000 136643      413.6069    78      414.4569      404.4781  4341892    2.41%         x.14.27 D 148000 147999     48
 148348 136943      410.3072    84      414.4569      404.4799  4352294    2.41%         x.47.24 D 148348 148347     33
Elapsed time = 1271.14 sec. (1394938.08 ticks, tree = 6514.75 MB, solutions = 19)
Nodefile size = 4466.84 MB (4445.98 MB after compression)
 148732 137307      408.3744   101      414.4569      404.4815  4362351    2.41%          x.17.4 D 148732 148731     56
 149090 137633      406.3264    84      414.4569      404.4822  4372357    2.41%         x.23.24 U 149090  97770     24
 149475 137995      411.8734    89      414.4569      404.4827  4381948    2.41%          x.25.4 U 149475  34793     21
 149876 138362      407.4712    90      414.4569      404.4850  4392265    2.41%         x.12.23 D 149876 149875     81
 150257 138720      412.8457    78      414.4569      404.4867  4402441    2.41%         x.42.25 D 150257 150256     92
 150652 139078      414.1089    68      414.4569      404.4876  4412892    2.41%          x.50.0 D 150652 150651    206
 151010 139395      410.6209    86      414.4569      404.4891  4423244    2.41%          x.35.4 D 151010 151009     54
 151370 139711      410.7935    83      414.4569      404.4893  4433121    2.40%          x.31.4 D 151370 151369     24
 151736 140045      412.6940    84      414.4569      404.4900  4442560    2.40%         x.33.24 D 151736 151735    113
 152119 140407      412.8085    76      414.4569      404.4911  4452485    2.40%         x.14.27 D 152119 152118     50
Elapsed time = 1306.86 sec. (1433176.36 ticks, tree = 6710.70 MB, solutions = 19)
Nodefile size = 4662.82 MB (4641.14 MB after compression)
 152469 140730      405.9135    86      414.4569      404.4933  4463431    2.40%         x.28.41 D 152469 152468     59
 152850 141092      411.7630    83      414.4569      404.4934  4474565    2.40%         x.28.33 D 152850 152849     62
 153192 141389      406.5229    89      414.4569      404.4936  4485308    2.40%          x.47.4 D 153192 153191     50
 153592 141767      407.6098    92      414.4569      404.4945  4495186    2.40%          x.54.4 D 153592 153590     35
 154002 142138      410.9184    76      414.4569      404.4951  4504890    2.40%          x.3.25 D 154002 154001    150
 154350 142459      411.2018    92      414.4569      404.4966  4516284    2.40%         x.12.49 D 154350 154349     47
 154686 142740      411.1966    94      414.4569      404.4992  4527267    2.40%         x.47.24 D 154686 154685     22
 155044 143065      411.0747    89      414.4569      404.5010  4538340    2.40%         x.54.24 D 155044 155043     24
 155410 143398      408.7121    82      414.4569      404.5022  4548438    2.40%         x.28.28 D 155410 155409     70
 155811 143765      407.2927    97      414.4569      404.5032  4557886    2.40%         x.12.47 D 155811 155810     75
Elapsed time = 1342.02 sec. (1471370.37 ticks, tree = 6901.62 MB, solutions = 19)
Nodefile size = 4854.34 MB (4831.97 MB after compression)
 156163 144076      413.6748    82      414.4569      404.5054  4568320    2.40%          x.11.4 U 156163 156161     30
 156528 144404      412.6768    88      414.4569      404.5065  4578655    2.40%          x.14.4 U 156528 156526     25
 156875 144713      412.4231    92      414.4569      404.5082  4589867    2.40%         x.12.59 D 156875 156874     55
 157288 145105      413.0784    75      414.4569      404.5090  4600392    2.40%         x.46.49 D 157288 157287    185
 157678 145450      407.4834    83      414.4569      404.5099  4611052    2.40%         x.39.58 U 157678 157677     54
 158079 145823      408.8764    82      414.4569      404.5103  4619900    2.40%         x.25.49 D 158079 158078    102
 158525 146244      412.9714    74      414.4569      404.5106  4628860    2.40%          x.50.1 D 158525 158524    175
 158979 146672      412.0859    73      414.4569      404.5118  4638464    2.40%          x.1.27 D 158979 158978    191
 159366 147034      411.3989    88      414.4569      404.5123  4648895    2.40%         x.29.24 D 159366 159365     28
 159730 147377      407.9158    81      414.4569      404.5138  4658517    2.40%         x.28.22 D 159730 159729    107
Elapsed time = 1378.30 sec. (1509631.98 ticks, tree = 7107.64 MB, solutions = 19)
Nodefile size = 5060.12 MB (5036.97 MB after compression)
 160084 147696      410.9149    85      414.4569      404.5150  4668746    2.40%           x.3.4 U 160084  54950     19
 160478 148065      410.8866    68      414.4569      404.5165  4678676    2.40%         x.42.36 D 160478 160477    177
 160846 148412      409.8966    88      414.4569      404.5181  4688794    2.40%          x.28.0 D 160846 160845     71
 161200 148745      408.4532   102      414.4569      404.5185  4699944    2.40%         x.12.44 D 161200 161199     71
 161630 149154      405.1878    89      414.4569      404.5190  4709461    2.40%          x.29.4 D 161630 161629     16
 162000 149508      411.7374    77      414.4569      404.5200  4719195    2.40%          x.5.25 D 162000 161999    164
 162362 149835      412.2929    80      414.4569      404.5211  4730072    2.40%          x.50.2 D 162362 162361    201
 162728 150179      413.4579    75      414.4569      404.5217  4739588    2.40%         x.44.49 D 162728 162727    175
 163133 150544      413.1563    71      414.4569      404.5227  4749718    2.40%         x.50.22 N 163133 163132    211
 163472 150849      413.3334    78      414.4569      404.5237  4758791    2.40%          x.50.3 D 163472 163471    108
Elapsed time = 1415.12 sec. (1548202.55 ticks, tree = 7306.34 MB, solutions = 19)
Nodefile size = 5259.21 MB (5235.48 MB after compression)
 163843 151189      408.3560    80      414.4569      404.5240  4768106    2.40%          x.12.2 D 163843 163842     86
 164247 151572      413.8864    71      414.4569      404.5248  4777734    2.40%         x.50.26 D 164247 164246    106
 164622 151918      406.6885    86      414.4569      404.5254  4786945    2.40%          x.47.4 D 164622 164621     53
 164974 152234      405.7221    89      414.4569      404.5283  4797129    2.40%          x.3.24 D 164974 164973     53
 165380 152618      407.2717    82      414.4569      404.5287  4806548    2.40%          x.22.4 D 165380 165379     17
 165712 152925      411.5780    89      414.4569      404.5297  4816804    2.40%          x.34.4 D 165712 165711     23
 166000 153192      406.1140    80      414.4569      404.5308  4824215    2.39%          x.17.4 D 166000 165999     50
 166376 153516      405.5944    93      414.4569      404.5320  4835247    2.39%          x.22.4 D 166376 166375     28
 166775 153906      411.6207    72      414.4569      404.5322  4844050    2.39%         x.34.27 D 166775 166774    124
 167118 154223      413.3011    72      414.4569      404.5327  4854556    2.39%         x.43.49 D 167118 167117    144
Elapsed time = 1451.66 sec. (1586568.03 ticks, tree = 7500.22 MB, solutions = 19)
Nodefile size = 5452.72 MB (5428.20 MB after compression)
 167461 154532      408.4693    87      414.4569      404.5338  4865083    2.39%          x.50.9 D 167461 167460    110
 167798 154833      409.9244    87      414.4569      404.5344  4876507    2.39%         x.39.58 U 167798 167797     64
 168198 155205      409.3306    75      414.4569      404.5351  4887314    2.39%         x.42.53 D 168198 168197    103
 168558 155541      412.4526    75      414.4569      404.5357  4897027    2.39%         x.13.25 D 168558 168557    138
 168929 155885      407.4205    84      414.4569      404.5379  4906795    2.39%         x.28.32 D 168929 168928    138
 169260 156180      411.8493    79      414.4569      404.5383  4917767    2.39%         x.12.31 D 169260 169259     56
 169607 156491      413.1054    86      414.4569      404.5387  4927457    2.39%         x.31.19 U 169607 169606     53
 170000 156835      408.0696    80      414.4569      404.5401  4937462    2.39%         x.28.15 D 170000 169999    126
 170354 157163      406.3056    85      414.4569      404.5418  4948991    2.39%         x.29.24 D 170354 170353     23
 170710 157498      411.3650    76      414.4569      404.5421  4959362    2.39%          x.25.6 D 170710 170708     62
Elapsed time = 1488.21 sec. (1624784.76 ticks, tree = 7689.11 MB, solutions = 19)
Nodefile size = 5641.72 MB (5616.46 MB after compression)
 171028 157772      410.3260    88      414.4569      404.5440  4970405    2.39%          x.29.4 D 171028 171027     28
 171420 158137      410.7006    88      414.4569      404.5447  4979924    2.39%          x.37.4 N 171420 171419     46
 171781 158468      413.8986    79      414.4569      404.5453  4989525    2.39%         x.44.49 D 171781 171780     89
 172168 158830      412.4796    69      414.4569      404.5460  4999788    2.39%         x.38.25 D 172168 172167    152
 172506 159147      409.9454    77      414.4569      404.5472  5010191    2.39%         x.37.27 D 172506 172505    128
 172882 159497      408.5226    77      414.4569      404.5479  5019604    2.39%         x.24.27 D 172882 172881    140
 173238 159822      408.3657    77      414.4569      404.5486  5030223    2.39%         x.43.19 U 173238 173237     62
 173580 160123        cutoff            414.4569      404.5499  5040673    2.39%          x.2.24 U 173580 173578     37
 173910 160428      411.7175    90      414.4569      404.5501  5050561    2.39%          x.25.4 U 173910  26277     13
 174206 160672      405.5101    94      414.4569      404.5515  5062122    2.39%         x.32.24 D 174206 174205     22
Elapsed time = 1526.75 sec. (1663025.24 ticks, tree = 7873.01 MB, solutions = 19)
Nodefile size = 5825.23 MB (5799.22 MB after compression)
 174631 161073      411.8086    67      414.4569      404.5523  5071211    2.39%         x.22.59 D 174631 174630    151
 175037 161457      414.3066    89      414.4569      404.5532  5080034    2.39%          x.12.7 U 175037 175035     44
 175413 161792      406.3701    80      414.4569      404.5543  5090543    2.39%         x.26.24 D 175413 175412     74
 175760 162105      411.5581    79      414.4569      404.5552  5102039    2.39%           x.4.6 D 175760 175759     69
 176082 162367      407.1811    89      414.4569      404.5572  5113346    2.39%          x.34.4 D 176082 176081     18
 176473 162716      411.4954    87      414.4569      404.5578  5122925    2.39%          x.29.4 U 176473  34879     19
 176895 163114      412.9575    84      414.4569      404.5582  5132526    2.39%          x.13.9 N 176895 176894    195
 177290 163477      407.2379    89      414.4569      404.5589  5141790    2.39%          x.35.4 D 177290 177289     51
 177710 163876      408.0063    98      414.4569      404.5594  5151261    2.39%         x.12.14 D 177710 177709     93
 178082 164218      412.9490    78      414.4569      404.5605  5161760    2.39%          x.35.4 D 178082 178081     70
Elapsed time = 1567.17 sec. (1701300.64 ticks, tree = 8079.33 MB, solutions = 19)
Nodefile size = 6032.08 MB (6005.48 MB after compression)
 178489 164587        cutoff            414.4569      404.5610  5171459    2.39%          x.0.49 U 178489 178487    175
 178804 164875      405.8364    87      414.4569      404.5630  5181621    2.39%          x.34.4 D 178804 178803     20
 179186 165235      408.8550    78      414.4569      404.5641  5191202    2.39%         x.15.27 D 179186 179185     94
 179560 165584      409.8826    87      414.4569      404.5644  5201219    2.39%         x.28.45 D 179560 179559    119
 179958 165961      410.6322    81      414.4569      404.5648  5210626    2.39%          x.50.3 D 179958 179956     66
 180301 166269      411.4049    85      414.4569      404.5658  5220467    2.39%          x.29.4 U 180301 180299     42
 180624 166552      414.2987    83      414.4569      404.5680  5229767    2.39%         x.31.19 D 180624 180622     28
 181000 166899      411.9190    75      414.4569      404.5692  5239534    2.39%         x.30.49 D 181000 180999    132
 181361 167221      411.5301    85      414.4569      404.5707  5249772    2.39%          x.17.4 U 181361   9387     22
 181680 167483      412.5683    87      414.4569      404.5722  5260601    2.38%         x.33.24 D 181680 181679     45
Elapsed time = 1604.81 sec. (1739592.41 ticks, tree = 8270.03 MB, solutions = 19)
Nodefile size = 6222.78 MB (6195.64 MB after compression)
 182054 167810      408.4963    86      414.4569      404.5738  5269908    2.38%         x.12.18 D 182054 182053     71
 182426 168133      405.1280    89      414.4569      404.5755  5280268    2.38%          x.24.4 D 182426 182425     22
 182788 168472      413.0504    80      414.4569      404.5761  5290059    2.38%          x.12.9 D 182788 182786     36
 183176 168810      410.9527    75      414.4569      404.5784  5300022    2.38%          x.50.3 D 183176 183175     84
 183464 169061      405.5237    90      414.4569      404.5799  5311340    2.38%         x.23.24 D 183464 183463     29
 183799 169335      408.1523    75      414.4569      404.5818  5322547    2.38%         x.38.24 N 183799 183798     28
 184181 169695      408.8605    76      414.4569      404.5827  5332680    2.38%         x.50.15 D 184181 184180     98
 184547 170027      411.9756    86      414.4569      404.5845  5344127    2.38%         x.31.19 U 184547 184546     62
 184900 170346      406.5213    85      414.4569      404.5852  5355108    2.38%         x.47.24 D 184900 184899     37
 185295 170722      412.9410    72      414.4569      404.5855  5364753    2.38%           x.7.9 D 185295 185294    123
Elapsed time = 1642.64 sec. (1777814.75 ticks, tree = 8460.20 MB, solutions = 19)
Nodefile size = 6412.28 MB (6384.63 MB after compression)
 185607 170983      411.9517    89      414.4569      404.5865  5376194    2.38%          x.23.4 U 185607  21887     19
 185950 171298      407.8483    92      414.4569      404.5873  5386933    2.38%         x.12.48 D 185950 185949     67
 186297 171614      411.3152    86      414.4569      404.5880  5396196    2.38%          x.2.24 D 186297 186296     25
 186680 171968      409.3114    76      414.4569      404.5902  5405094    2.38%         x.47.35 D 186680 186679    139
 187016 172274      410.1589    91      414.4569      404.5928  5414574    2.38%         x.12.49 D 187016 187015     57
 187400 172618      410.7611    90      414.4569      404.5940  5423441    2.38%         x.12.57 D 187400 187399     48
 187730 172908      412.5056    64      414.4569      404.5959  5433668    2.38%          x.40.9 D 187730 187729    109
 188028 173158      411.9242    85      414.4569      404.5967  5444499    2.38%         x.57.24 D 188028 188027     39
 188391 173485      405.8618    93      414.4569      404.5986  5454143    2.38%         x.54.24 D 188391 188390     25
 188756 173818      407.5732    86      414.4569      404.6004  5463518    2.38%         x.12.23 D 188756 188755     62
Elapsed time = 1681.24 sec. (1816081.39 ticks, tree = 8642.56 MB, solutions = 19)
Nodefile size = 6595.47 MB (6567.16 MB after compression)
 189114 174130      412.4346    88      414.4569      404.6015  5473434    2.38%         x.42.49 D 189114 189113     53
 189460 174426      413.5980    86      414.4569      404.6036  5483597    2.38%         x.32.24 U 189460 189458     25
 189811 174731      406.4141    76      414.4569      404.6055  5494173    2.38%          x.31.4 D 189811 189810     40
 190180 175072      411.1222    88      414.4569      404.6073  5502980    2.38%         x.12.48 D 190180 190179     44
 190522 175375      413.3232    84      414.4569      404.6081  5511360    2.38%         x.12.49 N 190522 190521     29
 190833 175646      412.4062    88      414.4569      404.6091  5521492    2.38%          x.29.4 U 190833 190831     21
 191175 175949      412.1255    85      414.4569      404.6111  5532278    2.38%          x.35.4 D 191175 191174     47
 191536 176287      413.6111    73      414.4569      404.6115  5541752    2.38%         x.47.35 N 191536 191535    146
 191900 176628      409.2646    81      414.4569      404.6130  5551201    2.38%          x.50.3 D 191900 191899    148
 192230 176916      408.2157    88      414.4569      404.6151  5562592    2.37%          x.22.4 D 192230 192229     45
Elapsed time = 1725.10 sec. (1854420.84 ticks, tree = 8825.58 MB, solutions = 19)
Nodefile size = 6778.30 MB (6749.55 MB after compression)
 192580 177232      411.8672    85      414.4569      404.6163  5572608    2.37%          x.24.4 U 192580  51957     20
 192915 177532      406.7985    80      414.4569      404.6177  5581229    2.37%         x.40.24 D 192915 192914     34
 193278 177861      412.4603    71      414.4569      404.6185  5590681    2.37%         x.24.25 D 193278 193277    184
 193630 178162      412.6701    82      414.4569      404.6208  5601220    2.37%         x.12.28 D 193630 193629     25
 193964 178476      410.0284    86      414.4569      404.6217  5611453    2.37%         x.50.41 D 193964 193963    135
 194300 178764      406.9966    83      414.4569      404.6221  5622101    2.37%         x.21.24 U 194300  97775     29
 194631 179063      405.2770    87      414.4569      404.6236  5632497    2.37%          x.11.4 D 194631 194630     27
 194994 179389      409.6706    71      414.4569      404.6254  5643351    2.37%         x.24.13 D 194994 194993    100
 195384 179754      412.5987    79      414.4569      404.6269  5652835    2.37%         x.33.25 D 195384 195383    156
 195720 180060      406.5502    89      414.4569      404.6280  5663617    2.37%         x.14.24 D 195720 195719     60
Elapsed time = 1767.96 sec. (1892624.48 ticks, tree = 9011.88 MB, solutions = 19)
Nodefile size = 6964.65 MB (6935.23 MB after compression)
 196067 180366      407.3884    85      414.4569      404.6288  5672377    2.37%         x.12.16 D 196067 196066     89
 196474 180753      409.2523    74      414.4569      404.6297  5681556    2.37%         x.47.35 D 196474 196473    101
 196800 181059      409.9324    95      414.4569      404.6302  5691401    2.37%         x.12.20 D 196800 196799     79
 197198 181427      405.8520    82      414.4569      404.6306  5701607    2.37%          x.6.40 D 197198 197197     50
 197584 181787      406.0327    79      414.4569      404.6312  5711679    2.37%          x.6.24 D 197584 197583     78
 197927 182099      406.5883    92      414.4569      404.6324  5721494    2.37%         x.12.52 D 197927 197926     77
 198240 182374      407.0718    91      414.4569      404.6329  5730393    2.37%         x.43.24 D 198240 198239     59
 198601 182716      408.1633    72      414.4569      404.6334  5738169    2.37%         x.40.54 D 198601 198600    109
 198990 183079      412.9560    77      414.4569      404.6338  5747910    2.37%         x.29.26 D 198990 198989    193
 199333 183385      411.2733    73      414.4569      404.6347  5756893    2.37%         x.40.51 D 199333 199332    121
Elapsed time = 1813.01 sec. (1930983.86 ticks, tree = 9209.38 MB, solutions = 19)
Nodefile size = 7162.11 MB (7132.01 MB after compression)
 199710 183722      405.2630    96      414.4569      404.6353  5766816    2.37%         x.46.24 D 199710 199709     33
 200070 184055        cutoff            414.4569      404.6370  5776949    2.37%         x.12.59 U 200070 200068     44
 200489 184454      407.7410    78      414.4569      404.6378  5785660    2.37%         x.47.35 D 200489 200488    105
 200842 184784      409.3860    91      414.4569      404.6386  5796451    2.37%         x.31.19 D 200842 200841     92
 201200 185109      413.9016    73      414.4569      404.6393  5806402    2.37%         x.30.49 D 201200 201199    185
 201567 185440      413.0999    76      414.4569      404.6405  5816944    2.37%         x.19.57 U 201567 201566    111
 201949 185788      405.7656    91      414.4569      404.6412  5827402    2.37%          x.34.4 D 201949 201948     27
 202305 186123      413.6427    75      414.4569      404.6416  5836065    2.37%         x.50.18 D 202305 202303     90
 202687 186455      411.9319    76      414.4569      404.6432  5845924    2.37%         x.40.54 D 202687 202686    139
 203082 186829      412.9393    89      414.4569      404.6438  5855489    2.37%          x.34.4 U 203082 203079     15
Elapsed time = 1854.96 sec. (1969318.59 ticks, tree = 9414.77 MB, solutions = 19)
Nodefile size = 7367.18 MB (7336.41 MB after compression)
 203460 187187      409.0457    85      414.4569      404.6452  5865446    2.37%          x.37.4 D 203460 203459     39
 203758 187457      405.8933    89      414.4569      404.6458  5873887    2.37%         x.12.39 D 203758 203757     99
 204034 187703      411.9479    86      414.4569      404.6466  5883821    2.37%         x.54.24 D 204034 204033     31
 204428 188058      406.0803    84      414.4569      404.6470  5893804    2.37%         x.58.24 D 204428 204427     34
 204766 188345      413.6571    92      414.4569      404.6493  5904438    2.37%          x.27.6 D 204766 204765     29
 205110 188664      408.2966    79      414.4569      404.6496  5913679    2.37%         x.28.33 D 205110 205109     99
 205524 189031      411.9308    76      414.4569      404.6505  5923568    2.37%          x.48.3 U 205524 205523    188
 205813 189295      411.5796    78      414.4569      404.6517  5933965    2.37%         x.33.25 D 205813 205812     89
 206122 189573      411.2375    80      414.4569      404.6524  5942457    2.37%         x.28.51 D 206122 206121    102
 206460 189879      409.2558    78      414.4569      404.6534  5951990    2.37%         x.50.41 D 206460 206459     67
Elapsed time = 1893.96 sec. (2007587.30 ticks, tree = 9597.41 MB, solutions = 19)
Nodefile size = 7549.54 MB (7518.28 MB after compression)
 206768 190130      410.7383    84      414.4569      404.6544  5962969    2.37%         x.28.35 D 206768 206767     94
 207136 190474      410.5333    74      414.4569      404.6557  5971935    2.36%          x.50.1 D 207136 207135    160
 207488 190795      413.9518    73      414.4569      404.6564  5981490    2.36%         x.28.26 D 207488 207487     39
 207869 191141      412.8378    66      414.4569      404.6577  5990995    2.36%         x.29.49 D 207869 207868    171
 208260 191507      410.7184    77      414.4569      404.6588  6000101    2.36%         x.15.27 D 208260 208259     92
 208603 191811      412.8884    86      414.4569      404.6604  6009972    2.36%         x.15.49 D 208603 208602     62
 208890 192065      413.7655    66      414.4569      404.6608  6020152    2.36%         x.25.49 D 208890 208889     78
 209200 192335      411.9021    84      414.4569      404.6618  6029475    2.36%         x.30.24 D 209200 209199     69
 209597 192709      411.3821    76      414.4569      404.6622  6039277    2.36%         x.50.41 D 209597 209596    102
 209975 193050      405.5328    86      414.4569      404.6638  6049543    2.36%         x.18.24 D 209975 209974     47
Elapsed time = 1933.47 sec. (2046022.77 ticks, tree = 9787.92 MB, solutions = 19)
Nodefile size = 7740.80 MB (7709.17 MB after compression)
 210300 193358      411.8467    88      414.4569      404.6641  6058965    2.36%         x.14.24 D 210300 210299     55
 210634 193669      413.7077    74      414.4569      404.6644  6068069    2.36%          x.34.3 D 210634 210633    189
 210953 193943      406.8089    89      414.4569      404.6656  6078666    2.36%         x.21.24 D 210953 210952     45
 211326 194262      412.1526   100      414.4569      404.6666  6087814    2.36%         x.47.24 D 211326 211325     27
 211664 194560      411.7542    80      414.4569      404.6687  6097642    2.36%          x.17.4 N 211664  21778     23
 212020 194877      408.9387    97      414.4569      404.6699  6106750    2.36%         x.49.24 D 212020 212019     37
 212350 195165      407.7927    92      414.4569      404.6711  6116697    2.36%         x.53.24 D 212350 212348     30
 212680 195469      407.9351    90      414.4569      404.6722  6125289    2.36%         x.14.24 D 212680 212679     51
 213010 195765      412.7236    84      414.4569      404.6734  6135518    2.36%         x.12.28 D 213010 213009     56
 213380 196087      412.5124    87      414.4569      404.6740  6144345    2.36%         x.12.28 D 213380 213379     35
Elapsed time = 1976.09 sec. (2084313.82 ticks, tree = 9971.16 MB, solutions = 19)
Nodefile size = 7923.78 MB (7891.64 MB after compression)
 213679 196332      408.3103    84      414.4569      404.6763  6154166    2.36%         x.28.44 D 213679 213678     89
 214000 196611      405.9618    87      414.4569      404.6767  6161580    2.36%         x.12.14 D 214000 213999     87
 214373 196964      411.5356    73      414.4569      404.6769  6171976    2.36%          x.33.3 U 214373 214372     80
 214771 197331      406.6895    92      414.4569      404.6772  6181301    2.36%         x.11.24 D 214771 214770     32
 215150 197693      409.6051    80      414.4569      404.6774  6190204    2.36%         x.28.53 D 215150 215149    121
 215470 197984      409.6600    75      414.4569      404.6782  6199583    2.36%          x.6.40 U 215470 215469     64
 215780 198255      410.8344    82      414.4569      404.6787  6208526    2.36%         x.30.24 D 215780 215779     66
 216137 198567      413.1205    83      414.4569      404.6802  6218286    2.36%         x.15.27 D 216137 216136     54
 216490 198842      407.3752    81      414.4569      404.6827  6228623    2.36%         x.57.24 D 216490 216489     24
 216828 199146      410.8575    83      414.4569      404.6838  6238580    2.36%         x.12.49 D 216828 216827     51
Elapsed time = 2013.89 sec. (2122591.30 ticks, tree = 10156.31 MB, solutions = 19)
Nodefile size = 8109.22 MB (8076.52 MB after compression)
 217205 199501      412.9858    85      414.4569      404.6842  6247466    2.36%          x.12.0 D 217205 217204     57
 217530 199775      409.0509    79      414.4569      404.6857  6257312    2.36%          x.3.49 D 217530 217529    144
 217880 200099      413.5648    88      414.4569      404.6864  6266868    2.36%          x.27.6 D 217880 217879     30
 218253 200435      407.1600    78      414.4569      404.6873  6277064    2.36%         x.46.24 D 218253 218252     42
 218591 200738      411.5694    76      414.4569      404.6886  6286992    2.36%          x.33.3 U 218591 218590    133
 218930 201045      409.3901    89      414.4569      404.6894  6296747    2.36%         x.28.16 D 218930 218929     91
 219255 201339      410.7922    75      414.4569      404.6901  6307146    2.36%         x.28.26 D 219255 219254     59
 219585 201648      406.3382   100      414.4569      404.6910  6318076    2.36%          x.31.4 D 219585 219584     25
 219952 201988      406.8507    78      414.4569      404.6916  6325926    2.36%         x.28.21 D 219952 219951    129
 220302 202314      406.8908    92      414.4569      404.6918  6335179    2.36%          x.54.4 D 220302 220301     91
Elapsed time = 2052.13 sec. (2160836.37 ticks, tree = 10348.86 MB, solutions = 19)
Nodefile size = 8301.01 MB (8267.77 MB after compression)
 220658 202640      408.4585    89      414.4569      404.6923  6345673    2.36%         x.28.26 D 220658 220657    101
 220962 202913      409.6353    95      414.4569      404.6938  6355021    2.36%         x.49.24 D 220962 220961     37
 221315 203236      408.9123    83      414.4569      404.6943  6363961    2.36%          x.28.3 D 221315 221314     75
 221689 203590      412.8626    85      414.4569      404.6958  6373111    2.36%          x.9.50 D 221689 221688     65
 222074 203952      411.4690    75      414.4569      404.6962  6381567    2.36%          x.3.25 D 222074 222073    140
 222400 204223      408.1307    78      414.4569      404.6976  6392084    2.35%          x.35.4 D 222400 222399     62
 222766 204556      410.3419    86      414.4569      404.6987  6401819    2.35%          x.43.4 D 222766 222765     52
 223150 204919      409.8221    81      414.4569      404.6990  6410785    2.35%         x.37.27 D 223150 223149     95
 223511 205240      412.3763    87      414.4569      404.6997  6420976    2.35%         x.15.24 D 223511 223510     41
 223918 205617      411.2374    96      414.4569      404.7002  6430541    2.35%         x.12.15 D 223918 223917     57
Elapsed time = 2092.09 sec. (2199153.38 ticks, tree = 10550.22 MB, solutions = 19)
Nodefile size = 8502.98 MB (8468.91 MB after compression)
 224278 205941      412.3971    80      414.4569      404.7007  6439421    2.35%           x.7.9 D 224278 224277     88
 224618 206253      412.9611    81      414.4569      404.7019  6448620    2.35%         x.15.27 D 224618 224617     33
 224997 206589      407.1818    88      414.4569      404.7025  6458264    2.35%          x.3.24 D 224997 224996     28
 225346 206907      413.6215    81      414.4569      404.7028  6467283    2.35%         x.13.25 D 225346 225345    133
 225696 207228      407.5445    81      414.4569      404.7039  6476892    2.35%         x.26.24 D 225696 225695     76
 226005 207518      406.9311    92      414.4569      404.7042  6486511    2.35%          x.43.4 D 226005 226004     58
 226400 207891      407.9476    88      414.4569      404.7047  6494576    2.35%          x.24.4 D 226400 226399     42
 226742 208192      406.4315    90      414.4569      404.7063  6504752    2.35%         x.12.34 D 226742 226741     60
 227085 208514      407.7077    88      414.4569      404.7072  6513553    2.35%         x.12.24 D 227085 227084     23
 227430 208834      412.1973    87      414.4569      404.7079  6523061    2.35%          x.14.4 D 227430 227429     38
Elapsed time = 2138.96 sec. (2237372.88 ticks, tree = 10746.95 MB, solutions = 19)
Nodefile size = 8699.69 MB (8664.92 MB after compression)
 227774 209155      411.0555    69      414.4569      404.7089  6533212    2.35%          x.33.3 U 227774 227773    163
 228143 209504      412.1862    90      414.4569      404.7092  6542498    2.35%         x.15.49 D 228143 228142     21
 228533 209872      410.6524    92      414.4569      404.7095  6550949    2.35%          x.6.40 U 228533 228532     95
 228899 210212      406.5947    82      414.4569      404.7102  6560348    2.35%         x.15.27 D 228899 228898     53
 229200 210486      410.3282    92      414.4569      404.7109  6570514    2.35%          x.47.4 D 229200 229199     53
 229500 210735      411.6147    93      414.4569      404.7123  6582219    2.35%         x.46.24 D 229500 229499     35
 229823 211018      411.7464    85      414.4569      404.7129  6591126    2.35%         x.47.24 D 229823 229822     26
 230133 211287      413.9983    84      414.4569      404.7132  6600644    2.35%         x.15.24 U 230133 230131     18
 230473 211598      412.4746    78      414.4569      404.7135  6609853    2.35%           x.7.9 D 230473 230472    154
 230874 211969      411.8475    78      414.4569      404.7137  6619374    2.35%           x.6.4 D 230874 230873     45
Elapsed time = 2178.67 sec. (2275740.80 ticks, tree = 10939.19 MB, solutions = 19)
Nodefile size = 8891.79 MB (8856.13 MB after compression)
 231200 212265      412.0913    65      414.4569      404.7144  6630108    2.35%         x.47.35 D 231200 231199     77
 231569 212608      413.1962    81      414.4569      404.7151  6640624    2.35%         x.37.17 U 231569 231566     39
 231880 212889      411.4363    76      414.4569      404.7164  6650376    2.35%         x.28.28 D 231880 231879     74
 232248 213224      411.1292    85      414.4569      404.7176  6659228    2.35%         x.12.46 D 232248 232247     60
 232623 213570      406.7061    78      414.4569      404.7183  6668194    2.35%         x.12.49 D 232623 232622     52
 232991 213928      410.1767    73      414.4569      404.7188  6676011    2.35%         x.13.17 D 232991 232990    143
 233300 214214      405.3755    91      414.4569      404.7192  6685489    2.35%          x.2.24 U 233300  86329     20
 233593 214487      410.5080    89      414.4569      404.7197  6695712    2.35%         x.39.24 D 233593 233592     47
 233933 214803      410.0549    92      414.4569      404.7204  6704907    2.35%          x.50.3 D 233933 233932    151
 234258 215106      410.8133    86      414.4569      404.7214  6714386    2.35%          x.14.4 D 234258 234257     53
Elapsed time = 2217.19 sec. (2314004.35 ticks, tree = 11132.07 MB, solutions = 19)
Nodefile size = 9084.51 MB (9048.11 MB after compression)
 234580 215394      407.0396    88      414.4569      404.7227  6724513    2.35%          x.27.6 D 234580 234579     49
 234920 215689      414.0959    78      414.4569      404.7231  6734045    2.35%         x.28.35 D 234920 234919     59
 235282 216019      413.2749    82      414.4569      404.7244  6743740    2.35%         x.28.52 D 235282 235281    137
 235609 216316      414.0887    53      414.4569      404.7254  6753264    2.35%          x.5.31 D 235609 235608    169
 235959 216629      407.7307    77      414.4569      404.7260  6763036    2.35%         x.28.10 D 235959 235958     69
 236324 216970      412.3648    86      414.4569      404.7265  6772188    2.35%          x.38.6 D 236324 236323     47
 236701 217328      412.3121    77      414.4569      404.7270  6780529    2.35%         x.19.57 U 236701 236700    151
 237053 217643      408.1645    84      414.4569      404.7281  6791052    2.35%         x.57.49 D 237053 237052     69
 237313 217883      410.6688    87      414.4569      404.7295  6800456    2.35%         x.23.24 D 237313 237312     32
 237650 218173      407.8187    85      414.4569      404.7312  6811060    2.35%         x.23.24 D 237650 237648     31
Elapsed time = 2255.37 sec. (2352210.75 ticks, tree = 11321.35 MB, solutions = 19)
Nodefile size = 9273.61 MB (9236.08 MB after compression)
 237990 218475      407.7581    92      414.4569      404.7318  6821544    2.35%         x.39.24 D 237990 237988     57
 238263 218705      414.3921    74      414.4569      404.7331  6831413    2.35%          x.29.3 D 238263 238262    105
 238639 219041      406.0432    89      414.4569      404.7340  6841092    2.35%          x.11.4 D 238639 238638     44
 238974 219323      410.9550    85      414.4569      404.7350  6850523    2.35%           x.3.4 U 238974  11271     21
 239329 219649      409.5436    88      414.4569      404.7361  6859027    2.35%          x.50.3 D 239329 239328    143
 239689 219982      406.2108    91      414.4569      404.7367  6869008    2.35%         x.54.24 U 239689  95462     27
 240000 220269      410.4516    71      414.4569      404.7370  6879166    2.35%         x.35.26 D 240000 239999     85
 240340 220576      411.0730    88      414.4569      404.7377  6890096    2.35%         x.12.47 D 240340 240339     63
