proble size: m = 5 , n = 5 , seed = 7 
Benders' cuts separated to cut off: Integer and fractional infeasible solutions.
seed = 7
Version identifier: 20.1.0.0 | 2020-11-10 | 9bedb6d68
CPXPARAM_Threads                                 1
CPXPARAM_RandomSeed                              7
CPXPARAM_MIP_Strategy_CallbackReducedLP          0
CPXPARAM_MIP_Strategy_Search                     1
CPXPARAM_TimeLimit                               3600
CPXPARAM_MIP_Tolerances_AbsMIPGap                0
CPXPARAM_MIP_Tolerances_MIPGap                   0
Legacy callback                                  LU
Tried aggregator 1 time.
Reduced MIP has 60 rows, 3660 columns, and 3600 nonzeros.
Reduced MIP has 3600 binaries, 0 generals, 0 SOSs, and 0 indicators.
Presolve time = 0.00 sec. (1.40 ticks)
Probing time = 0.00 sec. (3.60 ticks)
Clique table members: 60.
MIP emphasis: balance optimality and feasibility.
MIP search method: traditional branch-and-cut.
Parallel mode: none, using 1 thread.
Root relaxation solution time = 0.00 sec. (0.75 ticks)

        Nodes                                         Cuts/
   Node  Left     Objective  IInf  Best Integer    Best Bound    ItCnt     Gap         Variable B NodeID Parent  Depth

      0     0        0.0000    48                      0.0000        0         
*     0+    0                         1768.9771        0.0000           100.00%
*     0+    0                         1306.3969        0.0000           100.00%
      0     0      185.5316    82     1306.3969     Fract: 36      273   85.80%
*     0+    0                         1178.5352      185.5316            84.26%
*     0+    0                          824.8641      185.5316            77.51%
      0     0      329.6786    86      824.8641     Fract: 27      410   60.03%
*     0+    0                          764.2315      329.6786            56.86%
      0     0      385.5786    98      764.2315 UserPurge2: 26      454   49.55%
*     0+    0                          558.4281      385.5786            30.95%
      0     0      392.9665    92      558.4281 UserPurge2: 10      482   29.63%
*     0+    0                          446.8542      392.9665            12.06%
      0     0      393.1415    93      446.8542 UserPurge2: 1      485   12.02%
*     0+    0                          442.6094      393.1415            11.18%
*     0+    0                          418.4325      393.1415             6.04%
      0     2      393.2792    97      418.4325      393.2816      485    6.01%                        0             0
Elapsed time = 0.18 sec. (205.20 ticks, tree = 0.01 MB, solutions = 9)
*    10+   10                          414.6798      403.4365             2.71%
     10    12      405.1851    90      414.6798      403.4365     1837    2.71%          x.6.40 N     10      8      6
     22    24      408.4998    76      414.6798      403.4365     3132    2.71%          x.27.6 N     22     20     14
     32    34      408.3278    72      414.6798      403.4365     3887    2.71%         x.47.35 N     32     30     22
     48    50      408.9429    73      414.6798      403.4365     4850    2.71%         x.14.27 N     48     47     34
     61    63      409.7592    75      414.6798      403.4365     5892    2.71%         x.12.12 N     61     60     43
     77    79      411.2290    66      414.6798      403.4365     6984    2.71%         x.35.11 N     77     75     54
     91    93      411.9120    61      414.6798      403.4365     7703    2.71%         x.44.29 N     91     88     64
    113   107      414.1488    52      414.6798      403.4365     8477    2.71%         x.58.15 N    113    111     81
    130   116      407.2024    91      414.6798      403.5447     9481    2.69%          x.40.9 N    130    129      8
    184   170      413.1671    75      414.6798      403.5447    12761    2.69%          x.6.59 N    184    181     45
Elapsed time = 2.89 sec. (3503.23 ticks, tree = 2.31 MB, solutions = 10)
    259   230      413.0140    74      414.6798      403.5763    16090    2.68%          x.8.14 N    259    258     48
    355   313      407.2084    90      414.6798      403.8881    20292    2.60%         x.15.27 D    355    354     17
    439   393      411.5172    83      414.6798      403.9967    25877    2.58%          x.3.19 N    439    438     34
    551   491      412.8105    72      414.6798      404.0744    31000    2.56%         x.28.58 N    551    550     69
    634   552      413.0467    80      414.6798      404.0855    34484    2.55%          x.9.12 D    634    633     40
    731   641      412.7057    86      414.6798      404.2464    39915    2.52%          x.30.5 N    731    730     42
    816   721      412.8231    64      414.6798      404.4080    44867    2.48%          x.48.3 D    816    815     57
    922   809      413.1076    77      414.6798      404.4386    50038    2.47%         x.52.39 N    922    921     55
   1035   913      409.1548    92      414.6798      404.4726    55953    2.46%         x.18.13 D   1035   1034     33
   1133  1002      407.0883    90      414.6798      404.4824    59619    2.46%          x.27.6 U   1133   1131     13
Elapsed time = 10.24 sec. (13087.60 ticks, tree = 19.88 MB, solutions = 10)
   1239  1103      413.9549    56      414.6798      404.4824    64295    2.46%         x.27.37 N   1239   1238     97
   1342  1192      407.9000    91      414.6798      404.5781    69659    2.44%         x.12.36 U   1342   1341     24
   1449  1290      413.4730    45      414.6798      404.5781    72664    2.44%          x.55.4 N   1449   1448    130
   1537  1368      412.5257    88      414.6798      404.6058    78433    2.43%         x.45.12 D   1537   1536     41
   1627  1447      410.8713    93      414.6798      404.6660    83108    2.41%         x.44.36 D   1627   1626     26
   1737  1543      406.0156    91      414.6798      404.7386    88945    2.40%         x.12.36 D   1737   1736     13
   1841  1644      412.3028    56      414.6798      404.7386    94225    2.40%         x.45.47 N   1841   1840     87
   1980  1755        cutoff            414.6798      404.7512    98567    2.39%          x.27.2 D   1980   1978     87
   2090  1855      412.6278    82      414.6798      404.7847   104171    2.39%         x.59.26 U   2090   2089     43
   2200  1952      414.2029    77      414.6798      404.7922   109670    2.38%          x.48.3 N   2200   2199     56
Elapsed time = 17.42 sec. (22665.48 ticks, tree = 43.76 MB, solutions = 10)
   2311  2048      407.8248    94      414.6798      404.8057   115305    2.38%          x.9.50 N   2311   2310     21
   2429  2155      407.5103    92      414.6798      404.8524   120736    2.37%         x.31.19 D   2429   2428     22
   2547  2266      414.0343    65      414.6798      404.8590   125329    2.37%         x.44.21 N   2547   2546     50
   2647  2356      412.6232    94      414.6798      404.8900   130529    2.36%         x.57.27 D   2647   2646     47
   2760  2453      407.4312    86      414.6798      404.9032   136307    2.36%          x.25.6 U   2760    224     14
   2896  2582      412.4567    50      414.6798      404.9125   141471    2.36%          x.16.1 N   2896   2895    102
   3012  2677      407.4931    88      414.6798      404.9258   145400    2.35%          x.27.6 U   3012   3010      9
   3121  2770      408.2970    93      414.6798      404.9565   151537    2.34%          x.3.36 N   3121   3120     15
   3224  2868      413.2107    69      414.6798      404.9723   156016    2.34%         x.44.41 N   3224   3223     88
   3368  2990      413.6184    39      414.6798      404.9996   160597    2.33%         x.17.21 D   3368   3367    109
Elapsed time = 24.55 sec. (32273.90 ticks, tree = 72.37 MB, solutions = 10)
   3488  3093      411.9047    78      414.6798      405.0090   165483    2.33%         x.20.20 D   3488   3487     67
   3605  3190      412.4154    93      414.6798      405.0382   170126    2.33%         x.19.19 N   3605   3604     20
   3700  3271      407.5684    94      414.6798      405.0562   175323    2.32%         x.43.19 D   3700   3699     21
   3817  3375      406.0654    87      414.6798      405.0806   181087    2.31%           x.2.6 D   3817   3816     17
   3918  3461      414.2157    78      414.6798      405.0922   186325    2.31%         x.42.36 N   3918   3917     40
   4028  3557      413.4024    85      414.6798      405.1097   191877    2.31%         x.52.24 N   4028   4026     28
   4166  3687      413.2742    59      414.6798      405.1171   196418    2.31%         x.25.48 D   4166   4165    129
   4276  3787      408.3526    92      414.6798      405.1395   200788    2.30%          x.3.36 D   4276   4275     30
   4376  3876      413.7377    92      414.6798      405.1429   206535    2.30%         x.40.29 N   4376   4375     24
   4471  3959      412.7663    69      414.6798      405.1443   211217    2.30%          x.3.49 D   4471   4470     56
Elapsed time = 31.65 sec. (41879.42 ticks, tree = 101.17 MB, solutions = 10)
   4586  4059      410.2549    87      414.6798      405.1482   216666    2.30%         x.15.27 D   4586   4585     17
   4694  4157      413.1147    78      414.6798      405.1491   221972    2.30%         x.45.58 N   4694   4693     48
   4800  4244      414.4442    66      414.6798      405.1575   227718    2.30%         x.58.15 D   4800   4798     41
   4903  4333      414.3294    78      414.6798      405.1761   233111    2.29%          x.6.59 D   4903   4902     42
   5000  4410      410.0470   100      414.6798      405.1918   238712    2.29%         x.22.27 D   5000   4999     13
   5110  4503      410.7558    92      414.6798      405.2003   244219    2.29%         x.14.27 U   5110   5107     14
   5210  4587      412.1058    86      414.6798      405.2156   249650    2.28%         x.20.20 D   5210   5209     29
   5372  4719      405.6716    88      414.6798      405.2215   253283    2.28%         x.28.35 D   5372   5371      9
   5468  4796      411.6428    89      414.6798      405.2253   258359    2.28%          x.3.36 D   5468   5467     30
   5565  4881      411.7529    87      414.6798      405.2393   264083    2.28%         x.14.27 D   5565   5564     17
Elapsed time = 38.86 sec. (51496.00 ticks, tree = 129.71 MB, solutions = 10)
   5651  4955      411.4161    88      414.6798      405.2487   269367    2.27%          x.1.27 D   5651   5650     31
   5750  5039      413.8996    78      414.6798      405.2581   275016    2.27%         x.13.27 N   5750   5749     33
   5851  5123      408.8542    93      414.6798      405.2753   280561    2.27%         x.28.35 U   5851   5850     15
   5962  5224      412.9397    78      414.6798      405.2780   285611    2.27%         x.59.44 D   5962   5961     58
   6067  5309      407.6167    91      414.6798      405.3139   290106    2.26%          x.10.6 N   6067   6066     15
   6170  5392        cutoff            414.6798      405.3183   295553    2.26%         x.24.19 U   6170   6168     30
   6277  5488      408.5239    88      414.6798      405.3553   300858    2.25%          x.26.9 D   6277   6276     17
   6390  5588      414.1300    82      414.6798      405.3650   305805    2.25%          x.28.0 D   6390   6389     34
   6477  5667      414.5315    62      414.6798      405.3719   309245    2.24%           x.3.4 N   6477   6476     87
   6594  5761      407.0046    85      414.6798      405.3860   314354    2.24%         x.14.27 D   6594   6593     25
Elapsed time = 46.21 sec. (61100.84 ticks, tree = 157.55 MB, solutions = 10)
   6705  5865      412.1858    88      414.6798      405.3978   319363    2.24%         x.20.20 D   6705   6704     38
   6808  5949      408.6064    86      414.6798      405.4137   324045    2.23%         x.28.41 D   6808   6807     21
   6919  6045        cutoff            414.6798      405.4276   329428    2.23%         x.52.24 U   6919   6918     41
   7020  6133      409.0722    84      414.6798      405.4356   334596    2.23%          x.3.36 D   7020   7019     31
   7126  6227      407.6594    90      414.6798      405.4578   340131    2.22%         x.47.35 D   7126   7123     21
   7200  6297      409.9984    85      414.6798      405.4649   344139    2.22%         x.21.27 D   7200   7199     40
   7313  6394      411.1763    84      414.6798      405.4762   349320    2.22%         x.29.19 D   7313   7312     34
   7420  6481      407.9205    79      414.6798      405.4869   354081    2.22%          x.25.6 D   7420   7419     14
   7521  6574      412.7136    82      414.6798      405.4921   359488    2.22%         x.42.36 U   7521   7520     43
   7618  6657      411.6105    84      414.6798      405.5199   363613    2.21%         x.29.19 N   7618   7617     32
Elapsed time = 53.52 sec. (70678.90 ticks, tree = 186.49 MB, solutions = 10)
   7743  6765      408.9854    97      414.6798      405.5303   367835    2.21%          x.50.9 D   7743   7742     15
   7851  6863      412.6077    85      414.6798      405.5459   373045    2.20%         x.31.19 U   7851   7849     21
   7963  6951      408.6382    96      414.6798      405.5550   378070    2.20%          x.44.9 D   7963   7962     26
   8073  7053      410.2241    94      414.6798      405.5840   383089    2.19%         x.47.35 D   8073   8071     17
   8186  7152      409.7507    78      414.6798      405.5941   388396    2.19%         x.47.35 N   8186   8185     27
   8297  7248      408.7362    94      414.6798      405.6058   393712    2.19%         x.55.40 D   8297   8296     23
   8403  7343      414.5372    80      414.6798      405.6138   399128    2.19%          x.6.40 N   8403   8402     39
   8506  7418      408.3410    90      414.6798      405.6211   404562    2.18%          x.25.6 N   8506   1016     15
   8607  7506      412.7228    78      414.6798      405.6292   410159    2.18%         x.12.36 D   8607   8606     22
   8708  7593      410.8663    94      414.6798      405.6444   415367    2.18%         x.28.35 U   8708   8707     31
Elapsed time = 60.86 sec. (80274.68 ticks, tree = 217.44 MB, solutions = 10)
   8817  7693      414.1143    73      414.6798      405.6476   420618    2.18%         x.55.12 N   8817   8815     30
   8933  7788      408.8419    88      414.6798      405.6523   425313    2.18%           x.1.6 D   8933   8932     41
   9040  7883      408.6021    93      414.6798      405.6549   430643    2.18%         x.12.36 D   9040   9039     25
   9156  7986      413.3209    85      414.6798      405.6565   435909    2.18%         x.18.12 D   9156   9155     41
   9268  8077      414.3887    99      414.6798      405.6711   441132    2.17%           x.2.6 D   9268   9267     18
   9385  8173      405.7378    96      414.6798      405.6840   446028    2.17%         x.28.35 D   9385   4196     15
   9517  8298      414.6013    90      414.6798      405.6871   450397    2.17%         x.42.36 D   9517   9516     45
   9622  8387      411.6166    92      414.6798      405.7069   455348    2.16%         x.32.27 D   9622   9621     33
   9737  8492      412.6301    75      414.6798      405.7096   460278    2.16%           x.1.5 D   9737   9736     69
  10184  8872      408.6367    88      414.6798      405.7486   478619    2.15%         x.14.27 D  10184  10183     22
Elapsed time = 70.43 sec. (92728.61 ticks, tree = 260.82 MB, solutions = 10)
  10609  9250      411.1628    91      414.6798      405.7838   497819    2.15%         x.13.27 D  10609  10608     39
  11063  9658      411.5094    82      414.6798      405.8144   516173    2.14%         x.10.16 U  11063  11062     37
  11579 10103      408.3159    89      414.6798      405.8438   531335    2.13%          x.26.9 D  11579  11578     31
  12052 10508      406.2995    91      414.6798      405.8700   549022    2.12%         x.47.35 N  12052   6404     15
  12519 10908      414.4698    71      414.6798      405.9023   567545    2.12%         x.18.59 U  12519  12517     30
  12957 11290      409.5237    93      414.6798      405.9226   585868    2.11%         x.12.36 D  12957  12954     24
  13412 11693      410.3764    86      414.6798      405.9386   603214    2.11%         x.55.40 N  13412  13411     60
  13850 12076      408.0706    86      414.6798      405.9628   620340    2.10%          x.47.6 D  13850  13849     23
  14353 12519      409.1252    90      414.6798      405.9807   637038    2.10%         x.28.49 D  14353  14352     32
  14840 12960      413.5369    50      414.6798      406.0017   652143    2.09%         x.21.44 D  14840  14839    117
Elapsed time = 99.90 sec. (130954.41 ticks, tree = 404.89 MB, solutions = 10)
  15353 13425      412.3582    90      414.6798      406.0105   665830    2.09%         x.32.27 D  15353  15352     66
  15820 13855      414.4001    57      414.6798      406.0316   681717    2.09%         x.40.54 D  15820  15819    131
  16275 14247      414.1816    70      414.6798      406.0689   699536    2.08%          x.8.14 U  16275  16274     37
  16763 14694      414.6286    80      414.6798      406.0874   715312    2.07%         x.52.24 U  16763  16762     72
  17200 15087      407.2636    86      414.6798      406.1025   730893    2.07%         x.28.37 D  17200  17199     37
  17690 15518      411.8975    80      414.6798      406.1101   746819    2.07%         x.19.57 U  17690  17689     40
  18126 15910      414.4258    88      414.6798      406.1451   762922    2.06%         x.52.24 N  18126  18124     55
  18610 16340      410.2192    87      414.6798      406.1616   779235    2.05%         x.29.19 D  18610  18609     34
  19114 16778      407.9149    87      414.6798      406.1878   795827    2.05%          x.26.9 U  19114  19113     16
  19616 17225      413.0767    64      414.6798      406.2063   810758    2.04%          x.3.22 D  19616  19615    113
Elapsed time = 129.16 sec. (169202.90 ticks, tree = 565.77 MB, solutions = 10)
  20110 17657      413.0185    68      414.6798      406.2249   827546    2.04%         x.35.26 U  20110  20108     44
  20612 18113      413.5070    79      414.6798      406.2294   843913    2.04%          x.3.22 D  20612  20611     83
  21060 18507      407.7793    89      414.6798      406.2443   859877    2.03%          x.27.6 D  21060  21059     18
  21555 18937      407.3339    94      414.6798      406.2649   875691    2.03%          x.50.6 D  21555  21554     19
  22042 19384      408.0824    89      414.6798      406.2781   891515    2.03%         x.28.26 D  22042  22041     19
  22480 19781      408.1876    89      414.6798      406.2895   907366    2.02%         x.57.34 U  22480  22479     60
  22934 20194      414.6444    63      414.6798      406.3019   923455    2.02%         x.12.59 N  22934  22932     45
  23442 20664      413.0988    90      414.6798      406.3222   937882    2.02%          x.46.9 D  23442  23441     39
  23915 21106      413.6347    80      414.6798      406.3277   952926    2.01%         x.52.39 U  23915  23913     31
  24350 21487      409.1332    84      414.6798      406.3392   967503    2.01%          x.10.6 U  24350   2061     15
Elapsed time = 158.93 sec. (207444.75 ticks, tree = 732.62 MB, solutions = 10)
  24800 21896      407.6086    87      414.6798      406.3525   983389    2.01%         x.28.10 D  24800  24799     43
  25172 22226      408.5857    92      414.6798      406.3602  1000984    2.01%         x.12.49 D  25172  25171     29
  25601 22608      409.3211    87      414.6798      406.3644  1015745    2.01%         x.28.43 D  25601  25600     30
  26027 22987      410.4553    90      414.6798      406.3777  1032110    2.00%          x.10.6 N  26027  26026     39
  26462 23383      410.7664    85      414.6798      406.3818  1048879    2.00%          x.26.9 U  26462  26461     52
  26845 23724      410.5944    90      414.6798      406.3951  1063989    2.00%         x.52.24 D  26845  26844     43
  27324 24162      412.0582    70      414.6798      406.4023  1078502    2.00%         x.24.42 N  27324  27323     90
  27865 24636      408.1770    89      414.6798      406.4131  1093661    1.99%          x.38.6 D  27865  27864     24
  28318 25034      412.5126    92      414.6798      406.4165  1110327    1.99%         x.21.27 D  28318  28317     64
  28762 25422      408.8603    84      414.6798      406.4276  1125790    1.99%         x.55.40 D  28762  28761     24
Elapsed time = 188.80 sec. (246043.24 ticks, tree = 892.41 MB, solutions = 10)
  29230 25853      411.1783    74      414.6798      406.4340  1140132    1.99%         x.28.12 D  29230  29229     76
  29750 26326      410.1673    85      414.6798      406.4389  1154637    1.99%         x.34.27 D  29750  29749     63
  30205 26737      410.4975    88      414.6798      406.4490  1170249    1.98%         x.28.11 D  30205  30204     40
  30629 27105      412.3396    78      414.6798      406.4568  1186777    1.98%          x.3.19 U  30629  30628     37
  31060 27495      413.8095    66      414.6798      406.4686  1202512    1.98%          x.3.49 D  31060  31059     87
  31540 27924      412.8722    77      414.6798      406.4771  1218319    1.98%         x.19.57 U  31540  31539     90
  31960 28285      413.9734    87      414.6798      406.4848  1235431    1.98%         x.21.27 N  31960  31959     31
  32351 28614      406.6557    79      414.6798      406.4938  1250003    1.97%         x.20.20 U  32351  32350     15
  32783 28999      412.4967    77      414.6798      406.5017  1265701    1.97%          x.0.12 U  32783  32781     54
  33252 29419        cutoff            414.6798      406.5097  1279870    1.97%         x.42.36 D  33252  33250     84
Elapsed time = 218.63 sec. (284273.49 ticks, tree = 1058.52 MB, solutions = 10)
  33760 29890      409.9264    83      414.6798      406.5134  1295151    1.97%          x.9.50 D  33760  33759     12
  34220 30305      409.4506    80      414.6798      406.5234  1310299    1.97%          x.47.6 N  34220  34219     36
  34669 30695      409.5889    78      414.6798      406.5297  1324672    1.97%         x.28.53 D  34669  34668     28
  35072 31042      408.9942    87      414.6798      406.5363  1340974    1.96%          x.10.6 U  35072    498     17
  35527 31459      409.3254    74      414.6798      406.5398  1355221    1.96%          x.47.6 D  35527  35526     55
  35937 31820      409.6158    85      414.6798      406.5496  1371057    1.96%          x.47.6 D  35937  35936     25
  36369 32214      409.3044    94      414.6798      406.5554  1384433    1.96%         x.14.27 D  36369  36368     20
  36800 32587      408.9573    90      414.6798      406.5634  1399643    1.96%         x.28.16 D  36800  36799     39
  37200 32933      410.3307    82      414.6798      406.5767  1415456    1.95%         x.12.15 D  37200  37199     15
  37730 33415      411.8768    72      414.6798      406.5839  1429120    1.95%         x.22.36 D  37730  37729     63
Elapsed time = 248.26 sec. (322677.02 ticks, tree = 1231.24 MB, solutions = 10)
  38200 33825      409.3828    87      414.6798      406.5931  1443124    1.95%          x.44.9 D  38200  38199     21
  38619 34196      408.2839    78      414.6798      406.5990  1458812    1.95%         x.28.47 D  38619  38618     45
  39140 34681      408.6415    87      414.6798      406.6047  1472362    1.95%          x.9.50 D  39140  39139     24
  39566 35065      413.6311    90      414.6798      406.6097  1486707    1.95%          x.9.11 D  39566  39565     37
  40010 35449      411.7547    73      414.6798      406.6167  1500972    1.94%         x.45.58 D  40010  40009     61
  40478 35874      412.7764    87      414.6798      406.6214  1514744    1.94%         x.31.19 D  40478  40477     74
  40900 36265      414.4821    90      414.6798      406.6277  1529658    1.94%         x.57.34 U  40900  40899     84
  41345 36659      411.3768    67      414.6798      406.6340  1543560    1.94%         x.40.51 D  41345  41344    120
  41760 37014      406.8903    92      414.6798      406.6421  1557740    1.94%         x.20.20 U  41760  41759     13
  42190 37401      408.4427    75      414.6798      406.6469  1572471    1.94%         x.28.36 D  42190  42189     50
Elapsed time = 277.86 sec. (360916.31 ticks, tree = 1407.18 MB, solutions = 10)
  42598 37746      414.3143    67      414.6798      406.6533  1588635    1.94%         x.45.58 D  42598  42597     59
  43010 38099      407.9776    87      414.6798      406.6591  1603570    1.93%         x.28.33 D  43010  43009     30
  43494 38551      408.8366    86      414.6798      406.6623  1616844    1.93%          x.27.6 U  43494  13800     14
  43925 38939      412.3415    51      414.6798      406.6669  1632347    1.93%          x.23.4 D  43925  43924    134
  44296 39266      412.7961    65      414.6798      406.6785  1647577    1.93%          x.6.52 D  44296  44295    105
  44750 39665      412.3585    83      414.6798      406.6864  1660443    1.93%          x.8.12 D  44750  44749     96
  45118 39983      408.8378    87      414.6798      406.6930  1676916    1.93%          x.6.40 D  45118  45117     61
  45493 40324      414.0942    66      414.6798      406.7016  1690995    1.92%         x.13.33 N  45493  45492     55
  45919 40706      407.0325    87      414.6798      406.7110  1704885    1.92%         x.28.17 D  45919  45918     30
  46350 41093      408.0684    92      414.6798      406.7159  1718737    1.92%         x.28.40 D  46350  46349     37
Elapsed time = 307.60 sec. (399118.48 ticks, tree = 1574.66 MB, solutions = 10)
  46837 41552      413.8499    59      414.6798      406.7182  1731787    1.92%         x.20.37 D  46837  46836     78
  47283 41967      409.5778    87      414.6798      406.7226  1744549    1.92%         x.12.47 D  47283  47282     70
  47698 42333      409.6955    86      414.6798      406.7338  1759316    1.92%         x.22.36 D  47698  47697     52
  48140 42731      411.7826    75      414.6798      406.7399  1773012    1.91%          x.1.27 D  48140  48139     33
  48546 43083      412.7301    91      414.6798      406.7472  1788168    1.91%         x.31.19 D  48546  48545     27
  48953 43447      414.3768    54      414.6798      406.7546  1802528    1.91%          x.25.4 D  48953  48952     96
  49377 43830      407.1281    82      414.6798      406.7602  1816438    1.91%         x.28.21 D  49377  49376     58
  49820 44246      409.2710    76      414.6798      406.7619  1829918    1.91%         x.28.59 D  49820  49819     29
  50269 44659      412.9551    61      414.6798      406.7644  1844097    1.91%          x.30.5 N  50269  50268     88
  50692 45049      413.0956    85      414.6798      406.7672  1855988    1.91%         x.22.27 D  50692  50690     26
Elapsed time = 337.39 sec. (437339.76 ticks, tree = 1758.36 MB, solutions = 10)
  51079 45379      410.0438    92      414.6798      406.7754  1869294    1.91%          x.44.9 D  51079  51078     25
  51543 45796      412.7021    76      414.6798      406.7801  1882674    1.91%          x.52.0 N  51543  51540     32
  51934 46131      413.3468    90      414.6798      406.7864  1896786    1.90%         x.40.37 N  51934  51933     77
  52325 46468      412.8583    80      414.6798      406.7932  1911462    1.90%         x.32.27 D  52325  52324     52
  52753 46849      412.6766    82      414.6798      406.8005  1924988    1.90%         x.12.49 D  52753  52752     32
  53202 47263      411.6618    88      414.6798      406.8051  1938065    1.90%         x.19.19 U  53202  53201     22
  53620 47645      414.1541    68      414.6798      406.8085  1952766    1.90%         x.55.12 D  53620  53619     54
  54100 48081      410.1632    84      414.6798      406.8136  1965641    1.90%          x.8.58 D  54100  54099     88
  54473 48410      411.6913    85      414.6798      406.8209  1979609    1.90%         x.12.36 U  54473  54472     45
  54865 48766      408.5377    89      414.6798      406.8260  1992496    1.89%         x.28.15 D  54865  54864     55
Elapsed time = 367.64 sec. (475566.57 ticks, tree = 1935.24 MB, solutions = 10)
  55328 49185      409.5647    85      414.6798      406.8303  2006277    1.89%          x.25.6 U  55328   9774     17
  55726 49538      411.2363    89      414.6798      406.8356  2020714    1.89%         x.13.27 D  55726  55725     54
  56085 49852      412.5199    74      414.6798      406.8402  2036389    1.89%          x.8.14 U  56085  56083     32
  56547 50279      411.5317    67      414.6798      406.8434  2049810    1.89%          x.27.5 D  56547  56546    104
  56996 50675      411.8167    86      414.6798      406.8456  2062605    1.89%          x.1.27 D  56996  56995     29
  57420 51054      411.8266    82      414.6798      406.8542  2076678    1.89%         x.12.55 D  57420  57419     80
  57823 51433      408.5413    85      414.6798      406.8575  2089179    1.89%         x.52.20 D  57823  57822     64
  58197 51762      411.1466    91      414.6798      406.8635  2104609    1.88%         x.47.35 D  58197  58196     35
  58526 52034      408.9658    76      414.6798      406.8703  2119775    1.88%          x.44.6 D  58526  58525     29
  58891 52359      409.9833    88      414.6798      406.8754  2133524    1.88%          x.44.9 D  58891  58890     22
Elapsed time = 397.95 sec. (513805.87 ticks, tree = 2108.60 MB, solutions = 10)
Nodefile size = 61.56 MB (60.68 MB after compression)
  59240 52666      413.5530    62      414.6798      406.8774  2148182    1.88%         x.59.44 D  59240  59238    110
  59655 53036      408.4806    94      414.6798      406.8821  2160436    1.88%         x.28.22 D  59655  59654     36
  60040 53375      408.9900    85      414.6798      406.8876  2173555    1.88%         x.28.58 D  60040  60039     18
  60505 53794      411.6303    56      414.6798      406.8893  2185565    1.88%         x.57.44 D  60505  60504    107
  60890 54135      410.2369    87      414.6798      406.8942  2199311    1.88%         x.24.27 D  60890  60889     24
  61249 54448      410.6528    79      414.6798      406.8976  2212425    1.88%         x.31.19 D  61249  61248     33
  61639 54806      411.2322    87      414.6798      406.9007  2225008    1.88%         x.22.27 D  61639  61638     62
  62028 55138      408.7161    88      414.6798      406.9032  2239781    1.88%          x.40.9 U  62028  42605     13
  62422 55484      414.3654    77      414.6798      406.9076  2252576    1.87%         x.55.40 U  62422  62420     51
  62853 55864      407.7272    80      414.6798      406.9109  2265671    1.87%          x.40.9 N  62853  62852     21
Elapsed time = 429.40 sec. (552028.82 ticks, tree = 2280.13 MB, solutions = 10)
Nodefile size = 232.22 MB (229.07 MB after compression)
  63279 56255      409.5205    92      414.6798      406.9128  2279466    1.87%          x.9.50 D  63279  63278     24
  63692 56608      409.0843    94      414.6798      406.9181  2293379    1.87%          x.3.36 D  63692  63691     33
  64070 56925      411.4346    78      414.6798      406.9234  2307997    1.87%         x.52.39 D  64070  64069     38
  64469 57278      412.7579    75      414.6798      406.9269  2321027    1.87%         x.18.44 D  64469  64468     72
  64853 57616      409.4781    86      414.6798      406.9291  2334908    1.87%         x.24.27 D  64853  64852     25
  65230 57949      411.4772    82      414.6798      406.9339  2348764    1.87%         x.47.35 U  65230  65229     57
  65612 58277      408.5449    84      414.6798      406.9363  2361951    1.87%          x.10.6 D  65612  65611     27
  66017 58635      413.5829    85      414.6798      406.9400  2374766    1.87%         x.31.19 D  66017  66016     51
  66392 58966      411.8664    80      414.6798      406.9449  2389853    1.87%         x.12.48 D  66392  66391     35
  66843 59377      411.6354    76      414.6798      406.9478  2402476    1.86%          x.9.12 D  66843  66842     87
Elapsed time = 460.77 sec. (590255.06 ticks, tree = 2454.09 MB, solutions = 10)
Nodefile size = 406.61 MB (401.31 MB after compression)
  67276 59764      412.2207    84      414.6798      406.9539  2415687    1.86%         x.14.27 D  67276  67275     37
  67655 60083      410.7881    98      414.6798      406.9585  2429553    1.86%         x.52.45 D  67655  67654     43
  68074 60467      410.1478    77      414.6798      406.9632  2442906    1.86%         x.28.35 D  68074  68073     22
  68400 60750      408.1248    82      414.6798      406.9663  2458089    1.86%         x.12.48 D  68400  68399     22
  68813 61105      409.4620    96      414.6798      406.9722  2472284    1.86%          x.50.6 D  68813  68812     23
  69251 61493      412.8883    69      414.6798      406.9749  2485299    1.86%         x.45.12 D  69251  69250     88
  69708 61916      414.4636    59      414.6798      406.9773  2496856    1.86%         x.43.37 D  69708  69707    119
  70090 62243      409.4786    88      414.6798      406.9812  2510121    1.86%         x.28.15 D  70090  70089     51
  70541 62654      410.8838    88      414.6798      406.9832  2522055    1.86%         x.14.27 U  70541  70539     22
  70940 63007      412.0111    94      414.6798      406.9887  2535716    1.85%          x.12.4 D  70940  70939     82
Elapsed time = 492.84 sec. (628766.31 ticks, tree = 2636.54 MB, solutions = 10)
Nodefile size = 588.64 MB (581.13 MB after compression)
  71290 63309      411.4528    84      414.6798      406.9915  2548309    1.85%         x.44.44 D  71290  71289     41
  71700 63669      408.1258    88      414.6798      406.9938  2561132    1.85%         x.28.38 U  71700  22666     21
  72132 64062      412.6120    68      414.6798      406.9964  2573919    1.85%          x.48.3 D  72132  72131     41
  72540 64409      408.8422    88      414.6798      407.0003  2586981    1.85%          x.28.0 D  72540  72539     31
  72935 64761      409.9087    79      414.6798      407.0028  2598954    1.85%          x.40.9 D  72935  72934     25
  73338 65120      410.1971    88      414.6798      407.0059  2611619    1.85%         x.47.35 D  73338  73337     30
  73769 65491      411.1208    85      414.6798      407.0074  2624097    1.85%          x.28.0 D  73769  73768     26
  74140 65823      414.1328    74      414.6798      407.0100  2637345    1.85%          x.27.2 U  74140  74139     56
  74540 66184      410.4334    85      414.6798      407.0140  2650355    1.85%          x.40.9 D  74540  74539     23
  74970 66575      413.9882    81      414.6798      407.0175  2662831    1.85%          x.4.49 D  74970  74969     98
Elapsed time = 524.72 sec. (667089.97 ticks, tree = 2817.60 MB, solutions = 10)
Nodefile size = 770.19 MB (760.64 MB after compression)
  75338 66893      411.2073    76      414.6798      407.0230  2676277    1.85%          x.26.9 D  75338  75337     34
  75788 67311      408.0408    81      414.6798      407.0258  2688212    1.85%          x.3.36 D  75788  75787     16
  76241 67715      409.8710    92      414.6798      407.0302  2700555    1.84%          x.50.6 U  76241  18207     21
  76666 68092      411.3488    84      414.6798      407.0347  2713935    1.84%         x.15.27 D  76666  76665     63
  77030 68398      411.1257    81      414.6798      407.0372  2727371    1.84%         x.31.19 D  77030  77029     27
  77462 68762      410.8991    84      414.6798      407.0403  2740136    1.84%          x.6.40 D  77462  77461     89
  77836 69050      414.0334    89      414.6798      407.0462  2754595    1.84%         x.32.27 D  77836  77835     34
  78199 69371      411.2782    79      414.6798      407.0496  2768080    1.84%         x.10.16 U  78199  78198     77
  78620 69745      412.4611    66      414.6798      407.0513  2780724    1.84%         x.18.46 D  78620  78619    113
  79070 70146      409.6235    77      414.6798      407.0545  2793506    1.84%         x.28.43 D  79070  79069     33
Elapsed time = 556.61 sec. (705334.45 ticks, tree = 3000.67 MB, solutions = 10)
Nodefile size = 953.16 MB (941.85 MB after compression)
  79450 70493      409.2346    79      414.6798      407.0563  2805327    1.84%         x.28.33 D  79450  79449     27
  79873 70869      409.9476    81      414.6798      407.0595  2817385    1.84%         x.47.35 U  79873  79872     68
  80251 71211      414.3947    55      414.6798      407.0608  2830546    1.84%         x.27.52 D  80251  80250    127
  80644 71555      407.8842    94      414.6798      407.0622  2841898    1.84%         x.28.58 D  80644  80643     29
  81051 71935      410.9409    83      414.6798      407.0646  2853552    1.84%         x.55.40 U  81051  81049     19
  81432 72270      412.2918    67      414.6798      407.0670  2865525    1.84%          x.8.12 D  81432  81431     56
  81804 72597      409.9714    79      414.6798      407.0718  2879501    1.83%         x.37.27 D  81804  81803     25
  82212 72963      408.5902    87      414.6798      407.0747  2891466    1.83%         x.12.49 D  82212  82211     53
  82618 73318      408.5740    93      414.6798      407.0763  2903842    1.83%         x.37.27 D  82618  82617     27
  83010 73684      411.7885    80      414.6798      407.0787  2915795    1.83%         x.12.49 U  83010  83007     33
Elapsed time = 588.99 sec. (743547.12 ticks, tree = 3183.74 MB, solutions = 10)
Nodefile size = 1136.25 MB (1123.28 MB after compression)
  83401 74030      414.5094    79      414.6798      407.0798  2926981    1.83%         x.32.27 U  83401  83399     38
  83799 74374      413.7284    68      414.6798      407.0823  2939520    1.83%         x.40.49 D  83799  83798    110
  84230 74777      413.7154    68      414.6798      407.0858  2952881    1.83%          x.8.49 D  84230  84229     50
  84614 75100      409.3167    87      414.6798      407.0931  2965630    1.83%         x.55.40 N  84614  84612     55
  85030 75464      409.3277    87      414.6798      407.0953  2976678    1.83%          x.44.6 D  85030  85029     32
  85395 75779      407.1331    88      414.6798      407.0968  2990415    1.83%         x.20.20 D  85395  35588     12
  85802 76135      413.1940    67      414.6798      407.0985  3003131    1.83%         x.18.44 D  85802  85801     74
  86178 76458      414.3594    89      414.6798      407.1019  3016744    1.83%         x.24.19 U  86178  86177     30
  86542 76779      409.9016    85      414.6798      407.1044  3029173    1.83%         x.31.19 D  86542  86541     24
  86925 77121      411.7680    69      414.6798      407.1059  3041449    1.83%         x.57.46 U  86925  86923     49
Elapsed time = 621.25 sec. (781800.82 ticks, tree = 3363.61 MB, solutions = 10)
Nodefile size = 1316.50 MB (1301.80 MB after compression)
  87299 77428      410.2011    82      414.6798      407.1087  3055641    1.83%          x.50.6 U  87299  12604     18
  87675 77764      413.0672    87      414.6798      407.1112  3069350    1.83%         x.21.27 D  87675  87674     41
  88072 78125      414.6721    72      414.6798      407.1151  3082229    1.82%          x.6.59 D  88072  88071     47
  88452 78472      414.5552    61      414.6798      407.1174  3094158    1.82%          x.50.3 N  88452  88451     96
  88853 78825      409.7527    77      414.6798      407.1201  3107043    1.82%         x.19.12 D  88853  88852     47
  89287 79217      411.5339    89      414.6798      407.1210  3118373    1.82%          x.10.6 U  89287  89285     22
  89730 79610      411.4945    91      414.6798      407.1240  3129660    1.82%         x.28.51 D  89730  89729     86
  90213 80059      413.6243    91      414.6798      407.1284  3140645    1.82%         x.31.19 D  90213  90212     71
  90676 80481      411.7977    75      414.6798      407.1318  3151693    1.82%          x.3.33 D  90676  90675     98
  91175 80949      413.5243    51      414.6798      407.1331  3162492    1.82%         x.20.30 D  91175  91174    159
Elapsed time = 653.39 sec. (820033.29 ticks, tree = 3565.99 MB, solutions = 10)
Nodefile size = 1518.89 MB (1502.38 MB after compression)
* 91330+80235                          414.4465      407.1344             1.76%
* 91360+80265                          414.4465      407.1344             1.76%
  91430 80333      413.2284    68      414.4465      407.1344  3170729    1.76%           x.9.7 D  91430  91429    119
  91710 80585      412.9556    88      414.4465      407.1363  3178463    1.76%         x.13.27 D  91710  91709     36
  92092 80947      408.9689    90      414.4465      407.1370  3185209    1.76%         x.28.21 D  92092  92091    105
  92480 81305      407.8925    93      414.4465      407.1389  3195104    1.76%          x.50.9 D  92480  92479     66
  92804 81594      407.1444    85      414.4465      407.1423  3205229    1.76%         x.28.35 D  92804  92802     41
  93253 81997      413.5555    76      414.4465      407.1444  3217239    1.76%         x.14.27 U  93253  93252     72
  93709 82403      410.1729    91      414.4465      407.1464  3229085    1.76%         x.37.27 D  93709  93708     20
  94173 82813      413.3416    72      414.4465      407.1496  3240094    1.76%         x.52.20 D  94173  94172     40
  94620 83218      411.7899    75      414.4465      407.1505  3252147    1.76%          x.6.54 D  94620  94619     89
  95075 83632      411.5126    95      414.4465      407.1523  3262613    1.76%          x.12.3 D  95075  95074     54
Elapsed time = 685.33 sec. (858513.41 ticks, tree = 3719.79 MB, solutions = 12)
Nodefile size = 1672.45 MB (1654.96 MB after compression)
  95535 84058      412.7050    55      414.4465      407.1536  3273420    1.76%          x.53.5 D  95535  95534    156
  95968 84448      408.9687    87      414.4465      407.1567  3285344    1.76%         x.55.40 D  95968  95967     19
  96410 84856      408.4682    90      414.4465      407.1577  3296034    1.76%          x.44.6 D  96410  96409     31
  96820 85234      411.2140    81      414.4465      407.1587  3307536    1.76%         x.21.27 D  96820  96819     90
  97230 85599      411.0454    95      414.4465      407.1607  3318046    1.76%          x.44.6 D  97230  97229     39
  97645 85962      407.3120    82      414.4465      407.1636  3330777    1.76%         x.28.38 D  97645  97644     39
  98078 86344      412.4426    78      414.4465      407.1644  3342637    1.76%          x.8.32 D  98078  98077     41
  98458 86675      407.9967    85      414.4465      407.1664  3353508    1.76%         x.20.20 U  98458  98457     21
  98956 87136      410.1157    94      414.4465      407.1683  3364387    1.76%          x.50.9 D  98956  98955     24
  99437 87575      407.6097    90      414.4465      407.1718  3374963    1.76%         x.20.20 U  99437  99436     28
Elapsed time = 717.53 sec. (896691.00 ticks, tree = 3931.95 MB, solutions = 12)
Nodefile size = 1884.80 MB (1865.59 MB after compression)
  99882 87990      409.9491    69      414.4465      407.1737  3386133    1.75%          x.3.36 D  99882  99881    109
 100242 88325      411.1276    85      414.4465      407.1751  3396305    1.75%         x.12.40 D 100242 100241     66
 100660 88696      413.3584    64      414.4465      407.1779  3409481    1.75%         x.57.41 D 100660 100659    100
 101083 89075      410.8250    88      414.4465      407.1797  3421179    1.75%         x.24.19 U 101083 101082     31
 101441 89406      411.4852    76      414.4465      407.1811  3431404    1.75%         x.31.19 D 101441 101440     81
 101932 89862      408.9140    95      414.4465      407.1839  3441644    1.75%         x.28.58 D 101932 101931     27
 102329 90207      410.4989    80      414.4465      407.1878  3453870    1.75%         x.47.35 U 102329 102328     18
 102770 90609      408.5964    89      414.4465      407.1891  3464547    1.75%         x.19.12 D 102770 102769     74
 103175 90959      409.5827    90      414.4465      407.1914  3476945    1.75%         x.12.31 D 103175 103174     39
 103599 91347      409.1833    89      414.4465      407.1930  3489249    1.75%          x.28.0 D 103599 103598     22
Elapsed time = 749.73 sec. (934937.49 ticks, tree = 4136.60 MB, solutions = 12)
Nodefile size = 2089.55 MB (2068.64 MB after compression)
 104024 91736      413.4789    79      414.4465      407.1940  3499768    1.75%         x.57.27 D 104024 104023     85
 104450 92113      414.2325    48      414.4465      407.1950  3511200    1.75%         x.58.15 U 104450 104449    108
 104918 92541      412.5616    87      414.4465      407.1968  3522134    1.75%         x.22.27 N 104918 104917     84
 105328 92911      413.9387    66      414.4465      407.1992  3534209    1.75%         x.50.41 U 105328 105327     58
 105760 93308      412.7673    80      414.4465      407.2019  3545419    1.75%         x.52.24 U 105760 105759     68
 106197 93702      410.9635    64      414.4465      407.2034  3555225    1.75%          x.8.46 D 106197 106196     69
 106610 94072      411.1298    94      414.4465      407.2061  3566673    1.75%          x.4.49 D 106610 106609     45
 107012 94435      412.0058    89      414.4465      407.2074  3577681    1.75%         x.31.19 D 107012 107011     73
 107428 94808      408.5934    87      414.4465      407.2086  3588786    1.75%          x.28.0 D 107428 107427     27
 107816 95162      413.6951    91      414.4465      407.2120  3599313    1.75%         x.21.27 D 107816 107815     67
Elapsed time = 782.11 sec. (973169.32 ticks, tree = 4345.25 MB, solutions = 12)
Nodefile size = 2297.44 MB (2274.89 MB after compression)
 108300 95608      409.9911    80      414.4465      407.2139  3608223    1.75%         x.28.31 D 108300 108299     42
 108800 96070      409.4154    85      414.4465      407.2146  3618131    1.74%          x.27.6 U 108800   9843     27
 109232 96459      410.6148    79      414.4465      407.2156  3629067    1.74%          x.27.6 D 109232 109231     31
 109651 96837      413.5812    69      414.4465      407.2179  3639776    1.74%          x.18.0 D 109651 109650    153
 110071 97211      410.9128    93      414.4465      407.2207  3650679    1.74%          x.44.6 D 110071 110070     31
 110519 97620      411.0440    75      414.4465      407.2233  3661881    1.74%         x.20.17 D 110519 110518     77
 110922 97969      409.3191    80      414.4465      407.2247  3673481    1.74%         x.47.35 U 110922 110921     30
 111327 98335      409.8947    91      414.4465      407.2264  3683956    1.74%          x.9.50 U 111327 111326     30
 111710 98661      408.8350    92      414.4465      407.2286  3695290    1.74%         x.12.53 D 111710 111709     47
 112134 99050      414.1564    67      414.4465      407.2300  3706203    1.74%          x.4.27 D 112134 112133    120
Elapsed time = 814.60 sec. (1011644.26 ticks, tree = 4559.95 MB, solutions = 12)
Nodefile size = 2512.95 MB (2488.30 MB after compression)
 112560 99423      413.8871    56      414.4465      407.2325  3717885    1.74%         x.41.12 D 112560 112559    166
 113005 99824      412.5625    81      414.4465      407.2341  3729168    1.74%         x.12.46 D 113005 113004     49
 113412 100194      412.3091    86      414.4465      407.2351  3738002    1.74%         x.40.14 N 113412 113411    135
 113830 100558      411.2566    62      414.4465      407.2374  3749284    1.74%         x.50.41 D 113830 113829     91
 114280 100960      410.9607    76      414.4465      407.2387  3760894    1.74%         x.12.49 D 114280 114279     61
 114684 101321      408.7557    90      414.4465      407.2403  3773019    1.74%         x.47.35 U 114684 114683     26
 115043 101635      409.9764    89      414.4465      407.2432  3783389    1.74%         x.12.34 D 115043 115042     48
 115442 101980      410.8874    87      414.4465      407.2462  3795215    1.74%         x.12.47 D 115442 115441     66
 115912 102403      410.0798    94      414.4465      407.2486  3806039    1.74%          x.9.50 U 115912 115911     18
 116313 102773      409.3513    78      414.4465      407.2504  3815854    1.74%          x.44.9 U 116313  35492     21
Elapsed time = 846.86 sec. (1049879.09 ticks, tree = 4768.75 MB, solutions = 12)
Nodefile size = 2721.54 MB (2695.12 MB after compression)
 116704 103116        cutoff            414.4465      407.2522  3827607    1.74%         x.22.27 U 116704 116703     52
 117119 103485      413.6656    68      414.4465      407.2551  3839580    1.74%          x.27.2 U 117119 117118     58
 117490 103819      413.4555    65      414.4465      407.2569  3850411    1.73%         x.57.36 D 117490 117489     81
 117910 104205      410.6336    80      414.4465      407.2592  3861876    1.73%         x.28.49 D 117910 117909     35
 118278 104529      407.3530    87      414.4465      407.2640  3873701    1.73%          x.10.6 D 118278 118277     20
 118650 104851      412.5339    88      414.4465      407.2671  3886012    1.73%         x.27.33 D 118650 118649     84
 119020 105188      413.9211    59      414.4465      407.2681  3899042    1.73%         x.18.29 D 119020 119019     66
 119485 105607      412.3724    76      414.4465      407.2698  3908382    1.73%         x.55.40 U 119485 119484     64
 119915 105992      411.7946    83      414.4465      407.2713  3919327    1.73%         x.32.27 D 119915 119914    102
 120320 106350      412.9426    78      414.4465      407.2736  3930003    1.73%         x.47.35 D 120320 120319     30
Elapsed time = 879.26 sec. (1088124.71 ticks, tree = 4971.15 MB, solutions = 12)
Nodefile size = 2923.48 MB (2895.32 MB after compression)
 120750 106731      413.8107    80      414.4465      407.2760  3940697    1.73%         x.13.27 D 120750 120749     94
 121199 107144      413.7533    45      414.4465      407.2772  3950866    1.73%         x.25.49 D 121199 121198    135
 121609 107527      410.8015    82      414.4465      407.2793  3962572    1.73%         x.40.37 D 121609 121608     58
 122012 107889      411.1152    77      414.4465      407.2812  3973271    1.73%         x.52.39 D 122012 122010    121
 122400 108237      411.6729    84      414.4465      407.2827  3984803    1.73%          x.12.4 D 122400 122399     84
 122815 108616      410.9827    85      414.4465      407.2843  3994918    1.73%         x.40.35 N 122815 122814     97
 123200 108964      410.6887    85      414.4465      407.2861  4005796    1.73%          x.12.3 D 123200 123199     39
 123600 109304      410.2750    78      414.4465      407.2882  4016844    1.73%         x.12.20 D 123600 123599     60
 124000 109657      410.6241    82      414.4465      407.2899  4027502    1.73%          x.12.0 D 124000 123999     47
 124428 110011      412.8294    62      414.4465      407.2945  4038487    1.73%          x.48.6 D 124428 124427    140
Elapsed time = 911.98 sec. (1126713.31 ticks, tree = 5179.74 MB, solutions = 12)
Nodefile size = 3132.38 MB (3102.70 MB after compression)
 124834 110380      414.3504    82      414.4465      407.2969  4048574    1.73%         x.22.36 U 124834 124832    128
 125281 110798      411.6252    69      414.4465      407.2978  4058192    1.72%         x.21.12 D 125281 125280    102
 125699 111180      410.8280    81      414.4465      407.2987  4068560    1.72%         x.44.36 D 125699 125698    111
 126101 111545      411.8357    71      414.4465      407.2998  4078799    1.72%         x.14.27 U 126101 126100     23
 126550 111930      410.9816    77      414.4465      407.3012  4089531    1.72%         x.20.15 D 126550 126549     79
 127024 112341      409.8694    78      414.4465      407.3024  4099206    1.72%         x.12.41 D 127024 127023     80
 127470 112746      409.7974    93      414.4465      407.3035  4109251    1.72%         x.12.41 D 127470 127469     68
 127870 113107      408.2630    98      414.4465      407.3051  4120452    1.72%         x.28.47 D 127870 127869     48
 128300 113487      410.4171    85      414.4465      407.3067  4132054    1.72%          x.12.9 D 128300 128299     29
 128763 113885      408.5180    92      414.4465      407.3078  4142491    1.72%           x.1.6 D 128763 128762     30
Elapsed time = 944.63 sec. (1164928.85 ticks, tree = 5401.93 MB, solutions = 12)
Nodefile size = 3354.06 MB (3322.58 MB after compression)
 129198 114293      411.7458    71      414.4465      407.3088  4151559    1.72%         x.10.16 U 129198 129197    128
 129667 114698      411.3804    78      414.4465      407.3100  4161112    1.72%         x.19.57 U 129667 129666     74
 130129 115133      413.4991    65      414.4465      407.3106  4171441    1.72%          x.4.27 D 130129 130128    122
 130560 115527      411.8148    89      414.4465      407.3118  4181756    1.72%         x.24.19 D 130560 130558     26
 130996 115919      409.8622    95      414.4465      407.3126  4192371    1.72%         x.12.47 D 130996 130995     43
 131450 116326      408.2055    82      414.4465      407.3137  4202045    1.72%         x.12.11 D 131450 131449     88
 131882 116723      413.0359    65      414.4465      407.3156  4212380    1.72%         x.19.57 U 131882 131881    135
 132310 117099      410.2590    78      414.4465      407.3181  4222348    1.72%         x.12.16 D 132310 132309     47
 132713 117453      413.3831    61      414.4465      407.3196  4233528    1.72%          x.25.4 D 132713 132712    118
 133165 117865      408.4348    86      414.4465      407.3206  4244147    1.72%           x.9.6 D 133165 133164     26
Elapsed time = 977.21 sec. (1203130.54 ticks, tree = 5631.60 MB, solutions = 12)
Nodefile size = 3583.90 MB (3550.59 MB after compression)
 133596 118256      411.5209    80      414.4465      407.3214  4253942    1.72%          x.12.4 D 133596 133595     63
 134023 118643      414.0969    74      414.4465      407.3226  4263605    1.72%         x.10.16 D 134023 134021    115
 134420 118993      407.6176    89      414.4465      407.3242  4274786    1.72%         x.28.59 D 134420 134419     38
 134851 119375      408.3570    85      414.4465      407.3255  4284500    1.72%          x.25.6 D 134851 134850     21
 135280 119746      410.5921    90      414.4465      407.3278  4295858    1.72%          x.47.6 D 135280 135278     40
 135689 120121      411.0213    81      414.4465      407.3290  4306560    1.72%         x.15.56 D 135689 135688     95
 136124 120506      409.6014    92      414.4465      407.3301  4316706    1.72%          x.27.6 U 136124  74364     22
 136509 120850      410.9716    89      414.4465      407.3325  4326944    1.72%         x.24.19 U 136509 136508     34
 136957 121228      410.2488    77      414.4465      407.3334  4337645    1.72%         x.12.59 D 136957 136956     36
 137359 121595      409.5940    85      414.4465      407.3343  4348187    1.72%         x.22.36 D 137359 137358    110
Elapsed time = 1009.91 sec. (1241378.16 ticks, tree = 5848.77 MB, solutions = 12)
Nodefile size = 3801.13 MB (3766.19 MB after compression)
 137770 121959      409.9014    92      414.4465      407.3353  4358401    1.72%         x.12.10 D 137770 137769     62
 138177 122327      412.0021    80      414.4465      407.3361  4368717    1.72%         x.14.56 D 138177 138176    111
 138610 122705      412.6360    79      414.4465      407.3380  4379736    1.72%          x.52.0 U 138610 138608     71
 139013 123039      409.7220    85      414.4465      407.3395  4390861    1.71%         x.12.50 D 139013 139012     42
 139436 123424      409.0596    94      414.4465      407.3406  4401677    1.71%         x.12.11 D 139436 139435     55
 139800 123740      409.9131    83      414.4465      407.3430  4413697    1.71%         x.28.22 D 139800 139799     35
 140212 124118      411.0216    86      414.4465      407.3439  4424120    1.71%          x.12.3 D 140212 140211     65
 140642 124511      412.4445    74      414.4465      407.3453  4435082    1.71%          x.1.27 D 140642 140641     71
 141067 124878      410.9811    81      414.4465      407.3466  4445735    1.71%         x.24.19 D 141067 141066    112
 141526 125292      410.7943    78      414.4465      407.3480  4456519    1.71%          x.44.6 D 141526 141525     36
Elapsed time = 1042.67 sec. (1279591.04 ticks, tree = 6065.48 MB, solutions = 12)
Nodefile size = 4017.78 MB (3981.09 MB after compression)
 141888 125621      411.5794    74      414.4465      407.3490  4467669    1.71%         x.19.12 U 141888 141886     79
 142314 126004      410.4363    81      414.4465      407.3501  4478144    1.71%         x.40.47 D 142314 142313     26
 142724 126365      411.9376    84      414.4465      407.3513  4488417    1.71%         x.24.19 U 142724 142723     69
 143130 126727      411.2042    56      414.4465      407.3530  4498752    1.71%         x.35.11 U 143130 143129    159
 143513 127056      409.7451    87      414.4465      407.3541  4509905    1.71%         x.40.35 D 143513 143512     22
 143905 127400      413.3722    83      414.4465      407.3557  4520564    1.71%          x.0.11 D 143905 143904     33
 144303 127750      413.6078    78      414.4465      407.3581  4530733    1.71%         x.42.36 D 144303 144302    103
 144792 128170      413.9423    65      414.4465      407.3596  4539766    1.71%         x.26.15 N 144792 144791    136
 145171 128501      409.1112    78      414.4465      407.3615  4549856    1.71%          x.44.9 U 145171  86644     22
 145581 128880      413.3513    81      414.4465      407.3618  4559650    1.71%         x.52.24 U 145581 145580     90
Elapsed time = 1075.34 sec. (1317811.48 ticks, tree = 6277.16 MB, solutions = 12)
Nodefile size = 4229.76 MB (4191.65 MB after compression)
 146000 129267      410.4617    99      414.4465      407.3625  4569050    1.71%         x.20.17 D 146000 145999     42
 146440 129667      412.9159    71      414.4465      407.3631  4579775    1.71%         x.57.27 D 146440 146439     92
 146887 130049      409.2147    88      414.4465      407.3657  4589239    1.71%         x.12.31 D 146887 146886     54
 147260 130381      412.4241    81      414.4465      407.3684  4599292    1.71%         x.20.21 D 147260 147259     31
 147673 130763      410.4969    77      414.4465      407.3698  4608560    1.71%         x.52.39 D 147673 147672    104
 148093 131158      414.0415    81      414.4465      407.3717  4619129    1.71%           x.8.5 D 148093 148092     91
 148470 131499      408.7167    93      414.4465      407.3722  4629291    1.71%         x.20.10 D 148470 148469     98
 148921 131920      410.1541    85      414.4465      407.3733  4639701    1.71%          x.12.2 D 148921 148920     54
 149292 132243      413.2798    82      414.4465      407.3741  4649191    1.71%         x.27.33 D 149292 149291     67
 149649 132553      408.1139    94      414.4465      407.3749  4659783    1.71%          x.12.4 D 149649 149648     43
Elapsed time = 1108.06 sec. (1356120.61 ticks, tree = 6494.92 MB, solutions = 12)
Nodefile size = 4447.12 MB (4407.43 MB after compression)
 150079 132940      413.0871    83      414.4465      407.3765  4669839    1.71%         x.27.49 N 150079 150078    125
 150474 133286      413.6758    86      414.4465      407.3784  4681141    1.71%         x.19.38 D 150474 150473     87
 150932 133697      413.2130    80      414.4465      407.3800  4691133    1.71%         x.52.24 U 150932 150931    125
 151370 134089      413.3178    79      414.4465      407.3808  4701085    1.70%         x.52.24 U 151370 151369    100
 151752 134427      410.9534    82      414.4465      407.3848  4711757    1.70%         x.28.55 D 151752 151751     71
 152200 134844      413.7742    42      414.4465      407.3866  4721464    1.70%         x.21.44 D 152200 152199    187
 152647 135236      413.4429    86      414.4465      407.3876  4731505    1.70%         x.20.11 D 152647 152646     30
 153020 135573      409.4172    86      414.4465      407.3881  4742261    1.70%          x.44.9 U 153020  35593     17
 153404 135922      412.9049    60      414.4465      407.3891  4753757    1.70%         x.47.17 U 153404 153402     28
 153780 136230      409.9305    91      414.4465      407.3904  4764066    1.70%          x.12.0 D 153780 153779     43
Elapsed time = 1140.82 sec. (1394343.70 ticks, tree = 6713.90 MB, solutions = 12)
Nodefile size = 4666.33 MB (4624.84 MB after compression)
 154197 136584      410.5291    88      414.4465      407.3932  4774121    1.70%         x.12.46 D 154197 154196     29
 154630 136973      409.3029    73      414.4465      407.3944  4784031    1.70%          x.52.0 D 154630 154629     99
 155070 137378      413.8330    85      414.4465      407.3958  4793747    1.70%         x.22.36 D 155070 155069     97
 155444 137692      408.7017    90      414.4465      407.3978  4805099    1.70%          x.50.9 D 155444 155443     34
 155870 138085      410.4715    82      414.4465      407.3991  4815510    1.70%          x.12.9 D 155870 155869     58
 156300 138483      408.3145    75      414.4465      407.4012  4825746    1.70%         x.27.33 D 156300 156299    105
 156701 138826        cutoff            414.4465      407.4030  4836398    1.70%         x.44.49 U 156701 156699     35
 157149 139220      409.8631    81      414.4465      407.4042  4845644    1.70%         x.12.47 D 157149 157148     41
 157564 139577        cutoff            414.4465      407.4052  4856522    1.70%         x.34.27 U 157564 157561     29
 158000 139968      411.5200    65      414.4465      407.4062  4865745    1.70%         x.18.47 D 158000 157999    127
Elapsed time = 1173.98 sec. (1432694.17 ticks, tree = 6937.91 MB, solutions = 12)
Nodefile size = 4890.56 MB (4847.37 MB after compression)
 158430 140355      411.1237    76      414.4465      407.4072  4874763    1.70%          x.4.25 D 158430 158429    101
 158800 140690      409.1003    85      414.4465      407.4081  4883959    1.70%         x.12.58 D 158800 158799     87
 159200 141055      412.5455    84      414.4465      407.4095  4894412    1.70%         x.24.19 U 159200 159199     40
 159639 141457      410.1902    91      414.4465      407.4116  4904595    1.70%          x.40.9 U 159639 159637     23
 160070 141844      410.9861    94      414.4465      407.4137  4914859    1.70%         x.28.33 N 160070 160069     34
 160515 142256      412.5575    73      414.4465      407.4142  4923271    1.70%         x.21.27 D 160515 160514    103
 160862 142552      409.6699    79      414.4465      407.4153  4932102    1.70%         x.47.35 U 160862 160861     29
 161311 142979      410.0232    82      414.4465      407.4157  4941212    1.70%         x.12.28 D 161311 161310     62
 161747 143369      411.9479    63      414.4465      407.4171  4950256    1.70%         x.55.12 D 161747 161746     77
 162140 143728      414.2297    51      414.4465      407.4183  4960463    1.70%          x.2.44 D 162140 162139    156
Elapsed time = 1207.63 sec. (1471161.99 ticks, tree = 7164.13 MB, solutions = 12)
Nodefile size = 5116.94 MB (5072.06 MB after compression)
 162520 144066      410.6295    76      414.4465      407.4197  4970596    1.70%         x.57.34 U 162520 162519     78
 162850 144376      408.6821    84      414.4465      407.4203  4980248    1.70%          x.4.59 D 162850 162849     40
 163203 144667      413.6926    77      414.4465      407.4223  4991723    1.69%         x.22.27 D 163203 163202     55
 163625 145055      412.2399    69      414.4465      407.4236  5001291    1.69%          x.23.4 D 163625 163624    137
 164027 145417      414.3398    68      414.4465      407.4246  5011494    1.69%         x.19.57 U 164027 164026     63
 164439 145795      413.7477    77      414.4465      407.4262  5021844    1.69%         x.13.27 D 164439 164438     52
 164861 146170      410.2436    83      414.4465      407.4285  5031834    1.69%         x.28.11 D 164861 164860     42
 165229 146483      409.5172    77      414.4465      407.4293  5042757    1.69%         x.12.59 D 165229 165228     59
 165633 146850      413.3803    59      414.4465      407.4296  5053542    1.69%         x.59.44 D 165633 165632    135
 166057 147233      409.7893    84      414.4465      407.4301  5062762    1.69%          x.4.59 D 166057 166056    103
Elapsed time = 1239.93 sec. (1509370.76 ticks, tree = 7376.07 MB, solutions = 12)
Nodefile size = 5328.97 MB (5282.33 MB after compression)
 166446 147566      412.3244    80      414.4465      407.4316  5072781    1.69%         x.47.35 U 166446 166445     33
 166835 147925      413.1492    69      414.4465      407.4322  5081432    1.69%         x.14.13 D 166835 166834    118
 167217 148249      409.3904    83      414.4465      407.4335  5091792    1.69%         x.20.21 D 167217 167216     53
 167597 148583      408.7210    86      414.4465      407.4349  5102544    1.69%         x.12.16 D 167597 167596     82
 168007 148952      411.5881    75      414.4465      407.4361  5112077    1.69%         x.55.40 U 168007 168006     25
 168439 149309      414.1676    88      414.4465      407.4397  5122898    1.69%         x.14.27 D 168439 168438     75
 168790 149620      410.5947    77      414.4465      407.4408  5134745    1.69%          x.40.8 D 168790 168789     53
 169200 149982      410.7564    81      414.4465      407.4419  5145516    1.69%         x.12.24 D 169200 169199     29
 169600 150336      410.0666    88      414.4465      407.4436  5156460    1.69%          x.4.49 D 169600 169599     94
 170020 150698      411.9682    83      414.4465      407.4450  5166974    1.69%         x.12.48 D 170020 170019     71
Elapsed time = 1272.59 sec. (1547624.97 ticks, tree = 7587.10 MB, solutions = 12)
Nodefile size = 5539.57 MB (5491.32 MB after compression)
 170468 151100      408.9659    80      414.4465      407.4452  5176469    1.69%          x.10.6 D 170468 170467     25
 170858 151465      411.0044    80      414.4465      407.4464  5186206    1.69%         x.22.36 U 170858 170856     36
 171249 151806      413.7889    63      414.4465      407.4473  5195854    1.69%          x.9.34 U 171249 171247    162
 171726 152263      408.9722    91      414.4465      407.4482  5204889    1.69%         x.12.31 D 171726 171725    109
 172212 152709        cutoff            414.4465      407.4496  5214236    1.69%         x.19.57 U 172212 172211    150
 172589 153049      410.4450    87      414.4465      407.4510  5223757    1.69%          x.50.9 D 172589 172588     16
 173031 153453      412.4149    68      414.4465      407.4526  5233383    1.69%          x.4.37 D 173031 173030    124
 173393 153769      409.8707    77      414.4465      407.4541  5244763    1.69%          x.40.9 D 173393 173392     23
 173838 154167      409.7543    89      414.4465      407.4547  5253962    1.69%          x.27.6 U 173838  41968     20
 174241 154534      408.5724    91      414.4465      407.4555  5263748    1.69%         x.28.47 D 174241 174240     48
Elapsed time = 1305.66 sec. (1585816.55 ticks, tree = 7821.75 MB, solutions = 12)
Nodefile size = 5774.10 MB (5724.12 MB after compression)
 174680 154938      413.0385    62      414.4465      407.4560  5273532    1.69%         x.54.55 D 174680 174679    129
 175085 155308      408.5901    89      414.4465      407.4567  5283691    1.69%         x.20.37 U 175085  84089     27
 175507 155691      412.8657    77      414.4465      407.4576  5294395    1.69%         x.18.12 D 175507 175506     78
 175924 156067      410.0751    84      414.4465      407.4602  5303866    1.69%         x.12.15 D 175924 175923     47
 176300 156412      411.4807    87      414.4465      407.4617  5313872    1.69%         x.32.27 D 176300 176299    113
 176707 156783      410.7558    83      414.4465      407.4640  5324253    1.68%         x.37.27 D 176707 176706     70
 177130 157180      409.7910    79      414.4465      407.4644  5333277    1.68%         x.28.58 D 177130 177129     44
 177504 157522      411.4977    84      414.4465      407.4650  5342339    1.68%          x.12.0 D 177504 177503     41
 177947 157936      413.3921    74      414.4465      407.4651  5350781    1.68%         x.19.12 D 177947 177946     93
 178329 158293      409.0799    84      414.4465      407.4657  5359559    1.68%          x.9.50 U 178329 178328     19
Elapsed time = 1339.10 sec. (1624034.12 ticks, tree = 8052.83 MB, solutions = 12)
Nodefile size = 6005.36 MB (5953.65 MB after compression)
 178718 158647      409.3381    87      414.4465      407.4672  5370194    1.68%           x.1.6 D 178718 178717     31
 179164 159064      412.3127    79      414.4465      407.4677  5378647    1.68%          x.27.6 U 179164 179163     30
 179602 159442      411.5890    90      414.4465      407.4695  5387300    1.68%         x.37.27 D 179602 179601     93
 179970 159766      410.1895    88      414.4465      407.4706  5398954    1.68%           x.2.6 N 179970 179969     19
 180378 160108      410.8340    83      414.4465      407.4719  5409649    1.68%         x.55.40 U 180378 180377     37
 180770 160464      411.2436    79      414.4465      407.4728  5420003    1.68%         x.12.59 D 180770 180769     39
 181141 160799      414.3359    84      414.4465      407.4741  5428562    1.68%         x.47.35 N 181141 181140     86
 181487 161110      412.2513    86      414.4465      407.4756  5438307    1.68%         x.44.44 D 181487 181486     46
 181885 161459      408.4095    84      414.4465      407.4769  5447402    1.68%         x.12.31 D 181885 181884     82
 182277 161797      414.0165    95      414.4465      407.4778  5457612    1.68%         x.20.11 N 182277 182276     50
Elapsed time = 1372.60 sec. (1662292.28 ticks, tree = 8269.65 MB, solutions = 12)
Nodefile size = 6222.56 MB (6169.51 MB after compression)
 182702 162153      411.4032    82      414.4465      407.4790  5467588    1.68%         x.12.55 D 182702 182701     90
 183117 162539      411.1710    74      414.4465      407.4809  5477001    1.68%          x.27.2 U 183117 183116    113
 183520 162894      413.3169    77      414.4465      407.4819  5486881    1.68%          x.4.40 D 183520 183519     83
 183933 163261      408.7166    97      414.4465      407.4832  5497209    1.68%         x.28.58 D 183933 183932     56
 184326 163617      411.7013    75      414.4465      407.4839  5505911    1.68%         x.28.29 D 184326 184325     45
 184751 164009      410.7203    66      414.4465      407.4843  5515480    1.68%          x.9.11 D 184751 184750    140
 185167 164384      411.5229    88      414.4465      407.4854  5525591    1.68%           x.1.6 U 185167 185165     26
 185581 164757      408.8667    80      414.4465      407.4863  5535040    1.68%         x.43.19 D 185581 185580    113
 185966 165104      409.7974    97      414.4465      407.4873  5545203    1.68%          x.44.9 D 185966 185965     19
 186320 165429      413.1224    93      414.4465      407.4885  5555230    1.68%         x.20.21 D 186320 186319     68
Elapsed time = 1406.08 sec. (1700505.00 ticks, tree = 8495.52 MB, solutions = 12)
Nodefile size = 6448.03 MB (6393.55 MB after compression)
 186736 165799      412.6547    74      414.4465      407.4899  5564780    1.68%         x.24.27 D 186736 186734     32
 187139 166161      410.1211    87      414.4465      407.4907  5575102    1.68%         x.14.27 D 187139 187138    104
 187533 166521      414.0209    77      414.4465      407.4920  5585008    1.68%          x.52.0 D 187533 187532     62
 187930 166891      410.8072    97      414.4465      407.4933  5594366    1.68%         x.40.44 D 187930 187929     86
 188261 167186        cutoff            414.4465      407.4940  5605339    1.68%         x.24.19 U 188261 188260     56
 188660 167530      408.6630    82      414.4465      407.4953  5615695    1.68%         x.40.23 D 188660 188659     62
 189024 167836      410.4275    69      414.4465      407.4961  5624272    1.68%         x.28.35 D 189024 189023     31
 189358 168133      411.9263    92      414.4465      407.4969  5634046    1.68%         x.12.11 D 189358 189357     82
 189774 168530      411.3964    90      414.4465      407.4977  5642793    1.68%         x.28.58 D 189774 189773     20
 190118 168819      409.8305    95      414.4465      407.4984  5652140    1.68%          x.12.1 D 190118 190117     64
Elapsed time = 1439.59 sec. (1738726.56 ticks, tree = 8707.36 MB, solutions = 12)
Nodefile size = 6659.41 MB (6603.44 MB after compression)
 190481 169141      411.4167    95      414.4465      407.4988  5663165    1.68%         x.28.53 U 190481  38954     41
 190880 169493      411.4132    85      414.4465      407.4995  5672789    1.68%          x.40.9 U 190880 190878     28
 191240 169814      412.1021    76      414.4465      407.4999  5682255    1.68%         x.12.57 D 191240 191239     81
 191640 170155      409.9583    82      414.4465      407.5007  5692655    1.68%           x.9.6 U 191640 161140     68
 192000 170478      409.9686    89      414.4465      407.5017  5701770    1.68%         x.12.10 D 192000 191999     94
 192400 170817      411.5854    86      414.4465      407.5031  5710044    1.68%         x.28.13 D 192400 192399     91
 192785 171166      414.2364    46      414.4465      407.5041  5721128    1.68%          x.5.42 U 192785 192784    122
 193130 171470      413.4374    76      414.4465      407.5052  5730966    1.67%         x.12.49 D 193130 193129     32
 193557 171844      414.3754    67      414.4465      407.5059  5740192    1.67%         x.10.16 U 193557 193555    109
 193979 172220      414.0940    62      414.4465      407.5065  5750458    1.67%          x.6.59 D 193979 193978     44
Elapsed time = 1473.06 sec. (1777131.16 ticks, tree = 8920.90 MB, solutions = 12)
Nodefile size = 6873.25 MB (6815.81 MB after compression)
 194398 172589      413.0702    83      414.4465      407.5070  5759426    1.67%         x.52.39 D 194398 194397     44
 194800 172941      411.7076    70      414.4465      407.5081  5768768    1.67%         x.12.59 D 194800 194799     47
 195214 173305      410.5331    78      414.4465      407.5090  5779027    1.67%          x.3.19 U 195214 195213     76
 195600 173661      409.1494    92      414.4465      407.5099  5788076    1.67%         x.28.22 D 195600 195599     69
 196023 174047      409.5048    88      414.4465      407.5105  5796389    1.67%         x.12.16 D 196023 196022     91
 196459 174446      410.3710    91      414.4465      407.5119  5805703    1.67%         x.40.41 D 196459 196458     57
 196833 174780      411.5356    75      414.4465      407.5130  5816515    1.67%         x.52.24 U 196833 196832     85
 197230 175133      408.6362    82      414.4465      407.5133  5825749    1.67%          x.12.4 D 197230 197229     42
 197646 175518      411.7256    68      414.4465      407.5143  5835193    1.67%         x.52.24 U 197646 197645     86
 198091 175925      409.0564    79      414.4465      407.5152  5843705    1.67%         x.12.53 D 198091 198090     85
Elapsed time = 1506.83 sec. (1815810.48 ticks, tree = 9154.75 MB, solutions = 12)
Nodefile size = 7106.76 MB (7047.78 MB after compression)
 198517 176325      412.9751    58      414.4465      407.5158  5852014    1.67%         x.14.56 D 198517 198516    148
 198915 176670      411.6503    82      414.4465      407.5165  5861486    1.67%         x.55.40 U 198915 198914     59
 199350 177064      412.4907    98      414.4465      407.5176  5871418    1.67%         x.47.35 U 199350 199349     51
 199728 177390      410.8438    85      414.4465      407.5197  5881177    1.67%          x.50.6 U 199728  42861     18
 200105 177696      410.0264    82      414.4465      407.5212  5890656    1.67%         x.40.39 D 200105 200104     46
 200513 178063      412.8241    62      414.4465      407.5220  5900147    1.67%          x.3.22 D 200513 200512     93
 200910 178417      410.2843    80      414.4465      407.5233  5909381    1.67%         x.20.11 D 200910 200909     87
 201326 178777      412.9453    64      414.4465      407.5244  5919327    1.67%         x.57.36 D 201326 201325     90
 201726 179132      412.5716    89      414.4465      407.5250  5927875    1.67%         x.43.19 D 201726 201725    132
 202097 179457      410.5973    95      414.4465      407.5265  5938886    1.67%           x.2.6 U 202097  30811     21
Elapsed time = 1539.95 sec. (1854096.09 ticks, tree = 9378.63 MB, solutions = 12)
Nodefile size = 7330.81 MB (7269.83 MB after compression)
 202463 179792      413.5235    72      414.4465      407.5271  5948118    1.67%         x.27.33 N 202463 202461     33
 202880 180164      410.7534    84      414.4465      407.5278  5957323    1.67%         x.40.23 D 202880 202879     79
 203303 180567      413.3519    66      414.4465      407.5282  5966515    1.67%         x.41.41 D 203303 203302     45
 203749 180969      410.7086    71      414.4465      407.5289  5975463    1.67%          x.3.19 U 203749 203748     98
 204180 181348      413.7134    61      414.4465      407.5308  5985569    1.67%         x.15.39 D 204180 204179     29
 204566 181692      411.0940    83      414.4465      407.5315  5995564    1.67%         x.12.31 D 204566 204564     45
 204932 182024      410.6215    85      414.4465      407.5317  6004202    1.67%           x.1.6 U 204932 204930     16
 205351 182417      409.9183    85      414.4465      407.5321  6012978    1.67%         x.12.34 D 205351 205350     49
 205742 182761      411.1754    75      414.4465      407.5332  6023077    1.67%          x.40.6 D 205742 205741     54
 206148 183138      412.0735    62      414.4465      407.5335  6032169    1.67%         x.21.12 D 206148 206147    118
Elapsed time = 1573.86 sec. (1892347.94 ticks, tree = 9612.68 MB, solutions = 12)
Nodefile size = 7565.19 MB (7502.75 MB after compression)
 206553 183495      412.9881    85      414.4465      407.5352  6042236    1.67%         x.15.28 D 206553 206552     97
 206970 183861      412.1142    73      414.4465      407.5360  6051694    1.67%         x.44.44 D 206970 206969    135
 207347 184195      413.1054    87      414.4465      407.5368  6061936    1.67%          x.26.9 D 207347 207346     27
 207742 184538      413.1848    69      414.4465      407.5379  6072191    1.67%           x.3.4 D 207742 207741     68
 208116 184860      410.7814    84      414.4465      407.5393  6082455    1.67%         x.55.40 U 208116 208115     46
 208527 185239      412.2771    83      414.4465      407.5406  6092138    1.67%          x.9.50 U 208527 208526     24
 208910 185583      409.0384    97      414.4465      407.5419  6102501    1.67%          x.12.0 D 208910 208909     40
 209307 185936      410.9291    91      414.4465      407.5424  6112549    1.67%         x.47.35 D 209307 209306     28
 209786 186372      413.5533    70      414.4465      407.5440  6120525    1.67%         x.19.57 U 209786 209785    146
 210160 186694      410.6910    78      414.4465      407.5451  6130173    1.67%         x.52.45 D 210160 210159     76
Elapsed time = 1607.29 sec. (1930576.42 ticks, tree = 9840.11 MB, solutions = 12)
Nodefile size = 7792.30 MB (7728.32 MB after compression)
 210563 187050      411.6751    87      414.4465      407.5464  6140220    1.66%          x.3.19 U 210563 210562     41
 210964 187415      411.7399    73      414.4465      407.5481  6150526    1.66%         x.18.12 D 210964 210963    124
 211382 187793      412.3507    56      414.4465      407.5487  6159924    1.66%         x.15.41 D 211382 211381    129
 211758 188137      411.7709    80      414.4465      407.5497  6169524    1.66%         x.22.27 D 211758 211757     79
 212180 188518      412.4872    66      414.4465      407.5502  6177761    1.66%         x.59.12 D 212180 212179    106
 212560 188853      411.4734    81      414.4465      407.5519  6187666    1.66%           x.8.7 D 212560 212559     36
 212899 189153      412.3925    82      414.4465      407.5537  6198667    1.66%           x.9.6 U 212899 212897     29
 213313 189524      410.4052    84      414.4465      407.5551  6207858    1.66%         x.12.17 D 213313 213312     61
 213740 189910      411.6199    82      414.4465      407.5567  6216922    1.66%         x.28.53 D 213740 213739     43
 214094 190224      412.3952    89      414.4465      407.5585  6225283    1.66%           x.1.6 D 214094 214092     54
Elapsed time = 1640.87 sec. (1968823.65 ticks, tree = 10066.74 MB, solutions = 12)
Nodefile size = 8018.75 MB (7952.98 MB after compression)
 214459 190529      410.6201    77      414.4465      407.5595  6234591    1.66%          x.12.0 D 214459 214458     81
 214890 190918      409.6935    68      414.4465      407.5602  6243234    1.66%         x.15.56 D 214890 214889     80
 215326 191324      410.9226    78      414.4465      407.5605  6252382    1.66%         x.22.27 D 215326 215325    105
 215699 191653      412.1713    93      414.4465      407.5621  6261675    1.66%         x.52.39 D 215699 215698     55
 216104 192028      413.8842    47      414.4465      407.5627  6270022    1.66%          x.2.44 D 216104 216103    118
 216508 192389      412.0052    81      414.4465      407.5634  6279380    1.66%          x.25.4 D 216508 216507     56
 216856 192694      411.7078    77      414.4465      407.5641  6288429    1.66%         x.12.46 D 216856 216855     75
 217280 193081      409.5867    90      414.4465      407.5649  6296881    1.66%          x.44.9 D 217280 217279     34
 217665 193412      412.2358    80      414.4465      407.5665  6307181    1.66%          x.12.7 D 217665 217664     52
 218076 193795      409.9743    86      414.4465      407.5669  6314271    1.66%         x.40.23 D 218076 218075     44
Elapsed time = 1674.15 sec. (2007028.67 ticks, tree = 10297.50 MB, solutions = 12)
Nodefile size = 8249.92 MB (8182.21 MB after compression)
 218482 194170      408.1706    85      414.4465      407.5675  6322227    1.66%         x.44.36 U 218482  69122     71
 218862 194523      409.1669    83      414.4465      407.5684  6332021    1.66%         x.20.57 D 218862 218861     44
 219237 194845      414.1789    74      414.4465      407.5697  6342051    1.66%           x.3.4 D 219237 219235     38
 219649 195205      412.8572    75      414.4465      407.5706  6351426    1.66%         x.21.27 D 219649 219648    116
 220000 195507      408.3914    78      414.4465      407.5710  6360912    1.66%          x.12.1 D 220000 219999     97
 220386 195852      413.9896    78      414.4465      407.5714  6369638    1.66%         x.29.19 U 220386 220385     63
 220794 196234      411.2208    76      414.4465      407.5719  6377480    1.66%         x.20.30 D 220794 220793     99
 221199 196578      408.6918    96      414.4465      407.5730  6386264    1.66%          x.12.2 D 221199 221198     66
 221596 196912        cutoff            414.4465      407.5744  6395639    1.66%         x.32.27 U 221596 221594     80
 222000 197270      411.8365    77      414.4465      407.5756  6404450    1.66%         x.58.15 D 222000 221999    124
Elapsed time = 1707.66 sec. (2045294.66 ticks, tree = 10523.33 MB, solutions = 12)
Nodefile size = 8475.94 MB (8406.50 MB after compression)
 222427 197632      411.1440    83      414.4465      407.5763  6413115    1.66%         x.28.38 D 222427 222426     39
 222850 197995      414.4447    72      414.4465      407.5773  6421857    1.66%         x.18.12 D 222850 222849    153
 223270 198355      409.1440    90      414.4465      407.5781  6430779    1.66%         x.28.28 D 223270 223269     37
 223696 198731      408.9716    90      414.4465      407.5785  6440570    1.66%         x.15.56 U 223696 223695     15
 224143 199117      412.3497    56      414.4465      407.5790  6448415    1.66%          x.58.8 D 224143 224142    216
 224557 199487      413.6672    72      414.4465      407.5798  6457159    1.66%         x.22.36 D 224557 224556    136
 224910 199781      413.9105    85      414.4465      407.5810  6467427    1.66%          x.12.9 D 224910 224909     36
 225340 200151      407.8337    88      414.4465      407.5816  6475696    1.66%           x.9.6 D 225340 225339     34
 225693 200447      413.7288    77      414.4465      407.5826  6485548    1.66%         x.52.24 U 225693 225692     55
 226090 200779      410.7030    85      414.4465      407.5831  6495328    1.66%          x.50.9 D 226090 226089     37
Elapsed time = 1740.98 sec. (2083561.29 ticks, tree = 10752.64 MB, solutions = 12)
Nodefile size = 8704.66 MB (8633.45 MB after compression)
 226505 201119      411.4609    55      414.4465      407.5839  6505017    1.66%          x.0.12 D 226505 226504    130
 226920 201499      408.0708    88      414.4465      407.5842  6512894    1.66%          x.8.46 D 226920 226919     67
 227334 201851      409.0887    85      414.4465      407.5849  6521822    1.66%          x.6.40 U 227334 227332     19
 227741 202221      411.4936    92      414.4465      407.5852  6530005    1.66%         x.31.19 D 227741 227740    138
 228140 202578      408.9457    79      414.4465      407.5864  6538246    1.66%         x.15.22 D 228140 228139     74
 228483 202871      411.4967    82      414.4465      407.5868  6548270    1.66%         x.12.49 D 228483 228482     48
 228821 203160      411.9207    80      414.4465      407.5879  6558717    1.65%          x.12.3 D 228821 228820     38
 229200 203483      411.0084    84      414.4465      407.5887  6567965    1.65%         x.12.15 D 229200 229199     63
 229641 203872      411.8676    72      414.4465      407.5891  6576490    1.65%         x.15.55 D 229641 229640    141
 230000 204192      409.0147    87      414.4465      407.5905  6586004    1.65%         x.12.20 D 230000 229999     75
Elapsed time = 1774.12 sec. (2122140.78 ticks, tree = 10976.71 MB, solutions = 12)
Nodefile size = 8928.84 MB (8855.77 MB after compression)
 230400 204533      411.9862    95      414.4465      407.5910  6594565    1.65%         x.40.51 D 230400 230399     60
 230820 204897      413.8424    82      414.4465      407.5921  6603736    1.65%         x.15.17 D 230820 230819     52
 231240 205259      411.2279    87      414.4465      407.5926  6612792    1.65%         x.24.19 D 231240 231238     20
 231660 205638      410.1156    87      414.4465      407.5935  6621652    1.65%          x.12.1 D 231660 231659    100
 232096 206020      413.5416    75      414.4465      407.5941  6629888    1.65%         x.52.39 D 232096 232095     84
 232533 206395      407.6453    93      414.4465      407.5947  6638550    1.65%         x.12.11 D 232533 232532     60
 232890 206724      409.5873    86      414.4465      407.5956  6646823    1.65%         x.28.22 D 232890 232889     19
 233298 207048      413.6717    81      414.4465      407.5961  6655102    1.65%         x.14.27 D 233298 233297    115
 233680 207386      410.2617    78      414.4465      407.5974  6664452    1.65%         x.12.57 D 233680 233679     75
 234094 207758      412.2137    63      414.4465      407.5982  6673106    1.65%          x.46.9 D 234094 234093    145
Elapsed time = 1807.34 sec. (2160436.54 ticks, tree = 11212.07 MB, solutions = 12)
Nodefile size = 9165.00 MB (9090.02 MB after compression)
 234470 208106      408.5658    92      414.4465      407.5986  6681271    1.65%           x.9.6 D 234470 234469     21
 234870 208445      411.5883    68      414.4465      407.5993  6690584    1.65%         x.20.21 D 234870 234869     48
 235259 208788      410.9183    70      414.4465      407.5995  6698503    1.65%         x.18.26 D 235259 235258    154
 235634 209117      409.1469    87      414.4465      407.6002  6708076    1.65%         x.12.46 D 235634 235633     38
 236037 209490      411.6272    75      414.4465      407.6008  6717126    1.65%          x.8.49 D 236037 236036     61
 236420 209839      410.4127    87      414.4465      407.6012  6726732    1.65%         x.40.27 D 236420 236419     71
 236790 210155      413.1398    79      414.4465      407.6017  6737455    1.65%         x.15.55 D 236790 236789     96
 237273 210568      409.5056    88      414.4465      407.6025  6744847    1.65%         x.40.14 D 237273 237272     81
 237740 210991      412.2565    77      414.4465      407.6035  6752999    1.65%         x.31.19 U 237740 237739    103
 238120 211325      412.2056    92      414.4465      407.6037  6762432    1.65%          x.12.7 D 238120 238119     54
Elapsed time = 1840.80 sec. (2198709.28 ticks, tree = 11448.71 MB, solutions = 12)
Nodefile size = 9401.03 MB (9324.11 MB after compression)
 238484 211645      410.6667    90      414.4465      407.6041  6772378    1.65%          x.50.6 U 238484  71271     23
 238905 212029      410.5555    91      414.4465      407.6051  6780322    1.65%         x.15.25 D 238905 238904     83
 239368 212460      412.1415    73      414.4465      407.6060  6787946    1.65%         x.34.27 D 239368 239367     47
 239730 212787      411.6927    84      414.4465      407.6064  6797085    1.65%         x.12.47 N 239730 239729     56
 240120 213129      409.5113    90      414.4465      407.6069  6805568    1.65%          x.28.3 D 240120 240119     49
 240539 213489      411.4111    99      414.4465      407.6079  6814736    1.65%         x.12.10 D 240539 240538     67
 240903 213797      408.1134    91      414.4465      407.6095  6823926    1.65%         x.12.12 D 240903 240902     27
 241280 214142      408.1004    91      414.4465      407.6100  6833358    1.65%         x.12.48 D 241280 241279     25
 241676 214476      410.4189    88      414.4465      407.6107  6842425    1.65%         x.40.49 D 241676 241675     35
 242078 214843      414.3634    58      414.4465      407.6111  6850880    1.65%         x.42.36 U 242078 242076     95
Elapsed time = 1874.76 sec. (2236909.27 ticks, tree = 11683.27 MB, solutions = 12)
Nodefile size = 9635.63 MB (9557.01 MB after compression)
 242530 215255      408.9190    77      414.4465      407.6119  6858568    1.65%         x.15.47 D 242530 242529    149
 242949 215645      408.7014    87      414.4465      407.6124  6866983    1.65%         x.12.54 D 242949 242948    123
 243333 215989      409.4943    90      414.4465      407.6133  6876716    1.65%          x.6.40 D 243333 243332     59
 243740 216353        cutoff            414.4465      407.6141  6884780    1.65%          x.2.35 D 243740 243739    154
 244138 216690      412.2945    72      414.4465      407.6149  6894004    1.65%          x.8.36 D 244138 244137     84
 244473 216967      413.9068    80      414.4465      407.6168  6904116    1.65%         x.21.27 D 244473 244472     75
 244867 217312      409.8769    88      414.4465      407.6173  6913264    1.65%         x.15.35 D 244867 244866     83
 245320 217726      412.5555    53      414.4465      407.6179  6921113    1.65%         x.58.48 D 245320 245319    212
 245760 218112      408.8872    78      414.4465      407.6182  6928754    1.65%         x.12.54 D 245760 245759    112
 246119 218435      409.3167    87      414.4465      407.6191  6936740    1.65%          x.28.0 D 246119 246118     67
Elapsed time = 1908.90 sec. (2275154.47 ticks, tree = 11923.28 MB, solutions = 12)
Nodefile size = 9875.93 MB (9795.85 MB after compression)
 246534 218811      412.3213    66      414.4465      407.6195  6945215    1.65%         x.21.27 D 246534 246533     93
 246920 219143      411.5278    75      414.4465      407.6204  6954270    1.65%         x.15.53 D 246920 246919     91
 247348 219523      409.0278    84      414.4465      407.6210  6962644    1.65%          x.26.9 D 247348 247347     17
 247730 219879      410.5093    89      414.4465      407.6216  6971095    1.65%           x.1.6 D 247730 247729     32
 248104 220223      410.8999    95      414.4465      407.6220  6979690    1.65%         x.12.47 D 248104 248103     56
 248536 220602      411.4102    81      414.4465      407.6222  6988921    1.65%          x.20.4 D 248536 248535     31
 248904 220928      410.7345    81      414.4465      407.6230  6998144    1.65%         x.40.58 D 248904 248903     65
 249337 221336      410.7505    63      414.4465      407.6231  7005756    1.65%         x.32.59 D 249337 249336    197
 249700 221661      411.5192    73      414.4465      407.6237  7015493    1.65%          x.12.7 D 249700 249699     36
 250070 221995      410.2711    75      414.4465      407.6244  7024514    1.65%         x.12.53 D 250070 250069    110
Elapsed time = 1942.82 sec. (2313396.77 ticks, tree = 12161.79 MB, solutions = 12)
Nodefile size = 10114.16 MB (10032.23 MB after compression)
 250451 222342      411.3338    79      414.4465      407.6252  7033571    1.65%         x.47.35 U 250451 250450     24
 250901 222761      410.0760    72      414.4465      407.6253  7040464    1.65%          x.8.12 D 250901 250900    152
 251299 223112      413.3903    83      414.4465      407.6260  7050153    1.65%          x.9.50 U 251299 251298     28
 251692 223462      412.6289    71      414.4465      407.6267  7059251    1.65%         x.52.39 D 251692 251691     86
 252100 223826      409.6960    82      414.4465      407.6273  7068026    1.65%         x.12.53 D 252100 252099     54
 252490 224189      411.9068    78      414.4465      407.6280  7076046    1.65%         x.15.55 D 252490 252489    152
 252870 224526      413.9785    93      414.4465      407.6288  7085462    1.65%         x.28.19 D 252870 252869     97
 253279 224890      413.8303    73      414.4465      407.6296  7094449    1.64%         x.57.27 D 253279 253278    132
 253686 225267      413.7357    67      414.4465      407.6302  7102750    1.64%         x.58.15 U 253686 253685    141
 254070 225597      411.5015    79      414.4465      407.6316  7111545    1.64%         x.12.52 D 254070 254069     81
Elapsed time = 1976.92 sec. (2351656.42 ticks, tree = 12404.60 MB, solutions = 12)
Nodefile size = 10357.18 MB (10273.55 MB after compression)
 254505 225985      413.9588    83      414.4465      407.6318  7119533    1.64%         x.52.39 U 254505 254503    124
 254850 226292      409.1442    84      414.4465      407.6322  7128251    1.64%         x.15.22 D 254850 254849     75
 255215 226612      409.0243    88      414.4465      407.6327  7137992    1.64%         x.12.31 D 255215 255214     36
 255600 226956      411.5560    76      414.4465      407.6330  7147779    1.64%          x.15.0 D 255600 255599     69
 255977 227260      411.2124    83      414.4465      407.6334  7157922    1.64%         x.40.56 D 255977 255976     71
 256350 227603      409.6697    79      414.4465      407.6342  7166310    1.64%         x.43.19 D 256350 256349     69
 256722 227939      409.4911    82      414.4465      407.6346  7175074    1.64%          x.8.46 D 256722 256721    106
 257073 228240      410.9834    72      414.4465      407.6350  7184471    1.64%          x.3.17 D 257073 257072     44
 257480 228607      413.6271    71      414.4465      407.6354  7193139    1.64%         x.13.27 D 257480 257479     57
 257850 228935      412.5378    69      414.4465      407.6360  7202458    1.64%          x.52.0 D 257850 257849     79
Elapsed time = 2010.71 sec. (2390304.21 ticks, tree = 12630.72 MB, solutions = 12)
Nodefile size = 10583.65 MB (10498.16 MB after compression)
 258251 229294      408.4550    85      414.4465      407.6367  7211513    1.64%          x.27.6 D 258251 258250     22
 258655 229662      412.0348    79      414.4465      407.6370  7219673    1.64%         x.32.27 D 258655 258654     41
 259033 229987      410.7060    92      414.4465      407.6383  7229334    1.64%          x.47.6 D 259033 259032     38
 259397 230311      412.2846    93      414.4465      407.6386  7238487    1.64%          x.4.28 D 259397 259396     32
 259745 230621      410.8221    79      414.4465      407.6391  7248370    1.64%         x.55.40 U 259745 259744     51
 260160 230998      410.3467    81      414.4465      407.6396  7256661    1.64%         x.44.36 N 260160 260159     80
 260537 231336      409.2779    88      414.4465      407.6407  7265114    1.64%         x.28.37 D 260537 260536     40
 260984 231747        cutoff            414.4465      407.6413  7273088    1.64%         x.50.41 D 260984 260982     27
 261343 232053      410.6786    80      414.4465      407.6426  7280416    1.64%          x.10.6 D 261343 261342     30
 261714 232370      411.4923    83      414.4465      407.6429  7287810    1.64%         x.15.28 D 261714 261713    111
Elapsed time = 2044.78 sec. (2428527.88 ticks, tree = 12864.42 MB, solutions = 12)
Nodefile size = 10816.65 MB (10729.40 MB after compression)
 262090 232715      414.1372    55      414.4465      407.6431  7296290    1.64%          x.13.5 N 262090 262089    101
 262466 233046      410.7149    88      414.4465      407.6436  7303851    1.64%         x.34.27 D 262466 262465    149
 262880 233410      411.3382    80      414.4465      407.6442  7312008    1.64%          x.8.14 D 262880 262879     98
 263294 233792      413.2888    83      414.4465      407.6444  7319368    1.64%         x.34.27 D 263294 263293     68
 263644 234099      410.4520    83      414.4465      407.6451  7328740    1.64%         x.15.14 D 263644 263643     80
 264056 234475      411.1184    83      414.4465      407.6460  7336985    1.64%          x.8.46 D 264056 264055    102
 264405 234780      409.8482    80      414.4465      407.6467  7346328    1.64%         x.47.35 U 264405 264404     31
 264823 235154      411.3119    80      414.4465      407.6473  7354312    1.64%         x.12.10 D 264823 264822     58
 265201 235478      413.5473    72      414.4465      407.6485  7363182    1.64%         x.15.24 D 265201 265200     37
 265570 235791      409.2097    84      414.4465      407.6498  7372544    1.64%         x.28.11 D 265570 265569     42
Elapsed time = 2078.85 sec. (2466746.95 ticks, tree = 13097.86 MB, solutions = 12)
Nodefile size = 11050.03 MB (10961.22 MB after compression)
 265973 236166      412.5250    70      414.4465      407.6500  7382150    1.64%         x.21.27 D 265973 265972    126
 266400 236547      411.3020    74      414.4465      407.6506  7388844    1.64%          x.52.0 D 266400 266399    145
 266822 236920      409.5997    80      414.4465      407.6511  7396214    1.64%         x.12.22 D 266822 266821     72
 267163 237205      412.5482    81      414.4465      407.6519  7406495    1.64%         x.15.14 D 267163 267162     36
 267532 237512      412.7880    71      414.4465      407.6524  7415662    1.64%         x.22.36 D 267532 267531    103
 267877 237818      411.7275    84      414.4465      407.6534  7425661    1.64%         x.52.45 D 267877 267876     92
 268251 238148      410.4259    68      414.4465      407.6541  7433662    1.64%         x.18.12 U 268251 268250    117
 268616 238460      411.8779    66      414.4465      407.6547  7442452    1.64%         x.12.32 D 268616 268615    153
 268947 238751      408.3918    91      414.4465      407.6562  7451536    1.64%           x.8.7 U 268947  15527     16
 269328 239092      412.3999    78      414.4465      407.6570  7460197    1.64%         x.31.35 D 269328 269327     81
Elapsed time = 2115.69 sec. (2505058.66 ticks, tree = 13324.10 MB, solutions = 12)
Nodefile size = 11276.43 MB (11185.82 MB after compression)
 269720 239450      413.7651    72      414.4465      407.6574  7467587    1.64%         x.57.27 D 269720 269719     95
 270110 239786      413.0695    61      414.4465      407.6580  7474749    1.64%          x.3.28 D 270110 270109    108
 270512 240158      411.4194    76      414.4465      407.6585  7483421    1.64%          x.15.7 D 270512 270511     70
