proble size: m = 5 , n = 5 , seed = 10 
Benders' cuts separated to cut off: Integer and fractional infeasible solutions.
seed = 10
Version identifier: 20.1.0.0 | 2020-11-10 | 9bedb6d68
CPXPARAM_Threads                                 1
CPXPARAM_RandomSeed                              10
CPXPARAM_MIP_Strategy_CallbackReducedLP          0
CPXPARAM_MIP_Strategy_Search                     1
CPXPARAM_TimeLimit                               3600
CPXPARAM_MIP_Tolerances_AbsMIPGap                0
CPXPARAM_MIP_Tolerances_MIPGap                   0
Legacy callback                                  LU
Tried aggregator 1 time.
Reduced MIP has 60 rows, 3660 columns, and 3600 nonzeros.
Reduced MIP has 3600 binaries, 0 generals, 0 SOSs, and 0 indicators.
Presolve time = 0.00 sec. (1.40 ticks)
Probing time = 0.00 sec. (3.60 ticks)
Clique table members: 60.
MIP emphasis: balance optimality and feasibility.
MIP search method: traditional branch-and-cut.
Parallel mode: none, using 1 thread.
Root relaxation solution time = 0.00 sec. (0.75 ticks)

        Nodes                                         Cuts/
   Node  Left     Objective  IInf  Best Integer    Best Bound    ItCnt     Gap         Variable B NodeID Parent  Depth

      0     0        0.0000    48                      0.0000        0         
*     0+    0                         1768.9771        0.0000           100.00%
*     0+    0                         1306.3969        0.0000           100.00%
      0     0      185.5316    84     1306.3969     Fract: 37      217   85.80%
*     0+    0                         1126.2436      185.5316            83.53%
*     0+    0                          941.3408      185.5316            80.29%
      0     0      322.0781    78      941.3408     Fract: 26      375   65.79%
*     0+    0                          684.6158      322.0781            52.95%
      0     0      386.4172    95      684.6158 UserPurge2: 24      440   43.56%
*     0+    0                          514.3235      386.4172            24.87%
      0     0      393.9401    94      514.3235 UserPurge2: 8      466   23.41%
*     0+    0                          478.2072      393.9401            17.62%
      0     0      394.0315    90      478.2072 UserPurge2: 1      471   17.60%
*     0+    0                          473.1790      394.0315            16.73%
*     0+    0                          466.8672      394.0315            15.60%
*     0+    0                          418.2321      394.0315             5.79%
      0     2      394.1664    97      418.2321      394.5596      471    5.66%                        0             0
Elapsed time = 0.19 sec. (225.61 ticks, tree = 0.01 MB, solutions = 10)
*    10+   10                          415.5169      403.2898             2.94%
     10    12      404.4108    89      415.5169      403.2898     1874    2.94%          x.25.9 N     10      8      7
     32    34      405.4035    83      415.5169      403.2898     2929    2.94%         x.37.27 N     32     31     25
     49    51      406.0514    75      415.5169      403.2898     3866    2.94%         x.57.34 N     49     47     37
     63    65      406.8241    77      415.5169      403.2898     4330    2.94%          x.16.7 N     63     62     51
     80    80      409.7026    79      415.5169      403.2898     5144    2.94%         x.38.34 N     80     79     65
     96    94      412.6960    78      415.5169      403.2898     6074    2.94%         x.38.55 N     96     94     79
    114   101      414.3281    72      415.5169      403.2898     6748    2.94%         x.16.34 N    114    113     94
    140   110      403.5032    95      415.5169      403.3494     7444    2.93%         x.47.35 N    140    139      3
    160   130      405.3545    97      415.5169      403.3494     8918    2.93%         x.24.42 N    160    157     17
    248   214      408.7404    77      415.5169      403.3494    12473    2.93%          x.42.7 N    248    247     88
Elapsed time = 3.01 sec. (3593.51 ticks, tree = 2.58 MB, solutions = 11)
    332   275      407.1204    91      415.5169      403.3697    16661    2.92%         x.34.17 N    332    331     14
    449   392      407.6330    70      415.5169      403.5041    19948    2.89%         x.46.30 U    449    448     49
    546   479      413.2271    47      415.5169      403.5041    22614    2.89%         x.27.52 N    546    545    146
    640   558      413.1702    58      415.5169      403.5883    26089    2.87%         x.25.34 D    640    639     79
    718   623      407.5068    86      415.5169      403.6389    29832    2.86%         x.32.27 N    718    716     25
    801   705      411.6765    69      415.5169      403.6389    34147    2.86%         x.46.30 N    801    799     89
    878   765      409.7350    80      415.5169      403.7365    38095    2.84%         x.35.34 N    878    877     17
    960   842      408.9332    85      415.5169      403.7661    41189    2.83%         x.15.39 D    960    959     16
   1058   934      409.2622    82      415.5169      403.9475    45184    2.78%         x.51.20 N   1058   1057     78
   1160  1022      406.4972    92      415.5169      403.9665    47985    2.78%           x.2.6 U   1160    684      3
Elapsed time = 11.11 sec. (13281.96 ticks, tree = 19.24 MB, solutions = 11)
   1261  1115      405.9486    92      415.5169      403.9692    51995    2.78%         x.37.27 N   1261   1259     10
   1370  1222      410.3202    70      415.5169      403.9692    56479    2.78%          x.7.34 D   1370   1369     94
   1486  1318      414.4011    64      415.5169      403.9692    59605    2.78%          x.27.9 N   1486   1485    197
   1600  1422      408.6962    71      415.5169      403.9825    62789    2.78%         x.25.34 D   1600   1599    106
   1710  1521      411.4167    66      415.5169      403.9825    64649    2.78%          x.37.2 D   1710   1709    216
   1826  1623      408.6915    87      415.5169      404.0089    69589    2.77%         x.30.12 N   1826   1825     26
   1932  1724      409.4748    86      415.5169      404.0092    73980    2.77%         x.58.15 U   1932   1931     47
   2024  1811      412.3077    75      415.5169      404.0285    78431    2.76%         x.38.34 N   2024   2023     27
   2155  1928      412.3896    82      415.5169      404.0682    82475    2.76%         x.20.21 D   2155   2154     84
   2283  2040      407.1846    92      415.5169      404.1030    85360    2.75%          x.40.9 D   2283   2282     31
Elapsed time = 19.39 sec. (22894.25 ticks, tree = 47.19 MB, solutions = 11)
   2395  2150      412.2484    71      415.5169      404.1030    88841    2.75%         x.15.18 N   2395   2394    143
   2485  2228      409.1026    86      415.5169      404.1078    91877    2.75%         x.47.10 N   2485   2484     22
   2606  2344      413.6956    60      415.5169      404.1078    95070    2.75%          x.27.0 N   2606   2605    143
   2701  2433      409.9565    95      415.5169      404.1199    98254    2.74%         x.27.20 D   2701   2700     72
   2807  2537      414.2270    74      415.5169      404.1199   101724    2.74%         x.24.56 N   2807   2806    178
   2884  2608      411.8926    83      415.5169      404.1362   105941    2.74%         x.35.51 N   2884   2883     43
   2990  2708      411.9179    80      415.5169      404.1593   110335    2.73%         x.34.10 N   2990   2989     90
   3101  2813      410.7149    93      415.5169      404.1620   114371    2.73%         x.24.42 D   3101   3100     47
   3243  2948      409.1114    87      415.5169      404.1752   118572    2.73%         x.48.44 D   3243   3242     45
   3400  3096      407.5859    80      415.5169      404.1796   122508    2.73%         x.24.19 D   3400   3399     18
Elapsed time = 27.29 sec. (32527.21 ticks, tree = 81.00 MB, solutions = 11)
   3541  3234      413.9092    59      415.5169      404.1796   125977    2.73%         x.51.43 N   3541   3540    159
   3640  3317      411.9702    69      415.5169      404.1986   129204    2.72%         x.27.28 U   3640   3638     59
   3736  3408      412.1169    84      415.5169      404.2097   133417    2.72%         x.23.34 D   3736   3735     71
   3850  3518      409.2424    85      415.5169      404.2228   137401    2.72%          x.27.5 D   3850   3849     55
   3956  3623      412.5944    66      415.5169      404.2228   140465    2.72%          x.2.28 N   3956   3955    161
   4053  3706      413.9604    47      415.5169      404.2228   142074    2.72%         x.27.18 N   4053   4052    258
   4154  3798      414.6626    80      415.5169      404.2229   146102    2.72%         x.35.26 D   4154   4153     92
   4261  3897      408.2337    82      415.5169      404.2403   150532    2.71%         x.59.34 N   4261   4260     17
   4370  4000      411.8038    79      415.5169      404.2441   154887    2.71%         x.27.52 D   4370   4369     78
   4483  4109      412.6054    75      415.5169      404.2640   158877    2.71%         x.19.47 N   4483   4482     68
Elapsed time = 35.03 sec. (42133.81 ticks, tree = 115.75 MB, solutions = 11)
   4609  4231      412.9194    83      415.5169      404.3048   162991    2.70%         x.55.44 D   4609   4608     80
   4728  4342      410.6450    86      415.5169      404.3051   166141    2.70%         x.55.40 D   4728   4727     50
   4817  4427      408.4506    90      415.5169      404.3145   169882    2.70%         x.38.34 D   4817   4816     24
   4914  4516      405.4267    92      415.5169      404.3248   174480    2.69%         x.37.17 D   4914   4913     12
   5016  4618      414.4204    80      415.5169      404.3248   178391    2.69%         x.28.26 N   5016   5015    114
*  5050+ 4306                          414.4554      404.3344             2.44%
*  5070+ 4326                          414.4554      404.3344             2.44%
*  5080+ 4336                          414.4554      404.3344             2.44%
   5090  4348      407.8491    65      414.4554      404.3344   180151    2.44%         x.27.31 D   5090   5089     52
*  5100+ 4356                          414.4554      404.3344             2.44%
*  5140+ 4395                          414.4554      404.3344             2.44%
   5151  4408      411.1758    58      414.4554      404.3344   181913    2.44%          x.27.0 N   5151   5150    113
*  5180+ 4432                          414.4554      404.3344             2.44%
   5220  4471      412.5154    48      414.4554      404.3344   183209    2.44%         x.34.46 D   5220   5219    182
   5280  4521      409.6547    91      414.4554      404.3758   184850    2.43%          x.50.9 D   5280   5279     20
   5380  4621      413.1226    64      414.4554      404.3758   187259    2.43%          x.24.4 D   5380   5379    120
Elapsed time = 42.63 sec. (52152.01 ticks, tree = 135.56 MB, solutions = 17)
   5451  4688      410.8171    92      414.4554      404.3830   189963    2.43%         x.35.26 D   5451   5450     53
   5500  4731      408.1174    86      414.4554      404.3967   192528    2.43%         x.44.44 N   5500   5497     15
   5600  4818      406.1348    92      414.4554      404.4118   195878    2.42%         x.37.44 D   5600   5599     45
   5690  4908      412.7470    76      414.4554      404.4118   198856    2.42%         x.47.24 D   5690   5689    135
   5770  4981      407.6858    80      414.4554      404.4220   201360    2.42%         x.18.44 N   5770   5769     43
   5869  5076      405.8198    84      414.4554      404.4247   204746    2.42%         x.38.34 N   5869   5868     17
   5959  5166      412.6795    67      414.4554      404.4247   208116    2.42%          x.7.34 N   5959   5958    107
   6078  5278      412.8162    78      414.4554      404.4358   211978    2.42%         x.13.27 D   6078   6077    103
   6160  5348      408.5277    84      414.4554      404.4506   215446    2.41%           x.7.9 D   6160   6159     36
   6268  5452      412.0691    82      414.4554      404.4543   219321    2.41%         x.29.26 D   6268   6267     63
Elapsed time = 50.51 sec. (61837.84 ticks, tree = 166.31 MB, solutions = 17)
   6362  5542      411.5747    73      414.4554      404.4602   222575    2.41%         x.50.26 D   6362   6361     93
   6467  5643      414.0836    88      414.4554      404.4604   226287    2.41%          x.41.9 D   6467   6466     48
   6554  5712      410.5452    91      414.4554      404.4767   229489    2.41%         x.34.17 D   6554   6553     60
   6639  5793      408.4178    87      414.4554      404.4799   233088    2.41%         x.22.27 D   6639   6638     43
   6713  5867      412.1601    75      414.4554      404.4799   235394    2.41%         x.28.26 D   6713   6712    117
   6808  5953      408.2543    87      414.4554      404.4880   237763    2.40%         x.35.26 D   6808   6807     41
   6915  6055      409.1735    91      414.4554      404.5081   241888    2.40%          x.3.19 D   6915   6914     24
   7010  6144      407.6620    86      414.4554      404.5169   246112    2.40%         x.22.44 D   7010   7008     41
   7111  6239      412.2715    73      414.4554      404.5352   250444    2.39%         x.24.42 U   7111   7110     82
   7230  6350      413.5676    73      414.4554      404.5449   254251    2.39%          x.12.7 D   7230   7229     87
Elapsed time = 58.22 sec. (71441.62 ticks, tree = 200.18 MB, solutions = 17)
   7346  6460      411.1407    89      414.4554      404.5493   258019    2.39%          x.6.28 N   7346   7345    113
   7470  6575      407.2839    82      414.4554      404.5505   260466    2.39%          x.57.6 U   7470   6605     10
   7580  6681      410.3040    79      414.4554      404.5534   264623    2.39%         x.52.24 D   7580   7579     29
   7684  6779      411.8429    84      414.4554      404.5618   268656    2.39%          x.6.54 D   7684   7683     97
   7810  6900      409.7860    87      414.4554      404.5692   272225    2.39%          x.1.44 D   7810   7809     53
   7935  7020      408.3161    84      414.4554      404.5727   275838    2.38%         x.32.44 D   7935   7934     41
   8030  7111      405.3914    78      414.4554      404.5738   278985    2.38%         x.42.34 D   8030   8029     18
   8152  7233      413.8051    61      414.4554      404.5738   282789    2.38%         x.43.10 D   8152   8151    140
   8244  7311      407.0508    89      414.4554      404.5824   286814    2.38%         x.29.19 D   8244   8243     30
   8344  7406      408.5458    89      414.4554      404.5847   290752    2.38%         x.37.27 D   8344   8343     23
Elapsed time = 65.94 sec. (81077.07 ticks, tree = 240.91 MB, solutions = 17)
   8454  7511      413.4550    78      414.4554      404.5913   294882    2.38%          x.50.3 D   8454   8453     74
   8576  7629      413.5016    82      414.4554      404.6183   298566    2.37%          x.15.7 N   8576   8575    111
   8668  7708      407.2384    95      414.4554      404.6355   302272    2.37%         x.29.19 D   8668   8667     32
   8775  7811      408.1705    89      414.4554      404.6436   306218    2.37%         x.24.19 D   8775   8774     31
   8874  7906      406.6843   101      414.4554      404.6441   309375    2.37%           x.7.9 N   8874   8873     31
   8985  8013      409.3160    83      414.4554      404.6464   313086    2.37%         x.24.19 D   8985   8984     32
   9086  8108      409.3672    85      414.4554      404.6565   317518    2.36%         x.59.44 U   9086   9084     40
   9200  8212      409.8644    69      414.4554      404.6582   320919    2.36%         x.27.25 D   9200   9199     97
   9366  8370      412.4928    49      414.4554      404.6582   323752    2.36%         x.43.56 D   9366   9365    263
   9802  8761      405.0484    93      414.4554      404.6713   338580    2.36%         x.28.26 U   9802    152     13
Elapsed time = 76.21 sec. (93653.33 ticks, tree = 294.52 MB, solutions = 17)
  10254  9200      413.3517    53      414.4554      404.6883   352436    2.36%         x.58.15 N  10254  10253    174
  10693  9613      406.2643    92      414.4554      404.7257   366903    2.35%         x.14.27 D  10693  10692     24
  11123 10020      405.4684    81      414.4554      404.7423   380930    2.34%         x.24.27 N  11123  11122     22
  11537 10407      406.8938    85      414.4554      404.7669   394807    2.34%         x.57.44 D  11537  11536     38
  11958 10788      405.5476    89      414.4554      404.7965   410037    2.33%         x.15.27 D  11958  11957     25
  12428 11244      414.0217    58      414.4554      404.8256   423758    2.32%           x.7.7 N  12428  12427    184
  12870 11664      412.5538    78      414.4554      404.8390   437303    2.32%         x.27.52 D  12870  12869     73
  13310 12062      408.8501    83      414.4554      404.8484   452312    2.32%         x.12.44 D  13310  13309     46
  13708 12438      412.4341    80      414.4554      404.8530   466976    2.32%         x.43.19 D  13708  13707     24
  14173 12878      412.3135    74      414.4554      404.8634   481174    2.31%         x.27.41 D  14173  14172    149
Elapsed time = 107.65 sec. (131889.99 ticks, tree = 462.30 MB, solutions = 17)
  14650 13321      407.9573    91      414.4554      404.8993   495452    2.31%          x.3.19 D  14650  14649     43
  15083 13734      406.2288    92      414.4554      404.9065   510183    2.30%          x.26.9 D  15083  15082     23
  15518 14143      411.6984    74      414.4554      404.9242   524573    2.30%          x.48.3 U  15518  15517     72
  15921 14516      406.5241    85      414.4554      404.9349   539564    2.30%          x.50.9 D  15921  15920     31
  16340 14912      411.1536    80      414.4554      404.9415   553602    2.30%         x.27.31 D  16340  16339     75
  16740 15279      407.1019    95      414.4554      404.9587   567902    2.29%          x.50.6 D  16740  16739     22
  17150 15661      409.4029    85      414.4554      404.9782   581838    2.29%          x.44.9 D  17150  17149     30
  17538 16022      408.5028    86      414.4554      404.9819   596975    2.29%         x.47.44 D  17538  17537     53
  17969 16426      413.7534    60      414.4554      404.9944   610657    2.28%         x.15.28 D  17969  17968    159
  18370 16792      413.2189    73      414.4554      404.9977   624158    2.28%           x.7.7 D  18370  18369    114
Elapsed time = 139.33 sec. (170132.09 ticks, tree = 629.06 MB, solutions = 17)
  18730 17125      412.1899    80      414.4554      405.0047   637950    2.28%         x.35.51 D  18730  18729     87
  19160 17529      406.1168    82      414.4554      405.0142   650502    2.28%         x.49.44 D  19160  19159     37
  19544 17874        cutoff            414.4554      405.0223   664857    2.28%         x.24.27 U  19544  19542     19
  19990 18297      408.2033    99      414.4554      405.0304   677427    2.27%         x.43.34 D  19990  19989     15
  20430 18704      408.7804    75      414.4554      405.0439   691465    2.27%          x.9.50 U  20430  20429     56
  20857 19100      407.7317    83      414.4554      405.0564   705113    2.27%          x.9.44 D  20857  20856     55
  21290 19497      406.4730    93      414.4554      405.0648   719403    2.27%         x.22.34 D  21290  21289     30
  21720 19893      413.8446    88      414.4554      405.0720   732799    2.26%          x.27.2 N  21720  21719     70
  22188 20318      412.1134    87      414.4554      405.0862   745422    2.26%         x.27.31 D  22188  22187     76
  22630 20727      412.9580    84      414.4554      405.0894   757140    2.26%         x.13.27 D  22630  22629     66
Elapsed time = 170.96 sec. (208329.40 ticks, tree = 800.95 MB, solutions = 17)
  23041 21104      411.3049    80      414.4554      405.1023   770186    2.26%         x.26.34 U  23041   7600     14
  23466 21487      412.3850    89      414.4554      405.1096   783880    2.25%         x.26.34 U  23466  23464     20
  23875 21844      410.1843    90      414.4554      405.1213   797545    2.25%          x.6.40 U  23875  23874     40
  24327 22248      411.7003    93      414.4554      405.1252   811010    2.25%         x.12.15 D  24327  24326     53
  24764 22657      411.7436    89      414.4554      405.1331   823944    2.25%         x.11.44 D  24764  24763     54
  25202 23057      409.8473    87      414.4554      405.1400   837530    2.25%         x.49.44 D  25202  25201     40
  25675 23500      410.3488    79      414.4554      405.1434   849572    2.25%         x.29.19 D  25675  25674     56
  26141 23927      410.2419    90      414.4554      405.1516   862662    2.24%         x.12.50 D  26141  26140     93
  26622 24344      407.3142    85      414.4554      405.1566   875130    2.24%         x.34.17 D  26622  26621     33
  27075 24768      408.3673    82      414.4554      405.1596   888046    2.24%         x.30.26 D  27075  27074     55
Elapsed time = 202.87 sec. (246547.73 ticks, tree = 981.98 MB, solutions = 17)
  27536 25195      405.8980    83      414.4554      405.1655   900354    2.24%         x.34.34 D  27536  27535     13
  28000 25632      411.3426    83      414.4554      405.1672   911352    2.24%         x.27.33 D  28000  27999     73
  28420 25995      413.7870    85      414.4554      405.1744   925051    2.24%         x.23.44 D  28420  28419     26
  28934 26480      410.0390    81      414.4554      405.1808   936671    2.24%          x.12.2 D  28934  28933     92
  29400 26912      413.5871    73      414.4554      405.1834   949363    2.24%          x.41.9 D  29400  29399     90
  29873 27343      411.1971    77      414.4554      405.1860   961098    2.24%         x.27.31 D  29873  29872    118
  30383 27833      411.9410    55      414.4554      405.1933   973318    2.23%          x.27.0 D  30383  30382    200
  30883 28287      413.1035    69      414.4554      405.1970   985689    2.23%          x.33.3 U  30883  30882    150
  31276 28641      411.2546    79      414.4554      405.2017   999356    2.23%         x.10.53 D  31276  31275    116
  31780 29109      407.4829    87      414.4554      405.2068  1010761    2.23%          x.50.6 D  31780  31779     22
Elapsed time = 234.40 sec. (284973.98 ticks, tree = 1180.77 MB, solutions = 17)
  32197 29479      411.5621    88      414.4554      405.2127  1023949    2.23%         x.32.27 D  32197  32196     61
  32620 29863      406.3870    94      414.4554      405.2191  1036380    2.23%          x.50.9 D  32620  32619     19
  33067 30277      413.9257    80      414.4554      405.2265  1049297    2.23%          x.10.1 D  33067  33066    143
  33440 30612      411.3633    74      414.4554      405.2307  1063316    2.23%          x.12.4 D  33440  33439     74
  33918 31040      406.5522    80      414.4554      405.2367  1075734    2.22%          x.50.9 D  33918  33917     30
  34396 31481      408.4404    92      414.4554      405.2383  1085691    2.22%          x.40.9 D  34396  34395     31
  34883 31942      410.7161    71      414.4554      405.2415  1097481    2.22%         x.27.28 N  34883  34882     57
  35365 32378      411.0190    80      414.4554      405.2455  1109685    2.22%         x.15.10 D  35365  35364    105
  35805 32786      410.2672    85      414.4554      405.2505  1122673    2.22%         x.27.35 D  35805  35804     92
  36220 33170      409.1775    86      414.4554      405.2522  1134491    2.22%         x.42.34 D  36220  36219     18
Elapsed time = 266.20 sec. (323221.16 ticks, tree = 1371.54 MB, solutions = 17)
  36625 33538      406.2919    92      414.4554      405.2565  1147309    2.22%         x.57.34 D  36625  36624     13
  37118 34002      405.7533    92      414.4554      405.2628  1158938    2.22%         x.45.34 D  37118  37117     26
  37538 34387      412.9672    89      414.4554      405.2664  1172012    2.22%         x.23.44 U  37538  37536     35
  37997 34798      414.3377    77      414.4554      405.2699  1184054    2.22%           x.7.9 D  37997  37996     24
  38402 35169      411.2566    82      414.4554      405.2727  1196297    2.22%         x.24.47 D  38402  38401    122
  38864 35591      410.5614    75      414.4554      405.2756  1207417    2.21%         x.15.56 D  38864  38863    108
  39271 35952      411.6933    78      414.4554      405.2822  1219815    2.21%         x.11.44 D  39271  39270     42
  39723 36357      411.6049    85      414.4554      405.2858  1230448    2.21%         x.27.36 D  39723  39722    163
  40133 36736      408.2386    96      414.4554      405.2893  1242665    2.21%         x.15.27 D  40133  40132     32
  40500 37073      406.7023    92      414.4554      405.2972  1255311    2.21%         x.43.34 D  40500  40499     19
Elapsed time = 298.09 sec. (361402.41 ticks, tree = 1557.26 MB, solutions = 17)
  40883 37415      406.0052    83      414.4554      405.3035  1267321    2.21%          x.9.50 U  40883  40880     16
  41284 37771      414.0630    75      414.4554      405.3067  1280399    2.21%         x.55.40 N  41284  41281     74
  41787 38256      414.1292    83      414.4554      405.3095  1291821    2.21%          x.8.29 D  41787  41786     73
  42169 38604      413.2805    78      414.4554      405.3157  1304396    2.21%          x.27.2 D  42169  42168     41
  42595 38989      411.2338    82      414.4554      405.3194  1316015    2.20%         x.22.27 D  42595  42594     55
  42987 39329      411.1484    82      414.4554      405.3283  1327915    2.20%         x.14.27 D  42987  42986     58
  43385 39686      411.0706    89      414.4554      405.3320  1339506    2.20%         x.21.44 N  43385  43384     54
  43751 40012      407.1836    85      414.4554      405.3367  1351917    2.20%          x.9.34 D  43751  43750     18
  44174 40398      411.9440    87      414.4554      405.3387  1365173    2.20%          x.27.5 D  44174  44173     79
  44597 40792      405.4858    80      414.4554      405.3415  1377040    2.20%          x.9.34 D  44597  44596     11
Elapsed time = 329.83 sec. (399586.91 ticks, tree = 1736.69 MB, solutions = 17)
  45065 41233      407.0588    87      414.4554      405.3431  1389124    2.20%         x.12.49 D  45065  45064     36
  45514 41653      413.0069    85      414.4554      405.3456  1400946    2.20%         x.19.19 D  45514  45513     66
  45956 42057      413.6930    77      414.4554      405.3480  1412623    2.20%         x.27.52 N  45956  45955     84
  46347 42407      412.6979    87      414.4554      405.3511  1425412    2.20%         x.35.34 U  46347  19301     20
  46752 42762      414.1779    73      414.4554      405.3576  1437971    2.20%          x.48.3 U  46752  46751    148
  47230 43189      413.1090    75      414.4554      405.3621  1449406    2.19%         x.27.53 D  47230  47229     71
  47670 43600      409.7184    83      414.4554      405.3652  1459737    2.19%         x.14.27 D  47670  47669     90
  48081 43953      408.3868    85      414.4554      405.3689  1473089    2.19%         x.24.27 D  48081  48080     32
  48500 44345      409.0842    87      414.4554      405.3741  1484708    2.19%         x.29.19 N  48500  48499     34
  48955 44767      409.6835    76      414.4554      405.3775  1496493    2.19%           x.9.7 D  48955  48954    106
Elapsed time = 361.95 sec. (437826.88 ticks, tree = 1930.72 MB, solutions = 17)
  49335 45113      413.1171    87      414.4554      405.3819  1509522    2.19%          x.12.9 D  49335  49334     22
  49777 45516      408.0916    91      414.4554      405.3845  1521950    2.19%         x.48.44 D  49777  49776     37
  50206 45908      407.7879    89      414.4554      405.3874  1533551    2.19%         x.23.44 D  50206  50205     44
  50630 46298      408.4554    91      414.4554      405.3883  1545103    2.19%         x.46.34 D  50630  50629     25
  51097 46716      413.1841    86      414.4554      405.3918  1556165    2.19%          x.26.9 D  51097  51096     20
  51510 47079      411.9666    82      414.4554      405.3947  1568686    2.19%         x.27.20 D  51510  51509     94
  51933 47464      413.0807    81      414.4554      405.3964  1579761    2.19%         x.27.33 D  51933  51932    114
  52328 47803      408.6966    90      414.4554      405.4036  1592731    2.18%          x.6.40 U  52328  52327     32
  52739 48184      409.4949    86      414.4554      405.4055  1605379    2.18%         x.34.27 D  52739  52738     41
  53160 48567      411.3570    81      414.4554      405.4075  1616703    2.18%           x.4.6 D  53160  53159     71
Elapsed time = 394.45 sec. (476033.46 ticks, tree = 2118.13 MB, solutions = 17)
Nodefile size = 70.30 MB (69.49 MB after compression)
  53568 48929      413.2550    96      414.4554      405.4087  1628404    2.18%         x.38.34 U  53568  17426     19
  54012 49328      412.5855    87      414.4554      405.4143  1637656    2.18%          x.50.9 D  54012  54011     27
  54400 49656      412.5183    92      414.4554      405.4182  1649744    2.18%           x.7.9 D  54400  54399     22
  54810 50015      410.8834    76      414.4554      405.4209  1661879    2.18%         x.28.38 D  54810  54809     80
  55193 50369      410.1487    89      414.4554      405.4247  1674858    2.18%         x.49.44 D  55193  55192     46
  55654 50801      407.0327    99      414.4554      405.4250  1684449    2.18%          x.44.9 U  55654  14043     20
  56084 51196      408.9299    94      414.4554      405.4261  1696173    2.18%           x.9.7 D  56084  56083     29
  56440 51508      413.4957    72      414.4554      405.4272  1706965    2.18%          x.10.1 D  56440  56439    102
  56823 51844      412.6345    97      414.4554      405.4304  1719313    2.18%          x.9.34 U  56823  48311     16
  57221 52218      413.9102    81      414.4554      405.4335  1729447    2.18%         x.27.37 D  57221  57220     95
Elapsed time = 428.41 sec. (514516.03 ticks, tree = 2300.70 MB, solutions = 17)
Nodefile size = 252.80 MB (250.01 MB after compression)
  57624 52566      412.8436    82      414.4554      405.4364  1741487    2.18%         x.57.34 U  57624  10093     14
  58041 52923      411.8642    89      414.4554      405.4419  1753611    2.17%         x.26.34 U  58041  35886     11
  58530 53379      408.9571    95      414.4554      405.4439  1764017    2.17%         x.12.52 D  58530  58529     79
  58930 53743      411.4327    85      414.4554      405.4475  1776121    2.17%         x.30.26 D  58930  58929     72
  59351 54119      413.3583    86      414.4554      405.4512  1786911    2.17%          x.27.5 D  59351  59350     84
  59713 54455      411.8901    80      414.4554      405.4544  1798829    2.17%         x.28.38 D  59713  59712     58
  60077 54771      409.9160    83      414.4554      405.4574  1811782    2.17%         x.29.19 U  60077  60074     33
  60502 55163      410.1306    83      414.4554      405.4581  1822480    2.17%          x.12.4 D  60502  60501     70
  60929 55553      406.1400    93      414.4554      405.4601  1834121    2.17%         x.42.34 D  60929  60928     19
  61350 55943      409.1735    93      414.4554      405.4614  1845146    2.17%         x.59.44 D  61350  61349     42
Elapsed time = 462.37 sec. (552726.63 ticks, tree = 2489.06 MB, solutions = 17)
Nodefile size = 441.28 MB (436.67 MB after compression)
  61784 56341      409.7887    88      414.4554      405.4638  1856090    2.17%         x.29.26 D  61784  61783     68
  62209 56708      413.7020    82      414.4554      405.4653  1866442    2.17%         x.50.26 D  62209  62208     81
  62624 57094      410.4252    82      414.4554      405.4672  1877736    2.17%          x.2.44 D  62624  62623     42
  63056 57488      411.2552    80      414.4554      405.4704  1887830    2.17%         x.27.11 D  63056  63055    180
  63413 57796      408.1735    87      414.4554      405.4728  1899497    2.17%         x.45.34 D  63413  63412     24
  63803 58165      409.2005    73      414.4554      405.4742  1910561    2.17%         x.35.26 D  63803  63802     65
  64200 58501      409.7425    84      414.4554      405.4785  1922261    2.17%         x.28.26 D  64200  64199    108
  64640 58909      414.1843    77      414.4554      405.4824  1933253    2.17%         x.59.44 D  64640  64638     28
  65083 59313      410.6011    87      414.4554      405.4838  1943695    2.16%         x.48.44 D  65083  65082     46
  65441 59645      407.9355    85      414.4554      405.4874  1954357    2.16%         x.12.54 D  65441  65440     88
Elapsed time = 496.65 sec. (590961.87 ticks, tree = 2679.21 MB, solutions = 17)
Nodefile size = 631.99 MB (625.67 MB after compression)
  65816 59976      408.9391    81      414.4554      405.4926  1966669    2.16%          x.9.50 U  65816  65815     57
  66235 60354      412.1247    82      414.4554      405.4943  1977777    2.16%         x.14.27 D  66235  66234     47
  66693 60783      411.2829    85      414.4554      405.4958  1987653    2.16%         x.15.10 D  66693  66692    117
  67104 61158      407.8179    89      414.4554      405.4985  1997400    2.16%         x.29.19 D  67104  67103     60
  67537 61562        cutoff            414.4554      405.4995  2008821    2.16%          x.33.3 U  67537  67535    217
  67997 61982        cutoff            414.4554      405.5010  2019355    2.16%         x.14.27 U  67997  67995     28
  68433 62382      407.6334    97      414.4554      405.5029  2030033    2.16%         x.59.34 D  68433  68432     29
  68831 62741      407.6585    88      414.4554      405.5047  2041340    2.16%         x.42.34 D  68831  68830     23
  69230 63117      408.9620    82      414.4554      405.5079  2051582    2.16%         x.28.21 D  69230  69229     90
  69642 63501      408.8960    86      414.4554      405.5130  2062605    2.16%         x.28.41 D  69642  69641     62
Elapsed time = 530.61 sec. (629163.55 ticks, tree = 2879.95 MB, solutions = 17)
Nodefile size = 832.03 MB (823.96 MB after compression)
  70085 63913      411.1145    90      414.4554      405.5135  2073206    2.16%         x.24.19 D  70085  70084     41
  70486 64282      411.5332    81      414.4554      405.5173  2084758    2.16%         x.12.49 D  70486  70485     68
  70866 64623      408.7984    88      414.4554      405.5211  2095763    2.16%         x.43.34 D  70866  70865     19
  71220 64954      409.0474    81      414.4554      405.5218  2106577    2.16%         x.21.44 D  71220  71219     53
  71673 65370      406.9470    83      414.4554      405.5233  2117417    2.16%          x.6.40 U  71673  71672     28
  72157 65827      406.9479    81      414.4554      405.5239  2127174    2.15%          x.50.9 N  72157  72156     29
  72612 66246      410.3902    86      414.4554      405.5264  2136976    2.15%         x.57.44 D  72612  72611     45
  73036 66639      409.9452    81      414.4554      405.5274  2146831    2.15%          x.12.4 D  73036  73035     80
  73435 67011      412.0876    81      414.4554      405.5289  2158180    2.15%         x.27.25 D  73435  73434     80
  73880 67431      409.4417    74      414.4554      405.5305  2168833    2.15%         x.27.28 D  73880  73879    129
Elapsed time = 564.97 sec. (667376.53 ticks, tree = 3087.02 MB, solutions = 17)
Nodefile size = 1039.49 MB (1029.40 MB after compression)
  74268 67788      407.1932    86      414.4554      405.5321  2179791    2.15%          x.26.9 U  74268  74267     22
  74740 68224      412.5610    85      414.4554      405.5336  2189475    2.15%         x.27.28 D  74740  74739     95
  75120 68555      409.1389    79      414.4554      405.5374  2201610    2.15%         x.15.56 D  75120  75119     61
  75554 68954      409.1849    80      414.4554      405.5403  2211405    2.15%          x.12.4 D  75554  75553     83
  75968 69320      409.4527    83      414.4554      405.5433  2222309    2.15%           x.7.9 D  75968  75967     33
  76383 69704      410.1053    79      414.4554      405.5457  2232286    2.15%         x.29.19 D  76383  76382     31
  76783 70082      413.8435    51      414.4554      405.5471  2242782    2.15%          x.34.4 D  76783  76782    178
  77212 70475      412.3933    86      414.4554      405.5484  2251576    2.15%          x.28.0 D  77212  77211     76
  77600 70831      412.3473    69      414.4554      405.5496  2263466    2.15%         x.57.46 D  77600  77599    151
  78001 71201      413.4988    83      414.4554      405.5502  2274043    2.15%          x.10.1 D  78001  78000    146
Elapsed time = 599.13 sec. (705902.62 ticks, tree = 3287.73 MB, solutions = 17)
Nodefile size = 1240.60 MB (1228.79 MB after compression)
  78457 71607      412.2782    79      414.4554      405.5516  2285054    2.15%         x.49.44 D  78457  78456     49
  78881 71996      410.8577    86      414.4554      405.5526  2295329    2.15%         x.30.26 D  78881  78880    196
  79266 72335      414.2108    70      414.4554      405.5555  2306010    2.15%         x.13.27 D  79266  79265    122
  79623 72649      409.4333    78      414.4554      405.5581  2317133    2.15%         x.12.24 D  79623  79622     49
  80104 73093      414.3798    93      414.4554      405.5593  2327546    2.15%           x.7.9 D  80104  80103     28
  80574 73531      412.2079    83      414.4554      405.5603  2337610    2.15%          x.40.9 D  80574  80573     18
  80953 73857      409.5325    80      414.4554      405.5621  2348835    2.15%         x.20.21 D  80953  80952     44
  81390 74278      408.8160    80      414.4554      405.5632  2357680    2.15%         x.12.44 D  81390  81389     55
  81881 74737      411.2095    78      414.4554      405.5641  2367483    2.15%          x.12.0 D  81881  81880    118
  82307 75129      408.7291    85      414.4554      405.5661  2378192    2.14%          x.1.44 D  82307  82306     43
Elapsed time = 633.14 sec. (744086.46 ticks, tree = 3498.62 MB, solutions = 17)
Nodefile size = 1450.72 MB (1437.03 MB after compression)
  82790 75576      408.0041    85      414.4554      405.5696  2388020    2.14%          x.6.40 U  82790  82789     27
  83212 75952      409.0919    81      414.4554      405.5726  2397894    2.14%          x.6.40 U  83212  83211     31
  83668 76370      411.9037    79      414.4554      405.5734  2406975    2.14%         x.22.27 U  83668  83666     42
  84030 76693      410.9975    78      414.4554      405.5750  2418008    2.14%         x.15.53 D  84030  84029     95
  84452 77089      408.3093    94      414.4554      405.5760  2428776    2.14%         x.55.44 D  84452  84451     53
  84919 77529      406.9008    98      414.4554      405.5784  2438607    2.14%         x.45.34 D  84919  84918     34
  85334 77897      409.2777    90      414.4554      405.5802  2449668    2.14%          x.9.50 U  85334  85333     30
  85792 78330      413.2097    84      414.4554      405.5807  2460193    2.14%          x.40.9 D  85792  85791     21
  86275 78773      407.5240    97      414.4554      405.5821  2469298    2.14%          x.9.50 D  86275  86274     22
  86758 79230      413.7634    53      414.4554      405.5830  2478520    2.14%          x.48.3 D  86758  86757    213
Elapsed time = 667.95 sec. (782277.29 ticks, tree = 3720.34 MB, solutions = 17)
Nodefile size = 1672.71 MB (1657.12 MB after compression)
  87128 79568      405.9672    85      414.4554      405.5864  2489855    2.14%          x.6.40 U  87128  69721     26
  87550 79964      412.7265    83      414.4554      405.5875  2499562    2.14%         x.27.28 D  87550  87549    104
  87969 80361      412.5206    88      414.4554      405.5886  2510114    2.14%         x.27.48 D  87969  87968    154
  88374 80738      408.6073    95      414.4554      405.5899  2519505    2.14%         x.57.44 D  88374  88373     43
  88880 81197      410.1646    79      414.4554      405.5923  2528661    2.14%         x.32.27 D  88880  88879    133
  89215 81496      409.7504    83      414.4554      405.5946  2539343    2.14%         x.23.44 D  89215  89214     39
  89667 81909      406.6448    96      414.4554      405.5960  2549304    2.14%          x.38.6 D  89667  89666     16
  90113 82319      409.4084    80      414.4554      405.5980  2558592    2.14%         x.28.31 D  90113  90112     94
  90546 82731      412.5998    71      414.4554      405.5994  2568445    2.14%         x.14.44 D  90546  90545    206
  90925 83089      406.8339    85      414.4554      405.5997  2578763    2.14%          x.26.9 D  90925  90924     25
Elapsed time = 703.05 sec. (820493.81 ticks, tree = 3930.98 MB, solutions = 17)
Nodefile size = 1883.18 MB (1865.83 MB after compression)
  91330 83464      406.8468    91      414.4554      405.6011  2589497    2.14%          x.40.9 D  91330  91329     17
  91833 83950      409.7405    79      414.4554      405.6014  2599487    2.14%         x.24.19 D  91833  91832     34
  92270 84359      410.8838    79      414.4554      405.6019  2609572    2.14%          x.12.7 D  92270  92269     66
  92734 84785      409.0387    90      414.4554      405.6045  2619125    2.14%         x.59.44 D  92734  92733     38
  93181 85214      410.2271    85      414.4554      405.6068  2628876    2.13%         x.29.19 D  93181  93180     56
  93600 85595      407.6494    73      414.4554      405.6102  2639289    2.13%         x.28.41 D  93600  93599     56
  94104 86064      413.2631    97      414.4554      405.6116  2649334    2.13%         x.43.34 U  94104  33468     23
  94534 86462      409.2635    82      414.4554      405.6136  2659743    2.13%         x.15.47 D  94534  94533    138
  94965 86863      411.5567    73      414.4554      405.6142  2670379    2.13%          x.27.5 D  94965  94964     98
  95374 87240      412.5499    48      414.4554      405.6154  2680561    2.13%          x.8.34 N  95374  95373    266
Elapsed time = 738.39 sec. (859100.92 ticks, tree = 4159.21 MB, solutions = 17)
Nodefile size = 2111.97 MB (2092.54 MB after compression)
  95756 87577      413.0418    83      414.4554      405.6164  2690582    2.13%          x.50.9 D  95756  95755     25
  96208 87979      406.1749    82      414.4554      405.6200  2700893    2.13%         x.34.34 D  96208  96207     23
  96686 88429      413.3720    91      414.4554      405.6212  2710440    2.13%         x.43.19 U  96686  96685     21
  97130 88837      408.7144    95      414.4554      405.6217  2720343    2.13%         x.23.44 D  97130  97129     37
  97547 89206      411.0415    86      414.4554      405.6219  2730113    2.13%         x.32.27 D  97547  97546     87
  97890 89514      413.9130    65      414.4554      405.6245  2742497    2.13%          x.10.1 D  97890  97889     87
  98270 89862      412.3813    77      414.4554      405.6264  2751347    2.13%         x.27.48 D  98270  98269    133
  98688 90235      412.7259    79      414.4554      405.6267  2762073    2.13%         x.24.27 D  98688  98687     87
  99077 90582      410.6286    87      414.4554      405.6288  2770040    2.13%         x.12.24 D  99077  99076     60
  99560 91020      414.2450    49      414.4554      405.6304  2778687    2.13%         x.49.10 D  99560  99559    195
Elapsed time = 772.45 sec. (897337.02 ticks, tree = 4369.18 MB, solutions = 17)
Nodefile size = 2321.48 MB (2300.04 MB after compression)
 100000 91407      409.6915    73      414.4554      405.6348  2787817    2.13%          x.8.29 D 100000  99999     90
 100438 91804      408.3774    80      414.4554      405.6360  2798280    2.13%         x.22.44 D 100438 100437     37
 100859 92190      406.3774    79      414.4554      405.6382  2807211    2.13%         x.14.27 D 100859 100858     33
 101287 92579      406.1090    87      414.4554      405.6405  2816338    2.13%         x.43.34 D 101287 101286     16
 101748 93021      408.2873    99      414.4554      405.6430  2824803    2.13%          x.9.34 D 101748 101747     26
 102139 93369        cutoff            414.4554      405.6454  2835702    2.13%         x.18.13 D 102139 102137    120
 102561 93765      406.5504    82      414.4554      405.6486  2845655    2.12%         x.35.34 U 102561  11013     16
 102927 94109      411.9696    80      414.4554      405.6491  2855251    2.12%         x.12.24 D 102927 102926     51
 103341 94495      410.4607    96      414.4554      405.6508  2864594    2.12%         x.12.44 D 103341 103340     51
 103704 94814      412.8569    82      414.4554      405.6534  2874469    2.12%         x.57.34 U 103704  83630     13
Elapsed time = 807.39 sec. (935595.56 ticks, tree = 4581.53 MB, solutions = 17)
Nodefile size = 2533.62 MB (2510.27 MB after compression)
 104112 95202      411.2960    79      414.4554      405.6561  2884235    2.12%         x.12.49 D 104112 104111     57
 104516 95562      410.8758    86      414.4554      405.6585  2894198    2.12%         x.29.19 U 104516 104515     45
 104912 95928      411.9062    78      414.4554      405.6601  2904167    2.12%         x.32.27 D 104912 104911     59
 105263 96248      409.7045    84      414.4554      405.6644  2914388    2.12%         x.12.44 D 105263 105262     52
 105750 96708      410.7324    80      414.4554      405.6652  2923883    2.12%         x.15.47 D 105750 105749     82
 106134 97067      412.4204    80      414.4554      405.6666  2934523    2.12%          x.8.29 U 106134 106132     60
 106548 97435      408.4306    93      414.4554      405.6672  2942879    2.12%         x.47.44 D 106548 106547     44
 107009 97873      407.6718    83      414.4554      405.6678  2951562    2.12%         x.28.21 D 107009 107008     88
 107410 98235      407.3869    85      414.4554      405.6689  2961363    2.12%         x.15.14 D 107410 107409    109
 107811 98601      408.0877    80      414.4554      405.6699  2971921    2.12%         x.22.34 D 107811 107810     23
Elapsed time = 842.48 sec. (973812.00 ticks, tree = 4795.31 MB, solutions = 17)
Nodefile size = 2748.15 MB (2722.77 MB after compression)
 108177 98939      411.5549    81      414.4554      405.6710  2979694    2.12%         x.27.59 D 108177 108176    171
 108610 99351      408.6572    87      414.4554      405.6731  2989784    2.12%          x.8.44 D 108610 108609     49
 109016 99732      408.4646    78      414.4554      405.6743  2999614    2.12%          x.24.4 D 109016 109015     97
 109470 100147      408.9447    90      414.4554      405.6757  3009607    2.12%         x.47.44 D 109470 109469     44
 109879 100531      408.1662    91      414.4554      405.6768  3018943    2.12%         x.22.34 D 109879 109878     31
 110250 100862      408.9056    79      414.4554      405.6772  3027984    2.12%         x.28.29 D 110250 110249     76
 110666 101246      411.7769    85      414.4554      405.6783  3037723    2.12%         x.47.17 U 110666 110665     95
 111084 101643      407.7257    92      414.4554      405.6794  3047528    2.12%          x.50.6 D 111084 111083     27
 111553 102082      408.2541    84      414.4554      405.6810  3056531    2.12%         x.44.44 D 111553 111552     35
 111967 102474      411.9489    86      414.4554      405.6816  3066536    2.12%         x.27.25 D 111967 111966     70
Elapsed time = 877.62 sec. (1012035.78 ticks, tree = 5015.21 MB, solutions = 17)
Nodefile size = 2967.97 MB (2940.76 MB after compression)
 112360 102804      406.5219    85      414.4554      405.6845  3076855    2.12%         x.24.19 U 112360   4693     16
 112800 103220      413.5553    80      414.4554      405.6851  3086826    2.12%         x.50.26 D 112800 112799     71
 113185 103564      411.5633    75      414.4554      405.6864  3098160    2.12%         x.27.33 N 113185 113184     43
 113598 103940      412.7528    80      414.4554      405.6878  3108963    2.12%         x.47.10 D 113598 113597     71
 114095 104414      410.3364    75      414.4554      405.6882  3116817    2.12%          x.27.2 D 114095 114094    170
 114518 104807      413.7291    48      414.4554      405.6889  3126060    2.12%         x.30.12 U 114518 114517    161
 114881 105134      406.9120    85      414.4554      405.6911  3136818    2.11%         x.57.34 N 114881 114880     12
 115268 105498      407.9406    84      414.4554      405.6919  3147625    2.11%          x.50.9 D 115268 115267     31
 115728 105941      413.3511    61      414.4554      405.6928  3156490    2.11%         x.18.13 N 115728 115727    117
 116110 106284      411.5398    73      414.4554      405.6944  3165124    2.11%         x.27.48 D 116110 116109    128
Elapsed time = 912.51 sec. (1050292.64 ticks, tree = 5233.11 MB, solutions = 17)
Nodefile size = 3185.99 MB (3156.58 MB after compression)
 116434 106567      410.4834    81      414.4554      405.6962  3176707    2.11%         x.18.44 D 116434 116433     49
 116899 106996      407.2311    94      414.4554      405.6971  3186371    2.11%         x.38.34 D 116899 116898     27
 117272 107321      412.0735    88      414.4554      405.6995  3196098    2.11%         x.48.44 D 117272 117271     43
 117667 107670      409.9971    85      414.4554      405.7018  3206604    2.11%         x.15.10 D 117667 117666    107
 118120 108096      408.5039    85      414.4554      405.7024  3216180    2.11%          x.44.9 D 118120 118118     17
 118480 108416      409.2625    78      414.4554      405.7037  3228100    2.11%          x.27.2 U 118480 118478     55
 118800 108701      410.8339    91      414.4554      405.7072  3238474    2.11%         x.57.44 D 118800 118799     38
 119213 109082      406.9208    83      414.4554      405.7099  3248412    2.11%         x.22.34 D 119213 119212     25
 119610 109445      409.7424    89      414.4554      405.7104  3258788    2.11%         x.13.17 D 119610 119609     33
 120009 109816      410.1595    71      414.4554      405.7126  3268667    2.11%         x.27.45 D 120009 120008    122
Elapsed time = 947.04 sec. (1088548.42 ticks, tree = 5436.56 MB, solutions = 17)
Nodefile size = 3388.62 MB (3357.34 MB after compression)
 120415 110181      406.9399    89      414.4554      405.7145  3278693    2.11%         x.43.34 D 120415 120414     21
 120808 110543      408.5702    98      414.4554      405.7155  3288693    2.11%         x.28.35 D 120808 120807     23
 121200 110900      411.9606    83      414.4554      405.7171  3298311    2.11%         x.12.12 D 121200 121199     70
 121603 111255      407.1857    95      414.4554      405.7183  3309423    2.11%         x.43.34 U 121603  54191     20
 122032 111638      409.5857    80      414.4554      405.7192  3319077    2.11%         x.12.59 D 122032 122031     90
 122440 112008      414.2072    68      414.4554      405.7209  3330211    2.11%           x.1.5 D 122440 122439    114
 122840 112380      413.6007    65      414.4554      405.7229  3339334    2.11%         x.19.57 N 122840 122839    211
 123190 112683      407.3706    95      414.4554      405.7264  3351049    2.11%         x.12.24 D 123190 123189     26
 123659 113134      411.5453    72      414.4554      405.7265  3359019    2.11%         x.43.47 D 123659 123658    204
 124056 113493      412.9418    85      414.4554      405.7308  3370180    2.11%          x.9.50 U 124056 124055     41
Elapsed time = 981.99 sec. (1126969.71 ticks, tree = 5650.12 MB, solutions = 17)
Nodefile size = 3602.93 MB (3569.47 MB after compression)
 124440 113837      411.6548    97      414.4554      405.7324  3381116    2.10%          x.9.34 U 124440 116669     17
 124866 114210      411.7845    79      414.4554      405.7362  3390993    2.10%         x.27.25 D 124866 124865    178
 125339 114633        cutoff            414.4554      405.7389  3400995    2.10%          x.40.9 D 125339 125338     21
 125738 114989      410.0732    83      414.4554      405.7411  3410775    2.10%         x.19.44 D 125738 125737     36
 126167 115380      410.9146    76      414.4554      405.7445  3420930    2.10%          x.12.7 D 126167 126166    111
 126563 115740      410.4452    86      414.4554      405.7452  3431963    2.10%         x.28.53 D 126563 126562     44
 126895 116027      408.1162    79      414.4554      405.7470  3443431    2.10%         x.12.44 D 126895 126894     45
 127287 116394      410.8246    70      414.4554      405.7490  3453860    2.10%         x.22.44 D 127287 127285     43
 127656 116720      408.2987    82      414.4554      405.7501  3465208    2.10%          x.28.0 D 127656 127655     64
 128026 117056      410.6735    86      414.4554      405.7508  3475391    2.10%         x.24.27 D 128026 128025    154
Elapsed time = 1016.99 sec. (1165196.88 ticks, tree = 5858.51 MB, solutions = 17)
Nodefile size = 3811.32 MB (3776.04 MB after compression)
 128418 117422      409.9996    85      414.4554      405.7514  3485452    2.10%         x.55.44 D 128418 128417     49
 128818 117789      410.8922    83      414.4554      405.7530  3495184    2.10%         x.27.23 D 128818 128817    109
 129200 118132      412.1202    72      414.4554      405.7540  3505726    2.10%         x.27.37 D 129200 129199    131
 129595 118490      410.3780    70      414.4554      405.7577  3516638    2.10%         x.13.59 D 129595 129594    143
 130000 118854      408.1054    87      414.4554      405.7600  3526040    2.10%         x.12.40 D 130000 129999    142
 130399 119213      413.9846    65      414.4554      405.7619  3537828    2.10%          x.24.4 D 130399 130398     88
 130790 119562      413.6847    97      414.4554      405.7631  3548468    2.10%          x.6.40 D 130790 130787     25
 131188 119926      409.5128    79      414.4554      405.7638  3559113    2.10%         x.28.12 D 131188 131187     86
 131580 120287      412.6541    76      414.4554      405.7653  3569295    2.10%          x.12.7 D 131580 131579     82
 131955 120641      408.1978    86      414.4554      405.7666  3577923    2.10%          x.44.9 D 131955 131954     15
Elapsed time = 1052.71 sec. (1203827.34 ticks, tree = 6068.95 MB, solutions = 17)
Nodefile size = 4021.49 MB (3984.26 MB after compression)
 132331 120989      410.0339    83      414.4554      405.7674  3587231    2.10%          x.2.44 D 132331 132329     38
 132726 121343      411.0020    83      414.4554      405.7684  3598362    2.10%         x.28.59 D 132726 132725     39
 133075 121633        cutoff            414.4554      405.7707  3609865    2.10%          x.41.9 D 133075 133074    123
 133444 121966      411.1341    93      414.4554      405.7712  3619654    2.10%         x.27.44 D 133444 133443     86
 133848 122345      412.2432    87      414.4554      405.7717  3629407    2.10%         x.27.53 D 133848 133847    130
 134272 122739      407.2876    90      414.4554      405.7739  3639753    2.09%         x.42.34 D 134272 134271     23
 134604 123032      409.0502    74      414.4554      405.7759  3650935    2.09%         x.22.44 D 134604 134603     40
 135026 123431      413.3769    85      414.4554      405.7764  3660219    2.09%         x.27.11 D 135026 135025    106
 135482 123854      409.7032    72      414.4554      405.7776  3669145    2.09%         x.27.36 D 135482 135481    193
 135931 124251      408.0288    88      414.4554      405.7789  3679077    2.09%         x.28.41 D 135931 135930     29
Elapsed time = 1086.97 sec. (1242007.82 ticks, tree = 6281.94 MB, solutions = 17)
Nodefile size = 4234.19 MB (4194.78 MB after compression)
 136382 124669      409.9830    84      414.4554      405.7804  3688643    2.09%          x.28.3 D 136382 136381     73
 136760 125008      409.2460    86      414.4554      405.7830  3699436    2.09%         x.28.49 D 136760 136759     42
 137187 125398      410.1291    84      414.4554      405.7853  3709217    2.09%         x.48.44 D 137187 137186     75
 137582 125753      408.8528    85      414.4554      405.7874  3719736    2.09%         x.14.27 D 137582 137581    130
 137945 126067      413.3566    95      414.4554      405.7901  3730081    2.09%         x.57.34 U 137945  94196     11
 138420 126522      413.2320    54      414.4554      405.7940  3739004    2.09%           x.7.7 D 138420 138419    260
 138800 126864      408.8805    84      414.4554      405.7958  3747683    2.09%         x.49.44 D 138800 138799    119
 139161 127204      412.3033    65      414.4554      405.7970  3759392    2.09%          x.50.3 D 139161 139160    122
 139559 127566      413.8939    63      414.4554      405.7979  3769884    2.09%          x.10.1 U 139559 139558    107
 139920 127890      406.9416    93      414.4554      405.7992  3780188    2.09%         x.35.34 U 139920  30755     23
Elapsed time = 1121.75 sec. (1280289.60 ticks, tree = 6497.83 MB, solutions = 17)
Nodefile size = 4450.50 MB (4409.10 MB after compression)
 140260 128193      407.2595    92      414.4554      405.8014  3792031    2.09%         x.28.47 D 140260 140259     51
 140673 128585      413.6602    76      414.4554      405.8046  3802698    2.09%          x.2.59 N 140673 140671     63
 141121 129001      407.4262    93      414.4554      405.8057  3812695    2.09%          x.50.9 U 141121  40195     35
 141540 129394      412.5781    68      414.4554      405.8073  3822372    2.09%          x.4.44 D 141540 141539    136
 141929 129747      409.3726    87      414.4554      405.8091  3832925    2.09%         x.44.44 D 141929 141927     37
 142248 130029      411.3253    84      414.4554      405.8101  3843078    2.09%         x.28.31 D 142248 142247     53
 142706 130438      414.3041    91      414.4554      405.8113  3853046    2.09%          x.6.40 N 142706 142705     28
 143089 130791      409.8221    81      414.4554      405.8117  3862551    2.09%          x.8.44 D 143089 143088     56
 143516 131185      406.6365    98      414.4554      405.8126  3872233    2.09%         x.15.27 U 143516  69871     26
 143879 131509      411.8853    87      414.4554      405.8146  3883121    2.08%         x.28.51 D 143879 143878     46
Elapsed time = 1156.91 sec. (1318535.49 ticks, tree = 6713.57 MB, solutions = 17)
Nodefile size = 4666.01 MB (4622.81 MB after compression)
 144267 131869      411.6447    84      414.4554      405.8157  3893330    2.08%         x.27.41 D 144267 144266    108
 144655 132231      414.1595    82      414.4554      405.8173  3904218    2.08%          x.44.9 D 144655 144654     35
 145057 132599      413.5571    82      414.4554      405.8185  3913882    2.08%         x.50.26 D 145057 145056     73
 145456 132969      410.9311    78      414.4554      405.8195  3924748    2.08%         x.15.28 D 145456 145455    100
 145883 133356      408.9915    89      414.4554      405.8207  3935285    2.08%         x.15.27 N 145883 145881     35
 146262 133693      406.3729    87      414.4554      405.8226  3946607    2.08%         x.55.40 U 146262    177     31
 146662 134071      410.0873    96      414.4554      405.8231  3956301    2.08%         x.47.17 D 146662 146660     41
 147130 134507      408.4144    95      414.4554      405.8245  3966065    2.08%          x.38.6 U 147130  37764     15
 147480 134803      411.0988    87      414.4554      405.8259  3977624    2.08%         x.28.28 D 147480 147479     41
 147910 135197      408.8812    74      414.4554      405.8269  3986871    2.08%          x.1.44 D 147910 147909     44
Elapsed time = 1192.31 sec. (1356779.39 ticks, tree = 6934.78 MB, solutions = 17)
Nodefile size = 4886.94 MB (4842.21 MB after compression)
 148266 135511      408.9067    79      414.4554      405.8289  3997024    2.08%         x.37.17 U 148266 148265     28
 148710 135919      410.6835    81      414.4554      405.8295  4006515    2.08%          x.12.0 D 148710 148709    114
 148984 136152      406.0304    85      414.4554      405.8308  4015792    2.08%          x.6.40 D 148984  37164     27
 149374 136503      411.1383    84      414.4554      405.8323  4024606    2.08%         x.37.44 D 149374 149373     84
 149696 136770      407.4902    86      414.4554      405.8345  4035177    2.08%         x.42.34 D 149696 149695     38
 150021 137049      408.3521    84      414.4554      405.8363  4044684    2.08%         x.28.57 D 150021 150020     54
 150374 137366      408.8721    88      414.4554      405.8378  4055493    2.08%         x.37.17 N 150374 150373      6
 150742 137705      413.7527    88      414.4554      405.8383  4064797    2.08%         x.43.34 U 150742  71393     27
 151079 138005      409.4541    85      414.4554      405.8398  4074946    2.08%         x.23.44 U 151079 151076     68
 151456 138347      410.0038    87      414.4554      405.8416  4085251    2.08%          x.6.40 U 151456 151455     24
Elapsed time = 1226.60 sec. (1395007.63 ticks, tree = 7125.65 MB, solutions = 17)
Nodefile size = 5078.02 MB (5031.87 MB after compression)
 151849 138708      410.0035    84      414.4554      405.8433  4094325    2.08%          x.2.10 D 151849 151848    102
 152201 139018      411.7065    82      414.4554      405.8439  4104170    2.08%         x.27.44 D 152201 152200    101
 152486 139269      413.0762    85      414.4554      405.8460  4115149    2.08%         x.43.34 U 152486  17507     23
 152860 139612      411.5826    78      414.4554      405.8480  4124158    2.08%         x.22.44 D 152860 152859     62
 153202 139913      409.5430    81      414.4554      405.8489  4134617    2.08%          x.2.44 D 153202 153201     76
 153524 140219      408.4598    77      414.4554      405.8496  4145617    2.08%         x.28.55 D 153524 153523     61
 153920 140599      408.0732    79      414.4554      405.8501  4154676    2.08%         x.37.44 D 153920 153919     97
 154253 140912      408.5201    80      414.4554      405.8519  4165084    2.08%         x.43.11 D 154253 154252     93
 154630 141261      408.1947    95      414.4554      405.8530  4174211    2.08%         x.28.36 D 154630 154629     58
 155017 141630      409.2877    83      414.4554      405.8532  4182721    2.08%          x.9.44 D 155017 155016     57
Elapsed time = 1262.03 sec. (1433234.31 ticks, tree = 7325.61 MB, solutions = 17)
Nodefile size = 5278.26 MB (5230.79 MB after compression)
 155399 141973      407.8448    93      414.4554      405.8543  4191180    2.08%         x.57.34 D 155399 155398     19
 155826 142384      409.7998    85      414.4554      405.8548  4199201    2.08%         x.34.17 D 155826 155825    104
 156165 142703      411.8372    81      414.4554      405.8551  4208816    2.08%         x.37.27 D 156165 156164     76
 156517 143023      409.5730    85      414.4554      405.8556  4219382    2.07%          x.28.2 D 156517 156516     35
 156900 143367      410.4956    75      414.4554      405.8568  4229395    2.07%         x.23.44 D 156900 156899     34
 157234 143672      411.0076    84      414.4554      405.8578  4239096    2.07%         x.14.27 U 157234 157233     74
 157600 144007      407.0218    89      414.4554      405.8592  4248628    2.07%         x.59.34 D 157600 157599     67
 157976 144348      406.0524    85      414.4554      405.8597  4258488    2.07%          x.6.40 D 157976  41307     27
 158327 144659      408.2087    80      414.4554      405.8608  4268008    2.07%           x.7.9 D 158327 158326     36
 158601 144909      413.5377    78      414.4554      405.8624  4277227    2.07%         x.12.49 U 158601 158600     78
Elapsed time = 1298.18 sec. (1472074.27 ticks, tree = 7526.17 MB, solutions = 17)
Nodefile size = 5478.63 MB (5429.75 MB after compression)
 158968 145231      407.3534    85      414.4554      405.8637  4287591    2.07%         x.28.37 D 158968 158967     53
 159331 145575      408.2558   103      414.4554      405.8650  4297375    2.07%         x.28.40 D 159331 159330     40
 159720 145932      411.6911    78      414.4554      405.8661  4305773    2.07%         x.12.52 D 159720 159719     88
 160053 146213      414.0556    78      414.4554      405.8700  4315938    2.07%          x.50.9 N 160053 160052     19
 160431 146555      409.9039    78      414.4554      405.8720  4325967    2.07%          x.28.2 D 160431 160430     45
 160810 146908        cutoff            414.4554      405.8724  4335745    2.07%         x.57.46 D 160810 160809    132
 161190 147253      411.9916    75      414.4554      405.8734  4345622    2.07%         x.27.45 D 161190 161189     97
 161538 147574      410.0357    85      414.4554      405.8747  4355980    2.07%          x.8.44 D 161538 161537     52
 161820 147836      411.1011    67      414.4554      405.8753  4365034    2.07%         x.43.22 U 161820 161819    138
 162160 148140      412.1076    82      414.4554      405.8767  4375725    2.07%         x.27.52 D 162160 162159     73
Elapsed time = 1333.05 sec. (1510316.70 ticks, tree = 7725.38 MB, solutions = 17)
Nodefile size = 5677.76 MB (5627.26 MB after compression)
 162528 148482      412.8461    85      414.4554      405.8772  4385837    2.07%          x.6.40 U 162528 162527     24
 162860 148779      412.7117    83      414.4554      405.8790  4396327    2.07%          x.8.29 D 162860 162858     49
 163189 149080      411.6388    90      414.4554      405.8809  4406439    2.07%          x.50.6 D 163189 163188     63
 163541 149397      413.0244    82      414.4554      405.8823  4416644    2.07%         x.34.27 N 163541 163540     84
 163935 149764      411.3217    85      414.4554      405.8831  4425413    2.07%          x.27.2 U 163935 163933     60
 164250 150047      411.2145    85      414.4554      405.8843  4434540    2.07%         x.29.44 U 164250 164248     59
 164558 150331      410.8968    79      414.4554      405.8856  4445198    2.07%          x.27.2 D 164558 164557     56
 164952 150680      410.2043    96      414.4554      405.8876  4454797    2.07%          x.2.44 U 164952 164950     38
 165340 151039      414.2413    81      414.4554      405.8890  4464005    2.07%         x.20.20 U 165340 165339    155
 165730 151399      412.6372    76      414.4554      405.8898  4473023    2.07%         x.27.11 D 165730 165729    116
Elapsed time = 1368.12 sec. (1548625.92 ticks, tree = 7927.50 MB, solutions = 17)
Nodefile size = 5879.77 MB (5827.51 MB after compression)
 166107 151737      407.8529    79      414.4554      405.8905  4482105    2.07%         x.45.34 U 166107  15653     18
 166464 152067      411.3546    77      414.4554      405.8906  4489600    2.07%         x.12.24 D 166464 166463     80
 166796 152369      409.1418    85      414.4554      405.8923  4500145    2.07%          x.9.44 D 166796 166795     98
 167200 152749      414.0672    50      414.4554      405.8923  4509292    2.07%         x.36.34 D 167200 167199    269
 167593 153116      413.4024    67      414.4554      405.8929  4518519    2.07%         x.25.35 D 167593 167592    132
 167984 153478      412.4285    92      414.4554      405.8934  4526859    2.07%         x.27.47 D 167984 167983    116
 168410 153880      408.3165    79      414.4554      405.8956  4535411    2.07%         x.12.41 D 168410 168409    142
 168767 154216      411.7889    86      414.4554      405.8958  4545588    2.07%         x.27.33 D 168767 168766     63
 169146 154564      411.3838    82      414.4554      405.8985  4554780    2.06%         x.20.15 D 169146 169145     74
 169540 154923      411.6943    79      414.4554      405.8998  4563435    2.06%         x.15.55 D 169540 169539    106
Elapsed time = 1404.21 sec. (1586979.54 ticks, tree = 8146.95 MB, solutions = 17)
Nodefile size = 6099.86 MB (6046.28 MB after compression)
 169878 155230      413.0288    78      414.4554      405.9018  4573247    2.06%          x.9.34 U 169878 104148     12
 170248 155574      408.4182    89      414.4554      405.9023  4581506    2.06%           x.9.7 U 170248 170247     20
 170620 155930      411.6090    78      414.4554      405.9031  4591032    2.06%         x.20.15 U 170620 170618     33
 171047 156330      407.8359    82      414.4554      405.9040  4599472    2.06%         x.12.11 D 171047 171046    136
 171400 156639      407.8153    77      414.4554      405.9061  4609188    2.06%          x.8.44 D 171400 171399     48
 171698 156920      412.1018    91      414.4554      405.9068  4617209    2.06%         x.24.27 D 171698 171697     34
 172101 157298      409.1459    74      414.4554      405.9072  4625508    2.06%         x.57.44 D 172101 172100    121
 172420 157595      407.6028    94      414.4554      405.9078  4634060    2.06%          x.9.34 D 172420 172419     19
 172803 157956      410.4934    85      414.4554      405.9084  4642604    2.06%         x.29.30 U 172803 172802    102
 173217 158329      407.3382    97      414.4554      405.9110  4651034    2.06%         x.43.34 U 173217   8859     17
Elapsed time = 1440.00 sec. (1625296.19 ticks, tree = 8359.88 MB, solutions = 17)
Nodefile size = 6312.46 MB (6257.24 MB after compression)
 173570 158658      410.2678    78      414.4554      405.9118  4660925    2.06%          x.28.3 D 173570 173569     47
 174000 159061      412.2545    77      414.4554      405.9122  4669550    2.06%         x.27.25 N 174000 173999    153
 174386 159401      408.3318    93      414.4554      405.9135  4678731    2.06%         x.38.34 D 174386 174385     22
 174716 159706      408.0923    94      414.4554      405.9143  4688985    2.06%         x.28.37 D 174716 174715     56
 175107 160065      408.9079    78      414.4554      405.9149  4698306    2.06%         x.28.49 D 175107 175106     40
 175447 160391      412.2085    80      414.4554      405.9155  4707062    2.06%         x.27.37 D 175447 175446    115
 175784 160692      407.6221    79      414.4554      405.9173  4717177    2.06%         x.12.31 D 175784 175783     44
 176150 161028      412.6791    75      414.4554      405.9178  4726464    2.06%         x.27.25 D 176150 176149    106
 176475 161322      413.7850    58      414.4554      405.9188  4736156    2.06%          x.50.3 D 176475 176474    179
 176809 161627      410.9927    81      414.4554      405.9196  4745176    2.06%         x.27.45 N 176809 176808    109
Elapsed time = 1475.75 sec. (1663805.76 ticks, tree = 8566.98 MB, solutions = 17)
Nodefile size = 6519.30 MB (6462.52 MB after compression)
 177199 161994      409.4966    75      414.4554      405.9198  4754467    2.06%           x.4.6 D 177199 177198     80
 177536 162320      412.2498    64      414.4554      405.9198  4762565    2.06%         x.44.21 U 177536 177535    156
 177903 162645      413.4469    64      414.4554      405.9217  4771760    2.06%         x.29.30 U 177903 177902    153
 178278 162979      409.9692    83      414.4554      405.9232  4781389    2.06%          x.28.1 D 178278 178277     47
 178624 163293      411.7601    69      414.4554      405.9247  4791558    2.06%         x.27.59 D 178624 178623    111
 178914 163550      408.5619    87      414.4554      405.9254  4802200    2.06%         x.52.24 D 178914 178913     38
 179272 163872      409.3245    81      414.4554      405.9261  4811837    2.06%         x.28.59 D 179272 179271     35
 179610 164190      413.8500    66      414.4554      405.9273  4821019    2.06%         x.11.10 D 179610 179609    139
 179961 164493      409.1758    80      414.4554      405.9286  4831068    2.06%         x.28.12 D 179961 179960     64
 180271 164752      408.8666    92      414.4554      405.9307  4842107    2.06%          x.38.6 U 180271  32669     17
Elapsed time = 1511.02 sec. (1702026.91 ticks, tree = 8764.00 MB, solutions = 17)
Nodefile size = 6716.11 MB (6657.34 MB after compression)
 180609 165069      409.9517    88      414.4554      405.9312  4852208    2.06%         x.12.36 N 180609 180608     25
 180973 165408      411.2494    89      414.4554      405.9324  4861252    2.06%         x.32.27 D 180973 180972     62
 181297 165703      409.7856    73      414.4554      405.9333  4870751    2.06%          x.12.4 D 181297 181296    108
 181699 166072      412.5339    67      414.4554      405.9336  4879345    2.06%          x.27.5 D 181699 181698    111
 182000 166331      413.5010    96      414.4554      405.9349  4889880    2.06%          x.12.9 D 182000 181999     27
 182356 166654      414.4078    73      414.4554      405.9358  4899578    2.06%         x.27.25 D 182356 182355    118
 182703 166969      411.2813    97      414.4554      405.9371  4908425    2.06%         x.28.40 N 182703 182702     46
 183022 167250      413.9558    80      414.4554      405.9378  4917911    2.06%           x.9.7 D 183022 183021     54
 183339 167532      410.0659    90      414.4554      405.9393  4926929    2.05%         x.12.52 D 183339 183338     94
 183700 167860      411.1492    79      414.4554      405.9413  4934878    2.05%         x.32.44 D 183700 183699     71
Elapsed time = 1546.52 sec. (1740270.49 ticks, tree = 8960.65 MB, solutions = 17)
Nodefile size = 6912.86 MB (6853.08 MB after compression)
 184061 168193      412.5965    84      414.4554      405.9423  4943665    2.05%         x.22.34 U 184061  17510     26
 184405 168522      409.7303    84      414.4554      405.9428  4951569    2.05%         x.20.15 D 184405 184404     77
 184727 168820      414.2799    76      414.4554      405.9447  4962651    2.05%         x.57.36 D 184727 184726    140
 185069 169121        cutoff            414.4554      405.9462  4972246    2.05%         x.27.31 U 185069 185066     59
 185454 169488      409.6569    78      414.4554      405.9466  4980098    2.05%         x.15.39 U 185454 185453     55
 185788 169800      412.4384    75      414.4554      405.9473  4989704    2.05%         x.27.41 D 185788 185787    109
 186191 170168      411.6768    68      414.4554      405.9491  4998387    2.05%         x.43.58 D 186191 186190    138
 186532 170480      412.5811    76      414.4554      405.9503  5007847    2.05%         x.27.47 D 186532 186531    151
 186874 170783      408.2903    78      414.4554      405.9514  5017691    2.05%         x.46.34 D 186874 186872     69
 187209 171085      406.9683    88      414.4554      405.9529  5027456    2.05%          x.6.40 D 187209 187208     26
Elapsed time = 1582.31 sec. (1778476.12 ticks, tree = 9165.52 MB, solutions = 17)
Nodefile size = 7118.28 MB (7056.94 MB after compression)
 187530 171378      409.6892    80      414.4554      405.9543  5038084    2.05%         x.22.27 U 187530 187527     29
 187861 171686      411.5735    97      414.4554      405.9552  5047436    2.05%          x.50.6 U 187861 187858     24
 188185 171972      409.2331    75      414.4554      405.9567  5056941    2.05%         x.29.19 N 188185 188184     32
 188517 172295      410.0809    77      414.4554      405.9570  5063980    2.05%         x.32.27 N 188517 188516    137
 188800 172536      409.6888    86      414.4554      405.9583  5073603    2.05%         x.28.22 D 188800 188799     45
 189182 172899      413.7502    78      414.4554      405.9598  5082953    2.05%         x.57.46 D 189182 189181    167
 189528 173220      409.9552    88      414.4554      405.9604  5091821    2.05%         x.28.31 D 189528 189527     47
 189890 173566      410.2594    72      414.4554      405.9611  5100315    2.05%         x.27.49 D 189890 189889    111
 190249 173899      410.1181    90      414.4554      405.9619  5110158    2.05%         x.32.27 D 190249 190248     90
 190580 174196      408.1226    91      414.4554      405.9635  5120063    2.05%          x.28.1 D 190580 190579     54
Elapsed time = 1618.45 sec. (1816799.59 ticks, tree = 9363.95 MB, solutions = 17)
Nodefile size = 7316.64 MB (7253.97 MB after compression)
 190925 174519      409.7723    73      414.4554      405.9640  5129475    2.05%         x.20.21 D 190925 190924     75
 191280 174855      409.3975    95      414.4554      405.9647  5138928    2.05%          x.28.1 D 191280 191279     47
 191653 175209      406.0130    82      414.4554      405.9660  5147965    2.05%         x.57.34 D 191653  94115     16
 192025 175548      409.2278    80      414.4554      405.9670  5156190    2.05%         x.29.30 U 192025 192024     83
 192353 175841      412.1030    82      414.4554      405.9681  5166348    2.05%          x.8.29 U 192353 192351     56
 192631 176093      413.7302    78      414.4554      405.9689  5175630    2.05%          x.6.54 D 192631 192630    134
 192960 176386      410.2551    83      414.4554      405.9697  5184233    2.05%           x.7.9 D 192960 192959    114
 193300 176695      408.9096    77      414.4554      405.9707  5193495    2.05%         x.11.44 D 193300 193299     77
 193691 177055      410.0708    86      414.4554      405.9710  5202120    2.05%         x.47.10 D 193691 193690     33
 194036 177368      413.9310    63      414.4554      405.9717  5211627    2.05%         x.57.37 D 194036 194035    101
Elapsed time = 1656.35 sec. (1855030.39 ticks, tree = 9566.97 MB, solutions = 17)
Nodefile size = 7519.74 MB (7455.51 MB after compression)
 194334 177625      407.6982    91      414.4554      405.9727  5221919    2.05%         x.46.34 D 194334 194333     21
 194679 177944      412.2517    82      414.4554      405.9731  5230291    2.05%         x.21.44 D 194679 194678     66
 195000 178242      410.9651    78      414.4554      405.9737  5240104    2.05%         x.15.18 D 195000 194999     84
 195329 178527        cutoff            414.4554      405.9743  5249912    2.05%         x.55.48 D 195329 195328    103
 195650 178803      409.1708    80      414.4554      405.9761  5259501    2.05%          x.9.34 D 195650 195648     10
 196000 179125      410.2612    86      414.4554      405.9768  5268376    2.05%         x.15.54 D 196000 195999     93
 196382 179478      409.7467    83      414.4554      405.9784  5277533    2.05%         x.27.33 D 196382 196381     61
 196790 179868      411.8681    81      414.4554      405.9786  5286048    2.05%         x.20.15 D 196790 196789     75
 197130 180167      410.1113    86      414.4554      405.9797  5294625    2.05%         x.28.59 D 197130 197129     43
 197450 180447      410.8012    96      414.4554      405.9810  5304637    2.04%          x.6.40 D 197450 197448     24
Elapsed time = 1694.48 sec. (1893711.32 ticks, tree = 9764.87 MB, solutions = 17)
Nodefile size = 7717.24 MB (7651.47 MB after compression)
 197823 180787      413.4185    91      414.4554      405.9817  5313576    2.04%         x.46.34 U 197823 197821     21
 198140 181059      412.8947    81      414.4554      405.9834  5322698    2.04%         x.22.34 U 198140  19677     30
 198470 181355      410.9448    87      414.4554      405.9843  5332370    2.04%         x.15.53 D 198470 198469     70
 198823 181668      412.7159    66      414.4554      405.9853  5341895    2.04%          x.32.7 U 198823 198822    115
 199157 181979      408.2904    92      414.4554      405.9861  5351750    2.04%         x.28.13 D 199157 199156     61
 199487 182275      408.9159    80      414.4554      405.9878  5360772    2.04%          x.9.50 D 199487 199484     36
 199851 182594      409.7472    76      414.4554      405.9892  5369763    2.04%         x.23.44 D 199851 199850     81
 200130 182831      414.1977    64      414.4554      405.9903  5380193    2.04%          x.10.1 D 200130 200129     90
 200447 183103      410.2557    82      414.4554      405.9907  5389391    2.04%         x.22.44 N 200447 200446     50
 200831 183474      412.7140    66      414.4554      405.9914  5397757    2.04%          x.10.1 D 200831 200830    208
Elapsed time = 1737.61 sec. (1931985.54 ticks, tree = 9960.14 MB, solutions = 17)
Nodefile size = 7912.51 MB (7845.72 MB after compression)
 201156 183766      407.9104    91      414.4554      405.9923  5408134    2.04%          x.6.40 D 201156 201155     26
 201520 184084      409.2479    86      414.4554      405.9941  5417291    2.04%         x.28.51 D 201520 201519     46
 201828 184352      412.6388    88      414.4554      405.9964  5426525    2.04%         x.43.19 D 201828 201825     34
 202100 184601      409.8945    79      414.4554      405.9979  5435066    2.04%         x.28.22 D 202100 202099     55
 202430 184901      409.4866    91      414.4554      405.9986  5443912    2.04%          x.6.40 U 202430 202429     22
 202800 185250      411.7962    77      414.4554      406.0009  5452603    2.04%          x.12.4 D 202800 202799     93
 203200 185624      410.7435    90      414.4554      406.0022  5460978    2.04%         x.12.44 D 203200 203199     69
 203589 185982      406.6021    93      414.4554      406.0027  5469923    2.04%         x.26.34 D 203589 203588     15
 203908 186263      414.1920    85      414.4554      406.0038  5479085    2.04%          x.6.40 U 203908 203907     37
 204233 186558      408.6329    88      414.4554      406.0042  5488792    2.04%         x.44.44 D 204233 204232     39
Elapsed time = 1777.96 sec. (1970386.87 ticks, tree = 10159.92 MB, solutions = 17)
Nodefile size = 8112.77 MB (8044.35 MB after compression)
 204590 186881      408.3303    83      414.4554      406.0054  5497451    2.04%          x.12.5 D 204590 204589     71
 204950 187204      408.2788    85      414.4554      406.0066  5506908    2.04%         x.45.34 D 204950 204949     23
 205255 187489      411.7242    88      414.4554      406.0074  5516448    2.04%         x.27.20 D 205255 205254     78
 205564 187760      408.6394    83      414.4554      406.0084  5526865    2.04%         x.29.44 D 205564 205563     35
 205903 188071      407.3922    88      414.4554      406.0097  5536041    2.04%          x.44.9 D 205903 205902     31
 206289 188425      410.2632    88      414.4554      406.0106  5544823    2.04%         x.15.39 U 206289 206288    103
 206685 188796      410.9526    77      414.4554      406.0108  5553687    2.04%         x.59.44 D 206685 206684     59
 207050 189132      410.9525    76      414.4554      406.0115  5562311    2.04%         x.15.55 D 207050 207049     96
 207390 189446      409.1675    84      414.4554      406.0132  5572349    2.04%           x.9.7 U 207390 207389     38
 207708 189738      410.1252    88      414.4554      406.0141  5581687    2.04%         x.49.44 D 207708 207707     59
Elapsed time = 1819.12 sec. (2008621.87 ticks, tree = 10366.24 MB, solutions = 17)
Nodefile size = 8319.06 MB (8249.18 MB after compression)
