proble size: m = 5 , n = 5 , seed = 10 
Benders' cuts separated to cut off: Integer and fractional infeasible solutions.
seed = 10
Version identifier: 20.1.0.0 | 2020-11-10 | 9bedb6d68
CPXPARAM_Threads                                 1
CPXPARAM_RandomSeed                              10
CPXPARAM_MIP_Strategy_CallbackReducedLP          0
CPXPARAM_MIP_Strategy_Search                     1
CPXPARAM_TimeLimit                               3600
CPXPARAM_MIP_Tolerances_AbsMIPGap                0
CPXPARAM_MIP_Tolerances_MIPGap                   0
Legacy callback                                  LU
Tried aggregator 1 time.
Reduced MIP has 80 rows, 6480 columns, and 6400 nonzeros.
Reduced MIP has 6400 binaries, 0 generals, 0 SOSs, and 0 indicators.
Presolve time = 0.00 sec. (2.48 ticks)
Probing time = 0.01 sec. (4.37 ticks)
Clique table members: 80.
MIP emphasis: balance optimality and feasibility.
MIP search method: traditional branch-and-cut.
Parallel mode: none, using 1 thread.
Root relaxation solution time = 0.00 sec. (1.34 ticks)

        Nodes                                         Cuts/
   Node  Left     Objective  IInf  Best Integer    Best Bound    ItCnt     Gap         Variable B NodeID Parent  Depth

      0     0        0.0000    55                      0.0000        0         
*     0+    0                         2131.5890        0.0000           100.00%
*     0+    0                         1605.5539        0.0000           100.00%
      0     0      280.9252   108     1605.5539     Fract: 48      422   82.50%
*     0+    0                         1470.4892      280.9252            80.90%
*     0+    0                         1060.4728      280.9252            73.51%
      0     0      438.7624   111     1060.4728     Fract: 31      597   58.63%
*     0+    0                         1023.7853      438.7624            57.14%
      0     0      497.6299   106     1023.7853 UserPurge2: 35      695   51.39%
*     0+    0                          761.7509      497.6299            34.67%
      0     0      507.4071   109      761.7509 UserPurge2: 10      723   33.39%
*     0+    0                          629.3780      507.4071            19.38%
      0     0      507.7006   109      629.3780 UserPurge2: 1      725   19.33%
*     0+    0                          603.8482      507.7006            15.92%
      0     0      507.7419   109      603.8482 UserPurge2: 2      728   15.92%
*     0+    0                          569.9778      507.7419            10.92%
      0     0      507.7599   109      569.9778 UserPurge2: 1      733   10.92%
      0     2      507.7599   111      569.9778      507.9579      733   10.88%                        0             0
Elapsed time = 0.32 sec. (369.69 ticks, tree = 0.01 MB, solutions = 9)
      2     4      521.2426   119      569.9778      521.1015     1900    8.58%         x.26.27 N      2      0      1
      9    11      523.0570   118      569.9778      521.2431     2599    8.55%         x.24.49 N      9      7      5
*    20+   20                          532.8025      521.2431             2.17%
     21    23      524.0428   122      532.8025      521.2431     3498    2.17%         x.47.77 N     21     19     14
     30    32      525.8858   111      532.8025      521.2431     4148    2.17%          x.60.1 N     30     29     20
     40    42      526.1161   104      532.8025      521.2431     4772    2.17%         x.43.31 U     40     38     26
     48    50      526.9491   100      532.8025      521.2431     5515    2.17%         x.17.44 N     48     45     31
     57    59      526.9590   105      532.8025      521.2431     6038    2.17%         x.52.25 N     57     55     37
     67    68      528.0482    87      532.8025      521.2431     6584    2.17%         x.69.63 N     67     65     45
     76    77      528.2324    89      532.8025      521.2431     7046    2.17%         x.10.32 N     76     75     53
    109   109      531.6016    94      532.8025      521.2431     9578    2.17%         x.68.17 N    109    108     76
Elapsed time = 3.18 sec. (3739.42 ticks, tree = 1.60 MB, solutions = 10)
*   140+  128                          532.6077      521.2559             2.13%
    170   157      527.4868   103      532.6077      521.2559    12480    2.13%         x.27.19 N    170    169     34
    208   192      530.7328    87      532.6077      521.2559    14214    2.13%         x.74.20 N    208    206     62
*   240+  191                          530.7453      521.7968             1.69%
*   240+  191                          530.7453      521.7968             1.69%
    248   201      525.2805   105      530.7453      521.7968    16407    1.69%          x.60.1 U    248    247     20
    302   255      527.5999    87      530.7453      521.7968    18060    1.69%         x.56.78 N    302    301     74
    357   292      529.4248    80      530.7453      521.7968    19393    1.69%         x.41.21 N    357    356    129
    410   335      526.8342    93      530.7453      521.8085    21658    1.68%         x.27.19 N    410    409     37
    480   394      524.9901   111      530.7453      521.8412    24261    1.68%          x.54.2 D    480    479     13
    570   481      529.8678    82      530.7453      521.8412    27241    1.68%          x.6.78 D    570    569    103
    647   546      528.1248    92      530.7453      522.0154    30448    1.64%          x.40.8 U    647    646     28
    720   608      530.2107    74      530.7453      522.0154    33058    1.64%         x.21.30 N    720    719     85
Elapsed time = 10.83 sec. (13473.25 ticks, tree = 12.54 MB, solutions = 13)
    810   682      528.3525    88      530.7453      522.3686    35738    1.58%         x.22.75 N    810    809     73
    923   773      524.9036   117      530.7453      522.3698    38304    1.58%         x.47.77 N    923    922     17
   1001   848      529.8301   101      530.7453      522.3861    42635    1.57%         x.29.60 N   1001   1000     47
   1076   913      522.5265   120      530.7453      522.4449    45609    1.56%         x.57.39 U   1076   1075      4
   1129   966      529.3892    89      530.7453      522.4669    48855    1.56%         x.44.13 D   1129   1127     34
   1200  1023      526.6377   106      530.7453      522.5186    51635    1.55%         x.17.44 U   1200   1199     35
   1305  1125      529.4514    67      530.7453      522.5186    53805    1.55%         x.77.11 U   1305   1304    140
   1402  1212      526.3037   104      530.7453      522.5240    56774    1.55%         x.17.16 N   1402   1401     62
   1512  1312      528.7886    85      530.7453      522.5240    59094    1.55%         x.41.52 N   1512   1511    172
   1594  1378      527.2977   115      530.7453      522.5259    61639    1.55%         x.38.65 N   1594   1593     34
Elapsed time = 18.33 sec. (23181.31 ticks, tree = 32.31 MB, solutions = 13)
   1699  1477      526.5519   111      530.7453      522.5275    65857    1.55%         x.54.62 N   1699   1698     29
   1798  1570      523.7591   119      530.7453      522.5286    69732    1.55%         x.19.73 U   1798   1795     10
   1886  1654      529.9430    83      530.7453      522.5286    73985    1.55%         x.62.44 N   1886   1884     70
   1977  1736      530.1048    88      530.7453      522.5407    77982    1.55%         x.69.52 D   1977   1976     73
   2096  1848      528.7764    80      530.7453      522.5436    81780    1.55%         x.38.23 D   2096   2095    115
   2226  1968      528.9958    75      530.7453      522.5692    85412    1.54%         x.42.15 N   2226   2225     57
   2325  2048      524.3239   118      530.7453      522.6021    87261    1.53%         x.24.49 D   2325   2324     10
   2417  2137      528.8474    79      530.7453      522.6021    90623    1.53%         x.19.22 N   2417   2416    102
   2519  2231        cutoff            530.7453      522.6042    96221    1.53%         x.44.51 U   2519   2517     53
   2616  2319      527.9519    85      530.7453      522.6165   100354    1.53%         x.77.11 U   2616   2615     71
Elapsed time = 25.67 sec. (32802.60 ticks, tree = 59.08 MB, solutions = 13)
   2739  2437      529.0194   118      530.7453      522.6490   103971    1.53%         x.35.29 N   2739   2738     31
   2808  2501      529.3614   104      530.7453      522.6618   107428    1.52%         x.44.51 N   2808   2807     56
   2920  2605      523.4415   115      530.7453      522.6817   111950    1.52%         x.65.69 U   2920   2917     12
   3007  2686      524.8379   120      530.7453      522.6872   116586    1.52%         x.57.27 U   3007   3006     18
   3104  2779      530.1473    98      530.7453      522.6926   121696    1.52%         x.56.78 D   3104   3103     65
   3219  2886      523.4423   119      530.7453      522.7004   125468    1.52%         x.65.69 D   3219   3218     12
   3324  2982      523.4872   117      530.7453      522.7219   129432    1.51%          x.31.9 N   3324   3323     10
   3409  3059      527.4057   104      530.7453      522.7266   134080    1.51%         x.63.14 N   3409   3408     25
   3500  3146      526.4513   107      530.7453      522.7455   138090    1.51%         x.10.63 N   3500   3499     38
   3605  3249      530.1457    78      530.7453      522.7455   141280    1.51%         x.77.60 D   3605   3604    143
Elapsed time = 33.02 sec. (42454.40 ticks, tree = 87.26 MB, solutions = 13)
   3705  3341      526.8683   121      530.7453      522.7582   145823    1.50%         x.30.38 D   3705   3704     29
   3784  3416      528.8517    91      530.7453      522.7634   150454    1.50%         x.17.44 N   3784   3782     36
   3886  3511      529.2239    96      530.7453      522.7725   154625    1.50%         x.50.13 D   3886   3885     88
   3969  3590      528.4346   107      530.7453      522.7787   157949    1.50%         x.47.77 N   3969   3968     38
   4050  3667      528.4678    79      530.7453      522.7788   161290    1.50%         x.35.57 U   4050   4049     66
   4170  3777      526.6727   104      530.7453      522.7854   164442    1.50%         x.34.50 U   4170   4169     34
   4310  3913      530.6006    36      530.7453      522.7854   167928    1.50%         x.36.63 D   4310   4309    174
   4390  3986      530.4948    98      530.7453      522.7894   172402    1.50%         x.21.43 N   4390   4389     56
   4486  4072      527.5759   112      530.7453      522.8241   176381    1.49%         x.20.56 D   4486   4485     41
   4613  4193      530.0691    60      530.7453      522.8241   178905    1.49%         x.54.70 N   4613   4612    168
Elapsed time = 40.15 sec. (52104.05 ticks, tree = 117.48 MB, solutions = 13)
   4683  4254      524.4935   131      530.7453      522.8302   182840    1.49%          x.31.9 D   4683   4682     19
   4763  4330      528.8268   103      530.7453      522.8312   187805    1.49%          x.7.10 D   4763   4760     32
   4857  4411      523.6591   121      530.7453      522.8352   192141    1.49%         x.24.49 D   4857   4856     12
   4954  4503      527.4025   121      530.7453      522.8392   196107    1.49%          x.19.2 D   4954   4953     31
   5041  4586      529.9324   100      530.7453      522.8428   200394    1.49%         x.63.63 D   5041   5040     73
   5128  4667      529.6154    84      530.7453      522.8527   204757    1.49%         x.44.25 N   5128   5127     63
   5221  4743      529.2348   103      530.7453      522.8586   208069    1.49%         x.24.34 D   5221   5220     58
   5327  4844      529.5652    79      530.7453      522.8650   211834    1.48%         x.58.55 N   5327   5326     78
   5429  4941      529.1424   103      530.7453      522.8669   215545    1.48%         x.12.13 N   5429   5428     66
   5550  5055      528.9718    94      530.7453      522.8700   219051    1.48%         x.34.40 N   5550   5549     68
Elapsed time = 47.65 sec. (61740.50 ticks, tree = 145.99 MB, solutions = 13)
   5640  5139      529.9998    95      530.7453      522.8835   222945    1.48%         x.29.21 N   5640   5637     36
   5744  5235      525.3032   113      530.7453      522.8855   226578    1.48%          x.19.2 D   5744   5743     23
   5849  5330      523.6750   114      530.7453      522.8982   229669    1.48%         x.34.73 D   5849   5848     11
   5963  5438      523.3483   120      530.7453      522.9111   233082    1.48%         x.34.73 D   5963   5962     11
   6036  5511      529.7424   100      530.7453      522.9111   236087    1.48%         x.24.41 U   6036   6035     84
   6124  5595      527.7688   108      530.7453      522.9128   240182    1.48%         x.44.13 D   6124   6123     42
   6218  5679      528.0293   100      530.7453      522.9234   243938    1.47%         x.55.63 N   6218   6217     43
   6319  5775      530.0394   105      530.7453      522.9275   247873    1.47%         x.53.63 D   6319   6318     62
   6411  5859      525.7647   117      530.7453      522.9467   251797    1.47%         x.19.73 D   6411   6410     23
   6517  5958      526.8124    99      530.7453      522.9536   255502    1.47%         x.75.63 D   6517   6516     29
Elapsed time = 54.96 sec. (71335.12 ticks, tree = 176.65 MB, solutions = 13)
   6600  6032      530.1669   100      530.7453      522.9574   259874    1.47%         x.42.63 D   6600   6599     52
   6714  6137      523.7065   123      530.7453      522.9603   263738    1.47%         x.59.24 D   6714   6713     10
   6814  6232      524.3069   115      530.7453      522.9650   267168    1.47%         x.54.29 N   6814   6813     14
   6930  6343      525.1671   114      530.7453      522.9681   270726    1.47%         x.34.73 D   6930   6929     17
   7003  6413      526.6951   110      530.7453      522.9830   274817    1.46%          x.31.9 N   7003   7002     39
   7103  6507      526.9787   107      530.7453      522.9894   278387    1.46%         x.29.60 D   7103   7102     32
   7200  6600      527.5907   112      530.7453      522.9958   282034    1.46%         x.40.29 D   7200   7199     36
   7320  6713      527.4032   102      530.7453      523.0001   285518    1.46%         x.44.51 D   7320   7319     72
   7454  6840      529.8197    59      530.7453      523.0001   288063    1.46%         x.62.42 D   7454   7453    205
   7542  6919      529.0379    92      530.7453      523.0025   292098    1.46%          x.31.7 N   7542   7540     51
Elapsed time = 62.13 sec. (80942.99 ticks, tree = 209.98 MB, solutions = 13)
   7640  7009      528.1270    78      530.7453      523.0036   296459    1.46%         x.48.13 D   7640   7639     81
   7750  7111      525.7211   112      530.7453      523.0066   299755    1.46%         x.37.29 D   7750   7749     38
   7856  7213      529.2775   102      530.7453      523.0087   303974    1.46%         x.29.60 D   7856   7855     54
   7962  7311      523.8051   116      530.7453      523.0120   307861    1.46%          x.58.9 U   7962   1791      8
   8023  7372      529.2466   100      530.7453      523.0120   311144    1.46%          x.10.5 U   8023   8022     45
   8123  7458      524.9019   119      530.7453      523.0231   315381    1.45%         x.40.29 D   8123   8122     19
   8230  7560      527.5400   106      530.7453      523.0266   319067    1.45%         x.59.63 D   8230   8229     53
   8340  7664      529.3123   107      530.7453      523.0283   322646    1.45%         x.44.13 D   8340   8339     45
   8428  7738      528.5922   105      530.7453      523.0332   326537    1.45%         x.22.35 U   8428   8427     47
   8858  8143      528.1665   113      530.7453      523.0407   340541    1.45%         x.28.16 D   8858   8857     31
Elapsed time = 71.53 sec. (93418.69 ticks, tree = 253.29 MB, solutions = 13)
   9292  8541      525.3516   113      530.7453      523.0522   355441    1.45%         x.65.29 U   9292   9291     25
   9720  8941      524.0809   122      530.7453      523.0623   369818    1.45%          x.58.9 D   9720   9719     16
  10123  9321      530.5133    78      530.7453      523.0742   383974    1.45%         x.69.20 D  10123  10122    112
  10551  9729      528.3072   102      530.7453      523.0911   396454    1.44%         x.63.63 N  10551  10550     36
  10968 10119      528.9433   114      530.7453      523.1056   411088    1.44%          x.61.9 N  10968  10965     24
  11414 10537      527.4403   100      530.7453      523.1189   424631    1.44%         x.58.67 D  11414  11413     79
  11842 10937      529.9052    89      530.7453      523.1298   437100    1.43%         x.29.15 D  11842  11841    117
  12270 11332      524.4093   103      530.7453      523.1498   450642    1.43%         x.78.63 D  12270  12269     42
  12741 11784      528.9120   106      530.7453      523.1564   463265    1.43%         x.58.67 D  12741  12740     87
  13180 12196      528.3613    78      530.7453      523.1640   475851    1.43%         x.78.75 D  13180  13179    126
Elapsed time = 100.79 sec. (131662.12 ticks, tree = 402.69 MB, solutions = 13)
  13600 12587      527.7532   108      530.7453      523.1764   488552    1.43%         x.74.60 D  13600  13599     73
  14000 12962      530.0255    94      530.7453      523.1815   502448    1.43%          x.2.26 U  14000  13997     72
  14500 13434      524.6186   109      530.7453      523.1853   514378    1.42%         x.59.24 D  14500  14499     43
  14927 13839      529.1279    99      530.7453      523.1952   527673    1.42%         x.58.67 D  14927  14926     93
  15302 14178      530.3080   108      530.7453      523.2088   541074    1.42%         x.35.29 D  15302  15301     72
  15699 14556      528.6893    97      530.7453      523.2147   552929    1.42%          x.77.9 D  15699  15698     52
  16130 14966      529.5042    94      530.7453      523.2220   564601    1.42%          x.35.0 U  16130  16129    112
  16521 15334      527.6713   102      530.7453      523.2334   577254    1.42%          x.65.5 D  16521  16520     75
  16926 15717      525.1175   109      530.7453      523.2353   587652    1.41%         x.53.59 U  16926  16923     11
  17336 16098      523.9931   109      530.7453      523.2442   600276    1.41%         x.79.63 D  17336  17335     19
Elapsed time = 130.33 sec. (169893.45 ticks, tree = 553.35 MB, solutions = 13)
  17760 16494      530.5374    75      530.7453      523.2539   613463    1.41%         x.77.10 D  17760  17759    141
  18157 16868      527.2485   115      530.7453      523.2651   626031    1.41%         x.69.73 D  18157  18156     59
  18587 17268      527.6066   114      530.7453      523.2779   639578    1.41%         x.29.21 N  18587  18586     75
  19018 17683      528.4322   107      530.7453      523.2887   652018    1.40%         x.69.13 D  19018  19017     78
  19387 18023      527.8099   105      530.7453      523.2974   665232    1.40%         x.59.34 D  19387  19386     63
  19765 18378      524.8343   117      530.7453      523.3022   677620    1.40%         x.39.63 D  19765  19764     33
  20160 18743      525.6720   106      530.7453      523.3044   689163    1.40%         x.17.44 U  20160  20159     60
  20629 19190      529.3615    84      530.7453      523.3083   701317    1.40%         x.67.56 D  20629  20628    131
  21010 19542      528.0678    91      530.7453      523.3142   714460    1.40%         x.46.60 D  21010  21009     79
  21395 19907      529.3725    92      530.7453      523.3172   728050    1.40%          x.8.15 D  21395  21394    135
Elapsed time = 160.13 sec. (208125.57 ticks, tree = 707.58 MB, solutions = 13)
  21830 20317      529.3485    77      530.7453      523.3204   740263    1.40%         x.36.51 D  21830  21829    167
  22186 20647      525.1180   108      530.7453      523.3262   752140    1.40%         x.28.66 D  22186  22185     22
  22599 21036      529.0653    84      530.7453      523.3283   765125    1.40%         x.45.44 D  22599  22598     87
  23002 21406      525.2753   118      530.7453      523.3307   778130    1.40%         x.55.63 D  23002  23001     43
  23380 21764      523.6064   115      530.7453      523.3344   790118    1.40%         x.28.16 D  23380  23379     11
  23787 22157      529.5958   104      530.7453      523.3365   802946    1.40%         x.34.40 D  23787  23786    110
  24199 22541      524.5667   120      530.7453      523.3442   815740    1.39%          x.58.9 D  24199  24198     19
  24580 22902      526.2783   103      530.7453      523.3493   827833    1.39%          x.35.0 D  24580  24579     64
  24952 23253      524.7151   124      530.7453      523.3557   840930    1.39%         x.50.63 D  24952  24951     46
  25418 23689      525.1307   121      530.7453      523.3562   852141    1.39%         x.55.63 D  25418  25417     50
Elapsed time = 190.33 sec. (246338.55 ticks, tree = 864.99 MB, solutions = 13)
  25817 24062      525.0686   120      530.7453      523.3588   864375    1.39%         x.49.17 D  25817  25816     52
  26200 24419      529.4752    97      530.7453      523.3611   878056    1.39%         x.74.60 D  26200  26199     87
  26609 24803      529.1927    94      530.7453      523.3670   890238    1.39%         x.44.13 D  26609  26608     98
  26976 25153      528.9096   100      530.7453      523.3734   902226    1.39%         x.78.12 U  26976  26975     68
  27401 25549      529.6888    80      530.7453      523.3777   913174    1.39%          x.38.8 D  27401  27400    117
  27810 25933      529.5744    89      530.7453      523.3807   925684    1.39%         x.56.15 D  27810  27809    151
  28197 26296      524.5181   113      530.7453      523.3849   937003    1.39%         x.36.34 D  28197  28196     20
  28558 26635      526.5186   108      530.7453      523.3879   947885    1.39%          x.61.9 D  28558  28557     62
  28959 27007      525.4732   112      530.7453      523.3892   960220    1.39%          x.19.2 D  28959  28958     64
  29360 27384      524.7247   105      530.7453      523.3925   971841    1.39%         x.50.63 D  29360  29359     47
Elapsed time = 220.51 sec. (284533.41 ticks, tree = 1023.10 MB, solutions = 13)
  29810 27816      525.0517   110      530.7453      523.3955   982610    1.38%         x.34.50 D  29810  29809     51
  30109 28102      524.9801   124      530.7453      523.4001   993681    1.38%         x.18.63 D  30109  30108     41
  30533 28503      525.2151   118      530.7453      523.4025  1005229    1.38%          x.31.9 N  30533  30532     57
  30906 28862      529.1609    84      530.7453      523.4058  1016385    1.38%         x.78.21 D  30906  30905    134
  31340 29265      528.5463    80      530.7453      523.4069  1027905    1.38%          x.2.13 D  31340  31339    116
  31810 29696      528.9405    94      530.7453      523.4109  1039249    1.38%         x.59.34 D  31810  31809     44
  32193 30064      528.8156    79      530.7453      523.4176  1050163    1.38%         x.27.19 U  32193  32192    104
  32541 30389      527.4010    97      530.7453      523.4215  1060985    1.38%          x.65.5 D  32541  32540     92
  33010 30829      527.6689    95      530.7453      523.4234  1072096    1.38%         x.55.60 D  33010  33009     99
  33452 31234      525.3299   130      530.7453      523.4252  1082430    1.38%         x.59.63 D  33452  33451     45
Elapsed time = 250.09 sec. (322820.04 ticks, tree = 1192.05 MB, solutions = 13)
  33876 31631      525.7659   127      530.7453      523.4284  1092828    1.38%          x.65.5 U  33876  33874     25
  34280 32017      529.4048    86      530.7453      523.4298  1104884    1.38%         x.41.33 D  34280  34279    133
  34670 32384      527.4213    95      530.7453      523.4330  1117576    1.38%         x.12.13 D  34670  34669     61
  35085 32769      527.0880   111      530.7453      523.4375  1128893    1.38%          x.31.9 N  35085  35084     70
  35493 33145      527.5239   117      530.7453      523.4386  1138878    1.38%         x.50.29 D  35493  35492     74
  35890 33509      524.7731   118      530.7453      523.4417  1150330    1.38%         x.28.73 D  35890  35889     53
  36280 33881      527.8160   101      530.7453      523.4438  1162378    1.38%         x.28.64 D  36280  36279    104
  36764 34342      525.1972   120      530.7453      523.4450  1173003    1.38%         x.52.63 D  36764  36763     30
  37144 34692      524.1914   109      530.7453      523.4466  1184894    1.38%         x.39.63 D  37144  37143     26
  37524 35053      527.9709   108      530.7453      523.4494  1195785    1.37%          x.30.9 U  37524  37523     58
Elapsed time = 279.84 sec. (361012.90 ticks, tree = 1364.23 MB, solutions = 13)
  37980 35481      525.1747   112      530.7453      523.4507  1205583    1.37%         x.63.63 D  37980  37979     36
  38360 35839      525.1235   110      530.7453      523.4517  1217413    1.37%         x.27.63 D  38360  38359     54
  38769 36205      528.2379   106      530.7453      523.4572  1228171    1.37%         x.21.69 U  38769  38768    100
  39200 36598      529.3703    95      530.7453      523.4589  1238758    1.37%         x.49.74 D  39200  39199    116
  39590 36969      528.8446    94      530.7453      523.4598  1250832    1.37%         x.69.52 D  39590  39589    157
  39940 37296      529.8606    96      530.7453      523.4609  1261348    1.37%         x.17.44 U  39940  39939     55
  40340 37668      525.8905   107      530.7453      523.4623  1271802    1.37%         x.36.17 D  40340  40339     81
  40730 38023      528.1296    96      530.7453      523.4648  1283642    1.37%          x.40.8 D  40730  40729     84
  41164 38418      529.3007    99      530.7453      523.4670  1292045    1.37%         x.33.18 D  41164  41163    158
  41550 38750      529.7726    93      530.7453      523.4689  1302806    1.37%         x.78.21 D  41550  41549    144
Elapsed time = 309.95 sec. (399559.88 ticks, tree = 1532.73 MB, solutions = 13)
  41977 39142      526.7137   112      530.7453      523.4718  1314222    1.37%         x.69.73 U  41977  41975     52
  42431 39547      530.1252    91      530.7453      523.4722  1323743    1.37%         x.37.14 D  42431  42430    171
  42883 39951      527.8045   112      530.7453      523.4736  1333691    1.37%         x.74.60 D  42883  42882    137
  43332 40375      524.5380   113      530.7453      523.4757  1344205    1.37%         x.71.58 U  43332  43331     60
  43766 40761      525.3887   110      530.7453      523.4771  1354451    1.37%         x.37.29 U  43766  43765     55
  44237 41194      529.7211    73      530.7453      523.4794  1363868    1.37%         x.77.11 N  44237  44236    245
  44686 41608      524.1231   118      530.7453      523.4806  1375030    1.37%         x.50.29 D  44686  44685     38
  45092 41959      523.8040   121      530.7453      523.4840  1385814    1.37%         x.66.78 D  45092  45091     13
  45569 42418      525.4500   119      530.7453      523.4856  1395240    1.37%         x.36.65 D  45569  45568     33
  45991 42815      526.3150   102      530.7453      523.4861  1406463    1.37%          x.61.9 D  45991  45990     80
Elapsed time = 339.98 sec. (437747.86 ticks, tree = 1720.85 MB, solutions = 13)
  46388 43180      524.6609   116      530.7453      523.4869  1417204    1.37%         x.42.63 D  46388  46387     39
  46865 43630      527.5905    94      530.7453      523.4875  1426220    1.37%         x.36.33 D  46865  46864     98
  47271 44007      527.4236    92      530.7453      523.4883  1436773    1.37%         x.36.28 D  47271  47270     89
  47780 44470      529.0014    87      530.7453      523.4885  1445930    1.37%         x.61.46 D  47780  47779    192
  48200 44853      530.2792    79      530.7453      523.4929  1456290    1.37%          x.5.61 U  48200  48199    130
  48619 45233      530.6576    80      530.7453      523.4956  1465534    1.37%         x.42.53 N  48619  48617    171
  48978 45564      529.1346   106      530.7453      523.4964  1475999    1.37%         x.12.13 N  48978  48977     86
  49392 45946      529.7995    91      530.7453      523.4980  1488142    1.37%         x.44.51 D  49392  49391    128
  49853 46384      527.8699    96      530.7453      523.5003  1497550    1.37%         x.24.34 D  49853  49852    133
  50239 46740      524.7726   115      530.7453      523.5047  1506982    1.36%         x.67.63 D  50239  50238     38
Elapsed time = 369.63 sec. (475934.62 ticks, tree = 1904.96 MB, solutions = 13)
  50665 47125      530.3828   111      530.7453      523.5070  1516474    1.36%          x.40.8 U  50665  50664    105
  51090 47515      530.3827    55      530.7453      523.5082  1524432    1.36%         x.40.77 N  51090  51089    273
  51530 47916      527.6484    82      530.7453      523.5122  1533918    1.36%         x.63.60 D  51530  51529    174
  51912 48285      530.4329    57      530.7453      523.5124  1542206    1.36%         x.35.15 D  51912  51911    237
  52340 48684      530.0070    64      530.7453      523.5154  1552601    1.36%         x.50.15 D  52340  52339    227
  52750 49071        cutoff            530.7453      523.5181  1563294    1.36%         x.25.46 D  52750  52749    159
  53142 49435      529.5281    89      530.7453      523.5235  1573165    1.36%         x.14.75 U  53142  53141    180
  53611 49879      527.0850   128      530.7453      523.5251  1582691    1.36%         x.47.77 N  53611  53610     53
  54036 50284      527.8763   111      530.7453      523.5264  1592929    1.36%          x.49.3 D  54036  54035    104
  54400 50623      529.3195   104      530.7453      523.5287  1603716    1.36%          x.40.8 D  54400  54399    103
Elapsed time = 399.92 sec. (514245.56 ticks, tree = 2089.69 MB, solutions = 13)
Nodefile size = 41.80 MB (40.26 MB after compression)
  54812 51009      526.8042   106      530.7453      523.5297  1612554    1.36%          x.36.8 D  54812  54811     77
  55193 51366      524.9198   126      530.7453      523.5345  1623615    1.36%          x.31.9 D  55193  55192     28
  55599 51744      525.5783   118      530.7453      523.5376  1634222    1.36%         x.78.12 D  55599  55598     52
  55945 52076      530.4965    87      530.7453      523.5389  1642470    1.36%         x.41.13 D  55945  55944    131
  56336 52442      529.6672    73      530.7453      523.5398  1651495    1.36%         x.66.46 D  56336  56335    251
  56763 52848      525.1451   111      530.7453      523.5409  1660719    1.36%          x.31.9 D  56763  56762     60
  57174 53220      528.7038   103      530.7453      523.5423  1668850    1.36%         x.66.37 D  57174  57173    119
  57607 53632      529.6926    91      530.7453      523.5446  1677271    1.36%          x.6.19 U  57607  57606    145
  58029 54025      524.7324   116      530.7453      523.5482  1686814    1.36%          x.77.9 D  58029  58028     49
  58445 54416      525.8837   116      530.7453      523.5523  1696210    1.36%          x.7.63 D  58445  58444     38
Elapsed time = 431.84 sec. (552431.27 ticks, tree = 2272.40 MB, solutions = 13)
Nodefile size = 224.72 MB (216.67 MB after compression)
  58863 54803      527.6083   111      530.7453      523.5566  1705663    1.35%          x.40.8 N  58863  58862     68
  59239 55142      526.7419    91      530.7453      523.5584  1713644    1.35%         x.21.69 U  59239  59238    151
  59730 55612      525.1145   104      530.7453      523.5594  1721856    1.35%         x.36.13 D  59730  59729    137
  60122 55979      525.8542   111      530.7453      523.5621  1731326    1.35%         x.49.18 D  60122  60121     63
  60533 56372      529.6275    85      530.7453      523.5626  1739194    1.35%         x.61.46 D  60533  60532    114
  60930 56749      525.5014   115      530.7453      523.5646  1747885    1.35%         x.24.63 D  60930  60929     51
  61350 57141      526.9925   115      530.7453      523.5652  1757241    1.35%         x.34.17 D  61350  61349     83
  61759 57511      526.1224   106      530.7453      523.5695  1767361    1.35%          x.19.9 D  61759  61758    109
  62212 57944      525.5331   104      530.7453      523.5720  1776155    1.35%         x.36.35 D  62212  62211     88
  62657 58353      526.7463   109      530.7453      523.5737  1785846    1.35%         x.36.17 D  62657  62656     61
Elapsed time = 464.10 sec. (590646.03 ticks, tree = 2464.55 MB, solutions = 13)
Nodefile size = 417.48 MB (403.19 MB after compression)
  63085 58748      525.0060   116      530.7453      523.5767  1795388    1.35%         x.71.63 D  63085  63084     30
  63586 59221      524.1221   117      530.7453      523.5778  1802681    1.35%         x.50.63 D  63586  63585    115
  64000 59611      528.4305    84      530.7453      523.5805  1811519    1.35%         x.67.16 D  64000  63999    179
  64440 60022      523.9843   117      530.7453      523.5815  1820089    1.35%         x.10.63 D  64440  64439     20
  64817 60373      524.5519   120      530.7453      523.5851  1829343    1.35%         x.18.63 D  64817  64816     50
  65250 60774      525.3976   107      530.7453      523.5856  1836300    1.35%         x.36.16 D  65250  65249     80
  65688 61175      530.3653    75      530.7453      523.5882  1846230    1.35%         x.40.46 D  65688  65687    244
  66160 61624      524.8476   111      530.7453      523.5912  1855209    1.35%         x.18.63 D  66160  66159     54
  66559 61995      525.2717   118      530.7453      523.5939  1863586    1.35%         x.72.63 N  66559  66558     37
  67011 62425      528.3505    85      530.7453      523.5960  1871871    1.35%         x.63.14 D  67011  67010    194
Elapsed time = 496.35 sec. (628855.02 ticks, tree = 2665.00 MB, solutions = 13)
Nodefile size = 617.52 MB (597.19 MB after compression)
  67410 62799      526.2248   104      530.7453      523.5965  1880174    1.35%          x.40.8 D  67410  67409    111
  67818 63189      530.3370    98      530.7453      523.5991  1890818    1.35%         x.74.20 U  67818  67816     65
  68291 63632      524.3937   119      530.7453      523.5999  1898950    1.35%         x.39.63 D  68291  68290     22
  68774 64103      527.4614   120      530.7453      523.6019  1907374    1.35%         x.78.63 U  68774  68772     33
  69132 64446      528.9543   102      530.7453      523.6033  1917073    1.35%         x.29.60 D  69132  69131    129
  69569 64860      526.5772   110      530.7453      523.6054  1925756    1.35%         x.36.25 D  69569  69568     77
  70000 65262      526.1443   107      530.7453      523.6065  1935235    1.35%         x.78.12 D  70000  69999     50
  70376 65603      524.4841   118      530.7453      523.6088  1945278    1.34%         x.23.63 D  70376  70375     32
  70780 65996      524.7022   103      530.7453      523.6097  1952633    1.34%         x.36.37 D  70780  70779     85
  71206 66395      525.7377   118      530.7453      523.6119  1961189    1.34%         x.36.69 D  71206  71205     65
Elapsed time = 529.03 sec. (667113.47 ticks, tree = 2862.33 MB, solutions = 13)
Nodefile size = 814.72 MB (788.87 MB after compression)
  71680 66843      524.9962   111      530.7453      523.6131  1968592    1.34%         x.36.30 D  71680  71679    103
  72076 67215      527.3454    94      530.7453      523.6138  1977522    1.34%         x.42.53 D  72076  72075    123
  72569 67690      527.2007   108      530.7453      523.6155  1985190    1.34%         x.34.22 D  72569  72568    175
  73010 68100      526.7217   110      530.7453      523.6183  1994237    1.34%          x.61.9 D  73010  73009     98
  73499 68563      530.7436    64      530.7453      523.6187  2003083    1.34%         x.35.13 N  73499  73498    192
  73905 68949      524.1174   121      530.7453      523.6215  2011398    1.34%         x.42.63 D  73905  73904     19
  74303 69335      527.5867   105      530.7453      523.6219  2018765    1.34%         x.34.61 D  74303  74302    134
  74704 69712      525.4372   113      530.7453      523.6244  2028232    1.34%          x.60.1 D  74704  74703    111
  75179 70166      525.9417   104      530.7453      523.6271  2035689    1.34%         x.19.73 D  75179  75178    173
  75600 70548      526.3207   101      530.7453      523.6324  2044857    1.34%          x.28.9 D  75600  75599    164
Elapsed time = 561.88 sec. (705525.08 ticks, tree = 3070.20 MB, solutions = 13)
Nodefile size = 1022.81 MB (991.49 MB after compression)
  76000 70916      525.2608   114      530.7453      523.6330  2053719    1.34%         x.79.63 D  76000  75999     34
  76407 71292      524.3613   120      530.7453      523.6346  2063248    1.34%         x.36.63 D  76407  76406     18
  76850 71704      526.8508   112      530.7453      523.6364  2071631    1.34%         x.18.63 D  76850  76849     47
  77218 72048      526.8593   102      530.7453      523.6372  2079396    1.34%         x.33.18 D  77218  77217    114
  77633 72431      525.2754   125      530.7453      523.6422  2089143    1.34%         x.24.49 D  77633  77632     48
  78079 72832      528.3957   105      530.7453      523.6422  2095730    1.34%         x.38.65 D  78079  78078    112
  78454 73186      528.0736   108      530.7453      523.6432  2106500    1.34%         x.78.12 D  78454  78453    100
  78930 73627      526.9974   104      530.7453      523.6446  2114085    1.34%         x.34.28 D  78930  78929     98
  79360 74017      530.5001    87      530.7453      523.6449  2122475    1.34%         x.29.60 D  79360  79359     65
  79805 74430      529.2613    88      530.7453      523.6450  2129312    1.34%         x.21.30 D  79805  79804    180
Elapsed time = 593.69 sec. (743844.99 ticks, tree = 3266.19 MB, solutions = 13)
Nodefile size = 1218.65 MB (1182.41 MB after compression)
  80260 74868      528.1366    96      530.7453      523.6459  2136241    1.34%         x.30.27 D  80260  80259    177
  80660 75227      526.0377   103      530.7453      523.6473  2145235    1.34%          x.60.1 U  80660  80659    137
  81144 75678      530.2739    58      530.7453      523.6475  2150963    1.34%         x.65.41 U  81144  81143    396
  81606 76105      526.6232   107      530.7453      523.6488  2157904    1.34%          x.77.9 N  81606  81605    190
  82069 76501      528.7821    93      530.7453      523.6501  2164605    1.34%         x.20.60 D  82069  82068    146
  82480 76884      527.9088   110      530.7453      523.6506  2173994    1.34%          x.10.9 D  82480  82479    160
  82927 77299      528.5559    92      530.7453      523.6507  2181216    1.34%         x.31.16 D  82927  82926    225
  83349 77693      525.1664   112      530.7453      523.6525  2190115    1.34%         x.36.25 D  83349  83348     78
  83820 78143      526.5692   100      530.7453      523.6528  2194198    1.34%          x.34.8 D  83820  83819    243
  84281 78552      524.4643   108      530.7453      523.6547  2202919    1.34%          x.0.63 D  84281  84280     26
Elapsed time = 626.58 sec. (782069.42 ticks, tree = 3476.64 MB, solutions = 13)
Nodefile size = 1428.96 MB (1387.74 MB after compression)
  84661 78916      525.1273   120      530.7453      523.6558  2210340    1.34%         x.49.56 D  84661  84660     75
  85150 79383      524.1797   123      530.7453      523.6579  2216294    1.34%         x.30.63 D  85150  85149     35
  85556 79755      525.8651   118      530.7453      523.6605  2224063    1.33%         x.36.72 D  85556  85555     80
  85999 80154      525.7066   115      530.7453      523.6614  2231575    1.33%         x.28.21 D  85999  85998     94
  86431 80558      527.0210   112      530.7453      523.6625  2238612    1.33%         x.49.10 U  86431  86429     42
  86900 80993      527.9168    87      530.7453      523.6638  2245628    1.33%         x.35.18 N  86900  86899    229
  87327 81370      527.7577   107      530.7453      523.6665  2254354    1.33%         x.54.29 D  87327  87326     87
  87770 81780      524.2213   111      530.7453      523.6671  2262535    1.33%         x.49.77 D  87770  87769     56
  88244 82239      525.8349   122      530.7453      523.6677  2267849    1.33%         x.36.54 D  88244  88243    122
  88610 82565      526.6185   128      530.7453      523.6701  2276018    1.33%         x.10.63 D  88610  88609     30
Elapsed time = 659.71 sec. (820371.95 ticks, tree = 3683.73 MB, solutions = 13)
Nodefile size = 1636.72 MB (1591.05 MB after compression)
  89053 82978      526.3821   121      530.7453      523.6708  2283446    1.33%         x.55.63 U  89053  50564     29
  89520 83399      529.9336   102      530.7453      523.6718  2290550    1.33%         x.65.69 U  89520  89519    262
  90038 83873      527.9256   106      530.7453      523.6721  2296457    1.33%          x.69.7 D  90038  90037    156
  90499 84292      524.6968   106      530.7453      523.6726  2304896    1.33%         x.36.57 D  90499  90498     64
  91025 84781      527.4458   100      530.7453      523.6747  2311306    1.33%         x.59.34 D  91025  91024    271
  91459 85198      525.5461   114      530.7453      523.6774  2319185    1.33%         x.49.24 D  91459  91458     59
  91929 85645      529.0059    84      530.7453      523.6782  2325143    1.33%         x.68.10 D  91929  91928    328
  92337 86035      529.1848   104      530.7453      523.6788  2330236    1.33%         x.40.29 D  92337  92336    251
  92782 86448      528.5900   100      530.7453      523.6793  2338726    1.33%         x.14.75 U  92782  92781    139
  93204 86828      524.5733   122      530.7453      523.6798  2346525    1.33%          x.0.63 D  93204  93203     30
Elapsed time = 692.39 sec. (858558.99 ticks, tree = 3906.08 MB, solutions = 13)
Nodefile size = 1858.20 MB (1808.10 MB after compression)
  93600 87208      528.9376    82      530.7453      523.6807  2355440    1.33%         x.29.60 D  93600  93599    137
  94032 87630      525.0084   107      530.7453      523.6809  2360855    1.33%         x.47.77 D  94032  94031     44
  94470 88040      525.9601   108      530.7453      523.6813  2366680    1.33%          x.43.8 D  94470  94469    148
  94940 88469      528.6907   103      530.7453      523.6826  2374302    1.33%          x.53.6 D  94940  94939    139
  95376 88864      524.2326   120      530.7453      523.6848  2381467    1.33%          x.0.63 D  95376  95375     88
  95898 89364      524.2320   114      530.7453      523.6854  2387640    1.33%         x.36.20 D  95898  95897     49
  96299 89757      529.3037   100      530.7453      523.6859  2393077    1.33%         x.26.34 U  96299  96297     74
  96720 90143      524.8923   115      530.7453      523.6879  2400911    1.33%          x.49.8 D  96720  96719    103
  97139 90547      524.3601   124      530.7453      523.6887  2408173    1.33%         x.34.40 D  97139  97138     27
  97586 90965      524.9259   110      530.7453      523.6908  2415964    1.33%          x.49.9 D  97586  97585     81
Elapsed time = 725.63 sec. (896922.48 ticks, tree = 4123.26 MB, solutions = 13)
Nodefile size = 2075.78 MB (2021.20 MB after compression)
  98000 91357      528.8922    97      530.7453      523.6919  2424253    1.33%          x.35.0 D  98000  97999     55
  98478 91803      524.5713   117      530.7453      523.6929  2431109    1.33%         x.69.63 D  98478  98477     18
  98976 92274      529.0520    85      530.7453      523.6933  2437250    1.33%         x.41.13 D  98976  98975    307
  99400 92669      525.9690    96      530.7453      523.6946  2445574    1.33%         x.28.38 D  99400  99399     96
  99914 93126      524.9021   118      530.7453      523.6977  2452579    1.33%         x.36.23 D  99914  99913     82
 100340 93511      528.1983   101      530.7453      523.6983  2460018    1.33%         x.28.25 D 100340 100339    150
 100821 93968      526.1448   113      530.7453      523.7002  2465537    1.33%         x.69.77 D 100821 100820    202
 101239 94358      528.9992   112      530.7453      523.7006  2473206    1.33%         x.38.65 D 101239 101238     59
 101663 94758      528.2834    87      530.7453      523.7015  2480552    1.33%          x.78.9 D 101663 101662    228
 102165 95228      525.9705   117      530.7453      523.7017  2487756    1.33%         x.51.63 D 102165 102164    193
Elapsed time = 758.93 sec. (935225.73 ticks, tree = 4348.36 MB, solutions = 13)
Nodefile size = 2300.89 MB (2241.95 MB after compression)
 102569 95600      525.6165   110      530.7453      523.7025  2495971    1.33%         x.72.63 D 102569 102568     47
 103062 96056      524.9137   118      530.7453      523.7029  2502338    1.33%         x.66.37 D 103062 103061     59
 103550 96513      526.6033   113      530.7453      523.7039  2509404    1.33%         x.28.77 D 103550 103549    178
 104030 96933      525.7298   108      530.7453      523.7042  2515757    1.33%         x.28.24 D 104030 104029     83
 104424 97291      524.4548   111      530.7453      523.7049  2525398    1.33%         x.78.63 D 104424 104423     28
 104854 97678      526.5047   109      530.7453      523.7051  2532517    1.33%          x.77.9 D 104854 104853     97
 105312 98110      529.3456   103      530.7453      523.7053  2540546    1.33%          x.27.7 U 105312 105309     43
 105770 98544      527.9437    87      530.7453      523.7061  2546686    1.33%         x.54.18 D 105770 105769    302
 106249 98968      529.0466    82      530.7453      523.7075  2553776    1.33%         x.67.56 D 106249 106248    223
 106710 99388      525.2318   109      530.7453      523.7077  2560889    1.33%         x.69.24 D 106710 106709    203
Elapsed time = 791.97 sec. (973438.15 ticks, tree = 4569.27 MB, solutions = 13)
Nodefile size = 2521.35 MB (2458.41 MB after compression)
 107206 99841      525.5503   115      530.7453      523.7087  2568078    1.33%          x.36.3 D 107206 107205    122
 107647 100238      528.9588   114      530.7453      523.7095  2576707    1.33%         x.69.63 D 107647 107646     94
 108126 100700      525.3718   105      530.7453      523.7100  2581852    1.33%         x.34.51 D 108126 108125    239
 108530 101033      528.2466   106      530.7453      523.7121  2589402    1.33%         x.34.37 D 108530 108529    229
 109052 101521      529.7357    87      530.7453      523.7127  2595304    1.33%         x.50.36 D 109052 109051    267
 109493 101929      526.5281   108      530.7453      523.7148  2603031    1.32%         x.28.70 D 109493 109492    118
 109948 102335      524.2137   124      530.7453      523.7157  2611335    1.32%         x.75.63 U 109948  18525     14
 110310 102650      525.0455   120      530.7453      523.7176  2619989    1.32%         x.55.63 D 110310 110309     31
 110730 103054      527.4284   101      530.7453      523.7180  2628452    1.32%          x.27.7 D 110730 110729    119
 111121 103403      524.9900   117      530.7453      523.7211  2636446    1.32%         x.79.63 U 111121 111119     23
Elapsed time = 825.05 sec. (1011642.52 ticks, tree = 4783.44 MB, solutions = 13)
Nodefile size = 2736.28 MB (2669.54 MB after compression)
 111539 103771      526.0540   105      530.7453      523.7218  2642665    1.32%         x.69.45 D 111539 111538    199
 112000 104192      525.0132   115      530.7453      523.7226  2648711    1.32%         x.72.63 D 112000 111999     30
 112418 104575      524.4361   124      530.7453      523.7237  2657153    1.32%         x.13.63 D 112418 112417     30
 112800 104938      524.7847   124      530.7453      523.7253  2666364    1.32%         x.71.63 D 112800 112799     23
 113305 105421      525.1018   120      530.7453      523.7254  2672337    1.32%         x.36.53 D 113305 113304     73
 113759 105838      524.7608   115      530.7453      523.7266  2679092    1.32%         x.36.48 D 113759 113758     59
 114214 106263      525.4385   113      530.7453      523.7270  2685033    1.32%          x.31.9 D 114214 114213    155
 114620 106649      525.8772   111      530.7453      523.7278  2691952    1.32%         x.69.73 U 114620 114618     50
 115043 107038      529.6716    92      530.7453      523.7284  2700590    1.32%         x.20.60 D 115043 115042    163
 115547 107479      530.4477    96      530.7453      523.7288  2707185    1.32%         x.20.60 D 115547 115546    287
Elapsed time = 858.28 sec. (1050064.39 ticks, tree = 5002.10 MB, solutions = 13)
Nodefile size = 2954.46 MB (2883.98 MB after compression)
 115940 107840      527.5674    94      530.7453      523.7307  2716038    1.32%         x.27.15 D 115940 115939    140
 116366 108234      529.1184   107      530.7453      523.7310  2724348    1.32%          x.36.6 D 116366 116365     69
 116800 108626      524.5627   113      530.7453      523.7323  2731370    1.32%         x.49.75 D 116800 116799     84
 117232 109034      529.2260    91      530.7453      523.7331  2738501    1.32%         x.65.69 U 117232 117231    209
 117651 109436      529.7878    69      530.7453      523.7340  2744875    1.32%         x.16.10 D 117651 117650    264
 118054 109815      527.9778   105      530.7453      523.7349  2751432    1.32%         x.78.12 D 118054 118053    169
 118463 110203      527.7538   119      530.7453      523.7365  2759964    1.32%         x.50.63 D 118463 118462     37
 118879 110596      525.2331   108      530.7453      523.7372  2768299    1.32%         x.36.11 D 118879 118878     71
 119291 110964      524.5753   123      530.7453      523.7382  2776444    1.32%         x.28.66 D 119291 119290     20
 119768 111425      525.0170   111      530.7453      523.7386  2783475    1.32%          x.77.9 D 119768 119767    122
Elapsed time = 891.21 sec. (1088594.03 ticks, tree = 5214.85 MB, solutions = 13)
Nodefile size = 3167.51 MB (3093.26 MB after compression)
 120194 111834      526.7615   126      530.7453      523.7394  2791015    1.32%         x.54.62 D 120194 120193     62
 120600 112219      526.0026   114      530.7453      523.7410  2796628    1.32%         x.34.51 D 120600 120599    141
 121006 112589      525.4563   101      530.7453      523.7420  2805285    1.32%         x.28.46 D 121006 121005     46
 121559 113110      528.2117    93      530.7453      523.7423  2810819    1.32%         x.13.51 D 121559 121558    240
 121980 113509      529.4051   101      530.7453      523.7427  2819428    1.32%         x.54.62 D 121980 121978     53
 122400 113873      525.6599   107      530.7453      523.7430  2826172    1.32%         x.77.63 D 122400 122399     47
 122800 114238      526.7850   106      530.7453      523.7438  2833756    1.32%         x.59.34 D 122800 122799    165
 123205 114604      524.4598   126      530.7453      523.7442  2842613    1.32%         x.71.63 N 123205 123203     24
 123620 115002      526.4444    98      530.7453      523.7444  2849581    1.32%         x.28.20 D 123620 123619    162
 124043 115394      525.2822   114      530.7453      523.7452  2856114    1.32%         x.36.57 D 124043 124042     65
Elapsed time = 924.06 sec. (1127039.60 ticks, tree = 5429.94 MB, solutions = 13)
Nodefile size = 3382.66 MB (3304.81 MB after compression)
 124447 115775      524.3319   117      530.7453      523.7477  2863357    1.32%          x.30.9 D 124447 124446     10
 124896 116203      523.9612   124      530.7453      523.7490  2869998    1.32%         x.34.20 U 124896  99556     20
 125272 116574      530.5794   106      530.7453      523.7493  2877350    1.32%         x.30.38 N 125272 125270     65
 125675 116922      528.8475    91      530.7453      523.7509  2884776    1.32%         x.29.60 D 125675 125674    113
 126037 117259      528.2026    95      530.7453      523.7516  2893636    1.32%         x.34.50 U 126037 126036    159
 126462 117660      527.3100    85      530.7453      523.7519  2899714    1.32%         x.22.35 U 126462 126461    193
 126869 118034      530.4656    96      530.7453      523.7530  2908323    1.32%         x.27.15 D 126869 126867     68
 127338 118447      527.1248   118      530.7453      523.7536  2914639    1.32%         x.50.29 D 127338 127337    121
 127750 118818      524.2644   112      530.7453      523.7556  2922815    1.32%          x.77.9 D 127750 127749     35
 128225 119268      528.6613   103      530.7453      523.7562  2928329    1.32%          x.40.8 D 128225 128224    168
Elapsed time = 956.62 sec. (1165296.55 ticks, tree = 5641.41 MB, solutions = 13)
Nodefile size = 3593.59 MB (3511.76 MB after compression)
 128592 119602      525.4742   116      530.7453      523.7569  2938048    1.32%         x.49.51 D 128592 128591     63
 129022 120005      524.2991   118      530.7453      523.7600  2944447    1.32%          x.58.9 D 129022 129021     28
 129464 120430      524.7965   120      530.7453      523.7609  2951831    1.32%         x.71.63 D 129464 129463     41
 129927 120874      525.9200   105      530.7453      523.7615  2958241    1.32%         x.51.63 D 129927 129926    237
 130400 121332      525.3111   121      530.7453      523.7621  2964501    1.32%          x.34.5 D 130400 130399    202
 130831 121728        cutoff            530.7453      523.7637  2972965    1.32%         x.41.33 U 130831 130829     81
 131254 122143      525.3912   114      530.7453      523.7644  2980418    1.32%         x.36.20 D 131254 131253     52
 131660 122523      526.8814   111      530.7453      523.7648  2987263    1.32%         x.27.19 D 131660 131659     92
 132000 122839      524.4771   109      530.7453      523.7651  2994772    1.32%         x.42.63 D 132000 131999     87
 132449 123270      525.0695   119      530.7453      523.7658  3001941    1.32%         x.30.63 D 132449 132448     33
Elapsed time = 990.16 sec. (1203845.03 ticks, tree = 5861.28 MB, solutions = 13)
Nodefile size = 3813.80 MB (3728.36 MB after compression)
 132865 123670      526.5767   113      530.7453      523.7668  3009039    1.31%         x.47.77 D 132865 132864    140
 133340 124127      525.1287   111      530.7453      523.7677  3014957    1.31%         x.49.48 U 133340 133339     32
 133767 124522      524.6702   116      530.7453      523.7684  3023359    1.31%         x.36.20 U 133767  18681     19
 134170 124910      527.0646   104      530.7453      523.7695  3030456    1.31%         x.69.54 D 134170 134169    205
 134632 125330      528.8024    79      530.7453      523.7700  3036942    1.31%          x.1.34 D 134632 134631    307
 135025 125705      529.5859    93      530.7453      523.7705  3043296    1.31%         x.34.50 U 135025 135024    138
 135468 126122      525.9717   109      530.7453      523.7713  3050309    1.31%          x.31.9 D 135468 135467    134
 135925 126554      525.3684   110      530.7453      523.7718  3057036    1.31%         x.28.10 D 135925 135924     57
 136341 126957      528.5592    85      530.7453      523.7719  3062280    1.31%         x.52.25 U 136341 136340    198
 136710 127310      530.4345    85      530.7453      523.7720  3071663    1.31%         x.41.79 N 136710 136709    228
Elapsed time = 1023.32 sec. (1242081.65 ticks, tree = 6084.38 MB, solutions = 13)
Nodefile size = 4036.81 MB (3947.06 MB after compression)
 137148 127722      528.9590    79      530.7453      523.7725  3078389    1.31%         x.35.57 U 137148 137147    247
 137525 128068      525.4950   122      530.7453      523.7729  3085834    1.31%         x.59.24 D 137525 137524     43
 137990 128519      526.7725   108      530.7453      523.7733  3092668    1.31%         x.36.50 D 137990 137989     66
 138400 128904      525.8622   113      530.7453      523.7735  3099382    1.31%         x.71.58 U 138400 138399     45
 138800 129281      525.3502   111      530.7453      523.7736  3107029    1.31%          x.36.6 D 138800 138799     54
 139227 129676      524.9785   119      530.7453      523.7740  3113892    1.31%         x.39.63 D 139227 139226     25
 139625 130035      525.8365   120      530.7453      523.7744  3120374    1.31%         x.36.35 D 139625 139624     85
 140027 130413      530.4118    92      530.7453      523.7745  3127622    1.31%         x.20.60 D 140027 140026    177
 140400 130737      525.4124   111      530.7453      523.7759  3136426    1.31%         x.28.73 D 140400 140399     54
 140800 131112      524.7715   115      530.7453      523.7762  3144734    1.31%         x.69.73 D 140800 140799     55
Elapsed time = 1058.12 sec. (1281297.88 ticks, tree = 6295.32 MB, solutions = 13)
Nodefile size = 4247.41 MB (4154.14 MB after compression)
 141260 131544      529.8424   110      530.7453      523.7775  3150803    1.31%         x.78.16 D 141260 141259    179
 141656 131910      529.6699   112      530.7453      523.7788  3159381    1.31%         x.28.68 D 141656 141655    119
 142085 132307      526.6611   117      530.7453      523.7797  3166558    1.31%          x.49.0 D 142085 142084     77
 142520 132709      527.0885   108      530.7453      523.7802  3173894    1.31%         x.69.33 D 142520 142519    227
 142979 133147      529.4207    92      530.7453      523.7818  3181252    1.31%         x.76.54 D 142979 142978    225
 143402 133552      525.8320   105      530.7453      523.7826  3188628    1.31%         x.69.36 D 143402 143401    181
 143843 133969      524.7646   114      530.7453      523.7831  3196239    1.31%         x.53.63 D 143843 143842     26
 144191 134303      525.4374   117      530.7453      523.7833  3202584    1.31%         x.71.58 D 144191 144189     54
 144616 134707      529.5131    86      530.7453      523.7837  3210760    1.31%         x.47.37 D 144616 144615    212
 145106 135165      528.2621   105      530.7453      523.7840  3217113    1.31%         x.69.45 D 145106 145105    185
Elapsed time = 1091.96 sec. (1319499.93 ticks, tree = 6521.18 MB, solutions = 13)
Nodefile size = 4473.71 MB (4376.63 MB after compression)
 145418 135453      523.7998   112      530.7453      523.7842  3224056    1.31%         x.36.63 D 145418 145417     17
 145844 135852      525.4548   117      530.7453      523.7843  3229967    1.31%         x.36.18 D 145844 145843     79
 146219 136200      529.4851    86      530.7453      523.7849  3236358    1.31%         x.67.77 D 146219 146218    236
 146630 136568      527.7406    92      530.7453      523.7860  3243408    1.31%         x.53.13 D 146630 146629    218
 147035 136933      528.9023   101      530.7453      523.7875  3251695    1.31%         x.29.21 D 147035 147034    153
 147404 137288      529.1241    96      530.7453      523.7880  3260889    1.31%         x.65.69 D 147404 147402     70
 147800 137662      525.6325   118      530.7453      523.7885  3268904    1.31%         x.78.12 D 147800 147799    105
 148238 138046      525.0189   124      530.7453      523.7894  3276376    1.31%         x.43.63 D 148238 148237     36
 148720 138505      524.8871   123      530.7453      523.7895  3282333    1.31%         x.71.63 D 148720 148719     40
 149097 138873      529.5572    66      530.7453      523.7896  3288933    1.31%          x.38.8 D 149097 149096    262
Elapsed time = 1125.94 sec. (1357728.75 ticks, tree = 6729.46 MB, solutions = 13)
Nodefile size = 4681.95 MB (4581.54 MB after compression)
 149550 139303      528.9193    93      530.7453      523.7905  3295782    1.31%          x.69.3 D 149550 149549    202
 150000 139739      526.1275   100      530.7453      523.7907  3301650    1.31%         x.69.40 D 150000 149999    155
 150404 140098      524.9551   117      530.7453      523.7920  3307939    1.31%         x.43.37 D 150404 150403     56
 150870 140544      525.0745   109      530.7453      523.7925  3314217    1.31%         x.24.63 D 150870 150869     38
 151242 140891      524.5185   120      530.7453      523.7930  3322096    1.31%         x.71.63 D 151242 151241     40
 151629 141269      526.9572   110      530.7453      523.7933  3328589    1.31%         x.28.25 D 151629 151628    169
 152010 141611      527.2228    94      530.7453      523.7939  3337201    1.31%          x.28.8 D 152010 152009    199
 152451 142023      528.4750   101      530.7453      523.7941  3343857    1.31%         x.33.18 D 152451 152450    170
 152840 142386      525.0600   115      530.7453      523.7945  3352482    1.31%         x.19.73 D 152840 152839     42
 153200 142730      526.6931   115      530.7453      523.7951  3361698    1.31%          x.49.0 D 153200 153199     84
Elapsed time = 1160.01 sec. (1396356.93 ticks, tree = 6947.26 MB, solutions = 13)
Nodefile size = 4899.53 MB (4795.41 MB after compression)
 153608 143112      530.0036    90      530.7453      523.7956  3368552    1.31%          x.35.0 D 153608 153607    123
 153995 143471      529.8087    93      530.7453      523.7965  3377301    1.31%          x.27.7 D 153995 153994    152
 154400 143859      526.6592   109      530.7453      523.7970  3383183    1.31%         x.49.79 D 154400 154399    148
 154797 144230      526.5444   112      530.7453      523.7974  3391568    1.31%          x.69.2 D 154797 154796    162
 155190 144600      524.6644   111      530.7453      523.7979  3399718    1.31%         x.49.69 D 155190 155189     51
 155613 144985      524.6822   106      530.7453      523.7983  3405869    1.31%         x.30.63 D 155613 155612     46
 156073 145401      524.9296   113      530.7453      523.7994  3412281    1.31%         x.36.28 D 156073 156072    122
 156521 145824      526.7141   106      530.7453      523.7999  3418492    1.31%         x.72.63 D 156521 156520     33
 156930 146206      527.1967    95      530.7453      523.8001  3425523    1.31%         x.69.20 D 156930 156929    127
 157380 146635      530.0322    92      530.7453      523.8004  3432880    1.31%         x.44.45 D 157380 157379    143
Elapsed time = 1193.37 sec. (1434639.37 ticks, tree = 7168.57 MB, solutions = 13)
Nodefile size = 5120.66 MB (5012.82 MB after compression)
 157790 147023      525.2747   111      530.7453      523.8005  3440327    1.31%         x.36.76 D 157790 157789    108
 158225 147436      524.8503   124      530.7453      523.8009  3446583    1.31%         x.65.69 D 158225 158224    147
 158608 147780      527.0526   110      530.7453      523.8013  3453052    1.31%         x.78.12 D 158608 158607    171
 158972 148131      526.7868   115      530.7453      523.8022  3460927    1.31%         x.49.70 D 158972 158971    104
 159305 148450      528.9086   108      530.7453      523.8024  3468518    1.31%         x.69.74 D 159305 159304    149
 159700 148822      528.5355   103      530.7453      523.8031  3474378    1.31%          x.69.3 D 159700 159699    147
 160150 149251      527.3255   110      530.7453      523.8045  3480202    1.31%         x.37.29 U 160150 160149    169
 160582 149654      525.8024   119      530.7453      523.8050  3486352    1.31%         x.43.64 D 160582 160581     58
 161000 150050      529.7142    94      530.7453      523.8052  3493750    1.31%         x.72.19 U 161000 160999    146
 161400 150420      527.0651   108      530.7453      523.8058  3500789    1.31%         x.78.63 D 161400 161399     30
Elapsed time = 1227.79 sec. (1472856.43 ticks, tree = 7383.76 MB, solutions = 13)
Nodefile size = 5336.04 MB (5225.27 MB after compression)
 161775 150775      525.4686   121      530.7453      523.8060  3507897    1.31%         x.49.33 D 161775 161774     91
 162250 151229      525.2779   103      530.7453      523.8066  3513454    1.31%         x.49.10 D 162250 162249     45
 162708 151659      525.8987   104      530.7453      523.8070  3519904    1.31%         x.38.65 D 162708 162707    181
 163150 152073      527.4823    85      530.7453      523.8074  3527130    1.31%          x.4.16 D 163150 163149    129
 163558 152451      526.7906   111      530.7453      523.8083  3534801    1.31%          x.19.9 D 163558 163557    110
 163941 152810      525.4595   117      530.7453      523.8088  3542512    1.31%         x.59.24 D 163941 163940     52
 164359 153190      524.6587   122      530.7453      523.8091  3550013    1.31%         x.63.63 D 164359 164358     16
 164780 153586      529.1877    83      530.7453      523.8093  3557317    1.31%         x.18.35 D 164780 164779    173
 165200 153949      526.4193   110      530.7453      523.8098  3563681    1.31%         x.28.26 D 165200 165199    213
 165650 154368      526.7979   103      530.7453      523.8103  3569529    1.31%          x.53.4 U 165650 165649    185
Elapsed time = 1262.30 sec. (1511157.74 ticks, tree = 7609.14 MB, solutions = 13)
Nodefile size = 5562.09 MB (5447.53 MB after compression)
 166114 154819      526.0258   114      530.7453      523.8121  3576430    1.31%         x.50.29 D 166114 166113    121
 166517 155203      527.4490   110      530.7453      523.8125  3583004    1.31%         x.69.33 D 166517 166516    220
 166911 155574      526.0048   111      530.7453      523.8133  3589534    1.31%          x.30.9 D 166911 166910     45
 167330 155947      529.0159    85      530.7453      523.8144  3597416    1.31%         x.48.13 D 167330 167329    170
 167808 156397      527.1746   107      530.7453      523.8148  3603511    1.31%          x.28.9 D 167808 167807    199
 168210 156778      526.8072   106      530.7453      523.8154  3610847    1.31%          x.28.3 D 168210 168209    158
 168686 157238      524.8854   117      530.7453      523.8161  3617377    1.31%         x.49.33 D 168686 168685    129
 169100 157628      524.7498   122      530.7453      523.8169  3623496    1.31%         x.55.63 D 169100 169099     31
 169540 158039      527.3297   113      530.7453      523.8176  3630575    1.31%         x.34.24 D 169540 169539    109
 169950 158425      526.7645   110      530.7453      523.8178  3637721    1.31%         x.78.12 U 169950 169948    100
Elapsed time = 1295.85 sec. (1549373.69 ticks, tree = 7841.40 MB, solutions = 13)
Nodefile size = 5794.20 MB (5675.56 MB after compression)
 170275 158724      525.4873   111      530.7453      523.8183  3645148    1.31%         x.52.63 D 170275 170274     26
 170685 159110      528.0847    86      530.7453      523.8189  3652770    1.31%         x.65.11 D 170685 170684    217
 171098 159506      524.8542   122      530.7453      523.8193  3660318    1.30%         x.63.63 D 171098 171097     21
 171507 159895      527.1412   120      530.7453      523.8194  3666853    1.30%         x.34.35 D 171507 171506    199
 171951 160300      530.5588   113      530.7453      523.8200  3673958    1.30%         x.71.58 D 171951 171949     46
 172383 160707      524.4368   115      530.7453      523.8206  3680854    1.30%         x.34.73 D 172383 172382     46
 172733 161037      526.3176   113      530.7453      523.8215  3688428    1.30%         x.49.16 D 172733 172732     71
 173176 161462      526.2898   112      530.7453      523.8220  3694410    1.30%         x.36.25 D 173176 173175     74
 173525 161789      524.5071   113      530.7453      523.8226  3702864    1.30%         x.63.63 D 173525 173524     27
 173970 162212      526.9013   104      530.7453      523.8229  3709327    1.30%         x.28.48 D 173970 173969    135
Elapsed time = 1329.80 sec. (1587569.85 ticks, tree = 8059.02 MB, solutions = 13)
Nodefile size = 6011.40 MB (5889.59 MB after compression)
 174351 162571      525.0220   113      530.7453      523.8238  3716618    1.30%         x.43.24 D 174351 174350     45
 174740 162947      526.5679   112      530.7453      523.8242  3722535    1.30%         x.78.12 D 174740 174739     51
 175168 163343      527.3062    91      530.7453      523.8242  3728003    1.30%         x.78.21 D 175168 175167    272
 175545 163687      530.5835    82      530.7453      523.8249  3734574    1.30%          x.2.13 D 175545 175544    242
 175870 163974      526.6519   108      530.7453      523.8252  3743082    1.30%         x.36.64 D 175870 175869     73
 176301 164371      528.6622    99      530.7453      523.8259  3749684    1.30%         x.27.19 D 176301 176300    177
 176671 164709      525.6363   119      530.7453      523.8267  3756765    1.30%          x.36.8 D 176671 176670     66
 177066 165072        cutoff            530.7453      523.8274  3762698    1.30%          x.7.63 U 177066 177064     40
 177504 165485      525.8183   110      530.7453      523.8277  3768561    1.30%         x.69.40 D 177504 177503    185
 177920 165886      524.9248   119      530.7453      523.8280  3775745    1.30%          x.49.3 D 177920 177919    124
Elapsed time = 1362.66 sec. (1625769.65 ticks, tree = 8271.11 MB, solutions = 13)
Nodefile size = 6223.40 MB (6098.36 MB after compression)
 178326 166278      526.1434   116      530.7453      523.8288  3783465    1.30%         x.36.37 D 178326 178325    125
 178756 166680      525.6022   119      530.7453      523.8291  3790681    1.30%         x.34.73 D 178756 178755     61
 179176 167067      526.0303   117      530.7453      523.8298  3797029    1.30%          x.7.63 D 179176 179175     42
 179617 167484      525.3822   116      530.7453      523.8299  3803757    1.30%         x.36.18 D 179617 179616     64
 180016 167835      525.4537   114      530.7453      523.8309  3810410    1.30%         x.49.13 D 180016 180015     71
 180490 168290      526.3053    99      530.7453      523.8312  3815917    1.30%         x.37.29 D 180490 180489    215
 180846 168624      526.6182   109      530.7453      523.8316  3823977    1.30%         x.54.62 D 180846 180845     69
 181230 168990      525.4792   106      530.7453      523.8321  3831886    1.30%         x.69.63 D 181230 181229     17
 181621 169353      527.2938   103      530.7453      523.8328  3839549    1.30%         x.57.39 D 181621 181620    116
 182000 169720      528.7894    89      530.7453      523.8335  3847380    1.30%         x.50.36 D 182000 181999    169
Elapsed time = 1396.43 sec. (1664048.17 ticks, tree = 8493.33 MB, solutions = 13)
Nodefile size = 6445.83 MB (6317.66 MB after compression)
 182415 170108      526.7142   116      530.7453      523.8340  3854598    1.30%         x.49.24 D 182415 182414     73
 182820 170494      525.8404   101      530.7453      523.8343  3861087    1.30%         x.50.63 D 182820 182819     45
 183200 170842      527.4758    99      530.7453      523.8350  3867117    1.30%         x.28.61 D 183200 183199    121
 183681 171276      526.0906   110      530.7453      523.8352  3873262    1.30%         x.34.20 D 183681 183680     93
 184130 171702      526.2535   106      530.7453      523.8355  3879797    1.30%         x.28.31 D 184130 184129    223
 184533 172082      524.8445   116      530.7453      523.8359  3887224    1.30%         x.79.63 D 184533 184532     31
 184885 172419      529.3753   100      530.7453      523.8362  3895968    1.30%         x.69.13 D 184885 184884     97
 185319 172836      524.8614   111      530.7453      523.8367  3900823    1.30%         x.36.50 D 185319 185318    109
 185775 173271      527.6725   109      530.7453      523.8377  3906890    1.30%         x.40.29 D 185775 185774    162
 186169 173639      529.1006    87      530.7453      523.8384  3912794    1.30%         x.53.13 D 186169 186168    226
Elapsed time = 1429.97 sec. (1702252.72 ticks, tree = 8721.23 MB, solutions = 13)
Nodefile size = 6673.85 MB (6541.48 MB after compression)
 186518 173967      527.3732   113      530.7453      523.8389  3920717    1.30%          x.40.8 D 186518 186517     77
 186903 174332      525.7732   116      530.7453      523.8391  3928763    1.30%          x.58.9 D 186903 186902     26
 187277 174676      527.0005   120      530.7453      523.8401  3937314    1.30%         x.23.63 U 187277 187275     25
 187650 175020      524.6995   115      530.7453      523.8407  3944840    1.30%         x.75.63 D 187650 187649     19
 188102 175459        cutoff            530.7453      523.8407  3949981    1.30%         x.58.67 U 188102 188101    229
 188482 175807      529.5829    89      530.7453      523.8414  3957184    1.30%          x.5.60 D 188482 188481    135
 188912 176204      524.3965   110      530.7453      523.8420  3963196    1.30%         x.42.63 D 188912 188911     16
 189283 176554      525.4421   116      530.7453      523.8428  3970397    1.30%         x.36.69 D 189283 189282     54
 189673 176927      528.5421   114      530.7453      523.8434  3977531    1.30%         x.49.17 D 189673 189671     53
 190070 177310      525.3902   111      530.7453      523.8438  3984716    1.30%         x.28.66 D 190070 190069     88
Elapsed time = 1464.22 sec. (1740473.63 ticks, tree = 8935.51 MB, solutions = 13)
Nodefile size = 6888.43 MB (6752.73 MB after compression)
 190520 177743      524.9703   117      530.7453      523.8438  3990497    1.30%          x.7.63 D 190520 190519     47
 190923 178127      527.4186   102      530.7453      523.8441  3997399    1.30%          x.53.4 U 190923 190922    183
 191246 178417      529.0306    99      530.7453      523.8450  4004510    1.30%         x.14.75 U 191246 191244     54
 191707 178843      528.3178    84      530.7453      523.8452  4010922    1.30%          x.2.22 D 191707 191706    267
 192156 179280      527.2250   101      530.7453      523.8458  4016921    1.30%         x.28.55 D 192156 192155    157
 192507 179601      528.2875    98      530.7453      523.8463  4025756    1.30%         x.26.34 D 192507 192506    112
 192859 179921      526.2769   122      530.7453      523.8475  4034161    1.30%         x.49.37 D 192859 192858     79
 193266 180316      525.3953   125      530.7453      523.8478  4040457    1.30%          x.58.9 D 193266 193265     21
 193604 180617      528.5272    99      530.7453      523.8480  4047876    1.30%         x.28.13 D 193604 193603    112
 194004 180988      529.6137    80      530.7453      523.8489  4054309    1.30%          x.78.6 D 194004 194003    169
Elapsed time = 1497.82 sec. (1778671.53 ticks, tree = 9151.12 MB, solutions = 13)
Nodefile size = 7103.39 MB (6963.93 MB after compression)
 194400 181340      525.3799   111      530.7453      523.8492  4060708    1.30%         x.36.72 D 194400 194399     99
 194842 181754      528.5132    93      530.7453      523.8495  4067809    1.30%         x.57.39 D 194842 194841    146
 195221 182104      524.0779   119      530.7453      523.8501  4075224    1.30%          x.0.63 D 195221 195220     31
 195621 182492      525.6144   125      530.7453      523.8504  4081709    1.30%         x.28.16 D 195621 195620     45
 195987 182836      529.5584    96      530.7453      523.8516  4089813    1.30%         x.10.17 D 195987 195986     80
 196411 183243      528.1760    85      530.7453      523.8517  4095607    1.30%         x.63.60 D 196411 196410    244
 196754 183574      530.0196   102      530.7453      523.8525  4104808    1.30%          x.77.9 D 196754 196753     62
 197198 184002      530.3912    86      530.7453      523.8530  4110658    1.30%         x.76.27 U 197198 197197    224
 197609 184348      527.9445   102      530.7453      523.8533  4117603    1.30%         x.14.75 U 197609 197608    151
 198000 184722      524.6565   111      530.7453      523.8535  4125107    1.30%         x.36.14 D 198000 197999     18
Elapsed time = 1533.03 sec. (1817633.27 ticks, tree = 9370.90 MB, solutions = 13)
Nodefile size = 7322.96 MB (7180.63 MB after compression)
 198420 185123      525.7703   112      530.7453      523.8541  4132221    1.30%         x.55.63 D 198420 198419     47
 198800 185491      527.8728   103      530.7453      523.8543  4138550    1.30%         x.38.65 D 198800 198799    177
 199181 185836      525.2252   116      530.7453      523.8549  4146407    1.30%         x.53.59 D 199181 199180    104
 199609 186248      524.4367   116      530.7453      523.8555  4152132    1.30%         x.77.63 D 199609 199608     46
 200018 186633      529.8211    90      530.7453      523.8558  4158818    1.30%         x.37.29 D 200018 200017    160
 200420 187020      529.8047    76      530.7453      523.8560  4165262    1.30%         x.12.13 D 200420 200419    204
 200800 187380      526.6117   112      530.7453      523.8564  4172852    1.30%         x.49.10 D 200800 200799    108
 201240 187810      526.9226   100      530.7453      523.8566  4179117    1.30%         x.28.25 D 201240 201239    181
 201673 188214      527.3163    93      530.7453      523.8568  4186884    1.30%          x.35.0 D 201673 201672    245
 202050 188575      525.7082   110      530.7453      523.8570  4192801    1.30%         x.49.77 D 202050 202049    110
Elapsed time = 1567.16 sec. (1855898.26 ticks, tree = 9598.35 MB, solutions = 13)
Nodefile size = 7550.82 MB (7405.24 MB after compression)
 202440 188937      530.5808   103      530.7453      523.8575  4200915    1.30%         x.27.19 D 202440 202439     62
 202910 189385      528.3646    82      530.7453      523.8582  4206498    1.30%         x.36.60 D 202910 202909    241
 203333 189792      529.6252    80      530.7453      523.8589  4213262    1.30%         x.25.46 D 203333 203332    203
 203736 190177      525.1996   116      530.7453      523.8594  4219367    1.30%         x.36.48 D 203736 203735    123
 204130 190552      526.4025   114      530.7453      523.8597  4225295    1.30%         x.71.58 U 204130 204129     61
 204481 190886      525.6646   113      530.7453      523.8600  4234529    1.30%         x.43.73 D 204481 204480     85
 204901 191290      528.3600    88      530.7453      523.8603  4240391    1.30%         x.65.11 D 204901 204900    215
 205278 191627      526.4552   122      530.7453      523.8617  4246931    1.30%         x.13.63 D 205278 205277     49
 205708 192037      526.2032   115      530.7453      523.8621  4252790    1.30%          x.49.7 D 205708 205707    160
 206183 192467      525.1943   110      530.7453      523.8628  4258769    1.30%         x.72.63 D 206183 206182     33
Elapsed time = 1601.31 sec. (1894113.05 ticks, tree = 9828.66 MB, solutions = 13)
Nodefile size = 7780.80 MB (7631.76 MB after compression)
 206583 192853      527.4820    88      530.7453      523.8634  4265876    1.30%         x.20.60 D 206583 206582    176
 206967 193194      525.3630   112      530.7453      523.8640  4273699    1.30%         x.59.24 D 206967 206966     19
 207353 193571      527.6815    99      530.7453      523.8643  4279157    1.30%          x.53.4 U 207353 207352    197
 207719 193920      526.5655   110      530.7453      523.8646  4287809    1.30%         x.69.72 D 207719 207718    135
 208070 194242      526.8727   114      530.7453      523.8658  4296299    1.30%         x.36.35 D 208070 208069     85
 208450 194607      529.4521    81      530.7453      523.8661  4303098    1.30%         x.44.45 N 208450 208449    228
 208822 194954      525.8537   116      530.7453      523.8663  4309567    1.30%         x.28.78 D 208822 208821     52
 209260 195379      525.7240   112      530.7453      523.8668  4315863    1.30%          x.31.9 D 209260 209259     42
 209600 195708      527.9720    89      530.7453      523.8675  4323660    1.30%         x.78.33 D 209600 209599    151
 210006 196099      529.0083    88      530.7453      523.8685  4330392    1.30%         x.66.41 D 210006 210005    223
Elapsed time = 1640.57 sec. (1932612.80 ticks, tree = 10044.40 MB, solutions = 13)
Nodefile size = 7996.45 MB (7843.84 MB after compression)
 210381 196454      526.2915   106      530.7453      523.8689  4338445    1.30%         x.36.55 D 210381 210380     94
 210723 196771      526.2053   125      530.7453      523.8697  4347535    1.30%         x.28.78 D 210723 210722     61
 211145 197178      529.0910   100      530.7453      523.8699  4353610    1.30%         x.17.44 U 211145 211144    153
 211570 197570      525.2092   116      530.7453      523.8706  4360508    1.30%         x.63.63 D 211570 211569     23
 211970 197947      524.9542   122      530.7453      523.8708  4366273    1.30%          x.0.63 D 211970 211969     22
 212358 198305      530.5691   103      530.7453      523.8709  4373341    1.30%         x.45.44 D 212358 212357    178
 212796 198725      528.7402    80      530.7453      523.8710  4378865    1.30%         x.78.16 D 212796 212795    239
 213200 199113      527.6569    90      530.7453      523.8711  4386332    1.30%         x.27.19 U 213200 213198     47
 213600 199482      524.3736   117      530.7453      523.8715  4393855    1.30%         x.28.47 D 213600 213599     19
 214000 199870      527.2576   111      530.7453      523.8715  4399410    1.30%         x.28.49 D 214000 213999    136
Elapsed time = 1679.58 sec. (1971593.50 ticks, tree = 10268.98 MB, solutions = 13)
Nodefile size = 8221.46 MB (8065.41 MB after compression)
 214359 200201      524.9828   117      530.7453      523.8719  4408967    1.30%         x.47.77 D 214359 214358     36
 214820 200632      524.6677   119      530.7453      523.8720  4415264    1.30%         x.78.63 D 214820 214819     32
 215212 200991      530.6227    68      530.7453      523.8724  4423167    1.29%         x.30.38 D 215212 215211    194
 215613 201379      529.5042    77      530.7453      523.8727  4429244    1.29%         x.44.37 D 215613 215612    233
